[2024-04-09T17:00:32.128+0000] {taskinstance.py:1979} INFO - Dependencies all met for dep_context=non-requeueable deps ti=<TaskInstance: task_states_demo.retried_task scheduled__2023-09-12T00:00:00+00:00 [queued]>
[2024-04-09T17:00:32.385+0000] {taskinstance.py:1979} INFO - Dependencies all met for dep_context=requeueable deps ti=<TaskInstance: task_states_demo.retried_task scheduled__2023-09-12T00:00:00+00:00 [queued]>
[2024-04-09T17:00:32.435+0000] {taskinstance.py:2193} INFO - Starting attempt 1 of 2
[2024-04-09T17:00:33.142+0000] {taskinstance.py:2217} INFO - Executing <Task(BashOperator): retried_task> on 2023-09-12 00:00:00+00:00
[2024-04-09T17:00:34.345+0000] {standard_task_runner.py:60} INFO - Started process 1237 to run task
[2024-04-09T17:00:34.440+0000] {standard_task_runner.py:87} INFO - Running: ['***', 'tasks', 'run', 'task_states_demo', 'retried_task', 'scheduled__2023-09-12T00:00:00+00:00', '--job-id', '195', '--raw', '--subdir', 'DAGS_FOLDER/task_states_demo.py', '--cfg-path', '/tmp/tmpm8j4_45r']
[2024-04-09T17:00:34.577+0000] {standard_task_runner.py:88} INFO - Job 195: Subtask retried_task
[2024-04-09T17:00:37.153+0000] {task_command.py:423} INFO - Running <TaskInstance: task_states_demo.retried_task scheduled__2023-09-12T00:00:00+00:00 [running]> on host fe7355ff6de5
[2024-04-09T17:00:39.053+0000] {taskinstance.py:2513} INFO - Exporting env vars: AIRFLOW_CTX_DAG_EMAIL='your_email@example.com' AIRFLOW_CTX_DAG_OWNER='***' AIRFLOW_CTX_DAG_ID='task_states_demo' AIRFLOW_CTX_TASK_ID='retried_task' AIRFLOW_CTX_EXECUTION_DATE='2023-09-12T00:00:00+00:00' AIRFLOW_CTX_TRY_NUMBER='1' AIRFLOW_CTX_DAG_RUN_ID='scheduled__2023-09-12T00:00:00+00:00'
[2024-04-09T17:00:39.190+0000] {subprocess.py:63} INFO - Tmp dir root location: /tmp
[2024-04-09T17:00:39.254+0000] {subprocess.py:75} INFO - Running command: ['/usr/bin/bash', '-c', 'exit 1']
[2024-04-09T17:00:40.369+0000] {subprocess.py:86} INFO - Output:
[2024-04-09T17:00:40.499+0000] {subprocess.py:97} INFO - Command exited with return code 1
[2024-04-09T17:00:40.673+0000] {taskinstance.py:2731} ERROR - Task failed with exception
Traceback (most recent call last):
  File "/home/airflow/.local/lib/python3.8/site-packages/airflow/models/taskinstance.py", line 444, in _execute_task
    result = _execute_callable(context=context, **execute_callable_kwargs)
  File "/home/airflow/.local/lib/python3.8/site-packages/airflow/models/taskinstance.py", line 414, in _execute_callable
    return execute_callable(context=context, **execute_callable_kwargs)
  File "/home/airflow/.local/lib/python3.8/site-packages/airflow/operators/bash.py", line 212, in execute
    raise AirflowException(
airflow.exceptions.AirflowException: Bash command failed. The command returned a non-zero exit code 1.
[2024-04-09T17:00:40.764+0000] {taskinstance.py:1149} INFO - Marking task as UP_FOR_RETRY. dag_id=task_states_demo, task_id=retried_task, execution_date=20230912T000000, start_date=20240409T170032, end_date=20240409T170040
[2024-04-09T17:00:41.582+0000] {standard_task_runner.py:107} ERROR - Failed to execute job 195 for task retried_task (Bash command failed. The command returned a non-zero exit code 1.; 1237)
[2024-04-09T17:00:42.034+0000] {local_task_job_runner.py:234} INFO - Task exited with return code 1
[2024-04-09T17:00:43.300+0000] {taskinstance.py:3312} INFO - 0 downstream tasks scheduled from follow-on schedule check
