[2024-04-09T16:35:16.743+0000] {processor.py:161} INFO - Started process (PID=55) to work on /home/airflow/.local/lib/python3.8/site-packages/airflow/example_dags/example_branch_labels.py
[2024-04-09T16:35:16.745+0000] {processor.py:830} INFO - Processing file /home/airflow/.local/lib/python3.8/site-packages/airflow/example_dags/example_branch_labels.py for tasks to queue
[2024-04-09T16:35:16.748+0000] {logging_mixin.py:188} INFO - [2024-04-09T16:35:16.748+0000] {dagbag.py:540} INFO - Filling up the DagBag from /home/airflow/.local/lib/python3.8/site-packages/airflow/example_dags/example_branch_labels.py
[2024-04-09T16:35:16.762+0000] {processor.py:840} INFO - DAG(s) 'example_branch_labels' retrieved from /home/airflow/.local/lib/python3.8/site-packages/airflow/example_dags/example_branch_labels.py
[2024-04-09T16:35:16.772+0000] {logging_mixin.py:188} INFO - [2024-04-09T16:35:16.772+0000] {dag.py:3047} INFO - Sync 1 DAGs
[2024-04-09T16:35:16.796+0000] {logging_mixin.py:188} INFO - [2024-04-09T16:35:16.796+0000] {dag.py:3834} INFO - Setting next_dagrun for example_branch_labels to 2024-04-08 00:00:00+00:00, run_after=2024-04-09 00:00:00+00:00
[2024-04-09T16:35:16.810+0000] {processor.py:183} INFO - Processing /home/airflow/.local/lib/python3.8/site-packages/airflow/example_dags/example_branch_labels.py took 0.070 seconds
[2024-04-09T16:35:46.878+0000] {processor.py:161} INFO - Started process (PID=110) to work on /home/airflow/.local/lib/python3.8/site-packages/airflow/example_dags/example_branch_labels.py
[2024-04-09T16:35:46.879+0000] {processor.py:830} INFO - Processing file /home/airflow/.local/lib/python3.8/site-packages/airflow/example_dags/example_branch_labels.py for tasks to queue
[2024-04-09T16:35:46.880+0000] {logging_mixin.py:188} INFO - [2024-04-09T16:35:46.880+0000] {dagbag.py:540} INFO - Filling up the DagBag from /home/airflow/.local/lib/python3.8/site-packages/airflow/example_dags/example_branch_labels.py
[2024-04-09T16:35:46.885+0000] {processor.py:840} INFO - DAG(s) 'example_branch_labels' retrieved from /home/airflow/.local/lib/python3.8/site-packages/airflow/example_dags/example_branch_labels.py
[2024-04-09T16:35:46.928+0000] {logging_mixin.py:188} INFO - [2024-04-09T16:35:46.928+0000] {dag.py:3047} INFO - Sync 1 DAGs
[2024-04-09T16:35:46.937+0000] {logging_mixin.py:188} INFO - [2024-04-09T16:35:46.937+0000] {dag.py:3834} INFO - Setting next_dagrun for example_branch_labels to 2024-04-08 00:00:00+00:00, run_after=2024-04-09 00:00:00+00:00
[2024-04-09T16:35:46.944+0000] {processor.py:183} INFO - Processing /home/airflow/.local/lib/python3.8/site-packages/airflow/example_dags/example_branch_labels.py took 0.067 seconds
[2024-04-09T16:36:17.726+0000] {processor.py:161} INFO - Started process (PID=167) to work on /home/airflow/.local/lib/python3.8/site-packages/airflow/example_dags/example_branch_labels.py
[2024-04-09T16:36:17.727+0000] {processor.py:830} INFO - Processing file /home/airflow/.local/lib/python3.8/site-packages/airflow/example_dags/example_branch_labels.py for tasks to queue
[2024-04-09T16:36:17.728+0000] {logging_mixin.py:188} INFO - [2024-04-09T16:36:17.727+0000] {dagbag.py:540} INFO - Filling up the DagBag from /home/airflow/.local/lib/python3.8/site-packages/airflow/example_dags/example_branch_labels.py
[2024-04-09T16:36:17.732+0000] {processor.py:840} INFO - DAG(s) 'example_branch_labels' retrieved from /home/airflow/.local/lib/python3.8/site-packages/airflow/example_dags/example_branch_labels.py
[2024-04-09T16:36:17.744+0000] {logging_mixin.py:188} INFO - [2024-04-09T16:36:17.744+0000] {dag.py:3047} INFO - Sync 1 DAGs
[2024-04-09T16:36:17.754+0000] {logging_mixin.py:188} INFO - [2024-04-09T16:36:17.753+0000] {dag.py:3834} INFO - Setting next_dagrun for example_branch_labels to 2024-04-08 00:00:00+00:00, run_after=2024-04-09 00:00:00+00:00
[2024-04-09T16:36:17.761+0000] {processor.py:183} INFO - Processing /home/airflow/.local/lib/python3.8/site-packages/airflow/example_dags/example_branch_labels.py took 0.036 seconds
[2024-04-09T16:36:48.508+0000] {processor.py:161} INFO - Started process (PID=224) to work on /home/airflow/.local/lib/python3.8/site-packages/airflow/example_dags/example_branch_labels.py
[2024-04-09T16:36:48.509+0000] {processor.py:830} INFO - Processing file /home/airflow/.local/lib/python3.8/site-packages/airflow/example_dags/example_branch_labels.py for tasks to queue
[2024-04-09T16:36:48.510+0000] {logging_mixin.py:188} INFO - [2024-04-09T16:36:48.510+0000] {dagbag.py:540} INFO - Filling up the DagBag from /home/airflow/.local/lib/python3.8/site-packages/airflow/example_dags/example_branch_labels.py
[2024-04-09T16:36:48.514+0000] {processor.py:840} INFO - DAG(s) 'example_branch_labels' retrieved from /home/airflow/.local/lib/python3.8/site-packages/airflow/example_dags/example_branch_labels.py
[2024-04-09T16:36:48.524+0000] {logging_mixin.py:188} INFO - [2024-04-09T16:36:48.523+0000] {dag.py:3047} INFO - Sync 1 DAGs
[2024-04-09T16:36:48.537+0000] {logging_mixin.py:188} INFO - [2024-04-09T16:36:48.537+0000] {dag.py:3834} INFO - Setting next_dagrun for example_branch_labels to 2024-04-08 00:00:00+00:00, run_after=2024-04-09 00:00:00+00:00
[2024-04-09T16:36:48.546+0000] {processor.py:183} INFO - Processing /home/airflow/.local/lib/python3.8/site-packages/airflow/example_dags/example_branch_labels.py took 0.039 seconds
[2024-04-09T16:37:18.645+0000] {processor.py:161} INFO - Started process (PID=281) to work on /home/airflow/.local/lib/python3.8/site-packages/airflow/example_dags/example_branch_labels.py
[2024-04-09T16:37:18.646+0000] {processor.py:830} INFO - Processing file /home/airflow/.local/lib/python3.8/site-packages/airflow/example_dags/example_branch_labels.py for tasks to queue
[2024-04-09T16:37:18.647+0000] {logging_mixin.py:188} INFO - [2024-04-09T16:37:18.646+0000] {dagbag.py:540} INFO - Filling up the DagBag from /home/airflow/.local/lib/python3.8/site-packages/airflow/example_dags/example_branch_labels.py
[2024-04-09T16:37:18.652+0000] {processor.py:840} INFO - DAG(s) 'example_branch_labels' retrieved from /home/airflow/.local/lib/python3.8/site-packages/airflow/example_dags/example_branch_labels.py
[2024-04-09T16:37:18.664+0000] {logging_mixin.py:188} INFO - [2024-04-09T16:37:18.664+0000] {dag.py:3047} INFO - Sync 1 DAGs
[2024-04-09T16:37:18.676+0000] {logging_mixin.py:188} INFO - [2024-04-09T16:37:18.676+0000] {dag.py:3834} INFO - Setting next_dagrun for example_branch_labels to 2024-04-08 00:00:00+00:00, run_after=2024-04-09 00:00:00+00:00
[2024-04-09T16:37:18.684+0000] {processor.py:183} INFO - Processing /home/airflow/.local/lib/python3.8/site-packages/airflow/example_dags/example_branch_labels.py took 0.041 seconds
[2024-04-09T16:37:49.294+0000] {processor.py:161} INFO - Started process (PID=338) to work on /home/airflow/.local/lib/python3.8/site-packages/airflow/example_dags/example_branch_labels.py
[2024-04-09T16:37:49.294+0000] {processor.py:830} INFO - Processing file /home/airflow/.local/lib/python3.8/site-packages/airflow/example_dags/example_branch_labels.py for tasks to queue
[2024-04-09T16:37:49.295+0000] {logging_mixin.py:188} INFO - [2024-04-09T16:37:49.295+0000] {dagbag.py:540} INFO - Filling up the DagBag from /home/airflow/.local/lib/python3.8/site-packages/airflow/example_dags/example_branch_labels.py
[2024-04-09T16:37:49.299+0000] {processor.py:840} INFO - DAG(s) 'example_branch_labels' retrieved from /home/airflow/.local/lib/python3.8/site-packages/airflow/example_dags/example_branch_labels.py
[2024-04-09T16:37:49.309+0000] {logging_mixin.py:188} INFO - [2024-04-09T16:37:49.309+0000] {dag.py:3047} INFO - Sync 1 DAGs
[2024-04-09T16:37:49.318+0000] {logging_mixin.py:188} INFO - [2024-04-09T16:37:49.318+0000] {dag.py:3834} INFO - Setting next_dagrun for example_branch_labels to 2024-04-08 00:00:00+00:00, run_after=2024-04-09 00:00:00+00:00
[2024-04-09T16:37:49.326+0000] {processor.py:183} INFO - Processing /home/airflow/.local/lib/python3.8/site-packages/airflow/example_dags/example_branch_labels.py took 0.034 seconds
[2024-04-09T16:38:20.212+0000] {processor.py:161} INFO - Started process (PID=395) to work on /home/airflow/.local/lib/python3.8/site-packages/airflow/example_dags/example_branch_labels.py
[2024-04-09T16:38:20.213+0000] {processor.py:830} INFO - Processing file /home/airflow/.local/lib/python3.8/site-packages/airflow/example_dags/example_branch_labels.py for tasks to queue
[2024-04-09T16:38:20.214+0000] {logging_mixin.py:188} INFO - [2024-04-09T16:38:20.214+0000] {dagbag.py:540} INFO - Filling up the DagBag from /home/airflow/.local/lib/python3.8/site-packages/airflow/example_dags/example_branch_labels.py
[2024-04-09T16:38:20.218+0000] {processor.py:840} INFO - DAG(s) 'example_branch_labels' retrieved from /home/airflow/.local/lib/python3.8/site-packages/airflow/example_dags/example_branch_labels.py
[2024-04-09T16:38:20.229+0000] {logging_mixin.py:188} INFO - [2024-04-09T16:38:20.228+0000] {dag.py:3047} INFO - Sync 1 DAGs
[2024-04-09T16:38:20.240+0000] {logging_mixin.py:188} INFO - [2024-04-09T16:38:20.239+0000] {dag.py:3834} INFO - Setting next_dagrun for example_branch_labels to 2024-04-08 00:00:00+00:00, run_after=2024-04-09 00:00:00+00:00
[2024-04-09T16:38:20.247+0000] {processor.py:183} INFO - Processing /home/airflow/.local/lib/python3.8/site-packages/airflow/example_dags/example_branch_labels.py took 0.037 seconds
[2024-04-09T16:38:50.899+0000] {processor.py:161} INFO - Started process (PID=452) to work on /home/airflow/.local/lib/python3.8/site-packages/airflow/example_dags/example_branch_labels.py
[2024-04-09T16:38:50.899+0000] {processor.py:830} INFO - Processing file /home/airflow/.local/lib/python3.8/site-packages/airflow/example_dags/example_branch_labels.py for tasks to queue
[2024-04-09T16:38:50.900+0000] {logging_mixin.py:188} INFO - [2024-04-09T16:38:50.900+0000] {dagbag.py:540} INFO - Filling up the DagBag from /home/airflow/.local/lib/python3.8/site-packages/airflow/example_dags/example_branch_labels.py
[2024-04-09T16:38:50.903+0000] {processor.py:840} INFO - DAG(s) 'example_branch_labels' retrieved from /home/airflow/.local/lib/python3.8/site-packages/airflow/example_dags/example_branch_labels.py
[2024-04-09T16:38:50.914+0000] {logging_mixin.py:188} INFO - [2024-04-09T16:38:50.913+0000] {dag.py:3047} INFO - Sync 1 DAGs
[2024-04-09T16:38:50.923+0000] {logging_mixin.py:188} INFO - [2024-04-09T16:38:50.923+0000] {dag.py:3834} INFO - Setting next_dagrun for example_branch_labels to 2024-04-08 00:00:00+00:00, run_after=2024-04-09 00:00:00+00:00
[2024-04-09T16:38:50.931+0000] {processor.py:183} INFO - Processing /home/airflow/.local/lib/python3.8/site-packages/airflow/example_dags/example_branch_labels.py took 0.034 seconds
[2024-04-09T16:39:21.666+0000] {processor.py:161} INFO - Started process (PID=509) to work on /home/airflow/.local/lib/python3.8/site-packages/airflow/example_dags/example_branch_labels.py
[2024-04-09T16:39:21.666+0000] {processor.py:830} INFO - Processing file /home/airflow/.local/lib/python3.8/site-packages/airflow/example_dags/example_branch_labels.py for tasks to queue
[2024-04-09T16:39:21.668+0000] {logging_mixin.py:188} INFO - [2024-04-09T16:39:21.668+0000] {dagbag.py:540} INFO - Filling up the DagBag from /home/airflow/.local/lib/python3.8/site-packages/airflow/example_dags/example_branch_labels.py
[2024-04-09T16:39:21.672+0000] {processor.py:840} INFO - DAG(s) 'example_branch_labels' retrieved from /home/airflow/.local/lib/python3.8/site-packages/airflow/example_dags/example_branch_labels.py
[2024-04-09T16:39:21.681+0000] {logging_mixin.py:188} INFO - [2024-04-09T16:39:21.681+0000] {dag.py:3047} INFO - Sync 1 DAGs
[2024-04-09T16:39:21.692+0000] {logging_mixin.py:188} INFO - [2024-04-09T16:39:21.692+0000] {dag.py:3834} INFO - Setting next_dagrun for example_branch_labels to 2024-04-08 00:00:00+00:00, run_after=2024-04-09 00:00:00+00:00
[2024-04-09T16:39:21.700+0000] {processor.py:183} INFO - Processing /home/airflow/.local/lib/python3.8/site-packages/airflow/example_dags/example_branch_labels.py took 0.036 seconds
[2024-04-09T16:39:51.964+0000] {processor.py:161} INFO - Started process (PID=566) to work on /home/airflow/.local/lib/python3.8/site-packages/airflow/example_dags/example_branch_labels.py
[2024-04-09T16:39:51.965+0000] {processor.py:830} INFO - Processing file /home/airflow/.local/lib/python3.8/site-packages/airflow/example_dags/example_branch_labels.py for tasks to queue
[2024-04-09T16:39:51.966+0000] {logging_mixin.py:188} INFO - [2024-04-09T16:39:51.966+0000] {dagbag.py:540} INFO - Filling up the DagBag from /home/airflow/.local/lib/python3.8/site-packages/airflow/example_dags/example_branch_labels.py
[2024-04-09T16:39:51.970+0000] {processor.py:840} INFO - DAG(s) 'example_branch_labels' retrieved from /home/airflow/.local/lib/python3.8/site-packages/airflow/example_dags/example_branch_labels.py
[2024-04-09T16:39:51.979+0000] {logging_mixin.py:188} INFO - [2024-04-09T16:39:51.979+0000] {dag.py:3047} INFO - Sync 1 DAGs
[2024-04-09T16:39:51.990+0000] {logging_mixin.py:188} INFO - [2024-04-09T16:39:51.990+0000] {dag.py:3834} INFO - Setting next_dagrun for example_branch_labels to 2024-04-08 00:00:00+00:00, run_after=2024-04-09 00:00:00+00:00
[2024-04-09T16:39:51.999+0000] {processor.py:183} INFO - Processing /home/airflow/.local/lib/python3.8/site-packages/airflow/example_dags/example_branch_labels.py took 0.037 seconds
[2024-04-09T16:40:22.181+0000] {processor.py:161} INFO - Started process (PID=623) to work on /home/airflow/.local/lib/python3.8/site-packages/airflow/example_dags/example_branch_labels.py
[2024-04-09T16:40:22.181+0000] {processor.py:830} INFO - Processing file /home/airflow/.local/lib/python3.8/site-packages/airflow/example_dags/example_branch_labels.py for tasks to queue
[2024-04-09T16:40:22.182+0000] {logging_mixin.py:188} INFO - [2024-04-09T16:40:22.182+0000] {dagbag.py:540} INFO - Filling up the DagBag from /home/airflow/.local/lib/python3.8/site-packages/airflow/example_dags/example_branch_labels.py
[2024-04-09T16:40:22.186+0000] {processor.py:840} INFO - DAG(s) 'example_branch_labels' retrieved from /home/airflow/.local/lib/python3.8/site-packages/airflow/example_dags/example_branch_labels.py
[2024-04-09T16:40:22.195+0000] {logging_mixin.py:188} INFO - [2024-04-09T16:40:22.195+0000] {dag.py:3047} INFO - Sync 1 DAGs
[2024-04-09T16:40:22.205+0000] {logging_mixin.py:188} INFO - [2024-04-09T16:40:22.205+0000] {dag.py:3834} INFO - Setting next_dagrun for example_branch_labels to 2024-04-08 00:00:00+00:00, run_after=2024-04-09 00:00:00+00:00
[2024-04-09T16:40:22.212+0000] {processor.py:183} INFO - Processing /home/airflow/.local/lib/python3.8/site-packages/airflow/example_dags/example_branch_labels.py took 0.033 seconds
[2024-04-09T16:40:52.365+0000] {processor.py:161} INFO - Started process (PID=681) to work on /home/airflow/.local/lib/python3.8/site-packages/airflow/example_dags/example_branch_labels.py
[2024-04-09T16:40:52.366+0000] {processor.py:830} INFO - Processing file /home/airflow/.local/lib/python3.8/site-packages/airflow/example_dags/example_branch_labels.py for tasks to queue
[2024-04-09T16:40:52.367+0000] {logging_mixin.py:188} INFO - [2024-04-09T16:40:52.367+0000] {dagbag.py:540} INFO - Filling up the DagBag from /home/airflow/.local/lib/python3.8/site-packages/airflow/example_dags/example_branch_labels.py
[2024-04-09T16:40:52.370+0000] {processor.py:840} INFO - DAG(s) 'example_branch_labels' retrieved from /home/airflow/.local/lib/python3.8/site-packages/airflow/example_dags/example_branch_labels.py
[2024-04-09T16:40:52.380+0000] {logging_mixin.py:188} INFO - [2024-04-09T16:40:52.380+0000] {dag.py:3047} INFO - Sync 1 DAGs
[2024-04-09T16:40:52.389+0000] {logging_mixin.py:188} INFO - [2024-04-09T16:40:52.389+0000] {dag.py:3834} INFO - Setting next_dagrun for example_branch_labels to 2024-04-08 00:00:00+00:00, run_after=2024-04-09 00:00:00+00:00
[2024-04-09T16:40:52.396+0000] {processor.py:183} INFO - Processing /home/airflow/.local/lib/python3.8/site-packages/airflow/example_dags/example_branch_labels.py took 0.032 seconds
[2024-04-09T16:41:22.559+0000] {processor.py:161} INFO - Started process (PID=738) to work on /home/airflow/.local/lib/python3.8/site-packages/airflow/example_dags/example_branch_labels.py
[2024-04-09T16:41:22.560+0000] {processor.py:830} INFO - Processing file /home/airflow/.local/lib/python3.8/site-packages/airflow/example_dags/example_branch_labels.py for tasks to queue
[2024-04-09T16:41:22.561+0000] {logging_mixin.py:188} INFO - [2024-04-09T16:41:22.561+0000] {dagbag.py:540} INFO - Filling up the DagBag from /home/airflow/.local/lib/python3.8/site-packages/airflow/example_dags/example_branch_labels.py
[2024-04-09T16:41:22.565+0000] {processor.py:840} INFO - DAG(s) 'example_branch_labels' retrieved from /home/airflow/.local/lib/python3.8/site-packages/airflow/example_dags/example_branch_labels.py
[2024-04-09T16:41:22.575+0000] {logging_mixin.py:188} INFO - [2024-04-09T16:41:22.575+0000] {dag.py:3047} INFO - Sync 1 DAGs
[2024-04-09T16:41:22.584+0000] {logging_mixin.py:188} INFO - [2024-04-09T16:41:22.584+0000] {dag.py:3834} INFO - Setting next_dagrun for example_branch_labels to 2024-04-08 00:00:00+00:00, run_after=2024-04-09 00:00:00+00:00
[2024-04-09T16:41:22.591+0000] {processor.py:183} INFO - Processing /home/airflow/.local/lib/python3.8/site-packages/airflow/example_dags/example_branch_labels.py took 0.033 seconds
[2024-04-09T16:41:53.077+0000] {processor.py:161} INFO - Started process (PID=796) to work on /home/airflow/.local/lib/python3.8/site-packages/airflow/example_dags/example_branch_labels.py
[2024-04-09T16:41:53.078+0000] {processor.py:830} INFO - Processing file /home/airflow/.local/lib/python3.8/site-packages/airflow/example_dags/example_branch_labels.py for tasks to queue
[2024-04-09T16:41:53.079+0000] {logging_mixin.py:188} INFO - [2024-04-09T16:41:53.079+0000] {dagbag.py:540} INFO - Filling up the DagBag from /home/airflow/.local/lib/python3.8/site-packages/airflow/example_dags/example_branch_labels.py
[2024-04-09T16:41:53.083+0000] {processor.py:840} INFO - DAG(s) 'example_branch_labels' retrieved from /home/airflow/.local/lib/python3.8/site-packages/airflow/example_dags/example_branch_labels.py
[2024-04-09T16:41:53.094+0000] {logging_mixin.py:188} INFO - [2024-04-09T16:41:53.094+0000] {dag.py:3047} INFO - Sync 1 DAGs
[2024-04-09T16:41:53.104+0000] {logging_mixin.py:188} INFO - [2024-04-09T16:41:53.104+0000] {dag.py:3834} INFO - Setting next_dagrun for example_branch_labels to 2024-04-08 00:00:00+00:00, run_after=2024-04-09 00:00:00+00:00
[2024-04-09T16:41:53.112+0000] {processor.py:183} INFO - Processing /home/airflow/.local/lib/python3.8/site-packages/airflow/example_dags/example_branch_labels.py took 0.036 seconds
[2024-04-09T16:42:23.713+0000] {processor.py:161} INFO - Started process (PID=854) to work on /home/airflow/.local/lib/python3.8/site-packages/airflow/example_dags/example_branch_labels.py
[2024-04-09T16:42:23.714+0000] {processor.py:830} INFO - Processing file /home/airflow/.local/lib/python3.8/site-packages/airflow/example_dags/example_branch_labels.py for tasks to queue
[2024-04-09T16:42:23.715+0000] {logging_mixin.py:188} INFO - [2024-04-09T16:42:23.715+0000] {dagbag.py:540} INFO - Filling up the DagBag from /home/airflow/.local/lib/python3.8/site-packages/airflow/example_dags/example_branch_labels.py
[2024-04-09T16:42:23.719+0000] {processor.py:840} INFO - DAG(s) 'example_branch_labels' retrieved from /home/airflow/.local/lib/python3.8/site-packages/airflow/example_dags/example_branch_labels.py
[2024-04-09T16:42:23.730+0000] {logging_mixin.py:188} INFO - [2024-04-09T16:42:23.730+0000] {dag.py:3047} INFO - Sync 1 DAGs
[2024-04-09T16:42:23.739+0000] {logging_mixin.py:188} INFO - [2024-04-09T16:42:23.739+0000] {dag.py:3834} INFO - Setting next_dagrun for example_branch_labels to 2024-04-08 00:00:00+00:00, run_after=2024-04-09 00:00:00+00:00
[2024-04-09T16:42:23.747+0000] {processor.py:183} INFO - Processing /home/airflow/.local/lib/python3.8/site-packages/airflow/example_dags/example_branch_labels.py took 0.035 seconds
[2024-04-09T16:42:54.579+0000] {processor.py:161} INFO - Started process (PID=912) to work on /home/airflow/.local/lib/python3.8/site-packages/airflow/example_dags/example_branch_labels.py
[2024-04-09T16:42:54.579+0000] {processor.py:830} INFO - Processing file /home/airflow/.local/lib/python3.8/site-packages/airflow/example_dags/example_branch_labels.py for tasks to queue
[2024-04-09T16:42:54.581+0000] {logging_mixin.py:188} INFO - [2024-04-09T16:42:54.581+0000] {dagbag.py:540} INFO - Filling up the DagBag from /home/airflow/.local/lib/python3.8/site-packages/airflow/example_dags/example_branch_labels.py
[2024-04-09T16:42:54.585+0000] {processor.py:840} INFO - DAG(s) 'example_branch_labels' retrieved from /home/airflow/.local/lib/python3.8/site-packages/airflow/example_dags/example_branch_labels.py
[2024-04-09T16:42:54.594+0000] {logging_mixin.py:188} INFO - [2024-04-09T16:42:54.594+0000] {dag.py:3047} INFO - Sync 1 DAGs
[2024-04-09T16:42:54.603+0000] {logging_mixin.py:188} INFO - [2024-04-09T16:42:54.603+0000] {dag.py:3834} INFO - Setting next_dagrun for example_branch_labels to 2024-04-08 00:00:00+00:00, run_after=2024-04-09 00:00:00+00:00
[2024-04-09T16:42:54.610+0000] {processor.py:183} INFO - Processing /home/airflow/.local/lib/python3.8/site-packages/airflow/example_dags/example_branch_labels.py took 0.033 seconds
[2024-04-09T16:43:25.376+0000] {processor.py:161} INFO - Started process (PID=970) to work on /home/airflow/.local/lib/python3.8/site-packages/airflow/example_dags/example_branch_labels.py
[2024-04-09T16:43:25.379+0000] {processor.py:830} INFO - Processing file /home/airflow/.local/lib/python3.8/site-packages/airflow/example_dags/example_branch_labels.py for tasks to queue
[2024-04-09T16:43:25.382+0000] {logging_mixin.py:188} INFO - [2024-04-09T16:43:25.382+0000] {dagbag.py:540} INFO - Filling up the DagBag from /home/airflow/.local/lib/python3.8/site-packages/airflow/example_dags/example_branch_labels.py
[2024-04-09T16:43:25.387+0000] {processor.py:840} INFO - DAG(s) 'example_branch_labels' retrieved from /home/airflow/.local/lib/python3.8/site-packages/airflow/example_dags/example_branch_labels.py
[2024-04-09T16:43:25.398+0000] {logging_mixin.py:188} INFO - [2024-04-09T16:43:25.398+0000] {dag.py:3047} INFO - Sync 1 DAGs
[2024-04-09T16:43:25.408+0000] {logging_mixin.py:188} INFO - [2024-04-09T16:43:25.408+0000] {dag.py:3834} INFO - Setting next_dagrun for example_branch_labels to 2024-04-08 00:00:00+00:00, run_after=2024-04-09 00:00:00+00:00
[2024-04-09T16:43:25.417+0000] {processor.py:183} INFO - Processing /home/airflow/.local/lib/python3.8/site-packages/airflow/example_dags/example_branch_labels.py took 0.043 seconds
[2024-04-09T16:43:55.519+0000] {processor.py:161} INFO - Started process (PID=1028) to work on /home/airflow/.local/lib/python3.8/site-packages/airflow/example_dags/example_branch_labels.py
[2024-04-09T16:43:55.520+0000] {processor.py:830} INFO - Processing file /home/airflow/.local/lib/python3.8/site-packages/airflow/example_dags/example_branch_labels.py for tasks to queue
[2024-04-09T16:43:55.521+0000] {logging_mixin.py:188} INFO - [2024-04-09T16:43:55.521+0000] {dagbag.py:540} INFO - Filling up the DagBag from /home/airflow/.local/lib/python3.8/site-packages/airflow/example_dags/example_branch_labels.py
[2024-04-09T16:43:55.526+0000] {processor.py:840} INFO - DAG(s) 'example_branch_labels' retrieved from /home/airflow/.local/lib/python3.8/site-packages/airflow/example_dags/example_branch_labels.py
[2024-04-09T16:43:55.536+0000] {logging_mixin.py:188} INFO - [2024-04-09T16:43:55.536+0000] {dag.py:3047} INFO - Sync 1 DAGs
[2024-04-09T16:43:55.546+0000] {logging_mixin.py:188} INFO - [2024-04-09T16:43:55.546+0000] {dag.py:3834} INFO - Setting next_dagrun for example_branch_labels to 2024-04-08 00:00:00+00:00, run_after=2024-04-09 00:00:00+00:00
[2024-04-09T16:43:55.553+0000] {processor.py:183} INFO - Processing /home/airflow/.local/lib/python3.8/site-packages/airflow/example_dags/example_branch_labels.py took 0.036 seconds
[2024-04-09T16:44:25.713+0000] {processor.py:161} INFO - Started process (PID=1086) to work on /home/airflow/.local/lib/python3.8/site-packages/airflow/example_dags/example_branch_labels.py
[2024-04-09T16:44:25.714+0000] {processor.py:830} INFO - Processing file /home/airflow/.local/lib/python3.8/site-packages/airflow/example_dags/example_branch_labels.py for tasks to queue
[2024-04-09T16:44:25.715+0000] {logging_mixin.py:188} INFO - [2024-04-09T16:44:25.715+0000] {dagbag.py:540} INFO - Filling up the DagBag from /home/airflow/.local/lib/python3.8/site-packages/airflow/example_dags/example_branch_labels.py
[2024-04-09T16:44:25.719+0000] {processor.py:840} INFO - DAG(s) 'example_branch_labels' retrieved from /home/airflow/.local/lib/python3.8/site-packages/airflow/example_dags/example_branch_labels.py
[2024-04-09T16:44:25.730+0000] {logging_mixin.py:188} INFO - [2024-04-09T16:44:25.730+0000] {dag.py:3047} INFO - Sync 1 DAGs
[2024-04-09T16:44:25.745+0000] {logging_mixin.py:188} INFO - [2024-04-09T16:44:25.745+0000] {dag.py:3834} INFO - Setting next_dagrun for example_branch_labels to 2024-04-08 00:00:00+00:00, run_after=2024-04-09 00:00:00+00:00
[2024-04-09T16:44:25.755+0000] {processor.py:183} INFO - Processing /home/airflow/.local/lib/python3.8/site-packages/airflow/example_dags/example_branch_labels.py took 0.044 seconds
[2024-04-09T16:44:56.058+0000] {processor.py:161} INFO - Started process (PID=1144) to work on /home/airflow/.local/lib/python3.8/site-packages/airflow/example_dags/example_branch_labels.py
[2024-04-09T16:44:56.059+0000] {processor.py:830} INFO - Processing file /home/airflow/.local/lib/python3.8/site-packages/airflow/example_dags/example_branch_labels.py for tasks to queue
[2024-04-09T16:44:56.060+0000] {logging_mixin.py:188} INFO - [2024-04-09T16:44:56.060+0000] {dagbag.py:540} INFO - Filling up the DagBag from /home/airflow/.local/lib/python3.8/site-packages/airflow/example_dags/example_branch_labels.py
[2024-04-09T16:44:56.064+0000] {processor.py:840} INFO - DAG(s) 'example_branch_labels' retrieved from /home/airflow/.local/lib/python3.8/site-packages/airflow/example_dags/example_branch_labels.py
[2024-04-09T16:44:56.073+0000] {logging_mixin.py:188} INFO - [2024-04-09T16:44:56.073+0000] {dag.py:3047} INFO - Sync 1 DAGs
[2024-04-09T16:44:56.082+0000] {logging_mixin.py:188} INFO - [2024-04-09T16:44:56.082+0000] {dag.py:3834} INFO - Setting next_dagrun for example_branch_labels to 2024-04-08 00:00:00+00:00, run_after=2024-04-09 00:00:00+00:00
[2024-04-09T16:44:56.089+0000] {processor.py:183} INFO - Processing /home/airflow/.local/lib/python3.8/site-packages/airflow/example_dags/example_branch_labels.py took 0.032 seconds
[2024-04-09T16:45:26.389+0000] {processor.py:161} INFO - Started process (PID=1203) to work on /home/airflow/.local/lib/python3.8/site-packages/airflow/example_dags/example_branch_labels.py
[2024-04-09T16:45:26.390+0000] {processor.py:830} INFO - Processing file /home/airflow/.local/lib/python3.8/site-packages/airflow/example_dags/example_branch_labels.py for tasks to queue
[2024-04-09T16:45:26.391+0000] {logging_mixin.py:188} INFO - [2024-04-09T16:45:26.391+0000] {dagbag.py:540} INFO - Filling up the DagBag from /home/airflow/.local/lib/python3.8/site-packages/airflow/example_dags/example_branch_labels.py
[2024-04-09T16:45:26.395+0000] {processor.py:840} INFO - DAG(s) 'example_branch_labels' retrieved from /home/airflow/.local/lib/python3.8/site-packages/airflow/example_dags/example_branch_labels.py
[2024-04-09T16:45:26.403+0000] {logging_mixin.py:188} INFO - [2024-04-09T16:45:26.403+0000] {dag.py:3047} INFO - Sync 1 DAGs
[2024-04-09T16:45:26.413+0000] {logging_mixin.py:188} INFO - [2024-04-09T16:45:26.413+0000] {dag.py:3834} INFO - Setting next_dagrun for example_branch_labels to 2024-04-08 00:00:00+00:00, run_after=2024-04-09 00:00:00+00:00
[2024-04-09T16:45:26.420+0000] {processor.py:183} INFO - Processing /home/airflow/.local/lib/python3.8/site-packages/airflow/example_dags/example_branch_labels.py took 0.032 seconds
[2024-04-09T16:45:56.993+0000] {processor.py:161} INFO - Started process (PID=1265) to work on /home/airflow/.local/lib/python3.8/site-packages/airflow/example_dags/example_branch_labels.py
[2024-04-09T16:45:56.996+0000] {processor.py:830} INFO - Processing file /home/airflow/.local/lib/python3.8/site-packages/airflow/example_dags/example_branch_labels.py for tasks to queue
[2024-04-09T16:45:56.997+0000] {logging_mixin.py:188} INFO - [2024-04-09T16:45:56.997+0000] {dagbag.py:540} INFO - Filling up the DagBag from /home/airflow/.local/lib/python3.8/site-packages/airflow/example_dags/example_branch_labels.py
[2024-04-09T16:45:57.001+0000] {processor.py:840} INFO - DAG(s) 'example_branch_labels' retrieved from /home/airflow/.local/lib/python3.8/site-packages/airflow/example_dags/example_branch_labels.py
[2024-04-09T16:45:57.011+0000] {logging_mixin.py:188} INFO - [2024-04-09T16:45:57.011+0000] {dag.py:3047} INFO - Sync 1 DAGs
[2024-04-09T16:45:57.022+0000] {logging_mixin.py:188} INFO - [2024-04-09T16:45:57.021+0000] {dag.py:3834} INFO - Setting next_dagrun for example_branch_labels to 2024-04-08 00:00:00+00:00, run_after=2024-04-09 00:00:00+00:00
[2024-04-09T16:45:57.030+0000] {processor.py:183} INFO - Processing /home/airflow/.local/lib/python3.8/site-packages/airflow/example_dags/example_branch_labels.py took 0.038 seconds
[2024-04-09T16:46:27.570+0000] {processor.py:161} INFO - Started process (PID=1323) to work on /home/airflow/.local/lib/python3.8/site-packages/airflow/example_dags/example_branch_labels.py
[2024-04-09T16:46:27.571+0000] {processor.py:830} INFO - Processing file /home/airflow/.local/lib/python3.8/site-packages/airflow/example_dags/example_branch_labels.py for tasks to queue
[2024-04-09T16:46:27.572+0000] {logging_mixin.py:188} INFO - [2024-04-09T16:46:27.572+0000] {dagbag.py:540} INFO - Filling up the DagBag from /home/airflow/.local/lib/python3.8/site-packages/airflow/example_dags/example_branch_labels.py
[2024-04-09T16:46:27.576+0000] {processor.py:840} INFO - DAG(s) 'example_branch_labels' retrieved from /home/airflow/.local/lib/python3.8/site-packages/airflow/example_dags/example_branch_labels.py
[2024-04-09T16:46:27.586+0000] {logging_mixin.py:188} INFO - [2024-04-09T16:46:27.586+0000] {dag.py:3047} INFO - Sync 1 DAGs
[2024-04-09T16:46:27.598+0000] {logging_mixin.py:188} INFO - [2024-04-09T16:46:27.597+0000] {dag.py:3834} INFO - Setting next_dagrun for example_branch_labels to 2024-04-08 00:00:00+00:00, run_after=2024-04-09 00:00:00+00:00
[2024-04-09T16:46:27.605+0000] {processor.py:183} INFO - Processing /home/airflow/.local/lib/python3.8/site-packages/airflow/example_dags/example_branch_labels.py took 0.037 seconds
[2024-04-09T16:46:58.870+0000] {processor.py:161} INFO - Started process (PID=1406) to work on /home/airflow/.local/lib/python3.8/site-packages/airflow/example_dags/example_branch_labels.py
[2024-04-09T16:46:58.886+0000] {processor.py:830} INFO - Processing file /home/airflow/.local/lib/python3.8/site-packages/airflow/example_dags/example_branch_labels.py for tasks to queue
[2024-04-09T16:46:58.903+0000] {logging_mixin.py:188} INFO - [2024-04-09T16:46:58.903+0000] {dagbag.py:540} INFO - Filling up the DagBag from /home/airflow/.local/lib/python3.8/site-packages/airflow/example_dags/example_branch_labels.py
[2024-04-09T16:46:58.945+0000] {processor.py:840} INFO - DAG(s) 'example_branch_labels' retrieved from /home/airflow/.local/lib/python3.8/site-packages/airflow/example_dags/example_branch_labels.py
[2024-04-09T16:46:59.047+0000] {logging_mixin.py:188} INFO - [2024-04-09T16:46:59.046+0000] {dag.py:3047} INFO - Sync 1 DAGs
[2024-04-09T16:46:59.181+0000] {logging_mixin.py:188} INFO - [2024-04-09T16:46:59.181+0000] {dag.py:3834} INFO - Setting next_dagrun for example_branch_labels to 2024-04-08 00:00:00+00:00, run_after=2024-04-09 00:00:00+00:00
[2024-04-09T16:46:59.294+0000] {processor.py:183} INFO - Processing /home/airflow/.local/lib/python3.8/site-packages/airflow/example_dags/example_branch_labels.py took 0.443 seconds
[2024-04-09T16:47:29.891+0000] {processor.py:161} INFO - Started process (PID=1483) to work on /home/airflow/.local/lib/python3.8/site-packages/airflow/example_dags/example_branch_labels.py
[2024-04-09T16:47:29.895+0000] {processor.py:830} INFO - Processing file /home/airflow/.local/lib/python3.8/site-packages/airflow/example_dags/example_branch_labels.py for tasks to queue
[2024-04-09T16:47:29.897+0000] {logging_mixin.py:188} INFO - [2024-04-09T16:47:29.897+0000] {dagbag.py:540} INFO - Filling up the DagBag from /home/airflow/.local/lib/python3.8/site-packages/airflow/example_dags/example_branch_labels.py
[2024-04-09T16:47:29.915+0000] {processor.py:840} INFO - DAG(s) 'example_branch_labels' retrieved from /home/airflow/.local/lib/python3.8/site-packages/airflow/example_dags/example_branch_labels.py
[2024-04-09T16:47:29.957+0000] {logging_mixin.py:188} INFO - [2024-04-09T16:47:29.956+0000] {dag.py:3047} INFO - Sync 1 DAGs
[2024-04-09T16:47:30.004+0000] {logging_mixin.py:188} INFO - [2024-04-09T16:47:30.004+0000] {dag.py:3834} INFO - Setting next_dagrun for example_branch_labels to 2024-04-08 00:00:00+00:00, run_after=2024-04-09 00:00:00+00:00
[2024-04-09T16:47:30.032+0000] {processor.py:183} INFO - Processing /home/airflow/.local/lib/python3.8/site-packages/airflow/example_dags/example_branch_labels.py took 0.144 seconds
[2024-04-09T16:48:01.406+0000] {processor.py:161} INFO - Started process (PID=1540) to work on /home/airflow/.local/lib/python3.8/site-packages/airflow/example_dags/example_branch_labels.py
[2024-04-09T16:48:01.409+0000] {processor.py:830} INFO - Processing file /home/airflow/.local/lib/python3.8/site-packages/airflow/example_dags/example_branch_labels.py for tasks to queue
[2024-04-09T16:48:01.412+0000] {logging_mixin.py:188} INFO - [2024-04-09T16:48:01.412+0000] {dagbag.py:540} INFO - Filling up the DagBag from /home/airflow/.local/lib/python3.8/site-packages/airflow/example_dags/example_branch_labels.py
[2024-04-09T16:48:01.475+0000] {processor.py:840} INFO - DAG(s) 'example_branch_labels' retrieved from /home/airflow/.local/lib/python3.8/site-packages/airflow/example_dags/example_branch_labels.py
[2024-04-09T16:48:01.566+0000] {logging_mixin.py:188} INFO - [2024-04-09T16:48:01.565+0000] {dag.py:3047} INFO - Sync 1 DAGs
[2024-04-09T16:48:01.647+0000] {logging_mixin.py:188} INFO - [2024-04-09T16:48:01.647+0000] {dag.py:3834} INFO - Setting next_dagrun for example_branch_labels to 2024-04-08 00:00:00+00:00, run_after=2024-04-09 00:00:00+00:00
[2024-04-09T16:48:01.670+0000] {processor.py:183} INFO - Processing /home/airflow/.local/lib/python3.8/site-packages/airflow/example_dags/example_branch_labels.py took 0.291 seconds
[2024-04-09T16:48:32.691+0000] {processor.py:161} INFO - Started process (PID=1597) to work on /home/airflow/.local/lib/python3.8/site-packages/airflow/example_dags/example_branch_labels.py
[2024-04-09T16:48:32.692+0000] {processor.py:830} INFO - Processing file /home/airflow/.local/lib/python3.8/site-packages/airflow/example_dags/example_branch_labels.py for tasks to queue
[2024-04-09T16:48:32.694+0000] {logging_mixin.py:188} INFO - [2024-04-09T16:48:32.694+0000] {dagbag.py:540} INFO - Filling up the DagBag from /home/airflow/.local/lib/python3.8/site-packages/airflow/example_dags/example_branch_labels.py
[2024-04-09T16:48:32.703+0000] {processor.py:840} INFO - DAG(s) 'example_branch_labels' retrieved from /home/airflow/.local/lib/python3.8/site-packages/airflow/example_dags/example_branch_labels.py
[2024-04-09T16:48:32.718+0000] {logging_mixin.py:188} INFO - [2024-04-09T16:48:32.718+0000] {dag.py:3047} INFO - Sync 1 DAGs
[2024-04-09T16:48:32.731+0000] {logging_mixin.py:188} INFO - [2024-04-09T16:48:32.731+0000] {dag.py:3834} INFO - Setting next_dagrun for example_branch_labels to 2024-04-08 00:00:00+00:00, run_after=2024-04-09 00:00:00+00:00
[2024-04-09T16:48:32.739+0000] {processor.py:183} INFO - Processing /home/airflow/.local/lib/python3.8/site-packages/airflow/example_dags/example_branch_labels.py took 0.053 seconds
[2024-04-09T16:49:03.095+0000] {processor.py:161} INFO - Started process (PID=1654) to work on /home/airflow/.local/lib/python3.8/site-packages/airflow/example_dags/example_branch_labels.py
[2024-04-09T16:49:03.096+0000] {processor.py:830} INFO - Processing file /home/airflow/.local/lib/python3.8/site-packages/airflow/example_dags/example_branch_labels.py for tasks to queue
[2024-04-09T16:49:03.098+0000] {logging_mixin.py:188} INFO - [2024-04-09T16:49:03.097+0000] {dagbag.py:540} INFO - Filling up the DagBag from /home/airflow/.local/lib/python3.8/site-packages/airflow/example_dags/example_branch_labels.py
[2024-04-09T16:49:03.105+0000] {processor.py:840} INFO - DAG(s) 'example_branch_labels' retrieved from /home/airflow/.local/lib/python3.8/site-packages/airflow/example_dags/example_branch_labels.py
[2024-04-09T16:49:03.123+0000] {logging_mixin.py:188} INFO - [2024-04-09T16:49:03.123+0000] {dag.py:3047} INFO - Sync 1 DAGs
[2024-04-09T16:49:03.136+0000] {logging_mixin.py:188} INFO - [2024-04-09T16:49:03.136+0000] {dag.py:3834} INFO - Setting next_dagrun for example_branch_labels to 2024-04-08 00:00:00+00:00, run_after=2024-04-09 00:00:00+00:00
[2024-04-09T16:49:03.143+0000] {processor.py:183} INFO - Processing /home/airflow/.local/lib/python3.8/site-packages/airflow/example_dags/example_branch_labels.py took 0.052 seconds
[2024-04-09T16:49:33.260+0000] {processor.py:161} INFO - Started process (PID=1711) to work on /home/airflow/.local/lib/python3.8/site-packages/airflow/example_dags/example_branch_labels.py
[2024-04-09T16:49:33.261+0000] {processor.py:830} INFO - Processing file /home/airflow/.local/lib/python3.8/site-packages/airflow/example_dags/example_branch_labels.py for tasks to queue
[2024-04-09T16:49:33.262+0000] {logging_mixin.py:188} INFO - [2024-04-09T16:49:33.262+0000] {dagbag.py:540} INFO - Filling up the DagBag from /home/airflow/.local/lib/python3.8/site-packages/airflow/example_dags/example_branch_labels.py
[2024-04-09T16:49:33.267+0000] {processor.py:840} INFO - DAG(s) 'example_branch_labels' retrieved from /home/airflow/.local/lib/python3.8/site-packages/airflow/example_dags/example_branch_labels.py
[2024-04-09T16:49:33.278+0000] {logging_mixin.py:188} INFO - [2024-04-09T16:49:33.277+0000] {dag.py:3047} INFO - Sync 1 DAGs
[2024-04-09T16:49:33.287+0000] {logging_mixin.py:188} INFO - [2024-04-09T16:49:33.287+0000] {dag.py:3834} INFO - Setting next_dagrun for example_branch_labels to 2024-04-08 00:00:00+00:00, run_after=2024-04-09 00:00:00+00:00
[2024-04-09T16:49:33.295+0000] {processor.py:183} INFO - Processing /home/airflow/.local/lib/python3.8/site-packages/airflow/example_dags/example_branch_labels.py took 0.037 seconds
[2024-04-09T16:50:03.479+0000] {processor.py:161} INFO - Started process (PID=1768) to work on /home/airflow/.local/lib/python3.8/site-packages/airflow/example_dags/example_branch_labels.py
[2024-04-09T16:50:03.480+0000] {processor.py:830} INFO - Processing file /home/airflow/.local/lib/python3.8/site-packages/airflow/example_dags/example_branch_labels.py for tasks to queue
[2024-04-09T16:50:03.482+0000] {logging_mixin.py:188} INFO - [2024-04-09T16:50:03.481+0000] {dagbag.py:540} INFO - Filling up the DagBag from /home/airflow/.local/lib/python3.8/site-packages/airflow/example_dags/example_branch_labels.py
[2024-04-09T16:50:03.489+0000] {processor.py:840} INFO - DAG(s) 'example_branch_labels' retrieved from /home/airflow/.local/lib/python3.8/site-packages/airflow/example_dags/example_branch_labels.py
[2024-04-09T16:50:03.505+0000] {logging_mixin.py:188} INFO - [2024-04-09T16:50:03.505+0000] {dag.py:3047} INFO - Sync 1 DAGs
[2024-04-09T16:50:03.519+0000] {logging_mixin.py:188} INFO - [2024-04-09T16:50:03.519+0000] {dag.py:3834} INFO - Setting next_dagrun for example_branch_labels to 2024-04-08 00:00:00+00:00, run_after=2024-04-09 00:00:00+00:00
[2024-04-09T16:50:03.528+0000] {processor.py:183} INFO - Processing /home/airflow/.local/lib/python3.8/site-packages/airflow/example_dags/example_branch_labels.py took 0.054 seconds
[2024-04-09T16:50:34.269+0000] {processor.py:161} INFO - Started process (PID=1825) to work on /home/airflow/.local/lib/python3.8/site-packages/airflow/example_dags/example_branch_labels.py
[2024-04-09T16:50:34.270+0000] {processor.py:830} INFO - Processing file /home/airflow/.local/lib/python3.8/site-packages/airflow/example_dags/example_branch_labels.py for tasks to queue
[2024-04-09T16:50:34.271+0000] {logging_mixin.py:188} INFO - [2024-04-09T16:50:34.270+0000] {dagbag.py:540} INFO - Filling up the DagBag from /home/airflow/.local/lib/python3.8/site-packages/airflow/example_dags/example_branch_labels.py
[2024-04-09T16:50:34.274+0000] {processor.py:840} INFO - DAG(s) 'example_branch_labels' retrieved from /home/airflow/.local/lib/python3.8/site-packages/airflow/example_dags/example_branch_labels.py
[2024-04-09T16:50:34.284+0000] {logging_mixin.py:188} INFO - [2024-04-09T16:50:34.284+0000] {dag.py:3047} INFO - Sync 1 DAGs
[2024-04-09T16:50:34.295+0000] {logging_mixin.py:188} INFO - [2024-04-09T16:50:34.295+0000] {dag.py:3834} INFO - Setting next_dagrun for example_branch_labels to 2024-04-08 00:00:00+00:00, run_after=2024-04-09 00:00:00+00:00
[2024-04-09T16:50:34.302+0000] {processor.py:183} INFO - Processing /home/airflow/.local/lib/python3.8/site-packages/airflow/example_dags/example_branch_labels.py took 0.035 seconds
[2024-04-09T16:51:04.894+0000] {processor.py:161} INFO - Started process (PID=1883) to work on /home/airflow/.local/lib/python3.8/site-packages/airflow/example_dags/example_branch_labels.py
[2024-04-09T16:51:04.895+0000] {processor.py:830} INFO - Processing file /home/airflow/.local/lib/python3.8/site-packages/airflow/example_dags/example_branch_labels.py for tasks to queue
[2024-04-09T16:51:04.896+0000] {logging_mixin.py:188} INFO - [2024-04-09T16:51:04.896+0000] {dagbag.py:540} INFO - Filling up the DagBag from /home/airflow/.local/lib/python3.8/site-packages/airflow/example_dags/example_branch_labels.py
[2024-04-09T16:51:04.900+0000] {processor.py:840} INFO - DAG(s) 'example_branch_labels' retrieved from /home/airflow/.local/lib/python3.8/site-packages/airflow/example_dags/example_branch_labels.py
[2024-04-09T16:51:04.910+0000] {logging_mixin.py:188} INFO - [2024-04-09T16:51:04.910+0000] {dag.py:3047} INFO - Sync 1 DAGs
[2024-04-09T16:51:04.921+0000] {logging_mixin.py:188} INFO - [2024-04-09T16:51:04.921+0000] {dag.py:3834} INFO - Setting next_dagrun for example_branch_labels to 2024-04-08 00:00:00+00:00, run_after=2024-04-09 00:00:00+00:00
[2024-04-09T16:51:04.929+0000] {processor.py:183} INFO - Processing /home/airflow/.local/lib/python3.8/site-packages/airflow/example_dags/example_branch_labels.py took 0.037 seconds
[2024-04-09T16:51:35.184+0000] {processor.py:161} INFO - Started process (PID=1941) to work on /home/airflow/.local/lib/python3.8/site-packages/airflow/example_dags/example_branch_labels.py
[2024-04-09T16:51:35.185+0000] {processor.py:830} INFO - Processing file /home/airflow/.local/lib/python3.8/site-packages/airflow/example_dags/example_branch_labels.py for tasks to queue
[2024-04-09T16:51:35.187+0000] {logging_mixin.py:188} INFO - [2024-04-09T16:51:35.187+0000] {dagbag.py:540} INFO - Filling up the DagBag from /home/airflow/.local/lib/python3.8/site-packages/airflow/example_dags/example_branch_labels.py
[2024-04-09T16:51:35.194+0000] {processor.py:840} INFO - DAG(s) 'example_branch_labels' retrieved from /home/airflow/.local/lib/python3.8/site-packages/airflow/example_dags/example_branch_labels.py
[2024-04-09T16:51:35.210+0000] {logging_mixin.py:188} INFO - [2024-04-09T16:51:35.210+0000] {dag.py:3047} INFO - Sync 1 DAGs
[2024-04-09T16:51:35.224+0000] {logging_mixin.py:188} INFO - [2024-04-09T16:51:35.224+0000] {dag.py:3834} INFO - Setting next_dagrun for example_branch_labels to 2024-04-08 00:00:00+00:00, run_after=2024-04-09 00:00:00+00:00
[2024-04-09T16:51:35.233+0000] {processor.py:183} INFO - Processing /home/airflow/.local/lib/python3.8/site-packages/airflow/example_dags/example_branch_labels.py took 0.052 seconds
[2024-04-09T16:52:06.048+0000] {processor.py:161} INFO - Started process (PID=1999) to work on /home/airflow/.local/lib/python3.8/site-packages/airflow/example_dags/example_branch_labels.py
[2024-04-09T16:52:06.049+0000] {processor.py:830} INFO - Processing file /home/airflow/.local/lib/python3.8/site-packages/airflow/example_dags/example_branch_labels.py for tasks to queue
[2024-04-09T16:52:06.052+0000] {logging_mixin.py:188} INFO - [2024-04-09T16:52:06.051+0000] {dagbag.py:540} INFO - Filling up the DagBag from /home/airflow/.local/lib/python3.8/site-packages/airflow/example_dags/example_branch_labels.py
[2024-04-09T16:52:06.058+0000] {processor.py:840} INFO - DAG(s) 'example_branch_labels' retrieved from /home/airflow/.local/lib/python3.8/site-packages/airflow/example_dags/example_branch_labels.py
[2024-04-09T16:52:06.072+0000] {logging_mixin.py:188} INFO - [2024-04-09T16:52:06.072+0000] {dag.py:3047} INFO - Sync 1 DAGs
[2024-04-09T16:52:06.085+0000] {logging_mixin.py:188} INFO - [2024-04-09T16:52:06.085+0000] {dag.py:3834} INFO - Setting next_dagrun for example_branch_labels to 2024-04-08 00:00:00+00:00, run_after=2024-04-09 00:00:00+00:00
[2024-04-09T16:52:06.093+0000] {processor.py:183} INFO - Processing /home/airflow/.local/lib/python3.8/site-packages/airflow/example_dags/example_branch_labels.py took 0.049 seconds
[2024-04-09T16:52:36.423+0000] {processor.py:161} INFO - Started process (PID=2079) to work on /home/airflow/.local/lib/python3.8/site-packages/airflow/example_dags/example_branch_labels.py
[2024-04-09T16:52:36.424+0000] {processor.py:830} INFO - Processing file /home/airflow/.local/lib/python3.8/site-packages/airflow/example_dags/example_branch_labels.py for tasks to queue
[2024-04-09T16:52:36.425+0000] {logging_mixin.py:188} INFO - [2024-04-09T16:52:36.425+0000] {dagbag.py:540} INFO - Filling up the DagBag from /home/airflow/.local/lib/python3.8/site-packages/airflow/example_dags/example_branch_labels.py
[2024-04-09T16:52:36.431+0000] {processor.py:840} INFO - DAG(s) 'example_branch_labels' retrieved from /home/airflow/.local/lib/python3.8/site-packages/airflow/example_dags/example_branch_labels.py
[2024-04-09T16:52:36.444+0000] {logging_mixin.py:188} INFO - [2024-04-09T16:52:36.443+0000] {dag.py:3047} INFO - Sync 1 DAGs
[2024-04-09T16:52:36.455+0000] {logging_mixin.py:188} INFO - [2024-04-09T16:52:36.454+0000] {dag.py:3834} INFO - Setting next_dagrun for example_branch_labels to 2024-04-08 00:00:00+00:00, run_after=2024-04-09 00:00:00+00:00
[2024-04-09T16:52:36.462+0000] {processor.py:183} INFO - Processing /home/airflow/.local/lib/python3.8/site-packages/airflow/example_dags/example_branch_labels.py took 0.041 seconds
[2024-04-09T16:53:06.613+0000] {processor.py:161} INFO - Started process (PID=2150) to work on /home/airflow/.local/lib/python3.8/site-packages/airflow/example_dags/example_branch_labels.py
[2024-04-09T16:53:06.614+0000] {processor.py:830} INFO - Processing file /home/airflow/.local/lib/python3.8/site-packages/airflow/example_dags/example_branch_labels.py for tasks to queue
[2024-04-09T16:53:06.617+0000] {logging_mixin.py:188} INFO - [2024-04-09T16:53:06.617+0000] {dagbag.py:540} INFO - Filling up the DagBag from /home/airflow/.local/lib/python3.8/site-packages/airflow/example_dags/example_branch_labels.py
[2024-04-09T16:53:06.626+0000] {processor.py:840} INFO - DAG(s) 'example_branch_labels' retrieved from /home/airflow/.local/lib/python3.8/site-packages/airflow/example_dags/example_branch_labels.py
[2024-04-09T16:53:06.641+0000] {logging_mixin.py:188} INFO - [2024-04-09T16:53:06.641+0000] {dag.py:3047} INFO - Sync 1 DAGs
[2024-04-09T16:53:06.657+0000] {logging_mixin.py:188} INFO - [2024-04-09T16:53:06.657+0000] {dag.py:3834} INFO - Setting next_dagrun for example_branch_labels to 2024-04-08 00:00:00+00:00, run_after=2024-04-09 00:00:00+00:00
[2024-04-09T16:53:06.672+0000] {processor.py:183} INFO - Processing /home/airflow/.local/lib/python3.8/site-packages/airflow/example_dags/example_branch_labels.py took 0.064 seconds
[2024-04-09T16:53:37.283+0000] {processor.py:161} INFO - Started process (PID=2225) to work on /home/airflow/.local/lib/python3.8/site-packages/airflow/example_dags/example_branch_labels.py
[2024-04-09T16:53:37.287+0000] {processor.py:830} INFO - Processing file /home/airflow/.local/lib/python3.8/site-packages/airflow/example_dags/example_branch_labels.py for tasks to queue
[2024-04-09T16:53:37.305+0000] {logging_mixin.py:188} INFO - [2024-04-09T16:53:37.302+0000] {dagbag.py:540} INFO - Filling up the DagBag from /home/airflow/.local/lib/python3.8/site-packages/airflow/example_dags/example_branch_labels.py
[2024-04-09T16:53:37.413+0000] {processor.py:840} INFO - DAG(s) 'example_branch_labels' retrieved from /home/airflow/.local/lib/python3.8/site-packages/airflow/example_dags/example_branch_labels.py
[2024-04-09T16:53:37.489+0000] {logging_mixin.py:188} INFO - [2024-04-09T16:53:37.488+0000] {dag.py:3047} INFO - Sync 1 DAGs
[2024-04-09T16:53:37.556+0000] {logging_mixin.py:188} INFO - [2024-04-09T16:53:37.555+0000] {dag.py:3834} INFO - Setting next_dagrun for example_branch_labels to 2024-04-08 00:00:00+00:00, run_after=2024-04-09 00:00:00+00:00
[2024-04-09T16:53:37.607+0000] {processor.py:183} INFO - Processing /home/airflow/.local/lib/python3.8/site-packages/airflow/example_dags/example_branch_labels.py took 0.380 seconds
[2024-04-09T16:54:08.399+0000] {processor.py:161} INFO - Started process (PID=2304) to work on /home/airflow/.local/lib/python3.8/site-packages/airflow/example_dags/example_branch_labels.py
[2024-04-09T16:54:08.405+0000] {processor.py:830} INFO - Processing file /home/airflow/.local/lib/python3.8/site-packages/airflow/example_dags/example_branch_labels.py for tasks to queue
[2024-04-09T16:54:08.411+0000] {logging_mixin.py:188} INFO - [2024-04-09T16:54:08.410+0000] {dagbag.py:540} INFO - Filling up the DagBag from /home/airflow/.local/lib/python3.8/site-packages/airflow/example_dags/example_branch_labels.py
[2024-04-09T16:54:08.470+0000] {processor.py:840} INFO - DAG(s) 'example_branch_labels' retrieved from /home/airflow/.local/lib/python3.8/site-packages/airflow/example_dags/example_branch_labels.py
[2024-04-09T16:54:08.591+0000] {logging_mixin.py:188} INFO - [2024-04-09T16:54:08.590+0000] {dag.py:3047} INFO - Sync 1 DAGs
[2024-04-09T16:54:08.674+0000] {logging_mixin.py:188} INFO - [2024-04-09T16:54:08.673+0000] {dag.py:3834} INFO - Setting next_dagrun for example_branch_labels to 2024-04-08 00:00:00+00:00, run_after=2024-04-09 00:00:00+00:00
[2024-04-09T16:54:08.736+0000] {processor.py:183} INFO - Processing /home/airflow/.local/lib/python3.8/site-packages/airflow/example_dags/example_branch_labels.py took 0.358 seconds
