[2024-04-09T16:35:17.167+0000] {processor.py:161} INFO - Started process (PID=61) to work on /home/airflow/.local/lib/python3.8/site-packages/airflow/example_dags/example_nested_branch_dag.py
[2024-04-09T16:35:17.167+0000] {processor.py:830} INFO - Processing file /home/airflow/.local/lib/python3.8/site-packages/airflow/example_dags/example_nested_branch_dag.py for tasks to queue
[2024-04-09T16:35:17.170+0000] {logging_mixin.py:188} INFO - [2024-04-09T16:35:17.170+0000] {dagbag.py:540} INFO - Filling up the DagBag from /home/airflow/.local/lib/python3.8/site-packages/airflow/example_dags/example_nested_branch_dag.py
[2024-04-09T16:35:17.183+0000] {processor.py:840} INFO - DAG(s) 'example_nested_branch_dag' retrieved from /home/airflow/.local/lib/python3.8/site-packages/airflow/example_dags/example_nested_branch_dag.py
[2024-04-09T16:35:17.209+0000] {logging_mixin.py:188} INFO - [2024-04-09T16:35:17.209+0000] {dag.py:3047} INFO - Sync 1 DAGs
[2024-04-09T16:35:17.269+0000] {logging_mixin.py:188} INFO - [2024-04-09T16:35:17.269+0000] {dag.py:3834} INFO - Setting next_dagrun for example_nested_branch_dag to 2024-04-08 00:00:00+00:00, run_after=2024-04-09 00:00:00+00:00
[2024-04-09T16:35:17.299+0000] {processor.py:183} INFO - Processing /home/airflow/.local/lib/python3.8/site-packages/airflow/example_dags/example_nested_branch_dag.py took 0.136 seconds
[2024-04-09T16:35:48.247+0000] {processor.py:161} INFO - Started process (PID=117) to work on /home/airflow/.local/lib/python3.8/site-packages/airflow/example_dags/example_nested_branch_dag.py
[2024-04-09T16:35:48.248+0000] {processor.py:830} INFO - Processing file /home/airflow/.local/lib/python3.8/site-packages/airflow/example_dags/example_nested_branch_dag.py for tasks to queue
[2024-04-09T16:35:48.250+0000] {logging_mixin.py:188} INFO - [2024-04-09T16:35:48.250+0000] {dagbag.py:540} INFO - Filling up the DagBag from /home/airflow/.local/lib/python3.8/site-packages/airflow/example_dags/example_nested_branch_dag.py
[2024-04-09T16:35:48.263+0000] {processor.py:840} INFO - DAG(s) 'example_nested_branch_dag' retrieved from /home/airflow/.local/lib/python3.8/site-packages/airflow/example_dags/example_nested_branch_dag.py
[2024-04-09T16:35:48.353+0000] {logging_mixin.py:188} INFO - [2024-04-09T16:35:48.352+0000] {dag.py:3047} INFO - Sync 1 DAGs
[2024-04-09T16:35:48.366+0000] {logging_mixin.py:188} INFO - [2024-04-09T16:35:48.366+0000] {dag.py:3834} INFO - Setting next_dagrun for example_nested_branch_dag to 2024-04-08 00:00:00+00:00, run_after=2024-04-09 00:00:00+00:00
[2024-04-09T16:35:48.375+0000] {processor.py:183} INFO - Processing /home/airflow/.local/lib/python3.8/site-packages/airflow/example_dags/example_nested_branch_dag.py took 0.133 seconds
[2024-04-09T16:36:18.925+0000] {processor.py:161} INFO - Started process (PID=174) to work on /home/airflow/.local/lib/python3.8/site-packages/airflow/example_dags/example_nested_branch_dag.py
[2024-04-09T16:36:18.926+0000] {processor.py:830} INFO - Processing file /home/airflow/.local/lib/python3.8/site-packages/airflow/example_dags/example_nested_branch_dag.py for tasks to queue
[2024-04-09T16:36:18.927+0000] {logging_mixin.py:188} INFO - [2024-04-09T16:36:18.927+0000] {dagbag.py:540} INFO - Filling up the DagBag from /home/airflow/.local/lib/python3.8/site-packages/airflow/example_dags/example_nested_branch_dag.py
[2024-04-09T16:36:18.932+0000] {processor.py:840} INFO - DAG(s) 'example_nested_branch_dag' retrieved from /home/airflow/.local/lib/python3.8/site-packages/airflow/example_dags/example_nested_branch_dag.py
[2024-04-09T16:36:18.945+0000] {logging_mixin.py:188} INFO - [2024-04-09T16:36:18.944+0000] {dag.py:3047} INFO - Sync 1 DAGs
[2024-04-09T16:36:18.961+0000] {logging_mixin.py:188} INFO - [2024-04-09T16:36:18.961+0000] {dag.py:3834} INFO - Setting next_dagrun for example_nested_branch_dag to 2024-04-08 00:00:00+00:00, run_after=2024-04-09 00:00:00+00:00
[2024-04-09T16:36:18.972+0000] {processor.py:183} INFO - Processing /home/airflow/.local/lib/python3.8/site-packages/airflow/example_dags/example_nested_branch_dag.py took 0.048 seconds
[2024-04-09T16:36:49.729+0000] {processor.py:161} INFO - Started process (PID=231) to work on /home/airflow/.local/lib/python3.8/site-packages/airflow/example_dags/example_nested_branch_dag.py
[2024-04-09T16:36:49.733+0000] {processor.py:830} INFO - Processing file /home/airflow/.local/lib/python3.8/site-packages/airflow/example_dags/example_nested_branch_dag.py for tasks to queue
[2024-04-09T16:36:49.734+0000] {logging_mixin.py:188} INFO - [2024-04-09T16:36:49.734+0000] {dagbag.py:540} INFO - Filling up the DagBag from /home/airflow/.local/lib/python3.8/site-packages/airflow/example_dags/example_nested_branch_dag.py
[2024-04-09T16:36:49.741+0000] {processor.py:840} INFO - DAG(s) 'example_nested_branch_dag' retrieved from /home/airflow/.local/lib/python3.8/site-packages/airflow/example_dags/example_nested_branch_dag.py
[2024-04-09T16:36:49.764+0000] {logging_mixin.py:188} INFO - [2024-04-09T16:36:49.764+0000] {dag.py:3047} INFO - Sync 1 DAGs
[2024-04-09T16:36:49.780+0000] {logging_mixin.py:188} INFO - [2024-04-09T16:36:49.780+0000] {dag.py:3834} INFO - Setting next_dagrun for example_nested_branch_dag to 2024-04-08 00:00:00+00:00, run_after=2024-04-09 00:00:00+00:00
[2024-04-09T16:36:49.792+0000] {processor.py:183} INFO - Processing /home/airflow/.local/lib/python3.8/site-packages/airflow/example_dags/example_nested_branch_dag.py took 0.065 seconds
[2024-04-09T16:37:19.844+0000] {processor.py:161} INFO - Started process (PID=287) to work on /home/airflow/.local/lib/python3.8/site-packages/airflow/example_dags/example_nested_branch_dag.py
[2024-04-09T16:37:19.845+0000] {processor.py:830} INFO - Processing file /home/airflow/.local/lib/python3.8/site-packages/airflow/example_dags/example_nested_branch_dag.py for tasks to queue
[2024-04-09T16:37:19.848+0000] {logging_mixin.py:188} INFO - [2024-04-09T16:37:19.847+0000] {dagbag.py:540} INFO - Filling up the DagBag from /home/airflow/.local/lib/python3.8/site-packages/airflow/example_dags/example_nested_branch_dag.py
[2024-04-09T16:37:19.859+0000] {processor.py:840} INFO - DAG(s) 'example_nested_branch_dag' retrieved from /home/airflow/.local/lib/python3.8/site-packages/airflow/example_dags/example_nested_branch_dag.py
[2024-04-09T16:37:19.878+0000] {logging_mixin.py:188} INFO - [2024-04-09T16:37:19.877+0000] {dag.py:3047} INFO - Sync 1 DAGs
[2024-04-09T16:37:19.892+0000] {logging_mixin.py:188} INFO - [2024-04-09T16:37:19.892+0000] {dag.py:3834} INFO - Setting next_dagrun for example_nested_branch_dag to 2024-04-08 00:00:00+00:00, run_after=2024-04-09 00:00:00+00:00
[2024-04-09T16:37:19.903+0000] {processor.py:183} INFO - Processing /home/airflow/.local/lib/python3.8/site-packages/airflow/example_dags/example_nested_branch_dag.py took 0.063 seconds
[2024-04-09T16:37:50.452+0000] {processor.py:161} INFO - Started process (PID=344) to work on /home/airflow/.local/lib/python3.8/site-packages/airflow/example_dags/example_nested_branch_dag.py
[2024-04-09T16:37:50.454+0000] {processor.py:830} INFO - Processing file /home/airflow/.local/lib/python3.8/site-packages/airflow/example_dags/example_nested_branch_dag.py for tasks to queue
[2024-04-09T16:37:50.456+0000] {logging_mixin.py:188} INFO - [2024-04-09T16:37:50.456+0000] {dagbag.py:540} INFO - Filling up the DagBag from /home/airflow/.local/lib/python3.8/site-packages/airflow/example_dags/example_nested_branch_dag.py
[2024-04-09T16:37:50.470+0000] {processor.py:840} INFO - DAG(s) 'example_nested_branch_dag' retrieved from /home/airflow/.local/lib/python3.8/site-packages/airflow/example_dags/example_nested_branch_dag.py
[2024-04-09T16:37:50.485+0000] {logging_mixin.py:188} INFO - [2024-04-09T16:37:50.485+0000] {dag.py:3047} INFO - Sync 1 DAGs
[2024-04-09T16:37:50.497+0000] {logging_mixin.py:188} INFO - [2024-04-09T16:37:50.497+0000] {dag.py:3834} INFO - Setting next_dagrun for example_nested_branch_dag to 2024-04-08 00:00:00+00:00, run_after=2024-04-09 00:00:00+00:00
[2024-04-09T16:37:50.506+0000] {processor.py:183} INFO - Processing /home/airflow/.local/lib/python3.8/site-packages/airflow/example_dags/example_nested_branch_dag.py took 0.059 seconds
[2024-04-09T16:38:21.367+0000] {processor.py:161} INFO - Started process (PID=401) to work on /home/airflow/.local/lib/python3.8/site-packages/airflow/example_dags/example_nested_branch_dag.py
[2024-04-09T16:38:21.369+0000] {processor.py:830} INFO - Processing file /home/airflow/.local/lib/python3.8/site-packages/airflow/example_dags/example_nested_branch_dag.py for tasks to queue
[2024-04-09T16:38:21.371+0000] {logging_mixin.py:188} INFO - [2024-04-09T16:38:21.370+0000] {dagbag.py:540} INFO - Filling up the DagBag from /home/airflow/.local/lib/python3.8/site-packages/airflow/example_dags/example_nested_branch_dag.py
[2024-04-09T16:38:21.382+0000] {processor.py:840} INFO - DAG(s) 'example_nested_branch_dag' retrieved from /home/airflow/.local/lib/python3.8/site-packages/airflow/example_dags/example_nested_branch_dag.py
[2024-04-09T16:38:21.399+0000] {logging_mixin.py:188} INFO - [2024-04-09T16:38:21.399+0000] {dag.py:3047} INFO - Sync 1 DAGs
[2024-04-09T16:38:21.413+0000] {logging_mixin.py:188} INFO - [2024-04-09T16:38:21.413+0000] {dag.py:3834} INFO - Setting next_dagrun for example_nested_branch_dag to 2024-04-08 00:00:00+00:00, run_after=2024-04-09 00:00:00+00:00
[2024-04-09T16:38:21.421+0000] {processor.py:183} INFO - Processing /home/airflow/.local/lib/python3.8/site-packages/airflow/example_dags/example_nested_branch_dag.py took 0.058 seconds
[2024-04-09T16:38:52.075+0000] {processor.py:161} INFO - Started process (PID=458) to work on /home/airflow/.local/lib/python3.8/site-packages/airflow/example_dags/example_nested_branch_dag.py
[2024-04-09T16:38:52.077+0000] {processor.py:830} INFO - Processing file /home/airflow/.local/lib/python3.8/site-packages/airflow/example_dags/example_nested_branch_dag.py for tasks to queue
[2024-04-09T16:38:52.079+0000] {logging_mixin.py:188} INFO - [2024-04-09T16:38:52.078+0000] {dagbag.py:540} INFO - Filling up the DagBag from /home/airflow/.local/lib/python3.8/site-packages/airflow/example_dags/example_nested_branch_dag.py
[2024-04-09T16:38:52.090+0000] {processor.py:840} INFO - DAG(s) 'example_nested_branch_dag' retrieved from /home/airflow/.local/lib/python3.8/site-packages/airflow/example_dags/example_nested_branch_dag.py
[2024-04-09T16:38:52.109+0000] {logging_mixin.py:188} INFO - [2024-04-09T16:38:52.109+0000] {dag.py:3047} INFO - Sync 1 DAGs
[2024-04-09T16:38:52.121+0000] {logging_mixin.py:188} INFO - [2024-04-09T16:38:52.121+0000] {dag.py:3834} INFO - Setting next_dagrun for example_nested_branch_dag to 2024-04-08 00:00:00+00:00, run_after=2024-04-09 00:00:00+00:00
[2024-04-09T16:38:52.130+0000] {processor.py:183} INFO - Processing /home/airflow/.local/lib/python3.8/site-packages/airflow/example_dags/example_nested_branch_dag.py took 0.060 seconds
[2024-04-09T16:39:22.832+0000] {processor.py:161} INFO - Started process (PID=515) to work on /home/airflow/.local/lib/python3.8/site-packages/airflow/example_dags/example_nested_branch_dag.py
[2024-04-09T16:39:22.834+0000] {processor.py:830} INFO - Processing file /home/airflow/.local/lib/python3.8/site-packages/airflow/example_dags/example_nested_branch_dag.py for tasks to queue
[2024-04-09T16:39:22.835+0000] {logging_mixin.py:188} INFO - [2024-04-09T16:39:22.835+0000] {dagbag.py:540} INFO - Filling up the DagBag from /home/airflow/.local/lib/python3.8/site-packages/airflow/example_dags/example_nested_branch_dag.py
[2024-04-09T16:39:22.841+0000] {processor.py:840} INFO - DAG(s) 'example_nested_branch_dag' retrieved from /home/airflow/.local/lib/python3.8/site-packages/airflow/example_dags/example_nested_branch_dag.py
[2024-04-09T16:39:22.852+0000] {logging_mixin.py:188} INFO - [2024-04-09T16:39:22.852+0000] {dag.py:3047} INFO - Sync 1 DAGs
[2024-04-09T16:39:22.862+0000] {logging_mixin.py:188} INFO - [2024-04-09T16:39:22.862+0000] {dag.py:3834} INFO - Setting next_dagrun for example_nested_branch_dag to 2024-04-08 00:00:00+00:00, run_after=2024-04-09 00:00:00+00:00
[2024-04-09T16:39:22.869+0000] {processor.py:183} INFO - Processing /home/airflow/.local/lib/python3.8/site-packages/airflow/example_dags/example_nested_branch_dag.py took 0.039 seconds
[2024-04-09T16:39:53.177+0000] {processor.py:161} INFO - Started process (PID=572) to work on /home/airflow/.local/lib/python3.8/site-packages/airflow/example_dags/example_nested_branch_dag.py
[2024-04-09T16:39:53.178+0000] {processor.py:830} INFO - Processing file /home/airflow/.local/lib/python3.8/site-packages/airflow/example_dags/example_nested_branch_dag.py for tasks to queue
[2024-04-09T16:39:53.180+0000] {logging_mixin.py:188} INFO - [2024-04-09T16:39:53.180+0000] {dagbag.py:540} INFO - Filling up the DagBag from /home/airflow/.local/lib/python3.8/site-packages/airflow/example_dags/example_nested_branch_dag.py
[2024-04-09T16:39:53.190+0000] {processor.py:840} INFO - DAG(s) 'example_nested_branch_dag' retrieved from /home/airflow/.local/lib/python3.8/site-packages/airflow/example_dags/example_nested_branch_dag.py
[2024-04-09T16:39:53.206+0000] {logging_mixin.py:188} INFO - [2024-04-09T16:39:53.206+0000] {dag.py:3047} INFO - Sync 1 DAGs
[2024-04-09T16:39:53.218+0000] {logging_mixin.py:188} INFO - [2024-04-09T16:39:53.217+0000] {dag.py:3834} INFO - Setting next_dagrun for example_nested_branch_dag to 2024-04-08 00:00:00+00:00, run_after=2024-04-09 00:00:00+00:00
[2024-04-09T16:39:53.228+0000] {processor.py:183} INFO - Processing /home/airflow/.local/lib/python3.8/site-packages/airflow/example_dags/example_nested_branch_dag.py took 0.056 seconds
[2024-04-09T16:40:23.335+0000] {processor.py:161} INFO - Started process (PID=629) to work on /home/airflow/.local/lib/python3.8/site-packages/airflow/example_dags/example_nested_branch_dag.py
[2024-04-09T16:40:23.336+0000] {processor.py:830} INFO - Processing file /home/airflow/.local/lib/python3.8/site-packages/airflow/example_dags/example_nested_branch_dag.py for tasks to queue
[2024-04-09T16:40:23.338+0000] {logging_mixin.py:188} INFO - [2024-04-09T16:40:23.338+0000] {dagbag.py:540} INFO - Filling up the DagBag from /home/airflow/.local/lib/python3.8/site-packages/airflow/example_dags/example_nested_branch_dag.py
[2024-04-09T16:40:23.348+0000] {processor.py:840} INFO - DAG(s) 'example_nested_branch_dag' retrieved from /home/airflow/.local/lib/python3.8/site-packages/airflow/example_dags/example_nested_branch_dag.py
[2024-04-09T16:40:23.364+0000] {logging_mixin.py:188} INFO - [2024-04-09T16:40:23.364+0000] {dag.py:3047} INFO - Sync 1 DAGs
[2024-04-09T16:40:23.376+0000] {logging_mixin.py:188} INFO - [2024-04-09T16:40:23.376+0000] {dag.py:3834} INFO - Setting next_dagrun for example_nested_branch_dag to 2024-04-08 00:00:00+00:00, run_after=2024-04-09 00:00:00+00:00
[2024-04-09T16:40:23.384+0000] {processor.py:183} INFO - Processing /home/airflow/.local/lib/python3.8/site-packages/airflow/example_dags/example_nested_branch_dag.py took 0.053 seconds
[2024-04-09T16:40:53.567+0000] {processor.py:161} INFO - Started process (PID=687) to work on /home/airflow/.local/lib/python3.8/site-packages/airflow/example_dags/example_nested_branch_dag.py
[2024-04-09T16:40:53.568+0000] {processor.py:830} INFO - Processing file /home/airflow/.local/lib/python3.8/site-packages/airflow/example_dags/example_nested_branch_dag.py for tasks to queue
[2024-04-09T16:40:53.570+0000] {logging_mixin.py:188} INFO - [2024-04-09T16:40:53.570+0000] {dagbag.py:540} INFO - Filling up the DagBag from /home/airflow/.local/lib/python3.8/site-packages/airflow/example_dags/example_nested_branch_dag.py
[2024-04-09T16:40:53.581+0000] {processor.py:840} INFO - DAG(s) 'example_nested_branch_dag' retrieved from /home/airflow/.local/lib/python3.8/site-packages/airflow/example_dags/example_nested_branch_dag.py
[2024-04-09T16:40:53.599+0000] {logging_mixin.py:188} INFO - [2024-04-09T16:40:53.599+0000] {dag.py:3047} INFO - Sync 1 DAGs
[2024-04-09T16:40:53.611+0000] {logging_mixin.py:188} INFO - [2024-04-09T16:40:53.610+0000] {dag.py:3834} INFO - Setting next_dagrun for example_nested_branch_dag to 2024-04-08 00:00:00+00:00, run_after=2024-04-09 00:00:00+00:00
[2024-04-09T16:40:53.619+0000] {processor.py:183} INFO - Processing /home/airflow/.local/lib/python3.8/site-packages/airflow/example_dags/example_nested_branch_dag.py took 0.057 seconds
[2024-04-09T16:41:23.774+0000] {processor.py:161} INFO - Started process (PID=744) to work on /home/airflow/.local/lib/python3.8/site-packages/airflow/example_dags/example_nested_branch_dag.py
[2024-04-09T16:41:23.775+0000] {processor.py:830} INFO - Processing file /home/airflow/.local/lib/python3.8/site-packages/airflow/example_dags/example_nested_branch_dag.py for tasks to queue
[2024-04-09T16:41:23.777+0000] {logging_mixin.py:188} INFO - [2024-04-09T16:41:23.777+0000] {dagbag.py:540} INFO - Filling up the DagBag from /home/airflow/.local/lib/python3.8/site-packages/airflow/example_dags/example_nested_branch_dag.py
[2024-04-09T16:41:23.792+0000] {processor.py:840} INFO - DAG(s) 'example_nested_branch_dag' retrieved from /home/airflow/.local/lib/python3.8/site-packages/airflow/example_dags/example_nested_branch_dag.py
[2024-04-09T16:41:23.811+0000] {logging_mixin.py:188} INFO - [2024-04-09T16:41:23.811+0000] {dag.py:3047} INFO - Sync 1 DAGs
[2024-04-09T16:41:23.824+0000] {logging_mixin.py:188} INFO - [2024-04-09T16:41:23.823+0000] {dag.py:3834} INFO - Setting next_dagrun for example_nested_branch_dag to 2024-04-08 00:00:00+00:00, run_after=2024-04-09 00:00:00+00:00
[2024-04-09T16:41:23.832+0000] {processor.py:183} INFO - Processing /home/airflow/.local/lib/python3.8/site-packages/airflow/example_dags/example_nested_branch_dag.py took 0.062 seconds
[2024-04-09T16:41:54.236+0000] {processor.py:161} INFO - Started process (PID=802) to work on /home/airflow/.local/lib/python3.8/site-packages/airflow/example_dags/example_nested_branch_dag.py
[2024-04-09T16:41:54.238+0000] {processor.py:830} INFO - Processing file /home/airflow/.local/lib/python3.8/site-packages/airflow/example_dags/example_nested_branch_dag.py for tasks to queue
[2024-04-09T16:41:54.240+0000] {logging_mixin.py:188} INFO - [2024-04-09T16:41:54.240+0000] {dagbag.py:540} INFO - Filling up the DagBag from /home/airflow/.local/lib/python3.8/site-packages/airflow/example_dags/example_nested_branch_dag.py
[2024-04-09T16:41:54.250+0000] {processor.py:840} INFO - DAG(s) 'example_nested_branch_dag' retrieved from /home/airflow/.local/lib/python3.8/site-packages/airflow/example_dags/example_nested_branch_dag.py
[2024-04-09T16:41:54.270+0000] {logging_mixin.py:188} INFO - [2024-04-09T16:41:54.270+0000] {dag.py:3047} INFO - Sync 1 DAGs
[2024-04-09T16:41:54.282+0000] {logging_mixin.py:188} INFO - [2024-04-09T16:41:54.282+0000] {dag.py:3834} INFO - Setting next_dagrun for example_nested_branch_dag to 2024-04-08 00:00:00+00:00, run_after=2024-04-09 00:00:00+00:00
[2024-04-09T16:41:54.290+0000] {processor.py:183} INFO - Processing /home/airflow/.local/lib/python3.8/site-packages/airflow/example_dags/example_nested_branch_dag.py took 0.059 seconds
[2024-04-09T16:42:24.895+0000] {processor.py:161} INFO - Started process (PID=860) to work on /home/airflow/.local/lib/python3.8/site-packages/airflow/example_dags/example_nested_branch_dag.py
[2024-04-09T16:42:24.896+0000] {processor.py:830} INFO - Processing file /home/airflow/.local/lib/python3.8/site-packages/airflow/example_dags/example_nested_branch_dag.py for tasks to queue
[2024-04-09T16:42:24.899+0000] {logging_mixin.py:188} INFO - [2024-04-09T16:42:24.898+0000] {dagbag.py:540} INFO - Filling up the DagBag from /home/airflow/.local/lib/python3.8/site-packages/airflow/example_dags/example_nested_branch_dag.py
[2024-04-09T16:42:24.910+0000] {processor.py:840} INFO - DAG(s) 'example_nested_branch_dag' retrieved from /home/airflow/.local/lib/python3.8/site-packages/airflow/example_dags/example_nested_branch_dag.py
[2024-04-09T16:42:24.928+0000] {logging_mixin.py:188} INFO - [2024-04-09T16:42:24.928+0000] {dag.py:3047} INFO - Sync 1 DAGs
[2024-04-09T16:42:24.941+0000] {logging_mixin.py:188} INFO - [2024-04-09T16:42:24.941+0000] {dag.py:3834} INFO - Setting next_dagrun for example_nested_branch_dag to 2024-04-08 00:00:00+00:00, run_after=2024-04-09 00:00:00+00:00
[2024-04-09T16:42:24.950+0000] {processor.py:183} INFO - Processing /home/airflow/.local/lib/python3.8/site-packages/airflow/example_dags/example_nested_branch_dag.py took 0.059 seconds
[2024-04-09T16:42:55.748+0000] {processor.py:161} INFO - Started process (PID=918) to work on /home/airflow/.local/lib/python3.8/site-packages/airflow/example_dags/example_nested_branch_dag.py
[2024-04-09T16:42:55.750+0000] {processor.py:830} INFO - Processing file /home/airflow/.local/lib/python3.8/site-packages/airflow/example_dags/example_nested_branch_dag.py for tasks to queue
[2024-04-09T16:42:55.752+0000] {logging_mixin.py:188} INFO - [2024-04-09T16:42:55.752+0000] {dagbag.py:540} INFO - Filling up the DagBag from /home/airflow/.local/lib/python3.8/site-packages/airflow/example_dags/example_nested_branch_dag.py
[2024-04-09T16:42:55.768+0000] {processor.py:840} INFO - DAG(s) 'example_nested_branch_dag' retrieved from /home/airflow/.local/lib/python3.8/site-packages/airflow/example_dags/example_nested_branch_dag.py
[2024-04-09T16:42:55.790+0000] {logging_mixin.py:188} INFO - [2024-04-09T16:42:55.790+0000] {dag.py:3047} INFO - Sync 1 DAGs
[2024-04-09T16:42:55.803+0000] {logging_mixin.py:188} INFO - [2024-04-09T16:42:55.802+0000] {dag.py:3834} INFO - Setting next_dagrun for example_nested_branch_dag to 2024-04-08 00:00:00+00:00, run_after=2024-04-09 00:00:00+00:00
[2024-04-09T16:42:55.810+0000] {processor.py:183} INFO - Processing /home/airflow/.local/lib/python3.8/site-packages/airflow/example_dags/example_nested_branch_dag.py took 0.066 seconds
[2024-04-09T16:43:26.523+0000] {processor.py:161} INFO - Started process (PID=976) to work on /home/airflow/.local/lib/python3.8/site-packages/airflow/example_dags/example_nested_branch_dag.py
[2024-04-09T16:43:26.524+0000] {processor.py:830} INFO - Processing file /home/airflow/.local/lib/python3.8/site-packages/airflow/example_dags/example_nested_branch_dag.py for tasks to queue
[2024-04-09T16:43:26.526+0000] {logging_mixin.py:188} INFO - [2024-04-09T16:43:26.525+0000] {dagbag.py:540} INFO - Filling up the DagBag from /home/airflow/.local/lib/python3.8/site-packages/airflow/example_dags/example_nested_branch_dag.py
[2024-04-09T16:43:26.532+0000] {processor.py:840} INFO - DAG(s) 'example_nested_branch_dag' retrieved from /home/airflow/.local/lib/python3.8/site-packages/airflow/example_dags/example_nested_branch_dag.py
[2024-04-09T16:43:26.543+0000] {logging_mixin.py:188} INFO - [2024-04-09T16:43:26.543+0000] {dag.py:3047} INFO - Sync 1 DAGs
[2024-04-09T16:43:26.553+0000] {logging_mixin.py:188} INFO - [2024-04-09T16:43:26.553+0000] {dag.py:3834} INFO - Setting next_dagrun for example_nested_branch_dag to 2024-04-08 00:00:00+00:00, run_after=2024-04-09 00:00:00+00:00
[2024-04-09T16:43:26.561+0000] {processor.py:183} INFO - Processing /home/airflow/.local/lib/python3.8/site-packages/airflow/example_dags/example_nested_branch_dag.py took 0.041 seconds
[2024-04-09T16:43:56.695+0000] {processor.py:161} INFO - Started process (PID=1034) to work on /home/airflow/.local/lib/python3.8/site-packages/airflow/example_dags/example_nested_branch_dag.py
[2024-04-09T16:43:56.695+0000] {processor.py:830} INFO - Processing file /home/airflow/.local/lib/python3.8/site-packages/airflow/example_dags/example_nested_branch_dag.py for tasks to queue
[2024-04-09T16:43:56.696+0000] {logging_mixin.py:188} INFO - [2024-04-09T16:43:56.696+0000] {dagbag.py:540} INFO - Filling up the DagBag from /home/airflow/.local/lib/python3.8/site-packages/airflow/example_dags/example_nested_branch_dag.py
[2024-04-09T16:43:56.701+0000] {processor.py:840} INFO - DAG(s) 'example_nested_branch_dag' retrieved from /home/airflow/.local/lib/python3.8/site-packages/airflow/example_dags/example_nested_branch_dag.py
[2024-04-09T16:43:56.711+0000] {logging_mixin.py:188} INFO - [2024-04-09T16:43:56.711+0000] {dag.py:3047} INFO - Sync 1 DAGs
[2024-04-09T16:43:56.720+0000] {logging_mixin.py:188} INFO - [2024-04-09T16:43:56.720+0000] {dag.py:3834} INFO - Setting next_dagrun for example_nested_branch_dag to 2024-04-08 00:00:00+00:00, run_after=2024-04-09 00:00:00+00:00
[2024-04-09T16:43:56.728+0000] {processor.py:183} INFO - Processing /home/airflow/.local/lib/python3.8/site-packages/airflow/example_dags/example_nested_branch_dag.py took 0.034 seconds
[2024-04-09T16:44:26.879+0000] {processor.py:161} INFO - Started process (PID=1092) to work on /home/airflow/.local/lib/python3.8/site-packages/airflow/example_dags/example_nested_branch_dag.py
[2024-04-09T16:44:26.880+0000] {processor.py:830} INFO - Processing file /home/airflow/.local/lib/python3.8/site-packages/airflow/example_dags/example_nested_branch_dag.py for tasks to queue
[2024-04-09T16:44:26.883+0000] {logging_mixin.py:188} INFO - [2024-04-09T16:44:26.883+0000] {dagbag.py:540} INFO - Filling up the DagBag from /home/airflow/.local/lib/python3.8/site-packages/airflow/example_dags/example_nested_branch_dag.py
[2024-04-09T16:44:26.893+0000] {processor.py:840} INFO - DAG(s) 'example_nested_branch_dag' retrieved from /home/airflow/.local/lib/python3.8/site-packages/airflow/example_dags/example_nested_branch_dag.py
[2024-04-09T16:44:26.908+0000] {logging_mixin.py:188} INFO - [2024-04-09T16:44:26.908+0000] {dag.py:3047} INFO - Sync 1 DAGs
[2024-04-09T16:44:26.920+0000] {logging_mixin.py:188} INFO - [2024-04-09T16:44:26.920+0000] {dag.py:3834} INFO - Setting next_dagrun for example_nested_branch_dag to 2024-04-08 00:00:00+00:00, run_after=2024-04-09 00:00:00+00:00
[2024-04-09T16:44:26.928+0000] {processor.py:183} INFO - Processing /home/airflow/.local/lib/python3.8/site-packages/airflow/example_dags/example_nested_branch_dag.py took 0.053 seconds
[2024-04-09T16:44:57.226+0000] {processor.py:161} INFO - Started process (PID=1150) to work on /home/airflow/.local/lib/python3.8/site-packages/airflow/example_dags/example_nested_branch_dag.py
[2024-04-09T16:44:57.228+0000] {processor.py:830} INFO - Processing file /home/airflow/.local/lib/python3.8/site-packages/airflow/example_dags/example_nested_branch_dag.py for tasks to queue
[2024-04-09T16:44:57.229+0000] {logging_mixin.py:188} INFO - [2024-04-09T16:44:57.229+0000] {dagbag.py:540} INFO - Filling up the DagBag from /home/airflow/.local/lib/python3.8/site-packages/airflow/example_dags/example_nested_branch_dag.py
[2024-04-09T16:44:57.234+0000] {processor.py:840} INFO - DAG(s) 'example_nested_branch_dag' retrieved from /home/airflow/.local/lib/python3.8/site-packages/airflow/example_dags/example_nested_branch_dag.py
[2024-04-09T16:44:57.244+0000] {logging_mixin.py:188} INFO - [2024-04-09T16:44:57.244+0000] {dag.py:3047} INFO - Sync 1 DAGs
[2024-04-09T16:44:57.253+0000] {logging_mixin.py:188} INFO - [2024-04-09T16:44:57.253+0000] {dag.py:3834} INFO - Setting next_dagrun for example_nested_branch_dag to 2024-04-08 00:00:00+00:00, run_after=2024-04-09 00:00:00+00:00
[2024-04-09T16:44:57.260+0000] {processor.py:183} INFO - Processing /home/airflow/.local/lib/python3.8/site-packages/airflow/example_dags/example_nested_branch_dag.py took 0.036 seconds
[2024-04-09T16:45:27.572+0000] {processor.py:161} INFO - Started process (PID=1209) to work on /home/airflow/.local/lib/python3.8/site-packages/airflow/example_dags/example_nested_branch_dag.py
[2024-04-09T16:45:27.574+0000] {processor.py:830} INFO - Processing file /home/airflow/.local/lib/python3.8/site-packages/airflow/example_dags/example_nested_branch_dag.py for tasks to queue
[2024-04-09T16:45:27.576+0000] {logging_mixin.py:188} INFO - [2024-04-09T16:45:27.575+0000] {dagbag.py:540} INFO - Filling up the DagBag from /home/airflow/.local/lib/python3.8/site-packages/airflow/example_dags/example_nested_branch_dag.py
[2024-04-09T16:45:27.583+0000] {processor.py:840} INFO - DAG(s) 'example_nested_branch_dag' retrieved from /home/airflow/.local/lib/python3.8/site-packages/airflow/example_dags/example_nested_branch_dag.py
[2024-04-09T16:45:27.595+0000] {logging_mixin.py:188} INFO - [2024-04-09T16:45:27.595+0000] {dag.py:3047} INFO - Sync 1 DAGs
[2024-04-09T16:45:27.604+0000] {logging_mixin.py:188} INFO - [2024-04-09T16:45:27.604+0000] {dag.py:3834} INFO - Setting next_dagrun for example_nested_branch_dag to 2024-04-08 00:00:00+00:00, run_after=2024-04-09 00:00:00+00:00
[2024-04-09T16:45:27.612+0000] {processor.py:183} INFO - Processing /home/airflow/.local/lib/python3.8/site-packages/airflow/example_dags/example_nested_branch_dag.py took 0.043 seconds
[2024-04-09T16:45:58.200+0000] {processor.py:161} INFO - Started process (PID=1271) to work on /home/airflow/.local/lib/python3.8/site-packages/airflow/example_dags/example_nested_branch_dag.py
[2024-04-09T16:45:58.201+0000] {processor.py:830} INFO - Processing file /home/airflow/.local/lib/python3.8/site-packages/airflow/example_dags/example_nested_branch_dag.py for tasks to queue
[2024-04-09T16:45:58.202+0000] {logging_mixin.py:188} INFO - [2024-04-09T16:45:58.202+0000] {dagbag.py:540} INFO - Filling up the DagBag from /home/airflow/.local/lib/python3.8/site-packages/airflow/example_dags/example_nested_branch_dag.py
[2024-04-09T16:45:58.211+0000] {processor.py:840} INFO - DAG(s) 'example_nested_branch_dag' retrieved from /home/airflow/.local/lib/python3.8/site-packages/airflow/example_dags/example_nested_branch_dag.py
[2024-04-09T16:45:58.228+0000] {logging_mixin.py:188} INFO - [2024-04-09T16:45:58.228+0000] {dag.py:3047} INFO - Sync 1 DAGs
[2024-04-09T16:45:58.244+0000] {logging_mixin.py:188} INFO - [2024-04-09T16:45:58.244+0000] {dag.py:3834} INFO - Setting next_dagrun for example_nested_branch_dag to 2024-04-08 00:00:00+00:00, run_after=2024-04-09 00:00:00+00:00
[2024-04-09T16:45:58.254+0000] {processor.py:183} INFO - Processing /home/airflow/.local/lib/python3.8/site-packages/airflow/example_dags/example_nested_branch_dag.py took 0.058 seconds
[2024-04-09T16:46:28.906+0000] {processor.py:161} INFO - Started process (PID=1335) to work on /home/airflow/.local/lib/python3.8/site-packages/airflow/example_dags/example_nested_branch_dag.py
[2024-04-09T16:46:28.907+0000] {processor.py:830} INFO - Processing file /home/airflow/.local/lib/python3.8/site-packages/airflow/example_dags/example_nested_branch_dag.py for tasks to queue
[2024-04-09T16:46:28.910+0000] {logging_mixin.py:188} INFO - [2024-04-09T16:46:28.910+0000] {dagbag.py:540} INFO - Filling up the DagBag from /home/airflow/.local/lib/python3.8/site-packages/airflow/example_dags/example_nested_branch_dag.py
[2024-04-09T16:46:28.922+0000] {processor.py:840} INFO - DAG(s) 'example_nested_branch_dag' retrieved from /home/airflow/.local/lib/python3.8/site-packages/airflow/example_dags/example_nested_branch_dag.py
[2024-04-09T16:46:28.948+0000] {logging_mixin.py:188} INFO - [2024-04-09T16:46:28.948+0000] {dag.py:3047} INFO - Sync 1 DAGs
[2024-04-09T16:46:28.963+0000] {logging_mixin.py:188} INFO - [2024-04-09T16:46:28.963+0000] {dag.py:3834} INFO - Setting next_dagrun for example_nested_branch_dag to 2024-04-08 00:00:00+00:00, run_after=2024-04-09 00:00:00+00:00
[2024-04-09T16:46:28.974+0000] {processor.py:183} INFO - Processing /home/airflow/.local/lib/python3.8/site-packages/airflow/example_dags/example_nested_branch_dag.py took 0.073 seconds
[2024-04-09T16:47:00.862+0000] {processor.py:161} INFO - Started process (PID=1412) to work on /home/airflow/.local/lib/python3.8/site-packages/airflow/example_dags/example_nested_branch_dag.py
[2024-04-09T16:47:00.871+0000] {processor.py:830} INFO - Processing file /home/airflow/.local/lib/python3.8/site-packages/airflow/example_dags/example_nested_branch_dag.py for tasks to queue
[2024-04-09T16:47:00.884+0000] {logging_mixin.py:188} INFO - [2024-04-09T16:47:00.884+0000] {dagbag.py:540} INFO - Filling up the DagBag from /home/airflow/.local/lib/python3.8/site-packages/airflow/example_dags/example_nested_branch_dag.py
[2024-04-09T16:47:00.923+0000] {processor.py:840} INFO - DAG(s) 'example_nested_branch_dag' retrieved from /home/airflow/.local/lib/python3.8/site-packages/airflow/example_dags/example_nested_branch_dag.py
[2024-04-09T16:47:01.007+0000] {logging_mixin.py:188} INFO - [2024-04-09T16:47:01.006+0000] {dag.py:3047} INFO - Sync 1 DAGs
[2024-04-09T16:47:01.071+0000] {logging_mixin.py:188} INFO - [2024-04-09T16:47:01.071+0000] {dag.py:3834} INFO - Setting next_dagrun for example_nested_branch_dag to 2024-04-08 00:00:00+00:00, run_after=2024-04-09 00:00:00+00:00
[2024-04-09T16:47:01.130+0000] {processor.py:183} INFO - Processing /home/airflow/.local/lib/python3.8/site-packages/airflow/example_dags/example_nested_branch_dag.py took 0.286 seconds
[2024-04-09T16:47:32.454+0000] {processor.py:161} INFO - Started process (PID=1489) to work on /home/airflow/.local/lib/python3.8/site-packages/airflow/example_dags/example_nested_branch_dag.py
[2024-04-09T16:47:32.459+0000] {processor.py:830} INFO - Processing file /home/airflow/.local/lib/python3.8/site-packages/airflow/example_dags/example_nested_branch_dag.py for tasks to queue
[2024-04-09T16:47:32.468+0000] {logging_mixin.py:188} INFO - [2024-04-09T16:47:32.467+0000] {dagbag.py:540} INFO - Filling up the DagBag from /home/airflow/.local/lib/python3.8/site-packages/airflow/example_dags/example_nested_branch_dag.py
[2024-04-09T16:47:32.505+0000] {processor.py:840} INFO - DAG(s) 'example_nested_branch_dag' retrieved from /home/airflow/.local/lib/python3.8/site-packages/airflow/example_dags/example_nested_branch_dag.py
[2024-04-09T16:47:32.630+0000] {logging_mixin.py:188} INFO - [2024-04-09T16:47:32.629+0000] {dag.py:3047} INFO - Sync 1 DAGs
[2024-04-09T16:47:32.730+0000] {logging_mixin.py:188} INFO - [2024-04-09T16:47:32.729+0000] {dag.py:3834} INFO - Setting next_dagrun for example_nested_branch_dag to 2024-04-08 00:00:00+00:00, run_after=2024-04-09 00:00:00+00:00
[2024-04-09T16:47:32.803+0000] {processor.py:183} INFO - Processing /home/airflow/.local/lib/python3.8/site-packages/airflow/example_dags/example_nested_branch_dag.py took 0.368 seconds
[2024-04-09T16:48:03.892+0000] {processor.py:161} INFO - Started process (PID=1547) to work on /home/airflow/.local/lib/python3.8/site-packages/airflow/example_dags/example_nested_branch_dag.py
[2024-04-09T16:48:03.903+0000] {processor.py:830} INFO - Processing file /home/airflow/.local/lib/python3.8/site-packages/airflow/example_dags/example_nested_branch_dag.py for tasks to queue
[2024-04-09T16:48:03.913+0000] {logging_mixin.py:188} INFO - [2024-04-09T16:48:03.912+0000] {dagbag.py:540} INFO - Filling up the DagBag from /home/airflow/.local/lib/python3.8/site-packages/airflow/example_dags/example_nested_branch_dag.py
[2024-04-09T16:48:03.972+0000] {processor.py:840} INFO - DAG(s) 'example_nested_branch_dag' retrieved from /home/airflow/.local/lib/python3.8/site-packages/airflow/example_dags/example_nested_branch_dag.py
[2024-04-09T16:48:04.057+0000] {logging_mixin.py:188} INFO - [2024-04-09T16:48:04.057+0000] {dag.py:3047} INFO - Sync 1 DAGs
[2024-04-09T16:48:04.109+0000] {logging_mixin.py:188} INFO - [2024-04-09T16:48:04.108+0000] {dag.py:3834} INFO - Setting next_dagrun for example_nested_branch_dag to 2024-04-08 00:00:00+00:00, run_after=2024-04-09 00:00:00+00:00
[2024-04-09T16:48:04.143+0000] {processor.py:183} INFO - Processing /home/airflow/.local/lib/python3.8/site-packages/airflow/example_dags/example_nested_branch_dag.py took 0.283 seconds
[2024-04-09T16:48:34.943+0000] {processor.py:161} INFO - Started process (PID=1604) to work on /home/airflow/.local/lib/python3.8/site-packages/airflow/example_dags/example_nested_branch_dag.py
[2024-04-09T16:48:34.944+0000] {processor.py:830} INFO - Processing file /home/airflow/.local/lib/python3.8/site-packages/airflow/example_dags/example_nested_branch_dag.py for tasks to queue
[2024-04-09T16:48:34.947+0000] {logging_mixin.py:188} INFO - [2024-04-09T16:48:34.946+0000] {dagbag.py:540} INFO - Filling up the DagBag from /home/airflow/.local/lib/python3.8/site-packages/airflow/example_dags/example_nested_branch_dag.py
[2024-04-09T16:48:34.958+0000] {processor.py:840} INFO - DAG(s) 'example_nested_branch_dag' retrieved from /home/airflow/.local/lib/python3.8/site-packages/airflow/example_dags/example_nested_branch_dag.py
[2024-04-09T16:48:34.975+0000] {logging_mixin.py:188} INFO - [2024-04-09T16:48:34.975+0000] {dag.py:3047} INFO - Sync 1 DAGs
[2024-04-09T16:48:34.987+0000] {logging_mixin.py:188} INFO - [2024-04-09T16:48:34.987+0000] {dag.py:3834} INFO - Setting next_dagrun for example_nested_branch_dag to 2024-04-08 00:00:00+00:00, run_after=2024-04-09 00:00:00+00:00
[2024-04-09T16:48:34.996+0000] {processor.py:183} INFO - Processing /home/airflow/.local/lib/python3.8/site-packages/airflow/example_dags/example_nested_branch_dag.py took 0.059 seconds
[2024-04-09T16:49:05.336+0000] {processor.py:161} INFO - Started process (PID=1661) to work on /home/airflow/.local/lib/python3.8/site-packages/airflow/example_dags/example_nested_branch_dag.py
[2024-04-09T16:49:05.339+0000] {processor.py:830} INFO - Processing file /home/airflow/.local/lib/python3.8/site-packages/airflow/example_dags/example_nested_branch_dag.py for tasks to queue
[2024-04-09T16:49:05.341+0000] {logging_mixin.py:188} INFO - [2024-04-09T16:49:05.341+0000] {dagbag.py:540} INFO - Filling up the DagBag from /home/airflow/.local/lib/python3.8/site-packages/airflow/example_dags/example_nested_branch_dag.py
[2024-04-09T16:49:05.352+0000] {processor.py:840} INFO - DAG(s) 'example_nested_branch_dag' retrieved from /home/airflow/.local/lib/python3.8/site-packages/airflow/example_dags/example_nested_branch_dag.py
[2024-04-09T16:49:05.369+0000] {logging_mixin.py:188} INFO - [2024-04-09T16:49:05.369+0000] {dag.py:3047} INFO - Sync 1 DAGs
[2024-04-09T16:49:05.381+0000] {logging_mixin.py:188} INFO - [2024-04-09T16:49:05.380+0000] {dag.py:3834} INFO - Setting next_dagrun for example_nested_branch_dag to 2024-04-08 00:00:00+00:00, run_after=2024-04-09 00:00:00+00:00
[2024-04-09T16:49:05.389+0000] {processor.py:183} INFO - Processing /home/airflow/.local/lib/python3.8/site-packages/airflow/example_dags/example_nested_branch_dag.py took 0.057 seconds
[2024-04-09T16:49:35.454+0000] {processor.py:161} INFO - Started process (PID=1718) to work on /home/airflow/.local/lib/python3.8/site-packages/airflow/example_dags/example_nested_branch_dag.py
[2024-04-09T16:49:35.455+0000] {processor.py:830} INFO - Processing file /home/airflow/.local/lib/python3.8/site-packages/airflow/example_dags/example_nested_branch_dag.py for tasks to queue
[2024-04-09T16:49:35.458+0000] {logging_mixin.py:188} INFO - [2024-04-09T16:49:35.458+0000] {dagbag.py:540} INFO - Filling up the DagBag from /home/airflow/.local/lib/python3.8/site-packages/airflow/example_dags/example_nested_branch_dag.py
[2024-04-09T16:49:35.470+0000] {processor.py:840} INFO - DAG(s) 'example_nested_branch_dag' retrieved from /home/airflow/.local/lib/python3.8/site-packages/airflow/example_dags/example_nested_branch_dag.py
[2024-04-09T16:49:35.488+0000] {logging_mixin.py:188} INFO - [2024-04-09T16:49:35.487+0000] {dag.py:3047} INFO - Sync 1 DAGs
[2024-04-09T16:49:35.500+0000] {logging_mixin.py:188} INFO - [2024-04-09T16:49:35.500+0000] {dag.py:3834} INFO - Setting next_dagrun for example_nested_branch_dag to 2024-04-08 00:00:00+00:00, run_after=2024-04-09 00:00:00+00:00
[2024-04-09T16:49:35.509+0000] {processor.py:183} INFO - Processing /home/airflow/.local/lib/python3.8/site-packages/airflow/example_dags/example_nested_branch_dag.py took 0.061 seconds
[2024-04-09T16:50:05.723+0000] {processor.py:161} INFO - Started process (PID=1775) to work on /home/airflow/.local/lib/python3.8/site-packages/airflow/example_dags/example_nested_branch_dag.py
[2024-04-09T16:50:05.725+0000] {processor.py:830} INFO - Processing file /home/airflow/.local/lib/python3.8/site-packages/airflow/example_dags/example_nested_branch_dag.py for tasks to queue
[2024-04-09T16:50:05.727+0000] {logging_mixin.py:188} INFO - [2024-04-09T16:50:05.727+0000] {dagbag.py:540} INFO - Filling up the DagBag from /home/airflow/.local/lib/python3.8/site-packages/airflow/example_dags/example_nested_branch_dag.py
[2024-04-09T16:50:05.740+0000] {processor.py:840} INFO - DAG(s) 'example_nested_branch_dag' retrieved from /home/airflow/.local/lib/python3.8/site-packages/airflow/example_dags/example_nested_branch_dag.py
[2024-04-09T16:50:05.755+0000] {logging_mixin.py:188} INFO - [2024-04-09T16:50:05.755+0000] {dag.py:3047} INFO - Sync 1 DAGs
[2024-04-09T16:50:05.769+0000] {logging_mixin.py:188} INFO - [2024-04-09T16:50:05.769+0000] {dag.py:3834} INFO - Setting next_dagrun for example_nested_branch_dag to 2024-04-08 00:00:00+00:00, run_after=2024-04-09 00:00:00+00:00
[2024-04-09T16:50:05.778+0000] {processor.py:183} INFO - Processing /home/airflow/.local/lib/python3.8/site-packages/airflow/example_dags/example_nested_branch_dag.py took 0.060 seconds
[2024-04-09T16:50:36.457+0000] {processor.py:161} INFO - Started process (PID=1832) to work on /home/airflow/.local/lib/python3.8/site-packages/airflow/example_dags/example_nested_branch_dag.py
[2024-04-09T16:50:36.459+0000] {processor.py:830} INFO - Processing file /home/airflow/.local/lib/python3.8/site-packages/airflow/example_dags/example_nested_branch_dag.py for tasks to queue
[2024-04-09T16:50:36.464+0000] {logging_mixin.py:188} INFO - [2024-04-09T16:50:36.463+0000] {dagbag.py:540} INFO - Filling up the DagBag from /home/airflow/.local/lib/python3.8/site-packages/airflow/example_dags/example_nested_branch_dag.py
[2024-04-09T16:50:36.476+0000] {processor.py:840} INFO - DAG(s) 'example_nested_branch_dag' retrieved from /home/airflow/.local/lib/python3.8/site-packages/airflow/example_dags/example_nested_branch_dag.py
[2024-04-09T16:50:36.493+0000] {logging_mixin.py:188} INFO - [2024-04-09T16:50:36.492+0000] {dag.py:3047} INFO - Sync 1 DAGs
[2024-04-09T16:50:36.506+0000] {logging_mixin.py:188} INFO - [2024-04-09T16:50:36.506+0000] {dag.py:3834} INFO - Setting next_dagrun for example_nested_branch_dag to 2024-04-08 00:00:00+00:00, run_after=2024-04-09 00:00:00+00:00
[2024-04-09T16:50:36.517+0000] {processor.py:183} INFO - Processing /home/airflow/.local/lib/python3.8/site-packages/airflow/example_dags/example_nested_branch_dag.py took 0.066 seconds
[2024-04-09T16:51:07.126+0000] {processor.py:161} INFO - Started process (PID=1890) to work on /home/airflow/.local/lib/python3.8/site-packages/airflow/example_dags/example_nested_branch_dag.py
[2024-04-09T16:51:07.128+0000] {processor.py:830} INFO - Processing file /home/airflow/.local/lib/python3.8/site-packages/airflow/example_dags/example_nested_branch_dag.py for tasks to queue
[2024-04-09T16:51:07.131+0000] {logging_mixin.py:188} INFO - [2024-04-09T16:51:07.130+0000] {dagbag.py:540} INFO - Filling up the DagBag from /home/airflow/.local/lib/python3.8/site-packages/airflow/example_dags/example_nested_branch_dag.py
[2024-04-09T16:51:07.143+0000] {processor.py:840} INFO - DAG(s) 'example_nested_branch_dag' retrieved from /home/airflow/.local/lib/python3.8/site-packages/airflow/example_dags/example_nested_branch_dag.py
[2024-04-09T16:51:07.160+0000] {logging_mixin.py:188} INFO - [2024-04-09T16:51:07.159+0000] {dag.py:3047} INFO - Sync 1 DAGs
[2024-04-09T16:51:07.172+0000] {logging_mixin.py:188} INFO - [2024-04-09T16:51:07.172+0000] {dag.py:3834} INFO - Setting next_dagrun for example_nested_branch_dag to 2024-04-08 00:00:00+00:00, run_after=2024-04-09 00:00:00+00:00
[2024-04-09T16:51:07.181+0000] {processor.py:183} INFO - Processing /home/airflow/.local/lib/python3.8/site-packages/airflow/example_dags/example_nested_branch_dag.py took 0.060 seconds
[2024-04-09T16:51:37.428+0000] {processor.py:161} INFO - Started process (PID=1948) to work on /home/airflow/.local/lib/python3.8/site-packages/airflow/example_dags/example_nested_branch_dag.py
[2024-04-09T16:51:37.431+0000] {processor.py:830} INFO - Processing file /home/airflow/.local/lib/python3.8/site-packages/airflow/example_dags/example_nested_branch_dag.py for tasks to queue
[2024-04-09T16:51:37.434+0000] {logging_mixin.py:188} INFO - [2024-04-09T16:51:37.433+0000] {dagbag.py:540} INFO - Filling up the DagBag from /home/airflow/.local/lib/python3.8/site-packages/airflow/example_dags/example_nested_branch_dag.py
[2024-04-09T16:51:37.444+0000] {processor.py:840} INFO - DAG(s) 'example_nested_branch_dag' retrieved from /home/airflow/.local/lib/python3.8/site-packages/airflow/example_dags/example_nested_branch_dag.py
[2024-04-09T16:51:37.461+0000] {logging_mixin.py:188} INFO - [2024-04-09T16:51:37.461+0000] {dag.py:3047} INFO - Sync 1 DAGs
[2024-04-09T16:51:37.474+0000] {logging_mixin.py:188} INFO - [2024-04-09T16:51:37.474+0000] {dag.py:3834} INFO - Setting next_dagrun for example_nested_branch_dag to 2024-04-08 00:00:00+00:00, run_after=2024-04-09 00:00:00+00:00
[2024-04-09T16:51:37.483+0000] {processor.py:183} INFO - Processing /home/airflow/.local/lib/python3.8/site-packages/airflow/example_dags/example_nested_branch_dag.py took 0.059 seconds
[2024-04-09T16:52:08.244+0000] {processor.py:161} INFO - Started process (PID=2006) to work on /home/airflow/.local/lib/python3.8/site-packages/airflow/example_dags/example_nested_branch_dag.py
[2024-04-09T16:52:08.246+0000] {processor.py:830} INFO - Processing file /home/airflow/.local/lib/python3.8/site-packages/airflow/example_dags/example_nested_branch_dag.py for tasks to queue
[2024-04-09T16:52:08.251+0000] {logging_mixin.py:188} INFO - [2024-04-09T16:52:08.251+0000] {dagbag.py:540} INFO - Filling up the DagBag from /home/airflow/.local/lib/python3.8/site-packages/airflow/example_dags/example_nested_branch_dag.py
[2024-04-09T16:52:08.258+0000] {processor.py:840} INFO - DAG(s) 'example_nested_branch_dag' retrieved from /home/airflow/.local/lib/python3.8/site-packages/airflow/example_dags/example_nested_branch_dag.py
[2024-04-09T16:52:08.269+0000] {logging_mixin.py:188} INFO - [2024-04-09T16:52:08.269+0000] {dag.py:3047} INFO - Sync 1 DAGs
[2024-04-09T16:52:08.281+0000] {logging_mixin.py:188} INFO - [2024-04-09T16:52:08.281+0000] {dag.py:3834} INFO - Setting next_dagrun for example_nested_branch_dag to 2024-04-08 00:00:00+00:00, run_after=2024-04-09 00:00:00+00:00
[2024-04-09T16:52:08.289+0000] {processor.py:183} INFO - Processing /home/airflow/.local/lib/python3.8/site-packages/airflow/example_dags/example_nested_branch_dag.py took 0.048 seconds
[2024-04-09T16:52:38.650+0000] {processor.py:161} INFO - Started process (PID=2086) to work on /home/airflow/.local/lib/python3.8/site-packages/airflow/example_dags/example_nested_branch_dag.py
[2024-04-09T16:52:38.653+0000] {processor.py:830} INFO - Processing file /home/airflow/.local/lib/python3.8/site-packages/airflow/example_dags/example_nested_branch_dag.py for tasks to queue
[2024-04-09T16:52:38.656+0000] {logging_mixin.py:188} INFO - [2024-04-09T16:52:38.656+0000] {dagbag.py:540} INFO - Filling up the DagBag from /home/airflow/.local/lib/python3.8/site-packages/airflow/example_dags/example_nested_branch_dag.py
[2024-04-09T16:52:38.667+0000] {processor.py:840} INFO - DAG(s) 'example_nested_branch_dag' retrieved from /home/airflow/.local/lib/python3.8/site-packages/airflow/example_dags/example_nested_branch_dag.py
[2024-04-09T16:52:38.685+0000] {logging_mixin.py:188} INFO - [2024-04-09T16:52:38.685+0000] {dag.py:3047} INFO - Sync 1 DAGs
[2024-04-09T16:52:38.697+0000] {logging_mixin.py:188} INFO - [2024-04-09T16:52:38.697+0000] {dag.py:3834} INFO - Setting next_dagrun for example_nested_branch_dag to 2024-04-08 00:00:00+00:00, run_after=2024-04-09 00:00:00+00:00
[2024-04-09T16:52:38.706+0000] {processor.py:183} INFO - Processing /home/airflow/.local/lib/python3.8/site-packages/airflow/example_dags/example_nested_branch_dag.py took 0.060 seconds
[2024-04-09T16:53:09.055+0000] {processor.py:161} INFO - Started process (PID=2162) to work on /home/airflow/.local/lib/python3.8/site-packages/airflow/example_dags/example_nested_branch_dag.py
[2024-04-09T16:53:09.059+0000] {processor.py:830} INFO - Processing file /home/airflow/.local/lib/python3.8/site-packages/airflow/example_dags/example_nested_branch_dag.py for tasks to queue
[2024-04-09T16:53:09.065+0000] {logging_mixin.py:188} INFO - [2024-04-09T16:53:09.065+0000] {dagbag.py:540} INFO - Filling up the DagBag from /home/airflow/.local/lib/python3.8/site-packages/airflow/example_dags/example_nested_branch_dag.py
[2024-04-09T16:53:09.077+0000] {processor.py:840} INFO - DAG(s) 'example_nested_branch_dag' retrieved from /home/airflow/.local/lib/python3.8/site-packages/airflow/example_dags/example_nested_branch_dag.py
[2024-04-09T16:53:09.098+0000] {logging_mixin.py:188} INFO - [2024-04-09T16:53:09.098+0000] {dag.py:3047} INFO - Sync 1 DAGs
[2024-04-09T16:53:09.128+0000] {logging_mixin.py:188} INFO - [2024-04-09T16:53:09.127+0000] {dag.py:3834} INFO - Setting next_dagrun for example_nested_branch_dag to 2024-04-08 00:00:00+00:00, run_after=2024-04-09 00:00:00+00:00
[2024-04-09T16:53:09.141+0000] {processor.py:183} INFO - Processing /home/airflow/.local/lib/python3.8/site-packages/airflow/example_dags/example_nested_branch_dag.py took 0.093 seconds
[2024-04-09T16:53:39.974+0000] {processor.py:161} INFO - Started process (PID=2241) to work on /home/airflow/.local/lib/python3.8/site-packages/airflow/example_dags/example_nested_branch_dag.py
[2024-04-09T16:53:39.976+0000] {processor.py:830} INFO - Processing file /home/airflow/.local/lib/python3.8/site-packages/airflow/example_dags/example_nested_branch_dag.py for tasks to queue
[2024-04-09T16:53:39.980+0000] {logging_mixin.py:188} INFO - [2024-04-09T16:53:39.979+0000] {dagbag.py:540} INFO - Filling up the DagBag from /home/airflow/.local/lib/python3.8/site-packages/airflow/example_dags/example_nested_branch_dag.py
[2024-04-09T16:53:40.044+0000] {processor.py:840} INFO - DAG(s) 'example_nested_branch_dag' retrieved from /home/airflow/.local/lib/python3.8/site-packages/airflow/example_dags/example_nested_branch_dag.py
[2024-04-09T16:53:40.129+0000] {logging_mixin.py:188} INFO - [2024-04-09T16:53:40.129+0000] {dag.py:3047} INFO - Sync 1 DAGs
[2024-04-09T16:53:40.188+0000] {logging_mixin.py:188} INFO - [2024-04-09T16:53:40.186+0000] {dag.py:3834} INFO - Setting next_dagrun for example_nested_branch_dag to 2024-04-08 00:00:00+00:00, run_after=2024-04-09 00:00:00+00:00
[2024-04-09T16:53:40.236+0000] {processor.py:183} INFO - Processing /home/airflow/.local/lib/python3.8/site-packages/airflow/example_dags/example_nested_branch_dag.py took 0.268 seconds
[2024-04-09T16:54:11.007+0000] {processor.py:161} INFO - Started process (PID=2315) to work on /home/airflow/.local/lib/python3.8/site-packages/airflow/example_dags/example_nested_branch_dag.py
[2024-04-09T16:54:11.011+0000] {processor.py:830} INFO - Processing file /home/airflow/.local/lib/python3.8/site-packages/airflow/example_dags/example_nested_branch_dag.py for tasks to queue
[2024-04-09T16:54:11.058+0000] {logging_mixin.py:188} INFO - [2024-04-09T16:54:11.057+0000] {dagbag.py:540} INFO - Filling up the DagBag from /home/airflow/.local/lib/python3.8/site-packages/airflow/example_dags/example_nested_branch_dag.py
[2024-04-09T16:54:11.123+0000] {processor.py:840} INFO - DAG(s) 'example_nested_branch_dag' retrieved from /home/airflow/.local/lib/python3.8/site-packages/airflow/example_dags/example_nested_branch_dag.py
[2024-04-09T16:54:11.215+0000] {logging_mixin.py:188} INFO - [2024-04-09T16:54:11.213+0000] {dag.py:3047} INFO - Sync 1 DAGs
[2024-04-09T16:54:11.294+0000] {logging_mixin.py:188} INFO - [2024-04-09T16:54:11.294+0000] {dag.py:3834} INFO - Setting next_dagrun for example_nested_branch_dag to 2024-04-08 00:00:00+00:00, run_after=2024-04-09 00:00:00+00:00
[2024-04-09T16:54:11.335+0000] {processor.py:183} INFO - Processing /home/airflow/.local/lib/python3.8/site-packages/airflow/example_dags/example_nested_branch_dag.py took 0.359 seconds
