[2024-04-09T16:35:16.825+0000] {processor.py:161} INFO - Started process (PID=56) to work on /home/airflow/.local/lib/python3.8/site-packages/airflow/example_dags/example_xcom.py
[2024-04-09T16:35:16.826+0000] {processor.py:830} INFO - Processing file /home/airflow/.local/lib/python3.8/site-packages/airflow/example_dags/example_xcom.py for tasks to queue
[2024-04-09T16:35:16.827+0000] {logging_mixin.py:188} INFO - [2024-04-09T16:35:16.827+0000] {dagbag.py:540} INFO - Filling up the DagBag from /home/airflow/.local/lib/python3.8/site-packages/airflow/example_dags/example_xcom.py
[2024-04-09T16:35:16.835+0000] {processor.py:840} INFO - DAG(s) 'example_xcom' retrieved from /home/airflow/.local/lib/python3.8/site-packages/airflow/example_dags/example_xcom.py
[2024-04-09T16:35:16.853+0000] {logging_mixin.py:188} INFO - [2024-04-09T16:35:16.853+0000] {dag.py:3047} INFO - Sync 1 DAGs
[2024-04-09T16:35:16.869+0000] {logging_mixin.py:188} INFO - [2024-04-09T16:35:16.869+0000] {dag.py:3834} INFO - Setting next_dagrun for example_xcom to 2021-01-01 00:00:00+00:00, run_after=2021-01-01 00:00:00+00:00
[2024-04-09T16:35:16.880+0000] {processor.py:183} INFO - Processing /home/airflow/.local/lib/python3.8/site-packages/airflow/example_dags/example_xcom.py took 0.057 seconds
[2024-04-09T16:35:46.952+0000] {processor.py:161} INFO - Started process (PID=111) to work on /home/airflow/.local/lib/python3.8/site-packages/airflow/example_dags/example_xcom.py
[2024-04-09T16:35:46.953+0000] {processor.py:830} INFO - Processing file /home/airflow/.local/lib/python3.8/site-packages/airflow/example_dags/example_xcom.py for tasks to queue
[2024-04-09T16:35:46.955+0000] {logging_mixin.py:188} INFO - [2024-04-09T16:35:46.954+0000] {dagbag.py:540} INFO - Filling up the DagBag from /home/airflow/.local/lib/python3.8/site-packages/airflow/example_dags/example_xcom.py
[2024-04-09T16:35:46.959+0000] {processor.py:840} INFO - DAG(s) 'example_xcom' retrieved from /home/airflow/.local/lib/python3.8/site-packages/airflow/example_dags/example_xcom.py
[2024-04-09T16:35:47.009+0000] {logging_mixin.py:188} INFO - [2024-04-09T16:35:47.009+0000] {dag.py:3047} INFO - Sync 1 DAGs
[2024-04-09T16:35:47.018+0000] {logging_mixin.py:188} INFO - [2024-04-09T16:35:47.017+0000] {dag.py:3834} INFO - Setting next_dagrun for example_xcom to 2021-01-01 00:00:00+00:00, run_after=2021-01-01 00:00:00+00:00
[2024-04-09T16:35:47.025+0000] {processor.py:183} INFO - Processing /home/airflow/.local/lib/python3.8/site-packages/airflow/example_dags/example_xcom.py took 0.075 seconds
[2024-04-09T16:36:17.769+0000] {processor.py:161} INFO - Started process (PID=168) to work on /home/airflow/.local/lib/python3.8/site-packages/airflow/example_dags/example_xcom.py
[2024-04-09T16:36:17.769+0000] {processor.py:830} INFO - Processing file /home/airflow/.local/lib/python3.8/site-packages/airflow/example_dags/example_xcom.py for tasks to queue
[2024-04-09T16:36:17.770+0000] {logging_mixin.py:188} INFO - [2024-04-09T16:36:17.770+0000] {dagbag.py:540} INFO - Filling up the DagBag from /home/airflow/.local/lib/python3.8/site-packages/airflow/example_dags/example_xcom.py
[2024-04-09T16:36:17.774+0000] {processor.py:840} INFO - DAG(s) 'example_xcom' retrieved from /home/airflow/.local/lib/python3.8/site-packages/airflow/example_dags/example_xcom.py
[2024-04-09T16:36:17.783+0000] {logging_mixin.py:188} INFO - [2024-04-09T16:36:17.783+0000] {dag.py:3047} INFO - Sync 1 DAGs
[2024-04-09T16:36:17.791+0000] {logging_mixin.py:188} INFO - [2024-04-09T16:36:17.791+0000] {dag.py:3834} INFO - Setting next_dagrun for example_xcom to 2021-01-01 00:00:00+00:00, run_after=2021-01-01 00:00:00+00:00
[2024-04-09T16:36:17.798+0000] {processor.py:183} INFO - Processing /home/airflow/.local/lib/python3.8/site-packages/airflow/example_dags/example_xcom.py took 0.031 seconds
[2024-04-09T16:36:48.559+0000] {processor.py:161} INFO - Started process (PID=225) to work on /home/airflow/.local/lib/python3.8/site-packages/airflow/example_dags/example_xcom.py
[2024-04-09T16:36:48.559+0000] {processor.py:830} INFO - Processing file /home/airflow/.local/lib/python3.8/site-packages/airflow/example_dags/example_xcom.py for tasks to queue
[2024-04-09T16:36:48.560+0000] {logging_mixin.py:188} INFO - [2024-04-09T16:36:48.560+0000] {dagbag.py:540} INFO - Filling up the DagBag from /home/airflow/.local/lib/python3.8/site-packages/airflow/example_dags/example_xcom.py
[2024-04-09T16:36:48.564+0000] {processor.py:840} INFO - DAG(s) 'example_xcom' retrieved from /home/airflow/.local/lib/python3.8/site-packages/airflow/example_dags/example_xcom.py
[2024-04-09T16:36:48.574+0000] {logging_mixin.py:188} INFO - [2024-04-09T16:36:48.574+0000] {dag.py:3047} INFO - Sync 1 DAGs
[2024-04-09T16:36:48.583+0000] {logging_mixin.py:188} INFO - [2024-04-09T16:36:48.583+0000] {dag.py:3834} INFO - Setting next_dagrun for example_xcom to 2021-01-01 00:00:00+00:00, run_after=2021-01-01 00:00:00+00:00
[2024-04-09T16:36:48.591+0000] {processor.py:183} INFO - Processing /home/airflow/.local/lib/python3.8/site-packages/airflow/example_dags/example_xcom.py took 0.034 seconds
[2024-04-09T16:37:18.688+0000] {processor.py:161} INFO - Started process (PID=282) to work on /home/airflow/.local/lib/python3.8/site-packages/airflow/example_dags/example_xcom.py
[2024-04-09T16:37:18.691+0000] {processor.py:830} INFO - Processing file /home/airflow/.local/lib/python3.8/site-packages/airflow/example_dags/example_xcom.py for tasks to queue
[2024-04-09T16:37:18.692+0000] {logging_mixin.py:188} INFO - [2024-04-09T16:37:18.692+0000] {dagbag.py:540} INFO - Filling up the DagBag from /home/airflow/.local/lib/python3.8/site-packages/airflow/example_dags/example_xcom.py
[2024-04-09T16:37:18.696+0000] {processor.py:840} INFO - DAG(s) 'example_xcom' retrieved from /home/airflow/.local/lib/python3.8/site-packages/airflow/example_dags/example_xcom.py
[2024-04-09T16:37:18.705+0000] {logging_mixin.py:188} INFO - [2024-04-09T16:37:18.705+0000] {dag.py:3047} INFO - Sync 1 DAGs
[2024-04-09T16:37:18.714+0000] {logging_mixin.py:188} INFO - [2024-04-09T16:37:18.714+0000] {dag.py:3834} INFO - Setting next_dagrun for example_xcom to 2021-01-01 00:00:00+00:00, run_after=2021-01-01 00:00:00+00:00
[2024-04-09T16:37:18.722+0000] {processor.py:183} INFO - Processing /home/airflow/.local/lib/python3.8/site-packages/airflow/example_dags/example_xcom.py took 0.035 seconds
[2024-04-09T16:37:49.331+0000] {processor.py:161} INFO - Started process (PID=339) to work on /home/airflow/.local/lib/python3.8/site-packages/airflow/example_dags/example_xcom.py
[2024-04-09T16:37:49.331+0000] {processor.py:830} INFO - Processing file /home/airflow/.local/lib/python3.8/site-packages/airflow/example_dags/example_xcom.py for tasks to queue
[2024-04-09T16:37:49.333+0000] {logging_mixin.py:188} INFO - [2024-04-09T16:37:49.333+0000] {dagbag.py:540} INFO - Filling up the DagBag from /home/airflow/.local/lib/python3.8/site-packages/airflow/example_dags/example_xcom.py
[2024-04-09T16:37:49.337+0000] {processor.py:840} INFO - DAG(s) 'example_xcom' retrieved from /home/airflow/.local/lib/python3.8/site-packages/airflow/example_dags/example_xcom.py
[2024-04-09T16:37:49.346+0000] {logging_mixin.py:188} INFO - [2024-04-09T16:37:49.346+0000] {dag.py:3047} INFO - Sync 1 DAGs
[2024-04-09T16:37:49.355+0000] {logging_mixin.py:188} INFO - [2024-04-09T16:37:49.354+0000] {dag.py:3834} INFO - Setting next_dagrun for example_xcom to 2021-01-01 00:00:00+00:00, run_after=2021-01-01 00:00:00+00:00
[2024-04-09T16:37:49.362+0000] {processor.py:183} INFO - Processing /home/airflow/.local/lib/python3.8/site-packages/airflow/example_dags/example_xcom.py took 0.032 seconds
[2024-04-09T16:38:20.237+0000] {processor.py:161} INFO - Started process (PID=396) to work on /home/airflow/.local/lib/python3.8/site-packages/airflow/example_dags/example_xcom.py
[2024-04-09T16:38:20.238+0000] {processor.py:830} INFO - Processing file /home/airflow/.local/lib/python3.8/site-packages/airflow/example_dags/example_xcom.py for tasks to queue
[2024-04-09T16:38:20.239+0000] {logging_mixin.py:188} INFO - [2024-04-09T16:38:20.239+0000] {dagbag.py:540} INFO - Filling up the DagBag from /home/airflow/.local/lib/python3.8/site-packages/airflow/example_dags/example_xcom.py
[2024-04-09T16:38:20.242+0000] {processor.py:840} INFO - DAG(s) 'example_xcom' retrieved from /home/airflow/.local/lib/python3.8/site-packages/airflow/example_dags/example_xcom.py
[2024-04-09T16:38:20.252+0000] {logging_mixin.py:188} INFO - [2024-04-09T16:38:20.252+0000] {dag.py:3047} INFO - Sync 1 DAGs
[2024-04-09T16:38:20.262+0000] {logging_mixin.py:188} INFO - [2024-04-09T16:38:20.261+0000] {dag.py:3834} INFO - Setting next_dagrun for example_xcom to 2021-01-01 00:00:00+00:00, run_after=2021-01-01 00:00:00+00:00
[2024-04-09T16:38:20.269+0000] {processor.py:183} INFO - Processing /home/airflow/.local/lib/python3.8/site-packages/airflow/example_dags/example_xcom.py took 0.033 seconds
[2024-04-09T16:38:50.941+0000] {processor.py:161} INFO - Started process (PID=453) to work on /home/airflow/.local/lib/python3.8/site-packages/airflow/example_dags/example_xcom.py
[2024-04-09T16:38:50.943+0000] {processor.py:830} INFO - Processing file /home/airflow/.local/lib/python3.8/site-packages/airflow/example_dags/example_xcom.py for tasks to queue
[2024-04-09T16:38:50.944+0000] {logging_mixin.py:188} INFO - [2024-04-09T16:38:50.944+0000] {dagbag.py:540} INFO - Filling up the DagBag from /home/airflow/.local/lib/python3.8/site-packages/airflow/example_dags/example_xcom.py
[2024-04-09T16:38:50.947+0000] {processor.py:840} INFO - DAG(s) 'example_xcom' retrieved from /home/airflow/.local/lib/python3.8/site-packages/airflow/example_dags/example_xcom.py
[2024-04-09T16:38:50.957+0000] {logging_mixin.py:188} INFO - [2024-04-09T16:38:50.957+0000] {dag.py:3047} INFO - Sync 1 DAGs
[2024-04-09T16:38:50.967+0000] {logging_mixin.py:188} INFO - [2024-04-09T16:38:50.967+0000] {dag.py:3834} INFO - Setting next_dagrun for example_xcom to 2021-01-01 00:00:00+00:00, run_after=2021-01-01 00:00:00+00:00
[2024-04-09T16:38:50.974+0000] {processor.py:183} INFO - Processing /home/airflow/.local/lib/python3.8/site-packages/airflow/example_dags/example_xcom.py took 0.035 seconds
[2024-04-09T16:39:21.701+0000] {processor.py:161} INFO - Started process (PID=510) to work on /home/airflow/.local/lib/python3.8/site-packages/airflow/example_dags/example_xcom.py
[2024-04-09T16:39:21.702+0000] {processor.py:830} INFO - Processing file /home/airflow/.local/lib/python3.8/site-packages/airflow/example_dags/example_xcom.py for tasks to queue
[2024-04-09T16:39:21.703+0000] {logging_mixin.py:188} INFO - [2024-04-09T16:39:21.703+0000] {dagbag.py:540} INFO - Filling up the DagBag from /home/airflow/.local/lib/python3.8/site-packages/airflow/example_dags/example_xcom.py
[2024-04-09T16:39:21.708+0000] {processor.py:840} INFO - DAG(s) 'example_xcom' retrieved from /home/airflow/.local/lib/python3.8/site-packages/airflow/example_dags/example_xcom.py
[2024-04-09T16:39:21.721+0000] {logging_mixin.py:188} INFO - [2024-04-09T16:39:21.721+0000] {dag.py:3047} INFO - Sync 1 DAGs
[2024-04-09T16:39:21.732+0000] {logging_mixin.py:188} INFO - [2024-04-09T16:39:21.731+0000] {dag.py:3834} INFO - Setting next_dagrun for example_xcom to 2021-01-01 00:00:00+00:00, run_after=2021-01-01 00:00:00+00:00
[2024-04-09T16:39:21.739+0000] {processor.py:183} INFO - Processing /home/airflow/.local/lib/python3.8/site-packages/airflow/example_dags/example_xcom.py took 0.039 seconds
[2024-04-09T16:39:52.009+0000] {processor.py:161} INFO - Started process (PID=567) to work on /home/airflow/.local/lib/python3.8/site-packages/airflow/example_dags/example_xcom.py
[2024-04-09T16:39:52.009+0000] {processor.py:830} INFO - Processing file /home/airflow/.local/lib/python3.8/site-packages/airflow/example_dags/example_xcom.py for tasks to queue
[2024-04-09T16:39:52.010+0000] {logging_mixin.py:188} INFO - [2024-04-09T16:39:52.010+0000] {dagbag.py:540} INFO - Filling up the DagBag from /home/airflow/.local/lib/python3.8/site-packages/airflow/example_dags/example_xcom.py
[2024-04-09T16:39:52.013+0000] {processor.py:840} INFO - DAG(s) 'example_xcom' retrieved from /home/airflow/.local/lib/python3.8/site-packages/airflow/example_dags/example_xcom.py
[2024-04-09T16:39:52.022+0000] {logging_mixin.py:188} INFO - [2024-04-09T16:39:52.022+0000] {dag.py:3047} INFO - Sync 1 DAGs
[2024-04-09T16:39:52.031+0000] {logging_mixin.py:188} INFO - [2024-04-09T16:39:52.031+0000] {dag.py:3834} INFO - Setting next_dagrun for example_xcom to 2021-01-01 00:00:00+00:00, run_after=2021-01-01 00:00:00+00:00
[2024-04-09T16:39:52.038+0000] {processor.py:183} INFO - Processing /home/airflow/.local/lib/python3.8/site-packages/airflow/example_dags/example_xcom.py took 0.031 seconds
[2024-04-09T16:40:22.217+0000] {processor.py:161} INFO - Started process (PID=624) to work on /home/airflow/.local/lib/python3.8/site-packages/airflow/example_dags/example_xcom.py
[2024-04-09T16:40:22.217+0000] {processor.py:830} INFO - Processing file /home/airflow/.local/lib/python3.8/site-packages/airflow/example_dags/example_xcom.py for tasks to queue
[2024-04-09T16:40:22.218+0000] {logging_mixin.py:188} INFO - [2024-04-09T16:40:22.218+0000] {dagbag.py:540} INFO - Filling up the DagBag from /home/airflow/.local/lib/python3.8/site-packages/airflow/example_dags/example_xcom.py
[2024-04-09T16:40:22.222+0000] {processor.py:840} INFO - DAG(s) 'example_xcom' retrieved from /home/airflow/.local/lib/python3.8/site-packages/airflow/example_dags/example_xcom.py
[2024-04-09T16:40:22.231+0000] {logging_mixin.py:188} INFO - [2024-04-09T16:40:22.231+0000] {dag.py:3047} INFO - Sync 1 DAGs
[2024-04-09T16:40:22.240+0000] {logging_mixin.py:188} INFO - [2024-04-09T16:40:22.240+0000] {dag.py:3834} INFO - Setting next_dagrun for example_xcom to 2021-01-01 00:00:00+00:00, run_after=2021-01-01 00:00:00+00:00
[2024-04-09T16:40:22.248+0000] {processor.py:183} INFO - Processing /home/airflow/.local/lib/python3.8/site-packages/airflow/example_dags/example_xcom.py took 0.032 seconds
[2024-04-09T16:40:52.398+0000] {processor.py:161} INFO - Started process (PID=682) to work on /home/airflow/.local/lib/python3.8/site-packages/airflow/example_dags/example_xcom.py
[2024-04-09T16:40:52.399+0000] {processor.py:830} INFO - Processing file /home/airflow/.local/lib/python3.8/site-packages/airflow/example_dags/example_xcom.py for tasks to queue
[2024-04-09T16:40:52.402+0000] {logging_mixin.py:188} INFO - [2024-04-09T16:40:52.402+0000] {dagbag.py:540} INFO - Filling up the DagBag from /home/airflow/.local/lib/python3.8/site-packages/airflow/example_dags/example_xcom.py
[2024-04-09T16:40:52.407+0000] {processor.py:840} INFO - DAG(s) 'example_xcom' retrieved from /home/airflow/.local/lib/python3.8/site-packages/airflow/example_dags/example_xcom.py
[2024-04-09T16:40:52.447+0000] {logging_mixin.py:188} INFO - [2024-04-09T16:40:52.447+0000] {dag.py:3047} INFO - Sync 1 DAGs
[2024-04-09T16:40:52.460+0000] {logging_mixin.py:188} INFO - [2024-04-09T16:40:52.460+0000] {dag.py:3834} INFO - Setting next_dagrun for example_xcom to 2021-01-01 00:00:00+00:00, run_after=2021-01-01 00:00:00+00:00
[2024-04-09T16:40:52.468+0000] {processor.py:183} INFO - Processing /home/airflow/.local/lib/python3.8/site-packages/airflow/example_dags/example_xcom.py took 0.071 seconds
[2024-04-09T16:41:22.593+0000] {processor.py:161} INFO - Started process (PID=739) to work on /home/airflow/.local/lib/python3.8/site-packages/airflow/example_dags/example_xcom.py
[2024-04-09T16:41:22.593+0000] {processor.py:830} INFO - Processing file /home/airflow/.local/lib/python3.8/site-packages/airflow/example_dags/example_xcom.py for tasks to queue
[2024-04-09T16:41:22.594+0000] {logging_mixin.py:188} INFO - [2024-04-09T16:41:22.594+0000] {dagbag.py:540} INFO - Filling up the DagBag from /home/airflow/.local/lib/python3.8/site-packages/airflow/example_dags/example_xcom.py
[2024-04-09T16:41:22.598+0000] {processor.py:840} INFO - DAG(s) 'example_xcom' retrieved from /home/airflow/.local/lib/python3.8/site-packages/airflow/example_dags/example_xcom.py
[2024-04-09T16:41:22.607+0000] {logging_mixin.py:188} INFO - [2024-04-09T16:41:22.607+0000] {dag.py:3047} INFO - Sync 1 DAGs
[2024-04-09T16:41:22.616+0000] {logging_mixin.py:188} INFO - [2024-04-09T16:41:22.616+0000] {dag.py:3834} INFO - Setting next_dagrun for example_xcom to 2021-01-01 00:00:00+00:00, run_after=2021-01-01 00:00:00+00:00
[2024-04-09T16:41:22.626+0000] {processor.py:183} INFO - Processing /home/airflow/.local/lib/python3.8/site-packages/airflow/example_dags/example_xcom.py took 0.035 seconds
[2024-04-09T16:41:53.113+0000] {processor.py:161} INFO - Started process (PID=797) to work on /home/airflow/.local/lib/python3.8/site-packages/airflow/example_dags/example_xcom.py
[2024-04-09T16:41:53.114+0000] {processor.py:830} INFO - Processing file /home/airflow/.local/lib/python3.8/site-packages/airflow/example_dags/example_xcom.py for tasks to queue
[2024-04-09T16:41:53.114+0000] {logging_mixin.py:188} INFO - [2024-04-09T16:41:53.114+0000] {dagbag.py:540} INFO - Filling up the DagBag from /home/airflow/.local/lib/python3.8/site-packages/airflow/example_dags/example_xcom.py
[2024-04-09T16:41:53.118+0000] {processor.py:840} INFO - DAG(s) 'example_xcom' retrieved from /home/airflow/.local/lib/python3.8/site-packages/airflow/example_dags/example_xcom.py
[2024-04-09T16:41:53.127+0000] {logging_mixin.py:188} INFO - [2024-04-09T16:41:53.127+0000] {dag.py:3047} INFO - Sync 1 DAGs
[2024-04-09T16:41:53.136+0000] {logging_mixin.py:188} INFO - [2024-04-09T16:41:53.136+0000] {dag.py:3834} INFO - Setting next_dagrun for example_xcom to 2021-01-01 00:00:00+00:00, run_after=2021-01-01 00:00:00+00:00
[2024-04-09T16:41:53.144+0000] {processor.py:183} INFO - Processing /home/airflow/.local/lib/python3.8/site-packages/airflow/example_dags/example_xcom.py took 0.033 seconds
[2024-04-09T16:42:23.754+0000] {processor.py:161} INFO - Started process (PID=855) to work on /home/airflow/.local/lib/python3.8/site-packages/airflow/example_dags/example_xcom.py
[2024-04-09T16:42:23.755+0000] {processor.py:830} INFO - Processing file /home/airflow/.local/lib/python3.8/site-packages/airflow/example_dags/example_xcom.py for tasks to queue
[2024-04-09T16:42:23.755+0000] {logging_mixin.py:188} INFO - [2024-04-09T16:42:23.755+0000] {dagbag.py:540} INFO - Filling up the DagBag from /home/airflow/.local/lib/python3.8/site-packages/airflow/example_dags/example_xcom.py
[2024-04-09T16:42:23.759+0000] {processor.py:840} INFO - DAG(s) 'example_xcom' retrieved from /home/airflow/.local/lib/python3.8/site-packages/airflow/example_dags/example_xcom.py
[2024-04-09T16:42:23.767+0000] {logging_mixin.py:188} INFO - [2024-04-09T16:42:23.767+0000] {dag.py:3047} INFO - Sync 1 DAGs
[2024-04-09T16:42:23.775+0000] {logging_mixin.py:188} INFO - [2024-04-09T16:42:23.775+0000] {dag.py:3834} INFO - Setting next_dagrun for example_xcom to 2021-01-01 00:00:00+00:00, run_after=2021-01-01 00:00:00+00:00
[2024-04-09T16:42:23.782+0000] {processor.py:183} INFO - Processing /home/airflow/.local/lib/python3.8/site-packages/airflow/example_dags/example_xcom.py took 0.029 seconds
[2024-04-09T16:42:54.619+0000] {processor.py:161} INFO - Started process (PID=913) to work on /home/airflow/.local/lib/python3.8/site-packages/airflow/example_dags/example_xcom.py
[2024-04-09T16:42:54.619+0000] {processor.py:830} INFO - Processing file /home/airflow/.local/lib/python3.8/site-packages/airflow/example_dags/example_xcom.py for tasks to queue
[2024-04-09T16:42:54.620+0000] {logging_mixin.py:188} INFO - [2024-04-09T16:42:54.620+0000] {dagbag.py:540} INFO - Filling up the DagBag from /home/airflow/.local/lib/python3.8/site-packages/airflow/example_dags/example_xcom.py
[2024-04-09T16:42:54.624+0000] {processor.py:840} INFO - DAG(s) 'example_xcom' retrieved from /home/airflow/.local/lib/python3.8/site-packages/airflow/example_dags/example_xcom.py
[2024-04-09T16:42:54.634+0000] {logging_mixin.py:188} INFO - [2024-04-09T16:42:54.634+0000] {dag.py:3047} INFO - Sync 1 DAGs
[2024-04-09T16:42:54.643+0000] {logging_mixin.py:188} INFO - [2024-04-09T16:42:54.642+0000] {dag.py:3834} INFO - Setting next_dagrun for example_xcom to 2021-01-01 00:00:00+00:00, run_after=2021-01-01 00:00:00+00:00
[2024-04-09T16:42:54.650+0000] {processor.py:183} INFO - Processing /home/airflow/.local/lib/python3.8/site-packages/airflow/example_dags/example_xcom.py took 0.032 seconds
[2024-04-09T16:43:25.406+0000] {processor.py:161} INFO - Started process (PID=971) to work on /home/airflow/.local/lib/python3.8/site-packages/airflow/example_dags/example_xcom.py
[2024-04-09T16:43:25.406+0000] {processor.py:830} INFO - Processing file /home/airflow/.local/lib/python3.8/site-packages/airflow/example_dags/example_xcom.py for tasks to queue
[2024-04-09T16:43:25.407+0000] {logging_mixin.py:188} INFO - [2024-04-09T16:43:25.407+0000] {dagbag.py:540} INFO - Filling up the DagBag from /home/airflow/.local/lib/python3.8/site-packages/airflow/example_dags/example_xcom.py
[2024-04-09T16:43:25.411+0000] {processor.py:840} INFO - DAG(s) 'example_xcom' retrieved from /home/airflow/.local/lib/python3.8/site-packages/airflow/example_dags/example_xcom.py
[2024-04-09T16:43:25.420+0000] {logging_mixin.py:188} INFO - [2024-04-09T16:43:25.420+0000] {dag.py:3047} INFO - Sync 1 DAGs
[2024-04-09T16:43:25.430+0000] {logging_mixin.py:188} INFO - [2024-04-09T16:43:25.430+0000] {dag.py:3834} INFO - Setting next_dagrun for example_xcom to 2021-01-01 00:00:00+00:00, run_after=2021-01-01 00:00:00+00:00
[2024-04-09T16:43:25.437+0000] {processor.py:183} INFO - Processing /home/airflow/.local/lib/python3.8/site-packages/airflow/example_dags/example_xcom.py took 0.033 seconds
[2024-04-09T16:43:55.558+0000] {processor.py:161} INFO - Started process (PID=1029) to work on /home/airflow/.local/lib/python3.8/site-packages/airflow/example_dags/example_xcom.py
[2024-04-09T16:43:55.560+0000] {processor.py:830} INFO - Processing file /home/airflow/.local/lib/python3.8/site-packages/airflow/example_dags/example_xcom.py for tasks to queue
[2024-04-09T16:43:55.561+0000] {logging_mixin.py:188} INFO - [2024-04-09T16:43:55.560+0000] {dagbag.py:540} INFO - Filling up the DagBag from /home/airflow/.local/lib/python3.8/site-packages/airflow/example_dags/example_xcom.py
[2024-04-09T16:43:55.564+0000] {processor.py:840} INFO - DAG(s) 'example_xcom' retrieved from /home/airflow/.local/lib/python3.8/site-packages/airflow/example_dags/example_xcom.py
[2024-04-09T16:43:55.574+0000] {logging_mixin.py:188} INFO - [2024-04-09T16:43:55.574+0000] {dag.py:3047} INFO - Sync 1 DAGs
[2024-04-09T16:43:55.583+0000] {logging_mixin.py:188} INFO - [2024-04-09T16:43:55.583+0000] {dag.py:3834} INFO - Setting next_dagrun for example_xcom to 2021-01-01 00:00:00+00:00, run_after=2021-01-01 00:00:00+00:00
[2024-04-09T16:43:55.590+0000] {processor.py:183} INFO - Processing /home/airflow/.local/lib/python3.8/site-packages/airflow/example_dags/example_xcom.py took 0.034 seconds
[2024-04-09T16:44:25.717+0000] {processor.py:161} INFO - Started process (PID=1087) to work on /home/airflow/.local/lib/python3.8/site-packages/airflow/example_dags/example_xcom.py
[2024-04-09T16:44:25.718+0000] {processor.py:830} INFO - Processing file /home/airflow/.local/lib/python3.8/site-packages/airflow/example_dags/example_xcom.py for tasks to queue
[2024-04-09T16:44:25.719+0000] {logging_mixin.py:188} INFO - [2024-04-09T16:44:25.719+0000] {dagbag.py:540} INFO - Filling up the DagBag from /home/airflow/.local/lib/python3.8/site-packages/airflow/example_dags/example_xcom.py
[2024-04-09T16:44:25.723+0000] {processor.py:840} INFO - DAG(s) 'example_xcom' retrieved from /home/airflow/.local/lib/python3.8/site-packages/airflow/example_dags/example_xcom.py
[2024-04-09T16:44:25.732+0000] {logging_mixin.py:188} INFO - [2024-04-09T16:44:25.732+0000] {dag.py:3047} INFO - Sync 1 DAGs
[2024-04-09T16:44:25.746+0000] {logging_mixin.py:188} INFO - [2024-04-09T16:44:25.746+0000] {dag.py:3834} INFO - Setting next_dagrun for example_xcom to 2021-01-01 00:00:00+00:00, run_after=2021-01-01 00:00:00+00:00
[2024-04-09T16:44:25.756+0000] {processor.py:183} INFO - Processing /home/airflow/.local/lib/python3.8/site-packages/airflow/example_dags/example_xcom.py took 0.041 seconds
[2024-04-09T16:44:56.097+0000] {processor.py:161} INFO - Started process (PID=1145) to work on /home/airflow/.local/lib/python3.8/site-packages/airflow/example_dags/example_xcom.py
[2024-04-09T16:44:56.098+0000] {processor.py:830} INFO - Processing file /home/airflow/.local/lib/python3.8/site-packages/airflow/example_dags/example_xcom.py for tasks to queue
[2024-04-09T16:44:56.099+0000] {logging_mixin.py:188} INFO - [2024-04-09T16:44:56.099+0000] {dagbag.py:540} INFO - Filling up the DagBag from /home/airflow/.local/lib/python3.8/site-packages/airflow/example_dags/example_xcom.py
[2024-04-09T16:44:56.102+0000] {processor.py:840} INFO - DAG(s) 'example_xcom' retrieved from /home/airflow/.local/lib/python3.8/site-packages/airflow/example_dags/example_xcom.py
[2024-04-09T16:44:56.111+0000] {logging_mixin.py:188} INFO - [2024-04-09T16:44:56.111+0000] {dag.py:3047} INFO - Sync 1 DAGs
[2024-04-09T16:44:56.119+0000] {logging_mixin.py:188} INFO - [2024-04-09T16:44:56.119+0000] {dag.py:3834} INFO - Setting next_dagrun for example_xcom to 2021-01-01 00:00:00+00:00, run_after=2021-01-01 00:00:00+00:00
[2024-04-09T16:44:56.126+0000] {processor.py:183} INFO - Processing /home/airflow/.local/lib/python3.8/site-packages/airflow/example_dags/example_xcom.py took 0.030 seconds
[2024-04-09T16:45:26.431+0000] {processor.py:161} INFO - Started process (PID=1204) to work on /home/airflow/.local/lib/python3.8/site-packages/airflow/example_dags/example_xcom.py
[2024-04-09T16:45:26.432+0000] {processor.py:830} INFO - Processing file /home/airflow/.local/lib/python3.8/site-packages/airflow/example_dags/example_xcom.py for tasks to queue
[2024-04-09T16:45:26.433+0000] {logging_mixin.py:188} INFO - [2024-04-09T16:45:26.433+0000] {dagbag.py:540} INFO - Filling up the DagBag from /home/airflow/.local/lib/python3.8/site-packages/airflow/example_dags/example_xcom.py
[2024-04-09T16:45:26.438+0000] {processor.py:840} INFO - DAG(s) 'example_xcom' retrieved from /home/airflow/.local/lib/python3.8/site-packages/airflow/example_dags/example_xcom.py
[2024-04-09T16:45:26.449+0000] {logging_mixin.py:188} INFO - [2024-04-09T16:45:26.449+0000] {dag.py:3047} INFO - Sync 1 DAGs
[2024-04-09T16:45:26.458+0000] {logging_mixin.py:188} INFO - [2024-04-09T16:45:26.458+0000] {dag.py:3834} INFO - Setting next_dagrun for example_xcom to 2021-01-01 00:00:00+00:00, run_after=2021-01-01 00:00:00+00:00
[2024-04-09T16:45:26.466+0000] {processor.py:183} INFO - Processing /home/airflow/.local/lib/python3.8/site-packages/airflow/example_dags/example_xcom.py took 0.037 seconds
[2024-04-09T16:45:57.022+0000] {processor.py:161} INFO - Started process (PID=1266) to work on /home/airflow/.local/lib/python3.8/site-packages/airflow/example_dags/example_xcom.py
[2024-04-09T16:45:57.023+0000] {processor.py:830} INFO - Processing file /home/airflow/.local/lib/python3.8/site-packages/airflow/example_dags/example_xcom.py for tasks to queue
[2024-04-09T16:45:57.024+0000] {logging_mixin.py:188} INFO - [2024-04-09T16:45:57.024+0000] {dagbag.py:540} INFO - Filling up the DagBag from /home/airflow/.local/lib/python3.8/site-packages/airflow/example_dags/example_xcom.py
[2024-04-09T16:45:57.028+0000] {processor.py:840} INFO - DAG(s) 'example_xcom' retrieved from /home/airflow/.local/lib/python3.8/site-packages/airflow/example_dags/example_xcom.py
[2024-04-09T16:45:57.037+0000] {logging_mixin.py:188} INFO - [2024-04-09T16:45:57.037+0000] {dag.py:3047} INFO - Sync 1 DAGs
[2024-04-09T16:45:57.046+0000] {logging_mixin.py:188} INFO - [2024-04-09T16:45:57.046+0000] {dag.py:3834} INFO - Setting next_dagrun for example_xcom to 2021-01-01 00:00:00+00:00, run_after=2021-01-01 00:00:00+00:00
[2024-04-09T16:45:57.053+0000] {processor.py:183} INFO - Processing /home/airflow/.local/lib/python3.8/site-packages/airflow/example_dags/example_xcom.py took 0.033 seconds
[2024-04-09T16:46:27.610+0000] {processor.py:161} INFO - Started process (PID=1324) to work on /home/airflow/.local/lib/python3.8/site-packages/airflow/example_dags/example_xcom.py
[2024-04-09T16:46:27.611+0000] {processor.py:830} INFO - Processing file /home/airflow/.local/lib/python3.8/site-packages/airflow/example_dags/example_xcom.py for tasks to queue
[2024-04-09T16:46:27.612+0000] {logging_mixin.py:188} INFO - [2024-04-09T16:46:27.612+0000] {dagbag.py:540} INFO - Filling up the DagBag from /home/airflow/.local/lib/python3.8/site-packages/airflow/example_dags/example_xcom.py
[2024-04-09T16:46:27.616+0000] {processor.py:840} INFO - DAG(s) 'example_xcom' retrieved from /home/airflow/.local/lib/python3.8/site-packages/airflow/example_dags/example_xcom.py
[2024-04-09T16:46:27.627+0000] {logging_mixin.py:188} INFO - [2024-04-09T16:46:27.627+0000] {dag.py:3047} INFO - Sync 1 DAGs
[2024-04-09T16:46:27.638+0000] {logging_mixin.py:188} INFO - [2024-04-09T16:46:27.638+0000] {dag.py:3834} INFO - Setting next_dagrun for example_xcom to 2021-01-01 00:00:00+00:00, run_after=2021-01-01 00:00:00+00:00
[2024-04-09T16:46:27.646+0000] {processor.py:183} INFO - Processing /home/airflow/.local/lib/python3.8/site-packages/airflow/example_dags/example_xcom.py took 0.037 seconds
[2024-04-09T16:46:59.403+0000] {processor.py:161} INFO - Started process (PID=1407) to work on /home/airflow/.local/lib/python3.8/site-packages/airflow/example_dags/example_xcom.py
[2024-04-09T16:46:59.410+0000] {processor.py:830} INFO - Processing file /home/airflow/.local/lib/python3.8/site-packages/airflow/example_dags/example_xcom.py for tasks to queue
[2024-04-09T16:46:59.425+0000] {logging_mixin.py:188} INFO - [2024-04-09T16:46:59.425+0000] {dagbag.py:540} INFO - Filling up the DagBag from /home/airflow/.local/lib/python3.8/site-packages/airflow/example_dags/example_xcom.py
[2024-04-09T16:46:59.504+0000] {processor.py:840} INFO - DAG(s) 'example_xcom' retrieved from /home/airflow/.local/lib/python3.8/site-packages/airflow/example_dags/example_xcom.py
[2024-04-09T16:46:59.577+0000] {logging_mixin.py:188} INFO - [2024-04-09T16:46:59.576+0000] {dag.py:3047} INFO - Sync 1 DAGs
[2024-04-09T16:46:59.628+0000] {logging_mixin.py:188} INFO - [2024-04-09T16:46:59.627+0000] {dag.py:3834} INFO - Setting next_dagrun for example_xcom to 2021-01-01 00:00:00+00:00, run_after=2021-01-01 00:00:00+00:00
[2024-04-09T16:46:59.729+0000] {processor.py:183} INFO - Processing /home/airflow/.local/lib/python3.8/site-packages/airflow/example_dags/example_xcom.py took 0.344 seconds
[2024-04-09T16:47:30.048+0000] {processor.py:161} INFO - Started process (PID=1484) to work on /home/airflow/.local/lib/python3.8/site-packages/airflow/example_dags/example_xcom.py
[2024-04-09T16:47:30.052+0000] {processor.py:830} INFO - Processing file /home/airflow/.local/lib/python3.8/site-packages/airflow/example_dags/example_xcom.py for tasks to queue
[2024-04-09T16:47:30.059+0000] {logging_mixin.py:188} INFO - [2024-04-09T16:47:30.058+0000] {dagbag.py:540} INFO - Filling up the DagBag from /home/airflow/.local/lib/python3.8/site-packages/airflow/example_dags/example_xcom.py
[2024-04-09T16:47:30.080+0000] {processor.py:840} INFO - DAG(s) 'example_xcom' retrieved from /home/airflow/.local/lib/python3.8/site-packages/airflow/example_dags/example_xcom.py
[2024-04-09T16:47:30.146+0000] {logging_mixin.py:188} INFO - [2024-04-09T16:47:30.146+0000] {dag.py:3047} INFO - Sync 1 DAGs
[2024-04-09T16:47:30.186+0000] {logging_mixin.py:188} INFO - [2024-04-09T16:47:30.185+0000] {dag.py:3834} INFO - Setting next_dagrun for example_xcom to 2021-01-01 00:00:00+00:00, run_after=2021-01-01 00:00:00+00:00
[2024-04-09T16:47:30.219+0000] {processor.py:183} INFO - Processing /home/airflow/.local/lib/python3.8/site-packages/airflow/example_dags/example_xcom.py took 0.180 seconds
[2024-04-09T16:48:01.751+0000] {processor.py:161} INFO - Started process (PID=1541) to work on /home/airflow/.local/lib/python3.8/site-packages/airflow/example_dags/example_xcom.py
[2024-04-09T16:48:01.758+0000] {processor.py:830} INFO - Processing file /home/airflow/.local/lib/python3.8/site-packages/airflow/example_dags/example_xcom.py for tasks to queue
[2024-04-09T16:48:01.766+0000] {logging_mixin.py:188} INFO - [2024-04-09T16:48:01.765+0000] {dagbag.py:540} INFO - Filling up the DagBag from /home/airflow/.local/lib/python3.8/site-packages/airflow/example_dags/example_xcom.py
[2024-04-09T16:48:01.808+0000] {processor.py:840} INFO - DAG(s) 'example_xcom' retrieved from /home/airflow/.local/lib/python3.8/site-packages/airflow/example_dags/example_xcom.py
[2024-04-09T16:48:01.894+0000] {logging_mixin.py:188} INFO - [2024-04-09T16:48:01.893+0000] {dag.py:3047} INFO - Sync 1 DAGs
[2024-04-09T16:48:01.953+0000] {logging_mixin.py:188} INFO - [2024-04-09T16:48:01.952+0000] {dag.py:3834} INFO - Setting next_dagrun for example_xcom to 2021-01-01 00:00:00+00:00, run_after=2021-01-01 00:00:00+00:00
[2024-04-09T16:48:01.987+0000] {processor.py:183} INFO - Processing /home/airflow/.local/lib/python3.8/site-packages/airflow/example_dags/example_xcom.py took 0.246 seconds
[2024-04-09T16:48:32.749+0000] {processor.py:161} INFO - Started process (PID=1598) to work on /home/airflow/.local/lib/python3.8/site-packages/airflow/example_dags/example_xcom.py
[2024-04-09T16:48:32.749+0000] {processor.py:830} INFO - Processing file /home/airflow/.local/lib/python3.8/site-packages/airflow/example_dags/example_xcom.py for tasks to queue
[2024-04-09T16:48:32.750+0000] {logging_mixin.py:188} INFO - [2024-04-09T16:48:32.750+0000] {dagbag.py:540} INFO - Filling up the DagBag from /home/airflow/.local/lib/python3.8/site-packages/airflow/example_dags/example_xcom.py
[2024-04-09T16:48:32.754+0000] {processor.py:840} INFO - DAG(s) 'example_xcom' retrieved from /home/airflow/.local/lib/python3.8/site-packages/airflow/example_dags/example_xcom.py
[2024-04-09T16:48:32.762+0000] {logging_mixin.py:188} INFO - [2024-04-09T16:48:32.762+0000] {dag.py:3047} INFO - Sync 1 DAGs
[2024-04-09T16:48:32.771+0000] {logging_mixin.py:188} INFO - [2024-04-09T16:48:32.771+0000] {dag.py:3834} INFO - Setting next_dagrun for example_xcom to 2021-01-01 00:00:00+00:00, run_after=2021-01-01 00:00:00+00:00
[2024-04-09T16:48:32.778+0000] {processor.py:183} INFO - Processing /home/airflow/.local/lib/python3.8/site-packages/airflow/example_dags/example_xcom.py took 0.030 seconds
[2024-04-09T16:49:03.154+0000] {processor.py:161} INFO - Started process (PID=1655) to work on /home/airflow/.local/lib/python3.8/site-packages/airflow/example_dags/example_xcom.py
[2024-04-09T16:49:03.155+0000] {processor.py:830} INFO - Processing file /home/airflow/.local/lib/python3.8/site-packages/airflow/example_dags/example_xcom.py for tasks to queue
[2024-04-09T16:49:03.156+0000] {logging_mixin.py:188} INFO - [2024-04-09T16:49:03.156+0000] {dagbag.py:540} INFO - Filling up the DagBag from /home/airflow/.local/lib/python3.8/site-packages/airflow/example_dags/example_xcom.py
[2024-04-09T16:49:03.160+0000] {processor.py:840} INFO - DAG(s) 'example_xcom' retrieved from /home/airflow/.local/lib/python3.8/site-packages/airflow/example_dags/example_xcom.py
[2024-04-09T16:49:03.169+0000] {logging_mixin.py:188} INFO - [2024-04-09T16:49:03.169+0000] {dag.py:3047} INFO - Sync 1 DAGs
[2024-04-09T16:49:03.178+0000] {logging_mixin.py:188} INFO - [2024-04-09T16:49:03.178+0000] {dag.py:3834} INFO - Setting next_dagrun for example_xcom to 2021-01-01 00:00:00+00:00, run_after=2021-01-01 00:00:00+00:00
[2024-04-09T16:49:03.185+0000] {processor.py:183} INFO - Processing /home/airflow/.local/lib/python3.8/site-packages/airflow/example_dags/example_xcom.py took 0.033 seconds
[2024-04-09T16:49:33.304+0000] {processor.py:161} INFO - Started process (PID=1712) to work on /home/airflow/.local/lib/python3.8/site-packages/airflow/example_dags/example_xcom.py
[2024-04-09T16:49:33.305+0000] {processor.py:830} INFO - Processing file /home/airflow/.local/lib/python3.8/site-packages/airflow/example_dags/example_xcom.py for tasks to queue
[2024-04-09T16:49:33.305+0000] {logging_mixin.py:188} INFO - [2024-04-09T16:49:33.305+0000] {dagbag.py:540} INFO - Filling up the DagBag from /home/airflow/.local/lib/python3.8/site-packages/airflow/example_dags/example_xcom.py
[2024-04-09T16:49:33.309+0000] {processor.py:840} INFO - DAG(s) 'example_xcom' retrieved from /home/airflow/.local/lib/python3.8/site-packages/airflow/example_dags/example_xcom.py
[2024-04-09T16:49:33.318+0000] {logging_mixin.py:188} INFO - [2024-04-09T16:49:33.317+0000] {dag.py:3047} INFO - Sync 1 DAGs
[2024-04-09T16:49:33.326+0000] {logging_mixin.py:188} INFO - [2024-04-09T16:49:33.326+0000] {dag.py:3834} INFO - Setting next_dagrun for example_xcom to 2021-01-01 00:00:00+00:00, run_after=2021-01-01 00:00:00+00:00
[2024-04-09T16:49:33.333+0000] {processor.py:183} INFO - Processing /home/airflow/.local/lib/python3.8/site-packages/airflow/example_dags/example_xcom.py took 0.030 seconds
[2024-04-09T16:50:03.538+0000] {processor.py:161} INFO - Started process (PID=1769) to work on /home/airflow/.local/lib/python3.8/site-packages/airflow/example_dags/example_xcom.py
[2024-04-09T16:50:03.539+0000] {processor.py:830} INFO - Processing file /home/airflow/.local/lib/python3.8/site-packages/airflow/example_dags/example_xcom.py for tasks to queue
[2024-04-09T16:50:03.540+0000] {logging_mixin.py:188} INFO - [2024-04-09T16:50:03.540+0000] {dagbag.py:540} INFO - Filling up the DagBag from /home/airflow/.local/lib/python3.8/site-packages/airflow/example_dags/example_xcom.py
[2024-04-09T16:50:03.544+0000] {processor.py:840} INFO - DAG(s) 'example_xcom' retrieved from /home/airflow/.local/lib/python3.8/site-packages/airflow/example_dags/example_xcom.py
[2024-04-09T16:50:03.554+0000] {logging_mixin.py:188} INFO - [2024-04-09T16:50:03.554+0000] {dag.py:3047} INFO - Sync 1 DAGs
[2024-04-09T16:50:03.563+0000] {logging_mixin.py:188} INFO - [2024-04-09T16:50:03.563+0000] {dag.py:3834} INFO - Setting next_dagrun for example_xcom to 2021-01-01 00:00:00+00:00, run_after=2021-01-01 00:00:00+00:00
[2024-04-09T16:50:03.570+0000] {processor.py:183} INFO - Processing /home/airflow/.local/lib/python3.8/site-packages/airflow/example_dags/example_xcom.py took 0.033 seconds
[2024-04-09T16:50:34.311+0000] {processor.py:161} INFO - Started process (PID=1826) to work on /home/airflow/.local/lib/python3.8/site-packages/airflow/example_dags/example_xcom.py
[2024-04-09T16:50:34.312+0000] {processor.py:830} INFO - Processing file /home/airflow/.local/lib/python3.8/site-packages/airflow/example_dags/example_xcom.py for tasks to queue
[2024-04-09T16:50:34.312+0000] {logging_mixin.py:188} INFO - [2024-04-09T16:50:34.312+0000] {dagbag.py:540} INFO - Filling up the DagBag from /home/airflow/.local/lib/python3.8/site-packages/airflow/example_dags/example_xcom.py
[2024-04-09T16:50:34.316+0000] {processor.py:840} INFO - DAG(s) 'example_xcom' retrieved from /home/airflow/.local/lib/python3.8/site-packages/airflow/example_dags/example_xcom.py
[2024-04-09T16:50:34.325+0000] {logging_mixin.py:188} INFO - [2024-04-09T16:50:34.325+0000] {dag.py:3047} INFO - Sync 1 DAGs
[2024-04-09T16:50:34.333+0000] {logging_mixin.py:188} INFO - [2024-04-09T16:50:34.333+0000] {dag.py:3834} INFO - Setting next_dagrun for example_xcom to 2021-01-01 00:00:00+00:00, run_after=2021-01-01 00:00:00+00:00
[2024-04-09T16:50:34.339+0000] {processor.py:183} INFO - Processing /home/airflow/.local/lib/python3.8/site-packages/airflow/example_dags/example_xcom.py took 0.029 seconds
[2024-04-09T16:51:04.946+0000] {processor.py:161} INFO - Started process (PID=1884) to work on /home/airflow/.local/lib/python3.8/site-packages/airflow/example_dags/example_xcom.py
[2024-04-09T16:51:04.946+0000] {processor.py:830} INFO - Processing file /home/airflow/.local/lib/python3.8/site-packages/airflow/example_dags/example_xcom.py for tasks to queue
[2024-04-09T16:51:04.947+0000] {logging_mixin.py:188} INFO - [2024-04-09T16:51:04.947+0000] {dagbag.py:540} INFO - Filling up the DagBag from /home/airflow/.local/lib/python3.8/site-packages/airflow/example_dags/example_xcom.py
[2024-04-09T16:51:04.951+0000] {processor.py:840} INFO - DAG(s) 'example_xcom' retrieved from /home/airflow/.local/lib/python3.8/site-packages/airflow/example_dags/example_xcom.py
[2024-04-09T16:51:04.962+0000] {logging_mixin.py:188} INFO - [2024-04-09T16:51:04.962+0000] {dag.py:3047} INFO - Sync 1 DAGs
[2024-04-09T16:51:04.971+0000] {logging_mixin.py:188} INFO - [2024-04-09T16:51:04.971+0000] {dag.py:3834} INFO - Setting next_dagrun for example_xcom to 2021-01-01 00:00:00+00:00, run_after=2021-01-01 00:00:00+00:00
[2024-04-09T16:51:04.978+0000] {processor.py:183} INFO - Processing /home/airflow/.local/lib/python3.8/site-packages/airflow/example_dags/example_xcom.py took 0.035 seconds
[2024-04-09T16:51:35.244+0000] {processor.py:161} INFO - Started process (PID=1942) to work on /home/airflow/.local/lib/python3.8/site-packages/airflow/example_dags/example_xcom.py
[2024-04-09T16:51:35.244+0000] {processor.py:830} INFO - Processing file /home/airflow/.local/lib/python3.8/site-packages/airflow/example_dags/example_xcom.py for tasks to queue
[2024-04-09T16:51:35.245+0000] {logging_mixin.py:188} INFO - [2024-04-09T16:51:35.245+0000] {dagbag.py:540} INFO - Filling up the DagBag from /home/airflow/.local/lib/python3.8/site-packages/airflow/example_dags/example_xcom.py
[2024-04-09T16:51:35.249+0000] {processor.py:840} INFO - DAG(s) 'example_xcom' retrieved from /home/airflow/.local/lib/python3.8/site-packages/airflow/example_dags/example_xcom.py
[2024-04-09T16:51:35.264+0000] {logging_mixin.py:188} INFO - [2024-04-09T16:51:35.263+0000] {dag.py:3047} INFO - Sync 1 DAGs
[2024-04-09T16:51:35.273+0000] {logging_mixin.py:188} INFO - [2024-04-09T16:51:35.273+0000] {dag.py:3834} INFO - Setting next_dagrun for example_xcom to 2021-01-01 00:00:00+00:00, run_after=2021-01-01 00:00:00+00:00
[2024-04-09T16:51:35.280+0000] {processor.py:183} INFO - Processing /home/airflow/.local/lib/python3.8/site-packages/airflow/example_dags/example_xcom.py took 0.037 seconds
[2024-04-09T16:52:06.103+0000] {processor.py:161} INFO - Started process (PID=2000) to work on /home/airflow/.local/lib/python3.8/site-packages/airflow/example_dags/example_xcom.py
[2024-04-09T16:52:06.103+0000] {processor.py:830} INFO - Processing file /home/airflow/.local/lib/python3.8/site-packages/airflow/example_dags/example_xcom.py for tasks to queue
[2024-04-09T16:52:06.104+0000] {logging_mixin.py:188} INFO - [2024-04-09T16:52:06.104+0000] {dagbag.py:540} INFO - Filling up the DagBag from /home/airflow/.local/lib/python3.8/site-packages/airflow/example_dags/example_xcom.py
[2024-04-09T16:52:06.108+0000] {processor.py:840} INFO - DAG(s) 'example_xcom' retrieved from /home/airflow/.local/lib/python3.8/site-packages/airflow/example_dags/example_xcom.py
[2024-04-09T16:52:06.122+0000] {logging_mixin.py:188} INFO - [2024-04-09T16:52:06.122+0000] {dag.py:3047} INFO - Sync 1 DAGs
[2024-04-09T16:52:06.132+0000] {logging_mixin.py:188} INFO - [2024-04-09T16:52:06.132+0000] {dag.py:3834} INFO - Setting next_dagrun for example_xcom to 2021-01-01 00:00:00+00:00, run_after=2021-01-01 00:00:00+00:00
[2024-04-09T16:52:06.139+0000] {processor.py:183} INFO - Processing /home/airflow/.local/lib/python3.8/site-packages/airflow/example_dags/example_xcom.py took 0.038 seconds
[2024-04-09T16:52:36.471+0000] {processor.py:161} INFO - Started process (PID=2080) to work on /home/airflow/.local/lib/python3.8/site-packages/airflow/example_dags/example_xcom.py
[2024-04-09T16:52:36.472+0000] {processor.py:830} INFO - Processing file /home/airflow/.local/lib/python3.8/site-packages/airflow/example_dags/example_xcom.py for tasks to queue
[2024-04-09T16:52:36.473+0000] {logging_mixin.py:188} INFO - [2024-04-09T16:52:36.473+0000] {dagbag.py:540} INFO - Filling up the DagBag from /home/airflow/.local/lib/python3.8/site-packages/airflow/example_dags/example_xcom.py
[2024-04-09T16:52:36.477+0000] {processor.py:840} INFO - DAG(s) 'example_xcom' retrieved from /home/airflow/.local/lib/python3.8/site-packages/airflow/example_dags/example_xcom.py
[2024-04-09T16:52:36.485+0000] {logging_mixin.py:188} INFO - [2024-04-09T16:52:36.485+0000] {dag.py:3047} INFO - Sync 1 DAGs
[2024-04-09T16:52:36.493+0000] {logging_mixin.py:188} INFO - [2024-04-09T16:52:36.493+0000] {dag.py:3834} INFO - Setting next_dagrun for example_xcom to 2021-01-01 00:00:00+00:00, run_after=2021-01-01 00:00:00+00:00
[2024-04-09T16:52:36.500+0000] {processor.py:183} INFO - Processing /home/airflow/.local/lib/python3.8/site-packages/airflow/example_dags/example_xcom.py took 0.030 seconds
[2024-04-09T16:53:06.693+0000] {processor.py:161} INFO - Started process (PID=2151) to work on /home/airflow/.local/lib/python3.8/site-packages/airflow/example_dags/example_xcom.py
[2024-04-09T16:53:06.694+0000] {processor.py:830} INFO - Processing file /home/airflow/.local/lib/python3.8/site-packages/airflow/example_dags/example_xcom.py for tasks to queue
[2024-04-09T16:53:06.696+0000] {logging_mixin.py:188} INFO - [2024-04-09T16:53:06.695+0000] {dagbag.py:540} INFO - Filling up the DagBag from /home/airflow/.local/lib/python3.8/site-packages/airflow/example_dags/example_xcom.py
[2024-04-09T16:53:06.700+0000] {processor.py:840} INFO - DAG(s) 'example_xcom' retrieved from /home/airflow/.local/lib/python3.8/site-packages/airflow/example_dags/example_xcom.py
[2024-04-09T16:53:06.710+0000] {logging_mixin.py:188} INFO - [2024-04-09T16:53:06.710+0000] {dag.py:3047} INFO - Sync 1 DAGs
[2024-04-09T16:53:06.719+0000] {logging_mixin.py:188} INFO - [2024-04-09T16:53:06.719+0000] {dag.py:3834} INFO - Setting next_dagrun for example_xcom to 2021-01-01 00:00:00+00:00, run_after=2021-01-01 00:00:00+00:00
[2024-04-09T16:53:06.727+0000] {processor.py:183} INFO - Processing /home/airflow/.local/lib/python3.8/site-packages/airflow/example_dags/example_xcom.py took 0.038 seconds
[2024-04-09T16:53:37.688+0000] {processor.py:161} INFO - Started process (PID=2231) to work on /home/airflow/.local/lib/python3.8/site-packages/airflow/example_dags/example_xcom.py
[2024-04-09T16:53:37.694+0000] {processor.py:830} INFO - Processing file /home/airflow/.local/lib/python3.8/site-packages/airflow/example_dags/example_xcom.py for tasks to queue
[2024-04-09T16:53:37.707+0000] {logging_mixin.py:188} INFO - [2024-04-09T16:53:37.706+0000] {dagbag.py:540} INFO - Filling up the DagBag from /home/airflow/.local/lib/python3.8/site-packages/airflow/example_dags/example_xcom.py
[2024-04-09T16:53:37.726+0000] {processor.py:840} INFO - DAG(s) 'example_xcom' retrieved from /home/airflow/.local/lib/python3.8/site-packages/airflow/example_dags/example_xcom.py
[2024-04-09T16:53:37.798+0000] {logging_mixin.py:188} INFO - [2024-04-09T16:53:37.798+0000] {dag.py:3047} INFO - Sync 1 DAGs
[2024-04-09T16:53:37.854+0000] {logging_mixin.py:188} INFO - [2024-04-09T16:53:37.853+0000] {dag.py:3834} INFO - Setting next_dagrun for example_xcom to 2021-01-01 00:00:00+00:00, run_after=2021-01-01 00:00:00+00:00
[2024-04-09T16:53:37.902+0000] {processor.py:183} INFO - Processing /home/airflow/.local/lib/python3.8/site-packages/airflow/example_dags/example_xcom.py took 0.230 seconds
[2024-04-09T16:54:08.942+0000] {processor.py:161} INFO - Started process (PID=2309) to work on /home/airflow/.local/lib/python3.8/site-packages/airflow/example_dags/example_xcom.py
[2024-04-09T16:54:08.948+0000] {processor.py:830} INFO - Processing file /home/airflow/.local/lib/python3.8/site-packages/airflow/example_dags/example_xcom.py for tasks to queue
[2024-04-09T16:54:08.966+0000] {logging_mixin.py:188} INFO - [2024-04-09T16:54:08.962+0000] {dagbag.py:540} INFO - Filling up the DagBag from /home/airflow/.local/lib/python3.8/site-packages/airflow/example_dags/example_xcom.py
[2024-04-09T16:54:09.014+0000] {processor.py:840} INFO - DAG(s) 'example_xcom' retrieved from /home/airflow/.local/lib/python3.8/site-packages/airflow/example_dags/example_xcom.py
[2024-04-09T16:54:09.150+0000] {logging_mixin.py:188} INFO - [2024-04-09T16:54:09.148+0000] {dag.py:3047} INFO - Sync 1 DAGs
[2024-04-09T16:54:09.260+0000] {logging_mixin.py:188} INFO - [2024-04-09T16:54:09.259+0000] {dag.py:3834} INFO - Setting next_dagrun for example_xcom to 2021-01-01 00:00:00+00:00, run_after=2021-01-01 00:00:00+00:00
[2024-04-09T16:54:09.376+0000] {processor.py:183} INFO - Processing /home/airflow/.local/lib/python3.8/site-packages/airflow/example_dags/example_xcom.py took 0.465 seconds
