[2024-04-09T16:35:20.569+0000] {processor.py:161} INFO - Started process (PID=87) to work on /home/airflow/.local/lib/python3.8/site-packages/airflow/example_dags/example_short_circuit_operator.py
[2024-04-09T16:35:20.569+0000] {processor.py:830} INFO - Processing file /home/airflow/.local/lib/python3.8/site-packages/airflow/example_dags/example_short_circuit_operator.py for tasks to queue
[2024-04-09T16:35:20.571+0000] {logging_mixin.py:188} INFO - [2024-04-09T16:35:20.571+0000] {dagbag.py:540} INFO - Filling up the DagBag from /home/airflow/.local/lib/python3.8/site-packages/airflow/example_dags/example_short_circuit_operator.py
[2024-04-09T16:35:20.578+0000] {processor.py:840} INFO - DAG(s) 'example_short_circuit_operator' retrieved from /home/airflow/.local/lib/python3.8/site-packages/airflow/example_dags/example_short_circuit_operator.py
[2024-04-09T16:35:20.597+0000] {logging_mixin.py:188} INFO - [2024-04-09T16:35:20.597+0000] {dag.py:3047} INFO - Sync 1 DAGs
[2024-04-09T16:35:20.622+0000] {logging_mixin.py:188} INFO - [2024-04-09T16:35:20.622+0000] {dag.py:3834} INFO - Setting next_dagrun for example_short_circuit_operator to 2024-04-08 00:00:00+00:00, run_after=2024-04-09 00:00:00+00:00
[2024-04-09T16:35:20.646+0000] {processor.py:183} INFO - Processing /home/airflow/.local/lib/python3.8/site-packages/airflow/example_dags/example_short_circuit_operator.py took 0.080 seconds
[2024-04-09T16:35:50.880+0000] {processor.py:161} INFO - Started process (PID=144) to work on /home/airflow/.local/lib/python3.8/site-packages/airflow/example_dags/example_short_circuit_operator.py
[2024-04-09T16:35:50.881+0000] {processor.py:830} INFO - Processing file /home/airflow/.local/lib/python3.8/site-packages/airflow/example_dags/example_short_circuit_operator.py for tasks to queue
[2024-04-09T16:35:50.882+0000] {logging_mixin.py:188} INFO - [2024-04-09T16:35:50.882+0000] {dagbag.py:540} INFO - Filling up the DagBag from /home/airflow/.local/lib/python3.8/site-packages/airflow/example_dags/example_short_circuit_operator.py
[2024-04-09T16:35:50.886+0000] {processor.py:840} INFO - DAG(s) 'example_short_circuit_operator' retrieved from /home/airflow/.local/lib/python3.8/site-packages/airflow/example_dags/example_short_circuit_operator.py
[2024-04-09T16:35:50.935+0000] {logging_mixin.py:188} INFO - [2024-04-09T16:35:50.935+0000] {dag.py:3047} INFO - Sync 1 DAGs
[2024-04-09T16:35:50.943+0000] {logging_mixin.py:188} INFO - [2024-04-09T16:35:50.943+0000] {dag.py:3834} INFO - Setting next_dagrun for example_short_circuit_operator to 2024-04-08 00:00:00+00:00, run_after=2024-04-09 00:00:00+00:00
[2024-04-09T16:35:50.952+0000] {processor.py:183} INFO - Processing /home/airflow/.local/lib/python3.8/site-packages/airflow/example_dags/example_short_circuit_operator.py took 0.074 seconds
[2024-04-09T16:36:21.828+0000] {processor.py:161} INFO - Started process (PID=201) to work on /home/airflow/.local/lib/python3.8/site-packages/airflow/example_dags/example_short_circuit_operator.py
[2024-04-09T16:36:21.829+0000] {processor.py:830} INFO - Processing file /home/airflow/.local/lib/python3.8/site-packages/airflow/example_dags/example_short_circuit_operator.py for tasks to queue
[2024-04-09T16:36:21.830+0000] {logging_mixin.py:188} INFO - [2024-04-09T16:36:21.829+0000] {dagbag.py:540} INFO - Filling up the DagBag from /home/airflow/.local/lib/python3.8/site-packages/airflow/example_dags/example_short_circuit_operator.py
[2024-04-09T16:36:21.833+0000] {processor.py:840} INFO - DAG(s) 'example_short_circuit_operator' retrieved from /home/airflow/.local/lib/python3.8/site-packages/airflow/example_dags/example_short_circuit_operator.py
[2024-04-09T16:36:21.843+0000] {logging_mixin.py:188} INFO - [2024-04-09T16:36:21.843+0000] {dag.py:3047} INFO - Sync 1 DAGs
[2024-04-09T16:36:21.853+0000] {logging_mixin.py:188} INFO - [2024-04-09T16:36:21.853+0000] {dag.py:3834} INFO - Setting next_dagrun for example_short_circuit_operator to 2024-04-08 00:00:00+00:00, run_after=2024-04-09 00:00:00+00:00
[2024-04-09T16:36:21.860+0000] {processor.py:183} INFO - Processing /home/airflow/.local/lib/python3.8/site-packages/airflow/example_dags/example_short_circuit_operator.py took 0.033 seconds
[2024-04-09T16:36:52.745+0000] {processor.py:161} INFO - Started process (PID=258) to work on /home/airflow/.local/lib/python3.8/site-packages/airflow/example_dags/example_short_circuit_operator.py
[2024-04-09T16:36:52.746+0000] {processor.py:830} INFO - Processing file /home/airflow/.local/lib/python3.8/site-packages/airflow/example_dags/example_short_circuit_operator.py for tasks to queue
[2024-04-09T16:36:52.747+0000] {logging_mixin.py:188} INFO - [2024-04-09T16:36:52.747+0000] {dagbag.py:540} INFO - Filling up the DagBag from /home/airflow/.local/lib/python3.8/site-packages/airflow/example_dags/example_short_circuit_operator.py
[2024-04-09T16:36:52.751+0000] {processor.py:840} INFO - DAG(s) 'example_short_circuit_operator' retrieved from /home/airflow/.local/lib/python3.8/site-packages/airflow/example_dags/example_short_circuit_operator.py
[2024-04-09T16:36:52.763+0000] {logging_mixin.py:188} INFO - [2024-04-09T16:36:52.762+0000] {dag.py:3047} INFO - Sync 1 DAGs
[2024-04-09T16:36:52.772+0000] {logging_mixin.py:188} INFO - [2024-04-09T16:36:52.772+0000] {dag.py:3834} INFO - Setting next_dagrun for example_short_circuit_operator to 2024-04-08 00:00:00+00:00, run_after=2024-04-09 00:00:00+00:00
[2024-04-09T16:36:52.779+0000] {processor.py:183} INFO - Processing /home/airflow/.local/lib/python3.8/site-packages/airflow/example_dags/example_short_circuit_operator.py took 0.035 seconds
[2024-04-09T16:37:23.604+0000] {processor.py:161} INFO - Started process (PID=315) to work on /home/airflow/.local/lib/python3.8/site-packages/airflow/example_dags/example_short_circuit_operator.py
[2024-04-09T16:37:23.604+0000] {processor.py:830} INFO - Processing file /home/airflow/.local/lib/python3.8/site-packages/airflow/example_dags/example_short_circuit_operator.py for tasks to queue
[2024-04-09T16:37:23.605+0000] {logging_mixin.py:188} INFO - [2024-04-09T16:37:23.605+0000] {dagbag.py:540} INFO - Filling up the DagBag from /home/airflow/.local/lib/python3.8/site-packages/airflow/example_dags/example_short_circuit_operator.py
[2024-04-09T16:37:23.609+0000] {processor.py:840} INFO - DAG(s) 'example_short_circuit_operator' retrieved from /home/airflow/.local/lib/python3.8/site-packages/airflow/example_dags/example_short_circuit_operator.py
[2024-04-09T16:37:23.621+0000] {logging_mixin.py:188} INFO - [2024-04-09T16:37:23.621+0000] {dag.py:3047} INFO - Sync 1 DAGs
[2024-04-09T16:37:23.632+0000] {logging_mixin.py:188} INFO - [2024-04-09T16:37:23.632+0000] {dag.py:3834} INFO - Setting next_dagrun for example_short_circuit_operator to 2024-04-08 00:00:00+00:00, run_after=2024-04-09 00:00:00+00:00
[2024-04-09T16:37:23.640+0000] {processor.py:183} INFO - Processing /home/airflow/.local/lib/python3.8/site-packages/airflow/example_dags/example_short_circuit_operator.py took 0.038 seconds
[2024-04-09T16:37:54.506+0000] {processor.py:161} INFO - Started process (PID=372) to work on /home/airflow/.local/lib/python3.8/site-packages/airflow/example_dags/example_short_circuit_operator.py
[2024-04-09T16:37:54.507+0000] {processor.py:830} INFO - Processing file /home/airflow/.local/lib/python3.8/site-packages/airflow/example_dags/example_short_circuit_operator.py for tasks to queue
[2024-04-09T16:37:54.508+0000] {logging_mixin.py:188} INFO - [2024-04-09T16:37:54.508+0000] {dagbag.py:540} INFO - Filling up the DagBag from /home/airflow/.local/lib/python3.8/site-packages/airflow/example_dags/example_short_circuit_operator.py
[2024-04-09T16:37:54.512+0000] {processor.py:840} INFO - DAG(s) 'example_short_circuit_operator' retrieved from /home/airflow/.local/lib/python3.8/site-packages/airflow/example_dags/example_short_circuit_operator.py
[2024-04-09T16:37:54.522+0000] {logging_mixin.py:188} INFO - [2024-04-09T16:37:54.522+0000] {dag.py:3047} INFO - Sync 1 DAGs
[2024-04-09T16:37:54.531+0000] {logging_mixin.py:188} INFO - [2024-04-09T16:37:54.531+0000] {dag.py:3834} INFO - Setting next_dagrun for example_short_circuit_operator to 2024-04-08 00:00:00+00:00, run_after=2024-04-09 00:00:00+00:00
[2024-04-09T16:37:54.538+0000] {processor.py:183} INFO - Processing /home/airflow/.local/lib/python3.8/site-packages/airflow/example_dags/example_short_circuit_operator.py took 0.033 seconds
[2024-04-09T16:38:25.239+0000] {processor.py:161} INFO - Started process (PID=429) to work on /home/airflow/.local/lib/python3.8/site-packages/airflow/example_dags/example_short_circuit_operator.py
[2024-04-09T16:38:25.239+0000] {processor.py:830} INFO - Processing file /home/airflow/.local/lib/python3.8/site-packages/airflow/example_dags/example_short_circuit_operator.py for tasks to queue
[2024-04-09T16:38:25.240+0000] {logging_mixin.py:188} INFO - [2024-04-09T16:38:25.240+0000] {dagbag.py:540} INFO - Filling up the DagBag from /home/airflow/.local/lib/python3.8/site-packages/airflow/example_dags/example_short_circuit_operator.py
[2024-04-09T16:38:25.244+0000] {processor.py:840} INFO - DAG(s) 'example_short_circuit_operator' retrieved from /home/airflow/.local/lib/python3.8/site-packages/airflow/example_dags/example_short_circuit_operator.py
[2024-04-09T16:38:25.255+0000] {logging_mixin.py:188} INFO - [2024-04-09T16:38:25.254+0000] {dag.py:3047} INFO - Sync 1 DAGs
[2024-04-09T16:38:25.264+0000] {logging_mixin.py:188} INFO - [2024-04-09T16:38:25.264+0000] {dag.py:3834} INFO - Setting next_dagrun for example_short_circuit_operator to 2024-04-08 00:00:00+00:00, run_after=2024-04-09 00:00:00+00:00
[2024-04-09T16:38:25.272+0000] {processor.py:183} INFO - Processing /home/airflow/.local/lib/python3.8/site-packages/airflow/example_dags/example_short_circuit_operator.py took 0.034 seconds
[2024-04-09T16:38:56.006+0000] {processor.py:161} INFO - Started process (PID=486) to work on /home/airflow/.local/lib/python3.8/site-packages/airflow/example_dags/example_short_circuit_operator.py
[2024-04-09T16:38:56.006+0000] {processor.py:830} INFO - Processing file /home/airflow/.local/lib/python3.8/site-packages/airflow/example_dags/example_short_circuit_operator.py for tasks to queue
[2024-04-09T16:38:56.007+0000] {logging_mixin.py:188} INFO - [2024-04-09T16:38:56.007+0000] {dagbag.py:540} INFO - Filling up the DagBag from /home/airflow/.local/lib/python3.8/site-packages/airflow/example_dags/example_short_circuit_operator.py
[2024-04-09T16:38:56.010+0000] {processor.py:840} INFO - DAG(s) 'example_short_circuit_operator' retrieved from /home/airflow/.local/lib/python3.8/site-packages/airflow/example_dags/example_short_circuit_operator.py
[2024-04-09T16:38:56.022+0000] {logging_mixin.py:188} INFO - [2024-04-09T16:38:56.022+0000] {dag.py:3047} INFO - Sync 1 DAGs
[2024-04-09T16:38:56.032+0000] {logging_mixin.py:188} INFO - [2024-04-09T16:38:56.032+0000] {dag.py:3834} INFO - Setting next_dagrun for example_short_circuit_operator to 2024-04-08 00:00:00+00:00, run_after=2024-04-09 00:00:00+00:00
[2024-04-09T16:38:56.039+0000] {processor.py:183} INFO - Processing /home/airflow/.local/lib/python3.8/site-packages/airflow/example_dags/example_short_circuit_operator.py took 0.036 seconds
[2024-04-09T16:39:26.880+0000] {processor.py:161} INFO - Started process (PID=543) to work on /home/airflow/.local/lib/python3.8/site-packages/airflow/example_dags/example_short_circuit_operator.py
[2024-04-09T16:39:26.880+0000] {processor.py:830} INFO - Processing file /home/airflow/.local/lib/python3.8/site-packages/airflow/example_dags/example_short_circuit_operator.py for tasks to queue
[2024-04-09T16:39:26.881+0000] {logging_mixin.py:188} INFO - [2024-04-09T16:39:26.881+0000] {dagbag.py:540} INFO - Filling up the DagBag from /home/airflow/.local/lib/python3.8/site-packages/airflow/example_dags/example_short_circuit_operator.py
[2024-04-09T16:39:26.885+0000] {processor.py:840} INFO - DAG(s) 'example_short_circuit_operator' retrieved from /home/airflow/.local/lib/python3.8/site-packages/airflow/example_dags/example_short_circuit_operator.py
[2024-04-09T16:39:26.896+0000] {logging_mixin.py:188} INFO - [2024-04-09T16:39:26.896+0000] {dag.py:3047} INFO - Sync 1 DAGs
[2024-04-09T16:39:26.905+0000] {logging_mixin.py:188} INFO - [2024-04-09T16:39:26.905+0000] {dag.py:3834} INFO - Setting next_dagrun for example_short_circuit_operator to 2024-04-08 00:00:00+00:00, run_after=2024-04-09 00:00:00+00:00
[2024-04-09T16:39:26.912+0000] {processor.py:183} INFO - Processing /home/airflow/.local/lib/python3.8/site-packages/airflow/example_dags/example_short_circuit_operator.py took 0.034 seconds
[2024-04-09T16:39:57.246+0000] {processor.py:161} INFO - Started process (PID=600) to work on /home/airflow/.local/lib/python3.8/site-packages/airflow/example_dags/example_short_circuit_operator.py
[2024-04-09T16:39:57.246+0000] {processor.py:830} INFO - Processing file /home/airflow/.local/lib/python3.8/site-packages/airflow/example_dags/example_short_circuit_operator.py for tasks to queue
[2024-04-09T16:39:57.249+0000] {logging_mixin.py:188} INFO - [2024-04-09T16:39:57.249+0000] {dagbag.py:540} INFO - Filling up the DagBag from /home/airflow/.local/lib/python3.8/site-packages/airflow/example_dags/example_short_circuit_operator.py
[2024-04-09T16:39:57.253+0000] {processor.py:840} INFO - DAG(s) 'example_short_circuit_operator' retrieved from /home/airflow/.local/lib/python3.8/site-packages/airflow/example_dags/example_short_circuit_operator.py
[2024-04-09T16:39:57.269+0000] {logging_mixin.py:188} INFO - [2024-04-09T16:39:57.269+0000] {dag.py:3047} INFO - Sync 1 DAGs
[2024-04-09T16:39:57.279+0000] {logging_mixin.py:188} INFO - [2024-04-09T16:39:57.279+0000] {dag.py:3834} INFO - Setting next_dagrun for example_short_circuit_operator to 2024-04-08 00:00:00+00:00, run_after=2024-04-09 00:00:00+00:00
[2024-04-09T16:39:57.286+0000] {processor.py:183} INFO - Processing /home/airflow/.local/lib/python3.8/site-packages/airflow/example_dags/example_short_circuit_operator.py took 0.042 seconds
[2024-04-09T16:40:27.364+0000] {processor.py:161} INFO - Started process (PID=657) to work on /home/airflow/.local/lib/python3.8/site-packages/airflow/example_dags/example_short_circuit_operator.py
[2024-04-09T16:40:27.365+0000] {processor.py:830} INFO - Processing file /home/airflow/.local/lib/python3.8/site-packages/airflow/example_dags/example_short_circuit_operator.py for tasks to queue
[2024-04-09T16:40:27.365+0000] {logging_mixin.py:188} INFO - [2024-04-09T16:40:27.365+0000] {dagbag.py:540} INFO - Filling up the DagBag from /home/airflow/.local/lib/python3.8/site-packages/airflow/example_dags/example_short_circuit_operator.py
[2024-04-09T16:40:27.369+0000] {processor.py:840} INFO - DAG(s) 'example_short_circuit_operator' retrieved from /home/airflow/.local/lib/python3.8/site-packages/airflow/example_dags/example_short_circuit_operator.py
[2024-04-09T16:40:27.379+0000] {logging_mixin.py:188} INFO - [2024-04-09T16:40:27.378+0000] {dag.py:3047} INFO - Sync 1 DAGs
[2024-04-09T16:40:27.387+0000] {logging_mixin.py:188} INFO - [2024-04-09T16:40:27.387+0000] {dag.py:3834} INFO - Setting next_dagrun for example_short_circuit_operator to 2024-04-08 00:00:00+00:00, run_after=2024-04-09 00:00:00+00:00
[2024-04-09T16:40:27.394+0000] {processor.py:183} INFO - Processing /home/airflow/.local/lib/python3.8/site-packages/airflow/example_dags/example_short_circuit_operator.py took 0.032 seconds
[2024-04-09T16:40:57.514+0000] {processor.py:161} INFO - Started process (PID=720) to work on /home/airflow/.local/lib/python3.8/site-packages/airflow/example_dags/example_short_circuit_operator.py
[2024-04-09T16:40:57.515+0000] {processor.py:830} INFO - Processing file /home/airflow/.local/lib/python3.8/site-packages/airflow/example_dags/example_short_circuit_operator.py for tasks to queue
[2024-04-09T16:40:57.516+0000] {logging_mixin.py:188} INFO - [2024-04-09T16:40:57.516+0000] {dagbag.py:540} INFO - Filling up the DagBag from /home/airflow/.local/lib/python3.8/site-packages/airflow/example_dags/example_short_circuit_operator.py
[2024-04-09T16:40:57.524+0000] {processor.py:840} INFO - DAG(s) 'example_short_circuit_operator' retrieved from /home/airflow/.local/lib/python3.8/site-packages/airflow/example_dags/example_short_circuit_operator.py
[2024-04-09T16:40:57.543+0000] {logging_mixin.py:188} INFO - [2024-04-09T16:40:57.542+0000] {dag.py:3047} INFO - Sync 1 DAGs
[2024-04-09T16:40:57.563+0000] {logging_mixin.py:188} INFO - [2024-04-09T16:40:57.562+0000] {dag.py:3834} INFO - Setting next_dagrun for example_short_circuit_operator to 2024-04-08 00:00:00+00:00, run_after=2024-04-09 00:00:00+00:00
[2024-04-09T16:40:57.572+0000] {processor.py:183} INFO - Processing /home/airflow/.local/lib/python3.8/site-packages/airflow/example_dags/example_short_circuit_operator.py took 0.062 seconds
[2024-04-09T16:41:27.772+0000] {processor.py:161} INFO - Started process (PID=778) to work on /home/airflow/.local/lib/python3.8/site-packages/airflow/example_dags/example_short_circuit_operator.py
[2024-04-09T16:41:27.773+0000] {processor.py:830} INFO - Processing file /home/airflow/.local/lib/python3.8/site-packages/airflow/example_dags/example_short_circuit_operator.py for tasks to queue
[2024-04-09T16:41:27.776+0000] {logging_mixin.py:188} INFO - [2024-04-09T16:41:27.776+0000] {dagbag.py:540} INFO - Filling up the DagBag from /home/airflow/.local/lib/python3.8/site-packages/airflow/example_dags/example_short_circuit_operator.py
[2024-04-09T16:41:27.780+0000] {processor.py:840} INFO - DAG(s) 'example_short_circuit_operator' retrieved from /home/airflow/.local/lib/python3.8/site-packages/airflow/example_dags/example_short_circuit_operator.py
[2024-04-09T16:41:27.792+0000] {logging_mixin.py:188} INFO - [2024-04-09T16:41:27.792+0000] {dag.py:3047} INFO - Sync 1 DAGs
[2024-04-09T16:41:27.804+0000] {logging_mixin.py:188} INFO - [2024-04-09T16:41:27.804+0000] {dag.py:3834} INFO - Setting next_dagrun for example_short_circuit_operator to 2024-04-08 00:00:00+00:00, run_after=2024-04-09 00:00:00+00:00
[2024-04-09T16:41:27.812+0000] {processor.py:183} INFO - Processing /home/airflow/.local/lib/python3.8/site-packages/airflow/example_dags/example_short_circuit_operator.py took 0.042 seconds
[2024-04-09T16:41:57.975+0000] {processor.py:161} INFO - Started process (PID=836) to work on /home/airflow/.local/lib/python3.8/site-packages/airflow/example_dags/example_short_circuit_operator.py
[2024-04-09T16:41:57.975+0000] {processor.py:830} INFO - Processing file /home/airflow/.local/lib/python3.8/site-packages/airflow/example_dags/example_short_circuit_operator.py for tasks to queue
[2024-04-09T16:41:57.976+0000] {logging_mixin.py:188} INFO - [2024-04-09T16:41:57.976+0000] {dagbag.py:540} INFO - Filling up the DagBag from /home/airflow/.local/lib/python3.8/site-packages/airflow/example_dags/example_short_circuit_operator.py
[2024-04-09T16:41:57.980+0000] {processor.py:840} INFO - DAG(s) 'example_short_circuit_operator' retrieved from /home/airflow/.local/lib/python3.8/site-packages/airflow/example_dags/example_short_circuit_operator.py
[2024-04-09T16:41:57.992+0000] {logging_mixin.py:188} INFO - [2024-04-09T16:41:57.992+0000] {dag.py:3047} INFO - Sync 1 DAGs
[2024-04-09T16:41:58.002+0000] {logging_mixin.py:188} INFO - [2024-04-09T16:41:58.002+0000] {dag.py:3834} INFO - Setting next_dagrun for example_short_circuit_operator to 2024-04-08 00:00:00+00:00, run_after=2024-04-09 00:00:00+00:00
[2024-04-09T16:41:58.011+0000] {processor.py:183} INFO - Processing /home/airflow/.local/lib/python3.8/site-packages/airflow/example_dags/example_short_circuit_operator.py took 0.038 seconds
[2024-04-09T16:42:28.820+0000] {processor.py:161} INFO - Started process (PID=894) to work on /home/airflow/.local/lib/python3.8/site-packages/airflow/example_dags/example_short_circuit_operator.py
[2024-04-09T16:42:28.821+0000] {processor.py:830} INFO - Processing file /home/airflow/.local/lib/python3.8/site-packages/airflow/example_dags/example_short_circuit_operator.py for tasks to queue
[2024-04-09T16:42:28.822+0000] {logging_mixin.py:188} INFO - [2024-04-09T16:42:28.821+0000] {dagbag.py:540} INFO - Filling up the DagBag from /home/airflow/.local/lib/python3.8/site-packages/airflow/example_dags/example_short_circuit_operator.py
[2024-04-09T16:42:28.825+0000] {processor.py:840} INFO - DAG(s) 'example_short_circuit_operator' retrieved from /home/airflow/.local/lib/python3.8/site-packages/airflow/example_dags/example_short_circuit_operator.py
[2024-04-09T16:42:28.835+0000] {logging_mixin.py:188} INFO - [2024-04-09T16:42:28.835+0000] {dag.py:3047} INFO - Sync 1 DAGs
[2024-04-09T16:42:28.844+0000] {logging_mixin.py:188} INFO - [2024-04-09T16:42:28.844+0000] {dag.py:3834} INFO - Setting next_dagrun for example_short_circuit_operator to 2024-04-08 00:00:00+00:00, run_after=2024-04-09 00:00:00+00:00
[2024-04-09T16:42:28.851+0000] {processor.py:183} INFO - Processing /home/airflow/.local/lib/python3.8/site-packages/airflow/example_dags/example_short_circuit_operator.py took 0.033 seconds
[2024-04-09T16:42:59.647+0000] {processor.py:161} INFO - Started process (PID=952) to work on /home/airflow/.local/lib/python3.8/site-packages/airflow/example_dags/example_short_circuit_operator.py
[2024-04-09T16:42:59.647+0000] {processor.py:830} INFO - Processing file /home/airflow/.local/lib/python3.8/site-packages/airflow/example_dags/example_short_circuit_operator.py for tasks to queue
[2024-04-09T16:42:59.648+0000] {logging_mixin.py:188} INFO - [2024-04-09T16:42:59.648+0000] {dagbag.py:540} INFO - Filling up the DagBag from /home/airflow/.local/lib/python3.8/site-packages/airflow/example_dags/example_short_circuit_operator.py
[2024-04-09T16:42:59.652+0000] {processor.py:840} INFO - DAG(s) 'example_short_circuit_operator' retrieved from /home/airflow/.local/lib/python3.8/site-packages/airflow/example_dags/example_short_circuit_operator.py
[2024-04-09T16:42:59.661+0000] {logging_mixin.py:188} INFO - [2024-04-09T16:42:59.661+0000] {dag.py:3047} INFO - Sync 1 DAGs
[2024-04-09T16:42:59.672+0000] {logging_mixin.py:188} INFO - [2024-04-09T16:42:59.672+0000] {dag.py:3834} INFO - Setting next_dagrun for example_short_circuit_operator to 2024-04-08 00:00:00+00:00, run_after=2024-04-09 00:00:00+00:00
[2024-04-09T16:42:59.680+0000] {processor.py:183} INFO - Processing /home/airflow/.local/lib/python3.8/site-packages/airflow/example_dags/example_short_circuit_operator.py took 0.035 seconds
[2024-04-09T16:43:29.707+0000] {processor.py:161} INFO - Started process (PID=1010) to work on /home/airflow/.local/lib/python3.8/site-packages/airflow/example_dags/example_short_circuit_operator.py
[2024-04-09T16:43:29.707+0000] {processor.py:830} INFO - Processing file /home/airflow/.local/lib/python3.8/site-packages/airflow/example_dags/example_short_circuit_operator.py for tasks to queue
[2024-04-09T16:43:29.708+0000] {logging_mixin.py:188} INFO - [2024-04-09T16:43:29.708+0000] {dagbag.py:540} INFO - Filling up the DagBag from /home/airflow/.local/lib/python3.8/site-packages/airflow/example_dags/example_short_circuit_operator.py
[2024-04-09T16:43:29.713+0000] {processor.py:840} INFO - DAG(s) 'example_short_circuit_operator' retrieved from /home/airflow/.local/lib/python3.8/site-packages/airflow/example_dags/example_short_circuit_operator.py
[2024-04-09T16:43:29.729+0000] {logging_mixin.py:188} INFO - [2024-04-09T16:43:29.729+0000] {dag.py:3047} INFO - Sync 1 DAGs
[2024-04-09T16:43:29.739+0000] {logging_mixin.py:188} INFO - [2024-04-09T16:43:29.739+0000] {dag.py:3834} INFO - Setting next_dagrun for example_short_circuit_operator to 2024-04-08 00:00:00+00:00, run_after=2024-04-09 00:00:00+00:00
[2024-04-09T16:43:29.748+0000] {processor.py:183} INFO - Processing /home/airflow/.local/lib/python3.8/site-packages/airflow/example_dags/example_short_circuit_operator.py took 0.043 seconds
[2024-04-09T16:44:00.660+0000] {processor.py:161} INFO - Started process (PID=1068) to work on /home/airflow/.local/lib/python3.8/site-packages/airflow/example_dags/example_short_circuit_operator.py
[2024-04-09T16:44:00.661+0000] {processor.py:830} INFO - Processing file /home/airflow/.local/lib/python3.8/site-packages/airflow/example_dags/example_short_circuit_operator.py for tasks to queue
[2024-04-09T16:44:00.661+0000] {logging_mixin.py:188} INFO - [2024-04-09T16:44:00.661+0000] {dagbag.py:540} INFO - Filling up the DagBag from /home/airflow/.local/lib/python3.8/site-packages/airflow/example_dags/example_short_circuit_operator.py
[2024-04-09T16:44:00.665+0000] {processor.py:840} INFO - DAG(s) 'example_short_circuit_operator' retrieved from /home/airflow/.local/lib/python3.8/site-packages/airflow/example_dags/example_short_circuit_operator.py
[2024-04-09T16:44:00.675+0000] {logging_mixin.py:188} INFO - [2024-04-09T16:44:00.675+0000] {dag.py:3047} INFO - Sync 1 DAGs
[2024-04-09T16:44:00.684+0000] {logging_mixin.py:188} INFO - [2024-04-09T16:44:00.684+0000] {dag.py:3834} INFO - Setting next_dagrun for example_short_circuit_operator to 2024-04-08 00:00:00+00:00, run_after=2024-04-09 00:00:00+00:00
[2024-04-09T16:44:00.694+0000] {processor.py:183} INFO - Processing /home/airflow/.local/lib/python3.8/site-packages/airflow/example_dags/example_short_circuit_operator.py took 0.036 seconds
[2024-04-09T16:44:30.881+0000] {processor.py:161} INFO - Started process (PID=1126) to work on /home/airflow/.local/lib/python3.8/site-packages/airflow/example_dags/example_short_circuit_operator.py
[2024-04-09T16:44:30.881+0000] {processor.py:830} INFO - Processing file /home/airflow/.local/lib/python3.8/site-packages/airflow/example_dags/example_short_circuit_operator.py for tasks to queue
[2024-04-09T16:44:30.882+0000] {logging_mixin.py:188} INFO - [2024-04-09T16:44:30.882+0000] {dagbag.py:540} INFO - Filling up the DagBag from /home/airflow/.local/lib/python3.8/site-packages/airflow/example_dags/example_short_circuit_operator.py
[2024-04-09T16:44:30.885+0000] {processor.py:840} INFO - DAG(s) 'example_short_circuit_operator' retrieved from /home/airflow/.local/lib/python3.8/site-packages/airflow/example_dags/example_short_circuit_operator.py
[2024-04-09T16:44:30.895+0000] {logging_mixin.py:188} INFO - [2024-04-09T16:44:30.895+0000] {dag.py:3047} INFO - Sync 1 DAGs
[2024-04-09T16:44:30.904+0000] {logging_mixin.py:188} INFO - [2024-04-09T16:44:30.904+0000] {dag.py:3834} INFO - Setting next_dagrun for example_short_circuit_operator to 2024-04-08 00:00:00+00:00, run_after=2024-04-09 00:00:00+00:00
[2024-04-09T16:44:30.911+0000] {processor.py:183} INFO - Processing /home/airflow/.local/lib/python3.8/site-packages/airflow/example_dags/example_short_circuit_operator.py took 0.031 seconds
[2024-04-09T16:45:01.118+0000] {processor.py:161} INFO - Started process (PID=1184) to work on /home/airflow/.local/lib/python3.8/site-packages/airflow/example_dags/example_short_circuit_operator.py
[2024-04-09T16:45:01.119+0000] {processor.py:830} INFO - Processing file /home/airflow/.local/lib/python3.8/site-packages/airflow/example_dags/example_short_circuit_operator.py for tasks to queue
[2024-04-09T16:45:01.121+0000] {logging_mixin.py:188} INFO - [2024-04-09T16:45:01.121+0000] {dagbag.py:540} INFO - Filling up the DagBag from /home/airflow/.local/lib/python3.8/site-packages/airflow/example_dags/example_short_circuit_operator.py
[2024-04-09T16:45:01.127+0000] {processor.py:840} INFO - DAG(s) 'example_short_circuit_operator' retrieved from /home/airflow/.local/lib/python3.8/site-packages/airflow/example_dags/example_short_circuit_operator.py
[2024-04-09T16:45:01.142+0000] {logging_mixin.py:188} INFO - [2024-04-09T16:45:01.142+0000] {dag.py:3047} INFO - Sync 1 DAGs
[2024-04-09T16:45:01.153+0000] {logging_mixin.py:188} INFO - [2024-04-09T16:45:01.153+0000] {dag.py:3834} INFO - Setting next_dagrun for example_short_circuit_operator to 2024-04-08 00:00:00+00:00, run_after=2024-04-09 00:00:00+00:00
[2024-04-09T16:45:01.162+0000] {processor.py:183} INFO - Processing /home/airflow/.local/lib/python3.8/site-packages/airflow/example_dags/example_short_circuit_operator.py took 0.048 seconds
[2024-04-09T16:45:31.722+0000] {processor.py:161} INFO - Started process (PID=1242) to work on /home/airflow/.local/lib/python3.8/site-packages/airflow/example_dags/example_short_circuit_operator.py
[2024-04-09T16:45:31.724+0000] {processor.py:830} INFO - Processing file /home/airflow/.local/lib/python3.8/site-packages/airflow/example_dags/example_short_circuit_operator.py for tasks to queue
[2024-04-09T16:45:31.727+0000] {logging_mixin.py:188} INFO - [2024-04-09T16:45:31.726+0000] {dagbag.py:540} INFO - Filling up the DagBag from /home/airflow/.local/lib/python3.8/site-packages/airflow/example_dags/example_short_circuit_operator.py
[2024-04-09T16:45:31.730+0000] {processor.py:840} INFO - DAG(s) 'example_short_circuit_operator' retrieved from /home/airflow/.local/lib/python3.8/site-packages/airflow/example_dags/example_short_circuit_operator.py
[2024-04-09T16:45:31.747+0000] {logging_mixin.py:188} INFO - [2024-04-09T16:45:31.747+0000] {dag.py:3047} INFO - Sync 1 DAGs
[2024-04-09T16:45:31.761+0000] {logging_mixin.py:188} INFO - [2024-04-09T16:45:31.761+0000] {dag.py:3834} INFO - Setting next_dagrun for example_short_circuit_operator to 2024-04-08 00:00:00+00:00, run_after=2024-04-09 00:00:00+00:00
[2024-04-09T16:45:31.773+0000] {processor.py:183} INFO - Processing /home/airflow/.local/lib/python3.8/site-packages/airflow/example_dags/example_short_circuit_operator.py took 0.053 seconds
[2024-04-09T16:46:03.115+0000] {processor.py:161} INFO - Started process (PID=1305) to work on /home/airflow/.local/lib/python3.8/site-packages/airflow/example_dags/example_short_circuit_operator.py
[2024-04-09T16:46:03.116+0000] {processor.py:830} INFO - Processing file /home/airflow/.local/lib/python3.8/site-packages/airflow/example_dags/example_short_circuit_operator.py for tasks to queue
[2024-04-09T16:46:03.117+0000] {logging_mixin.py:188} INFO - [2024-04-09T16:46:03.117+0000] {dagbag.py:540} INFO - Filling up the DagBag from /home/airflow/.local/lib/python3.8/site-packages/airflow/example_dags/example_short_circuit_operator.py
[2024-04-09T16:46:03.121+0000] {processor.py:840} INFO - DAG(s) 'example_short_circuit_operator' retrieved from /home/airflow/.local/lib/python3.8/site-packages/airflow/example_dags/example_short_circuit_operator.py
[2024-04-09T16:46:03.133+0000] {logging_mixin.py:188} INFO - [2024-04-09T16:46:03.133+0000] {dag.py:3047} INFO - Sync 1 DAGs
[2024-04-09T16:46:03.143+0000] {logging_mixin.py:188} INFO - [2024-04-09T16:46:03.143+0000] {dag.py:3834} INFO - Setting next_dagrun for example_short_circuit_operator to 2024-04-08 00:00:00+00:00, run_after=2024-04-09 00:00:00+00:00
[2024-04-09T16:46:03.151+0000] {processor.py:183} INFO - Processing /home/airflow/.local/lib/python3.8/site-packages/airflow/example_dags/example_short_circuit_operator.py took 0.037 seconds
[2024-04-09T16:46:34.696+0000] {processor.py:161} INFO - Started process (PID=1367) to work on /home/airflow/.local/lib/python3.8/site-packages/airflow/example_dags/example_short_circuit_operator.py
[2024-04-09T16:46:34.699+0000] {processor.py:830} INFO - Processing file /home/airflow/.local/lib/python3.8/site-packages/airflow/example_dags/example_short_circuit_operator.py for tasks to queue
[2024-04-09T16:46:34.702+0000] {logging_mixin.py:188} INFO - [2024-04-09T16:46:34.701+0000] {dagbag.py:540} INFO - Filling up the DagBag from /home/airflow/.local/lib/python3.8/site-packages/airflow/example_dags/example_short_circuit_operator.py
[2024-04-09T16:46:34.720+0000] {processor.py:840} INFO - DAG(s) 'example_short_circuit_operator' retrieved from /home/airflow/.local/lib/python3.8/site-packages/airflow/example_dags/example_short_circuit_operator.py
[2024-04-09T16:46:34.791+0000] {logging_mixin.py:188} INFO - [2024-04-09T16:46:34.791+0000] {dag.py:3047} INFO - Sync 1 DAGs
[2024-04-09T16:46:34.841+0000] {logging_mixin.py:188} INFO - [2024-04-09T16:46:34.840+0000] {dag.py:3834} INFO - Setting next_dagrun for example_short_circuit_operator to 2024-04-08 00:00:00+00:00, run_after=2024-04-09 00:00:00+00:00
[2024-04-09T16:46:34.863+0000] {processor.py:183} INFO - Processing /home/airflow/.local/lib/python3.8/site-packages/airflow/example_dags/example_short_circuit_operator.py took 0.174 seconds
[2024-04-09T16:47:07.789+0000] {processor.py:161} INFO - Started process (PID=1448) to work on /home/airflow/.local/lib/python3.8/site-packages/airflow/example_dags/example_short_circuit_operator.py
[2024-04-09T16:47:07.796+0000] {processor.py:830} INFO - Processing file /home/airflow/.local/lib/python3.8/site-packages/airflow/example_dags/example_short_circuit_operator.py for tasks to queue
[2024-04-09T16:47:07.810+0000] {logging_mixin.py:188} INFO - [2024-04-09T16:47:07.807+0000] {dagbag.py:540} INFO - Filling up the DagBag from /home/airflow/.local/lib/python3.8/site-packages/airflow/example_dags/example_short_circuit_operator.py
[2024-04-09T16:47:07.833+0000] {processor.py:840} INFO - DAG(s) 'example_short_circuit_operator' retrieved from /home/airflow/.local/lib/python3.8/site-packages/airflow/example_dags/example_short_circuit_operator.py
[2024-04-09T16:47:07.911+0000] {logging_mixin.py:188} INFO - [2024-04-09T16:47:07.911+0000] {dag.py:3047} INFO - Sync 1 DAGs
[2024-04-09T16:47:07.980+0000] {logging_mixin.py:188} INFO - [2024-04-09T16:47:07.979+0000] {dag.py:3834} INFO - Setting next_dagrun for example_short_circuit_operator to 2024-04-08 00:00:00+00:00, run_after=2024-04-09 00:00:00+00:00
[2024-04-09T16:47:08.033+0000] {processor.py:183} INFO - Processing /home/airflow/.local/lib/python3.8/site-packages/airflow/example_dags/example_short_circuit_operator.py took 0.249 seconds
[2024-04-09T16:47:44.340+0000] {processor.py:161} INFO - Started process (PID=1517) to work on /home/airflow/.local/lib/python3.8/site-packages/airflow/example_dags/example_short_circuit_operator.py
[2024-04-09T16:47:44.359+0000] {processor.py:830} INFO - Processing file /home/airflow/.local/lib/python3.8/site-packages/airflow/example_dags/example_short_circuit_operator.py for tasks to queue
[2024-04-09T16:47:44.373+0000] {logging_mixin.py:188} INFO - [2024-04-09T16:47:44.372+0000] {dagbag.py:540} INFO - Filling up the DagBag from /home/airflow/.local/lib/python3.8/site-packages/airflow/example_dags/example_short_circuit_operator.py
[2024-04-09T16:47:44.414+0000] {processor.py:840} INFO - DAG(s) 'example_short_circuit_operator' retrieved from /home/airflow/.local/lib/python3.8/site-packages/airflow/example_dags/example_short_circuit_operator.py
[2024-04-09T16:47:44.556+0000] {logging_mixin.py:188} INFO - [2024-04-09T16:47:44.556+0000] {dag.py:3047} INFO - Sync 1 DAGs
[2024-04-09T16:47:44.615+0000] {logging_mixin.py:188} INFO - [2024-04-09T16:47:44.615+0000] {dag.py:3834} INFO - Setting next_dagrun for example_short_circuit_operator to 2024-04-08 00:00:00+00:00, run_after=2024-04-09 00:00:00+00:00
[2024-04-09T16:47:44.653+0000] {processor.py:183} INFO - Processing /home/airflow/.local/lib/python3.8/site-packages/airflow/example_dags/example_short_circuit_operator.py took 0.324 seconds
[2024-04-09T16:48:14.989+0000] {processor.py:161} INFO - Started process (PID=1574) to work on /home/airflow/.local/lib/python3.8/site-packages/airflow/example_dags/example_short_circuit_operator.py
[2024-04-09T16:48:14.990+0000] {processor.py:830} INFO - Processing file /home/airflow/.local/lib/python3.8/site-packages/airflow/example_dags/example_short_circuit_operator.py for tasks to queue
[2024-04-09T16:48:14.993+0000] {logging_mixin.py:188} INFO - [2024-04-09T16:48:14.993+0000] {dagbag.py:540} INFO - Filling up the DagBag from /home/airflow/.local/lib/python3.8/site-packages/airflow/example_dags/example_short_circuit_operator.py
[2024-04-09T16:48:14.999+0000] {processor.py:840} INFO - DAG(s) 'example_short_circuit_operator' retrieved from /home/airflow/.local/lib/python3.8/site-packages/airflow/example_dags/example_short_circuit_operator.py
[2024-04-09T16:48:15.020+0000] {logging_mixin.py:188} INFO - [2024-04-09T16:48:15.020+0000] {dag.py:3047} INFO - Sync 1 DAGs
[2024-04-09T16:48:15.041+0000] {logging_mixin.py:188} INFO - [2024-04-09T16:48:15.041+0000] {dag.py:3834} INFO - Setting next_dagrun for example_short_circuit_operator to 2024-04-08 00:00:00+00:00, run_after=2024-04-09 00:00:00+00:00
[2024-04-09T16:48:15.054+0000] {processor.py:183} INFO - Processing /home/airflow/.local/lib/python3.8/site-packages/airflow/example_dags/example_short_circuit_operator.py took 0.067 seconds
[2024-04-09T16:48:45.237+0000] {processor.py:161} INFO - Started process (PID=1631) to work on /home/airflow/.local/lib/python3.8/site-packages/airflow/example_dags/example_short_circuit_operator.py
[2024-04-09T16:48:45.238+0000] {processor.py:830} INFO - Processing file /home/airflow/.local/lib/python3.8/site-packages/airflow/example_dags/example_short_circuit_operator.py for tasks to queue
[2024-04-09T16:48:45.241+0000] {logging_mixin.py:188} INFO - [2024-04-09T16:48:45.240+0000] {dagbag.py:540} INFO - Filling up the DagBag from /home/airflow/.local/lib/python3.8/site-packages/airflow/example_dags/example_short_circuit_operator.py
[2024-04-09T16:48:45.251+0000] {processor.py:840} INFO - DAG(s) 'example_short_circuit_operator' retrieved from /home/airflow/.local/lib/python3.8/site-packages/airflow/example_dags/example_short_circuit_operator.py
[2024-04-09T16:48:45.273+0000] {logging_mixin.py:188} INFO - [2024-04-09T16:48:45.273+0000] {dag.py:3047} INFO - Sync 1 DAGs
[2024-04-09T16:48:45.284+0000] {logging_mixin.py:188} INFO - [2024-04-09T16:48:45.284+0000] {dag.py:3834} INFO - Setting next_dagrun for example_short_circuit_operator to 2024-04-08 00:00:00+00:00, run_after=2024-04-09 00:00:00+00:00
[2024-04-09T16:48:45.291+0000] {processor.py:183} INFO - Processing /home/airflow/.local/lib/python3.8/site-packages/airflow/example_dags/example_short_circuit_operator.py took 0.059 seconds
[2024-04-09T16:49:15.571+0000] {processor.py:161} INFO - Started process (PID=1688) to work on /home/airflow/.local/lib/python3.8/site-packages/airflow/example_dags/example_short_circuit_operator.py
[2024-04-09T16:49:15.572+0000] {processor.py:830} INFO - Processing file /home/airflow/.local/lib/python3.8/site-packages/airflow/example_dags/example_short_circuit_operator.py for tasks to queue
[2024-04-09T16:49:15.574+0000] {logging_mixin.py:188} INFO - [2024-04-09T16:49:15.574+0000] {dagbag.py:540} INFO - Filling up the DagBag from /home/airflow/.local/lib/python3.8/site-packages/airflow/example_dags/example_short_circuit_operator.py
[2024-04-09T16:49:15.581+0000] {processor.py:840} INFO - DAG(s) 'example_short_circuit_operator' retrieved from /home/airflow/.local/lib/python3.8/site-packages/airflow/example_dags/example_short_circuit_operator.py
[2024-04-09T16:49:15.596+0000] {logging_mixin.py:188} INFO - [2024-04-09T16:49:15.596+0000] {dag.py:3047} INFO - Sync 1 DAGs
[2024-04-09T16:49:15.608+0000] {logging_mixin.py:188} INFO - [2024-04-09T16:49:15.608+0000] {dag.py:3834} INFO - Setting next_dagrun for example_short_circuit_operator to 2024-04-08 00:00:00+00:00, run_after=2024-04-09 00:00:00+00:00
[2024-04-09T16:49:15.618+0000] {processor.py:183} INFO - Processing /home/airflow/.local/lib/python3.8/site-packages/airflow/example_dags/example_short_circuit_operator.py took 0.050 seconds
[2024-04-09T16:49:46.464+0000] {processor.py:161} INFO - Started process (PID=1745) to work on /home/airflow/.local/lib/python3.8/site-packages/airflow/example_dags/example_short_circuit_operator.py
[2024-04-09T16:49:46.465+0000] {processor.py:830} INFO - Processing file /home/airflow/.local/lib/python3.8/site-packages/airflow/example_dags/example_short_circuit_operator.py for tasks to queue
[2024-04-09T16:49:46.467+0000] {logging_mixin.py:188} INFO - [2024-04-09T16:49:46.467+0000] {dagbag.py:540} INFO - Filling up the DagBag from /home/airflow/.local/lib/python3.8/site-packages/airflow/example_dags/example_short_circuit_operator.py
[2024-04-09T16:49:46.474+0000] {processor.py:840} INFO - DAG(s) 'example_short_circuit_operator' retrieved from /home/airflow/.local/lib/python3.8/site-packages/airflow/example_dags/example_short_circuit_operator.py
[2024-04-09T16:49:46.489+0000] {logging_mixin.py:188} INFO - [2024-04-09T16:49:46.489+0000] {dag.py:3047} INFO - Sync 1 DAGs
[2024-04-09T16:49:46.501+0000] {logging_mixin.py:188} INFO - [2024-04-09T16:49:46.501+0000] {dag.py:3834} INFO - Setting next_dagrun for example_short_circuit_operator to 2024-04-08 00:00:00+00:00, run_after=2024-04-09 00:00:00+00:00
[2024-04-09T16:49:46.509+0000] {processor.py:183} INFO - Processing /home/airflow/.local/lib/python3.8/site-packages/airflow/example_dags/example_short_circuit_operator.py took 0.049 seconds
[2024-04-09T16:50:16.581+0000] {processor.py:161} INFO - Started process (PID=1802) to work on /home/airflow/.local/lib/python3.8/site-packages/airflow/example_dags/example_short_circuit_operator.py
[2024-04-09T16:50:16.582+0000] {processor.py:830} INFO - Processing file /home/airflow/.local/lib/python3.8/site-packages/airflow/example_dags/example_short_circuit_operator.py for tasks to queue
[2024-04-09T16:50:16.584+0000] {logging_mixin.py:188} INFO - [2024-04-09T16:50:16.583+0000] {dagbag.py:540} INFO - Filling up the DagBag from /home/airflow/.local/lib/python3.8/site-packages/airflow/example_dags/example_short_circuit_operator.py
[2024-04-09T16:50:16.589+0000] {processor.py:840} INFO - DAG(s) 'example_short_circuit_operator' retrieved from /home/airflow/.local/lib/python3.8/site-packages/airflow/example_dags/example_short_circuit_operator.py
[2024-04-09T16:50:16.604+0000] {logging_mixin.py:188} INFO - [2024-04-09T16:50:16.603+0000] {dag.py:3047} INFO - Sync 1 DAGs
[2024-04-09T16:50:16.615+0000] {logging_mixin.py:188} INFO - [2024-04-09T16:50:16.615+0000] {dag.py:3834} INFO - Setting next_dagrun for example_short_circuit_operator to 2024-04-08 00:00:00+00:00, run_after=2024-04-09 00:00:00+00:00
[2024-04-09T16:50:16.624+0000] {processor.py:183} INFO - Processing /home/airflow/.local/lib/python3.8/site-packages/airflow/example_dags/example_short_circuit_operator.py took 0.046 seconds
[2024-04-09T16:50:46.665+0000] {processor.py:161} INFO - Started process (PID=1859) to work on /home/airflow/.local/lib/python3.8/site-packages/airflow/example_dags/example_short_circuit_operator.py
[2024-04-09T16:50:46.666+0000] {processor.py:830} INFO - Processing file /home/airflow/.local/lib/python3.8/site-packages/airflow/example_dags/example_short_circuit_operator.py for tasks to queue
[2024-04-09T16:50:46.667+0000] {logging_mixin.py:188} INFO - [2024-04-09T16:50:46.667+0000] {dagbag.py:540} INFO - Filling up the DagBag from /home/airflow/.local/lib/python3.8/site-packages/airflow/example_dags/example_short_circuit_operator.py
[2024-04-09T16:50:46.671+0000] {processor.py:840} INFO - DAG(s) 'example_short_circuit_operator' retrieved from /home/airflow/.local/lib/python3.8/site-packages/airflow/example_dags/example_short_circuit_operator.py
[2024-04-09T16:50:46.682+0000] {logging_mixin.py:188} INFO - [2024-04-09T16:50:46.682+0000] {dag.py:3047} INFO - Sync 1 DAGs
[2024-04-09T16:50:46.692+0000] {logging_mixin.py:188} INFO - [2024-04-09T16:50:46.692+0000] {dag.py:3834} INFO - Setting next_dagrun for example_short_circuit_operator to 2024-04-08 00:00:00+00:00, run_after=2024-04-09 00:00:00+00:00
[2024-04-09T16:50:46.699+0000] {processor.py:183} INFO - Processing /home/airflow/.local/lib/python3.8/site-packages/airflow/example_dags/example_short_circuit_operator.py took 0.036 seconds
[2024-04-09T16:51:17.189+0000] {processor.py:161} INFO - Started process (PID=1917) to work on /home/airflow/.local/lib/python3.8/site-packages/airflow/example_dags/example_short_circuit_operator.py
[2024-04-09T16:51:17.190+0000] {processor.py:830} INFO - Processing file /home/airflow/.local/lib/python3.8/site-packages/airflow/example_dags/example_short_circuit_operator.py for tasks to queue
[2024-04-09T16:51:17.192+0000] {logging_mixin.py:188} INFO - [2024-04-09T16:51:17.191+0000] {dagbag.py:540} INFO - Filling up the DagBag from /home/airflow/.local/lib/python3.8/site-packages/airflow/example_dags/example_short_circuit_operator.py
[2024-04-09T16:51:17.198+0000] {processor.py:840} INFO - DAG(s) 'example_short_circuit_operator' retrieved from /home/airflow/.local/lib/python3.8/site-packages/airflow/example_dags/example_short_circuit_operator.py
[2024-04-09T16:51:17.214+0000] {logging_mixin.py:188} INFO - [2024-04-09T16:51:17.214+0000] {dag.py:3047} INFO - Sync 1 DAGs
[2024-04-09T16:51:17.226+0000] {logging_mixin.py:188} INFO - [2024-04-09T16:51:17.226+0000] {dag.py:3834} INFO - Setting next_dagrun for example_short_circuit_operator to 2024-04-08 00:00:00+00:00, run_after=2024-04-09 00:00:00+00:00
[2024-04-09T16:51:17.235+0000] {processor.py:183} INFO - Processing /home/airflow/.local/lib/python3.8/site-packages/airflow/example_dags/example_short_circuit_operator.py took 0.050 seconds
[2024-04-09T16:51:47.310+0000] {processor.py:161} INFO - Started process (PID=1975) to work on /home/airflow/.local/lib/python3.8/site-packages/airflow/example_dags/example_short_circuit_operator.py
[2024-04-09T16:51:47.313+0000] {processor.py:830} INFO - Processing file /home/airflow/.local/lib/python3.8/site-packages/airflow/example_dags/example_short_circuit_operator.py for tasks to queue
[2024-04-09T16:51:47.315+0000] {logging_mixin.py:188} INFO - [2024-04-09T16:51:47.314+0000] {dagbag.py:540} INFO - Filling up the DagBag from /home/airflow/.local/lib/python3.8/site-packages/airflow/example_dags/example_short_circuit_operator.py
[2024-04-09T16:51:47.320+0000] {processor.py:840} INFO - DAG(s) 'example_short_circuit_operator' retrieved from /home/airflow/.local/lib/python3.8/site-packages/airflow/example_dags/example_short_circuit_operator.py
[2024-04-09T16:51:47.337+0000] {logging_mixin.py:188} INFO - [2024-04-09T16:51:47.337+0000] {dag.py:3047} INFO - Sync 1 DAGs
[2024-04-09T16:51:47.348+0000] {logging_mixin.py:188} INFO - [2024-04-09T16:51:47.348+0000] {dag.py:3834} INFO - Setting next_dagrun for example_short_circuit_operator to 2024-04-08 00:00:00+00:00, run_after=2024-04-09 00:00:00+00:00
[2024-04-09T16:51:47.357+0000] {processor.py:183} INFO - Processing /home/airflow/.local/lib/python3.8/site-packages/airflow/example_dags/example_short_circuit_operator.py took 0.049 seconds
[2024-04-09T16:52:18.279+0000] {processor.py:161} INFO - Started process (PID=2033) to work on /home/airflow/.local/lib/python3.8/site-packages/airflow/example_dags/example_short_circuit_operator.py
[2024-04-09T16:52:18.281+0000] {processor.py:830} INFO - Processing file /home/airflow/.local/lib/python3.8/site-packages/airflow/example_dags/example_short_circuit_operator.py for tasks to queue
[2024-04-09T16:52:18.283+0000] {logging_mixin.py:188} INFO - [2024-04-09T16:52:18.283+0000] {dagbag.py:540} INFO - Filling up the DagBag from /home/airflow/.local/lib/python3.8/site-packages/airflow/example_dags/example_short_circuit_operator.py
[2024-04-09T16:52:18.291+0000] {processor.py:840} INFO - DAG(s) 'example_short_circuit_operator' retrieved from /home/airflow/.local/lib/python3.8/site-packages/airflow/example_dags/example_short_circuit_operator.py
[2024-04-09T16:52:18.312+0000] {logging_mixin.py:188} INFO - [2024-04-09T16:52:18.311+0000] {dag.py:3047} INFO - Sync 1 DAGs
[2024-04-09T16:52:18.339+0000] {logging_mixin.py:188} INFO - [2024-04-09T16:52:18.338+0000] {dag.py:3834} INFO - Setting next_dagrun for example_short_circuit_operator to 2024-04-08 00:00:00+00:00, run_after=2024-04-09 00:00:00+00:00
[2024-04-09T16:52:18.348+0000] {processor.py:183} INFO - Processing /home/airflow/.local/lib/python3.8/site-packages/airflow/example_dags/example_short_circuit_operator.py took 0.072 seconds
[2024-04-09T16:52:48.633+0000] {processor.py:161} INFO - Started process (PID=2113) to work on /home/airflow/.local/lib/python3.8/site-packages/airflow/example_dags/example_short_circuit_operator.py
[2024-04-09T16:52:48.635+0000] {processor.py:830} INFO - Processing file /home/airflow/.local/lib/python3.8/site-packages/airflow/example_dags/example_short_circuit_operator.py for tasks to queue
[2024-04-09T16:52:48.637+0000] {logging_mixin.py:188} INFO - [2024-04-09T16:52:48.636+0000] {dagbag.py:540} INFO - Filling up the DagBag from /home/airflow/.local/lib/python3.8/site-packages/airflow/example_dags/example_short_circuit_operator.py
[2024-04-09T16:52:48.645+0000] {processor.py:840} INFO - DAG(s) 'example_short_circuit_operator' retrieved from /home/airflow/.local/lib/python3.8/site-packages/airflow/example_dags/example_short_circuit_operator.py
[2024-04-09T16:52:48.665+0000] {logging_mixin.py:188} INFO - [2024-04-09T16:52:48.665+0000] {dag.py:3047} INFO - Sync 1 DAGs
[2024-04-09T16:52:48.678+0000] {logging_mixin.py:188} INFO - [2024-04-09T16:52:48.678+0000] {dag.py:3834} INFO - Setting next_dagrun for example_short_circuit_operator to 2024-04-08 00:00:00+00:00, run_after=2024-04-09 00:00:00+00:00
[2024-04-09T16:52:48.686+0000] {processor.py:183} INFO - Processing /home/airflow/.local/lib/python3.8/site-packages/airflow/example_dags/example_short_circuit_operator.py took 0.056 seconds
[2024-04-09T16:53:19.651+0000] {processor.py:161} INFO - Started process (PID=2197) to work on /home/airflow/.local/lib/python3.8/site-packages/airflow/example_dags/example_short_circuit_operator.py
[2024-04-09T16:53:19.653+0000] {processor.py:830} INFO - Processing file /home/airflow/.local/lib/python3.8/site-packages/airflow/example_dags/example_short_circuit_operator.py for tasks to queue
[2024-04-09T16:53:19.655+0000] {logging_mixin.py:188} INFO - [2024-04-09T16:53:19.655+0000] {dagbag.py:540} INFO - Filling up the DagBag from /home/airflow/.local/lib/python3.8/site-packages/airflow/example_dags/example_short_circuit_operator.py
[2024-04-09T16:53:19.673+0000] {processor.py:840} INFO - DAG(s) 'example_short_circuit_operator' retrieved from /home/airflow/.local/lib/python3.8/site-packages/airflow/example_dags/example_short_circuit_operator.py
[2024-04-09T16:53:19.737+0000] {logging_mixin.py:188} INFO - [2024-04-09T16:53:19.736+0000] {dag.py:3047} INFO - Sync 1 DAGs
[2024-04-09T16:53:19.809+0000] {logging_mixin.py:188} INFO - [2024-04-09T16:53:19.808+0000] {dag.py:3834} INFO - Setting next_dagrun for example_short_circuit_operator to 2024-04-08 00:00:00+00:00, run_after=2024-04-09 00:00:00+00:00
[2024-04-09T16:53:19.862+0000] {processor.py:183} INFO - Processing /home/airflow/.local/lib/python3.8/site-packages/airflow/example_dags/example_short_circuit_operator.py took 0.222 seconds
[2024-04-09T16:53:51.548+0000] {processor.py:161} INFO - Started process (PID=2270) to work on /home/airflow/.local/lib/python3.8/site-packages/airflow/example_dags/example_short_circuit_operator.py
[2024-04-09T16:53:51.560+0000] {processor.py:830} INFO - Processing file /home/airflow/.local/lib/python3.8/site-packages/airflow/example_dags/example_short_circuit_operator.py for tasks to queue
[2024-04-09T16:53:51.568+0000] {logging_mixin.py:188} INFO - [2024-04-09T16:53:51.567+0000] {dagbag.py:540} INFO - Filling up the DagBag from /home/airflow/.local/lib/python3.8/site-packages/airflow/example_dags/example_short_circuit_operator.py
[2024-04-09T16:53:51.589+0000] {processor.py:840} INFO - DAG(s) 'example_short_circuit_operator' retrieved from /home/airflow/.local/lib/python3.8/site-packages/airflow/example_dags/example_short_circuit_operator.py
[2024-04-09T16:53:51.655+0000] {logging_mixin.py:188} INFO - [2024-04-09T16:53:51.655+0000] {dag.py:3047} INFO - Sync 1 DAGs
[2024-04-09T16:53:51.702+0000] {logging_mixin.py:188} INFO - [2024-04-09T16:53:51.701+0000] {dag.py:3834} INFO - Setting next_dagrun for example_short_circuit_operator to 2024-04-08 00:00:00+00:00, run_after=2024-04-09 00:00:00+00:00
[2024-04-09T16:53:51.746+0000] {processor.py:183} INFO - Processing /home/airflow/.local/lib/python3.8/site-packages/airflow/example_dags/example_short_circuit_operator.py took 0.205 seconds
[2024-04-09T16:54:22.854+0000] {processor.py:161} INFO - Started process (PID=2340) to work on /home/airflow/.local/lib/python3.8/site-packages/airflow/example_dags/example_short_circuit_operator.py
[2024-04-09T16:54:22.866+0000] {processor.py:830} INFO - Processing file /home/airflow/.local/lib/python3.8/site-packages/airflow/example_dags/example_short_circuit_operator.py for tasks to queue
[2024-04-09T16:54:22.905+0000] {logging_mixin.py:188} INFO - [2024-04-09T16:54:22.904+0000] {dagbag.py:540} INFO - Filling up the DagBag from /home/airflow/.local/lib/python3.8/site-packages/airflow/example_dags/example_short_circuit_operator.py
[2024-04-09T16:54:22.978+0000] {processor.py:840} INFO - DAG(s) 'example_short_circuit_operator' retrieved from /home/airflow/.local/lib/python3.8/site-packages/airflow/example_dags/example_short_circuit_operator.py
[2024-04-09T16:54:23.130+0000] {logging_mixin.py:188} INFO - [2024-04-09T16:54:23.129+0000] {dag.py:3047} INFO - Sync 1 DAGs
[2024-04-09T16:54:23.249+0000] {logging_mixin.py:188} INFO - [2024-04-09T16:54:23.248+0000] {dag.py:3834} INFO - Setting next_dagrun for example_short_circuit_operator to 2024-04-08 00:00:00+00:00, run_after=2024-04-09 00:00:00+00:00
[2024-04-09T16:54:23.413+0000] {processor.py:183} INFO - Processing /home/airflow/.local/lib/python3.8/site-packages/airflow/example_dags/example_short_circuit_operator.py took 0.596 seconds
