[2024-04-09T16:35:17.888+0000] {processor.py:161} INFO - Started process (PID=66) to work on /home/airflow/.local/lib/python3.8/site-packages/airflow/example_dags/example_external_task_marker_dag.py
[2024-04-09T16:35:17.889+0000] {processor.py:830} INFO - Processing file /home/airflow/.local/lib/python3.8/site-packages/airflow/example_dags/example_external_task_marker_dag.py for tasks to queue
[2024-04-09T16:35:17.890+0000] {logging_mixin.py:188} INFO - [2024-04-09T16:35:17.890+0000] {dagbag.py:540} INFO - Filling up the DagBag from /home/airflow/.local/lib/python3.8/site-packages/airflow/example_dags/example_external_task_marker_dag.py
[2024-04-09T16:35:17.895+0000] {processor.py:840} INFO - DAG(s) 'example_external_task_marker_child', 'example_external_task_marker_parent' retrieved from /home/airflow/.local/lib/python3.8/site-packages/airflow/example_dags/example_external_task_marker_dag.py
[2024-04-09T16:35:17.918+0000] {logging_mixin.py:188} INFO - [2024-04-09T16:35:17.918+0000] {dag.py:3047} INFO - Sync 2 DAGs
[2024-04-09T16:35:17.936+0000] {logging_mixin.py:188} INFO - [2024-04-09T16:35:17.935+0000] {dag.py:3834} INFO - Setting next_dagrun for example_external_task_marker_child to None, run_after=None
[2024-04-09T16:35:17.938+0000] {logging_mixin.py:188} INFO - [2024-04-09T16:35:17.938+0000] {dag.py:3834} INFO - Setting next_dagrun for example_external_task_marker_parent to None, run_after=None
[2024-04-09T16:35:17.951+0000] {processor.py:183} INFO - Processing /home/airflow/.local/lib/python3.8/site-packages/airflow/example_dags/example_external_task_marker_dag.py took 0.065 seconds
[2024-04-09T16:35:48.717+0000] {processor.py:161} INFO - Started process (PID=123) to work on /home/airflow/.local/lib/python3.8/site-packages/airflow/example_dags/example_external_task_marker_dag.py
[2024-04-09T16:35:48.718+0000] {processor.py:830} INFO - Processing file /home/airflow/.local/lib/python3.8/site-packages/airflow/example_dags/example_external_task_marker_dag.py for tasks to queue
[2024-04-09T16:35:48.719+0000] {logging_mixin.py:188} INFO - [2024-04-09T16:35:48.718+0000] {dagbag.py:540} INFO - Filling up the DagBag from /home/airflow/.local/lib/python3.8/site-packages/airflow/example_dags/example_external_task_marker_dag.py
[2024-04-09T16:35:48.722+0000] {processor.py:840} INFO - DAG(s) 'example_external_task_marker_child', 'example_external_task_marker_parent' retrieved from /home/airflow/.local/lib/python3.8/site-packages/airflow/example_dags/example_external_task_marker_dag.py
[2024-04-09T16:35:48.775+0000] {logging_mixin.py:188} INFO - [2024-04-09T16:35:48.775+0000] {dag.py:3047} INFO - Sync 2 DAGs
[2024-04-09T16:35:48.784+0000] {logging_mixin.py:188} INFO - [2024-04-09T16:35:48.783+0000] {dag.py:3834} INFO - Setting next_dagrun for example_external_task_marker_child to None, run_after=None
[2024-04-09T16:35:48.785+0000] {logging_mixin.py:188} INFO - [2024-04-09T16:35:48.785+0000] {dag.py:3834} INFO - Setting next_dagrun for example_external_task_marker_parent to None, run_after=None
[2024-04-09T16:35:48.793+0000] {processor.py:183} INFO - Processing /home/airflow/.local/lib/python3.8/site-packages/airflow/example_dags/example_external_task_marker_dag.py took 0.078 seconds
[2024-04-09T16:36:19.295+0000] {processor.py:161} INFO - Started process (PID=180) to work on /home/airflow/.local/lib/python3.8/site-packages/airflow/example_dags/example_external_task_marker_dag.py
[2024-04-09T16:36:19.296+0000] {processor.py:830} INFO - Processing file /home/airflow/.local/lib/python3.8/site-packages/airflow/example_dags/example_external_task_marker_dag.py for tasks to queue
[2024-04-09T16:36:19.297+0000] {logging_mixin.py:188} INFO - [2024-04-09T16:36:19.296+0000] {dagbag.py:540} INFO - Filling up the DagBag from /home/airflow/.local/lib/python3.8/site-packages/airflow/example_dags/example_external_task_marker_dag.py
[2024-04-09T16:36:19.300+0000] {processor.py:840} INFO - DAG(s) 'example_external_task_marker_child', 'example_external_task_marker_parent' retrieved from /home/airflow/.local/lib/python3.8/site-packages/airflow/example_dags/example_external_task_marker_dag.py
[2024-04-09T16:36:19.311+0000] {logging_mixin.py:188} INFO - [2024-04-09T16:36:19.311+0000] {dag.py:3047} INFO - Sync 2 DAGs
[2024-04-09T16:36:19.317+0000] {logging_mixin.py:188} INFO - [2024-04-09T16:36:19.317+0000] {dag.py:3834} INFO - Setting next_dagrun for example_external_task_marker_child to None, run_after=None
[2024-04-09T16:36:19.318+0000] {logging_mixin.py:188} INFO - [2024-04-09T16:36:19.318+0000] {dag.py:3834} INFO - Setting next_dagrun for example_external_task_marker_parent to None, run_after=None
[2024-04-09T16:36:19.324+0000] {processor.py:183} INFO - Processing /home/airflow/.local/lib/python3.8/site-packages/airflow/example_dags/example_external_task_marker_dag.py took 0.031 seconds
[2024-04-09T16:36:50.048+0000] {processor.py:161} INFO - Started process (PID=237) to work on /home/airflow/.local/lib/python3.8/site-packages/airflow/example_dags/example_external_task_marker_dag.py
[2024-04-09T16:36:50.049+0000] {processor.py:830} INFO - Processing file /home/airflow/.local/lib/python3.8/site-packages/airflow/example_dags/example_external_task_marker_dag.py for tasks to queue
[2024-04-09T16:36:50.050+0000] {logging_mixin.py:188} INFO - [2024-04-09T16:36:50.049+0000] {dagbag.py:540} INFO - Filling up the DagBag from /home/airflow/.local/lib/python3.8/site-packages/airflow/example_dags/example_external_task_marker_dag.py
[2024-04-09T16:36:50.053+0000] {processor.py:840} INFO - DAG(s) 'example_external_task_marker_parent', 'example_external_task_marker_child' retrieved from /home/airflow/.local/lib/python3.8/site-packages/airflow/example_dags/example_external_task_marker_dag.py
[2024-04-09T16:36:50.064+0000] {logging_mixin.py:188} INFO - [2024-04-09T16:36:50.064+0000] {dag.py:3047} INFO - Sync 2 DAGs
[2024-04-09T16:36:50.071+0000] {logging_mixin.py:188} INFO - [2024-04-09T16:36:50.071+0000] {dag.py:3834} INFO - Setting next_dagrun for example_external_task_marker_child to None, run_after=None
[2024-04-09T16:36:50.074+0000] {logging_mixin.py:188} INFO - [2024-04-09T16:36:50.074+0000] {dag.py:3834} INFO - Setting next_dagrun for example_external_task_marker_parent to None, run_after=None
[2024-04-09T16:36:50.082+0000] {processor.py:183} INFO - Processing /home/airflow/.local/lib/python3.8/site-packages/airflow/example_dags/example_external_task_marker_dag.py took 0.036 seconds
[2024-04-09T16:37:21.101+0000] {processor.py:161} INFO - Started process (PID=294) to work on /home/airflow/.local/lib/python3.8/site-packages/airflow/example_dags/example_external_task_marker_dag.py
[2024-04-09T16:37:21.102+0000] {processor.py:830} INFO - Processing file /home/airflow/.local/lib/python3.8/site-packages/airflow/example_dags/example_external_task_marker_dag.py for tasks to queue
[2024-04-09T16:37:21.103+0000] {logging_mixin.py:188} INFO - [2024-04-09T16:37:21.103+0000] {dagbag.py:540} INFO - Filling up the DagBag from /home/airflow/.local/lib/python3.8/site-packages/airflow/example_dags/example_external_task_marker_dag.py
[2024-04-09T16:37:21.106+0000] {processor.py:840} INFO - DAG(s) 'example_external_task_marker_parent', 'example_external_task_marker_child' retrieved from /home/airflow/.local/lib/python3.8/site-packages/airflow/example_dags/example_external_task_marker_dag.py
[2024-04-09T16:37:21.116+0000] {logging_mixin.py:188} INFO - [2024-04-09T16:37:21.115+0000] {dag.py:3047} INFO - Sync 2 DAGs
[2024-04-09T16:37:21.121+0000] {logging_mixin.py:188} INFO - [2024-04-09T16:37:21.121+0000] {dag.py:3834} INFO - Setting next_dagrun for example_external_task_marker_child to None, run_after=None
[2024-04-09T16:37:21.122+0000] {logging_mixin.py:188} INFO - [2024-04-09T16:37:21.122+0000] {dag.py:3834} INFO - Setting next_dagrun for example_external_task_marker_parent to None, run_after=None
[2024-04-09T16:37:21.129+0000] {processor.py:183} INFO - Processing /home/airflow/.local/lib/python3.8/site-packages/airflow/example_dags/example_external_task_marker_dag.py took 0.030 seconds
[2024-04-09T16:37:51.841+0000] {processor.py:161} INFO - Started process (PID=351) to work on /home/airflow/.local/lib/python3.8/site-packages/airflow/example_dags/example_external_task_marker_dag.py
[2024-04-09T16:37:51.842+0000] {processor.py:830} INFO - Processing file /home/airflow/.local/lib/python3.8/site-packages/airflow/example_dags/example_external_task_marker_dag.py for tasks to queue
[2024-04-09T16:37:51.844+0000] {logging_mixin.py:188} INFO - [2024-04-09T16:37:51.843+0000] {dagbag.py:540} INFO - Filling up the DagBag from /home/airflow/.local/lib/python3.8/site-packages/airflow/example_dags/example_external_task_marker_dag.py
[2024-04-09T16:37:51.847+0000] {processor.py:840} INFO - DAG(s) 'example_external_task_marker_child', 'example_external_task_marker_parent' retrieved from /home/airflow/.local/lib/python3.8/site-packages/airflow/example_dags/example_external_task_marker_dag.py
[2024-04-09T16:37:51.858+0000] {logging_mixin.py:188} INFO - [2024-04-09T16:37:51.858+0000] {dag.py:3047} INFO - Sync 2 DAGs
[2024-04-09T16:37:51.868+0000] {logging_mixin.py:188} INFO - [2024-04-09T16:37:51.868+0000] {dag.py:3834} INFO - Setting next_dagrun for example_external_task_marker_child to None, run_after=None
[2024-04-09T16:37:51.870+0000] {logging_mixin.py:188} INFO - [2024-04-09T16:37:51.870+0000] {dag.py:3834} INFO - Setting next_dagrun for example_external_task_marker_parent to None, run_after=None
[2024-04-09T16:37:51.881+0000] {processor.py:183} INFO - Processing /home/airflow/.local/lib/python3.8/site-packages/airflow/example_dags/example_external_task_marker_dag.py took 0.041 seconds
[2024-04-09T16:38:22.737+0000] {processor.py:161} INFO - Started process (PID=408) to work on /home/airflow/.local/lib/python3.8/site-packages/airflow/example_dags/example_external_task_marker_dag.py
[2024-04-09T16:38:22.738+0000] {processor.py:830} INFO - Processing file /home/airflow/.local/lib/python3.8/site-packages/airflow/example_dags/example_external_task_marker_dag.py for tasks to queue
[2024-04-09T16:38:22.740+0000] {logging_mixin.py:188} INFO - [2024-04-09T16:38:22.739+0000] {dagbag.py:540} INFO - Filling up the DagBag from /home/airflow/.local/lib/python3.8/site-packages/airflow/example_dags/example_external_task_marker_dag.py
[2024-04-09T16:38:22.746+0000] {processor.py:840} INFO - DAG(s) 'example_external_task_marker_child', 'example_external_task_marker_parent' retrieved from /home/airflow/.local/lib/python3.8/site-packages/airflow/example_dags/example_external_task_marker_dag.py
[2024-04-09T16:38:22.758+0000] {logging_mixin.py:188} INFO - [2024-04-09T16:38:22.758+0000] {dag.py:3047} INFO - Sync 2 DAGs
[2024-04-09T16:38:22.764+0000] {logging_mixin.py:188} INFO - [2024-04-09T16:38:22.764+0000] {dag.py:3834} INFO - Setting next_dagrun for example_external_task_marker_child to None, run_after=None
[2024-04-09T16:38:22.767+0000] {logging_mixin.py:188} INFO - [2024-04-09T16:38:22.767+0000] {dag.py:3834} INFO - Setting next_dagrun for example_external_task_marker_parent to None, run_after=None
[2024-04-09T16:38:22.773+0000] {processor.py:183} INFO - Processing /home/airflow/.local/lib/python3.8/site-packages/airflow/example_dags/example_external_task_marker_dag.py took 0.040 seconds
[2024-04-09T16:38:53.492+0000] {processor.py:161} INFO - Started process (PID=465) to work on /home/airflow/.local/lib/python3.8/site-packages/airflow/example_dags/example_external_task_marker_dag.py
[2024-04-09T16:38:53.493+0000] {processor.py:830} INFO - Processing file /home/airflow/.local/lib/python3.8/site-packages/airflow/example_dags/example_external_task_marker_dag.py for tasks to queue
[2024-04-09T16:38:53.494+0000] {logging_mixin.py:188} INFO - [2024-04-09T16:38:53.494+0000] {dagbag.py:540} INFO - Filling up the DagBag from /home/airflow/.local/lib/python3.8/site-packages/airflow/example_dags/example_external_task_marker_dag.py
[2024-04-09T16:38:53.497+0000] {processor.py:840} INFO - DAG(s) 'example_external_task_marker_parent', 'example_external_task_marker_child' retrieved from /home/airflow/.local/lib/python3.8/site-packages/airflow/example_dags/example_external_task_marker_dag.py
[2024-04-09T16:38:53.508+0000] {logging_mixin.py:188} INFO - [2024-04-09T16:38:53.508+0000] {dag.py:3047} INFO - Sync 2 DAGs
[2024-04-09T16:38:53.513+0000] {logging_mixin.py:188} INFO - [2024-04-09T16:38:53.513+0000] {dag.py:3834} INFO - Setting next_dagrun for example_external_task_marker_child to None, run_after=None
[2024-04-09T16:38:53.515+0000] {logging_mixin.py:188} INFO - [2024-04-09T16:38:53.515+0000] {dag.py:3834} INFO - Setting next_dagrun for example_external_task_marker_parent to None, run_after=None
[2024-04-09T16:38:53.521+0000] {processor.py:183} INFO - Processing /home/airflow/.local/lib/python3.8/site-packages/airflow/example_dags/example_external_task_marker_dag.py took 0.031 seconds
[2024-04-09T16:39:24.222+0000] {processor.py:161} INFO - Started process (PID=522) to work on /home/airflow/.local/lib/python3.8/site-packages/airflow/example_dags/example_external_task_marker_dag.py
[2024-04-09T16:39:24.222+0000] {processor.py:830} INFO - Processing file /home/airflow/.local/lib/python3.8/site-packages/airflow/example_dags/example_external_task_marker_dag.py for tasks to queue
[2024-04-09T16:39:24.223+0000] {logging_mixin.py:188} INFO - [2024-04-09T16:39:24.223+0000] {dagbag.py:540} INFO - Filling up the DagBag from /home/airflow/.local/lib/python3.8/site-packages/airflow/example_dags/example_external_task_marker_dag.py
[2024-04-09T16:39:24.227+0000] {processor.py:840} INFO - DAG(s) 'example_external_task_marker_parent', 'example_external_task_marker_child' retrieved from /home/airflow/.local/lib/python3.8/site-packages/airflow/example_dags/example_external_task_marker_dag.py
[2024-04-09T16:39:24.238+0000] {logging_mixin.py:188} INFO - [2024-04-09T16:39:24.238+0000] {dag.py:3047} INFO - Sync 2 DAGs
[2024-04-09T16:39:24.245+0000] {logging_mixin.py:188} INFO - [2024-04-09T16:39:24.245+0000] {dag.py:3834} INFO - Setting next_dagrun for example_external_task_marker_child to None, run_after=None
[2024-04-09T16:39:24.251+0000] {logging_mixin.py:188} INFO - [2024-04-09T16:39:24.251+0000] {dag.py:3834} INFO - Setting next_dagrun for example_external_task_marker_parent to None, run_after=None
[2024-04-09T16:39:24.258+0000] {processor.py:183} INFO - Processing /home/airflow/.local/lib/python3.8/site-packages/airflow/example_dags/example_external_task_marker_dag.py took 0.038 seconds
[2024-04-09T16:39:54.450+0000] {processor.py:161} INFO - Started process (PID=579) to work on /home/airflow/.local/lib/python3.8/site-packages/airflow/example_dags/example_external_task_marker_dag.py
[2024-04-09T16:39:54.451+0000] {processor.py:830} INFO - Processing file /home/airflow/.local/lib/python3.8/site-packages/airflow/example_dags/example_external_task_marker_dag.py for tasks to queue
[2024-04-09T16:39:54.452+0000] {logging_mixin.py:188} INFO - [2024-04-09T16:39:54.452+0000] {dagbag.py:540} INFO - Filling up the DagBag from /home/airflow/.local/lib/python3.8/site-packages/airflow/example_dags/example_external_task_marker_dag.py
[2024-04-09T16:39:54.456+0000] {processor.py:840} INFO - DAG(s) 'example_external_task_marker_parent', 'example_external_task_marker_child' retrieved from /home/airflow/.local/lib/python3.8/site-packages/airflow/example_dags/example_external_task_marker_dag.py
[2024-04-09T16:39:54.471+0000] {logging_mixin.py:188} INFO - [2024-04-09T16:39:54.471+0000] {dag.py:3047} INFO - Sync 2 DAGs
[2024-04-09T16:39:54.479+0000] {logging_mixin.py:188} INFO - [2024-04-09T16:39:54.479+0000] {dag.py:3834} INFO - Setting next_dagrun for example_external_task_marker_child to None, run_after=None
[2024-04-09T16:39:54.481+0000] {logging_mixin.py:188} INFO - [2024-04-09T16:39:54.481+0000] {dag.py:3834} INFO - Setting next_dagrun for example_external_task_marker_parent to None, run_after=None
[2024-04-09T16:39:54.489+0000] {processor.py:183} INFO - Processing /home/airflow/.local/lib/python3.8/site-packages/airflow/example_dags/example_external_task_marker_dag.py took 0.040 seconds
[2024-04-09T16:40:24.589+0000] {processor.py:161} INFO - Started process (PID=634) to work on /home/airflow/.local/lib/python3.8/site-packages/airflow/example_dags/example_external_task_marker_dag.py
[2024-04-09T16:40:24.589+0000] {processor.py:830} INFO - Processing file /home/airflow/.local/lib/python3.8/site-packages/airflow/example_dags/example_external_task_marker_dag.py for tasks to queue
[2024-04-09T16:40:24.590+0000] {logging_mixin.py:188} INFO - [2024-04-09T16:40:24.590+0000] {dagbag.py:540} INFO - Filling up the DagBag from /home/airflow/.local/lib/python3.8/site-packages/airflow/example_dags/example_external_task_marker_dag.py
[2024-04-09T16:40:24.593+0000] {processor.py:840} INFO - DAG(s) 'example_external_task_marker_child', 'example_external_task_marker_parent' retrieved from /home/airflow/.local/lib/python3.8/site-packages/airflow/example_dags/example_external_task_marker_dag.py
[2024-04-09T16:40:24.604+0000] {logging_mixin.py:188} INFO - [2024-04-09T16:40:24.604+0000] {dag.py:3047} INFO - Sync 2 DAGs
[2024-04-09T16:40:24.609+0000] {logging_mixin.py:188} INFO - [2024-04-09T16:40:24.609+0000] {dag.py:3834} INFO - Setting next_dagrun for example_external_task_marker_child to None, run_after=None
[2024-04-09T16:40:24.610+0000] {logging_mixin.py:188} INFO - [2024-04-09T16:40:24.610+0000] {dag.py:3834} INFO - Setting next_dagrun for example_external_task_marker_parent to None, run_after=None
[2024-04-09T16:40:24.617+0000] {processor.py:183} INFO - Processing /home/airflow/.local/lib/python3.8/site-packages/airflow/example_dags/example_external_task_marker_dag.py took 0.030 seconds
[2024-04-09T16:40:54.703+0000] {processor.py:161} INFO - Started process (PID=692) to work on /home/airflow/.local/lib/python3.8/site-packages/airflow/example_dags/example_external_task_marker_dag.py
[2024-04-09T16:40:54.704+0000] {processor.py:830} INFO - Processing file /home/airflow/.local/lib/python3.8/site-packages/airflow/example_dags/example_external_task_marker_dag.py for tasks to queue
[2024-04-09T16:40:54.705+0000] {logging_mixin.py:188} INFO - [2024-04-09T16:40:54.704+0000] {dagbag.py:540} INFO - Filling up the DagBag from /home/airflow/.local/lib/python3.8/site-packages/airflow/example_dags/example_external_task_marker_dag.py
[2024-04-09T16:40:54.708+0000] {processor.py:840} INFO - DAG(s) 'example_external_task_marker_parent', 'example_external_task_marker_child' retrieved from /home/airflow/.local/lib/python3.8/site-packages/airflow/example_dags/example_external_task_marker_dag.py
[2024-04-09T16:40:54.718+0000] {logging_mixin.py:188} INFO - [2024-04-09T16:40:54.718+0000] {dag.py:3047} INFO - Sync 2 DAGs
[2024-04-09T16:40:54.724+0000] {logging_mixin.py:188} INFO - [2024-04-09T16:40:54.724+0000] {dag.py:3834} INFO - Setting next_dagrun for example_external_task_marker_child to None, run_after=None
[2024-04-09T16:40:54.725+0000] {logging_mixin.py:188} INFO - [2024-04-09T16:40:54.725+0000] {dag.py:3834} INFO - Setting next_dagrun for example_external_task_marker_parent to None, run_after=None
[2024-04-09T16:40:54.731+0000] {processor.py:183} INFO - Processing /home/airflow/.local/lib/python3.8/site-packages/airflow/example_dags/example_external_task_marker_dag.py took 0.030 seconds
[2024-04-09T16:41:24.866+0000] {processor.py:161} INFO - Started process (PID=748) to work on /home/airflow/.local/lib/python3.8/site-packages/airflow/example_dags/example_external_task_marker_dag.py
[2024-04-09T16:41:24.867+0000] {processor.py:830} INFO - Processing file /home/airflow/.local/lib/python3.8/site-packages/airflow/example_dags/example_external_task_marker_dag.py for tasks to queue
[2024-04-09T16:41:24.868+0000] {logging_mixin.py:188} INFO - [2024-04-09T16:41:24.868+0000] {dagbag.py:540} INFO - Filling up the DagBag from /home/airflow/.local/lib/python3.8/site-packages/airflow/example_dags/example_external_task_marker_dag.py
[2024-04-09T16:41:24.871+0000] {processor.py:840} INFO - DAG(s) 'example_external_task_marker_parent', 'example_external_task_marker_child' retrieved from /home/airflow/.local/lib/python3.8/site-packages/airflow/example_dags/example_external_task_marker_dag.py
[2024-04-09T16:41:24.881+0000] {logging_mixin.py:188} INFO - [2024-04-09T16:41:24.881+0000] {dag.py:3047} INFO - Sync 2 DAGs
[2024-04-09T16:41:24.887+0000] {logging_mixin.py:188} INFO - [2024-04-09T16:41:24.887+0000] {dag.py:3834} INFO - Setting next_dagrun for example_external_task_marker_child to None, run_after=None
[2024-04-09T16:41:24.888+0000] {logging_mixin.py:188} INFO - [2024-04-09T16:41:24.888+0000] {dag.py:3834} INFO - Setting next_dagrun for example_external_task_marker_parent to None, run_after=None
[2024-04-09T16:41:24.895+0000] {processor.py:183} INFO - Processing /home/airflow/.local/lib/python3.8/site-packages/airflow/example_dags/example_external_task_marker_dag.py took 0.031 seconds
[2024-04-09T16:41:55.377+0000] {processor.py:161} INFO - Started process (PID=807) to work on /home/airflow/.local/lib/python3.8/site-packages/airflow/example_dags/example_external_task_marker_dag.py
[2024-04-09T16:41:55.377+0000] {processor.py:830} INFO - Processing file /home/airflow/.local/lib/python3.8/site-packages/airflow/example_dags/example_external_task_marker_dag.py for tasks to queue
[2024-04-09T16:41:55.378+0000] {logging_mixin.py:188} INFO - [2024-04-09T16:41:55.378+0000] {dagbag.py:540} INFO - Filling up the DagBag from /home/airflow/.local/lib/python3.8/site-packages/airflow/example_dags/example_external_task_marker_dag.py
[2024-04-09T16:41:55.381+0000] {processor.py:840} INFO - DAG(s) 'example_external_task_marker_child', 'example_external_task_marker_parent' retrieved from /home/airflow/.local/lib/python3.8/site-packages/airflow/example_dags/example_external_task_marker_dag.py
[2024-04-09T16:41:55.391+0000] {logging_mixin.py:188} INFO - [2024-04-09T16:41:55.391+0000] {dag.py:3047} INFO - Sync 2 DAGs
[2024-04-09T16:41:55.397+0000] {logging_mixin.py:188} INFO - [2024-04-09T16:41:55.397+0000] {dag.py:3834} INFO - Setting next_dagrun for example_external_task_marker_child to None, run_after=None
[2024-04-09T16:41:55.398+0000] {logging_mixin.py:188} INFO - [2024-04-09T16:41:55.398+0000] {dag.py:3834} INFO - Setting next_dagrun for example_external_task_marker_parent to None, run_after=None
[2024-04-09T16:41:55.406+0000] {processor.py:183} INFO - Processing /home/airflow/.local/lib/python3.8/site-packages/airflow/example_dags/example_external_task_marker_dag.py took 0.030 seconds
[2024-04-09T16:42:26.060+0000] {processor.py:161} INFO - Started process (PID=865) to work on /home/airflow/.local/lib/python3.8/site-packages/airflow/example_dags/example_external_task_marker_dag.py
[2024-04-09T16:42:26.061+0000] {processor.py:830} INFO - Processing file /home/airflow/.local/lib/python3.8/site-packages/airflow/example_dags/example_external_task_marker_dag.py for tasks to queue
[2024-04-09T16:42:26.062+0000] {logging_mixin.py:188} INFO - [2024-04-09T16:42:26.061+0000] {dagbag.py:540} INFO - Filling up the DagBag from /home/airflow/.local/lib/python3.8/site-packages/airflow/example_dags/example_external_task_marker_dag.py
[2024-04-09T16:42:26.065+0000] {processor.py:840} INFO - DAG(s) 'example_external_task_marker_parent', 'example_external_task_marker_child' retrieved from /home/airflow/.local/lib/python3.8/site-packages/airflow/example_dags/example_external_task_marker_dag.py
[2024-04-09T16:42:26.075+0000] {logging_mixin.py:188} INFO - [2024-04-09T16:42:26.075+0000] {dag.py:3047} INFO - Sync 2 DAGs
[2024-04-09T16:42:26.080+0000] {logging_mixin.py:188} INFO - [2024-04-09T16:42:26.080+0000] {dag.py:3834} INFO - Setting next_dagrun for example_external_task_marker_child to None, run_after=None
[2024-04-09T16:42:26.082+0000] {logging_mixin.py:188} INFO - [2024-04-09T16:42:26.082+0000] {dag.py:3834} INFO - Setting next_dagrun for example_external_task_marker_parent to None, run_after=None
[2024-04-09T16:42:26.088+0000] {processor.py:183} INFO - Processing /home/airflow/.local/lib/python3.8/site-packages/airflow/example_dags/example_external_task_marker_dag.py took 0.030 seconds
[2024-04-09T16:42:56.885+0000] {processor.py:161} INFO - Started process (PID=923) to work on /home/airflow/.local/lib/python3.8/site-packages/airflow/example_dags/example_external_task_marker_dag.py
[2024-04-09T16:42:56.886+0000] {processor.py:830} INFO - Processing file /home/airflow/.local/lib/python3.8/site-packages/airflow/example_dags/example_external_task_marker_dag.py for tasks to queue
[2024-04-09T16:42:56.887+0000] {logging_mixin.py:188} INFO - [2024-04-09T16:42:56.887+0000] {dagbag.py:540} INFO - Filling up the DagBag from /home/airflow/.local/lib/python3.8/site-packages/airflow/example_dags/example_external_task_marker_dag.py
[2024-04-09T16:42:56.890+0000] {processor.py:840} INFO - DAG(s) 'example_external_task_marker_child', 'example_external_task_marker_parent' retrieved from /home/airflow/.local/lib/python3.8/site-packages/airflow/example_dags/example_external_task_marker_dag.py
[2024-04-09T16:42:56.900+0000] {logging_mixin.py:188} INFO - [2024-04-09T16:42:56.900+0000] {dag.py:3047} INFO - Sync 2 DAGs
[2024-04-09T16:42:56.906+0000] {logging_mixin.py:188} INFO - [2024-04-09T16:42:56.906+0000] {dag.py:3834} INFO - Setting next_dagrun for example_external_task_marker_child to None, run_after=None
[2024-04-09T16:42:56.907+0000] {logging_mixin.py:188} INFO - [2024-04-09T16:42:56.907+0000] {dag.py:3834} INFO - Setting next_dagrun for example_external_task_marker_parent to None, run_after=None
[2024-04-09T16:42:56.914+0000] {processor.py:183} INFO - Processing /home/airflow/.local/lib/python3.8/site-packages/airflow/example_dags/example_external_task_marker_dag.py took 0.030 seconds
[2024-04-09T16:43:27.759+0000] {processor.py:161} INFO - Started process (PID=981) to work on /home/airflow/.local/lib/python3.8/site-packages/airflow/example_dags/example_external_task_marker_dag.py
[2024-04-09T16:43:27.759+0000] {processor.py:830} INFO - Processing file /home/airflow/.local/lib/python3.8/site-packages/airflow/example_dags/example_external_task_marker_dag.py for tasks to queue
[2024-04-09T16:43:27.760+0000] {logging_mixin.py:188} INFO - [2024-04-09T16:43:27.760+0000] {dagbag.py:540} INFO - Filling up the DagBag from /home/airflow/.local/lib/python3.8/site-packages/airflow/example_dags/example_external_task_marker_dag.py
[2024-04-09T16:43:27.764+0000] {processor.py:840} INFO - DAG(s) 'example_external_task_marker_child', 'example_external_task_marker_parent' retrieved from /home/airflow/.local/lib/python3.8/site-packages/airflow/example_dags/example_external_task_marker_dag.py
[2024-04-09T16:43:27.788+0000] {logging_mixin.py:188} INFO - [2024-04-09T16:43:27.788+0000] {dag.py:3047} INFO - Sync 2 DAGs
[2024-04-09T16:43:27.804+0000] {logging_mixin.py:188} INFO - [2024-04-09T16:43:27.804+0000] {dag.py:3834} INFO - Setting next_dagrun for example_external_task_marker_child to None, run_after=None
[2024-04-09T16:43:27.806+0000] {logging_mixin.py:188} INFO - [2024-04-09T16:43:27.806+0000] {dag.py:3834} INFO - Setting next_dagrun for example_external_task_marker_parent to None, run_after=None
[2024-04-09T16:43:27.817+0000] {processor.py:183} INFO - Processing /home/airflow/.local/lib/python3.8/site-packages/airflow/example_dags/example_external_task_marker_dag.py took 0.060 seconds
[2024-04-09T16:43:57.853+0000] {processor.py:161} INFO - Started process (PID=1038) to work on /home/airflow/.local/lib/python3.8/site-packages/airflow/example_dags/example_external_task_marker_dag.py
[2024-04-09T16:43:57.853+0000] {processor.py:830} INFO - Processing file /home/airflow/.local/lib/python3.8/site-packages/airflow/example_dags/example_external_task_marker_dag.py for tasks to queue
[2024-04-09T16:43:57.854+0000] {logging_mixin.py:188} INFO - [2024-04-09T16:43:57.854+0000] {dagbag.py:540} INFO - Filling up the DagBag from /home/airflow/.local/lib/python3.8/site-packages/airflow/example_dags/example_external_task_marker_dag.py
[2024-04-09T16:43:57.857+0000] {processor.py:840} INFO - DAG(s) 'example_external_task_marker_child', 'example_external_task_marker_parent' retrieved from /home/airflow/.local/lib/python3.8/site-packages/airflow/example_dags/example_external_task_marker_dag.py
[2024-04-09T16:43:57.868+0000] {logging_mixin.py:188} INFO - [2024-04-09T16:43:57.868+0000] {dag.py:3047} INFO - Sync 2 DAGs
[2024-04-09T16:43:57.873+0000] {logging_mixin.py:188} INFO - [2024-04-09T16:43:57.872+0000] {dag.py:3834} INFO - Setting next_dagrun for example_external_task_marker_child to None, run_after=None
[2024-04-09T16:43:57.874+0000] {logging_mixin.py:188} INFO - [2024-04-09T16:43:57.874+0000] {dag.py:3834} INFO - Setting next_dagrun for example_external_task_marker_parent to None, run_after=None
[2024-04-09T16:43:57.880+0000] {processor.py:183} INFO - Processing /home/airflow/.local/lib/python3.8/site-packages/airflow/example_dags/example_external_task_marker_dag.py took 0.029 seconds
[2024-04-09T16:44:28.020+0000] {processor.py:161} INFO - Started process (PID=1102) to work on /home/airflow/.local/lib/python3.8/site-packages/airflow/example_dags/example_external_task_marker_dag.py
[2024-04-09T16:44:28.022+0000] {processor.py:830} INFO - Processing file /home/airflow/.local/lib/python3.8/site-packages/airflow/example_dags/example_external_task_marker_dag.py for tasks to queue
[2024-04-09T16:44:28.023+0000] {logging_mixin.py:188} INFO - [2024-04-09T16:44:28.023+0000] {dagbag.py:540} INFO - Filling up the DagBag from /home/airflow/.local/lib/python3.8/site-packages/airflow/example_dags/example_external_task_marker_dag.py
[2024-04-09T16:44:28.028+0000] {processor.py:840} INFO - DAG(s) 'example_external_task_marker_parent', 'example_external_task_marker_child' retrieved from /home/airflow/.local/lib/python3.8/site-packages/airflow/example_dags/example_external_task_marker_dag.py
[2024-04-09T16:44:28.041+0000] {logging_mixin.py:188} INFO - [2024-04-09T16:44:28.040+0000] {dag.py:3047} INFO - Sync 2 DAGs
[2024-04-09T16:44:28.047+0000] {logging_mixin.py:188} INFO - [2024-04-09T16:44:28.047+0000] {dag.py:3834} INFO - Setting next_dagrun for example_external_task_marker_child to None, run_after=None
[2024-04-09T16:44:28.049+0000] {logging_mixin.py:188} INFO - [2024-04-09T16:44:28.049+0000] {dag.py:3834} INFO - Setting next_dagrun for example_external_task_marker_parent to None, run_after=None
[2024-04-09T16:44:28.061+0000] {processor.py:183} INFO - Processing /home/airflow/.local/lib/python3.8/site-packages/airflow/example_dags/example_external_task_marker_dag.py took 0.042 seconds
[2024-04-09T16:44:58.304+0000] {processor.py:161} INFO - Started process (PID=1160) to work on /home/airflow/.local/lib/python3.8/site-packages/airflow/example_dags/example_external_task_marker_dag.py
[2024-04-09T16:44:58.305+0000] {processor.py:830} INFO - Processing file /home/airflow/.local/lib/python3.8/site-packages/airflow/example_dags/example_external_task_marker_dag.py for tasks to queue
[2024-04-09T16:44:58.306+0000] {logging_mixin.py:188} INFO - [2024-04-09T16:44:58.306+0000] {dagbag.py:540} INFO - Filling up the DagBag from /home/airflow/.local/lib/python3.8/site-packages/airflow/example_dags/example_external_task_marker_dag.py
[2024-04-09T16:44:58.309+0000] {processor.py:840} INFO - DAG(s) 'example_external_task_marker_child', 'example_external_task_marker_parent' retrieved from /home/airflow/.local/lib/python3.8/site-packages/airflow/example_dags/example_external_task_marker_dag.py
[2024-04-09T16:44:58.318+0000] {logging_mixin.py:188} INFO - [2024-04-09T16:44:58.318+0000] {dag.py:3047} INFO - Sync 2 DAGs
[2024-04-09T16:44:58.323+0000] {logging_mixin.py:188} INFO - [2024-04-09T16:44:58.323+0000] {dag.py:3834} INFO - Setting next_dagrun for example_external_task_marker_child to None, run_after=None
[2024-04-09T16:44:58.325+0000] {logging_mixin.py:188} INFO - [2024-04-09T16:44:58.324+0000] {dag.py:3834} INFO - Setting next_dagrun for example_external_task_marker_parent to None, run_after=None
[2024-04-09T16:44:58.331+0000] {processor.py:183} INFO - Processing /home/airflow/.local/lib/python3.8/site-packages/airflow/example_dags/example_external_task_marker_dag.py took 0.028 seconds
[2024-04-09T16:45:28.689+0000] {processor.py:161} INFO - Started process (PID=1218) to work on /home/airflow/.local/lib/python3.8/site-packages/airflow/example_dags/example_external_task_marker_dag.py
[2024-04-09T16:45:28.690+0000] {processor.py:830} INFO - Processing file /home/airflow/.local/lib/python3.8/site-packages/airflow/example_dags/example_external_task_marker_dag.py for tasks to queue
[2024-04-09T16:45:28.690+0000] {logging_mixin.py:188} INFO - [2024-04-09T16:45:28.690+0000] {dagbag.py:540} INFO - Filling up the DagBag from /home/airflow/.local/lib/python3.8/site-packages/airflow/example_dags/example_external_task_marker_dag.py
[2024-04-09T16:45:28.693+0000] {processor.py:840} INFO - DAG(s) 'example_external_task_marker_child', 'example_external_task_marker_parent' retrieved from /home/airflow/.local/lib/python3.8/site-packages/airflow/example_dags/example_external_task_marker_dag.py
[2024-04-09T16:45:28.703+0000] {logging_mixin.py:188} INFO - [2024-04-09T16:45:28.703+0000] {dag.py:3047} INFO - Sync 2 DAGs
[2024-04-09T16:45:28.709+0000] {logging_mixin.py:188} INFO - [2024-04-09T16:45:28.709+0000] {dag.py:3834} INFO - Setting next_dagrun for example_external_task_marker_child to None, run_after=None
[2024-04-09T16:45:28.710+0000] {logging_mixin.py:188} INFO - [2024-04-09T16:45:28.710+0000] {dag.py:3834} INFO - Setting next_dagrun for example_external_task_marker_parent to None, run_after=None
[2024-04-09T16:45:28.716+0000] {processor.py:183} INFO - Processing /home/airflow/.local/lib/python3.8/site-packages/airflow/example_dags/example_external_task_marker_dag.py took 0.029 seconds
[2024-04-09T16:45:59.290+0000] {processor.py:161} INFO - Started process (PID=1281) to work on /home/airflow/.local/lib/python3.8/site-packages/airflow/example_dags/example_external_task_marker_dag.py
[2024-04-09T16:45:59.291+0000] {processor.py:830} INFO - Processing file /home/airflow/.local/lib/python3.8/site-packages/airflow/example_dags/example_external_task_marker_dag.py for tasks to queue
[2024-04-09T16:45:59.292+0000] {logging_mixin.py:188} INFO - [2024-04-09T16:45:59.292+0000] {dagbag.py:540} INFO - Filling up the DagBag from /home/airflow/.local/lib/python3.8/site-packages/airflow/example_dags/example_external_task_marker_dag.py
[2024-04-09T16:45:59.295+0000] {processor.py:840} INFO - DAG(s) 'example_external_task_marker_parent', 'example_external_task_marker_child' retrieved from /home/airflow/.local/lib/python3.8/site-packages/airflow/example_dags/example_external_task_marker_dag.py
[2024-04-09T16:45:59.305+0000] {logging_mixin.py:188} INFO - [2024-04-09T16:45:59.305+0000] {dag.py:3047} INFO - Sync 2 DAGs
[2024-04-09T16:45:59.310+0000] {logging_mixin.py:188} INFO - [2024-04-09T16:45:59.310+0000] {dag.py:3834} INFO - Setting next_dagrun for example_external_task_marker_child to None, run_after=None
[2024-04-09T16:45:59.311+0000] {logging_mixin.py:188} INFO - [2024-04-09T16:45:59.311+0000] {dag.py:3834} INFO - Setting next_dagrun for example_external_task_marker_parent to None, run_after=None
[2024-04-09T16:45:59.318+0000] {processor.py:183} INFO - Processing /home/airflow/.local/lib/python3.8/site-packages/airflow/example_dags/example_external_task_marker_dag.py took 0.029 seconds
[2024-04-09T16:46:30.169+0000] {processor.py:161} INFO - Started process (PID=1343) to work on /home/airflow/.local/lib/python3.8/site-packages/airflow/example_dags/example_external_task_marker_dag.py
[2024-04-09T16:46:30.170+0000] {processor.py:830} INFO - Processing file /home/airflow/.local/lib/python3.8/site-packages/airflow/example_dags/example_external_task_marker_dag.py for tasks to queue
[2024-04-09T16:46:30.171+0000] {logging_mixin.py:188} INFO - [2024-04-09T16:46:30.171+0000] {dagbag.py:540} INFO - Filling up the DagBag from /home/airflow/.local/lib/python3.8/site-packages/airflow/example_dags/example_external_task_marker_dag.py
[2024-04-09T16:46:30.184+0000] {processor.py:840} INFO - DAG(s) 'example_external_task_marker_parent', 'example_external_task_marker_child' retrieved from /home/airflow/.local/lib/python3.8/site-packages/airflow/example_dags/example_external_task_marker_dag.py
[2024-04-09T16:46:30.207+0000] {logging_mixin.py:188} INFO - [2024-04-09T16:46:30.207+0000] {dag.py:3047} INFO - Sync 2 DAGs
[2024-04-09T16:46:30.216+0000] {logging_mixin.py:188} INFO - [2024-04-09T16:46:30.215+0000] {dag.py:3834} INFO - Setting next_dagrun for example_external_task_marker_child to None, run_after=None
[2024-04-09T16:46:30.222+0000] {logging_mixin.py:188} INFO - [2024-04-09T16:46:30.222+0000] {dag.py:3834} INFO - Setting next_dagrun for example_external_task_marker_parent to None, run_after=None
[2024-04-09T16:46:30.245+0000] {processor.py:183} INFO - Processing /home/airflow/.local/lib/python3.8/site-packages/airflow/example_dags/example_external_task_marker_dag.py took 0.083 seconds
[2024-04-09T16:47:01.515+0000] {processor.py:161} INFO - Started process (PID=1416) to work on /home/airflow/.local/lib/python3.8/site-packages/airflow/example_dags/example_external_task_marker_dag.py
[2024-04-09T16:47:01.518+0000] {processor.py:830} INFO - Processing file /home/airflow/.local/lib/python3.8/site-packages/airflow/example_dags/example_external_task_marker_dag.py for tasks to queue
[2024-04-09T16:47:01.523+0000] {logging_mixin.py:188} INFO - [2024-04-09T16:47:01.522+0000] {dagbag.py:540} INFO - Filling up the DagBag from /home/airflow/.local/lib/python3.8/site-packages/airflow/example_dags/example_external_task_marker_dag.py
[2024-04-09T16:47:01.540+0000] {processor.py:840} INFO - DAG(s) 'example_external_task_marker_parent', 'example_external_task_marker_child' retrieved from /home/airflow/.local/lib/python3.8/site-packages/airflow/example_dags/example_external_task_marker_dag.py
[2024-04-09T16:47:01.603+0000] {logging_mixin.py:188} INFO - [2024-04-09T16:47:01.603+0000] {dag.py:3047} INFO - Sync 2 DAGs
[2024-04-09T16:47:01.627+0000] {logging_mixin.py:188} INFO - [2024-04-09T16:47:01.627+0000] {dag.py:3834} INFO - Setting next_dagrun for example_external_task_marker_child to None, run_after=None
[2024-04-09T16:47:01.632+0000] {logging_mixin.py:188} INFO - [2024-04-09T16:47:01.632+0000] {dag.py:3834} INFO - Setting next_dagrun for example_external_task_marker_parent to None, run_after=None
[2024-04-09T16:47:01.668+0000] {processor.py:183} INFO - Processing /home/airflow/.local/lib/python3.8/site-packages/airflow/example_dags/example_external_task_marker_dag.py took 0.160 seconds
[2024-04-09T16:47:33.530+0000] {processor.py:161} INFO - Started process (PID=1493) to work on /home/airflow/.local/lib/python3.8/site-packages/airflow/example_dags/example_external_task_marker_dag.py
[2024-04-09T16:47:33.539+0000] {processor.py:830} INFO - Processing file /home/airflow/.local/lib/python3.8/site-packages/airflow/example_dags/example_external_task_marker_dag.py for tasks to queue
[2024-04-09T16:47:33.544+0000] {logging_mixin.py:188} INFO - [2024-04-09T16:47:33.543+0000] {dagbag.py:540} INFO - Filling up the DagBag from /home/airflow/.local/lib/python3.8/site-packages/airflow/example_dags/example_external_task_marker_dag.py
[2024-04-09T16:47:33.579+0000] {processor.py:840} INFO - DAG(s) 'example_external_task_marker_child', 'example_external_task_marker_parent' retrieved from /home/airflow/.local/lib/python3.8/site-packages/airflow/example_dags/example_external_task_marker_dag.py
[2024-04-09T16:47:33.707+0000] {logging_mixin.py:188} INFO - [2024-04-09T16:47:33.707+0000] {dag.py:3047} INFO - Sync 2 DAGs
[2024-04-09T16:47:33.756+0000] {logging_mixin.py:188} INFO - [2024-04-09T16:47:33.756+0000] {dag.py:3834} INFO - Setting next_dagrun for example_external_task_marker_child to None, run_after=None
[2024-04-09T16:47:33.767+0000] {logging_mixin.py:188} INFO - [2024-04-09T16:47:33.767+0000] {dag.py:3834} INFO - Setting next_dagrun for example_external_task_marker_parent to None, run_after=None
[2024-04-09T16:47:33.868+0000] {processor.py:183} INFO - Processing /home/airflow/.local/lib/python3.8/site-packages/airflow/example_dags/example_external_task_marker_dag.py took 0.358 seconds
[2024-04-09T16:48:05.495+0000] {processor.py:161} INFO - Started process (PID=1551) to work on /home/airflow/.local/lib/python3.8/site-packages/airflow/example_dags/example_external_task_marker_dag.py
[2024-04-09T16:48:05.503+0000] {processor.py:830} INFO - Processing file /home/airflow/.local/lib/python3.8/site-packages/airflow/example_dags/example_external_task_marker_dag.py for tasks to queue
[2024-04-09T16:48:05.525+0000] {logging_mixin.py:188} INFO - [2024-04-09T16:48:05.518+0000] {dagbag.py:540} INFO - Filling up the DagBag from /home/airflow/.local/lib/python3.8/site-packages/airflow/example_dags/example_external_task_marker_dag.py
[2024-04-09T16:48:05.653+0000] {processor.py:840} INFO - DAG(s) 'example_external_task_marker_child', 'example_external_task_marker_parent' retrieved from /home/airflow/.local/lib/python3.8/site-packages/airflow/example_dags/example_external_task_marker_dag.py
[2024-04-09T16:48:05.871+0000] {logging_mixin.py:188} INFO - [2024-04-09T16:48:05.870+0000] {dag.py:3047} INFO - Sync 2 DAGs
[2024-04-09T16:48:05.977+0000] {logging_mixin.py:188} INFO - [2024-04-09T16:48:05.977+0000] {dag.py:3834} INFO - Setting next_dagrun for example_external_task_marker_child to None, run_after=None
[2024-04-09T16:48:05.992+0000] {logging_mixin.py:188} INFO - [2024-04-09T16:48:05.992+0000] {dag.py:3834} INFO - Setting next_dagrun for example_external_task_marker_parent to None, run_after=None
[2024-04-09T16:48:06.076+0000] {processor.py:183} INFO - Processing /home/airflow/.local/lib/python3.8/site-packages/airflow/example_dags/example_external_task_marker_dag.py took 0.611 seconds
[2024-04-09T16:48:37.067+0000] {processor.py:161} INFO - Started process (PID=1608) to work on /home/airflow/.local/lib/python3.8/site-packages/airflow/example_dags/example_external_task_marker_dag.py
[2024-04-09T16:48:37.068+0000] {processor.py:830} INFO - Processing file /home/airflow/.local/lib/python3.8/site-packages/airflow/example_dags/example_external_task_marker_dag.py for tasks to queue
[2024-04-09T16:48:37.070+0000] {logging_mixin.py:188} INFO - [2024-04-09T16:48:37.070+0000] {dagbag.py:540} INFO - Filling up the DagBag from /home/airflow/.local/lib/python3.8/site-packages/airflow/example_dags/example_external_task_marker_dag.py
[2024-04-09T16:48:37.077+0000] {processor.py:840} INFO - DAG(s) 'example_external_task_marker_child', 'example_external_task_marker_parent' retrieved from /home/airflow/.local/lib/python3.8/site-packages/airflow/example_dags/example_external_task_marker_dag.py
[2024-04-09T16:48:37.094+0000] {logging_mixin.py:188} INFO - [2024-04-09T16:48:37.094+0000] {dag.py:3047} INFO - Sync 2 DAGs
[2024-04-09T16:48:37.101+0000] {logging_mixin.py:188} INFO - [2024-04-09T16:48:37.101+0000] {dag.py:3834} INFO - Setting next_dagrun for example_external_task_marker_child to None, run_after=None
[2024-04-09T16:48:37.103+0000] {logging_mixin.py:188} INFO - [2024-04-09T16:48:37.103+0000] {dag.py:3834} INFO - Setting next_dagrun for example_external_task_marker_parent to None, run_after=None
[2024-04-09T16:48:37.111+0000] {processor.py:183} INFO - Processing /home/airflow/.local/lib/python3.8/site-packages/airflow/example_dags/example_external_task_marker_dag.py took 0.049 seconds
[2024-04-09T16:49:07.441+0000] {processor.py:161} INFO - Started process (PID=1665) to work on /home/airflow/.local/lib/python3.8/site-packages/airflow/example_dags/example_external_task_marker_dag.py
[2024-04-09T16:49:07.442+0000] {processor.py:830} INFO - Processing file /home/airflow/.local/lib/python3.8/site-packages/airflow/example_dags/example_external_task_marker_dag.py for tasks to queue
[2024-04-09T16:49:07.443+0000] {logging_mixin.py:188} INFO - [2024-04-09T16:49:07.443+0000] {dagbag.py:540} INFO - Filling up the DagBag from /home/airflow/.local/lib/python3.8/site-packages/airflow/example_dags/example_external_task_marker_dag.py
[2024-04-09T16:49:07.451+0000] {processor.py:840} INFO - DAG(s) 'example_external_task_marker_parent', 'example_external_task_marker_child' retrieved from /home/airflow/.local/lib/python3.8/site-packages/airflow/example_dags/example_external_task_marker_dag.py
[2024-04-09T16:49:07.470+0000] {logging_mixin.py:188} INFO - [2024-04-09T16:49:07.469+0000] {dag.py:3047} INFO - Sync 2 DAGs
[2024-04-09T16:49:07.478+0000] {logging_mixin.py:188} INFO - [2024-04-09T16:49:07.478+0000] {dag.py:3834} INFO - Setting next_dagrun for example_external_task_marker_child to None, run_after=None
[2024-04-09T16:49:07.480+0000] {logging_mixin.py:188} INFO - [2024-04-09T16:49:07.479+0000] {dag.py:3834} INFO - Setting next_dagrun for example_external_task_marker_parent to None, run_after=None
[2024-04-09T16:49:07.488+0000] {processor.py:183} INFO - Processing /home/airflow/.local/lib/python3.8/site-packages/airflow/example_dags/example_external_task_marker_dag.py took 0.050 seconds
[2024-04-09T16:49:37.584+0000] {processor.py:161} INFO - Started process (PID=1722) to work on /home/airflow/.local/lib/python3.8/site-packages/airflow/example_dags/example_external_task_marker_dag.py
[2024-04-09T16:49:37.585+0000] {processor.py:830} INFO - Processing file /home/airflow/.local/lib/python3.8/site-packages/airflow/example_dags/example_external_task_marker_dag.py for tasks to queue
[2024-04-09T16:49:37.587+0000] {logging_mixin.py:188} INFO - [2024-04-09T16:49:37.587+0000] {dagbag.py:540} INFO - Filling up the DagBag from /home/airflow/.local/lib/python3.8/site-packages/airflow/example_dags/example_external_task_marker_dag.py
[2024-04-09T16:49:37.595+0000] {processor.py:840} INFO - DAG(s) 'example_external_task_marker_child', 'example_external_task_marker_parent' retrieved from /home/airflow/.local/lib/python3.8/site-packages/airflow/example_dags/example_external_task_marker_dag.py
[2024-04-09T16:49:37.612+0000] {logging_mixin.py:188} INFO - [2024-04-09T16:49:37.612+0000] {dag.py:3047} INFO - Sync 2 DAGs
[2024-04-09T16:49:37.619+0000] {logging_mixin.py:188} INFO - [2024-04-09T16:49:37.618+0000] {dag.py:3834} INFO - Setting next_dagrun for example_external_task_marker_child to None, run_after=None
[2024-04-09T16:49:37.621+0000] {logging_mixin.py:188} INFO - [2024-04-09T16:49:37.620+0000] {dag.py:3834} INFO - Setting next_dagrun for example_external_task_marker_parent to None, run_after=None
[2024-04-09T16:49:37.629+0000] {processor.py:183} INFO - Processing /home/airflow/.local/lib/python3.8/site-packages/airflow/example_dags/example_external_task_marker_dag.py took 0.049 seconds
[2024-04-09T16:50:07.843+0000] {processor.py:161} INFO - Started process (PID=1779) to work on /home/airflow/.local/lib/python3.8/site-packages/airflow/example_dags/example_external_task_marker_dag.py
[2024-04-09T16:50:07.845+0000] {processor.py:830} INFO - Processing file /home/airflow/.local/lib/python3.8/site-packages/airflow/example_dags/example_external_task_marker_dag.py for tasks to queue
[2024-04-09T16:50:07.847+0000] {logging_mixin.py:188} INFO - [2024-04-09T16:50:07.846+0000] {dagbag.py:540} INFO - Filling up the DagBag from /home/airflow/.local/lib/python3.8/site-packages/airflow/example_dags/example_external_task_marker_dag.py
[2024-04-09T16:50:07.854+0000] {processor.py:840} INFO - DAG(s) 'example_external_task_marker_parent', 'example_external_task_marker_child' retrieved from /home/airflow/.local/lib/python3.8/site-packages/airflow/example_dags/example_external_task_marker_dag.py
[2024-04-09T16:50:07.872+0000] {logging_mixin.py:188} INFO - [2024-04-09T16:50:07.872+0000] {dag.py:3047} INFO - Sync 2 DAGs
[2024-04-09T16:50:07.879+0000] {logging_mixin.py:188} INFO - [2024-04-09T16:50:07.879+0000] {dag.py:3834} INFO - Setting next_dagrun for example_external_task_marker_child to None, run_after=None
[2024-04-09T16:50:07.881+0000] {logging_mixin.py:188} INFO - [2024-04-09T16:50:07.881+0000] {dag.py:3834} INFO - Setting next_dagrun for example_external_task_marker_parent to None, run_after=None
[2024-04-09T16:50:07.890+0000] {processor.py:183} INFO - Processing /home/airflow/.local/lib/python3.8/site-packages/airflow/example_dags/example_external_task_marker_dag.py took 0.051 seconds
[2024-04-09T16:50:38.580+0000] {processor.py:161} INFO - Started process (PID=1836) to work on /home/airflow/.local/lib/python3.8/site-packages/airflow/example_dags/example_external_task_marker_dag.py
[2024-04-09T16:50:38.583+0000] {processor.py:830} INFO - Processing file /home/airflow/.local/lib/python3.8/site-packages/airflow/example_dags/example_external_task_marker_dag.py for tasks to queue
[2024-04-09T16:50:38.584+0000] {logging_mixin.py:188} INFO - [2024-04-09T16:50:38.584+0000] {dagbag.py:540} INFO - Filling up the DagBag from /home/airflow/.local/lib/python3.8/site-packages/airflow/example_dags/example_external_task_marker_dag.py
[2024-04-09T16:50:38.590+0000] {processor.py:840} INFO - DAG(s) 'example_external_task_marker_parent', 'example_external_task_marker_child' retrieved from /home/airflow/.local/lib/python3.8/site-packages/airflow/example_dags/example_external_task_marker_dag.py
[2024-04-09T16:50:38.605+0000] {logging_mixin.py:188} INFO - [2024-04-09T16:50:38.605+0000] {dag.py:3047} INFO - Sync 2 DAGs
[2024-04-09T16:50:38.615+0000] {logging_mixin.py:188} INFO - [2024-04-09T16:50:38.615+0000] {dag.py:3834} INFO - Setting next_dagrun for example_external_task_marker_child to None, run_after=None
[2024-04-09T16:50:38.617+0000] {logging_mixin.py:188} INFO - [2024-04-09T16:50:38.617+0000] {dag.py:3834} INFO - Setting next_dagrun for example_external_task_marker_parent to None, run_after=None
[2024-04-09T16:50:38.624+0000] {processor.py:183} INFO - Processing /home/airflow/.local/lib/python3.8/site-packages/airflow/example_dags/example_external_task_marker_dag.py took 0.047 seconds
[2024-04-09T16:51:09.260+0000] {processor.py:161} INFO - Started process (PID=1894) to work on /home/airflow/.local/lib/python3.8/site-packages/airflow/example_dags/example_external_task_marker_dag.py
[2024-04-09T16:51:09.261+0000] {processor.py:830} INFO - Processing file /home/airflow/.local/lib/python3.8/site-packages/airflow/example_dags/example_external_task_marker_dag.py for tasks to queue
[2024-04-09T16:51:09.263+0000] {logging_mixin.py:188} INFO - [2024-04-09T16:51:09.263+0000] {dagbag.py:540} INFO - Filling up the DagBag from /home/airflow/.local/lib/python3.8/site-packages/airflow/example_dags/example_external_task_marker_dag.py
[2024-04-09T16:51:09.271+0000] {processor.py:840} INFO - DAG(s) 'example_external_task_marker_parent', 'example_external_task_marker_child' retrieved from /home/airflow/.local/lib/python3.8/site-packages/airflow/example_dags/example_external_task_marker_dag.py
[2024-04-09T16:51:09.291+0000] {logging_mixin.py:188} INFO - [2024-04-09T16:51:09.291+0000] {dag.py:3047} INFO - Sync 2 DAGs
[2024-04-09T16:51:09.298+0000] {logging_mixin.py:188} INFO - [2024-04-09T16:51:09.298+0000] {dag.py:3834} INFO - Setting next_dagrun for example_external_task_marker_child to None, run_after=None
[2024-04-09T16:51:09.300+0000] {logging_mixin.py:188} INFO - [2024-04-09T16:51:09.300+0000] {dag.py:3834} INFO - Setting next_dagrun for example_external_task_marker_parent to None, run_after=None
[2024-04-09T16:51:09.307+0000] {processor.py:183} INFO - Processing /home/airflow/.local/lib/python3.8/site-packages/airflow/example_dags/example_external_task_marker_dag.py took 0.053 seconds
[2024-04-09T16:51:39.563+0000] {processor.py:161} INFO - Started process (PID=1952) to work on /home/airflow/.local/lib/python3.8/site-packages/airflow/example_dags/example_external_task_marker_dag.py
[2024-04-09T16:51:39.565+0000] {processor.py:830} INFO - Processing file /home/airflow/.local/lib/python3.8/site-packages/airflow/example_dags/example_external_task_marker_dag.py for tasks to queue
[2024-04-09T16:51:39.567+0000] {logging_mixin.py:188} INFO - [2024-04-09T16:51:39.567+0000] {dagbag.py:540} INFO - Filling up the DagBag from /home/airflow/.local/lib/python3.8/site-packages/airflow/example_dags/example_external_task_marker_dag.py
[2024-04-09T16:51:39.576+0000] {processor.py:840} INFO - DAG(s) 'example_external_task_marker_parent', 'example_external_task_marker_child' retrieved from /home/airflow/.local/lib/python3.8/site-packages/airflow/example_dags/example_external_task_marker_dag.py
[2024-04-09T16:51:39.591+0000] {logging_mixin.py:188} INFO - [2024-04-09T16:51:39.591+0000] {dag.py:3047} INFO - Sync 2 DAGs
[2024-04-09T16:51:39.598+0000] {logging_mixin.py:188} INFO - [2024-04-09T16:51:39.598+0000] {dag.py:3834} INFO - Setting next_dagrun for example_external_task_marker_child to None, run_after=None
[2024-04-09T16:51:39.599+0000] {logging_mixin.py:188} INFO - [2024-04-09T16:51:39.599+0000] {dag.py:3834} INFO - Setting next_dagrun for example_external_task_marker_parent to None, run_after=None
[2024-04-09T16:51:39.606+0000] {processor.py:183} INFO - Processing /home/airflow/.local/lib/python3.8/site-packages/airflow/example_dags/example_external_task_marker_dag.py took 0.050 seconds
[2024-04-09T16:52:10.358+0000] {processor.py:161} INFO - Started process (PID=2010) to work on /home/airflow/.local/lib/python3.8/site-packages/airflow/example_dags/example_external_task_marker_dag.py
[2024-04-09T16:52:10.360+0000] {processor.py:830} INFO - Processing file /home/airflow/.local/lib/python3.8/site-packages/airflow/example_dags/example_external_task_marker_dag.py for tasks to queue
[2024-04-09T16:52:10.362+0000] {logging_mixin.py:188} INFO - [2024-04-09T16:52:10.362+0000] {dagbag.py:540} INFO - Filling up the DagBag from /home/airflow/.local/lib/python3.8/site-packages/airflow/example_dags/example_external_task_marker_dag.py
[2024-04-09T16:52:10.371+0000] {processor.py:840} INFO - DAG(s) 'example_external_task_marker_child', 'example_external_task_marker_parent' retrieved from /home/airflow/.local/lib/python3.8/site-packages/airflow/example_dags/example_external_task_marker_dag.py
[2024-04-09T16:52:10.390+0000] {logging_mixin.py:188} INFO - [2024-04-09T16:52:10.390+0000] {dag.py:3047} INFO - Sync 2 DAGs
[2024-04-09T16:52:10.397+0000] {logging_mixin.py:188} INFO - [2024-04-09T16:52:10.397+0000] {dag.py:3834} INFO - Setting next_dagrun for example_external_task_marker_child to None, run_after=None
[2024-04-09T16:52:10.400+0000] {logging_mixin.py:188} INFO - [2024-04-09T16:52:10.400+0000] {dag.py:3834} INFO - Setting next_dagrun for example_external_task_marker_parent to None, run_after=None
[2024-04-09T16:52:10.409+0000] {processor.py:183} INFO - Processing /home/airflow/.local/lib/python3.8/site-packages/airflow/example_dags/example_external_task_marker_dag.py took 0.055 seconds
[2024-04-09T16:52:40.775+0000] {processor.py:161} INFO - Started process (PID=2090) to work on /home/airflow/.local/lib/python3.8/site-packages/airflow/example_dags/example_external_task_marker_dag.py
[2024-04-09T16:52:40.776+0000] {processor.py:830} INFO - Processing file /home/airflow/.local/lib/python3.8/site-packages/airflow/example_dags/example_external_task_marker_dag.py for tasks to queue
[2024-04-09T16:52:40.778+0000] {logging_mixin.py:188} INFO - [2024-04-09T16:52:40.777+0000] {dagbag.py:540} INFO - Filling up the DagBag from /home/airflow/.local/lib/python3.8/site-packages/airflow/example_dags/example_external_task_marker_dag.py
[2024-04-09T16:52:40.784+0000] {processor.py:840} INFO - DAG(s) 'example_external_task_marker_parent', 'example_external_task_marker_child' retrieved from /home/airflow/.local/lib/python3.8/site-packages/airflow/example_dags/example_external_task_marker_dag.py
[2024-04-09T16:52:40.800+0000] {logging_mixin.py:188} INFO - [2024-04-09T16:52:40.800+0000] {dag.py:3047} INFO - Sync 2 DAGs
[2024-04-09T16:52:40.806+0000] {logging_mixin.py:188} INFO - [2024-04-09T16:52:40.806+0000] {dag.py:3834} INFO - Setting next_dagrun for example_external_task_marker_child to None, run_after=None
[2024-04-09T16:52:40.808+0000] {logging_mixin.py:188} INFO - [2024-04-09T16:52:40.808+0000] {dag.py:3834} INFO - Setting next_dagrun for example_external_task_marker_parent to None, run_after=None
[2024-04-09T16:52:40.816+0000] {processor.py:183} INFO - Processing /home/airflow/.local/lib/python3.8/site-packages/airflow/example_dags/example_external_task_marker_dag.py took 0.045 seconds
[2024-04-09T16:53:11.207+0000] {processor.py:161} INFO - Started process (PID=2166) to work on /home/airflow/.local/lib/python3.8/site-packages/airflow/example_dags/example_external_task_marker_dag.py
[2024-04-09T16:53:11.212+0000] {processor.py:830} INFO - Processing file /home/airflow/.local/lib/python3.8/site-packages/airflow/example_dags/example_external_task_marker_dag.py for tasks to queue
[2024-04-09T16:53:11.217+0000] {logging_mixin.py:188} INFO - [2024-04-09T16:53:11.216+0000] {dagbag.py:540} INFO - Filling up the DagBag from /home/airflow/.local/lib/python3.8/site-packages/airflow/example_dags/example_external_task_marker_dag.py
[2024-04-09T16:53:11.227+0000] {processor.py:840} INFO - DAG(s) 'example_external_task_marker_child', 'example_external_task_marker_parent' retrieved from /home/airflow/.local/lib/python3.8/site-packages/airflow/example_dags/example_external_task_marker_dag.py
[2024-04-09T16:53:11.249+0000] {logging_mixin.py:188} INFO - [2024-04-09T16:53:11.249+0000] {dag.py:3047} INFO - Sync 2 DAGs
[2024-04-09T16:53:11.257+0000] {logging_mixin.py:188} INFO - [2024-04-09T16:53:11.257+0000] {dag.py:3834} INFO - Setting next_dagrun for example_external_task_marker_child to None, run_after=None
[2024-04-09T16:53:11.259+0000] {logging_mixin.py:188} INFO - [2024-04-09T16:53:11.259+0000] {dag.py:3834} INFO - Setting next_dagrun for example_external_task_marker_parent to None, run_after=None
[2024-04-09T16:53:11.272+0000] {processor.py:183} INFO - Processing /home/airflow/.local/lib/python3.8/site-packages/airflow/example_dags/example_external_task_marker_dag.py took 0.077 seconds
[2024-04-09T16:53:41.423+0000] {processor.py:161} INFO - Started process (PID=2244) to work on /home/airflow/.local/lib/python3.8/site-packages/airflow/example_dags/example_external_task_marker_dag.py
[2024-04-09T16:53:41.432+0000] {processor.py:830} INFO - Processing file /home/airflow/.local/lib/python3.8/site-packages/airflow/example_dags/example_external_task_marker_dag.py for tasks to queue
[2024-04-09T16:53:41.446+0000] {logging_mixin.py:188} INFO - [2024-04-09T16:53:41.446+0000] {dagbag.py:540} INFO - Filling up the DagBag from /home/airflow/.local/lib/python3.8/site-packages/airflow/example_dags/example_external_task_marker_dag.py
[2024-04-09T16:53:41.516+0000] {processor.py:840} INFO - DAG(s) 'example_external_task_marker_child', 'example_external_task_marker_parent' retrieved from /home/airflow/.local/lib/python3.8/site-packages/airflow/example_dags/example_external_task_marker_dag.py
[2024-04-09T16:53:41.605+0000] {logging_mixin.py:188} INFO - [2024-04-09T16:53:41.604+0000] {dag.py:3047} INFO - Sync 2 DAGs
[2024-04-09T16:53:41.644+0000] {logging_mixin.py:188} INFO - [2024-04-09T16:53:41.640+0000] {dag.py:3834} INFO - Setting next_dagrun for example_external_task_marker_child to None, run_after=None
[2024-04-09T16:53:41.662+0000] {logging_mixin.py:188} INFO - [2024-04-09T16:53:41.662+0000] {dag.py:3834} INFO - Setting next_dagrun for example_external_task_marker_parent to None, run_after=None
[2024-04-09T16:53:41.711+0000] {processor.py:183} INFO - Processing /home/airflow/.local/lib/python3.8/site-packages/airflow/example_dags/example_external_task_marker_dag.py took 0.326 seconds
[2024-04-09T16:54:12.571+0000] {processor.py:161} INFO - Started process (PID=2318) to work on /home/airflow/.local/lib/python3.8/site-packages/airflow/example_dags/example_external_task_marker_dag.py
[2024-04-09T16:54:12.584+0000] {processor.py:830} INFO - Processing file /home/airflow/.local/lib/python3.8/site-packages/airflow/example_dags/example_external_task_marker_dag.py for tasks to queue
[2024-04-09T16:54:12.608+0000] {logging_mixin.py:188} INFO - [2024-04-09T16:54:12.605+0000] {dagbag.py:540} INFO - Filling up the DagBag from /home/airflow/.local/lib/python3.8/site-packages/airflow/example_dags/example_external_task_marker_dag.py
[2024-04-09T16:54:12.661+0000] {processor.py:840} INFO - DAG(s) 'example_external_task_marker_child', 'example_external_task_marker_parent' retrieved from /home/airflow/.local/lib/python3.8/site-packages/airflow/example_dags/example_external_task_marker_dag.py
[2024-04-09T16:54:12.790+0000] {logging_mixin.py:188} INFO - [2024-04-09T16:54:12.789+0000] {dag.py:3047} INFO - Sync 2 DAGs
[2024-04-09T16:54:12.838+0000] {logging_mixin.py:188} INFO - [2024-04-09T16:54:12.838+0000] {dag.py:3834} INFO - Setting next_dagrun for example_external_task_marker_child to None, run_after=None
[2024-04-09T16:54:12.844+0000] {logging_mixin.py:188} INFO - [2024-04-09T16:54:12.844+0000] {dag.py:3834} INFO - Setting next_dagrun for example_external_task_marker_parent to None, run_after=None
[2024-04-09T16:54:12.906+0000] {processor.py:183} INFO - Processing /home/airflow/.local/lib/python3.8/site-packages/airflow/example_dags/example_external_task_marker_dag.py took 0.349 seconds
