[2024-04-09T16:35:16.960+0000] {processor.py:161} INFO - Started process (PID=58) to work on /home/airflow/.local/lib/python3.8/site-packages/airflow/example_dags/example_params_ui_tutorial.py
[2024-04-09T16:35:16.961+0000] {processor.py:830} INFO - Processing file /home/airflow/.local/lib/python3.8/site-packages/airflow/example_dags/example_params_ui_tutorial.py for tasks to queue
[2024-04-09T16:35:16.962+0000] {logging_mixin.py:188} INFO - [2024-04-09T16:35:16.962+0000] {dagbag.py:540} INFO - Filling up the DagBag from /home/airflow/.local/lib/python3.8/site-packages/airflow/example_dags/example_params_ui_tutorial.py
[2024-04-09T16:35:16.969+0000] {processor.py:840} INFO - DAG(s) 'example_params_ui_tutorial' retrieved from /home/airflow/.local/lib/python3.8/site-packages/airflow/example_dags/example_params_ui_tutorial.py
[2024-04-09T16:35:16.975+0000] {logging_mixin.py:188} INFO - [2024-04-09T16:35:16.975+0000] {dag.py:3047} INFO - Sync 1 DAGs
[2024-04-09T16:35:16.983+0000] {logging_mixin.py:188} INFO - [2024-04-09T16:35:16.983+0000] {dag.py:3834} INFO - Setting next_dagrun for example_params_ui_tutorial to None, run_after=None
[2024-04-09T16:35:16.992+0000] {processor.py:183} INFO - Processing /home/airflow/.local/lib/python3.8/site-packages/airflow/example_dags/example_params_ui_tutorial.py took 0.034 seconds
[2024-04-09T16:35:47.037+0000] {processor.py:161} INFO - Started process (PID=113) to work on /home/airflow/.local/lib/python3.8/site-packages/airflow/example_dags/example_params_ui_tutorial.py
[2024-04-09T16:35:47.040+0000] {processor.py:830} INFO - Processing file /home/airflow/.local/lib/python3.8/site-packages/airflow/example_dags/example_params_ui_tutorial.py for tasks to queue
[2024-04-09T16:35:47.041+0000] {logging_mixin.py:188} INFO - [2024-04-09T16:35:47.041+0000] {dagbag.py:540} INFO - Filling up the DagBag from /home/airflow/.local/lib/python3.8/site-packages/airflow/example_dags/example_params_ui_tutorial.py
[2024-04-09T16:35:47.047+0000] {processor.py:840} INFO - DAG(s) 'example_params_ui_tutorial' retrieved from /home/airflow/.local/lib/python3.8/site-packages/airflow/example_dags/example_params_ui_tutorial.py
[2024-04-09T16:35:47.100+0000] {logging_mixin.py:188} INFO - [2024-04-09T16:35:47.100+0000] {dag.py:3047} INFO - Sync 1 DAGs
[2024-04-09T16:35:47.104+0000] {logging_mixin.py:188} INFO - [2024-04-09T16:35:47.104+0000] {dag.py:3834} INFO - Setting next_dagrun for example_params_ui_tutorial to None, run_after=None
[2024-04-09T16:35:47.116+0000] {processor.py:183} INFO - Processing /home/airflow/.local/lib/python3.8/site-packages/airflow/example_dags/example_params_ui_tutorial.py took 0.080 seconds
[2024-04-09T16:36:17.809+0000] {processor.py:161} INFO - Started process (PID=170) to work on /home/airflow/.local/lib/python3.8/site-packages/airflow/example_dags/example_params_ui_tutorial.py
[2024-04-09T16:36:17.810+0000] {processor.py:830} INFO - Processing file /home/airflow/.local/lib/python3.8/site-packages/airflow/example_dags/example_params_ui_tutorial.py for tasks to queue
[2024-04-09T16:36:17.810+0000] {logging_mixin.py:188} INFO - [2024-04-09T16:36:17.810+0000] {dagbag.py:540} INFO - Filling up the DagBag from /home/airflow/.local/lib/python3.8/site-packages/airflow/example_dags/example_params_ui_tutorial.py
[2024-04-09T16:36:17.817+0000] {processor.py:840} INFO - DAG(s) 'example_params_ui_tutorial' retrieved from /home/airflow/.local/lib/python3.8/site-packages/airflow/example_dags/example_params_ui_tutorial.py
[2024-04-09T16:36:17.841+0000] {logging_mixin.py:188} INFO - [2024-04-09T16:36:17.841+0000] {dag.py:3047} INFO - Sync 1 DAGs
[2024-04-09T16:36:17.847+0000] {logging_mixin.py:188} INFO - [2024-04-09T16:36:17.847+0000] {dag.py:3834} INFO - Setting next_dagrun for example_params_ui_tutorial to None, run_after=None
[2024-04-09T16:36:17.858+0000] {processor.py:183} INFO - Processing /home/airflow/.local/lib/python3.8/site-packages/airflow/example_dags/example_params_ui_tutorial.py took 0.050 seconds
[2024-04-09T16:36:48.600+0000] {processor.py:161} INFO - Started process (PID=227) to work on /home/airflow/.local/lib/python3.8/site-packages/airflow/example_dags/example_params_ui_tutorial.py
[2024-04-09T16:36:48.600+0000] {processor.py:830} INFO - Processing file /home/airflow/.local/lib/python3.8/site-packages/airflow/example_dags/example_params_ui_tutorial.py for tasks to queue
[2024-04-09T16:36:48.601+0000] {logging_mixin.py:188} INFO - [2024-04-09T16:36:48.601+0000] {dagbag.py:540} INFO - Filling up the DagBag from /home/airflow/.local/lib/python3.8/site-packages/airflow/example_dags/example_params_ui_tutorial.py
[2024-04-09T16:36:48.613+0000] {processor.py:840} INFO - DAG(s) 'example_params_ui_tutorial' retrieved from /home/airflow/.local/lib/python3.8/site-packages/airflow/example_dags/example_params_ui_tutorial.py
[2024-04-09T16:36:48.641+0000] {logging_mixin.py:188} INFO - [2024-04-09T16:36:48.640+0000] {dag.py:3047} INFO - Sync 1 DAGs
[2024-04-09T16:36:48.646+0000] {logging_mixin.py:188} INFO - [2024-04-09T16:36:48.646+0000] {dag.py:3834} INFO - Setting next_dagrun for example_params_ui_tutorial to None, run_after=None
[2024-04-09T16:36:48.653+0000] {processor.py:183} INFO - Processing /home/airflow/.local/lib/python3.8/site-packages/airflow/example_dags/example_params_ui_tutorial.py took 0.055 seconds
[2024-04-09T16:37:18.732+0000] {processor.py:161} INFO - Started process (PID=284) to work on /home/airflow/.local/lib/python3.8/site-packages/airflow/example_dags/example_params_ui_tutorial.py
[2024-04-09T16:37:18.732+0000] {processor.py:830} INFO - Processing file /home/airflow/.local/lib/python3.8/site-packages/airflow/example_dags/example_params_ui_tutorial.py for tasks to queue
[2024-04-09T16:37:18.733+0000] {logging_mixin.py:188} INFO - [2024-04-09T16:37:18.733+0000] {dagbag.py:540} INFO - Filling up the DagBag from /home/airflow/.local/lib/python3.8/site-packages/airflow/example_dags/example_params_ui_tutorial.py
[2024-04-09T16:37:18.739+0000] {processor.py:840} INFO - DAG(s) 'example_params_ui_tutorial' retrieved from /home/airflow/.local/lib/python3.8/site-packages/airflow/example_dags/example_params_ui_tutorial.py
[2024-04-09T16:37:18.762+0000] {logging_mixin.py:188} INFO - [2024-04-09T16:37:18.762+0000] {dag.py:3047} INFO - Sync 1 DAGs
[2024-04-09T16:37:18.767+0000] {logging_mixin.py:188} INFO - [2024-04-09T16:37:18.766+0000] {dag.py:3834} INFO - Setting next_dagrun for example_params_ui_tutorial to None, run_after=None
[2024-04-09T16:37:18.773+0000] {processor.py:183} INFO - Processing /home/airflow/.local/lib/python3.8/site-packages/airflow/example_dags/example_params_ui_tutorial.py took 0.043 seconds
[2024-04-09T16:37:49.371+0000] {processor.py:161} INFO - Started process (PID=341) to work on /home/airflow/.local/lib/python3.8/site-packages/airflow/example_dags/example_params_ui_tutorial.py
[2024-04-09T16:37:49.371+0000] {processor.py:830} INFO - Processing file /home/airflow/.local/lib/python3.8/site-packages/airflow/example_dags/example_params_ui_tutorial.py for tasks to queue
[2024-04-09T16:37:49.372+0000] {logging_mixin.py:188} INFO - [2024-04-09T16:37:49.372+0000] {dagbag.py:540} INFO - Filling up the DagBag from /home/airflow/.local/lib/python3.8/site-packages/airflow/example_dags/example_params_ui_tutorial.py
[2024-04-09T16:37:49.378+0000] {processor.py:840} INFO - DAG(s) 'example_params_ui_tutorial' retrieved from /home/airflow/.local/lib/python3.8/site-packages/airflow/example_dags/example_params_ui_tutorial.py
[2024-04-09T16:37:49.401+0000] {logging_mixin.py:188} INFO - [2024-04-09T16:37:49.401+0000] {dag.py:3047} INFO - Sync 1 DAGs
[2024-04-09T16:37:49.406+0000] {logging_mixin.py:188} INFO - [2024-04-09T16:37:49.406+0000] {dag.py:3834} INFO - Setting next_dagrun for example_params_ui_tutorial to None, run_after=None
[2024-04-09T16:37:49.412+0000] {processor.py:183} INFO - Processing /home/airflow/.local/lib/python3.8/site-packages/airflow/example_dags/example_params_ui_tutorial.py took 0.043 seconds
[2024-04-09T16:38:20.279+0000] {processor.py:161} INFO - Started process (PID=398) to work on /home/airflow/.local/lib/python3.8/site-packages/airflow/example_dags/example_params_ui_tutorial.py
[2024-04-09T16:38:20.280+0000] {processor.py:830} INFO - Processing file /home/airflow/.local/lib/python3.8/site-packages/airflow/example_dags/example_params_ui_tutorial.py for tasks to queue
[2024-04-09T16:38:20.281+0000] {logging_mixin.py:188} INFO - [2024-04-09T16:38:20.281+0000] {dagbag.py:540} INFO - Filling up the DagBag from /home/airflow/.local/lib/python3.8/site-packages/airflow/example_dags/example_params_ui_tutorial.py
[2024-04-09T16:38:20.287+0000] {processor.py:840} INFO - DAG(s) 'example_params_ui_tutorial' retrieved from /home/airflow/.local/lib/python3.8/site-packages/airflow/example_dags/example_params_ui_tutorial.py
[2024-04-09T16:38:20.313+0000] {logging_mixin.py:188} INFO - [2024-04-09T16:38:20.313+0000] {dag.py:3047} INFO - Sync 1 DAGs
[2024-04-09T16:38:20.318+0000] {logging_mixin.py:188} INFO - [2024-04-09T16:38:20.318+0000] {dag.py:3834} INFO - Setting next_dagrun for example_params_ui_tutorial to None, run_after=None
[2024-04-09T16:38:20.326+0000] {processor.py:183} INFO - Processing /home/airflow/.local/lib/python3.8/site-packages/airflow/example_dags/example_params_ui_tutorial.py took 0.048 seconds
[2024-04-09T16:38:50.980+0000] {processor.py:161} INFO - Started process (PID=455) to work on /home/airflow/.local/lib/python3.8/site-packages/airflow/example_dags/example_params_ui_tutorial.py
[2024-04-09T16:38:50.980+0000] {processor.py:830} INFO - Processing file /home/airflow/.local/lib/python3.8/site-packages/airflow/example_dags/example_params_ui_tutorial.py for tasks to queue
[2024-04-09T16:38:50.981+0000] {logging_mixin.py:188} INFO - [2024-04-09T16:38:50.981+0000] {dagbag.py:540} INFO - Filling up the DagBag from /home/airflow/.local/lib/python3.8/site-packages/airflow/example_dags/example_params_ui_tutorial.py
[2024-04-09T16:38:50.987+0000] {processor.py:840} INFO - DAG(s) 'example_params_ui_tutorial' retrieved from /home/airflow/.local/lib/python3.8/site-packages/airflow/example_dags/example_params_ui_tutorial.py
[2024-04-09T16:38:51.012+0000] {logging_mixin.py:188} INFO - [2024-04-09T16:38:51.012+0000] {dag.py:3047} INFO - Sync 1 DAGs
[2024-04-09T16:38:51.017+0000] {logging_mixin.py:188} INFO - [2024-04-09T16:38:51.017+0000] {dag.py:3834} INFO - Setting next_dagrun for example_params_ui_tutorial to None, run_after=None
[2024-04-09T16:38:51.024+0000] {processor.py:183} INFO - Processing /home/airflow/.local/lib/python3.8/site-packages/airflow/example_dags/example_params_ui_tutorial.py took 0.045 seconds
[2024-04-09T16:39:21.749+0000] {processor.py:161} INFO - Started process (PID=512) to work on /home/airflow/.local/lib/python3.8/site-packages/airflow/example_dags/example_params_ui_tutorial.py
[2024-04-09T16:39:21.750+0000] {processor.py:830} INFO - Processing file /home/airflow/.local/lib/python3.8/site-packages/airflow/example_dags/example_params_ui_tutorial.py for tasks to queue
[2024-04-09T16:39:21.751+0000] {logging_mixin.py:188} INFO - [2024-04-09T16:39:21.751+0000] {dagbag.py:540} INFO - Filling up the DagBag from /home/airflow/.local/lib/python3.8/site-packages/airflow/example_dags/example_params_ui_tutorial.py
[2024-04-09T16:39:21.757+0000] {processor.py:840} INFO - DAG(s) 'example_params_ui_tutorial' retrieved from /home/airflow/.local/lib/python3.8/site-packages/airflow/example_dags/example_params_ui_tutorial.py
[2024-04-09T16:39:21.782+0000] {logging_mixin.py:188} INFO - [2024-04-09T16:39:21.782+0000] {dag.py:3047} INFO - Sync 1 DAGs
[2024-04-09T16:39:21.788+0000] {logging_mixin.py:188} INFO - [2024-04-09T16:39:21.788+0000] {dag.py:3834} INFO - Setting next_dagrun for example_params_ui_tutorial to None, run_after=None
[2024-04-09T16:39:21.797+0000] {processor.py:183} INFO - Processing /home/airflow/.local/lib/python3.8/site-packages/airflow/example_dags/example_params_ui_tutorial.py took 0.049 seconds
[2024-04-09T16:39:52.088+0000] {processor.py:161} INFO - Started process (PID=570) to work on /home/airflow/.local/lib/python3.8/site-packages/airflow/example_dags/example_params_ui_tutorial.py
[2024-04-09T16:39:52.089+0000] {processor.py:830} INFO - Processing file /home/airflow/.local/lib/python3.8/site-packages/airflow/example_dags/example_params_ui_tutorial.py for tasks to queue
[2024-04-09T16:39:52.089+0000] {logging_mixin.py:188} INFO - [2024-04-09T16:39:52.089+0000] {dagbag.py:540} INFO - Filling up the DagBag from /home/airflow/.local/lib/python3.8/site-packages/airflow/example_dags/example_params_ui_tutorial.py
[2024-04-09T16:39:52.095+0000] {processor.py:840} INFO - DAG(s) 'example_params_ui_tutorial' retrieved from /home/airflow/.local/lib/python3.8/site-packages/airflow/example_dags/example_params_ui_tutorial.py
[2024-04-09T16:39:52.119+0000] {logging_mixin.py:188} INFO - [2024-04-09T16:39:52.119+0000] {dag.py:3047} INFO - Sync 1 DAGs
[2024-04-09T16:39:52.125+0000] {logging_mixin.py:188} INFO - [2024-04-09T16:39:52.125+0000] {dag.py:3834} INFO - Setting next_dagrun for example_params_ui_tutorial to None, run_after=None
[2024-04-09T16:39:52.132+0000] {processor.py:183} INFO - Processing /home/airflow/.local/lib/python3.8/site-packages/airflow/example_dags/example_params_ui_tutorial.py took 0.046 seconds
[2024-04-09T16:40:22.258+0000] {processor.py:161} INFO - Started process (PID=626) to work on /home/airflow/.local/lib/python3.8/site-packages/airflow/example_dags/example_params_ui_tutorial.py
[2024-04-09T16:40:22.260+0000] {processor.py:830} INFO - Processing file /home/airflow/.local/lib/python3.8/site-packages/airflow/example_dags/example_params_ui_tutorial.py for tasks to queue
[2024-04-09T16:40:22.260+0000] {logging_mixin.py:188} INFO - [2024-04-09T16:40:22.260+0000] {dagbag.py:540} INFO - Filling up the DagBag from /home/airflow/.local/lib/python3.8/site-packages/airflow/example_dags/example_params_ui_tutorial.py
[2024-04-09T16:40:22.267+0000] {processor.py:840} INFO - DAG(s) 'example_params_ui_tutorial' retrieved from /home/airflow/.local/lib/python3.8/site-packages/airflow/example_dags/example_params_ui_tutorial.py
[2024-04-09T16:40:22.291+0000] {logging_mixin.py:188} INFO - [2024-04-09T16:40:22.291+0000] {dag.py:3047} INFO - Sync 1 DAGs
[2024-04-09T16:40:22.298+0000] {logging_mixin.py:188} INFO - [2024-04-09T16:40:22.298+0000] {dag.py:3834} INFO - Setting next_dagrun for example_params_ui_tutorial to None, run_after=None
[2024-04-09T16:40:22.306+0000] {processor.py:183} INFO - Processing /home/airflow/.local/lib/python3.8/site-packages/airflow/example_dags/example_params_ui_tutorial.py took 0.050 seconds
[2024-04-09T16:40:52.481+0000] {processor.py:161} INFO - Started process (PID=684) to work on /home/airflow/.local/lib/python3.8/site-packages/airflow/example_dags/example_params_ui_tutorial.py
[2024-04-09T16:40:52.483+0000] {processor.py:830} INFO - Processing file /home/airflow/.local/lib/python3.8/site-packages/airflow/example_dags/example_params_ui_tutorial.py for tasks to queue
[2024-04-09T16:40:52.484+0000] {logging_mixin.py:188} INFO - [2024-04-09T16:40:52.484+0000] {dagbag.py:540} INFO - Filling up the DagBag from /home/airflow/.local/lib/python3.8/site-packages/airflow/example_dags/example_params_ui_tutorial.py
[2024-04-09T16:40:52.490+0000] {processor.py:840} INFO - DAG(s) 'example_params_ui_tutorial' retrieved from /home/airflow/.local/lib/python3.8/site-packages/airflow/example_dags/example_params_ui_tutorial.py
[2024-04-09T16:40:52.516+0000] {logging_mixin.py:188} INFO - [2024-04-09T16:40:52.516+0000] {dag.py:3047} INFO - Sync 1 DAGs
[2024-04-09T16:40:52.522+0000] {logging_mixin.py:188} INFO - [2024-04-09T16:40:52.521+0000] {dag.py:3834} INFO - Setting next_dagrun for example_params_ui_tutorial to None, run_after=None
[2024-04-09T16:40:52.529+0000] {processor.py:183} INFO - Processing /home/airflow/.local/lib/python3.8/site-packages/airflow/example_dags/example_params_ui_tutorial.py took 0.049 seconds
[2024-04-09T16:41:22.636+0000] {processor.py:161} INFO - Started process (PID=741) to work on /home/airflow/.local/lib/python3.8/site-packages/airflow/example_dags/example_params_ui_tutorial.py
[2024-04-09T16:41:22.636+0000] {processor.py:830} INFO - Processing file /home/airflow/.local/lib/python3.8/site-packages/airflow/example_dags/example_params_ui_tutorial.py for tasks to queue
[2024-04-09T16:41:22.637+0000] {logging_mixin.py:188} INFO - [2024-04-09T16:41:22.637+0000] {dagbag.py:540} INFO - Filling up the DagBag from /home/airflow/.local/lib/python3.8/site-packages/airflow/example_dags/example_params_ui_tutorial.py
[2024-04-09T16:41:22.643+0000] {processor.py:840} INFO - DAG(s) 'example_params_ui_tutorial' retrieved from /home/airflow/.local/lib/python3.8/site-packages/airflow/example_dags/example_params_ui_tutorial.py
[2024-04-09T16:41:22.666+0000] {logging_mixin.py:188} INFO - [2024-04-09T16:41:22.666+0000] {dag.py:3047} INFO - Sync 1 DAGs
[2024-04-09T16:41:22.671+0000] {logging_mixin.py:188} INFO - [2024-04-09T16:41:22.671+0000] {dag.py:3834} INFO - Setting next_dagrun for example_params_ui_tutorial to None, run_after=None
[2024-04-09T16:41:22.678+0000] {processor.py:183} INFO - Processing /home/airflow/.local/lib/python3.8/site-packages/airflow/example_dags/example_params_ui_tutorial.py took 0.043 seconds
[2024-04-09T16:41:53.154+0000] {processor.py:161} INFO - Started process (PID=799) to work on /home/airflow/.local/lib/python3.8/site-packages/airflow/example_dags/example_params_ui_tutorial.py
[2024-04-09T16:41:53.155+0000] {processor.py:830} INFO - Processing file /home/airflow/.local/lib/python3.8/site-packages/airflow/example_dags/example_params_ui_tutorial.py for tasks to queue
[2024-04-09T16:41:53.156+0000] {logging_mixin.py:188} INFO - [2024-04-09T16:41:53.155+0000] {dagbag.py:540} INFO - Filling up the DagBag from /home/airflow/.local/lib/python3.8/site-packages/airflow/example_dags/example_params_ui_tutorial.py
[2024-04-09T16:41:53.162+0000] {processor.py:840} INFO - DAG(s) 'example_params_ui_tutorial' retrieved from /home/airflow/.local/lib/python3.8/site-packages/airflow/example_dags/example_params_ui_tutorial.py
[2024-04-09T16:41:53.187+0000] {logging_mixin.py:188} INFO - [2024-04-09T16:41:53.187+0000] {dag.py:3047} INFO - Sync 1 DAGs
[2024-04-09T16:41:53.192+0000] {logging_mixin.py:188} INFO - [2024-04-09T16:41:53.191+0000] {dag.py:3834} INFO - Setting next_dagrun for example_params_ui_tutorial to None, run_after=None
[2024-04-09T16:41:53.199+0000] {processor.py:183} INFO - Processing /home/airflow/.local/lib/python3.8/site-packages/airflow/example_dags/example_params_ui_tutorial.py took 0.046 seconds
[2024-04-09T16:42:23.793+0000] {processor.py:161} INFO - Started process (PID=857) to work on /home/airflow/.local/lib/python3.8/site-packages/airflow/example_dags/example_params_ui_tutorial.py
[2024-04-09T16:42:23.793+0000] {processor.py:830} INFO - Processing file /home/airflow/.local/lib/python3.8/site-packages/airflow/example_dags/example_params_ui_tutorial.py for tasks to queue
[2024-04-09T16:42:23.794+0000] {logging_mixin.py:188} INFO - [2024-04-09T16:42:23.794+0000] {dagbag.py:540} INFO - Filling up the DagBag from /home/airflow/.local/lib/python3.8/site-packages/airflow/example_dags/example_params_ui_tutorial.py
[2024-04-09T16:42:23.800+0000] {processor.py:840} INFO - DAG(s) 'example_params_ui_tutorial' retrieved from /home/airflow/.local/lib/python3.8/site-packages/airflow/example_dags/example_params_ui_tutorial.py
[2024-04-09T16:42:23.825+0000] {logging_mixin.py:188} INFO - [2024-04-09T16:42:23.825+0000] {dag.py:3047} INFO - Sync 1 DAGs
[2024-04-09T16:42:23.830+0000] {logging_mixin.py:188} INFO - [2024-04-09T16:42:23.830+0000] {dag.py:3834} INFO - Setting next_dagrun for example_params_ui_tutorial to None, run_after=None
[2024-04-09T16:42:23.837+0000] {processor.py:183} INFO - Processing /home/airflow/.local/lib/python3.8/site-packages/airflow/example_dags/example_params_ui_tutorial.py took 0.046 seconds
[2024-04-09T16:42:54.661+0000] {processor.py:161} INFO - Started process (PID=915) to work on /home/airflow/.local/lib/python3.8/site-packages/airflow/example_dags/example_params_ui_tutorial.py
[2024-04-09T16:42:54.662+0000] {processor.py:830} INFO - Processing file /home/airflow/.local/lib/python3.8/site-packages/airflow/example_dags/example_params_ui_tutorial.py for tasks to queue
[2024-04-09T16:42:54.663+0000] {logging_mixin.py:188} INFO - [2024-04-09T16:42:54.662+0000] {dagbag.py:540} INFO - Filling up the DagBag from /home/airflow/.local/lib/python3.8/site-packages/airflow/example_dags/example_params_ui_tutorial.py
[2024-04-09T16:42:54.669+0000] {processor.py:840} INFO - DAG(s) 'example_params_ui_tutorial' retrieved from /home/airflow/.local/lib/python3.8/site-packages/airflow/example_dags/example_params_ui_tutorial.py
[2024-04-09T16:42:54.694+0000] {logging_mixin.py:188} INFO - [2024-04-09T16:42:54.694+0000] {dag.py:3047} INFO - Sync 1 DAGs
[2024-04-09T16:42:54.700+0000] {logging_mixin.py:188} INFO - [2024-04-09T16:42:54.700+0000] {dag.py:3834} INFO - Setting next_dagrun for example_params_ui_tutorial to None, run_after=None
[2024-04-09T16:42:54.707+0000] {processor.py:183} INFO - Processing /home/airflow/.local/lib/python3.8/site-packages/airflow/example_dags/example_params_ui_tutorial.py took 0.047 seconds
[2024-04-09T16:43:25.452+0000] {processor.py:161} INFO - Started process (PID=973) to work on /home/airflow/.local/lib/python3.8/site-packages/airflow/example_dags/example_params_ui_tutorial.py
[2024-04-09T16:43:25.453+0000] {processor.py:830} INFO - Processing file /home/airflow/.local/lib/python3.8/site-packages/airflow/example_dags/example_params_ui_tutorial.py for tasks to queue
[2024-04-09T16:43:25.454+0000] {logging_mixin.py:188} INFO - [2024-04-09T16:43:25.454+0000] {dagbag.py:540} INFO - Filling up the DagBag from /home/airflow/.local/lib/python3.8/site-packages/airflow/example_dags/example_params_ui_tutorial.py
[2024-04-09T16:43:25.461+0000] {processor.py:840} INFO - DAG(s) 'example_params_ui_tutorial' retrieved from /home/airflow/.local/lib/python3.8/site-packages/airflow/example_dags/example_params_ui_tutorial.py
[2024-04-09T16:43:25.487+0000] {logging_mixin.py:188} INFO - [2024-04-09T16:43:25.487+0000] {dag.py:3047} INFO - Sync 1 DAGs
[2024-04-09T16:43:25.496+0000] {logging_mixin.py:188} INFO - [2024-04-09T16:43:25.496+0000] {dag.py:3834} INFO - Setting next_dagrun for example_params_ui_tutorial to None, run_after=None
[2024-04-09T16:43:25.503+0000] {processor.py:183} INFO - Processing /home/airflow/.local/lib/python3.8/site-packages/airflow/example_dags/example_params_ui_tutorial.py took 0.053 seconds
[2024-04-09T16:43:55.600+0000] {processor.py:161} INFO - Started process (PID=1031) to work on /home/airflow/.local/lib/python3.8/site-packages/airflow/example_dags/example_params_ui_tutorial.py
[2024-04-09T16:43:55.600+0000] {processor.py:830} INFO - Processing file /home/airflow/.local/lib/python3.8/site-packages/airflow/example_dags/example_params_ui_tutorial.py for tasks to queue
[2024-04-09T16:43:55.601+0000] {logging_mixin.py:188} INFO - [2024-04-09T16:43:55.601+0000] {dagbag.py:540} INFO - Filling up the DagBag from /home/airflow/.local/lib/python3.8/site-packages/airflow/example_dags/example_params_ui_tutorial.py
[2024-04-09T16:43:55.606+0000] {processor.py:840} INFO - DAG(s) 'example_params_ui_tutorial' retrieved from /home/airflow/.local/lib/python3.8/site-packages/airflow/example_dags/example_params_ui_tutorial.py
[2024-04-09T16:43:55.630+0000] {logging_mixin.py:188} INFO - [2024-04-09T16:43:55.630+0000] {dag.py:3047} INFO - Sync 1 DAGs
[2024-04-09T16:43:55.635+0000] {logging_mixin.py:188} INFO - [2024-04-09T16:43:55.635+0000] {dag.py:3834} INFO - Setting next_dagrun for example_params_ui_tutorial to None, run_after=None
[2024-04-09T16:43:55.642+0000] {processor.py:183} INFO - Processing /home/airflow/.local/lib/python3.8/site-packages/airflow/example_dags/example_params_ui_tutorial.py took 0.044 seconds
[2024-04-09T16:44:25.809+0000] {processor.py:161} INFO - Started process (PID=1089) to work on /home/airflow/.local/lib/python3.8/site-packages/airflow/example_dags/example_params_ui_tutorial.py
[2024-04-09T16:44:25.810+0000] {processor.py:830} INFO - Processing file /home/airflow/.local/lib/python3.8/site-packages/airflow/example_dags/example_params_ui_tutorial.py for tasks to queue
[2024-04-09T16:44:25.811+0000] {logging_mixin.py:188} INFO - [2024-04-09T16:44:25.811+0000] {dagbag.py:540} INFO - Filling up the DagBag from /home/airflow/.local/lib/python3.8/site-packages/airflow/example_dags/example_params_ui_tutorial.py
[2024-04-09T16:44:25.817+0000] {processor.py:840} INFO - DAG(s) 'example_params_ui_tutorial' retrieved from /home/airflow/.local/lib/python3.8/site-packages/airflow/example_dags/example_params_ui_tutorial.py
[2024-04-09T16:44:25.842+0000] {logging_mixin.py:188} INFO - [2024-04-09T16:44:25.842+0000] {dag.py:3047} INFO - Sync 1 DAGs
[2024-04-09T16:44:25.848+0000] {logging_mixin.py:188} INFO - [2024-04-09T16:44:25.848+0000] {dag.py:3834} INFO - Setting next_dagrun for example_params_ui_tutorial to None, run_after=None
[2024-04-09T16:44:25.855+0000] {processor.py:183} INFO - Processing /home/airflow/.local/lib/python3.8/site-packages/airflow/example_dags/example_params_ui_tutorial.py took 0.047 seconds
[2024-04-09T16:44:56.137+0000] {processor.py:161} INFO - Started process (PID=1147) to work on /home/airflow/.local/lib/python3.8/site-packages/airflow/example_dags/example_params_ui_tutorial.py
[2024-04-09T16:44:56.138+0000] {processor.py:830} INFO - Processing file /home/airflow/.local/lib/python3.8/site-packages/airflow/example_dags/example_params_ui_tutorial.py for tasks to queue
[2024-04-09T16:44:56.139+0000] {logging_mixin.py:188} INFO - [2024-04-09T16:44:56.139+0000] {dagbag.py:540} INFO - Filling up the DagBag from /home/airflow/.local/lib/python3.8/site-packages/airflow/example_dags/example_params_ui_tutorial.py
[2024-04-09T16:44:56.145+0000] {processor.py:840} INFO - DAG(s) 'example_params_ui_tutorial' retrieved from /home/airflow/.local/lib/python3.8/site-packages/airflow/example_dags/example_params_ui_tutorial.py
[2024-04-09T16:44:56.169+0000] {logging_mixin.py:188} INFO - [2024-04-09T16:44:56.169+0000] {dag.py:3047} INFO - Sync 1 DAGs
[2024-04-09T16:44:56.177+0000] {logging_mixin.py:188} INFO - [2024-04-09T16:44:56.176+0000] {dag.py:3834} INFO - Setting next_dagrun for example_params_ui_tutorial to None, run_after=None
[2024-04-09T16:44:56.184+0000] {processor.py:183} INFO - Processing /home/airflow/.local/lib/python3.8/site-packages/airflow/example_dags/example_params_ui_tutorial.py took 0.048 seconds
[2024-04-09T16:45:26.477+0000] {processor.py:161} INFO - Started process (PID=1206) to work on /home/airflow/.local/lib/python3.8/site-packages/airflow/example_dags/example_params_ui_tutorial.py
[2024-04-09T16:45:26.478+0000] {processor.py:830} INFO - Processing file /home/airflow/.local/lib/python3.8/site-packages/airflow/example_dags/example_params_ui_tutorial.py for tasks to queue
[2024-04-09T16:45:26.478+0000] {logging_mixin.py:188} INFO - [2024-04-09T16:45:26.478+0000] {dagbag.py:540} INFO - Filling up the DagBag from /home/airflow/.local/lib/python3.8/site-packages/airflow/example_dags/example_params_ui_tutorial.py
[2024-04-09T16:45:26.485+0000] {processor.py:840} INFO - DAG(s) 'example_params_ui_tutorial' retrieved from /home/airflow/.local/lib/python3.8/site-packages/airflow/example_dags/example_params_ui_tutorial.py
[2024-04-09T16:45:26.509+0000] {logging_mixin.py:188} INFO - [2024-04-09T16:45:26.509+0000] {dag.py:3047} INFO - Sync 1 DAGs
[2024-04-09T16:45:26.514+0000] {logging_mixin.py:188} INFO - [2024-04-09T16:45:26.514+0000] {dag.py:3834} INFO - Setting next_dagrun for example_params_ui_tutorial to None, run_after=None
[2024-04-09T16:45:26.522+0000] {processor.py:183} INFO - Processing /home/airflow/.local/lib/python3.8/site-packages/airflow/example_dags/example_params_ui_tutorial.py took 0.046 seconds
[2024-04-09T16:45:57.070+0000] {processor.py:161} INFO - Started process (PID=1268) to work on /home/airflow/.local/lib/python3.8/site-packages/airflow/example_dags/example_params_ui_tutorial.py
[2024-04-09T16:45:57.071+0000] {processor.py:830} INFO - Processing file /home/airflow/.local/lib/python3.8/site-packages/airflow/example_dags/example_params_ui_tutorial.py for tasks to queue
[2024-04-09T16:45:57.072+0000] {logging_mixin.py:188} INFO - [2024-04-09T16:45:57.072+0000] {dagbag.py:540} INFO - Filling up the DagBag from /home/airflow/.local/lib/python3.8/site-packages/airflow/example_dags/example_params_ui_tutorial.py
[2024-04-09T16:45:57.079+0000] {processor.py:840} INFO - DAG(s) 'example_params_ui_tutorial' retrieved from /home/airflow/.local/lib/python3.8/site-packages/airflow/example_dags/example_params_ui_tutorial.py
[2024-04-09T16:45:57.107+0000] {logging_mixin.py:188} INFO - [2024-04-09T16:45:57.107+0000] {dag.py:3047} INFO - Sync 1 DAGs
[2024-04-09T16:45:57.113+0000] {logging_mixin.py:188} INFO - [2024-04-09T16:45:57.113+0000] {dag.py:3834} INFO - Setting next_dagrun for example_params_ui_tutorial to None, run_after=None
[2024-04-09T16:45:57.121+0000] {processor.py:183} INFO - Processing /home/airflow/.local/lib/python3.8/site-packages/airflow/example_dags/example_params_ui_tutorial.py took 0.053 seconds
[2024-04-09T16:46:27.730+0000] {processor.py:161} INFO - Started process (PID=1326) to work on /home/airflow/.local/lib/python3.8/site-packages/airflow/example_dags/example_params_ui_tutorial.py
[2024-04-09T16:46:27.733+0000] {processor.py:830} INFO - Processing file /home/airflow/.local/lib/python3.8/site-packages/airflow/example_dags/example_params_ui_tutorial.py for tasks to queue
[2024-04-09T16:46:27.735+0000] {logging_mixin.py:188} INFO - [2024-04-09T16:46:27.734+0000] {dagbag.py:540} INFO - Filling up the DagBag from /home/airflow/.local/lib/python3.8/site-packages/airflow/example_dags/example_params_ui_tutorial.py
[2024-04-09T16:46:27.752+0000] {processor.py:840} INFO - DAG(s) 'example_params_ui_tutorial' retrieved from /home/airflow/.local/lib/python3.8/site-packages/airflow/example_dags/example_params_ui_tutorial.py
[2024-04-09T16:46:27.790+0000] {logging_mixin.py:188} INFO - [2024-04-09T16:46:27.789+0000] {dag.py:3047} INFO - Sync 1 DAGs
[2024-04-09T16:46:27.803+0000] {logging_mixin.py:188} INFO - [2024-04-09T16:46:27.803+0000] {dag.py:3834} INFO - Setting next_dagrun for example_params_ui_tutorial to None, run_after=None
[2024-04-09T16:46:27.834+0000] {processor.py:183} INFO - Processing /home/airflow/.local/lib/python3.8/site-packages/airflow/example_dags/example_params_ui_tutorial.py took 0.107 seconds
[2024-04-09T16:47:00.441+0000] {processor.py:161} INFO - Started process (PID=1409) to work on /home/airflow/.local/lib/python3.8/site-packages/airflow/example_dags/example_params_ui_tutorial.py
[2024-04-09T16:47:00.456+0000] {processor.py:830} INFO - Processing file /home/airflow/.local/lib/python3.8/site-packages/airflow/example_dags/example_params_ui_tutorial.py for tasks to queue
[2024-04-09T16:47:00.469+0000] {logging_mixin.py:188} INFO - [2024-04-09T16:47:00.468+0000] {dagbag.py:540} INFO - Filling up the DagBag from /home/airflow/.local/lib/python3.8/site-packages/airflow/example_dags/example_params_ui_tutorial.py
[2024-04-09T16:47:00.529+0000] {processor.py:840} INFO - DAG(s) 'example_params_ui_tutorial' retrieved from /home/airflow/.local/lib/python3.8/site-packages/airflow/example_dags/example_params_ui_tutorial.py
[2024-04-09T16:47:00.687+0000] {logging_mixin.py:188} INFO - [2024-04-09T16:47:00.687+0000] {dag.py:3047} INFO - Sync 1 DAGs
[2024-04-09T16:47:00.710+0000] {logging_mixin.py:188} INFO - [2024-04-09T16:47:00.709+0000] {dag.py:3834} INFO - Setting next_dagrun for example_params_ui_tutorial to None, run_after=None
[2024-04-09T16:47:00.766+0000] {processor.py:183} INFO - Processing /home/airflow/.local/lib/python3.8/site-packages/airflow/example_dags/example_params_ui_tutorial.py took 0.350 seconds
[2024-04-09T16:47:31.247+0000] {processor.py:161} INFO - Started process (PID=1486) to work on /home/airflow/.local/lib/python3.8/site-packages/airflow/example_dags/example_params_ui_tutorial.py
[2024-04-09T16:47:31.249+0000] {processor.py:830} INFO - Processing file /home/airflow/.local/lib/python3.8/site-packages/airflow/example_dags/example_params_ui_tutorial.py for tasks to queue
[2024-04-09T16:47:31.254+0000] {logging_mixin.py:188} INFO - [2024-04-09T16:47:31.253+0000] {dagbag.py:540} INFO - Filling up the DagBag from /home/airflow/.local/lib/python3.8/site-packages/airflow/example_dags/example_params_ui_tutorial.py
[2024-04-09T16:47:31.326+0000] {processor.py:840} INFO - DAG(s) 'example_params_ui_tutorial' retrieved from /home/airflow/.local/lib/python3.8/site-packages/airflow/example_dags/example_params_ui_tutorial.py
[2024-04-09T16:47:31.472+0000] {logging_mixin.py:188} INFO - [2024-04-09T16:47:31.472+0000] {dag.py:3047} INFO - Sync 1 DAGs
[2024-04-09T16:47:31.513+0000] {logging_mixin.py:188} INFO - [2024-04-09T16:47:31.510+0000] {dag.py:3834} INFO - Setting next_dagrun for example_params_ui_tutorial to None, run_after=None
[2024-04-09T16:47:31.546+0000] {processor.py:183} INFO - Processing /home/airflow/.local/lib/python3.8/site-packages/airflow/example_dags/example_params_ui_tutorial.py took 0.305 seconds
[2024-04-09T16:48:02.165+0000] {processor.py:161} INFO - Started process (PID=1543) to work on /home/airflow/.local/lib/python3.8/site-packages/airflow/example_dags/example_params_ui_tutorial.py
[2024-04-09T16:48:02.167+0000] {processor.py:830} INFO - Processing file /home/airflow/.local/lib/python3.8/site-packages/airflow/example_dags/example_params_ui_tutorial.py for tasks to queue
[2024-04-09T16:48:02.175+0000] {logging_mixin.py:188} INFO - [2024-04-09T16:48:02.175+0000] {dagbag.py:540} INFO - Filling up the DagBag from /home/airflow/.local/lib/python3.8/site-packages/airflow/example_dags/example_params_ui_tutorial.py
[2024-04-09T16:48:02.255+0000] {processor.py:840} INFO - DAG(s) 'example_params_ui_tutorial' retrieved from /home/airflow/.local/lib/python3.8/site-packages/airflow/example_dags/example_params_ui_tutorial.py
[2024-04-09T16:48:02.568+0000] {logging_mixin.py:188} INFO - [2024-04-09T16:48:02.567+0000] {dag.py:3047} INFO - Sync 1 DAGs
[2024-04-09T16:48:02.660+0000] {logging_mixin.py:188} INFO - [2024-04-09T16:48:02.659+0000] {dag.py:3834} INFO - Setting next_dagrun for example_params_ui_tutorial to None, run_after=None
[2024-04-09T16:48:02.796+0000] {processor.py:183} INFO - Processing /home/airflow/.local/lib/python3.8/site-packages/airflow/example_dags/example_params_ui_tutorial.py took 0.636 seconds
[2024-04-09T16:48:33.791+0000] {processor.py:161} INFO - Started process (PID=1600) to work on /home/airflow/.local/lib/python3.8/site-packages/airflow/example_dags/example_params_ui_tutorial.py
[2024-04-09T16:48:33.795+0000] {processor.py:830} INFO - Processing file /home/airflow/.local/lib/python3.8/site-packages/airflow/example_dags/example_params_ui_tutorial.py for tasks to queue
[2024-04-09T16:48:33.797+0000] {logging_mixin.py:188} INFO - [2024-04-09T16:48:33.796+0000] {dagbag.py:540} INFO - Filling up the DagBag from /home/airflow/.local/lib/python3.8/site-packages/airflow/example_dags/example_params_ui_tutorial.py
[2024-04-09T16:48:33.808+0000] {processor.py:840} INFO - DAG(s) 'example_params_ui_tutorial' retrieved from /home/airflow/.local/lib/python3.8/site-packages/airflow/example_dags/example_params_ui_tutorial.py
[2024-04-09T16:48:33.839+0000] {logging_mixin.py:188} INFO - [2024-04-09T16:48:33.839+0000] {dag.py:3047} INFO - Sync 1 DAGs
[2024-04-09T16:48:33.845+0000] {logging_mixin.py:188} INFO - [2024-04-09T16:48:33.844+0000] {dag.py:3834} INFO - Setting next_dagrun for example_params_ui_tutorial to None, run_after=None
[2024-04-09T16:48:33.856+0000] {processor.py:183} INFO - Processing /home/airflow/.local/lib/python3.8/site-packages/airflow/example_dags/example_params_ui_tutorial.py took 0.068 seconds
[2024-04-09T16:49:04.196+0000] {processor.py:161} INFO - Started process (PID=1657) to work on /home/airflow/.local/lib/python3.8/site-packages/airflow/example_dags/example_params_ui_tutorial.py
[2024-04-09T16:49:04.198+0000] {processor.py:830} INFO - Processing file /home/airflow/.local/lib/python3.8/site-packages/airflow/example_dags/example_params_ui_tutorial.py for tasks to queue
[2024-04-09T16:49:04.199+0000] {logging_mixin.py:188} INFO - [2024-04-09T16:49:04.199+0000] {dagbag.py:540} INFO - Filling up the DagBag from /home/airflow/.local/lib/python3.8/site-packages/airflow/example_dags/example_params_ui_tutorial.py
[2024-04-09T16:49:04.212+0000] {processor.py:840} INFO - DAG(s) 'example_params_ui_tutorial' retrieved from /home/airflow/.local/lib/python3.8/site-packages/airflow/example_dags/example_params_ui_tutorial.py
[2024-04-09T16:49:04.244+0000] {logging_mixin.py:188} INFO - [2024-04-09T16:49:04.244+0000] {dag.py:3047} INFO - Sync 1 DAGs
[2024-04-09T16:49:04.249+0000] {logging_mixin.py:188} INFO - [2024-04-09T16:49:04.249+0000] {dag.py:3834} INFO - Setting next_dagrun for example_params_ui_tutorial to None, run_after=None
[2024-04-09T16:49:04.257+0000] {processor.py:183} INFO - Processing /home/airflow/.local/lib/python3.8/site-packages/airflow/example_dags/example_params_ui_tutorial.py took 0.064 seconds
[2024-04-09T16:49:34.320+0000] {processor.py:161} INFO - Started process (PID=1714) to work on /home/airflow/.local/lib/python3.8/site-packages/airflow/example_dags/example_params_ui_tutorial.py
[2024-04-09T16:49:34.323+0000] {processor.py:830} INFO - Processing file /home/airflow/.local/lib/python3.8/site-packages/airflow/example_dags/example_params_ui_tutorial.py for tasks to queue
[2024-04-09T16:49:34.325+0000] {logging_mixin.py:188} INFO - [2024-04-09T16:49:34.325+0000] {dagbag.py:540} INFO - Filling up the DagBag from /home/airflow/.local/lib/python3.8/site-packages/airflow/example_dags/example_params_ui_tutorial.py
[2024-04-09T16:49:34.331+0000] {processor.py:840} INFO - DAG(s) 'example_params_ui_tutorial' retrieved from /home/airflow/.local/lib/python3.8/site-packages/airflow/example_dags/example_params_ui_tutorial.py
[2024-04-09T16:49:34.357+0000] {logging_mixin.py:188} INFO - [2024-04-09T16:49:34.357+0000] {dag.py:3047} INFO - Sync 1 DAGs
[2024-04-09T16:49:34.363+0000] {logging_mixin.py:188} INFO - [2024-04-09T16:49:34.363+0000] {dag.py:3834} INFO - Setting next_dagrun for example_params_ui_tutorial to None, run_after=None
[2024-04-09T16:49:34.370+0000] {processor.py:183} INFO - Processing /home/airflow/.local/lib/python3.8/site-packages/airflow/example_dags/example_params_ui_tutorial.py took 0.052 seconds
[2024-04-09T16:50:04.578+0000] {processor.py:161} INFO - Started process (PID=1771) to work on /home/airflow/.local/lib/python3.8/site-packages/airflow/example_dags/example_params_ui_tutorial.py
[2024-04-09T16:50:04.579+0000] {processor.py:830} INFO - Processing file /home/airflow/.local/lib/python3.8/site-packages/airflow/example_dags/example_params_ui_tutorial.py for tasks to queue
[2024-04-09T16:50:04.581+0000] {logging_mixin.py:188} INFO - [2024-04-09T16:50:04.581+0000] {dagbag.py:540} INFO - Filling up the DagBag from /home/airflow/.local/lib/python3.8/site-packages/airflow/example_dags/example_params_ui_tutorial.py
[2024-04-09T16:50:04.593+0000] {processor.py:840} INFO - DAG(s) 'example_params_ui_tutorial' retrieved from /home/airflow/.local/lib/python3.8/site-packages/airflow/example_dags/example_params_ui_tutorial.py
[2024-04-09T16:50:04.626+0000] {logging_mixin.py:188} INFO - [2024-04-09T16:50:04.625+0000] {dag.py:3047} INFO - Sync 1 DAGs
[2024-04-09T16:50:04.631+0000] {logging_mixin.py:188} INFO - [2024-04-09T16:50:04.631+0000] {dag.py:3834} INFO - Setting next_dagrun for example_params_ui_tutorial to None, run_after=None
[2024-04-09T16:50:04.640+0000] {processor.py:183} INFO - Processing /home/airflow/.local/lib/python3.8/site-packages/airflow/example_dags/example_params_ui_tutorial.py took 0.066 seconds
[2024-04-09T16:50:35.330+0000] {processor.py:161} INFO - Started process (PID=1828) to work on /home/airflow/.local/lib/python3.8/site-packages/airflow/example_dags/example_params_ui_tutorial.py
[2024-04-09T16:50:35.331+0000] {processor.py:830} INFO - Processing file /home/airflow/.local/lib/python3.8/site-packages/airflow/example_dags/example_params_ui_tutorial.py for tasks to queue
[2024-04-09T16:50:35.332+0000] {logging_mixin.py:188} INFO - [2024-04-09T16:50:35.332+0000] {dagbag.py:540} INFO - Filling up the DagBag from /home/airflow/.local/lib/python3.8/site-packages/airflow/example_dags/example_params_ui_tutorial.py
[2024-04-09T16:50:35.339+0000] {processor.py:840} INFO - DAG(s) 'example_params_ui_tutorial' retrieved from /home/airflow/.local/lib/python3.8/site-packages/airflow/example_dags/example_params_ui_tutorial.py
[2024-04-09T16:50:35.365+0000] {logging_mixin.py:188} INFO - [2024-04-09T16:50:35.365+0000] {dag.py:3047} INFO - Sync 1 DAGs
[2024-04-09T16:50:35.371+0000] {logging_mixin.py:188} INFO - [2024-04-09T16:50:35.371+0000] {dag.py:3834} INFO - Setting next_dagrun for example_params_ui_tutorial to None, run_after=None
[2024-04-09T16:50:35.379+0000] {processor.py:183} INFO - Processing /home/airflow/.local/lib/python3.8/site-packages/airflow/example_dags/example_params_ui_tutorial.py took 0.051 seconds
[2024-04-09T16:51:05.983+0000] {processor.py:161} INFO - Started process (PID=1886) to work on /home/airflow/.local/lib/python3.8/site-packages/airflow/example_dags/example_params_ui_tutorial.py
[2024-04-09T16:51:05.984+0000] {processor.py:830} INFO - Processing file /home/airflow/.local/lib/python3.8/site-packages/airflow/example_dags/example_params_ui_tutorial.py for tasks to queue
[2024-04-09T16:51:05.986+0000] {logging_mixin.py:188} INFO - [2024-04-09T16:51:05.986+0000] {dagbag.py:540} INFO - Filling up the DagBag from /home/airflow/.local/lib/python3.8/site-packages/airflow/example_dags/example_params_ui_tutorial.py
[2024-04-09T16:51:05.997+0000] {processor.py:840} INFO - DAG(s) 'example_params_ui_tutorial' retrieved from /home/airflow/.local/lib/python3.8/site-packages/airflow/example_dags/example_params_ui_tutorial.py
[2024-04-09T16:51:06.029+0000] {logging_mixin.py:188} INFO - [2024-04-09T16:51:06.028+0000] {dag.py:3047} INFO - Sync 1 DAGs
[2024-04-09T16:51:06.034+0000] {logging_mixin.py:188} INFO - [2024-04-09T16:51:06.034+0000] {dag.py:3834} INFO - Setting next_dagrun for example_params_ui_tutorial to None, run_after=None
[2024-04-09T16:51:06.042+0000] {processor.py:183} INFO - Processing /home/airflow/.local/lib/python3.8/site-packages/airflow/example_dags/example_params_ui_tutorial.py took 0.062 seconds
[2024-04-09T16:51:36.284+0000] {processor.py:161} INFO - Started process (PID=1944) to work on /home/airflow/.local/lib/python3.8/site-packages/airflow/example_dags/example_params_ui_tutorial.py
[2024-04-09T16:51:36.286+0000] {processor.py:830} INFO - Processing file /home/airflow/.local/lib/python3.8/site-packages/airflow/example_dags/example_params_ui_tutorial.py for tasks to queue
[2024-04-09T16:51:36.287+0000] {logging_mixin.py:188} INFO - [2024-04-09T16:51:36.287+0000] {dagbag.py:540} INFO - Filling up the DagBag from /home/airflow/.local/lib/python3.8/site-packages/airflow/example_dags/example_params_ui_tutorial.py
[2024-04-09T16:51:36.299+0000] {processor.py:840} INFO - DAG(s) 'example_params_ui_tutorial' retrieved from /home/airflow/.local/lib/python3.8/site-packages/airflow/example_dags/example_params_ui_tutorial.py
[2024-04-09T16:51:36.331+0000] {logging_mixin.py:188} INFO - [2024-04-09T16:51:36.331+0000] {dag.py:3047} INFO - Sync 1 DAGs
[2024-04-09T16:51:36.338+0000] {logging_mixin.py:188} INFO - [2024-04-09T16:51:36.337+0000] {dag.py:3834} INFO - Setting next_dagrun for example_params_ui_tutorial to None, run_after=None
[2024-04-09T16:51:36.345+0000] {processor.py:183} INFO - Processing /home/airflow/.local/lib/python3.8/site-packages/airflow/example_dags/example_params_ui_tutorial.py took 0.065 seconds
[2024-04-09T16:52:07.134+0000] {processor.py:161} INFO - Started process (PID=2002) to work on /home/airflow/.local/lib/python3.8/site-packages/airflow/example_dags/example_params_ui_tutorial.py
[2024-04-09T16:52:07.136+0000] {processor.py:830} INFO - Processing file /home/airflow/.local/lib/python3.8/site-packages/airflow/example_dags/example_params_ui_tutorial.py for tasks to queue
[2024-04-09T16:52:07.137+0000] {logging_mixin.py:188} INFO - [2024-04-09T16:52:07.137+0000] {dagbag.py:540} INFO - Filling up the DagBag from /home/airflow/.local/lib/python3.8/site-packages/airflow/example_dags/example_params_ui_tutorial.py
[2024-04-09T16:52:07.148+0000] {processor.py:840} INFO - DAG(s) 'example_params_ui_tutorial' retrieved from /home/airflow/.local/lib/python3.8/site-packages/airflow/example_dags/example_params_ui_tutorial.py
[2024-04-09T16:52:07.179+0000] {logging_mixin.py:188} INFO - [2024-04-09T16:52:07.179+0000] {dag.py:3047} INFO - Sync 1 DAGs
[2024-04-09T16:52:07.184+0000] {logging_mixin.py:188} INFO - [2024-04-09T16:52:07.184+0000] {dag.py:3834} INFO - Setting next_dagrun for example_params_ui_tutorial to None, run_after=None
[2024-04-09T16:52:07.191+0000] {processor.py:183} INFO - Processing /home/airflow/.local/lib/python3.8/site-packages/airflow/example_dags/example_params_ui_tutorial.py took 0.060 seconds
[2024-04-09T16:52:37.516+0000] {processor.py:161} INFO - Started process (PID=2082) to work on /home/airflow/.local/lib/python3.8/site-packages/airflow/example_dags/example_params_ui_tutorial.py
[2024-04-09T16:52:37.518+0000] {processor.py:830} INFO - Processing file /home/airflow/.local/lib/python3.8/site-packages/airflow/example_dags/example_params_ui_tutorial.py for tasks to queue
[2024-04-09T16:52:37.519+0000] {logging_mixin.py:188} INFO - [2024-04-09T16:52:37.519+0000] {dagbag.py:540} INFO - Filling up the DagBag from /home/airflow/.local/lib/python3.8/site-packages/airflow/example_dags/example_params_ui_tutorial.py
[2024-04-09T16:52:37.531+0000] {processor.py:840} INFO - DAG(s) 'example_params_ui_tutorial' retrieved from /home/airflow/.local/lib/python3.8/site-packages/airflow/example_dags/example_params_ui_tutorial.py
[2024-04-09T16:52:37.562+0000] {logging_mixin.py:188} INFO - [2024-04-09T16:52:37.562+0000] {dag.py:3047} INFO - Sync 1 DAGs
[2024-04-09T16:52:37.567+0000] {logging_mixin.py:188} INFO - [2024-04-09T16:52:37.567+0000] {dag.py:3834} INFO - Setting next_dagrun for example_params_ui_tutorial to None, run_after=None
[2024-04-09T16:52:37.575+0000] {processor.py:183} INFO - Processing /home/airflow/.local/lib/python3.8/site-packages/airflow/example_dags/example_params_ui_tutorial.py took 0.063 seconds
[2024-04-09T16:53:07.750+0000] {processor.py:161} INFO - Started process (PID=2158) to work on /home/airflow/.local/lib/python3.8/site-packages/airflow/example_dags/example_params_ui_tutorial.py
[2024-04-09T16:53:07.753+0000] {processor.py:830} INFO - Processing file /home/airflow/.local/lib/python3.8/site-packages/airflow/example_dags/example_params_ui_tutorial.py for tasks to queue
[2024-04-09T16:53:07.757+0000] {logging_mixin.py:188} INFO - [2024-04-09T16:53:07.757+0000] {dagbag.py:540} INFO - Filling up the DagBag from /home/airflow/.local/lib/python3.8/site-packages/airflow/example_dags/example_params_ui_tutorial.py
[2024-04-09T16:53:07.783+0000] {processor.py:840} INFO - DAG(s) 'example_params_ui_tutorial' retrieved from /home/airflow/.local/lib/python3.8/site-packages/airflow/example_dags/example_params_ui_tutorial.py
[2024-04-09T16:53:07.845+0000] {logging_mixin.py:188} INFO - [2024-04-09T16:53:07.845+0000] {dag.py:3047} INFO - Sync 1 DAGs
[2024-04-09T16:53:07.854+0000] {logging_mixin.py:188} INFO - [2024-04-09T16:53:07.854+0000] {dag.py:3834} INFO - Setting next_dagrun for example_params_ui_tutorial to None, run_after=None
[2024-04-09T16:53:07.870+0000] {processor.py:183} INFO - Processing /home/airflow/.local/lib/python3.8/site-packages/airflow/example_dags/example_params_ui_tutorial.py took 0.128 seconds
[2024-04-09T16:53:38.020+0000] {processor.py:161} INFO - Started process (PID=2237) to work on /home/airflow/.local/lib/python3.8/site-packages/airflow/example_dags/example_params_ui_tutorial.py
[2024-04-09T16:53:38.027+0000] {processor.py:830} INFO - Processing file /home/airflow/.local/lib/python3.8/site-packages/airflow/example_dags/example_params_ui_tutorial.py for tasks to queue
[2024-04-09T16:53:38.040+0000] {logging_mixin.py:188} INFO - [2024-04-09T16:53:38.039+0000] {dagbag.py:540} INFO - Filling up the DagBag from /home/airflow/.local/lib/python3.8/site-packages/airflow/example_dags/example_params_ui_tutorial.py
[2024-04-09T16:53:38.140+0000] {processor.py:840} INFO - DAG(s) 'example_params_ui_tutorial' retrieved from /home/airflow/.local/lib/python3.8/site-packages/airflow/example_dags/example_params_ui_tutorial.py
[2024-04-09T16:53:38.334+0000] {logging_mixin.py:188} INFO - [2024-04-09T16:53:38.330+0000] {dag.py:3047} INFO - Sync 1 DAGs
[2024-04-09T16:53:38.388+0000] {logging_mixin.py:188} INFO - [2024-04-09T16:53:38.388+0000] {dag.py:3834} INFO - Setting next_dagrun for example_params_ui_tutorial to None, run_after=None
[2024-04-09T16:53:38.456+0000] {processor.py:183} INFO - Processing /home/airflow/.local/lib/python3.8/site-packages/airflow/example_dags/example_params_ui_tutorial.py took 0.441 seconds
[2024-04-09T16:54:10.024+0000] {processor.py:161} INFO - Started process (PID=2311) to work on /home/airflow/.local/lib/python3.8/site-packages/airflow/example_dags/example_params_ui_tutorial.py
[2024-04-09T16:54:10.029+0000] {processor.py:830} INFO - Processing file /home/airflow/.local/lib/python3.8/site-packages/airflow/example_dags/example_params_ui_tutorial.py for tasks to queue
[2024-04-09T16:54:10.045+0000] {logging_mixin.py:188} INFO - [2024-04-09T16:54:10.044+0000] {dagbag.py:540} INFO - Filling up the DagBag from /home/airflow/.local/lib/python3.8/site-packages/airflow/example_dags/example_params_ui_tutorial.py
[2024-04-09T16:54:10.126+0000] {processor.py:840} INFO - DAG(s) 'example_params_ui_tutorial' retrieved from /home/airflow/.local/lib/python3.8/site-packages/airflow/example_dags/example_params_ui_tutorial.py
[2024-04-09T16:54:10.294+0000] {logging_mixin.py:188} INFO - [2024-04-09T16:54:10.294+0000] {dag.py:3047} INFO - Sync 1 DAGs
[2024-04-09T16:54:10.350+0000] {logging_mixin.py:188} INFO - [2024-04-09T16:54:10.349+0000] {dag.py:3834} INFO - Setting next_dagrun for example_params_ui_tutorial to None, run_after=None
[2024-04-09T16:54:10.456+0000] {processor.py:183} INFO - Processing /home/airflow/.local/lib/python3.8/site-packages/airflow/example_dags/example_params_ui_tutorial.py took 0.446 seconds
