[2024-04-09T16:35:18.836+0000] {processor.py:161} INFO - Started process (PID=76) to work on /home/airflow/.local/lib/python3.8/site-packages/airflow/example_dags/example_datasets.py
[2024-04-09T16:35:18.839+0000] {processor.py:830} INFO - Processing file /home/airflow/.local/lib/python3.8/site-packages/airflow/example_dags/example_datasets.py for tasks to queue
[2024-04-09T16:35:18.846+0000] {logging_mixin.py:188} INFO - [2024-04-09T16:35:18.845+0000] {dagbag.py:540} INFO - Filling up the DagBag from /home/airflow/.local/lib/python3.8/site-packages/airflow/example_dags/example_datasets.py
[2024-04-09T16:35:18.889+0000] {processor.py:840} INFO - DAG(s) 'dataset_produces_1', 'dataset_produces_2', 'dataset_consumes_unknown_never_scheduled', 'dataset_consumes_1_and_2', 'dataset_consumes_1_never_scheduled', 'dataset_consumes_1' retrieved from /home/airflow/.local/lib/python3.8/site-packages/airflow/example_dags/example_datasets.py
[2024-04-09T16:35:18.965+0000] {logging_mixin.py:188} INFO - [2024-04-09T16:35:18.964+0000] {dag.py:3047} INFO - Sync 6 DAGs
[2024-04-09T16:35:19.010+0000] {logging_mixin.py:188} INFO - [2024-04-09T16:35:19.010+0000] {dag.py:3834} INFO - Setting next_dagrun for dataset_consumes_1 to None, run_after=None
[2024-04-09T16:35:19.022+0000] {logging_mixin.py:188} INFO - [2024-04-09T16:35:19.021+0000] {dag.py:3834} INFO - Setting next_dagrun for dataset_consumes_1_and_2 to None, run_after=None
[2024-04-09T16:35:19.024+0000] {logging_mixin.py:188} INFO - [2024-04-09T16:35:19.024+0000] {dag.py:3834} INFO - Setting next_dagrun for dataset_consumes_1_never_scheduled to None, run_after=None
[2024-04-09T16:35:19.026+0000] {logging_mixin.py:188} INFO - [2024-04-09T16:35:19.026+0000] {dag.py:3834} INFO - Setting next_dagrun for dataset_consumes_unknown_never_scheduled to None, run_after=None
[2024-04-09T16:35:19.046+0000] {logging_mixin.py:188} INFO - [2024-04-09T16:35:19.046+0000] {dag.py:3834} INFO - Setting next_dagrun for dataset_produces_1 to 2024-04-08 00:00:00+00:00, run_after=2024-04-09 00:00:00+00:00
[2024-04-09T16:35:19.054+0000] {logging_mixin.py:188} INFO - [2024-04-09T16:35:19.054+0000] {dag.py:3834} INFO - Setting next_dagrun for dataset_produces_2 to None, run_after=None
[2024-04-09T16:35:19.090+0000] {processor.py:183} INFO - Processing /home/airflow/.local/lib/python3.8/site-packages/airflow/example_dags/example_datasets.py took 0.272 seconds
[2024-04-09T16:35:49.327+0000] {processor.py:161} INFO - Started process (PID=133) to work on /home/airflow/.local/lib/python3.8/site-packages/airflow/example_dags/example_datasets.py
[2024-04-09T16:35:49.327+0000] {processor.py:830} INFO - Processing file /home/airflow/.local/lib/python3.8/site-packages/airflow/example_dags/example_datasets.py for tasks to queue
[2024-04-09T16:35:49.328+0000] {logging_mixin.py:188} INFO - [2024-04-09T16:35:49.328+0000] {dagbag.py:540} INFO - Filling up the DagBag from /home/airflow/.local/lib/python3.8/site-packages/airflow/example_dags/example_datasets.py
[2024-04-09T16:35:49.333+0000] {processor.py:840} INFO - DAG(s) 'dataset_consumes_1', 'dataset_consumes_1_and_2', 'dataset_produces_2', 'dataset_consumes_1_never_scheduled', 'dataset_consumes_unknown_never_scheduled', 'dataset_produces_1' retrieved from /home/airflow/.local/lib/python3.8/site-packages/airflow/example_dags/example_datasets.py
[2024-04-09T16:35:49.402+0000] {logging_mixin.py:188} INFO - [2024-04-09T16:35:49.402+0000] {dag.py:3047} INFO - Sync 6 DAGs
[2024-04-09T16:35:49.415+0000] {logging_mixin.py:188} INFO - [2024-04-09T16:35:49.415+0000] {dag.py:3834} INFO - Setting next_dagrun for dataset_consumes_1 to None, run_after=None
[2024-04-09T16:35:49.416+0000] {logging_mixin.py:188} INFO - [2024-04-09T16:35:49.416+0000] {dag.py:3834} INFO - Setting next_dagrun for dataset_consumes_1_and_2 to None, run_after=None
[2024-04-09T16:35:49.417+0000] {logging_mixin.py:188} INFO - [2024-04-09T16:35:49.417+0000] {dag.py:3834} INFO - Setting next_dagrun for dataset_consumes_1_never_scheduled to None, run_after=None
[2024-04-09T16:35:49.418+0000] {logging_mixin.py:188} INFO - [2024-04-09T16:35:49.418+0000] {dag.py:3834} INFO - Setting next_dagrun for dataset_consumes_unknown_never_scheduled to None, run_after=None
[2024-04-09T16:35:49.419+0000] {logging_mixin.py:188} INFO - [2024-04-09T16:35:49.419+0000] {dag.py:3834} INFO - Setting next_dagrun for dataset_produces_1 to 2024-04-08 00:00:00+00:00, run_after=2024-04-09 00:00:00+00:00
[2024-04-09T16:35:49.420+0000] {logging_mixin.py:188} INFO - [2024-04-09T16:35:49.420+0000] {dag.py:3834} INFO - Setting next_dagrun for dataset_produces_2 to None, run_after=None
[2024-04-09T16:35:49.433+0000] {processor.py:183} INFO - Processing /home/airflow/.local/lib/python3.8/site-packages/airflow/example_dags/example_datasets.py took 0.108 seconds
[2024-04-09T16:36:19.497+0000] {processor.py:161} INFO - Started process (PID=190) to work on /home/airflow/.local/lib/python3.8/site-packages/airflow/example_dags/example_datasets.py
[2024-04-09T16:36:19.497+0000] {processor.py:830} INFO - Processing file /home/airflow/.local/lib/python3.8/site-packages/airflow/example_dags/example_datasets.py for tasks to queue
[2024-04-09T16:36:19.498+0000] {logging_mixin.py:188} INFO - [2024-04-09T16:36:19.498+0000] {dagbag.py:540} INFO - Filling up the DagBag from /home/airflow/.local/lib/python3.8/site-packages/airflow/example_dags/example_datasets.py
[2024-04-09T16:36:19.502+0000] {processor.py:840} INFO - DAG(s) 'dataset_consumes_unknown_never_scheduled', 'dataset_consumes_1_never_scheduled', 'dataset_produces_1', 'dataset_consumes_1_and_2', 'dataset_produces_2', 'dataset_consumes_1' retrieved from /home/airflow/.local/lib/python3.8/site-packages/airflow/example_dags/example_datasets.py
[2024-04-09T16:36:19.517+0000] {logging_mixin.py:188} INFO - [2024-04-09T16:36:19.516+0000] {dag.py:3047} INFO - Sync 6 DAGs
[2024-04-09T16:36:19.526+0000] {logging_mixin.py:188} INFO - [2024-04-09T16:36:19.526+0000] {dag.py:3834} INFO - Setting next_dagrun for dataset_consumes_1 to None, run_after=None
[2024-04-09T16:36:19.527+0000] {logging_mixin.py:188} INFO - [2024-04-09T16:36:19.527+0000] {dag.py:3834} INFO - Setting next_dagrun for dataset_consumes_1_and_2 to None, run_after=None
[2024-04-09T16:36:19.528+0000] {logging_mixin.py:188} INFO - [2024-04-09T16:36:19.528+0000] {dag.py:3834} INFO - Setting next_dagrun for dataset_consumes_1_never_scheduled to None, run_after=None
[2024-04-09T16:36:19.529+0000] {logging_mixin.py:188} INFO - [2024-04-09T16:36:19.528+0000] {dag.py:3834} INFO - Setting next_dagrun for dataset_consumes_unknown_never_scheduled to None, run_after=None
[2024-04-09T16:36:19.530+0000] {logging_mixin.py:188} INFO - [2024-04-09T16:36:19.530+0000] {dag.py:3834} INFO - Setting next_dagrun for dataset_produces_1 to 2024-04-08 00:00:00+00:00, run_after=2024-04-09 00:00:00+00:00
[2024-04-09T16:36:19.531+0000] {logging_mixin.py:188} INFO - [2024-04-09T16:36:19.531+0000] {dag.py:3834} INFO - Setting next_dagrun for dataset_produces_2 to None, run_after=None
[2024-04-09T16:36:19.542+0000] {processor.py:183} INFO - Processing /home/airflow/.local/lib/python3.8/site-packages/airflow/example_dags/example_datasets.py took 0.047 seconds
[2024-04-09T16:36:50.333+0000] {processor.py:161} INFO - Started process (PID=247) to work on /home/airflow/.local/lib/python3.8/site-packages/airflow/example_dags/example_datasets.py
[2024-04-09T16:36:50.333+0000] {processor.py:830} INFO - Processing file /home/airflow/.local/lib/python3.8/site-packages/airflow/example_dags/example_datasets.py for tasks to queue
[2024-04-09T16:36:50.334+0000] {logging_mixin.py:188} INFO - [2024-04-09T16:36:50.334+0000] {dagbag.py:540} INFO - Filling up the DagBag from /home/airflow/.local/lib/python3.8/site-packages/airflow/example_dags/example_datasets.py
[2024-04-09T16:36:50.339+0000] {processor.py:840} INFO - DAG(s) 'dataset_consumes_1', 'dataset_produces_1', 'dataset_consumes_unknown_never_scheduled', 'dataset_produces_2', 'dataset_consumes_1_never_scheduled', 'dataset_consumes_1_and_2' retrieved from /home/airflow/.local/lib/python3.8/site-packages/airflow/example_dags/example_datasets.py
[2024-04-09T16:36:50.355+0000] {logging_mixin.py:188} INFO - [2024-04-09T16:36:50.355+0000] {dag.py:3047} INFO - Sync 6 DAGs
[2024-04-09T16:36:50.366+0000] {logging_mixin.py:188} INFO - [2024-04-09T16:36:50.366+0000] {dag.py:3834} INFO - Setting next_dagrun for dataset_consumes_1 to None, run_after=None
[2024-04-09T16:36:50.368+0000] {logging_mixin.py:188} INFO - [2024-04-09T16:36:50.367+0000] {dag.py:3834} INFO - Setting next_dagrun for dataset_consumes_1_and_2 to None, run_after=None
[2024-04-09T16:36:50.368+0000] {logging_mixin.py:188} INFO - [2024-04-09T16:36:50.368+0000] {dag.py:3834} INFO - Setting next_dagrun for dataset_consumes_1_never_scheduled to None, run_after=None
[2024-04-09T16:36:50.369+0000] {logging_mixin.py:188} INFO - [2024-04-09T16:36:50.369+0000] {dag.py:3834} INFO - Setting next_dagrun for dataset_consumes_unknown_never_scheduled to None, run_after=None
[2024-04-09T16:36:50.370+0000] {logging_mixin.py:188} INFO - [2024-04-09T16:36:50.370+0000] {dag.py:3834} INFO - Setting next_dagrun for dataset_produces_1 to 2024-04-08 00:00:00+00:00, run_after=2024-04-09 00:00:00+00:00
[2024-04-09T16:36:50.371+0000] {logging_mixin.py:188} INFO - [2024-04-09T16:36:50.370+0000] {dag.py:3834} INFO - Setting next_dagrun for dataset_produces_2 to None, run_after=None
[2024-04-09T16:36:50.386+0000] {processor.py:183} INFO - Processing /home/airflow/.local/lib/python3.8/site-packages/airflow/example_dags/example_datasets.py took 0.055 seconds
[2024-04-09T16:37:21.333+0000] {processor.py:161} INFO - Started process (PID=304) to work on /home/airflow/.local/lib/python3.8/site-packages/airflow/example_dags/example_datasets.py
[2024-04-09T16:37:21.334+0000] {processor.py:830} INFO - Processing file /home/airflow/.local/lib/python3.8/site-packages/airflow/example_dags/example_datasets.py for tasks to queue
[2024-04-09T16:37:21.335+0000] {logging_mixin.py:188} INFO - [2024-04-09T16:37:21.335+0000] {dagbag.py:540} INFO - Filling up the DagBag from /home/airflow/.local/lib/python3.8/site-packages/airflow/example_dags/example_datasets.py
[2024-04-09T16:37:21.339+0000] {processor.py:840} INFO - DAG(s) 'dataset_consumes_1', 'dataset_consumes_1_and_2', 'dataset_consumes_1_never_scheduled', 'dataset_produces_1', 'dataset_consumes_unknown_never_scheduled', 'dataset_produces_2' retrieved from /home/airflow/.local/lib/python3.8/site-packages/airflow/example_dags/example_datasets.py
[2024-04-09T16:37:21.353+0000] {logging_mixin.py:188} INFO - [2024-04-09T16:37:21.353+0000] {dag.py:3047} INFO - Sync 6 DAGs
[2024-04-09T16:37:21.363+0000] {logging_mixin.py:188} INFO - [2024-04-09T16:37:21.363+0000] {dag.py:3834} INFO - Setting next_dagrun for dataset_consumes_1 to None, run_after=None
[2024-04-09T16:37:21.365+0000] {logging_mixin.py:188} INFO - [2024-04-09T16:37:21.365+0000] {dag.py:3834} INFO - Setting next_dagrun for dataset_consumes_1_and_2 to None, run_after=None
[2024-04-09T16:37:21.366+0000] {logging_mixin.py:188} INFO - [2024-04-09T16:37:21.366+0000] {dag.py:3834} INFO - Setting next_dagrun for dataset_consumes_1_never_scheduled to None, run_after=None
[2024-04-09T16:37:21.366+0000] {logging_mixin.py:188} INFO - [2024-04-09T16:37:21.366+0000] {dag.py:3834} INFO - Setting next_dagrun for dataset_consumes_unknown_never_scheduled to None, run_after=None
[2024-04-09T16:37:21.368+0000] {logging_mixin.py:188} INFO - [2024-04-09T16:37:21.367+0000] {dag.py:3834} INFO - Setting next_dagrun for dataset_produces_1 to 2024-04-08 00:00:00+00:00, run_after=2024-04-09 00:00:00+00:00
[2024-04-09T16:37:21.368+0000] {logging_mixin.py:188} INFO - [2024-04-09T16:37:21.368+0000] {dag.py:3834} INFO - Setting next_dagrun for dataset_produces_2 to None, run_after=None
[2024-04-09T16:37:21.380+0000] {processor.py:183} INFO - Processing /home/airflow/.local/lib/python3.8/site-packages/airflow/example_dags/example_datasets.py took 0.049 seconds
[2024-04-09T16:37:52.155+0000] {processor.py:161} INFO - Started process (PID=361) to work on /home/airflow/.local/lib/python3.8/site-packages/airflow/example_dags/example_datasets.py
[2024-04-09T16:37:52.156+0000] {processor.py:830} INFO - Processing file /home/airflow/.local/lib/python3.8/site-packages/airflow/example_dags/example_datasets.py for tasks to queue
[2024-04-09T16:37:52.156+0000] {logging_mixin.py:188} INFO - [2024-04-09T16:37:52.156+0000] {dagbag.py:540} INFO - Filling up the DagBag from /home/airflow/.local/lib/python3.8/site-packages/airflow/example_dags/example_datasets.py
[2024-04-09T16:37:52.161+0000] {processor.py:840} INFO - DAG(s) 'dataset_produces_1', 'dataset_consumes_1', 'dataset_consumes_1_never_scheduled', 'dataset_produces_2', 'dataset_consumes_1_and_2', 'dataset_consumes_unknown_never_scheduled' retrieved from /home/airflow/.local/lib/python3.8/site-packages/airflow/example_dags/example_datasets.py
[2024-04-09T16:37:52.177+0000] {logging_mixin.py:188} INFO - [2024-04-09T16:37:52.177+0000] {dag.py:3047} INFO - Sync 6 DAGs
[2024-04-09T16:37:52.189+0000] {logging_mixin.py:188} INFO - [2024-04-09T16:37:52.188+0000] {dag.py:3834} INFO - Setting next_dagrun for dataset_consumes_1 to None, run_after=None
[2024-04-09T16:37:52.190+0000] {logging_mixin.py:188} INFO - [2024-04-09T16:37:52.190+0000] {dag.py:3834} INFO - Setting next_dagrun for dataset_consumes_1_and_2 to None, run_after=None
[2024-04-09T16:37:52.191+0000] {logging_mixin.py:188} INFO - [2024-04-09T16:37:52.191+0000] {dag.py:3834} INFO - Setting next_dagrun for dataset_consumes_1_never_scheduled to None, run_after=None
[2024-04-09T16:37:52.191+0000] {logging_mixin.py:188} INFO - [2024-04-09T16:37:52.191+0000] {dag.py:3834} INFO - Setting next_dagrun for dataset_consumes_unknown_never_scheduled to None, run_after=None
[2024-04-09T16:37:52.192+0000] {logging_mixin.py:188} INFO - [2024-04-09T16:37:52.192+0000] {dag.py:3834} INFO - Setting next_dagrun for dataset_produces_1 to 2024-04-08 00:00:00+00:00, run_after=2024-04-09 00:00:00+00:00
[2024-04-09T16:37:52.194+0000] {logging_mixin.py:188} INFO - [2024-04-09T16:37:52.194+0000] {dag.py:3834} INFO - Setting next_dagrun for dataset_produces_2 to None, run_after=None
[2024-04-09T16:37:52.205+0000] {processor.py:183} INFO - Processing /home/airflow/.local/lib/python3.8/site-packages/airflow/example_dags/example_datasets.py took 0.052 seconds
[2024-04-09T16:38:22.984+0000] {processor.py:161} INFO - Started process (PID=418) to work on /home/airflow/.local/lib/python3.8/site-packages/airflow/example_dags/example_datasets.py
[2024-04-09T16:38:22.984+0000] {processor.py:830} INFO - Processing file /home/airflow/.local/lib/python3.8/site-packages/airflow/example_dags/example_datasets.py for tasks to queue
[2024-04-09T16:38:22.985+0000] {logging_mixin.py:188} INFO - [2024-04-09T16:38:22.985+0000] {dagbag.py:540} INFO - Filling up the DagBag from /home/airflow/.local/lib/python3.8/site-packages/airflow/example_dags/example_datasets.py
[2024-04-09T16:38:22.990+0000] {processor.py:840} INFO - DAG(s) 'dataset_consumes_1_never_scheduled', 'dataset_consumes_1', 'dataset_produces_1', 'dataset_consumes_1_and_2', 'dataset_consumes_unknown_never_scheduled', 'dataset_produces_2' retrieved from /home/airflow/.local/lib/python3.8/site-packages/airflow/example_dags/example_datasets.py
[2024-04-09T16:38:23.004+0000] {logging_mixin.py:188} INFO - [2024-04-09T16:38:23.004+0000] {dag.py:3047} INFO - Sync 6 DAGs
[2024-04-09T16:38:23.013+0000] {logging_mixin.py:188} INFO - [2024-04-09T16:38:23.013+0000] {dag.py:3834} INFO - Setting next_dagrun for dataset_consumes_1 to None, run_after=None
[2024-04-09T16:38:23.015+0000] {logging_mixin.py:188} INFO - [2024-04-09T16:38:23.015+0000] {dag.py:3834} INFO - Setting next_dagrun for dataset_consumes_1_and_2 to None, run_after=None
[2024-04-09T16:38:23.016+0000] {logging_mixin.py:188} INFO - [2024-04-09T16:38:23.016+0000] {dag.py:3834} INFO - Setting next_dagrun for dataset_consumes_1_never_scheduled to None, run_after=None
[2024-04-09T16:38:23.019+0000] {logging_mixin.py:188} INFO - [2024-04-09T16:38:23.019+0000] {dag.py:3834} INFO - Setting next_dagrun for dataset_consumes_unknown_never_scheduled to None, run_after=None
[2024-04-09T16:38:23.020+0000] {logging_mixin.py:188} INFO - [2024-04-09T16:38:23.020+0000] {dag.py:3834} INFO - Setting next_dagrun for dataset_produces_1 to 2024-04-08 00:00:00+00:00, run_after=2024-04-09 00:00:00+00:00
[2024-04-09T16:38:23.022+0000] {logging_mixin.py:188} INFO - [2024-04-09T16:38:23.022+0000] {dag.py:3834} INFO - Setting next_dagrun for dataset_produces_2 to None, run_after=None
[2024-04-09T16:38:23.034+0000] {processor.py:183} INFO - Processing /home/airflow/.local/lib/python3.8/site-packages/airflow/example_dags/example_datasets.py took 0.051 seconds
[2024-04-09T16:38:53.715+0000] {processor.py:161} INFO - Started process (PID=475) to work on /home/airflow/.local/lib/python3.8/site-packages/airflow/example_dags/example_datasets.py
[2024-04-09T16:38:53.716+0000] {processor.py:830} INFO - Processing file /home/airflow/.local/lib/python3.8/site-packages/airflow/example_dags/example_datasets.py for tasks to queue
[2024-04-09T16:38:53.717+0000] {logging_mixin.py:188} INFO - [2024-04-09T16:38:53.717+0000] {dagbag.py:540} INFO - Filling up the DagBag from /home/airflow/.local/lib/python3.8/site-packages/airflow/example_dags/example_datasets.py
[2024-04-09T16:38:53.721+0000] {processor.py:840} INFO - DAG(s) 'dataset_consumes_1_and_2', 'dataset_consumes_1_never_scheduled', 'dataset_produces_1', 'dataset_consumes_unknown_never_scheduled', 'dataset_produces_2', 'dataset_consumes_1' retrieved from /home/airflow/.local/lib/python3.8/site-packages/airflow/example_dags/example_datasets.py
[2024-04-09T16:38:53.735+0000] {logging_mixin.py:188} INFO - [2024-04-09T16:38:53.735+0000] {dag.py:3047} INFO - Sync 6 DAGs
[2024-04-09T16:38:53.744+0000] {logging_mixin.py:188} INFO - [2024-04-09T16:38:53.744+0000] {dag.py:3834} INFO - Setting next_dagrun for dataset_consumes_1 to None, run_after=None
[2024-04-09T16:38:53.746+0000] {logging_mixin.py:188} INFO - [2024-04-09T16:38:53.746+0000] {dag.py:3834} INFO - Setting next_dagrun for dataset_consumes_1_and_2 to None, run_after=None
[2024-04-09T16:38:53.746+0000] {logging_mixin.py:188} INFO - [2024-04-09T16:38:53.746+0000] {dag.py:3834} INFO - Setting next_dagrun for dataset_consumes_1_never_scheduled to None, run_after=None
[2024-04-09T16:38:53.747+0000] {logging_mixin.py:188} INFO - [2024-04-09T16:38:53.747+0000] {dag.py:3834} INFO - Setting next_dagrun for dataset_consumes_unknown_never_scheduled to None, run_after=None
[2024-04-09T16:38:53.748+0000] {logging_mixin.py:188} INFO - [2024-04-09T16:38:53.748+0000] {dag.py:3834} INFO - Setting next_dagrun for dataset_produces_1 to 2024-04-08 00:00:00+00:00, run_after=2024-04-09 00:00:00+00:00
[2024-04-09T16:38:53.749+0000] {logging_mixin.py:188} INFO - [2024-04-09T16:38:53.749+0000] {dag.py:3834} INFO - Setting next_dagrun for dataset_produces_2 to None, run_after=None
[2024-04-09T16:38:53.760+0000] {processor.py:183} INFO - Processing /home/airflow/.local/lib/python3.8/site-packages/airflow/example_dags/example_datasets.py took 0.046 seconds
[2024-04-09T16:39:24.495+0000] {processor.py:161} INFO - Started process (PID=532) to work on /home/airflow/.local/lib/python3.8/site-packages/airflow/example_dags/example_datasets.py
[2024-04-09T16:39:24.496+0000] {processor.py:830} INFO - Processing file /home/airflow/.local/lib/python3.8/site-packages/airflow/example_dags/example_datasets.py for tasks to queue
[2024-04-09T16:39:24.497+0000] {logging_mixin.py:188} INFO - [2024-04-09T16:39:24.497+0000] {dagbag.py:540} INFO - Filling up the DagBag from /home/airflow/.local/lib/python3.8/site-packages/airflow/example_dags/example_datasets.py
[2024-04-09T16:39:24.508+0000] {processor.py:840} INFO - DAG(s) 'dataset_consumes_1_and_2', 'dataset_consumes_unknown_never_scheduled', 'dataset_produces_2', 'dataset_consumes_1', 'dataset_produces_1', 'dataset_consumes_1_never_scheduled' retrieved from /home/airflow/.local/lib/python3.8/site-packages/airflow/example_dags/example_datasets.py
[2024-04-09T16:39:24.529+0000] {logging_mixin.py:188} INFO - [2024-04-09T16:39:24.528+0000] {dag.py:3047} INFO - Sync 6 DAGs
[2024-04-09T16:39:24.541+0000] {logging_mixin.py:188} INFO - [2024-04-09T16:39:24.541+0000] {dag.py:3834} INFO - Setting next_dagrun for dataset_consumes_1 to None, run_after=None
[2024-04-09T16:39:24.544+0000] {logging_mixin.py:188} INFO - [2024-04-09T16:39:24.544+0000] {dag.py:3834} INFO - Setting next_dagrun for dataset_consumes_1_and_2 to None, run_after=None
[2024-04-09T16:39:24.546+0000] {logging_mixin.py:188} INFO - [2024-04-09T16:39:24.545+0000] {dag.py:3834} INFO - Setting next_dagrun for dataset_consumes_1_never_scheduled to None, run_after=None
[2024-04-09T16:39:24.546+0000] {logging_mixin.py:188} INFO - [2024-04-09T16:39:24.546+0000] {dag.py:3834} INFO - Setting next_dagrun for dataset_consumes_unknown_never_scheduled to None, run_after=None
[2024-04-09T16:39:24.547+0000] {logging_mixin.py:188} INFO - [2024-04-09T16:39:24.547+0000] {dag.py:3834} INFO - Setting next_dagrun for dataset_produces_1 to 2024-04-08 00:00:00+00:00, run_after=2024-04-09 00:00:00+00:00
[2024-04-09T16:39:24.548+0000] {logging_mixin.py:188} INFO - [2024-04-09T16:39:24.548+0000] {dag.py:3834} INFO - Setting next_dagrun for dataset_produces_2 to None, run_after=None
[2024-04-09T16:39:24.564+0000] {processor.py:183} INFO - Processing /home/airflow/.local/lib/python3.8/site-packages/airflow/example_dags/example_datasets.py took 0.071 seconds
[2024-04-09T16:39:54.850+0000] {processor.py:161} INFO - Started process (PID=589) to work on /home/airflow/.local/lib/python3.8/site-packages/airflow/example_dags/example_datasets.py
[2024-04-09T16:39:54.851+0000] {processor.py:830} INFO - Processing file /home/airflow/.local/lib/python3.8/site-packages/airflow/example_dags/example_datasets.py for tasks to queue
[2024-04-09T16:39:54.853+0000] {logging_mixin.py:188} INFO - [2024-04-09T16:39:54.853+0000] {dagbag.py:540} INFO - Filling up the DagBag from /home/airflow/.local/lib/python3.8/site-packages/airflow/example_dags/example_datasets.py
[2024-04-09T16:39:54.859+0000] {processor.py:840} INFO - DAG(s) 'dataset_consumes_unknown_never_scheduled', 'dataset_consumes_1_and_2', 'dataset_produces_2', 'dataset_consumes_1', 'dataset_consumes_1_never_scheduled', 'dataset_produces_1' retrieved from /home/airflow/.local/lib/python3.8/site-packages/airflow/example_dags/example_datasets.py
[2024-04-09T16:39:54.877+0000] {logging_mixin.py:188} INFO - [2024-04-09T16:39:54.877+0000] {dag.py:3047} INFO - Sync 6 DAGs
[2024-04-09T16:39:54.887+0000] {logging_mixin.py:188} INFO - [2024-04-09T16:39:54.887+0000] {dag.py:3834} INFO - Setting next_dagrun for dataset_consumes_1 to None, run_after=None
[2024-04-09T16:39:54.891+0000] {logging_mixin.py:188} INFO - [2024-04-09T16:39:54.891+0000] {dag.py:3834} INFO - Setting next_dagrun for dataset_consumes_1_and_2 to None, run_after=None
[2024-04-09T16:39:54.894+0000] {logging_mixin.py:188} INFO - [2024-04-09T16:39:54.893+0000] {dag.py:3834} INFO - Setting next_dagrun for dataset_consumes_1_never_scheduled to None, run_after=None
[2024-04-09T16:39:54.894+0000] {logging_mixin.py:188} INFO - [2024-04-09T16:39:54.894+0000] {dag.py:3834} INFO - Setting next_dagrun for dataset_consumes_unknown_never_scheduled to None, run_after=None
[2024-04-09T16:39:54.896+0000] {logging_mixin.py:188} INFO - [2024-04-09T16:39:54.896+0000] {dag.py:3834} INFO - Setting next_dagrun for dataset_produces_1 to 2024-04-08 00:00:00+00:00, run_after=2024-04-09 00:00:00+00:00
[2024-04-09T16:39:54.897+0000] {logging_mixin.py:188} INFO - [2024-04-09T16:39:54.897+0000] {dag.py:3834} INFO - Setting next_dagrun for dataset_produces_2 to None, run_after=None
[2024-04-09T16:39:54.911+0000] {processor.py:183} INFO - Processing /home/airflow/.local/lib/python3.8/site-packages/airflow/example_dags/example_datasets.py took 0.063 seconds
[2024-04-09T16:40:24.999+0000] {processor.py:161} INFO - Started process (PID=646) to work on /home/airflow/.local/lib/python3.8/site-packages/airflow/example_dags/example_datasets.py
[2024-04-09T16:40:24.999+0000] {processor.py:830} INFO - Processing file /home/airflow/.local/lib/python3.8/site-packages/airflow/example_dags/example_datasets.py for tasks to queue
[2024-04-09T16:40:25.001+0000] {logging_mixin.py:188} INFO - [2024-04-09T16:40:25.001+0000] {dagbag.py:540} INFO - Filling up the DagBag from /home/airflow/.local/lib/python3.8/site-packages/airflow/example_dags/example_datasets.py
[2024-04-09T16:40:25.008+0000] {processor.py:840} INFO - DAG(s) 'dataset_consumes_1_and_2', 'dataset_consumes_unknown_never_scheduled', 'dataset_produces_2', 'dataset_consumes_1_never_scheduled', 'dataset_produces_1', 'dataset_consumes_1' retrieved from /home/airflow/.local/lib/python3.8/site-packages/airflow/example_dags/example_datasets.py
[2024-04-09T16:40:25.028+0000] {logging_mixin.py:188} INFO - [2024-04-09T16:40:25.028+0000] {dag.py:3047} INFO - Sync 6 DAGs
[2024-04-09T16:40:25.047+0000] {logging_mixin.py:188} INFO - [2024-04-09T16:40:25.046+0000] {dag.py:3834} INFO - Setting next_dagrun for dataset_consumes_1 to None, run_after=None
[2024-04-09T16:40:25.049+0000] {logging_mixin.py:188} INFO - [2024-04-09T16:40:25.049+0000] {dag.py:3834} INFO - Setting next_dagrun for dataset_consumes_1_and_2 to None, run_after=None
[2024-04-09T16:40:25.049+0000] {logging_mixin.py:188} INFO - [2024-04-09T16:40:25.049+0000] {dag.py:3834} INFO - Setting next_dagrun for dataset_consumes_1_never_scheduled to None, run_after=None
[2024-04-09T16:40:25.050+0000] {logging_mixin.py:188} INFO - [2024-04-09T16:40:25.050+0000] {dag.py:3834} INFO - Setting next_dagrun for dataset_consumes_unknown_never_scheduled to None, run_after=None
[2024-04-09T16:40:25.051+0000] {logging_mixin.py:188} INFO - [2024-04-09T16:40:25.051+0000] {dag.py:3834} INFO - Setting next_dagrun for dataset_produces_1 to 2024-04-08 00:00:00+00:00, run_after=2024-04-09 00:00:00+00:00
[2024-04-09T16:40:25.052+0000] {logging_mixin.py:188} INFO - [2024-04-09T16:40:25.052+0000] {dag.py:3834} INFO - Setting next_dagrun for dataset_produces_2 to None, run_after=None
[2024-04-09T16:40:25.065+0000] {processor.py:183} INFO - Processing /home/airflow/.local/lib/python3.8/site-packages/airflow/example_dags/example_datasets.py took 0.068 seconds
[2024-04-09T16:40:56.092+0000] {processor.py:161} INFO - Started process (PID=704) to work on /home/airflow/.local/lib/python3.8/site-packages/airflow/example_dags/example_datasets.py
[2024-04-09T16:40:56.092+0000] {processor.py:830} INFO - Processing file /home/airflow/.local/lib/python3.8/site-packages/airflow/example_dags/example_datasets.py for tasks to queue
[2024-04-09T16:40:56.093+0000] {logging_mixin.py:188} INFO - [2024-04-09T16:40:56.093+0000] {dagbag.py:540} INFO - Filling up the DagBag from /home/airflow/.local/lib/python3.8/site-packages/airflow/example_dags/example_datasets.py
[2024-04-09T16:40:56.098+0000] {processor.py:840} INFO - DAG(s) 'dataset_produces_1', 'dataset_consumes_unknown_never_scheduled', 'dataset_produces_2', 'dataset_consumes_1_and_2', 'dataset_consumes_1_never_scheduled', 'dataset_consumes_1' retrieved from /home/airflow/.local/lib/python3.8/site-packages/airflow/example_dags/example_datasets.py
[2024-04-09T16:40:56.113+0000] {logging_mixin.py:188} INFO - [2024-04-09T16:40:56.113+0000] {dag.py:3047} INFO - Sync 6 DAGs
[2024-04-09T16:40:56.125+0000] {logging_mixin.py:188} INFO - [2024-04-09T16:40:56.125+0000] {dag.py:3834} INFO - Setting next_dagrun for dataset_consumes_1 to None, run_after=None
[2024-04-09T16:40:56.127+0000] {logging_mixin.py:188} INFO - [2024-04-09T16:40:56.126+0000] {dag.py:3834} INFO - Setting next_dagrun for dataset_consumes_1_and_2 to None, run_after=None
[2024-04-09T16:40:56.127+0000] {logging_mixin.py:188} INFO - [2024-04-09T16:40:56.127+0000] {dag.py:3834} INFO - Setting next_dagrun for dataset_consumes_1_never_scheduled to None, run_after=None
[2024-04-09T16:40:56.128+0000] {logging_mixin.py:188} INFO - [2024-04-09T16:40:56.128+0000] {dag.py:3834} INFO - Setting next_dagrun for dataset_consumes_unknown_never_scheduled to None, run_after=None
[2024-04-09T16:40:56.129+0000] {logging_mixin.py:188} INFO - [2024-04-09T16:40:56.129+0000] {dag.py:3834} INFO - Setting next_dagrun for dataset_produces_1 to 2024-04-08 00:00:00+00:00, run_after=2024-04-09 00:00:00+00:00
[2024-04-09T16:40:56.130+0000] {logging_mixin.py:188} INFO - [2024-04-09T16:40:56.130+0000] {dag.py:3834} INFO - Setting next_dagrun for dataset_produces_2 to None, run_after=None
[2024-04-09T16:40:56.144+0000] {processor.py:183} INFO - Processing /home/airflow/.local/lib/python3.8/site-packages/airflow/example_dags/example_datasets.py took 0.055 seconds
[2024-04-09T16:41:26.213+0000] {processor.py:161} INFO - Started process (PID=759) to work on /home/airflow/.local/lib/python3.8/site-packages/airflow/example_dags/example_datasets.py
[2024-04-09T16:41:26.214+0000] {processor.py:830} INFO - Processing file /home/airflow/.local/lib/python3.8/site-packages/airflow/example_dags/example_datasets.py for tasks to queue
[2024-04-09T16:41:26.215+0000] {logging_mixin.py:188} INFO - [2024-04-09T16:41:26.215+0000] {dagbag.py:540} INFO - Filling up the DagBag from /home/airflow/.local/lib/python3.8/site-packages/airflow/example_dags/example_datasets.py
[2024-04-09T16:41:26.219+0000] {processor.py:840} INFO - DAG(s) 'dataset_produces_1', 'dataset_consumes_1', 'dataset_produces_2', 'dataset_consumes_1_and_2', 'dataset_consumes_unknown_never_scheduled', 'dataset_consumes_1_never_scheduled' retrieved from /home/airflow/.local/lib/python3.8/site-packages/airflow/example_dags/example_datasets.py
[2024-04-09T16:41:26.236+0000] {logging_mixin.py:188} INFO - [2024-04-09T16:41:26.236+0000] {dag.py:3047} INFO - Sync 6 DAGs
[2024-04-09T16:41:26.250+0000] {logging_mixin.py:188} INFO - [2024-04-09T16:41:26.250+0000] {dag.py:3834} INFO - Setting next_dagrun for dataset_consumes_1 to None, run_after=None
[2024-04-09T16:41:26.253+0000] {logging_mixin.py:188} INFO - [2024-04-09T16:41:26.253+0000] {dag.py:3834} INFO - Setting next_dagrun for dataset_consumes_1_and_2 to None, run_after=None
[2024-04-09T16:41:26.254+0000] {logging_mixin.py:188} INFO - [2024-04-09T16:41:26.254+0000] {dag.py:3834} INFO - Setting next_dagrun for dataset_consumes_1_never_scheduled to None, run_after=None
[2024-04-09T16:41:26.254+0000] {logging_mixin.py:188} INFO - [2024-04-09T16:41:26.254+0000] {dag.py:3834} INFO - Setting next_dagrun for dataset_consumes_unknown_never_scheduled to None, run_after=None
[2024-04-09T16:41:26.256+0000] {logging_mixin.py:188} INFO - [2024-04-09T16:41:26.256+0000] {dag.py:3834} INFO - Setting next_dagrun for dataset_produces_1 to 2024-04-08 00:00:00+00:00, run_after=2024-04-09 00:00:00+00:00
[2024-04-09T16:41:26.256+0000] {logging_mixin.py:188} INFO - [2024-04-09T16:41:26.256+0000] {dag.py:3834} INFO - Setting next_dagrun for dataset_produces_2 to None, run_after=None
[2024-04-09T16:41:26.271+0000] {processor.py:183} INFO - Processing /home/airflow/.local/lib/python3.8/site-packages/airflow/example_dags/example_datasets.py took 0.060 seconds
[2024-04-09T16:41:56.682+0000] {processor.py:161} INFO - Started process (PID=817) to work on /home/airflow/.local/lib/python3.8/site-packages/airflow/example_dags/example_datasets.py
[2024-04-09T16:41:56.685+0000] {processor.py:830} INFO - Processing file /home/airflow/.local/lib/python3.8/site-packages/airflow/example_dags/example_datasets.py for tasks to queue
[2024-04-09T16:41:56.685+0000] {logging_mixin.py:188} INFO - [2024-04-09T16:41:56.685+0000] {dagbag.py:540} INFO - Filling up the DagBag from /home/airflow/.local/lib/python3.8/site-packages/airflow/example_dags/example_datasets.py
[2024-04-09T16:41:56.690+0000] {processor.py:840} INFO - DAG(s) 'dataset_consumes_1', 'dataset_produces_2', 'dataset_consumes_unknown_never_scheduled', 'dataset_consumes_1_never_scheduled', 'dataset_produces_1', 'dataset_consumes_1_and_2' retrieved from /home/airflow/.local/lib/python3.8/site-packages/airflow/example_dags/example_datasets.py
[2024-04-09T16:41:56.704+0000] {logging_mixin.py:188} INFO - [2024-04-09T16:41:56.704+0000] {dag.py:3047} INFO - Sync 6 DAGs
[2024-04-09T16:41:56.713+0000] {logging_mixin.py:188} INFO - [2024-04-09T16:41:56.713+0000] {dag.py:3834} INFO - Setting next_dagrun for dataset_consumes_1 to None, run_after=None
[2024-04-09T16:41:56.715+0000] {logging_mixin.py:188} INFO - [2024-04-09T16:41:56.715+0000] {dag.py:3834} INFO - Setting next_dagrun for dataset_consumes_1_and_2 to None, run_after=None
[2024-04-09T16:41:56.716+0000] {logging_mixin.py:188} INFO - [2024-04-09T16:41:56.716+0000] {dag.py:3834} INFO - Setting next_dagrun for dataset_consumes_1_never_scheduled to None, run_after=None
[2024-04-09T16:41:56.716+0000] {logging_mixin.py:188} INFO - [2024-04-09T16:41:56.716+0000] {dag.py:3834} INFO - Setting next_dagrun for dataset_consumes_unknown_never_scheduled to None, run_after=None
[2024-04-09T16:41:56.717+0000] {logging_mixin.py:188} INFO - [2024-04-09T16:41:56.717+0000] {dag.py:3834} INFO - Setting next_dagrun for dataset_produces_1 to 2024-04-08 00:00:00+00:00, run_after=2024-04-09 00:00:00+00:00
[2024-04-09T16:41:56.719+0000] {logging_mixin.py:188} INFO - [2024-04-09T16:41:56.719+0000] {dag.py:3834} INFO - Setting next_dagrun for dataset_produces_2 to None, run_after=None
[2024-04-09T16:41:56.731+0000] {processor.py:183} INFO - Processing /home/airflow/.local/lib/python3.8/site-packages/airflow/example_dags/example_datasets.py took 0.051 seconds
[2024-04-09T16:42:27.447+0000] {processor.py:161} INFO - Started process (PID=877) to work on /home/airflow/.local/lib/python3.8/site-packages/airflow/example_dags/example_datasets.py
[2024-04-09T16:42:27.447+0000] {processor.py:830} INFO - Processing file /home/airflow/.local/lib/python3.8/site-packages/airflow/example_dags/example_datasets.py for tasks to queue
[2024-04-09T16:42:27.448+0000] {logging_mixin.py:188} INFO - [2024-04-09T16:42:27.448+0000] {dagbag.py:540} INFO - Filling up the DagBag from /home/airflow/.local/lib/python3.8/site-packages/airflow/example_dags/example_datasets.py
[2024-04-09T16:42:27.453+0000] {processor.py:840} INFO - DAG(s) 'dataset_produces_1', 'dataset_consumes_1', 'dataset_produces_2', 'dataset_consumes_unknown_never_scheduled', 'dataset_consumes_1_and_2', 'dataset_consumes_1_never_scheduled' retrieved from /home/airflow/.local/lib/python3.8/site-packages/airflow/example_dags/example_datasets.py
[2024-04-09T16:42:27.470+0000] {logging_mixin.py:188} INFO - [2024-04-09T16:42:27.470+0000] {dag.py:3047} INFO - Sync 6 DAGs
[2024-04-09T16:42:27.486+0000] {logging_mixin.py:188} INFO - [2024-04-09T16:42:27.485+0000] {dag.py:3834} INFO - Setting next_dagrun for dataset_consumes_1 to None, run_after=None
[2024-04-09T16:42:27.489+0000] {logging_mixin.py:188} INFO - [2024-04-09T16:42:27.489+0000] {dag.py:3834} INFO - Setting next_dagrun for dataset_consumes_1_and_2 to None, run_after=None
[2024-04-09T16:42:27.490+0000] {logging_mixin.py:188} INFO - [2024-04-09T16:42:27.490+0000] {dag.py:3834} INFO - Setting next_dagrun for dataset_consumes_1_never_scheduled to None, run_after=None
[2024-04-09T16:42:27.491+0000] {logging_mixin.py:188} INFO - [2024-04-09T16:42:27.491+0000] {dag.py:3834} INFO - Setting next_dagrun for dataset_consumes_unknown_never_scheduled to None, run_after=None
[2024-04-09T16:42:27.493+0000] {logging_mixin.py:188} INFO - [2024-04-09T16:42:27.492+0000] {dag.py:3834} INFO - Setting next_dagrun for dataset_produces_1 to 2024-04-08 00:00:00+00:00, run_after=2024-04-09 00:00:00+00:00
[2024-04-09T16:42:27.493+0000] {logging_mixin.py:188} INFO - [2024-04-09T16:42:27.493+0000] {dag.py:3834} INFO - Setting next_dagrun for dataset_produces_2 to None, run_after=None
[2024-04-09T16:42:27.508+0000] {processor.py:183} INFO - Processing /home/airflow/.local/lib/python3.8/site-packages/airflow/example_dags/example_datasets.py took 0.063 seconds
[2024-04-09T16:42:58.229+0000] {processor.py:161} INFO - Started process (PID=941) to work on /home/airflow/.local/lib/python3.8/site-packages/airflow/example_dags/example_datasets.py
[2024-04-09T16:42:58.230+0000] {processor.py:830} INFO - Processing file /home/airflow/.local/lib/python3.8/site-packages/airflow/example_dags/example_datasets.py for tasks to queue
[2024-04-09T16:42:58.232+0000] {logging_mixin.py:188} INFO - [2024-04-09T16:42:58.232+0000] {dagbag.py:540} INFO - Filling up the DagBag from /home/airflow/.local/lib/python3.8/site-packages/airflow/example_dags/example_datasets.py
[2024-04-09T16:42:58.237+0000] {processor.py:840} INFO - DAG(s) 'dataset_produces_2', 'dataset_consumes_1_never_scheduled', 'dataset_produces_1', 'dataset_consumes_unknown_never_scheduled', 'dataset_consumes_1', 'dataset_consumes_1_and_2' retrieved from /home/airflow/.local/lib/python3.8/site-packages/airflow/example_dags/example_datasets.py
[2024-04-09T16:42:58.256+0000] {logging_mixin.py:188} INFO - [2024-04-09T16:42:58.256+0000] {dag.py:3047} INFO - Sync 6 DAGs
[2024-04-09T16:42:58.270+0000] {logging_mixin.py:188} INFO - [2024-04-09T16:42:58.270+0000] {dag.py:3834} INFO - Setting next_dagrun for dataset_consumes_1 to None, run_after=None
[2024-04-09T16:42:58.272+0000] {logging_mixin.py:188} INFO - [2024-04-09T16:42:58.272+0000] {dag.py:3834} INFO - Setting next_dagrun for dataset_consumes_1_and_2 to None, run_after=None
[2024-04-09T16:42:58.273+0000] {logging_mixin.py:188} INFO - [2024-04-09T16:42:58.273+0000] {dag.py:3834} INFO - Setting next_dagrun for dataset_consumes_1_never_scheduled to None, run_after=None
[2024-04-09T16:42:58.274+0000] {logging_mixin.py:188} INFO - [2024-04-09T16:42:58.274+0000] {dag.py:3834} INFO - Setting next_dagrun for dataset_consumes_unknown_never_scheduled to None, run_after=None
[2024-04-09T16:42:58.275+0000] {logging_mixin.py:188} INFO - [2024-04-09T16:42:58.275+0000] {dag.py:3834} INFO - Setting next_dagrun for dataset_produces_1 to 2024-04-08 00:00:00+00:00, run_after=2024-04-09 00:00:00+00:00
[2024-04-09T16:42:58.276+0000] {logging_mixin.py:188} INFO - [2024-04-09T16:42:58.276+0000] {dag.py:3834} INFO - Setting next_dagrun for dataset_produces_2 to None, run_after=None
[2024-04-09T16:42:58.292+0000] {processor.py:183} INFO - Processing /home/airflow/.local/lib/python3.8/site-packages/airflow/example_dags/example_datasets.py took 0.065 seconds
[2024-04-09T16:43:29.292+0000] {processor.py:161} INFO - Started process (PID=999) to work on /home/airflow/.local/lib/python3.8/site-packages/airflow/example_dags/example_datasets.py
[2024-04-09T16:43:29.293+0000] {processor.py:830} INFO - Processing file /home/airflow/.local/lib/python3.8/site-packages/airflow/example_dags/example_datasets.py for tasks to queue
[2024-04-09T16:43:29.294+0000] {logging_mixin.py:188} INFO - [2024-04-09T16:43:29.294+0000] {dagbag.py:540} INFO - Filling up the DagBag from /home/airflow/.local/lib/python3.8/site-packages/airflow/example_dags/example_datasets.py
[2024-04-09T16:43:29.306+0000] {processor.py:840} INFO - DAG(s) 'dataset_produces_2', 'dataset_consumes_1_never_scheduled', 'dataset_consumes_1', 'dataset_consumes_unknown_never_scheduled', 'dataset_produces_1', 'dataset_consumes_1_and_2' retrieved from /home/airflow/.local/lib/python3.8/site-packages/airflow/example_dags/example_datasets.py
[2024-04-09T16:43:29.331+0000] {logging_mixin.py:188} INFO - [2024-04-09T16:43:29.331+0000] {dag.py:3047} INFO - Sync 6 DAGs
[2024-04-09T16:43:29.349+0000] {logging_mixin.py:188} INFO - [2024-04-09T16:43:29.349+0000] {dag.py:3834} INFO - Setting next_dagrun for dataset_consumes_1 to None, run_after=None
[2024-04-09T16:43:29.351+0000] {logging_mixin.py:188} INFO - [2024-04-09T16:43:29.351+0000] {dag.py:3834} INFO - Setting next_dagrun for dataset_consumes_1_and_2 to None, run_after=None
[2024-04-09T16:43:29.352+0000] {logging_mixin.py:188} INFO - [2024-04-09T16:43:29.352+0000] {dag.py:3834} INFO - Setting next_dagrun for dataset_consumes_1_never_scheduled to None, run_after=None
[2024-04-09T16:43:29.353+0000] {logging_mixin.py:188} INFO - [2024-04-09T16:43:29.353+0000] {dag.py:3834} INFO - Setting next_dagrun for dataset_consumes_unknown_never_scheduled to None, run_after=None
[2024-04-09T16:43:29.354+0000] {logging_mixin.py:188} INFO - [2024-04-09T16:43:29.354+0000] {dag.py:3834} INFO - Setting next_dagrun for dataset_produces_1 to 2024-04-08 00:00:00+00:00, run_after=2024-04-09 00:00:00+00:00
[2024-04-09T16:43:29.355+0000] {logging_mixin.py:188} INFO - [2024-04-09T16:43:29.355+0000] {dag.py:3834} INFO - Setting next_dagrun for dataset_produces_2 to None, run_after=None
[2024-04-09T16:43:29.371+0000] {processor.py:183} INFO - Processing /home/airflow/.local/lib/python3.8/site-packages/airflow/example_dags/example_datasets.py took 0.081 seconds
[2024-04-09T16:44:00.304+0000] {processor.py:161} INFO - Started process (PID=1057) to work on /home/airflow/.local/lib/python3.8/site-packages/airflow/example_dags/example_datasets.py
[2024-04-09T16:44:00.304+0000] {processor.py:830} INFO - Processing file /home/airflow/.local/lib/python3.8/site-packages/airflow/example_dags/example_datasets.py for tasks to queue
[2024-04-09T16:44:00.306+0000] {logging_mixin.py:188} INFO - [2024-04-09T16:44:00.306+0000] {dagbag.py:540} INFO - Filling up the DagBag from /home/airflow/.local/lib/python3.8/site-packages/airflow/example_dags/example_datasets.py
[2024-04-09T16:44:00.312+0000] {processor.py:840} INFO - DAG(s) 'dataset_consumes_1_and_2', 'dataset_consumes_1_never_scheduled', 'dataset_consumes_unknown_never_scheduled', 'dataset_produces_2', 'dataset_produces_1', 'dataset_consumes_1' retrieved from /home/airflow/.local/lib/python3.8/site-packages/airflow/example_dags/example_datasets.py
[2024-04-09T16:44:00.330+0000] {logging_mixin.py:188} INFO - [2024-04-09T16:44:00.330+0000] {dag.py:3047} INFO - Sync 6 DAGs
[2024-04-09T16:44:00.342+0000] {logging_mixin.py:188} INFO - [2024-04-09T16:44:00.342+0000] {dag.py:3834} INFO - Setting next_dagrun for dataset_consumes_1 to None, run_after=None
[2024-04-09T16:44:00.344+0000] {logging_mixin.py:188} INFO - [2024-04-09T16:44:00.344+0000] {dag.py:3834} INFO - Setting next_dagrun for dataset_consumes_1_and_2 to None, run_after=None
[2024-04-09T16:44:00.345+0000] {logging_mixin.py:188} INFO - [2024-04-09T16:44:00.345+0000] {dag.py:3834} INFO - Setting next_dagrun for dataset_consumes_1_never_scheduled to None, run_after=None
[2024-04-09T16:44:00.345+0000] {logging_mixin.py:188} INFO - [2024-04-09T16:44:00.345+0000] {dag.py:3834} INFO - Setting next_dagrun for dataset_consumes_unknown_never_scheduled to None, run_after=None
[2024-04-09T16:44:00.347+0000] {logging_mixin.py:188} INFO - [2024-04-09T16:44:00.347+0000] {dag.py:3834} INFO - Setting next_dagrun for dataset_produces_1 to 2024-04-08 00:00:00+00:00, run_after=2024-04-09 00:00:00+00:00
[2024-04-09T16:44:00.347+0000] {logging_mixin.py:188} INFO - [2024-04-09T16:44:00.347+0000] {dag.py:3834} INFO - Setting next_dagrun for dataset_produces_2 to None, run_after=None
[2024-04-09T16:44:00.368+0000] {processor.py:183} INFO - Processing /home/airflow/.local/lib/python3.8/site-packages/airflow/example_dags/example_datasets.py took 0.066 seconds
[2024-04-09T16:44:30.397+0000] {processor.py:161} INFO - Started process (PID=1113) to work on /home/airflow/.local/lib/python3.8/site-packages/airflow/example_dags/example_datasets.py
[2024-04-09T16:44:30.397+0000] {processor.py:830} INFO - Processing file /home/airflow/.local/lib/python3.8/site-packages/airflow/example_dags/example_datasets.py for tasks to queue
[2024-04-09T16:44:30.398+0000] {logging_mixin.py:188} INFO - [2024-04-09T16:44:30.398+0000] {dagbag.py:540} INFO - Filling up the DagBag from /home/airflow/.local/lib/python3.8/site-packages/airflow/example_dags/example_datasets.py
[2024-04-09T16:44:30.402+0000] {processor.py:840} INFO - DAG(s) 'dataset_consumes_1', 'dataset_consumes_unknown_never_scheduled', 'dataset_produces_2', 'dataset_consumes_1_never_scheduled', 'dataset_produces_1', 'dataset_consumes_1_and_2' retrieved from /home/airflow/.local/lib/python3.8/site-packages/airflow/example_dags/example_datasets.py
[2024-04-09T16:44:30.417+0000] {logging_mixin.py:188} INFO - [2024-04-09T16:44:30.417+0000] {dag.py:3047} INFO - Sync 6 DAGs
[2024-04-09T16:44:30.427+0000] {logging_mixin.py:188} INFO - [2024-04-09T16:44:30.427+0000] {dag.py:3834} INFO - Setting next_dagrun for dataset_consumes_1 to None, run_after=None
[2024-04-09T16:44:30.428+0000] {logging_mixin.py:188} INFO - [2024-04-09T16:44:30.428+0000] {dag.py:3834} INFO - Setting next_dagrun for dataset_consumes_1_and_2 to None, run_after=None
[2024-04-09T16:44:30.429+0000] {logging_mixin.py:188} INFO - [2024-04-09T16:44:30.429+0000] {dag.py:3834} INFO - Setting next_dagrun for dataset_consumes_1_never_scheduled to None, run_after=None
[2024-04-09T16:44:30.430+0000] {logging_mixin.py:188} INFO - [2024-04-09T16:44:30.429+0000] {dag.py:3834} INFO - Setting next_dagrun for dataset_consumes_unknown_never_scheduled to None, run_after=None
[2024-04-09T16:44:30.431+0000] {logging_mixin.py:188} INFO - [2024-04-09T16:44:30.431+0000] {dag.py:3834} INFO - Setting next_dagrun for dataset_produces_1 to 2024-04-08 00:00:00+00:00, run_after=2024-04-09 00:00:00+00:00
[2024-04-09T16:44:30.431+0000] {logging_mixin.py:188} INFO - [2024-04-09T16:44:30.431+0000] {dag.py:3834} INFO - Setting next_dagrun for dataset_produces_2 to None, run_after=None
[2024-04-09T16:44:30.443+0000] {processor.py:183} INFO - Processing /home/airflow/.local/lib/python3.8/site-packages/airflow/example_dags/example_datasets.py took 0.047 seconds
[2024-04-09T16:45:00.692+0000] {processor.py:161} INFO - Started process (PID=1171) to work on /home/airflow/.local/lib/python3.8/site-packages/airflow/example_dags/example_datasets.py
[2024-04-09T16:45:00.693+0000] {processor.py:830} INFO - Processing file /home/airflow/.local/lib/python3.8/site-packages/airflow/example_dags/example_datasets.py for tasks to queue
[2024-04-09T16:45:00.694+0000] {logging_mixin.py:188} INFO - [2024-04-09T16:45:00.694+0000] {dagbag.py:540} INFO - Filling up the DagBag from /home/airflow/.local/lib/python3.8/site-packages/airflow/example_dags/example_datasets.py
[2024-04-09T16:45:00.699+0000] {processor.py:840} INFO - DAG(s) 'dataset_produces_1', 'dataset_consumes_1_never_scheduled', 'dataset_consumes_unknown_never_scheduled', 'dataset_consumes_1_and_2', 'dataset_consumes_1', 'dataset_produces_2' retrieved from /home/airflow/.local/lib/python3.8/site-packages/airflow/example_dags/example_datasets.py
[2024-04-09T16:45:00.717+0000] {logging_mixin.py:188} INFO - [2024-04-09T16:45:00.717+0000] {dag.py:3047} INFO - Sync 6 DAGs
[2024-04-09T16:45:00.729+0000] {logging_mixin.py:188} INFO - [2024-04-09T16:45:00.729+0000] {dag.py:3834} INFO - Setting next_dagrun for dataset_consumes_1 to None, run_after=None
[2024-04-09T16:45:00.732+0000] {logging_mixin.py:188} INFO - [2024-04-09T16:45:00.732+0000] {dag.py:3834} INFO - Setting next_dagrun for dataset_consumes_1_and_2 to None, run_after=None
[2024-04-09T16:45:00.733+0000] {logging_mixin.py:188} INFO - [2024-04-09T16:45:00.733+0000] {dag.py:3834} INFO - Setting next_dagrun for dataset_consumes_1_never_scheduled to None, run_after=None
[2024-04-09T16:45:00.733+0000] {logging_mixin.py:188} INFO - [2024-04-09T16:45:00.733+0000] {dag.py:3834} INFO - Setting next_dagrun for dataset_consumes_unknown_never_scheduled to None, run_after=None
[2024-04-09T16:45:00.735+0000] {logging_mixin.py:188} INFO - [2024-04-09T16:45:00.734+0000] {dag.py:3834} INFO - Setting next_dagrun for dataset_produces_1 to 2024-04-08 00:00:00+00:00, run_after=2024-04-09 00:00:00+00:00
[2024-04-09T16:45:00.735+0000] {logging_mixin.py:188} INFO - [2024-04-09T16:45:00.735+0000] {dag.py:3834} INFO - Setting next_dagrun for dataset_produces_2 to None, run_after=None
[2024-04-09T16:45:00.748+0000] {processor.py:183} INFO - Processing /home/airflow/.local/lib/python3.8/site-packages/airflow/example_dags/example_datasets.py took 0.057 seconds
[2024-04-09T16:45:31.056+0000] {processor.py:161} INFO - Started process (PID=1229) to work on /home/airflow/.local/lib/python3.8/site-packages/airflow/example_dags/example_datasets.py
[2024-04-09T16:45:31.057+0000] {processor.py:830} INFO - Processing file /home/airflow/.local/lib/python3.8/site-packages/airflow/example_dags/example_datasets.py for tasks to queue
[2024-04-09T16:45:31.058+0000] {logging_mixin.py:188} INFO - [2024-04-09T16:45:31.058+0000] {dagbag.py:540} INFO - Filling up the DagBag from /home/airflow/.local/lib/python3.8/site-packages/airflow/example_dags/example_datasets.py
[2024-04-09T16:45:31.062+0000] {processor.py:840} INFO - DAG(s) 'dataset_consumes_1_and_2', 'dataset_consumes_1', 'dataset_consumes_unknown_never_scheduled', 'dataset_produces_1', 'dataset_consumes_1_never_scheduled', 'dataset_produces_2' retrieved from /home/airflow/.local/lib/python3.8/site-packages/airflow/example_dags/example_datasets.py
[2024-04-09T16:45:31.078+0000] {logging_mixin.py:188} INFO - [2024-04-09T16:45:31.078+0000] {dag.py:3047} INFO - Sync 6 DAGs
[2024-04-09T16:45:31.088+0000] {logging_mixin.py:188} INFO - [2024-04-09T16:45:31.088+0000] {dag.py:3834} INFO - Setting next_dagrun for dataset_consumes_1 to None, run_after=None
[2024-04-09T16:45:31.090+0000] {logging_mixin.py:188} INFO - [2024-04-09T16:45:31.089+0000] {dag.py:3834} INFO - Setting next_dagrun for dataset_consumes_1_and_2 to None, run_after=None
[2024-04-09T16:45:31.090+0000] {logging_mixin.py:188} INFO - [2024-04-09T16:45:31.090+0000] {dag.py:3834} INFO - Setting next_dagrun for dataset_consumes_1_never_scheduled to None, run_after=None
[2024-04-09T16:45:31.091+0000] {logging_mixin.py:188} INFO - [2024-04-09T16:45:31.091+0000] {dag.py:3834} INFO - Setting next_dagrun for dataset_consumes_unknown_never_scheduled to None, run_after=None
[2024-04-09T16:45:31.092+0000] {logging_mixin.py:188} INFO - [2024-04-09T16:45:31.092+0000] {dag.py:3834} INFO - Setting next_dagrun for dataset_produces_1 to 2024-04-08 00:00:00+00:00, run_after=2024-04-09 00:00:00+00:00
[2024-04-09T16:45:31.093+0000] {logging_mixin.py:188} INFO - [2024-04-09T16:45:31.093+0000] {dag.py:3834} INFO - Setting next_dagrun for dataset_produces_2 to None, run_after=None
[2024-04-09T16:45:31.108+0000] {processor.py:183} INFO - Processing /home/airflow/.local/lib/python3.8/site-packages/airflow/example_dags/example_datasets.py took 0.054 seconds
[2024-04-09T16:46:02.299+0000] {processor.py:161} INFO - Started process (PID=1294) to work on /home/airflow/.local/lib/python3.8/site-packages/airflow/example_dags/example_datasets.py
[2024-04-09T16:46:02.301+0000] {processor.py:830} INFO - Processing file /home/airflow/.local/lib/python3.8/site-packages/airflow/example_dags/example_datasets.py for tasks to queue
[2024-04-09T16:46:02.303+0000] {logging_mixin.py:188} INFO - [2024-04-09T16:46:02.303+0000] {dagbag.py:540} INFO - Filling up the DagBag from /home/airflow/.local/lib/python3.8/site-packages/airflow/example_dags/example_datasets.py
[2024-04-09T16:46:02.315+0000] {processor.py:840} INFO - DAG(s) 'dataset_consumes_1', 'dataset_produces_2', 'dataset_consumes_1_never_scheduled', 'dataset_consumes_unknown_never_scheduled', 'dataset_produces_1', 'dataset_consumes_1_and_2' retrieved from /home/airflow/.local/lib/python3.8/site-packages/airflow/example_dags/example_datasets.py
[2024-04-09T16:46:02.357+0000] {logging_mixin.py:188} INFO - [2024-04-09T16:46:02.357+0000] {dag.py:3047} INFO - Sync 6 DAGs
[2024-04-09T16:46:02.371+0000] {logging_mixin.py:188} INFO - [2024-04-09T16:46:02.371+0000] {dag.py:3834} INFO - Setting next_dagrun for dataset_consumes_1 to None, run_after=None
[2024-04-09T16:46:02.373+0000] {logging_mixin.py:188} INFO - [2024-04-09T16:46:02.373+0000] {dag.py:3834} INFO - Setting next_dagrun for dataset_consumes_1_and_2 to None, run_after=None
[2024-04-09T16:46:02.373+0000] {logging_mixin.py:188} INFO - [2024-04-09T16:46:02.373+0000] {dag.py:3834} INFO - Setting next_dagrun for dataset_consumes_1_never_scheduled to None, run_after=None
[2024-04-09T16:46:02.374+0000] {logging_mixin.py:188} INFO - [2024-04-09T16:46:02.374+0000] {dag.py:3834} INFO - Setting next_dagrun for dataset_consumes_unknown_never_scheduled to None, run_after=None
[2024-04-09T16:46:02.375+0000] {logging_mixin.py:188} INFO - [2024-04-09T16:46:02.375+0000] {dag.py:3834} INFO - Setting next_dagrun for dataset_produces_1 to 2024-04-08 00:00:00+00:00, run_after=2024-04-09 00:00:00+00:00
[2024-04-09T16:46:02.376+0000] {logging_mixin.py:188} INFO - [2024-04-09T16:46:02.376+0000] {dag.py:3834} INFO - Setting next_dagrun for dataset_produces_2 to None, run_after=None
[2024-04-09T16:46:02.391+0000] {processor.py:183} INFO - Processing /home/airflow/.local/lib/python3.8/site-packages/airflow/example_dags/example_datasets.py took 0.105 seconds
[2024-04-09T16:46:32.583+0000] {processor.py:161} INFO - Started process (PID=1355) to work on /home/airflow/.local/lib/python3.8/site-packages/airflow/example_dags/example_datasets.py
[2024-04-09T16:46:32.584+0000] {processor.py:830} INFO - Processing file /home/airflow/.local/lib/python3.8/site-packages/airflow/example_dags/example_datasets.py for tasks to queue
[2024-04-09T16:46:32.587+0000] {logging_mixin.py:188} INFO - [2024-04-09T16:46:32.587+0000] {dagbag.py:540} INFO - Filling up the DagBag from /home/airflow/.local/lib/python3.8/site-packages/airflow/example_dags/example_datasets.py
[2024-04-09T16:46:32.603+0000] {processor.py:840} INFO - DAG(s) 'dataset_consumes_1', 'dataset_consumes_1_and_2', 'dataset_produces_2', 'dataset_consumes_unknown_never_scheduled', 'dataset_consumes_1_never_scheduled', 'dataset_produces_1' retrieved from /home/airflow/.local/lib/python3.8/site-packages/airflow/example_dags/example_datasets.py
[2024-04-09T16:46:32.641+0000] {logging_mixin.py:188} INFO - [2024-04-09T16:46:32.641+0000] {dag.py:3047} INFO - Sync 6 DAGs
[2024-04-09T16:46:32.666+0000] {logging_mixin.py:188} INFO - [2024-04-09T16:46:32.666+0000] {dag.py:3834} INFO - Setting next_dagrun for dataset_consumes_1 to None, run_after=None
[2024-04-09T16:46:32.676+0000] {logging_mixin.py:188} INFO - [2024-04-09T16:46:32.676+0000] {dag.py:3834} INFO - Setting next_dagrun for dataset_consumes_1_and_2 to None, run_after=None
[2024-04-09T16:46:32.681+0000] {logging_mixin.py:188} INFO - [2024-04-09T16:46:32.680+0000] {dag.py:3834} INFO - Setting next_dagrun for dataset_consumes_1_never_scheduled to None, run_after=None
[2024-04-09T16:46:32.683+0000] {logging_mixin.py:188} INFO - [2024-04-09T16:46:32.683+0000] {dag.py:3834} INFO - Setting next_dagrun for dataset_consumes_unknown_never_scheduled to None, run_after=None
[2024-04-09T16:46:32.688+0000] {logging_mixin.py:188} INFO - [2024-04-09T16:46:32.688+0000] {dag.py:3834} INFO - Setting next_dagrun for dataset_produces_1 to 2024-04-08 00:00:00+00:00, run_after=2024-04-09 00:00:00+00:00
[2024-04-09T16:46:32.698+0000] {logging_mixin.py:188} INFO - [2024-04-09T16:46:32.698+0000] {dag.py:3834} INFO - Setting next_dagrun for dataset_produces_2 to None, run_after=None
[2024-04-09T16:46:32.743+0000] {processor.py:183} INFO - Processing /home/airflow/.local/lib/python3.8/site-packages/airflow/example_dags/example_datasets.py took 0.162 seconds
[2024-04-09T16:47:05.412+0000] {processor.py:161} INFO - Started process (PID=1433) to work on /home/airflow/.local/lib/python3.8/site-packages/airflow/example_dags/example_datasets.py
[2024-04-09T16:47:05.414+0000] {processor.py:830} INFO - Processing file /home/airflow/.local/lib/python3.8/site-packages/airflow/example_dags/example_datasets.py for tasks to queue
[2024-04-09T16:47:05.421+0000] {logging_mixin.py:188} INFO - [2024-04-09T16:47:05.421+0000] {dagbag.py:540} INFO - Filling up the DagBag from /home/airflow/.local/lib/python3.8/site-packages/airflow/example_dags/example_datasets.py
[2024-04-09T16:47:05.436+0000] {processor.py:840} INFO - DAG(s) 'dataset_produces_1', 'dataset_consumes_1', 'dataset_consumes_1_never_scheduled', 'dataset_consumes_1_and_2', 'dataset_consumes_unknown_never_scheduled', 'dataset_produces_2' retrieved from /home/airflow/.local/lib/python3.8/site-packages/airflow/example_dags/example_datasets.py
[2024-04-09T16:47:05.555+0000] {logging_mixin.py:188} INFO - [2024-04-09T16:47:05.554+0000] {dag.py:3047} INFO - Sync 6 DAGs
[2024-04-09T16:47:05.648+0000] {logging_mixin.py:188} INFO - [2024-04-09T16:47:05.648+0000] {dag.py:3834} INFO - Setting next_dagrun for dataset_consumes_1 to None, run_after=None
[2024-04-09T16:47:05.660+0000] {logging_mixin.py:188} INFO - [2024-04-09T16:47:05.659+0000] {dag.py:3834} INFO - Setting next_dagrun for dataset_consumes_1_and_2 to None, run_after=None
[2024-04-09T16:47:05.662+0000] {logging_mixin.py:188} INFO - [2024-04-09T16:47:05.662+0000] {dag.py:3834} INFO - Setting next_dagrun for dataset_consumes_1_never_scheduled to None, run_after=None
[2024-04-09T16:47:05.666+0000] {logging_mixin.py:188} INFO - [2024-04-09T16:47:05.666+0000] {dag.py:3834} INFO - Setting next_dagrun for dataset_consumes_unknown_never_scheduled to None, run_after=None
[2024-04-09T16:47:05.669+0000] {logging_mixin.py:188} INFO - [2024-04-09T16:47:05.669+0000] {dag.py:3834} INFO - Setting next_dagrun for dataset_produces_1 to 2024-04-08 00:00:00+00:00, run_after=2024-04-09 00:00:00+00:00
[2024-04-09T16:47:05.676+0000] {logging_mixin.py:188} INFO - [2024-04-09T16:47:05.676+0000] {dag.py:3834} INFO - Setting next_dagrun for dataset_produces_2 to None, run_after=None
[2024-04-09T16:47:05.788+0000] {processor.py:183} INFO - Processing /home/airflow/.local/lib/python3.8/site-packages/airflow/example_dags/example_datasets.py took 0.392 seconds
[2024-04-09T16:47:40.222+0000] {processor.py:161} INFO - Started process (PID=1506) to work on /home/airflow/.local/lib/python3.8/site-packages/airflow/example_dags/example_datasets.py
[2024-04-09T16:47:40.237+0000] {processor.py:830} INFO - Processing file /home/airflow/.local/lib/python3.8/site-packages/airflow/example_dags/example_datasets.py for tasks to queue
[2024-04-09T16:47:40.263+0000] {logging_mixin.py:188} INFO - [2024-04-09T16:47:40.263+0000] {dagbag.py:540} INFO - Filling up the DagBag from /home/airflow/.local/lib/python3.8/site-packages/airflow/example_dags/example_datasets.py
[2024-04-09T16:47:40.355+0000] {processor.py:840} INFO - DAG(s) 'dataset_consumes_1_and_2', 'dataset_consumes_1_never_scheduled', 'dataset_consumes_unknown_never_scheduled', 'dataset_produces_2', 'dataset_produces_1', 'dataset_consumes_1' retrieved from /home/airflow/.local/lib/python3.8/site-packages/airflow/example_dags/example_datasets.py
[2024-04-09T16:47:40.480+0000] {logging_mixin.py:188} INFO - [2024-04-09T16:47:40.479+0000] {dag.py:3047} INFO - Sync 6 DAGs
[2024-04-09T16:47:40.553+0000] {logging_mixin.py:188} INFO - [2024-04-09T16:47:40.552+0000] {dag.py:3834} INFO - Setting next_dagrun for dataset_consumes_1 to None, run_after=None
[2024-04-09T16:47:40.556+0000] {logging_mixin.py:188} INFO - [2024-04-09T16:47:40.556+0000] {dag.py:3834} INFO - Setting next_dagrun for dataset_consumes_1_and_2 to None, run_after=None
[2024-04-09T16:47:40.560+0000] {logging_mixin.py:188} INFO - [2024-04-09T16:47:40.559+0000] {dag.py:3834} INFO - Setting next_dagrun for dataset_consumes_1_never_scheduled to None, run_after=None
[2024-04-09T16:47:40.569+0000] {logging_mixin.py:188} INFO - [2024-04-09T16:47:40.568+0000] {dag.py:3834} INFO - Setting next_dagrun for dataset_consumes_unknown_never_scheduled to None, run_after=None
[2024-04-09T16:47:40.573+0000] {logging_mixin.py:188} INFO - [2024-04-09T16:47:40.573+0000] {dag.py:3834} INFO - Setting next_dagrun for dataset_produces_1 to 2024-04-08 00:00:00+00:00, run_after=2024-04-09 00:00:00+00:00
[2024-04-09T16:47:40.575+0000] {logging_mixin.py:188} INFO - [2024-04-09T16:47:40.575+0000] {dag.py:3834} INFO - Setting next_dagrun for dataset_produces_2 to None, run_after=None
[2024-04-09T16:47:40.631+0000] {processor.py:183} INFO - Processing /home/airflow/.local/lib/python3.8/site-packages/airflow/example_dags/example_datasets.py took 0.422 seconds
[2024-04-09T16:48:11.348+0000] {processor.py:161} INFO - Started process (PID=1563) to work on /home/airflow/.local/lib/python3.8/site-packages/airflow/example_dags/example_datasets.py
[2024-04-09T16:48:11.354+0000] {processor.py:830} INFO - Processing file /home/airflow/.local/lib/python3.8/site-packages/airflow/example_dags/example_datasets.py for tasks to queue
[2024-04-09T16:48:11.356+0000] {logging_mixin.py:188} INFO - [2024-04-09T16:48:11.355+0000] {dagbag.py:540} INFO - Filling up the DagBag from /home/airflow/.local/lib/python3.8/site-packages/airflow/example_dags/example_datasets.py
[2024-04-09T16:48:11.368+0000] {processor.py:840} INFO - DAG(s) 'dataset_consumes_unknown_never_scheduled', 'dataset_produces_2', 'dataset_produces_1', 'dataset_consumes_1_and_2', 'dataset_consumes_1', 'dataset_consumes_1_never_scheduled' retrieved from /home/airflow/.local/lib/python3.8/site-packages/airflow/example_dags/example_datasets.py
[2024-04-09T16:48:11.407+0000] {logging_mixin.py:188} INFO - [2024-04-09T16:48:11.407+0000] {dag.py:3047} INFO - Sync 6 DAGs
[2024-04-09T16:48:11.421+0000] {logging_mixin.py:188} INFO - [2024-04-09T16:48:11.421+0000] {dag.py:3834} INFO - Setting next_dagrun for dataset_consumes_1 to None, run_after=None
[2024-04-09T16:48:11.423+0000] {logging_mixin.py:188} INFO - [2024-04-09T16:48:11.423+0000] {dag.py:3834} INFO - Setting next_dagrun for dataset_consumes_1_and_2 to None, run_after=None
[2024-04-09T16:48:11.424+0000] {logging_mixin.py:188} INFO - [2024-04-09T16:48:11.424+0000] {dag.py:3834} INFO - Setting next_dagrun for dataset_consumes_1_never_scheduled to None, run_after=None
[2024-04-09T16:48:11.425+0000] {logging_mixin.py:188} INFO - [2024-04-09T16:48:11.425+0000] {dag.py:3834} INFO - Setting next_dagrun for dataset_consumes_unknown_never_scheduled to None, run_after=None
[2024-04-09T16:48:11.427+0000] {logging_mixin.py:188} INFO - [2024-04-09T16:48:11.426+0000] {dag.py:3834} INFO - Setting next_dagrun for dataset_produces_1 to 2024-04-08 00:00:00+00:00, run_after=2024-04-09 00:00:00+00:00
[2024-04-09T16:48:11.429+0000] {logging_mixin.py:188} INFO - [2024-04-09T16:48:11.429+0000] {dag.py:3834} INFO - Setting next_dagrun for dataset_produces_2 to None, run_after=None
[2024-04-09T16:48:11.442+0000] {processor.py:183} INFO - Processing /home/airflow/.local/lib/python3.8/site-packages/airflow/example_dags/example_datasets.py took 0.099 seconds
[2024-04-09T16:48:41.800+0000] {processor.py:161} INFO - Started process (PID=1620) to work on /home/airflow/.local/lib/python3.8/site-packages/airflow/example_dags/example_datasets.py
[2024-04-09T16:48:41.803+0000] {processor.py:830} INFO - Processing file /home/airflow/.local/lib/python3.8/site-packages/airflow/example_dags/example_datasets.py for tasks to queue
[2024-04-09T16:48:41.816+0000] {logging_mixin.py:188} INFO - [2024-04-09T16:48:41.814+0000] {dagbag.py:540} INFO - Filling up the DagBag from /home/airflow/.local/lib/python3.8/site-packages/airflow/example_dags/example_datasets.py
[2024-04-09T16:48:41.863+0000] {processor.py:840} INFO - DAG(s) 'dataset_produces_2', 'dataset_consumes_unknown_never_scheduled', 'dataset_consumes_1', 'dataset_produces_1', 'dataset_consumes_1_and_2', 'dataset_consumes_1_never_scheduled' retrieved from /home/airflow/.local/lib/python3.8/site-packages/airflow/example_dags/example_datasets.py
[2024-04-09T16:48:41.917+0000] {logging_mixin.py:188} INFO - [2024-04-09T16:48:41.917+0000] {dag.py:3047} INFO - Sync 6 DAGs
[2024-04-09T16:48:41.939+0000] {logging_mixin.py:188} INFO - [2024-04-09T16:48:41.939+0000] {dag.py:3834} INFO - Setting next_dagrun for dataset_consumes_1 to None, run_after=None
[2024-04-09T16:48:41.946+0000] {logging_mixin.py:188} INFO - [2024-04-09T16:48:41.946+0000] {dag.py:3834} INFO - Setting next_dagrun for dataset_consumes_1_and_2 to None, run_after=None
[2024-04-09T16:48:41.948+0000] {logging_mixin.py:188} INFO - [2024-04-09T16:48:41.947+0000] {dag.py:3834} INFO - Setting next_dagrun for dataset_consumes_1_never_scheduled to None, run_after=None
[2024-04-09T16:48:41.949+0000] {logging_mixin.py:188} INFO - [2024-04-09T16:48:41.949+0000] {dag.py:3834} INFO - Setting next_dagrun for dataset_consumes_unknown_never_scheduled to None, run_after=None
[2024-04-09T16:48:41.959+0000] {logging_mixin.py:188} INFO - [2024-04-09T16:48:41.959+0000] {dag.py:3834} INFO - Setting next_dagrun for dataset_produces_1 to 2024-04-08 00:00:00+00:00, run_after=2024-04-09 00:00:00+00:00
[2024-04-09T16:48:41.961+0000] {logging_mixin.py:188} INFO - [2024-04-09T16:48:41.961+0000] {dag.py:3834} INFO - Setting next_dagrun for dataset_produces_2 to None, run_after=None
[2024-04-09T16:48:41.976+0000] {processor.py:183} INFO - Processing /home/airflow/.local/lib/python3.8/site-packages/airflow/example_dags/example_datasets.py took 0.185 seconds
[2024-04-09T16:49:12.193+0000] {processor.py:161} INFO - Started process (PID=1677) to work on /home/airflow/.local/lib/python3.8/site-packages/airflow/example_dags/example_datasets.py
[2024-04-09T16:49:12.195+0000] {processor.py:830} INFO - Processing file /home/airflow/.local/lib/python3.8/site-packages/airflow/example_dags/example_datasets.py for tasks to queue
[2024-04-09T16:49:12.197+0000] {logging_mixin.py:188} INFO - [2024-04-09T16:49:12.196+0000] {dagbag.py:540} INFO - Filling up the DagBag from /home/airflow/.local/lib/python3.8/site-packages/airflow/example_dags/example_datasets.py
[2024-04-09T16:49:12.203+0000] {processor.py:840} INFO - DAG(s) 'dataset_consumes_1_and_2', 'dataset_consumes_1', 'dataset_produces_1', 'dataset_produces_2', 'dataset_consumes_unknown_never_scheduled', 'dataset_consumes_1_never_scheduled' retrieved from /home/airflow/.local/lib/python3.8/site-packages/airflow/example_dags/example_datasets.py
[2024-04-09T16:49:12.223+0000] {logging_mixin.py:188} INFO - [2024-04-09T16:49:12.223+0000] {dag.py:3047} INFO - Sync 6 DAGs
[2024-04-09T16:49:12.236+0000] {logging_mixin.py:188} INFO - [2024-04-09T16:49:12.235+0000] {dag.py:3834} INFO - Setting next_dagrun for dataset_consumes_1 to None, run_after=None
[2024-04-09T16:49:12.239+0000] {logging_mixin.py:188} INFO - [2024-04-09T16:49:12.239+0000] {dag.py:3834} INFO - Setting next_dagrun for dataset_consumes_1_and_2 to None, run_after=None
[2024-04-09T16:49:12.239+0000] {logging_mixin.py:188} INFO - [2024-04-09T16:49:12.239+0000] {dag.py:3834} INFO - Setting next_dagrun for dataset_consumes_1_never_scheduled to None, run_after=None
[2024-04-09T16:49:12.240+0000] {logging_mixin.py:188} INFO - [2024-04-09T16:49:12.240+0000] {dag.py:3834} INFO - Setting next_dagrun for dataset_consumes_unknown_never_scheduled to None, run_after=None
[2024-04-09T16:49:12.241+0000] {logging_mixin.py:188} INFO - [2024-04-09T16:49:12.241+0000] {dag.py:3834} INFO - Setting next_dagrun for dataset_produces_1 to 2024-04-08 00:00:00+00:00, run_after=2024-04-09 00:00:00+00:00
[2024-04-09T16:49:12.242+0000] {logging_mixin.py:188} INFO - [2024-04-09T16:49:12.242+0000] {dag.py:3834} INFO - Setting next_dagrun for dataset_produces_2 to None, run_after=None
[2024-04-09T16:49:12.252+0000] {processor.py:183} INFO - Processing /home/airflow/.local/lib/python3.8/site-packages/airflow/example_dags/example_datasets.py took 0.062 seconds
[2024-04-09T16:49:42.975+0000] {processor.py:161} INFO - Started process (PID=1733) to work on /home/airflow/.local/lib/python3.8/site-packages/airflow/example_dags/example_datasets.py
[2024-04-09T16:49:42.976+0000] {processor.py:830} INFO - Processing file /home/airflow/.local/lib/python3.8/site-packages/airflow/example_dags/example_datasets.py for tasks to queue
[2024-04-09T16:49:42.977+0000] {logging_mixin.py:188} INFO - [2024-04-09T16:49:42.977+0000] {dagbag.py:540} INFO - Filling up the DagBag from /home/airflow/.local/lib/python3.8/site-packages/airflow/example_dags/example_datasets.py
[2024-04-09T16:49:42.984+0000] {processor.py:840} INFO - DAG(s) 'dataset_consumes_1_and_2', 'dataset_consumes_1', 'dataset_consumes_unknown_never_scheduled', 'dataset_produces_2', 'dataset_consumes_1_never_scheduled', 'dataset_produces_1' retrieved from /home/airflow/.local/lib/python3.8/site-packages/airflow/example_dags/example_datasets.py
[2024-04-09T16:49:43.005+0000] {logging_mixin.py:188} INFO - [2024-04-09T16:49:43.005+0000] {dag.py:3047} INFO - Sync 6 DAGs
[2024-04-09T16:49:43.020+0000] {logging_mixin.py:188} INFO - [2024-04-09T16:49:43.019+0000] {dag.py:3834} INFO - Setting next_dagrun for dataset_consumes_1 to None, run_after=None
[2024-04-09T16:49:43.022+0000] {logging_mixin.py:188} INFO - [2024-04-09T16:49:43.021+0000] {dag.py:3834} INFO - Setting next_dagrun for dataset_consumes_1_and_2 to None, run_after=None
[2024-04-09T16:49:43.023+0000] {logging_mixin.py:188} INFO - [2024-04-09T16:49:43.022+0000] {dag.py:3834} INFO - Setting next_dagrun for dataset_consumes_1_never_scheduled to None, run_after=None
[2024-04-09T16:49:43.023+0000] {logging_mixin.py:188} INFO - [2024-04-09T16:49:43.023+0000] {dag.py:3834} INFO - Setting next_dagrun for dataset_consumes_unknown_never_scheduled to None, run_after=None
[2024-04-09T16:49:43.025+0000] {logging_mixin.py:188} INFO - [2024-04-09T16:49:43.025+0000] {dag.py:3834} INFO - Setting next_dagrun for dataset_produces_1 to 2024-04-08 00:00:00+00:00, run_after=2024-04-09 00:00:00+00:00
[2024-04-09T16:49:43.025+0000] {logging_mixin.py:188} INFO - [2024-04-09T16:49:43.025+0000] {dag.py:3834} INFO - Setting next_dagrun for dataset_produces_2 to None, run_after=None
[2024-04-09T16:49:43.052+0000] {processor.py:183} INFO - Processing /home/airflow/.local/lib/python3.8/site-packages/airflow/example_dags/example_datasets.py took 0.080 seconds
[2024-04-09T16:50:13.196+0000] {processor.py:161} INFO - Started process (PID=1789) to work on /home/airflow/.local/lib/python3.8/site-packages/airflow/example_dags/example_datasets.py
[2024-04-09T16:50:13.197+0000] {processor.py:830} INFO - Processing file /home/airflow/.local/lib/python3.8/site-packages/airflow/example_dags/example_datasets.py for tasks to queue
[2024-04-09T16:50:13.199+0000] {logging_mixin.py:188} INFO - [2024-04-09T16:50:13.198+0000] {dagbag.py:540} INFO - Filling up the DagBag from /home/airflow/.local/lib/python3.8/site-packages/airflow/example_dags/example_datasets.py
[2024-04-09T16:50:13.206+0000] {processor.py:840} INFO - DAG(s) 'dataset_consumes_1_and_2', 'dataset_consumes_unknown_never_scheduled', 'dataset_produces_1', 'dataset_consumes_1', 'dataset_produces_2', 'dataset_consumes_1_never_scheduled' retrieved from /home/airflow/.local/lib/python3.8/site-packages/airflow/example_dags/example_datasets.py
[2024-04-09T16:50:13.233+0000] {logging_mixin.py:188} INFO - [2024-04-09T16:50:13.233+0000] {dag.py:3047} INFO - Sync 6 DAGs
[2024-04-09T16:50:13.260+0000] {logging_mixin.py:188} INFO - [2024-04-09T16:50:13.260+0000] {dag.py:3834} INFO - Setting next_dagrun for dataset_consumes_1 to None, run_after=None
[2024-04-09T16:50:13.262+0000] {logging_mixin.py:188} INFO - [2024-04-09T16:50:13.262+0000] {dag.py:3834} INFO - Setting next_dagrun for dataset_consumes_1_and_2 to None, run_after=None
[2024-04-09T16:50:13.262+0000] {logging_mixin.py:188} INFO - [2024-04-09T16:50:13.262+0000] {dag.py:3834} INFO - Setting next_dagrun for dataset_consumes_1_never_scheduled to None, run_after=None
[2024-04-09T16:50:13.263+0000] {logging_mixin.py:188} INFO - [2024-04-09T16:50:13.263+0000] {dag.py:3834} INFO - Setting next_dagrun for dataset_consumes_unknown_never_scheduled to None, run_after=None
[2024-04-09T16:50:13.264+0000] {logging_mixin.py:188} INFO - [2024-04-09T16:50:13.264+0000] {dag.py:3834} INFO - Setting next_dagrun for dataset_produces_1 to 2024-04-08 00:00:00+00:00, run_after=2024-04-09 00:00:00+00:00
[2024-04-09T16:50:13.265+0000] {logging_mixin.py:188} INFO - [2024-04-09T16:50:13.265+0000] {dag.py:3834} INFO - Setting next_dagrun for dataset_produces_2 to None, run_after=None
[2024-04-09T16:50:13.277+0000] {processor.py:183} INFO - Processing /home/airflow/.local/lib/python3.8/site-packages/airflow/example_dags/example_datasets.py took 0.084 seconds
[2024-04-09T16:50:43.994+0000] {processor.py:161} INFO - Started process (PID=1846) to work on /home/airflow/.local/lib/python3.8/site-packages/airflow/example_dags/example_datasets.py
[2024-04-09T16:50:43.996+0000] {processor.py:830} INFO - Processing file /home/airflow/.local/lib/python3.8/site-packages/airflow/example_dags/example_datasets.py for tasks to queue
[2024-04-09T16:50:43.998+0000] {logging_mixin.py:188} INFO - [2024-04-09T16:50:43.998+0000] {dagbag.py:540} INFO - Filling up the DagBag from /home/airflow/.local/lib/python3.8/site-packages/airflow/example_dags/example_datasets.py
[2024-04-09T16:50:44.008+0000] {processor.py:840} INFO - DAG(s) 'dataset_produces_2', 'dataset_consumes_1', 'dataset_consumes_1_never_scheduled', 'dataset_consumes_1_and_2', 'dataset_consumes_unknown_never_scheduled', 'dataset_produces_1' retrieved from /home/airflow/.local/lib/python3.8/site-packages/airflow/example_dags/example_datasets.py
[2024-04-09T16:50:44.037+0000] {logging_mixin.py:188} INFO - [2024-04-09T16:50:44.037+0000] {dag.py:3047} INFO - Sync 6 DAGs
[2024-04-09T16:50:44.050+0000] {logging_mixin.py:188} INFO - [2024-04-09T16:50:44.050+0000] {dag.py:3834} INFO - Setting next_dagrun for dataset_consumes_1 to None, run_after=None
[2024-04-09T16:50:44.052+0000] {logging_mixin.py:188} INFO - [2024-04-09T16:50:44.052+0000] {dag.py:3834} INFO - Setting next_dagrun for dataset_consumes_1_and_2 to None, run_after=None
[2024-04-09T16:50:44.053+0000] {logging_mixin.py:188} INFO - [2024-04-09T16:50:44.053+0000] {dag.py:3834} INFO - Setting next_dagrun for dataset_consumes_1_never_scheduled to None, run_after=None
[2024-04-09T16:50:44.055+0000] {logging_mixin.py:188} INFO - [2024-04-09T16:50:44.055+0000] {dag.py:3834} INFO - Setting next_dagrun for dataset_consumes_unknown_never_scheduled to None, run_after=None
[2024-04-09T16:50:44.056+0000] {logging_mixin.py:188} INFO - [2024-04-09T16:50:44.056+0000] {dag.py:3834} INFO - Setting next_dagrun for dataset_produces_1 to 2024-04-08 00:00:00+00:00, run_after=2024-04-09 00:00:00+00:00
[2024-04-09T16:50:44.057+0000] {logging_mixin.py:188} INFO - [2024-04-09T16:50:44.057+0000] {dag.py:3834} INFO - Setting next_dagrun for dataset_produces_2 to None, run_after=None
[2024-04-09T16:50:44.069+0000] {processor.py:183} INFO - Processing /home/airflow/.local/lib/python3.8/site-packages/airflow/example_dags/example_datasets.py took 0.079 seconds
[2024-04-09T16:51:14.667+0000] {processor.py:161} INFO - Started process (PID=1904) to work on /home/airflow/.local/lib/python3.8/site-packages/airflow/example_dags/example_datasets.py
[2024-04-09T16:51:14.670+0000] {processor.py:830} INFO - Processing file /home/airflow/.local/lib/python3.8/site-packages/airflow/example_dags/example_datasets.py for tasks to queue
[2024-04-09T16:51:14.672+0000] {logging_mixin.py:188} INFO - [2024-04-09T16:51:14.672+0000] {dagbag.py:540} INFO - Filling up the DagBag from /home/airflow/.local/lib/python3.8/site-packages/airflow/example_dags/example_datasets.py
[2024-04-09T16:51:14.682+0000] {processor.py:840} INFO - DAG(s) 'dataset_consumes_1_never_scheduled', 'dataset_consumes_1', 'dataset_consumes_1_and_2', 'dataset_consumes_unknown_never_scheduled', 'dataset_produces_2', 'dataset_produces_1' retrieved from /home/airflow/.local/lib/python3.8/site-packages/airflow/example_dags/example_datasets.py
[2024-04-09T16:51:14.704+0000] {logging_mixin.py:188} INFO - [2024-04-09T16:51:14.703+0000] {dag.py:3047} INFO - Sync 6 DAGs
[2024-04-09T16:51:14.723+0000] {logging_mixin.py:188} INFO - [2024-04-09T16:51:14.722+0000] {dag.py:3834} INFO - Setting next_dagrun for dataset_consumes_1 to None, run_after=None
[2024-04-09T16:51:14.727+0000] {logging_mixin.py:188} INFO - [2024-04-09T16:51:14.727+0000] {dag.py:3834} INFO - Setting next_dagrun for dataset_consumes_1_and_2 to None, run_after=None
[2024-04-09T16:51:14.728+0000] {logging_mixin.py:188} INFO - [2024-04-09T16:51:14.727+0000] {dag.py:3834} INFO - Setting next_dagrun for dataset_consumes_1_never_scheduled to None, run_after=None
[2024-04-09T16:51:14.728+0000] {logging_mixin.py:188} INFO - [2024-04-09T16:51:14.728+0000] {dag.py:3834} INFO - Setting next_dagrun for dataset_consumes_unknown_never_scheduled to None, run_after=None
[2024-04-09T16:51:14.729+0000] {logging_mixin.py:188} INFO - [2024-04-09T16:51:14.729+0000] {dag.py:3834} INFO - Setting next_dagrun for dataset_produces_1 to 2024-04-08 00:00:00+00:00, run_after=2024-04-09 00:00:00+00:00
[2024-04-09T16:51:14.730+0000] {logging_mixin.py:188} INFO - [2024-04-09T16:51:14.730+0000] {dag.py:3834} INFO - Setting next_dagrun for dataset_produces_2 to None, run_after=None
[2024-04-09T16:51:14.742+0000] {processor.py:183} INFO - Processing /home/airflow/.local/lib/python3.8/site-packages/airflow/example_dags/example_datasets.py took 0.080 seconds
[2024-04-09T16:51:44.871+0000] {processor.py:161} INFO - Started process (PID=1962) to work on /home/airflow/.local/lib/python3.8/site-packages/airflow/example_dags/example_datasets.py
[2024-04-09T16:51:44.874+0000] {processor.py:830} INFO - Processing file /home/airflow/.local/lib/python3.8/site-packages/airflow/example_dags/example_datasets.py for tasks to queue
[2024-04-09T16:51:44.876+0000] {logging_mixin.py:188} INFO - [2024-04-09T16:51:44.876+0000] {dagbag.py:540} INFO - Filling up the DagBag from /home/airflow/.local/lib/python3.8/site-packages/airflow/example_dags/example_datasets.py
[2024-04-09T16:51:44.886+0000] {processor.py:840} INFO - DAG(s) 'dataset_consumes_1_never_scheduled', 'dataset_produces_2', 'dataset_consumes_unknown_never_scheduled', 'dataset_consumes_1_and_2', 'dataset_produces_1', 'dataset_consumes_1' retrieved from /home/airflow/.local/lib/python3.8/site-packages/airflow/example_dags/example_datasets.py
[2024-04-09T16:51:44.908+0000] {logging_mixin.py:188} INFO - [2024-04-09T16:51:44.908+0000] {dag.py:3047} INFO - Sync 6 DAGs
[2024-04-09T16:51:44.920+0000] {logging_mixin.py:188} INFO - [2024-04-09T16:51:44.920+0000] {dag.py:3834} INFO - Setting next_dagrun for dataset_consumes_1 to None, run_after=None
[2024-04-09T16:51:44.925+0000] {logging_mixin.py:188} INFO - [2024-04-09T16:51:44.925+0000] {dag.py:3834} INFO - Setting next_dagrun for dataset_consumes_1_and_2 to None, run_after=None
[2024-04-09T16:51:44.926+0000] {logging_mixin.py:188} INFO - [2024-04-09T16:51:44.926+0000] {dag.py:3834} INFO - Setting next_dagrun for dataset_consumes_1_never_scheduled to None, run_after=None
[2024-04-09T16:51:44.927+0000] {logging_mixin.py:188} INFO - [2024-04-09T16:51:44.927+0000] {dag.py:3834} INFO - Setting next_dagrun for dataset_consumes_unknown_never_scheduled to None, run_after=None
[2024-04-09T16:51:44.929+0000] {logging_mixin.py:188} INFO - [2024-04-09T16:51:44.929+0000] {dag.py:3834} INFO - Setting next_dagrun for dataset_produces_1 to 2024-04-08 00:00:00+00:00, run_after=2024-04-09 00:00:00+00:00
[2024-04-09T16:51:44.930+0000] {logging_mixin.py:188} INFO - [2024-04-09T16:51:44.930+0000] {dag.py:3834} INFO - Setting next_dagrun for dataset_produces_2 to None, run_after=None
[2024-04-09T16:51:44.945+0000] {processor.py:183} INFO - Processing /home/airflow/.local/lib/python3.8/site-packages/airflow/example_dags/example_datasets.py took 0.079 seconds
[2024-04-09T16:52:15.733+0000] {processor.py:161} INFO - Started process (PID=2020) to work on /home/airflow/.local/lib/python3.8/site-packages/airflow/example_dags/example_datasets.py
[2024-04-09T16:52:15.735+0000] {processor.py:830} INFO - Processing file /home/airflow/.local/lib/python3.8/site-packages/airflow/example_dags/example_datasets.py for tasks to queue
[2024-04-09T16:52:15.737+0000] {logging_mixin.py:188} INFO - [2024-04-09T16:52:15.737+0000] {dagbag.py:540} INFO - Filling up the DagBag from /home/airflow/.local/lib/python3.8/site-packages/airflow/example_dags/example_datasets.py
[2024-04-09T16:52:15.746+0000] {processor.py:840} INFO - DAG(s) 'dataset_consumes_1', 'dataset_consumes_1_never_scheduled', 'dataset_produces_2', 'dataset_produces_1', 'dataset_consumes_1_and_2', 'dataset_consumes_unknown_never_scheduled' retrieved from /home/airflow/.local/lib/python3.8/site-packages/airflow/example_dags/example_datasets.py
[2024-04-09T16:52:15.768+0000] {logging_mixin.py:188} INFO - [2024-04-09T16:52:15.768+0000] {dag.py:3047} INFO - Sync 6 DAGs
[2024-04-09T16:52:15.781+0000] {logging_mixin.py:188} INFO - [2024-04-09T16:52:15.781+0000] {dag.py:3834} INFO - Setting next_dagrun for dataset_consumes_1 to None, run_after=None
[2024-04-09T16:52:15.783+0000] {logging_mixin.py:188} INFO - [2024-04-09T16:52:15.783+0000] {dag.py:3834} INFO - Setting next_dagrun for dataset_consumes_1_and_2 to None, run_after=None
[2024-04-09T16:52:15.783+0000] {logging_mixin.py:188} INFO - [2024-04-09T16:52:15.783+0000] {dag.py:3834} INFO - Setting next_dagrun for dataset_consumes_1_never_scheduled to None, run_after=None
[2024-04-09T16:52:15.784+0000] {logging_mixin.py:188} INFO - [2024-04-09T16:52:15.784+0000] {dag.py:3834} INFO - Setting next_dagrun for dataset_consumes_unknown_never_scheduled to None, run_after=None
[2024-04-09T16:52:15.785+0000] {logging_mixin.py:188} INFO - [2024-04-09T16:52:15.785+0000] {dag.py:3834} INFO - Setting next_dagrun for dataset_produces_1 to 2024-04-08 00:00:00+00:00, run_after=2024-04-09 00:00:00+00:00
[2024-04-09T16:52:15.785+0000] {logging_mixin.py:188} INFO - [2024-04-09T16:52:15.785+0000] {dag.py:3834} INFO - Setting next_dagrun for dataset_produces_2 to None, run_after=None
[2024-04-09T16:52:15.796+0000] {processor.py:183} INFO - Processing /home/airflow/.local/lib/python3.8/site-packages/airflow/example_dags/example_datasets.py took 0.067 seconds
[2024-04-09T16:52:46.121+0000] {processor.py:161} INFO - Started process (PID=2100) to work on /home/airflow/.local/lib/python3.8/site-packages/airflow/example_dags/example_datasets.py
[2024-04-09T16:52:46.123+0000] {processor.py:830} INFO - Processing file /home/airflow/.local/lib/python3.8/site-packages/airflow/example_dags/example_datasets.py for tasks to queue
[2024-04-09T16:52:46.126+0000] {logging_mixin.py:188} INFO - [2024-04-09T16:52:46.126+0000] {dagbag.py:540} INFO - Filling up the DagBag from /home/airflow/.local/lib/python3.8/site-packages/airflow/example_dags/example_datasets.py
[2024-04-09T16:52:46.138+0000] {processor.py:840} INFO - DAG(s) 'dataset_consumes_1_never_scheduled', 'dataset_consumes_1', 'dataset_consumes_1_and_2', 'dataset_consumes_unknown_never_scheduled', 'dataset_produces_1', 'dataset_produces_2' retrieved from /home/airflow/.local/lib/python3.8/site-packages/airflow/example_dags/example_datasets.py
[2024-04-09T16:52:46.168+0000] {logging_mixin.py:188} INFO - [2024-04-09T16:52:46.168+0000] {dag.py:3047} INFO - Sync 6 DAGs
[2024-04-09T16:52:46.182+0000] {logging_mixin.py:188} INFO - [2024-04-09T16:52:46.182+0000] {dag.py:3834} INFO - Setting next_dagrun for dataset_consumes_1 to None, run_after=None
[2024-04-09T16:52:46.184+0000] {logging_mixin.py:188} INFO - [2024-04-09T16:52:46.184+0000] {dag.py:3834} INFO - Setting next_dagrun for dataset_consumes_1_and_2 to None, run_after=None
[2024-04-09T16:52:46.185+0000] {logging_mixin.py:188} INFO - [2024-04-09T16:52:46.185+0000] {dag.py:3834} INFO - Setting next_dagrun for dataset_consumes_1_never_scheduled to None, run_after=None
[2024-04-09T16:52:46.186+0000] {logging_mixin.py:188} INFO - [2024-04-09T16:52:46.186+0000] {dag.py:3834} INFO - Setting next_dagrun for dataset_consumes_unknown_never_scheduled to None, run_after=None
[2024-04-09T16:52:46.187+0000] {logging_mixin.py:188} INFO - [2024-04-09T16:52:46.187+0000] {dag.py:3834} INFO - Setting next_dagrun for dataset_produces_1 to 2024-04-08 00:00:00+00:00, run_after=2024-04-09 00:00:00+00:00
[2024-04-09T16:52:46.188+0000] {logging_mixin.py:188} INFO - [2024-04-09T16:52:46.188+0000] {dag.py:3834} INFO - Setting next_dagrun for dataset_produces_2 to None, run_after=None
[2024-04-09T16:52:46.200+0000] {processor.py:183} INFO - Processing /home/airflow/.local/lib/python3.8/site-packages/airflow/example_dags/example_datasets.py took 0.084 seconds
[2024-04-09T16:53:16.394+0000] {processor.py:161} INFO - Started process (PID=2176) to work on /home/airflow/.local/lib/python3.8/site-packages/airflow/example_dags/example_datasets.py
[2024-04-09T16:53:16.412+0000] {processor.py:830} INFO - Processing file /home/airflow/.local/lib/python3.8/site-packages/airflow/example_dags/example_datasets.py for tasks to queue
[2024-04-09T16:53:16.424+0000] {logging_mixin.py:188} INFO - [2024-04-09T16:53:16.420+0000] {dagbag.py:540} INFO - Filling up the DagBag from /home/airflow/.local/lib/python3.8/site-packages/airflow/example_dags/example_datasets.py
[2024-04-09T16:53:16.493+0000] {processor.py:840} INFO - DAG(s) 'dataset_consumes_1_and_2', 'dataset_consumes_unknown_never_scheduled', 'dataset_consumes_1', 'dataset_consumes_1_never_scheduled', 'dataset_produces_2', 'dataset_produces_1' retrieved from /home/airflow/.local/lib/python3.8/site-packages/airflow/example_dags/example_datasets.py
[2024-04-09T16:53:16.588+0000] {logging_mixin.py:188} INFO - [2024-04-09T16:53:16.588+0000] {dag.py:3047} INFO - Sync 6 DAGs
[2024-04-09T16:53:16.651+0000] {logging_mixin.py:188} INFO - [2024-04-09T16:53:16.651+0000] {dag.py:3834} INFO - Setting next_dagrun for dataset_consumes_1 to None, run_after=None
[2024-04-09T16:53:16.658+0000] {logging_mixin.py:188} INFO - [2024-04-09T16:53:16.658+0000] {dag.py:3834} INFO - Setting next_dagrun for dataset_consumes_1_and_2 to None, run_after=None
[2024-04-09T16:53:16.660+0000] {logging_mixin.py:188} INFO - [2024-04-09T16:53:16.660+0000] {dag.py:3834} INFO - Setting next_dagrun for dataset_consumes_1_never_scheduled to None, run_after=None
[2024-04-09T16:53:16.661+0000] {logging_mixin.py:188} INFO - [2024-04-09T16:53:16.661+0000] {dag.py:3834} INFO - Setting next_dagrun for dataset_consumes_unknown_never_scheduled to None, run_after=None
[2024-04-09T16:53:16.665+0000] {logging_mixin.py:188} INFO - [2024-04-09T16:53:16.664+0000] {dag.py:3834} INFO - Setting next_dagrun for dataset_produces_1 to 2024-04-08 00:00:00+00:00, run_after=2024-04-09 00:00:00+00:00
[2024-04-09T16:53:16.671+0000] {logging_mixin.py:188} INFO - [2024-04-09T16:53:16.670+0000] {dag.py:3834} INFO - Setting next_dagrun for dataset_produces_2 to None, run_after=None
[2024-04-09T16:53:16.710+0000] {processor.py:183} INFO - Processing /home/airflow/.local/lib/python3.8/site-packages/airflow/example_dags/example_datasets.py took 0.369 seconds
[2024-04-09T16:53:47.526+0000] {processor.py:161} INFO - Started process (PID=2259) to work on /home/airflow/.local/lib/python3.8/site-packages/airflow/example_dags/example_datasets.py
[2024-04-09T16:53:47.529+0000] {processor.py:830} INFO - Processing file /home/airflow/.local/lib/python3.8/site-packages/airflow/example_dags/example_datasets.py for tasks to queue
[2024-04-09T16:53:47.550+0000] {logging_mixin.py:188} INFO - [2024-04-09T16:53:47.549+0000] {dagbag.py:540} INFO - Filling up the DagBag from /home/airflow/.local/lib/python3.8/site-packages/airflow/example_dags/example_datasets.py
[2024-04-09T16:53:47.587+0000] {processor.py:840} INFO - DAG(s) 'dataset_produces_2', 'dataset_consumes_1', 'dataset_consumes_1_never_scheduled', 'dataset_consumes_1_and_2', 'dataset_consumes_unknown_never_scheduled', 'dataset_produces_1' retrieved from /home/airflow/.local/lib/python3.8/site-packages/airflow/example_dags/example_datasets.py
[2024-04-09T16:53:47.705+0000] {logging_mixin.py:188} INFO - [2024-04-09T16:53:47.705+0000] {dag.py:3047} INFO - Sync 6 DAGs
[2024-04-09T16:53:47.759+0000] {logging_mixin.py:188} INFO - [2024-04-09T16:53:47.758+0000] {dag.py:3834} INFO - Setting next_dagrun for dataset_consumes_1 to None, run_after=None
[2024-04-09T16:53:47.766+0000] {logging_mixin.py:188} INFO - [2024-04-09T16:53:47.766+0000] {dag.py:3834} INFO - Setting next_dagrun for dataset_consumes_1_and_2 to None, run_after=None
[2024-04-09T16:53:47.773+0000] {logging_mixin.py:188} INFO - [2024-04-09T16:53:47.773+0000] {dag.py:3834} INFO - Setting next_dagrun for dataset_consumes_1_never_scheduled to None, run_after=None
[2024-04-09T16:53:47.778+0000] {logging_mixin.py:188} INFO - [2024-04-09T16:53:47.778+0000] {dag.py:3834} INFO - Setting next_dagrun for dataset_consumes_unknown_never_scheduled to None, run_after=None
[2024-04-09T16:53:47.787+0000] {logging_mixin.py:188} INFO - [2024-04-09T16:53:47.787+0000] {dag.py:3834} INFO - Setting next_dagrun for dataset_produces_1 to 2024-04-08 00:00:00+00:00, run_after=2024-04-09 00:00:00+00:00
[2024-04-09T16:53:47.788+0000] {logging_mixin.py:188} INFO - [2024-04-09T16:53:47.788+0000] {dag.py:3834} INFO - Setting next_dagrun for dataset_produces_2 to None, run_after=None
[2024-04-09T16:53:47.825+0000] {processor.py:183} INFO - Processing /home/airflow/.local/lib/python3.8/site-packages/airflow/example_dags/example_datasets.py took 0.306 seconds
[2024-04-09T16:54:17.969+0000] {processor.py:161} INFO - Started process (PID=2329) to work on /home/airflow/.local/lib/python3.8/site-packages/airflow/example_dags/example_datasets.py
[2024-04-09T16:54:17.972+0000] {processor.py:830} INFO - Processing file /home/airflow/.local/lib/python3.8/site-packages/airflow/example_dags/example_datasets.py for tasks to queue
[2024-04-09T16:54:17.993+0000] {logging_mixin.py:188} INFO - [2024-04-09T16:54:17.992+0000] {dagbag.py:540} INFO - Filling up the DagBag from /home/airflow/.local/lib/python3.8/site-packages/airflow/example_dags/example_datasets.py
[2024-04-09T16:54:18.032+0000] {processor.py:840} INFO - DAG(s) 'dataset_consumes_1', 'dataset_consumes_1_never_scheduled', 'dataset_produces_2', 'dataset_consumes_1_and_2', 'dataset_consumes_unknown_never_scheduled', 'dataset_produces_1' retrieved from /home/airflow/.local/lib/python3.8/site-packages/airflow/example_dags/example_datasets.py
[2024-04-09T16:54:18.173+0000] {logging_mixin.py:188} INFO - [2024-04-09T16:54:18.172+0000] {dag.py:3047} INFO - Sync 6 DAGs
[2024-04-09T16:54:18.289+0000] {logging_mixin.py:188} INFO - [2024-04-09T16:54:18.288+0000] {dag.py:3834} INFO - Setting next_dagrun for dataset_consumes_1 to None, run_after=None
[2024-04-09T16:54:18.304+0000] {logging_mixin.py:188} INFO - [2024-04-09T16:54:18.304+0000] {dag.py:3834} INFO - Setting next_dagrun for dataset_consumes_1_and_2 to None, run_after=None
[2024-04-09T16:54:18.311+0000] {logging_mixin.py:188} INFO - [2024-04-09T16:54:18.310+0000] {dag.py:3834} INFO - Setting next_dagrun for dataset_consumes_1_never_scheduled to None, run_after=None
[2024-04-09T16:54:18.314+0000] {logging_mixin.py:188} INFO - [2024-04-09T16:54:18.314+0000] {dag.py:3834} INFO - Setting next_dagrun for dataset_consumes_unknown_never_scheduled to None, run_after=None
[2024-04-09T16:54:18.319+0000] {logging_mixin.py:188} INFO - [2024-04-09T16:54:18.318+0000] {dag.py:3834} INFO - Setting next_dagrun for dataset_produces_1 to 2024-04-08 00:00:00+00:00, run_after=2024-04-09 00:00:00+00:00
[2024-04-09T16:54:18.322+0000] {logging_mixin.py:188} INFO - [2024-04-09T16:54:18.322+0000] {dag.py:3834} INFO - Setting next_dagrun for dataset_produces_2 to None, run_after=None
[2024-04-09T16:54:18.466+0000] {processor.py:183} INFO - Processing /home/airflow/.local/lib/python3.8/site-packages/airflow/example_dags/example_datasets.py took 0.508 seconds
