[2024-04-09T16:35:19.315+0000] {processor.py:161} INFO - Started process (PID=80) to work on /home/airflow/.local/lib/python3.8/site-packages/airflow/example_dags/example_params_trigger_ui.py
[2024-04-09T16:35:19.318+0000] {processor.py:830} INFO - Processing file /home/airflow/.local/lib/python3.8/site-packages/airflow/example_dags/example_params_trigger_ui.py for tasks to queue
[2024-04-09T16:35:19.323+0000] {logging_mixin.py:188} INFO - [2024-04-09T16:35:19.322+0000] {dagbag.py:540} INFO - Filling up the DagBag from /home/airflow/.local/lib/python3.8/site-packages/airflow/example_dags/example_params_trigger_ui.py
[2024-04-09T16:35:19.354+0000] {processor.py:840} INFO - DAG(s) 'example_params_trigger_ui' retrieved from /home/airflow/.local/lib/python3.8/site-packages/airflow/example_dags/example_params_trigger_ui.py
[2024-04-09T16:35:19.510+0000] {logging_mixin.py:188} INFO - [2024-04-09T16:35:19.510+0000] {dag.py:3047} INFO - Sync 1 DAGs
[2024-04-09T16:35:19.555+0000] {logging_mixin.py:188} INFO - [2024-04-09T16:35:19.554+0000] {dag.py:3834} INFO - Setting next_dagrun for example_params_trigger_ui to None, run_after=None
[2024-04-09T16:35:19.644+0000] {processor.py:183} INFO - Processing /home/airflow/.local/lib/python3.8/site-packages/airflow/example_dags/example_params_trigger_ui.py took 0.334 seconds
[2024-04-09T16:35:50.503+0000] {processor.py:161} INFO - Started process (PID=137) to work on /home/airflow/.local/lib/python3.8/site-packages/airflow/example_dags/example_params_trigger_ui.py
[2024-04-09T16:35:50.505+0000] {processor.py:830} INFO - Processing file /home/airflow/.local/lib/python3.8/site-packages/airflow/example_dags/example_params_trigger_ui.py for tasks to queue
[2024-04-09T16:35:50.506+0000] {logging_mixin.py:188} INFO - [2024-04-09T16:35:50.506+0000] {dagbag.py:540} INFO - Filling up the DagBag from /home/airflow/.local/lib/python3.8/site-packages/airflow/example_dags/example_params_trigger_ui.py
[2024-04-09T16:35:50.520+0000] {processor.py:840} INFO - DAG(s) 'example_params_trigger_ui' retrieved from /home/airflow/.local/lib/python3.8/site-packages/airflow/example_dags/example_params_trigger_ui.py
[2024-04-09T16:35:50.584+0000] {logging_mixin.py:188} INFO - [2024-04-09T16:35:50.584+0000] {dag.py:3047} INFO - Sync 1 DAGs
[2024-04-09T16:35:50.591+0000] {logging_mixin.py:188} INFO - [2024-04-09T16:35:50.591+0000] {dag.py:3834} INFO - Setting next_dagrun for example_params_trigger_ui to None, run_after=None
[2024-04-09T16:35:50.604+0000] {processor.py:183} INFO - Processing /home/airflow/.local/lib/python3.8/site-packages/airflow/example_dags/example_params_trigger_ui.py took 0.103 seconds
[2024-04-09T16:36:20.655+0000] {processor.py:161} INFO - Started process (PID=194) to work on /home/airflow/.local/lib/python3.8/site-packages/airflow/example_dags/example_params_trigger_ui.py
[2024-04-09T16:36:20.656+0000] {processor.py:830} INFO - Processing file /home/airflow/.local/lib/python3.8/site-packages/airflow/example_dags/example_params_trigger_ui.py for tasks to queue
[2024-04-09T16:36:20.657+0000] {logging_mixin.py:188} INFO - [2024-04-09T16:36:20.657+0000] {dagbag.py:540} INFO - Filling up the DagBag from /home/airflow/.local/lib/python3.8/site-packages/airflow/example_dags/example_params_trigger_ui.py
[2024-04-09T16:36:20.663+0000] {processor.py:840} INFO - DAG(s) 'example_params_trigger_ui' retrieved from /home/airflow/.local/lib/python3.8/site-packages/airflow/example_dags/example_params_trigger_ui.py
[2024-04-09T16:36:20.683+0000] {logging_mixin.py:188} INFO - [2024-04-09T16:36:20.683+0000] {dag.py:3047} INFO - Sync 1 DAGs
[2024-04-09T16:36:20.688+0000] {logging_mixin.py:188} INFO - [2024-04-09T16:36:20.688+0000] {dag.py:3834} INFO - Setting next_dagrun for example_params_trigger_ui to None, run_after=None
[2024-04-09T16:36:20.695+0000] {processor.py:183} INFO - Processing /home/airflow/.local/lib/python3.8/site-packages/airflow/example_dags/example_params_trigger_ui.py took 0.045 seconds
[2024-04-09T16:36:51.518+0000] {processor.py:161} INFO - Started process (PID=251) to work on /home/airflow/.local/lib/python3.8/site-packages/airflow/example_dags/example_params_trigger_ui.py
[2024-04-09T16:36:51.520+0000] {processor.py:830} INFO - Processing file /home/airflow/.local/lib/python3.8/site-packages/airflow/example_dags/example_params_trigger_ui.py for tasks to queue
[2024-04-09T16:36:51.521+0000] {logging_mixin.py:188} INFO - [2024-04-09T16:36:51.521+0000] {dagbag.py:540} INFO - Filling up the DagBag from /home/airflow/.local/lib/python3.8/site-packages/airflow/example_dags/example_params_trigger_ui.py
[2024-04-09T16:36:51.530+0000] {processor.py:840} INFO - DAG(s) 'example_params_trigger_ui' retrieved from /home/airflow/.local/lib/python3.8/site-packages/airflow/example_dags/example_params_trigger_ui.py
[2024-04-09T16:36:51.553+0000] {logging_mixin.py:188} INFO - [2024-04-09T16:36:51.552+0000] {dag.py:3047} INFO - Sync 1 DAGs
[2024-04-09T16:36:51.558+0000] {logging_mixin.py:188} INFO - [2024-04-09T16:36:51.558+0000] {dag.py:3834} INFO - Setting next_dagrun for example_params_trigger_ui to None, run_after=None
[2024-04-09T16:36:51.566+0000] {processor.py:183} INFO - Processing /home/airflow/.local/lib/python3.8/site-packages/airflow/example_dags/example_params_trigger_ui.py took 0.053 seconds
[2024-04-09T16:37:22.418+0000] {processor.py:161} INFO - Started process (PID=308) to work on /home/airflow/.local/lib/python3.8/site-packages/airflow/example_dags/example_params_trigger_ui.py
[2024-04-09T16:37:22.419+0000] {processor.py:830} INFO - Processing file /home/airflow/.local/lib/python3.8/site-packages/airflow/example_dags/example_params_trigger_ui.py for tasks to queue
[2024-04-09T16:37:22.420+0000] {logging_mixin.py:188} INFO - [2024-04-09T16:37:22.420+0000] {dagbag.py:540} INFO - Filling up the DagBag from /home/airflow/.local/lib/python3.8/site-packages/airflow/example_dags/example_params_trigger_ui.py
[2024-04-09T16:37:22.435+0000] {processor.py:840} INFO - DAG(s) 'example_params_trigger_ui' retrieved from /home/airflow/.local/lib/python3.8/site-packages/airflow/example_dags/example_params_trigger_ui.py
[2024-04-09T16:37:22.468+0000] {logging_mixin.py:188} INFO - [2024-04-09T16:37:22.468+0000] {dag.py:3047} INFO - Sync 1 DAGs
[2024-04-09T16:37:22.474+0000] {logging_mixin.py:188} INFO - [2024-04-09T16:37:22.474+0000] {dag.py:3834} INFO - Setting next_dagrun for example_params_trigger_ui to None, run_after=None
[2024-04-09T16:37:22.481+0000] {processor.py:183} INFO - Processing /home/airflow/.local/lib/python3.8/site-packages/airflow/example_dags/example_params_trigger_ui.py took 0.068 seconds
[2024-04-09T16:37:53.282+0000] {processor.py:161} INFO - Started process (PID=365) to work on /home/airflow/.local/lib/python3.8/site-packages/airflow/example_dags/example_params_trigger_ui.py
[2024-04-09T16:37:53.284+0000] {processor.py:830} INFO - Processing file /home/airflow/.local/lib/python3.8/site-packages/airflow/example_dags/example_params_trigger_ui.py for tasks to queue
[2024-04-09T16:37:53.286+0000] {logging_mixin.py:188} INFO - [2024-04-09T16:37:53.285+0000] {dagbag.py:540} INFO - Filling up the DagBag from /home/airflow/.local/lib/python3.8/site-packages/airflow/example_dags/example_params_trigger_ui.py
[2024-04-09T16:37:53.299+0000] {processor.py:840} INFO - DAG(s) 'example_params_trigger_ui' retrieved from /home/airflow/.local/lib/python3.8/site-packages/airflow/example_dags/example_params_trigger_ui.py
[2024-04-09T16:37:53.330+0000] {logging_mixin.py:188} INFO - [2024-04-09T16:37:53.330+0000] {dag.py:3047} INFO - Sync 1 DAGs
[2024-04-09T16:37:53.336+0000] {logging_mixin.py:188} INFO - [2024-04-09T16:37:53.336+0000] {dag.py:3834} INFO - Setting next_dagrun for example_params_trigger_ui to None, run_after=None
[2024-04-09T16:37:53.344+0000] {processor.py:183} INFO - Processing /home/airflow/.local/lib/python3.8/site-packages/airflow/example_dags/example_params_trigger_ui.py took 0.067 seconds
[2024-04-09T16:38:24.062+0000] {processor.py:161} INFO - Started process (PID=422) to work on /home/airflow/.local/lib/python3.8/site-packages/airflow/example_dags/example_params_trigger_ui.py
[2024-04-09T16:38:24.063+0000] {processor.py:830} INFO - Processing file /home/airflow/.local/lib/python3.8/site-packages/airflow/example_dags/example_params_trigger_ui.py for tasks to queue
[2024-04-09T16:38:24.065+0000] {logging_mixin.py:188} INFO - [2024-04-09T16:38:24.065+0000] {dagbag.py:540} INFO - Filling up the DagBag from /home/airflow/.local/lib/python3.8/site-packages/airflow/example_dags/example_params_trigger_ui.py
[2024-04-09T16:38:24.075+0000] {processor.py:840} INFO - DAG(s) 'example_params_trigger_ui' retrieved from /home/airflow/.local/lib/python3.8/site-packages/airflow/example_dags/example_params_trigger_ui.py
[2024-04-09T16:38:24.101+0000] {logging_mixin.py:188} INFO - [2024-04-09T16:38:24.101+0000] {dag.py:3047} INFO - Sync 1 DAGs
[2024-04-09T16:38:24.108+0000] {logging_mixin.py:188} INFO - [2024-04-09T16:38:24.108+0000] {dag.py:3834} INFO - Setting next_dagrun for example_params_trigger_ui to None, run_after=None
[2024-04-09T16:38:24.117+0000] {processor.py:183} INFO - Processing /home/airflow/.local/lib/python3.8/site-packages/airflow/example_dags/example_params_trigger_ui.py took 0.058 seconds
[2024-04-09T16:38:54.807+0000] {processor.py:161} INFO - Started process (PID=479) to work on /home/airflow/.local/lib/python3.8/site-packages/airflow/example_dags/example_params_trigger_ui.py
[2024-04-09T16:38:54.808+0000] {processor.py:830} INFO - Processing file /home/airflow/.local/lib/python3.8/site-packages/airflow/example_dags/example_params_trigger_ui.py for tasks to queue
[2024-04-09T16:38:54.811+0000] {logging_mixin.py:188} INFO - [2024-04-09T16:38:54.810+0000] {dagbag.py:540} INFO - Filling up the DagBag from /home/airflow/.local/lib/python3.8/site-packages/airflow/example_dags/example_params_trigger_ui.py
[2024-04-09T16:38:54.823+0000] {processor.py:840} INFO - DAG(s) 'example_params_trigger_ui' retrieved from /home/airflow/.local/lib/python3.8/site-packages/airflow/example_dags/example_params_trigger_ui.py
[2024-04-09T16:38:54.850+0000] {logging_mixin.py:188} INFO - [2024-04-09T16:38:54.850+0000] {dag.py:3047} INFO - Sync 1 DAGs
[2024-04-09T16:38:54.857+0000] {logging_mixin.py:188} INFO - [2024-04-09T16:38:54.857+0000] {dag.py:3834} INFO - Setting next_dagrun for example_params_trigger_ui to None, run_after=None
[2024-04-09T16:38:54.864+0000] {processor.py:183} INFO - Processing /home/airflow/.local/lib/python3.8/site-packages/airflow/example_dags/example_params_trigger_ui.py took 0.063 seconds
[2024-04-09T16:39:25.672+0000] {processor.py:161} INFO - Started process (PID=536) to work on /home/airflow/.local/lib/python3.8/site-packages/airflow/example_dags/example_params_trigger_ui.py
[2024-04-09T16:39:25.673+0000] {processor.py:830} INFO - Processing file /home/airflow/.local/lib/python3.8/site-packages/airflow/example_dags/example_params_trigger_ui.py for tasks to queue
[2024-04-09T16:39:25.675+0000] {logging_mixin.py:188} INFO - [2024-04-09T16:39:25.675+0000] {dagbag.py:540} INFO - Filling up the DagBag from /home/airflow/.local/lib/python3.8/site-packages/airflow/example_dags/example_params_trigger_ui.py
[2024-04-09T16:39:25.688+0000] {processor.py:840} INFO - DAG(s) 'example_params_trigger_ui' retrieved from /home/airflow/.local/lib/python3.8/site-packages/airflow/example_dags/example_params_trigger_ui.py
[2024-04-09T16:39:25.715+0000] {logging_mixin.py:188} INFO - [2024-04-09T16:39:25.715+0000] {dag.py:3047} INFO - Sync 1 DAGs
[2024-04-09T16:39:25.721+0000] {logging_mixin.py:188} INFO - [2024-04-09T16:39:25.720+0000] {dag.py:3834} INFO - Setting next_dagrun for example_params_trigger_ui to None, run_after=None
[2024-04-09T16:39:25.729+0000] {processor.py:183} INFO - Processing /home/airflow/.local/lib/python3.8/site-packages/airflow/example_dags/example_params_trigger_ui.py took 0.061 seconds
[2024-04-09T16:39:56.003+0000] {processor.py:161} INFO - Started process (PID=593) to work on /home/airflow/.local/lib/python3.8/site-packages/airflow/example_dags/example_params_trigger_ui.py
[2024-04-09T16:39:56.004+0000] {processor.py:830} INFO - Processing file /home/airflow/.local/lib/python3.8/site-packages/airflow/example_dags/example_params_trigger_ui.py for tasks to queue
[2024-04-09T16:39:56.006+0000] {logging_mixin.py:188} INFO - [2024-04-09T16:39:56.005+0000] {dagbag.py:540} INFO - Filling up the DagBag from /home/airflow/.local/lib/python3.8/site-packages/airflow/example_dags/example_params_trigger_ui.py
[2024-04-09T16:39:56.017+0000] {processor.py:840} INFO - DAG(s) 'example_params_trigger_ui' retrieved from /home/airflow/.local/lib/python3.8/site-packages/airflow/example_dags/example_params_trigger_ui.py
[2024-04-09T16:39:56.048+0000] {logging_mixin.py:188} INFO - [2024-04-09T16:39:56.048+0000] {dag.py:3047} INFO - Sync 1 DAGs
[2024-04-09T16:39:56.054+0000] {logging_mixin.py:188} INFO - [2024-04-09T16:39:56.054+0000] {dag.py:3834} INFO - Setting next_dagrun for example_params_trigger_ui to None, run_after=None
[2024-04-09T16:39:56.062+0000] {processor.py:183} INFO - Processing /home/airflow/.local/lib/python3.8/site-packages/airflow/example_dags/example_params_trigger_ui.py took 0.063 seconds
[2024-04-09T16:40:26.163+0000] {processor.py:161} INFO - Started process (PID=650) to work on /home/airflow/.local/lib/python3.8/site-packages/airflow/example_dags/example_params_trigger_ui.py
[2024-04-09T16:40:26.165+0000] {processor.py:830} INFO - Processing file /home/airflow/.local/lib/python3.8/site-packages/airflow/example_dags/example_params_trigger_ui.py for tasks to queue
[2024-04-09T16:40:26.167+0000] {logging_mixin.py:188} INFO - [2024-04-09T16:40:26.167+0000] {dagbag.py:540} INFO - Filling up the DagBag from /home/airflow/.local/lib/python3.8/site-packages/airflow/example_dags/example_params_trigger_ui.py
[2024-04-09T16:40:26.184+0000] {processor.py:840} INFO - DAG(s) 'example_params_trigger_ui' retrieved from /home/airflow/.local/lib/python3.8/site-packages/airflow/example_dags/example_params_trigger_ui.py
[2024-04-09T16:40:26.214+0000] {logging_mixin.py:188} INFO - [2024-04-09T16:40:26.214+0000] {dag.py:3047} INFO - Sync 1 DAGs
[2024-04-09T16:40:26.220+0000] {logging_mixin.py:188} INFO - [2024-04-09T16:40:26.220+0000] {dag.py:3834} INFO - Setting next_dagrun for example_params_trigger_ui to None, run_after=None
[2024-04-09T16:40:26.228+0000] {processor.py:183} INFO - Processing /home/airflow/.local/lib/python3.8/site-packages/airflow/example_dags/example_params_trigger_ui.py took 0.071 seconds
[2024-04-09T16:40:56.298+0000] {processor.py:161} INFO - Started process (PID=708) to work on /home/airflow/.local/lib/python3.8/site-packages/airflow/example_dags/example_params_trigger_ui.py
[2024-04-09T16:40:56.298+0000] {processor.py:830} INFO - Processing file /home/airflow/.local/lib/python3.8/site-packages/airflow/example_dags/example_params_trigger_ui.py for tasks to queue
[2024-04-09T16:40:56.299+0000] {logging_mixin.py:188} INFO - [2024-04-09T16:40:56.299+0000] {dagbag.py:540} INFO - Filling up the DagBag from /home/airflow/.local/lib/python3.8/site-packages/airflow/example_dags/example_params_trigger_ui.py
[2024-04-09T16:40:56.305+0000] {processor.py:840} INFO - DAG(s) 'example_params_trigger_ui' retrieved from /home/airflow/.local/lib/python3.8/site-packages/airflow/example_dags/example_params_trigger_ui.py
[2024-04-09T16:40:56.326+0000] {logging_mixin.py:188} INFO - [2024-04-09T16:40:56.325+0000] {dag.py:3047} INFO - Sync 1 DAGs
[2024-04-09T16:40:56.331+0000] {logging_mixin.py:188} INFO - [2024-04-09T16:40:56.331+0000] {dag.py:3834} INFO - Setting next_dagrun for example_params_trigger_ui to None, run_after=None
[2024-04-09T16:40:56.339+0000] {processor.py:183} INFO - Processing /home/airflow/.local/lib/python3.8/site-packages/airflow/example_dags/example_params_trigger_ui.py took 0.043 seconds
[2024-04-09T16:41:26.381+0000] {processor.py:161} INFO - Started process (PID=765) to work on /home/airflow/.local/lib/python3.8/site-packages/airflow/example_dags/example_params_trigger_ui.py
[2024-04-09T16:41:26.381+0000] {processor.py:830} INFO - Processing file /home/airflow/.local/lib/python3.8/site-packages/airflow/example_dags/example_params_trigger_ui.py for tasks to queue
[2024-04-09T16:41:26.382+0000] {logging_mixin.py:188} INFO - [2024-04-09T16:41:26.382+0000] {dagbag.py:540} INFO - Filling up the DagBag from /home/airflow/.local/lib/python3.8/site-packages/airflow/example_dags/example_params_trigger_ui.py
[2024-04-09T16:41:26.388+0000] {processor.py:840} INFO - DAG(s) 'example_params_trigger_ui' retrieved from /home/airflow/.local/lib/python3.8/site-packages/airflow/example_dags/example_params_trigger_ui.py
[2024-04-09T16:41:26.413+0000] {logging_mixin.py:188} INFO - [2024-04-09T16:41:26.413+0000] {dag.py:3047} INFO - Sync 1 DAGs
[2024-04-09T16:41:26.420+0000] {logging_mixin.py:188} INFO - [2024-04-09T16:41:26.420+0000] {dag.py:3834} INFO - Setting next_dagrun for example_params_trigger_ui to None, run_after=None
[2024-04-09T16:41:26.428+0000] {processor.py:183} INFO - Processing /home/airflow/.local/lib/python3.8/site-packages/airflow/example_dags/example_params_trigger_ui.py took 0.049 seconds
[2024-04-09T16:41:56.779+0000] {processor.py:161} INFO - Started process (PID=821) to work on /home/airflow/.local/lib/python3.8/site-packages/airflow/example_dags/example_params_trigger_ui.py
[2024-04-09T16:41:56.780+0000] {processor.py:830} INFO - Processing file /home/airflow/.local/lib/python3.8/site-packages/airflow/example_dags/example_params_trigger_ui.py for tasks to queue
[2024-04-09T16:41:56.781+0000] {logging_mixin.py:188} INFO - [2024-04-09T16:41:56.780+0000] {dagbag.py:540} INFO - Filling up the DagBag from /home/airflow/.local/lib/python3.8/site-packages/airflow/example_dags/example_params_trigger_ui.py
[2024-04-09T16:41:56.787+0000] {processor.py:840} INFO - DAG(s) 'example_params_trigger_ui' retrieved from /home/airflow/.local/lib/python3.8/site-packages/airflow/example_dags/example_params_trigger_ui.py
[2024-04-09T16:41:56.807+0000] {logging_mixin.py:188} INFO - [2024-04-09T16:41:56.807+0000] {dag.py:3047} INFO - Sync 1 DAGs
[2024-04-09T16:41:56.812+0000] {logging_mixin.py:188} INFO - [2024-04-09T16:41:56.812+0000] {dag.py:3834} INFO - Setting next_dagrun for example_params_trigger_ui to None, run_after=None
[2024-04-09T16:41:56.820+0000] {processor.py:183} INFO - Processing /home/airflow/.local/lib/python3.8/site-packages/airflow/example_dags/example_params_trigger_ui.py took 0.042 seconds
[2024-04-09T16:42:27.636+0000] {processor.py:161} INFO - Started process (PID=881) to work on /home/airflow/.local/lib/python3.8/site-packages/airflow/example_dags/example_params_trigger_ui.py
[2024-04-09T16:42:27.637+0000] {processor.py:830} INFO - Processing file /home/airflow/.local/lib/python3.8/site-packages/airflow/example_dags/example_params_trigger_ui.py for tasks to queue
[2024-04-09T16:42:27.637+0000] {logging_mixin.py:188} INFO - [2024-04-09T16:42:27.637+0000] {dagbag.py:540} INFO - Filling up the DagBag from /home/airflow/.local/lib/python3.8/site-packages/airflow/example_dags/example_params_trigger_ui.py
[2024-04-09T16:42:27.643+0000] {processor.py:840} INFO - DAG(s) 'example_params_trigger_ui' retrieved from /home/airflow/.local/lib/python3.8/site-packages/airflow/example_dags/example_params_trigger_ui.py
[2024-04-09T16:42:27.664+0000] {logging_mixin.py:188} INFO - [2024-04-09T16:42:27.664+0000] {dag.py:3047} INFO - Sync 1 DAGs
[2024-04-09T16:42:27.669+0000] {logging_mixin.py:188} INFO - [2024-04-09T16:42:27.669+0000] {dag.py:3834} INFO - Setting next_dagrun for example_params_trigger_ui to None, run_after=None
[2024-04-09T16:42:27.677+0000] {processor.py:183} INFO - Processing /home/airflow/.local/lib/python3.8/site-packages/airflow/example_dags/example_params_trigger_ui.py took 0.042 seconds
[2024-04-09T16:42:58.435+0000] {processor.py:161} INFO - Started process (PID=945) to work on /home/airflow/.local/lib/python3.8/site-packages/airflow/example_dags/example_params_trigger_ui.py
[2024-04-09T16:42:58.437+0000] {processor.py:830} INFO - Processing file /home/airflow/.local/lib/python3.8/site-packages/airflow/example_dags/example_params_trigger_ui.py for tasks to queue
[2024-04-09T16:42:58.438+0000] {logging_mixin.py:188} INFO - [2024-04-09T16:42:58.438+0000] {dagbag.py:540} INFO - Filling up the DagBag from /home/airflow/.local/lib/python3.8/site-packages/airflow/example_dags/example_params_trigger_ui.py
[2024-04-09T16:42:58.447+0000] {processor.py:840} INFO - DAG(s) 'example_params_trigger_ui' retrieved from /home/airflow/.local/lib/python3.8/site-packages/airflow/example_dags/example_params_trigger_ui.py
[2024-04-09T16:42:58.468+0000] {logging_mixin.py:188} INFO - [2024-04-09T16:42:58.468+0000] {dag.py:3047} INFO - Sync 1 DAGs
[2024-04-09T16:42:58.473+0000] {logging_mixin.py:188} INFO - [2024-04-09T16:42:58.473+0000] {dag.py:3834} INFO - Setting next_dagrun for example_params_trigger_ui to None, run_after=None
[2024-04-09T16:42:58.480+0000] {processor.py:183} INFO - Processing /home/airflow/.local/lib/python3.8/site-packages/airflow/example_dags/example_params_trigger_ui.py took 0.047 seconds
[2024-04-09T16:43:29.523+0000] {processor.py:161} INFO - Started process (PID=1003) to work on /home/airflow/.local/lib/python3.8/site-packages/airflow/example_dags/example_params_trigger_ui.py
[2024-04-09T16:43:29.524+0000] {processor.py:830} INFO - Processing file /home/airflow/.local/lib/python3.8/site-packages/airflow/example_dags/example_params_trigger_ui.py for tasks to queue
[2024-04-09T16:43:29.525+0000] {logging_mixin.py:188} INFO - [2024-04-09T16:43:29.524+0000] {dagbag.py:540} INFO - Filling up the DagBag from /home/airflow/.local/lib/python3.8/site-packages/airflow/example_dags/example_params_trigger_ui.py
[2024-04-09T16:43:29.533+0000] {processor.py:840} INFO - DAG(s) 'example_params_trigger_ui' retrieved from /home/airflow/.local/lib/python3.8/site-packages/airflow/example_dags/example_params_trigger_ui.py
[2024-04-09T16:43:29.556+0000] {logging_mixin.py:188} INFO - [2024-04-09T16:43:29.556+0000] {dag.py:3047} INFO - Sync 1 DAGs
[2024-04-09T16:43:29.561+0000] {logging_mixin.py:188} INFO - [2024-04-09T16:43:29.561+0000] {dag.py:3834} INFO - Setting next_dagrun for example_params_trigger_ui to None, run_after=None
[2024-04-09T16:43:29.569+0000] {processor.py:183} INFO - Processing /home/airflow/.local/lib/python3.8/site-packages/airflow/example_dags/example_params_trigger_ui.py took 0.048 seconds
[2024-04-09T16:44:00.502+0000] {processor.py:161} INFO - Started process (PID=1061) to work on /home/airflow/.local/lib/python3.8/site-packages/airflow/example_dags/example_params_trigger_ui.py
[2024-04-09T16:44:00.503+0000] {processor.py:830} INFO - Processing file /home/airflow/.local/lib/python3.8/site-packages/airflow/example_dags/example_params_trigger_ui.py for tasks to queue
[2024-04-09T16:44:00.504+0000] {logging_mixin.py:188} INFO - [2024-04-09T16:44:00.503+0000] {dagbag.py:540} INFO - Filling up the DagBag from /home/airflow/.local/lib/python3.8/site-packages/airflow/example_dags/example_params_trigger_ui.py
[2024-04-09T16:44:00.510+0000] {processor.py:840} INFO - DAG(s) 'example_params_trigger_ui' retrieved from /home/airflow/.local/lib/python3.8/site-packages/airflow/example_dags/example_params_trigger_ui.py
[2024-04-09T16:44:00.532+0000] {logging_mixin.py:188} INFO - [2024-04-09T16:44:00.532+0000] {dag.py:3047} INFO - Sync 1 DAGs
[2024-04-09T16:44:00.540+0000] {logging_mixin.py:188} INFO - [2024-04-09T16:44:00.540+0000] {dag.py:3834} INFO - Setting next_dagrun for example_params_trigger_ui to None, run_after=None
[2024-04-09T16:44:00.547+0000] {processor.py:183} INFO - Processing /home/airflow/.local/lib/python3.8/site-packages/airflow/example_dags/example_params_trigger_ui.py took 0.047 seconds
[2024-04-09T16:44:30.580+0000] {processor.py:161} INFO - Started process (PID=1119) to work on /home/airflow/.local/lib/python3.8/site-packages/airflow/example_dags/example_params_trigger_ui.py
[2024-04-09T16:44:30.580+0000] {processor.py:830} INFO - Processing file /home/airflow/.local/lib/python3.8/site-packages/airflow/example_dags/example_params_trigger_ui.py for tasks to queue
[2024-04-09T16:44:30.581+0000] {logging_mixin.py:188} INFO - [2024-04-09T16:44:30.581+0000] {dagbag.py:540} INFO - Filling up the DagBag from /home/airflow/.local/lib/python3.8/site-packages/airflow/example_dags/example_params_trigger_ui.py
[2024-04-09T16:44:30.588+0000] {processor.py:840} INFO - DAG(s) 'example_params_trigger_ui' retrieved from /home/airflow/.local/lib/python3.8/site-packages/airflow/example_dags/example_params_trigger_ui.py
[2024-04-09T16:44:30.610+0000] {logging_mixin.py:188} INFO - [2024-04-09T16:44:30.609+0000] {dag.py:3047} INFO - Sync 1 DAGs
[2024-04-09T16:44:30.615+0000] {logging_mixin.py:188} INFO - [2024-04-09T16:44:30.615+0000] {dag.py:3834} INFO - Setting next_dagrun for example_params_trigger_ui to None, run_after=None
[2024-04-09T16:44:30.623+0000] {processor.py:183} INFO - Processing /home/airflow/.local/lib/python3.8/site-packages/airflow/example_dags/example_params_trigger_ui.py took 0.045 seconds
[2024-04-09T16:45:00.793+0000] {processor.py:161} INFO - Started process (PID=1175) to work on /home/airflow/.local/lib/python3.8/site-packages/airflow/example_dags/example_params_trigger_ui.py
[2024-04-09T16:45:00.794+0000] {processor.py:830} INFO - Processing file /home/airflow/.local/lib/python3.8/site-packages/airflow/example_dags/example_params_trigger_ui.py for tasks to queue
[2024-04-09T16:45:00.795+0000] {logging_mixin.py:188} INFO - [2024-04-09T16:45:00.795+0000] {dagbag.py:540} INFO - Filling up the DagBag from /home/airflow/.local/lib/python3.8/site-packages/airflow/example_dags/example_params_trigger_ui.py
[2024-04-09T16:45:00.802+0000] {processor.py:840} INFO - DAG(s) 'example_params_trigger_ui' retrieved from /home/airflow/.local/lib/python3.8/site-packages/airflow/example_dags/example_params_trigger_ui.py
[2024-04-09T16:45:00.822+0000] {logging_mixin.py:188} INFO - [2024-04-09T16:45:00.822+0000] {dag.py:3047} INFO - Sync 1 DAGs
[2024-04-09T16:45:00.827+0000] {logging_mixin.py:188} INFO - [2024-04-09T16:45:00.827+0000] {dag.py:3834} INFO - Setting next_dagrun for example_params_trigger_ui to None, run_after=None
[2024-04-09T16:45:00.834+0000] {processor.py:183} INFO - Processing /home/airflow/.local/lib/python3.8/site-packages/airflow/example_dags/example_params_trigger_ui.py took 0.042 seconds
[2024-04-09T16:45:31.172+0000] {processor.py:161} INFO - Started process (PID=1233) to work on /home/airflow/.local/lib/python3.8/site-packages/airflow/example_dags/example_params_trigger_ui.py
[2024-04-09T16:45:31.173+0000] {processor.py:830} INFO - Processing file /home/airflow/.local/lib/python3.8/site-packages/airflow/example_dags/example_params_trigger_ui.py for tasks to queue
[2024-04-09T16:45:31.174+0000] {logging_mixin.py:188} INFO - [2024-04-09T16:45:31.174+0000] {dagbag.py:540} INFO - Filling up the DagBag from /home/airflow/.local/lib/python3.8/site-packages/airflow/example_dags/example_params_trigger_ui.py
[2024-04-09T16:45:31.188+0000] {processor.py:840} INFO - DAG(s) 'example_params_trigger_ui' retrieved from /home/airflow/.local/lib/python3.8/site-packages/airflow/example_dags/example_params_trigger_ui.py
[2024-04-09T16:45:31.209+0000] {logging_mixin.py:188} INFO - [2024-04-09T16:45:31.209+0000] {dag.py:3047} INFO - Sync 1 DAGs
[2024-04-09T16:45:31.216+0000] {logging_mixin.py:188} INFO - [2024-04-09T16:45:31.216+0000] {dag.py:3834} INFO - Setting next_dagrun for example_params_trigger_ui to None, run_after=None
[2024-04-09T16:45:31.223+0000] {processor.py:183} INFO - Processing /home/airflow/.local/lib/python3.8/site-packages/airflow/example_dags/example_params_trigger_ui.py took 0.052 seconds
[2024-04-09T16:46:02.885+0000] {processor.py:161} INFO - Started process (PID=1298) to work on /home/airflow/.local/lib/python3.8/site-packages/airflow/example_dags/example_params_trigger_ui.py
[2024-04-09T16:46:02.889+0000] {processor.py:830} INFO - Processing file /home/airflow/.local/lib/python3.8/site-packages/airflow/example_dags/example_params_trigger_ui.py for tasks to queue
[2024-04-09T16:46:02.891+0000] {logging_mixin.py:188} INFO - [2024-04-09T16:46:02.891+0000] {dagbag.py:540} INFO - Filling up the DagBag from /home/airflow/.local/lib/python3.8/site-packages/airflow/example_dags/example_params_trigger_ui.py
[2024-04-09T16:46:02.902+0000] {processor.py:840} INFO - DAG(s) 'example_params_trigger_ui' retrieved from /home/airflow/.local/lib/python3.8/site-packages/airflow/example_dags/example_params_trigger_ui.py
[2024-04-09T16:46:02.933+0000] {logging_mixin.py:188} INFO - [2024-04-09T16:46:02.932+0000] {dag.py:3047} INFO - Sync 1 DAGs
[2024-04-09T16:46:02.939+0000] {logging_mixin.py:188} INFO - [2024-04-09T16:46:02.939+0000] {dag.py:3834} INFO - Setting next_dagrun for example_params_trigger_ui to None, run_after=None
[2024-04-09T16:46:02.947+0000] {processor.py:183} INFO - Processing /home/airflow/.local/lib/python3.8/site-packages/airflow/example_dags/example_params_trigger_ui.py took 0.068 seconds
[2024-04-09T16:46:33.691+0000] {processor.py:161} INFO - Started process (PID=1360) to work on /home/airflow/.local/lib/python3.8/site-packages/airflow/example_dags/example_params_trigger_ui.py
[2024-04-09T16:46:33.692+0000] {processor.py:830} INFO - Processing file /home/airflow/.local/lib/python3.8/site-packages/airflow/example_dags/example_params_trigger_ui.py for tasks to queue
[2024-04-09T16:46:33.698+0000] {logging_mixin.py:188} INFO - [2024-04-09T16:46:33.697+0000] {dagbag.py:540} INFO - Filling up the DagBag from /home/airflow/.local/lib/python3.8/site-packages/airflow/example_dags/example_params_trigger_ui.py
[2024-04-09T16:46:33.731+0000] {processor.py:840} INFO - DAG(s) 'example_params_trigger_ui' retrieved from /home/airflow/.local/lib/python3.8/site-packages/airflow/example_dags/example_params_trigger_ui.py
[2024-04-09T16:46:33.853+0000] {logging_mixin.py:188} INFO - [2024-04-09T16:46:33.851+0000] {dag.py:3047} INFO - Sync 1 DAGs
[2024-04-09T16:46:33.869+0000] {logging_mixin.py:188} INFO - [2024-04-09T16:46:33.869+0000] {dag.py:3834} INFO - Setting next_dagrun for example_params_trigger_ui to None, run_after=None
[2024-04-09T16:46:33.903+0000] {processor.py:183} INFO - Processing /home/airflow/.local/lib/python3.8/site-packages/airflow/example_dags/example_params_trigger_ui.py took 0.219 seconds
[2024-04-09T16:47:06.537+0000] {processor.py:161} INFO - Started process (PID=1437) to work on /home/airflow/.local/lib/python3.8/site-packages/airflow/example_dags/example_params_trigger_ui.py
[2024-04-09T16:47:06.544+0000] {processor.py:830} INFO - Processing file /home/airflow/.local/lib/python3.8/site-packages/airflow/example_dags/example_params_trigger_ui.py for tasks to queue
[2024-04-09T16:47:06.556+0000] {logging_mixin.py:188} INFO - [2024-04-09T16:47:06.554+0000] {dagbag.py:540} INFO - Filling up the DagBag from /home/airflow/.local/lib/python3.8/site-packages/airflow/example_dags/example_params_trigger_ui.py
[2024-04-09T16:47:06.615+0000] {processor.py:840} INFO - DAG(s) 'example_params_trigger_ui' retrieved from /home/airflow/.local/lib/python3.8/site-packages/airflow/example_dags/example_params_trigger_ui.py
[2024-04-09T16:47:06.790+0000] {logging_mixin.py:188} INFO - [2024-04-09T16:47:06.790+0000] {dag.py:3047} INFO - Sync 1 DAGs
[2024-04-09T16:47:06.832+0000] {logging_mixin.py:188} INFO - [2024-04-09T16:47:06.832+0000] {dag.py:3834} INFO - Setting next_dagrun for example_params_trigger_ui to None, run_after=None
[2024-04-09T16:47:06.898+0000] {processor.py:183} INFO - Processing /home/airflow/.local/lib/python3.8/site-packages/airflow/example_dags/example_params_trigger_ui.py took 0.372 seconds
[2024-04-09T16:47:41.805+0000] {processor.py:161} INFO - Started process (PID=1510) to work on /home/airflow/.local/lib/python3.8/site-packages/airflow/example_dags/example_params_trigger_ui.py
[2024-04-09T16:47:41.815+0000] {processor.py:830} INFO - Processing file /home/airflow/.local/lib/python3.8/site-packages/airflow/example_dags/example_params_trigger_ui.py for tasks to queue
[2024-04-09T16:47:41.836+0000] {logging_mixin.py:188} INFO - [2024-04-09T16:47:41.835+0000] {dagbag.py:540} INFO - Filling up the DagBag from /home/airflow/.local/lib/python3.8/site-packages/airflow/example_dags/example_params_trigger_ui.py
[2024-04-09T16:47:41.975+0000] {processor.py:840} INFO - DAG(s) 'example_params_trigger_ui' retrieved from /home/airflow/.local/lib/python3.8/site-packages/airflow/example_dags/example_params_trigger_ui.py
[2024-04-09T16:47:42.633+0000] {logging_mixin.py:188} INFO - [2024-04-09T16:47:42.632+0000] {dag.py:3047} INFO - Sync 1 DAGs
[2024-04-09T16:47:42.728+0000] {logging_mixin.py:188} INFO - [2024-04-09T16:47:42.728+0000] {dag.py:3834} INFO - Setting next_dagrun for example_params_trigger_ui to None, run_after=None
[2024-04-09T16:47:42.815+0000] {processor.py:183} INFO - Processing /home/airflow/.local/lib/python3.8/site-packages/airflow/example_dags/example_params_trigger_ui.py took 1.035 seconds
[2024-04-09T16:48:13.617+0000] {processor.py:161} INFO - Started process (PID=1567) to work on /home/airflow/.local/lib/python3.8/site-packages/airflow/example_dags/example_params_trigger_ui.py
[2024-04-09T16:48:13.619+0000] {processor.py:830} INFO - Processing file /home/airflow/.local/lib/python3.8/site-packages/airflow/example_dags/example_params_trigger_ui.py for tasks to queue
[2024-04-09T16:48:13.621+0000] {logging_mixin.py:188} INFO - [2024-04-09T16:48:13.621+0000] {dagbag.py:540} INFO - Filling up the DagBag from /home/airflow/.local/lib/python3.8/site-packages/airflow/example_dags/example_params_trigger_ui.py
[2024-04-09T16:48:13.640+0000] {processor.py:840} INFO - DAG(s) 'example_params_trigger_ui' retrieved from /home/airflow/.local/lib/python3.8/site-packages/airflow/example_dags/example_params_trigger_ui.py
[2024-04-09T16:48:13.671+0000] {logging_mixin.py:188} INFO - [2024-04-09T16:48:13.671+0000] {dag.py:3047} INFO - Sync 1 DAGs
[2024-04-09T16:48:13.677+0000] {logging_mixin.py:188} INFO - [2024-04-09T16:48:13.677+0000] {dag.py:3834} INFO - Setting next_dagrun for example_params_trigger_ui to None, run_after=None
[2024-04-09T16:48:13.685+0000] {processor.py:183} INFO - Processing /home/airflow/.local/lib/python3.8/site-packages/airflow/example_dags/example_params_trigger_ui.py took 0.074 seconds
[2024-04-09T16:48:44.031+0000] {processor.py:161} INFO - Started process (PID=1624) to work on /home/airflow/.local/lib/python3.8/site-packages/airflow/example_dags/example_params_trigger_ui.py
[2024-04-09T16:48:44.032+0000] {processor.py:830} INFO - Processing file /home/airflow/.local/lib/python3.8/site-packages/airflow/example_dags/example_params_trigger_ui.py for tasks to queue
[2024-04-09T16:48:44.035+0000] {logging_mixin.py:188} INFO - [2024-04-09T16:48:44.034+0000] {dagbag.py:540} INFO - Filling up the DagBag from /home/airflow/.local/lib/python3.8/site-packages/airflow/example_dags/example_params_trigger_ui.py
[2024-04-09T16:48:44.051+0000] {processor.py:840} INFO - DAG(s) 'example_params_trigger_ui' retrieved from /home/airflow/.local/lib/python3.8/site-packages/airflow/example_dags/example_params_trigger_ui.py
[2024-04-09T16:48:44.080+0000] {logging_mixin.py:188} INFO - [2024-04-09T16:48:44.080+0000] {dag.py:3047} INFO - Sync 1 DAGs
[2024-04-09T16:48:44.086+0000] {logging_mixin.py:188} INFO - [2024-04-09T16:48:44.086+0000] {dag.py:3834} INFO - Setting next_dagrun for example_params_trigger_ui to None, run_after=None
[2024-04-09T16:48:44.093+0000] {processor.py:183} INFO - Processing /home/airflow/.local/lib/python3.8/site-packages/airflow/example_dags/example_params_trigger_ui.py took 0.069 seconds
[2024-04-09T16:49:14.382+0000] {processor.py:161} INFO - Started process (PID=1681) to work on /home/airflow/.local/lib/python3.8/site-packages/airflow/example_dags/example_params_trigger_ui.py
[2024-04-09T16:49:14.386+0000] {processor.py:830} INFO - Processing file /home/airflow/.local/lib/python3.8/site-packages/airflow/example_dags/example_params_trigger_ui.py for tasks to queue
[2024-04-09T16:49:14.389+0000] {logging_mixin.py:188} INFO - [2024-04-09T16:49:14.388+0000] {dagbag.py:540} INFO - Filling up the DagBag from /home/airflow/.local/lib/python3.8/site-packages/airflow/example_dags/example_params_trigger_ui.py
[2024-04-09T16:49:14.401+0000] {processor.py:840} INFO - DAG(s) 'example_params_trigger_ui' retrieved from /home/airflow/.local/lib/python3.8/site-packages/airflow/example_dags/example_params_trigger_ui.py
[2024-04-09T16:49:14.429+0000] {logging_mixin.py:188} INFO - [2024-04-09T16:49:14.429+0000] {dag.py:3047} INFO - Sync 1 DAGs
[2024-04-09T16:49:14.435+0000] {logging_mixin.py:188} INFO - [2024-04-09T16:49:14.435+0000] {dag.py:3834} INFO - Setting next_dagrun for example_params_trigger_ui to None, run_after=None
[2024-04-09T16:49:14.442+0000] {processor.py:183} INFO - Processing /home/airflow/.local/lib/python3.8/site-packages/airflow/example_dags/example_params_trigger_ui.py took 0.065 seconds
[2024-04-09T16:49:45.258+0000] {processor.py:161} INFO - Started process (PID=1738) to work on /home/airflow/.local/lib/python3.8/site-packages/airflow/example_dags/example_params_trigger_ui.py
[2024-04-09T16:49:45.262+0000] {processor.py:830} INFO - Processing file /home/airflow/.local/lib/python3.8/site-packages/airflow/example_dags/example_params_trigger_ui.py for tasks to queue
[2024-04-09T16:49:45.264+0000] {logging_mixin.py:188} INFO - [2024-04-09T16:49:45.264+0000] {dagbag.py:540} INFO - Filling up the DagBag from /home/airflow/.local/lib/python3.8/site-packages/airflow/example_dags/example_params_trigger_ui.py
[2024-04-09T16:49:45.280+0000] {processor.py:840} INFO - DAG(s) 'example_params_trigger_ui' retrieved from /home/airflow/.local/lib/python3.8/site-packages/airflow/example_dags/example_params_trigger_ui.py
[2024-04-09T16:49:45.311+0000] {logging_mixin.py:188} INFO - [2024-04-09T16:49:45.311+0000] {dag.py:3047} INFO - Sync 1 DAGs
[2024-04-09T16:49:45.317+0000] {logging_mixin.py:188} INFO - [2024-04-09T16:49:45.317+0000] {dag.py:3834} INFO - Setting next_dagrun for example_params_trigger_ui to None, run_after=None
[2024-04-09T16:49:45.325+0000] {processor.py:183} INFO - Processing /home/airflow/.local/lib/python3.8/site-packages/airflow/example_dags/example_params_trigger_ui.py took 0.072 seconds
[2024-04-09T16:50:15.409+0000] {processor.py:161} INFO - Started process (PID=1795) to work on /home/airflow/.local/lib/python3.8/site-packages/airflow/example_dags/example_params_trigger_ui.py
[2024-04-09T16:50:15.410+0000] {processor.py:830} INFO - Processing file /home/airflow/.local/lib/python3.8/site-packages/airflow/example_dags/example_params_trigger_ui.py for tasks to queue
[2024-04-09T16:50:15.411+0000] {logging_mixin.py:188} INFO - [2024-04-09T16:50:15.411+0000] {dagbag.py:540} INFO - Filling up the DagBag from /home/airflow/.local/lib/python3.8/site-packages/airflow/example_dags/example_params_trigger_ui.py
[2024-04-09T16:50:15.423+0000] {processor.py:840} INFO - DAG(s) 'example_params_trigger_ui' retrieved from /home/airflow/.local/lib/python3.8/site-packages/airflow/example_dags/example_params_trigger_ui.py
[2024-04-09T16:50:15.452+0000] {logging_mixin.py:188} INFO - [2024-04-09T16:50:15.452+0000] {dag.py:3047} INFO - Sync 1 DAGs
[2024-04-09T16:50:15.458+0000] {logging_mixin.py:188} INFO - [2024-04-09T16:50:15.458+0000] {dag.py:3834} INFO - Setting next_dagrun for example_params_trigger_ui to None, run_after=None
[2024-04-09T16:50:15.466+0000] {processor.py:183} INFO - Processing /home/airflow/.local/lib/python3.8/site-packages/airflow/example_dags/example_params_trigger_ui.py took 0.061 seconds
[2024-04-09T16:50:45.497+0000] {processor.py:161} INFO - Started process (PID=1852) to work on /home/airflow/.local/lib/python3.8/site-packages/airflow/example_dags/example_params_trigger_ui.py
[2024-04-09T16:50:45.498+0000] {processor.py:830} INFO - Processing file /home/airflow/.local/lib/python3.8/site-packages/airflow/example_dags/example_params_trigger_ui.py for tasks to queue
[2024-04-09T16:50:45.500+0000] {logging_mixin.py:188} INFO - [2024-04-09T16:50:45.499+0000] {dagbag.py:540} INFO - Filling up the DagBag from /home/airflow/.local/lib/python3.8/site-packages/airflow/example_dags/example_params_trigger_ui.py
[2024-04-09T16:50:45.508+0000] {processor.py:840} INFO - DAG(s) 'example_params_trigger_ui' retrieved from /home/airflow/.local/lib/python3.8/site-packages/airflow/example_dags/example_params_trigger_ui.py
[2024-04-09T16:50:45.537+0000] {logging_mixin.py:188} INFO - [2024-04-09T16:50:45.537+0000] {dag.py:3047} INFO - Sync 1 DAGs
[2024-04-09T16:50:45.543+0000] {logging_mixin.py:188} INFO - [2024-04-09T16:50:45.543+0000] {dag.py:3834} INFO - Setting next_dagrun for example_params_trigger_ui to None, run_after=None
[2024-04-09T16:50:45.553+0000] {processor.py:183} INFO - Processing /home/airflow/.local/lib/python3.8/site-packages/airflow/example_dags/example_params_trigger_ui.py took 0.058 seconds
[2024-04-09T16:51:15.882+0000] {processor.py:161} INFO - Started process (PID=1910) to work on /home/airflow/.local/lib/python3.8/site-packages/airflow/example_dags/example_params_trigger_ui.py
[2024-04-09T16:51:15.883+0000] {processor.py:830} INFO - Processing file /home/airflow/.local/lib/python3.8/site-packages/airflow/example_dags/example_params_trigger_ui.py for tasks to queue
[2024-04-09T16:51:15.884+0000] {logging_mixin.py:188} INFO - [2024-04-09T16:51:15.884+0000] {dagbag.py:540} INFO - Filling up the DagBag from /home/airflow/.local/lib/python3.8/site-packages/airflow/example_dags/example_params_trigger_ui.py
[2024-04-09T16:51:15.893+0000] {processor.py:840} INFO - DAG(s) 'example_params_trigger_ui' retrieved from /home/airflow/.local/lib/python3.8/site-packages/airflow/example_dags/example_params_trigger_ui.py
[2024-04-09T16:51:15.922+0000] {logging_mixin.py:188} INFO - [2024-04-09T16:51:15.922+0000] {dag.py:3047} INFO - Sync 1 DAGs
[2024-04-09T16:51:15.930+0000] {logging_mixin.py:188} INFO - [2024-04-09T16:51:15.930+0000] {dag.py:3834} INFO - Setting next_dagrun for example_params_trigger_ui to None, run_after=None
[2024-04-09T16:51:15.942+0000] {processor.py:183} INFO - Processing /home/airflow/.local/lib/python3.8/site-packages/airflow/example_dags/example_params_trigger_ui.py took 0.061 seconds
[2024-04-09T16:51:46.032+0000] {processor.py:161} INFO - Started process (PID=1966) to work on /home/airflow/.local/lib/python3.8/site-packages/airflow/example_dags/example_params_trigger_ui.py
[2024-04-09T16:51:46.035+0000] {processor.py:830} INFO - Processing file /home/airflow/.local/lib/python3.8/site-packages/airflow/example_dags/example_params_trigger_ui.py for tasks to queue
[2024-04-09T16:51:46.037+0000] {logging_mixin.py:188} INFO - [2024-04-09T16:51:46.037+0000] {dagbag.py:540} INFO - Filling up the DagBag from /home/airflow/.local/lib/python3.8/site-packages/airflow/example_dags/example_params_trigger_ui.py
[2024-04-09T16:51:46.044+0000] {processor.py:840} INFO - DAG(s) 'example_params_trigger_ui' retrieved from /home/airflow/.local/lib/python3.8/site-packages/airflow/example_dags/example_params_trigger_ui.py
[2024-04-09T16:51:46.066+0000] {logging_mixin.py:188} INFO - [2024-04-09T16:51:46.066+0000] {dag.py:3047} INFO - Sync 1 DAGs
[2024-04-09T16:51:46.072+0000] {logging_mixin.py:188} INFO - [2024-04-09T16:51:46.072+0000] {dag.py:3834} INFO - Setting next_dagrun for example_params_trigger_ui to None, run_after=None
[2024-04-09T16:51:46.081+0000] {processor.py:183} INFO - Processing /home/airflow/.local/lib/python3.8/site-packages/airflow/example_dags/example_params_trigger_ui.py took 0.051 seconds
[2024-04-09T16:52:16.941+0000] {processor.py:161} INFO - Started process (PID=2026) to work on /home/airflow/.local/lib/python3.8/site-packages/airflow/example_dags/example_params_trigger_ui.py
[2024-04-09T16:52:16.942+0000] {processor.py:830} INFO - Processing file /home/airflow/.local/lib/python3.8/site-packages/airflow/example_dags/example_params_trigger_ui.py for tasks to queue
[2024-04-09T16:52:16.943+0000] {logging_mixin.py:188} INFO - [2024-04-09T16:52:16.943+0000] {dagbag.py:540} INFO - Filling up the DagBag from /home/airflow/.local/lib/python3.8/site-packages/airflow/example_dags/example_params_trigger_ui.py
[2024-04-09T16:52:16.953+0000] {processor.py:840} INFO - DAG(s) 'example_params_trigger_ui' retrieved from /home/airflow/.local/lib/python3.8/site-packages/airflow/example_dags/example_params_trigger_ui.py
[2024-04-09T16:52:16.989+0000] {logging_mixin.py:188} INFO - [2024-04-09T16:52:16.989+0000] {dag.py:3047} INFO - Sync 1 DAGs
[2024-04-09T16:52:16.998+0000] {logging_mixin.py:188} INFO - [2024-04-09T16:52:16.998+0000] {dag.py:3834} INFO - Setting next_dagrun for example_params_trigger_ui to None, run_after=None
[2024-04-09T16:52:17.014+0000] {processor.py:183} INFO - Processing /home/airflow/.local/lib/python3.8/site-packages/airflow/example_dags/example_params_trigger_ui.py took 0.076 seconds
[2024-04-09T16:52:47.304+0000] {processor.py:161} INFO - Started process (PID=2104) to work on /home/airflow/.local/lib/python3.8/site-packages/airflow/example_dags/example_params_trigger_ui.py
[2024-04-09T16:52:47.305+0000] {processor.py:830} INFO - Processing file /home/airflow/.local/lib/python3.8/site-packages/airflow/example_dags/example_params_trigger_ui.py for tasks to queue
[2024-04-09T16:52:47.306+0000] {logging_mixin.py:188} INFO - [2024-04-09T16:52:47.305+0000] {dagbag.py:540} INFO - Filling up the DagBag from /home/airflow/.local/lib/python3.8/site-packages/airflow/example_dags/example_params_trigger_ui.py
[2024-04-09T16:52:47.314+0000] {processor.py:840} INFO - DAG(s) 'example_params_trigger_ui' retrieved from /home/airflow/.local/lib/python3.8/site-packages/airflow/example_dags/example_params_trigger_ui.py
[2024-04-09T16:52:47.336+0000] {logging_mixin.py:188} INFO - [2024-04-09T16:52:47.336+0000] {dag.py:3047} INFO - Sync 1 DAGs
[2024-04-09T16:52:47.341+0000] {logging_mixin.py:188} INFO - [2024-04-09T16:52:47.341+0000] {dag.py:3834} INFO - Setting next_dagrun for example_params_trigger_ui to None, run_after=None
[2024-04-09T16:52:47.350+0000] {processor.py:183} INFO - Processing /home/airflow/.local/lib/python3.8/site-packages/airflow/example_dags/example_params_trigger_ui.py took 0.048 seconds
[2024-04-09T16:53:18.163+0000] {processor.py:161} INFO - Started process (PID=2184) to work on /home/airflow/.local/lib/python3.8/site-packages/airflow/example_dags/example_params_trigger_ui.py
[2024-04-09T16:53:18.168+0000] {processor.py:830} INFO - Processing file /home/airflow/.local/lib/python3.8/site-packages/airflow/example_dags/example_params_trigger_ui.py for tasks to queue
[2024-04-09T16:53:18.176+0000] {logging_mixin.py:188} INFO - [2024-04-09T16:53:18.174+0000] {dagbag.py:540} INFO - Filling up the DagBag from /home/airflow/.local/lib/python3.8/site-packages/airflow/example_dags/example_params_trigger_ui.py
[2024-04-09T16:53:18.227+0000] {processor.py:840} INFO - DAG(s) 'example_params_trigger_ui' retrieved from /home/airflow/.local/lib/python3.8/site-packages/airflow/example_dags/example_params_trigger_ui.py
[2024-04-09T16:53:18.413+0000] {logging_mixin.py:188} INFO - [2024-04-09T16:53:18.412+0000] {dag.py:3047} INFO - Sync 1 DAGs
[2024-04-09T16:53:18.436+0000] {logging_mixin.py:188} INFO - [2024-04-09T16:53:18.436+0000] {dag.py:3834} INFO - Setting next_dagrun for example_params_trigger_ui to None, run_after=None
[2024-04-09T16:53:18.468+0000] {processor.py:183} INFO - Processing /home/airflow/.local/lib/python3.8/site-packages/airflow/example_dags/example_params_trigger_ui.py took 0.310 seconds
[2024-04-09T16:53:49.401+0000] {processor.py:161} INFO - Started process (PID=2263) to work on /home/airflow/.local/lib/python3.8/site-packages/airflow/example_dags/example_params_trigger_ui.py
[2024-04-09T16:53:49.417+0000] {processor.py:830} INFO - Processing file /home/airflow/.local/lib/python3.8/site-packages/airflow/example_dags/example_params_trigger_ui.py for tasks to queue
[2024-04-09T16:53:49.423+0000] {logging_mixin.py:188} INFO - [2024-04-09T16:53:49.422+0000] {dagbag.py:540} INFO - Filling up the DagBag from /home/airflow/.local/lib/python3.8/site-packages/airflow/example_dags/example_params_trigger_ui.py
[2024-04-09T16:53:49.522+0000] {processor.py:840} INFO - DAG(s) 'example_params_trigger_ui' retrieved from /home/airflow/.local/lib/python3.8/site-packages/airflow/example_dags/example_params_trigger_ui.py
[2024-04-09T16:53:49.673+0000] {logging_mixin.py:188} INFO - [2024-04-09T16:53:49.673+0000] {dag.py:3047} INFO - Sync 1 DAGs
[2024-04-09T16:53:49.713+0000] {logging_mixin.py:188} INFO - [2024-04-09T16:53:49.713+0000] {dag.py:3834} INFO - Setting next_dagrun for example_params_trigger_ui to None, run_after=None
[2024-04-09T16:53:49.776+0000] {processor.py:183} INFO - Processing /home/airflow/.local/lib/python3.8/site-packages/airflow/example_dags/example_params_trigger_ui.py took 0.393 seconds
[2024-04-09T16:54:20.030+0000] {processor.py:161} INFO - Started process (PID=2333) to work on /home/airflow/.local/lib/python3.8/site-packages/airflow/example_dags/example_params_trigger_ui.py
[2024-04-09T16:54:20.036+0000] {processor.py:830} INFO - Processing file /home/airflow/.local/lib/python3.8/site-packages/airflow/example_dags/example_params_trigger_ui.py for tasks to queue
[2024-04-09T16:54:20.052+0000] {logging_mixin.py:188} INFO - [2024-04-09T16:54:20.050+0000] {dagbag.py:540} INFO - Filling up the DagBag from /home/airflow/.local/lib/python3.8/site-packages/airflow/example_dags/example_params_trigger_ui.py
[2024-04-09T16:54:20.156+0000] {processor.py:840} INFO - DAG(s) 'example_params_trigger_ui' retrieved from /home/airflow/.local/lib/python3.8/site-packages/airflow/example_dags/example_params_trigger_ui.py
[2024-04-09T16:54:20.343+0000] {logging_mixin.py:188} INFO - [2024-04-09T16:54:20.342+0000] {dag.py:3047} INFO - Sync 1 DAGs
[2024-04-09T16:54:20.389+0000] {logging_mixin.py:188} INFO - [2024-04-09T16:54:20.389+0000] {dag.py:3834} INFO - Setting next_dagrun for example_params_trigger_ui to None, run_after=None
[2024-04-09T16:54:20.431+0000] {processor.py:183} INFO - Processing /home/airflow/.local/lib/python3.8/site-packages/airflow/example_dags/example_params_trigger_ui.py took 0.430 seconds
