[2024-04-09T16:35:18.329+0000] {processor.py:161} INFO - Started process (PID=72) to work on /home/airflow/.local/lib/python3.8/site-packages/airflow/example_dags/example_sla_dag.py
[2024-04-09T16:35:18.331+0000] {processor.py:830} INFO - Processing file /home/airflow/.local/lib/python3.8/site-packages/airflow/example_dags/example_sla_dag.py for tasks to queue
[2024-04-09T16:35:18.334+0000] {logging_mixin.py:188} INFO - [2024-04-09T16:35:18.334+0000] {dagbag.py:540} INFO - Filling up the DagBag from /home/airflow/.local/lib/python3.8/site-packages/airflow/example_dags/example_sla_dag.py
[2024-04-09T16:35:18.352+0000] {processor.py:840} INFO - DAG(s) 'example_sla_dag' retrieved from /home/airflow/.local/lib/python3.8/site-packages/airflow/example_dags/example_sla_dag.py
[2024-04-09T16:35:18.370+0000] {logging_mixin.py:188} INFO - [2024-04-09T16:35:18.370+0000] {dag.py:3047} INFO - Sync 1 DAGs
[2024-04-09T16:35:18.400+0000] {logging_mixin.py:188} INFO - [2024-04-09T16:35:18.399+0000] {dag.py:3834} INFO - Setting next_dagrun for example_sla_dag to 2024-04-09 16:32:00+00:00, run_after=2024-04-09 16:34:00+00:00
[2024-04-09T16:35:18.419+0000] {processor.py:183} INFO - Processing /home/airflow/.local/lib/python3.8/site-packages/airflow/example_dags/example_sla_dag.py took 0.092 seconds
[2024-04-09T16:35:49.113+0000] {processor.py:161} INFO - Started process (PID=129) to work on /home/airflow/.local/lib/python3.8/site-packages/airflow/example_dags/example_sla_dag.py
[2024-04-09T16:35:49.114+0000] {processor.py:830} INFO - Processing file /home/airflow/.local/lib/python3.8/site-packages/airflow/example_dags/example_sla_dag.py for tasks to queue
[2024-04-09T16:35:49.115+0000] {logging_mixin.py:188} INFO - [2024-04-09T16:35:49.115+0000] {dagbag.py:540} INFO - Filling up the DagBag from /home/airflow/.local/lib/python3.8/site-packages/airflow/example_dags/example_sla_dag.py
[2024-04-09T16:35:49.122+0000] {processor.py:840} INFO - DAG(s) 'example_sla_dag' retrieved from /home/airflow/.local/lib/python3.8/site-packages/airflow/example_dags/example_sla_dag.py
[2024-04-09T16:35:49.167+0000] {logging_mixin.py:188} INFO - [2024-04-09T16:35:49.167+0000] {dag.py:3047} INFO - Sync 1 DAGs
[2024-04-09T16:35:49.177+0000] {logging_mixin.py:188} INFO - [2024-04-09T16:35:49.177+0000] {dag.py:3834} INFO - Setting next_dagrun for example_sla_dag to 2024-04-09 16:32:00+00:00, run_after=2024-04-09 16:34:00+00:00
[2024-04-09T16:35:49.184+0000] {processor.py:183} INFO - Processing /home/airflow/.local/lib/python3.8/site-packages/airflow/example_dags/example_sla_dag.py took 0.077 seconds
[2024-04-09T16:36:19.417+0000] {processor.py:161} INFO - Started process (PID=186) to work on /home/airflow/.local/lib/python3.8/site-packages/airflow/example_dags/example_sla_dag.py
[2024-04-09T16:36:19.418+0000] {processor.py:830} INFO - Processing file /home/airflow/.local/lib/python3.8/site-packages/airflow/example_dags/example_sla_dag.py for tasks to queue
[2024-04-09T16:36:19.418+0000] {logging_mixin.py:188} INFO - [2024-04-09T16:36:19.418+0000] {dagbag.py:540} INFO - Filling up the DagBag from /home/airflow/.local/lib/python3.8/site-packages/airflow/example_dags/example_sla_dag.py
[2024-04-09T16:36:19.423+0000] {processor.py:840} INFO - DAG(s) 'example_sla_dag' retrieved from /home/airflow/.local/lib/python3.8/site-packages/airflow/example_dags/example_sla_dag.py
[2024-04-09T16:36:19.432+0000] {logging_mixin.py:188} INFO - [2024-04-09T16:36:19.432+0000] {dag.py:3047} INFO - Sync 1 DAGs
[2024-04-09T16:36:19.443+0000] {logging_mixin.py:188} INFO - [2024-04-09T16:36:19.443+0000] {dag.py:3834} INFO - Setting next_dagrun for example_sla_dag to 2024-04-09 16:34:00+00:00, run_after=2024-04-09 16:36:00+00:00
[2024-04-09T16:36:19.450+0000] {processor.py:183} INFO - Processing /home/airflow/.local/lib/python3.8/site-packages/airflow/example_dags/example_sla_dag.py took 0.035 seconds
[2024-04-09T16:36:50.232+0000] {processor.py:161} INFO - Started process (PID=243) to work on /home/airflow/.local/lib/python3.8/site-packages/airflow/example_dags/example_sla_dag.py
[2024-04-09T16:36:50.233+0000] {processor.py:830} INFO - Processing file /home/airflow/.local/lib/python3.8/site-packages/airflow/example_dags/example_sla_dag.py for tasks to queue
[2024-04-09T16:36:50.234+0000] {logging_mixin.py:188} INFO - [2024-04-09T16:36:50.234+0000] {dagbag.py:540} INFO - Filling up the DagBag from /home/airflow/.local/lib/python3.8/site-packages/airflow/example_dags/example_sla_dag.py
[2024-04-09T16:36:50.238+0000] {processor.py:840} INFO - DAG(s) 'example_sla_dag' retrieved from /home/airflow/.local/lib/python3.8/site-packages/airflow/example_dags/example_sla_dag.py
[2024-04-09T16:36:50.246+0000] {logging_mixin.py:188} INFO - [2024-04-09T16:36:50.246+0000] {dag.py:3047} INFO - Sync 1 DAGs
[2024-04-09T16:36:50.256+0000] {logging_mixin.py:188} INFO - [2024-04-09T16:36:50.256+0000] {dag.py:3834} INFO - Setting next_dagrun for example_sla_dag to 2024-04-09 16:34:00+00:00, run_after=2024-04-09 16:36:00+00:00
[2024-04-09T16:36:50.263+0000] {processor.py:183} INFO - Processing /home/airflow/.local/lib/python3.8/site-packages/airflow/example_dags/example_sla_dag.py took 0.033 seconds
[2024-04-09T16:37:21.255+0000] {processor.py:161} INFO - Started process (PID=300) to work on /home/airflow/.local/lib/python3.8/site-packages/airflow/example_dags/example_sla_dag.py
[2024-04-09T16:37:21.256+0000] {processor.py:830} INFO - Processing file /home/airflow/.local/lib/python3.8/site-packages/airflow/example_dags/example_sla_dag.py for tasks to queue
[2024-04-09T16:37:21.257+0000] {logging_mixin.py:188} INFO - [2024-04-09T16:37:21.257+0000] {dagbag.py:540} INFO - Filling up the DagBag from /home/airflow/.local/lib/python3.8/site-packages/airflow/example_dags/example_sla_dag.py
[2024-04-09T16:37:21.261+0000] {processor.py:840} INFO - DAG(s) 'example_sla_dag' retrieved from /home/airflow/.local/lib/python3.8/site-packages/airflow/example_dags/example_sla_dag.py
[2024-04-09T16:37:21.269+0000] {logging_mixin.py:188} INFO - [2024-04-09T16:37:21.269+0000] {dag.py:3047} INFO - Sync 1 DAGs
[2024-04-09T16:37:21.280+0000] {logging_mixin.py:188} INFO - [2024-04-09T16:37:21.280+0000] {dag.py:3834} INFO - Setting next_dagrun for example_sla_dag to 2024-04-09 16:34:00+00:00, run_after=2024-04-09 16:36:00+00:00
[2024-04-09T16:37:21.288+0000] {processor.py:183} INFO - Processing /home/airflow/.local/lib/python3.8/site-packages/airflow/example_dags/example_sla_dag.py took 0.034 seconds
[2024-04-09T16:37:52.044+0000] {processor.py:161} INFO - Started process (PID=357) to work on /home/airflow/.local/lib/python3.8/site-packages/airflow/example_dags/example_sla_dag.py
[2024-04-09T16:37:52.045+0000] {processor.py:830} INFO - Processing file /home/airflow/.local/lib/python3.8/site-packages/airflow/example_dags/example_sla_dag.py for tasks to queue
[2024-04-09T16:37:52.045+0000] {logging_mixin.py:188} INFO - [2024-04-09T16:37:52.045+0000] {dagbag.py:540} INFO - Filling up the DagBag from /home/airflow/.local/lib/python3.8/site-packages/airflow/example_dags/example_sla_dag.py
[2024-04-09T16:37:52.050+0000] {processor.py:840} INFO - DAG(s) 'example_sla_dag' retrieved from /home/airflow/.local/lib/python3.8/site-packages/airflow/example_dags/example_sla_dag.py
[2024-04-09T16:37:52.058+0000] {logging_mixin.py:188} INFO - [2024-04-09T16:37:52.058+0000] {dag.py:3047} INFO - Sync 1 DAGs
[2024-04-09T16:37:52.068+0000] {logging_mixin.py:188} INFO - [2024-04-09T16:37:52.068+0000] {dag.py:3834} INFO - Setting next_dagrun for example_sla_dag to 2024-04-09 16:34:00+00:00, run_after=2024-04-09 16:36:00+00:00
[2024-04-09T16:37:52.076+0000] {processor.py:183} INFO - Processing /home/airflow/.local/lib/python3.8/site-packages/airflow/example_dags/example_sla_dag.py took 0.033 seconds
[2024-04-09T16:38:22.913+0000] {processor.py:161} INFO - Started process (PID=414) to work on /home/airflow/.local/lib/python3.8/site-packages/airflow/example_dags/example_sla_dag.py
[2024-04-09T16:38:22.913+0000] {processor.py:830} INFO - Processing file /home/airflow/.local/lib/python3.8/site-packages/airflow/example_dags/example_sla_dag.py for tasks to queue
[2024-04-09T16:38:22.914+0000] {logging_mixin.py:188} INFO - [2024-04-09T16:38:22.914+0000] {dagbag.py:540} INFO - Filling up the DagBag from /home/airflow/.local/lib/python3.8/site-packages/airflow/example_dags/example_sla_dag.py
[2024-04-09T16:38:22.921+0000] {processor.py:840} INFO - DAG(s) 'example_sla_dag' retrieved from /home/airflow/.local/lib/python3.8/site-packages/airflow/example_dags/example_sla_dag.py
[2024-04-09T16:38:22.929+0000] {logging_mixin.py:188} INFO - [2024-04-09T16:38:22.929+0000] {dag.py:3047} INFO - Sync 1 DAGs
[2024-04-09T16:38:22.939+0000] {logging_mixin.py:188} INFO - [2024-04-09T16:38:22.939+0000] {dag.py:3834} INFO - Setting next_dagrun for example_sla_dag to 2024-04-09 16:36:00+00:00, run_after=2024-04-09 16:38:00+00:00
[2024-04-09T16:38:22.948+0000] {processor.py:183} INFO - Processing /home/airflow/.local/lib/python3.8/site-packages/airflow/example_dags/example_sla_dag.py took 0.037 seconds
[2024-04-09T16:38:53.627+0000] {processor.py:161} INFO - Started process (PID=471) to work on /home/airflow/.local/lib/python3.8/site-packages/airflow/example_dags/example_sla_dag.py
[2024-04-09T16:38:53.628+0000] {processor.py:830} INFO - Processing file /home/airflow/.local/lib/python3.8/site-packages/airflow/example_dags/example_sla_dag.py for tasks to queue
[2024-04-09T16:38:53.630+0000] {logging_mixin.py:188} INFO - [2024-04-09T16:38:53.630+0000] {dagbag.py:540} INFO - Filling up the DagBag from /home/airflow/.local/lib/python3.8/site-packages/airflow/example_dags/example_sla_dag.py
[2024-04-09T16:38:53.635+0000] {processor.py:840} INFO - DAG(s) 'example_sla_dag' retrieved from /home/airflow/.local/lib/python3.8/site-packages/airflow/example_dags/example_sla_dag.py
[2024-04-09T16:38:53.645+0000] {logging_mixin.py:188} INFO - [2024-04-09T16:38:53.645+0000] {dag.py:3047} INFO - Sync 1 DAGs
[2024-04-09T16:38:53.657+0000] {logging_mixin.py:188} INFO - [2024-04-09T16:38:53.657+0000] {dag.py:3834} INFO - Setting next_dagrun for example_sla_dag to 2024-04-09 16:36:00+00:00, run_after=2024-04-09 16:38:00+00:00
[2024-04-09T16:38:53.665+0000] {processor.py:183} INFO - Processing /home/airflow/.local/lib/python3.8/site-packages/airflow/example_dags/example_sla_dag.py took 0.040 seconds
[2024-04-09T16:39:24.386+0000] {processor.py:161} INFO - Started process (PID=528) to work on /home/airflow/.local/lib/python3.8/site-packages/airflow/example_dags/example_sla_dag.py
[2024-04-09T16:39:24.387+0000] {processor.py:830} INFO - Processing file /home/airflow/.local/lib/python3.8/site-packages/airflow/example_dags/example_sla_dag.py for tasks to queue
[2024-04-09T16:39:24.387+0000] {logging_mixin.py:188} INFO - [2024-04-09T16:39:24.387+0000] {dagbag.py:540} INFO - Filling up the DagBag from /home/airflow/.local/lib/python3.8/site-packages/airflow/example_dags/example_sla_dag.py
[2024-04-09T16:39:24.391+0000] {processor.py:840} INFO - DAG(s) 'example_sla_dag' retrieved from /home/airflow/.local/lib/python3.8/site-packages/airflow/example_dags/example_sla_dag.py
[2024-04-09T16:39:24.400+0000] {logging_mixin.py:188} INFO - [2024-04-09T16:39:24.400+0000] {dag.py:3047} INFO - Sync 1 DAGs
[2024-04-09T16:39:24.410+0000] {logging_mixin.py:188} INFO - [2024-04-09T16:39:24.410+0000] {dag.py:3834} INFO - Setting next_dagrun for example_sla_dag to 2024-04-09 16:36:00+00:00, run_after=2024-04-09 16:38:00+00:00
[2024-04-09T16:39:24.417+0000] {processor.py:183} INFO - Processing /home/airflow/.local/lib/python3.8/site-packages/airflow/example_dags/example_sla_dag.py took 0.032 seconds
[2024-04-09T16:39:54.706+0000] {processor.py:161} INFO - Started process (PID=585) to work on /home/airflow/.local/lib/python3.8/site-packages/airflow/example_dags/example_sla_dag.py
[2024-04-09T16:39:54.707+0000] {processor.py:830} INFO - Processing file /home/airflow/.local/lib/python3.8/site-packages/airflow/example_dags/example_sla_dag.py for tasks to queue
[2024-04-09T16:39:54.707+0000] {logging_mixin.py:188} INFO - [2024-04-09T16:39:54.707+0000] {dagbag.py:540} INFO - Filling up the DagBag from /home/airflow/.local/lib/python3.8/site-packages/airflow/example_dags/example_sla_dag.py
[2024-04-09T16:39:54.712+0000] {processor.py:840} INFO - DAG(s) 'example_sla_dag' retrieved from /home/airflow/.local/lib/python3.8/site-packages/airflow/example_dags/example_sla_dag.py
[2024-04-09T16:39:54.722+0000] {logging_mixin.py:188} INFO - [2024-04-09T16:39:54.722+0000] {dag.py:3047} INFO - Sync 1 DAGs
[2024-04-09T16:39:54.740+0000] {logging_mixin.py:188} INFO - [2024-04-09T16:39:54.740+0000] {dag.py:3834} INFO - Setting next_dagrun for example_sla_dag to 2024-04-09 16:36:00+00:00, run_after=2024-04-09 16:38:00+00:00
[2024-04-09T16:39:54.766+0000] {processor.py:183} INFO - Processing /home/airflow/.local/lib/python3.8/site-packages/airflow/example_dags/example_sla_dag.py took 0.062 seconds
[2024-04-09T16:40:24.904+0000] {processor.py:161} INFO - Started process (PID=643) to work on /home/airflow/.local/lib/python3.8/site-packages/airflow/example_dags/example_sla_dag.py
[2024-04-09T16:40:24.904+0000] {processor.py:830} INFO - Processing file /home/airflow/.local/lib/python3.8/site-packages/airflow/example_dags/example_sla_dag.py for tasks to queue
[2024-04-09T16:40:24.905+0000] {logging_mixin.py:188} INFO - [2024-04-09T16:40:24.905+0000] {dagbag.py:540} INFO - Filling up the DagBag from /home/airflow/.local/lib/python3.8/site-packages/airflow/example_dags/example_sla_dag.py
[2024-04-09T16:40:24.910+0000] {processor.py:840} INFO - DAG(s) 'example_sla_dag' retrieved from /home/airflow/.local/lib/python3.8/site-packages/airflow/example_dags/example_sla_dag.py
[2024-04-09T16:40:24.918+0000] {logging_mixin.py:188} INFO - [2024-04-09T16:40:24.918+0000] {dag.py:3047} INFO - Sync 1 DAGs
[2024-04-09T16:40:24.930+0000] {logging_mixin.py:188} INFO - [2024-04-09T16:40:24.930+0000] {dag.py:3834} INFO - Setting next_dagrun for example_sla_dag to 2024-04-09 16:38:00+00:00, run_after=2024-04-09 16:40:00+00:00
[2024-04-09T16:40:24.937+0000] {processor.py:183} INFO - Processing /home/airflow/.local/lib/python3.8/site-packages/airflow/example_dags/example_sla_dag.py took 0.035 seconds
[2024-04-09T16:40:55.940+0000] {processor.py:161} INFO - Started process (PID=700) to work on /home/airflow/.local/lib/python3.8/site-packages/airflow/example_dags/example_sla_dag.py
[2024-04-09T16:40:55.942+0000] {processor.py:830} INFO - Processing file /home/airflow/.local/lib/python3.8/site-packages/airflow/example_dags/example_sla_dag.py for tasks to queue
[2024-04-09T16:40:55.944+0000] {logging_mixin.py:188} INFO - [2024-04-09T16:40:55.944+0000] {dagbag.py:540} INFO - Filling up the DagBag from /home/airflow/.local/lib/python3.8/site-packages/airflow/example_dags/example_sla_dag.py
[2024-04-09T16:40:55.951+0000] {processor.py:840} INFO - DAG(s) 'example_sla_dag' retrieved from /home/airflow/.local/lib/python3.8/site-packages/airflow/example_dags/example_sla_dag.py
[2024-04-09T16:40:55.966+0000] {logging_mixin.py:188} INFO - [2024-04-09T16:40:55.966+0000] {dag.py:3047} INFO - Sync 1 DAGs
[2024-04-09T16:40:55.981+0000] {logging_mixin.py:188} INFO - [2024-04-09T16:40:55.981+0000] {dag.py:3834} INFO - Setting next_dagrun for example_sla_dag to 2024-04-09 16:38:00+00:00, run_after=2024-04-09 16:40:00+00:00
[2024-04-09T16:40:55.990+0000] {processor.py:183} INFO - Processing /home/airflow/.local/lib/python3.8/site-packages/airflow/example_dags/example_sla_dag.py took 0.055 seconds
[2024-04-09T16:41:26.148+0000] {processor.py:161} INFO - Started process (PID=756) to work on /home/airflow/.local/lib/python3.8/site-packages/airflow/example_dags/example_sla_dag.py
[2024-04-09T16:41:26.150+0000] {processor.py:830} INFO - Processing file /home/airflow/.local/lib/python3.8/site-packages/airflow/example_dags/example_sla_dag.py for tasks to queue
[2024-04-09T16:41:26.152+0000] {logging_mixin.py:188} INFO - [2024-04-09T16:41:26.152+0000] {dagbag.py:540} INFO - Filling up the DagBag from /home/airflow/.local/lib/python3.8/site-packages/airflow/example_dags/example_sla_dag.py
[2024-04-09T16:41:26.162+0000] {processor.py:840} INFO - DAG(s) 'example_sla_dag' retrieved from /home/airflow/.local/lib/python3.8/site-packages/airflow/example_dags/example_sla_dag.py
[2024-04-09T16:41:26.179+0000] {logging_mixin.py:188} INFO - [2024-04-09T16:41:26.179+0000] {dag.py:3047} INFO - Sync 1 DAGs
[2024-04-09T16:41:26.194+0000] {logging_mixin.py:188} INFO - [2024-04-09T16:41:26.194+0000] {dag.py:3834} INFO - Setting next_dagrun for example_sla_dag to 2024-04-09 16:38:00+00:00, run_after=2024-04-09 16:40:00+00:00
[2024-04-09T16:41:26.203+0000] {processor.py:183} INFO - Processing /home/airflow/.local/lib/python3.8/site-packages/airflow/example_dags/example_sla_dag.py took 0.059 seconds
[2024-04-09T16:41:56.592+0000] {processor.py:161} INFO - Started process (PID=814) to work on /home/airflow/.local/lib/python3.8/site-packages/airflow/example_dags/example_sla_dag.py
[2024-04-09T16:41:56.595+0000] {processor.py:830} INFO - Processing file /home/airflow/.local/lib/python3.8/site-packages/airflow/example_dags/example_sla_dag.py for tasks to queue
[2024-04-09T16:41:56.598+0000] {logging_mixin.py:188} INFO - [2024-04-09T16:41:56.598+0000] {dagbag.py:540} INFO - Filling up the DagBag from /home/airflow/.local/lib/python3.8/site-packages/airflow/example_dags/example_sla_dag.py
[2024-04-09T16:41:56.609+0000] {processor.py:840} INFO - DAG(s) 'example_sla_dag' retrieved from /home/airflow/.local/lib/python3.8/site-packages/airflow/example_dags/example_sla_dag.py
[2024-04-09T16:41:56.624+0000] {logging_mixin.py:188} INFO - [2024-04-09T16:41:56.624+0000] {dag.py:3047} INFO - Sync 1 DAGs
[2024-04-09T16:41:56.636+0000] {logging_mixin.py:188} INFO - [2024-04-09T16:41:56.636+0000] {dag.py:3834} INFO - Setting next_dagrun for example_sla_dag to 2024-04-09 16:38:00+00:00, run_after=2024-04-09 16:40:00+00:00
[2024-04-09T16:41:56.643+0000] {processor.py:183} INFO - Processing /home/airflow/.local/lib/python3.8/site-packages/airflow/example_dags/example_sla_dag.py took 0.058 seconds
[2024-04-09T16:42:27.275+0000] {processor.py:161} INFO - Started process (PID=873) to work on /home/airflow/.local/lib/python3.8/site-packages/airflow/example_dags/example_sla_dag.py
[2024-04-09T16:42:27.301+0000] {processor.py:830} INFO - Processing file /home/airflow/.local/lib/python3.8/site-packages/airflow/example_dags/example_sla_dag.py for tasks to queue
[2024-04-09T16:42:27.303+0000] {logging_mixin.py:188} INFO - [2024-04-09T16:42:27.302+0000] {dagbag.py:540} INFO - Filling up the DagBag from /home/airflow/.local/lib/python3.8/site-packages/airflow/example_dags/example_sla_dag.py
[2024-04-09T16:42:27.308+0000] {processor.py:840} INFO - DAG(s) 'example_sla_dag' retrieved from /home/airflow/.local/lib/python3.8/site-packages/airflow/example_dags/example_sla_dag.py
[2024-04-09T16:42:27.320+0000] {logging_mixin.py:188} INFO - [2024-04-09T16:42:27.320+0000] {dag.py:3047} INFO - Sync 1 DAGs
[2024-04-09T16:42:27.332+0000] {logging_mixin.py:188} INFO - [2024-04-09T16:42:27.332+0000] {dag.py:3834} INFO - Setting next_dagrun for example_sla_dag to 2024-04-09 16:40:00+00:00, run_after=2024-04-09 16:42:00+00:00
[2024-04-09T16:42:27.340+0000] {processor.py:183} INFO - Processing /home/airflow/.local/lib/python3.8/site-packages/airflow/example_dags/example_sla_dag.py took 0.068 seconds
[2024-04-09T16:42:58.092+0000] {processor.py:161} INFO - Started process (PID=937) to work on /home/airflow/.local/lib/python3.8/site-packages/airflow/example_dags/example_sla_dag.py
[2024-04-09T16:42:58.093+0000] {processor.py:830} INFO - Processing file /home/airflow/.local/lib/python3.8/site-packages/airflow/example_dags/example_sla_dag.py for tasks to queue
[2024-04-09T16:42:58.095+0000] {logging_mixin.py:188} INFO - [2024-04-09T16:42:58.094+0000] {dagbag.py:540} INFO - Filling up the DagBag from /home/airflow/.local/lib/python3.8/site-packages/airflow/example_dags/example_sla_dag.py
[2024-04-09T16:42:58.102+0000] {processor.py:840} INFO - DAG(s) 'example_sla_dag' retrieved from /home/airflow/.local/lib/python3.8/site-packages/airflow/example_dags/example_sla_dag.py
[2024-04-09T16:42:58.116+0000] {logging_mixin.py:188} INFO - [2024-04-09T16:42:58.116+0000] {dag.py:3047} INFO - Sync 1 DAGs
[2024-04-09T16:42:58.129+0000] {logging_mixin.py:188} INFO - [2024-04-09T16:42:58.129+0000] {dag.py:3834} INFO - Setting next_dagrun for example_sla_dag to 2024-04-09 16:40:00+00:00, run_after=2024-04-09 16:42:00+00:00
[2024-04-09T16:42:58.138+0000] {processor.py:183} INFO - Processing /home/airflow/.local/lib/python3.8/site-packages/airflow/example_dags/example_sla_dag.py took 0.048 seconds
[2024-04-09T16:43:29.146+0000] {processor.py:161} INFO - Started process (PID=995) to work on /home/airflow/.local/lib/python3.8/site-packages/airflow/example_dags/example_sla_dag.py
[2024-04-09T16:43:29.147+0000] {processor.py:830} INFO - Processing file /home/airflow/.local/lib/python3.8/site-packages/airflow/example_dags/example_sla_dag.py for tasks to queue
[2024-04-09T16:43:29.150+0000] {logging_mixin.py:188} INFO - [2024-04-09T16:43:29.149+0000] {dagbag.py:540} INFO - Filling up the DagBag from /home/airflow/.local/lib/python3.8/site-packages/airflow/example_dags/example_sla_dag.py
[2024-04-09T16:43:29.162+0000] {processor.py:840} INFO - DAG(s) 'example_sla_dag' retrieved from /home/airflow/.local/lib/python3.8/site-packages/airflow/example_dags/example_sla_dag.py
[2024-04-09T16:43:29.181+0000] {logging_mixin.py:188} INFO - [2024-04-09T16:43:29.181+0000] {dag.py:3047} INFO - Sync 1 DAGs
[2024-04-09T16:43:29.195+0000] {logging_mixin.py:188} INFO - [2024-04-09T16:43:29.195+0000] {dag.py:3834} INFO - Setting next_dagrun for example_sla_dag to 2024-04-09 16:40:00+00:00, run_after=2024-04-09 16:42:00+00:00
[2024-04-09T16:43:29.204+0000] {processor.py:183} INFO - Processing /home/airflow/.local/lib/python3.8/site-packages/airflow/example_dags/example_sla_dag.py took 0.062 seconds
[2024-04-09T16:44:00.147+0000] {processor.py:161} INFO - Started process (PID=1053) to work on /home/airflow/.local/lib/python3.8/site-packages/airflow/example_dags/example_sla_dag.py
[2024-04-09T16:44:00.148+0000] {processor.py:830} INFO - Processing file /home/airflow/.local/lib/python3.8/site-packages/airflow/example_dags/example_sla_dag.py for tasks to queue
[2024-04-09T16:44:00.150+0000] {logging_mixin.py:188} INFO - [2024-04-09T16:44:00.149+0000] {dagbag.py:540} INFO - Filling up the DagBag from /home/airflow/.local/lib/python3.8/site-packages/airflow/example_dags/example_sla_dag.py
[2024-04-09T16:44:00.158+0000] {processor.py:840} INFO - DAG(s) 'example_sla_dag' retrieved from /home/airflow/.local/lib/python3.8/site-packages/airflow/example_dags/example_sla_dag.py
[2024-04-09T16:44:00.174+0000] {logging_mixin.py:188} INFO - [2024-04-09T16:44:00.174+0000] {dag.py:3047} INFO - Sync 1 DAGs
[2024-04-09T16:44:00.188+0000] {logging_mixin.py:188} INFO - [2024-04-09T16:44:00.188+0000] {dag.py:3834} INFO - Setting next_dagrun for example_sla_dag to 2024-04-09 16:42:00+00:00, run_after=2024-04-09 16:44:00+00:00
[2024-04-09T16:44:00.197+0000] {processor.py:183} INFO - Processing /home/airflow/.local/lib/python3.8/site-packages/airflow/example_dags/example_sla_dag.py took 0.053 seconds
[2024-04-09T16:44:30.313+0000] {processor.py:161} INFO - Started process (PID=1110) to work on /home/airflow/.local/lib/python3.8/site-packages/airflow/example_dags/example_sla_dag.py
[2024-04-09T16:44:30.314+0000] {processor.py:830} INFO - Processing file /home/airflow/.local/lib/python3.8/site-packages/airflow/example_dags/example_sla_dag.py for tasks to queue
[2024-04-09T16:44:30.316+0000] {logging_mixin.py:188} INFO - [2024-04-09T16:44:30.316+0000] {dagbag.py:540} INFO - Filling up the DagBag from /home/airflow/.local/lib/python3.8/site-packages/airflow/example_dags/example_sla_dag.py
[2024-04-09T16:44:30.322+0000] {processor.py:840} INFO - DAG(s) 'example_sla_dag' retrieved from /home/airflow/.local/lib/python3.8/site-packages/airflow/example_dags/example_sla_dag.py
[2024-04-09T16:44:30.338+0000] {logging_mixin.py:188} INFO - [2024-04-09T16:44:30.337+0000] {dag.py:3047} INFO - Sync 1 DAGs
[2024-04-09T16:44:30.352+0000] {logging_mixin.py:188} INFO - [2024-04-09T16:44:30.351+0000] {dag.py:3834} INFO - Setting next_dagrun for example_sla_dag to 2024-04-09 16:42:00+00:00, run_after=2024-04-09 16:44:00+00:00
[2024-04-09T16:44:30.360+0000] {processor.py:183} INFO - Processing /home/airflow/.local/lib/python3.8/site-packages/airflow/example_dags/example_sla_dag.py took 0.051 seconds
[2024-04-09T16:45:00.597+0000] {processor.py:161} INFO - Started process (PID=1168) to work on /home/airflow/.local/lib/python3.8/site-packages/airflow/example_dags/example_sla_dag.py
[2024-04-09T16:45:00.599+0000] {processor.py:830} INFO - Processing file /home/airflow/.local/lib/python3.8/site-packages/airflow/example_dags/example_sla_dag.py for tasks to queue
[2024-04-09T16:45:00.601+0000] {logging_mixin.py:188} INFO - [2024-04-09T16:45:00.601+0000] {dagbag.py:540} INFO - Filling up the DagBag from /home/airflow/.local/lib/python3.8/site-packages/airflow/example_dags/example_sla_dag.py
[2024-04-09T16:45:00.610+0000] {processor.py:840} INFO - DAG(s) 'example_sla_dag' retrieved from /home/airflow/.local/lib/python3.8/site-packages/airflow/example_dags/example_sla_dag.py
[2024-04-09T16:45:00.628+0000] {logging_mixin.py:188} INFO - [2024-04-09T16:45:00.628+0000] {dag.py:3047} INFO - Sync 1 DAGs
[2024-04-09T16:45:00.645+0000] {logging_mixin.py:188} INFO - [2024-04-09T16:45:00.645+0000] {dag.py:3834} INFO - Setting next_dagrun for example_sla_dag to 2024-04-09 16:42:00+00:00, run_after=2024-04-09 16:44:00+00:00
[2024-04-09T16:45:00.653+0000] {processor.py:183} INFO - Processing /home/airflow/.local/lib/python3.8/site-packages/airflow/example_dags/example_sla_dag.py took 0.062 seconds
[2024-04-09T16:45:30.993+0000] {processor.py:161} INFO - Started process (PID=1226) to work on /home/airflow/.local/lib/python3.8/site-packages/airflow/example_dags/example_sla_dag.py
[2024-04-09T16:45:30.995+0000] {processor.py:830} INFO - Processing file /home/airflow/.local/lib/python3.8/site-packages/airflow/example_dags/example_sla_dag.py for tasks to queue
[2024-04-09T16:45:30.997+0000] {logging_mixin.py:188} INFO - [2024-04-09T16:45:30.997+0000] {dagbag.py:540} INFO - Filling up the DagBag from /home/airflow/.local/lib/python3.8/site-packages/airflow/example_dags/example_sla_dag.py
[2024-04-09T16:45:31.005+0000] {processor.py:840} INFO - DAG(s) 'example_sla_dag' retrieved from /home/airflow/.local/lib/python3.8/site-packages/airflow/example_dags/example_sla_dag.py
[2024-04-09T16:45:31.020+0000] {logging_mixin.py:188} INFO - [2024-04-09T16:45:31.020+0000] {dag.py:3047} INFO - Sync 1 DAGs
[2024-04-09T16:45:31.035+0000] {logging_mixin.py:188} INFO - [2024-04-09T16:45:31.035+0000] {dag.py:3834} INFO - Setting next_dagrun for example_sla_dag to 2024-04-09 16:42:00+00:00, run_after=2024-04-09 16:44:00+00:00
[2024-04-09T16:45:31.045+0000] {processor.py:183} INFO - Processing /home/airflow/.local/lib/python3.8/site-packages/airflow/example_dags/example_sla_dag.py took 0.055 seconds
[2024-04-09T16:46:01.972+0000] {processor.py:161} INFO - Started process (PID=1290) to work on /home/airflow/.local/lib/python3.8/site-packages/airflow/example_dags/example_sla_dag.py
[2024-04-09T16:46:01.974+0000] {processor.py:830} INFO - Processing file /home/airflow/.local/lib/python3.8/site-packages/airflow/example_dags/example_sla_dag.py for tasks to queue
[2024-04-09T16:46:01.977+0000] {logging_mixin.py:188} INFO - [2024-04-09T16:46:01.977+0000] {dagbag.py:540} INFO - Filling up the DagBag from /home/airflow/.local/lib/python3.8/site-packages/airflow/example_dags/example_sla_dag.py
[2024-04-09T16:46:01.985+0000] {processor.py:840} INFO - DAG(s) 'example_sla_dag' retrieved from /home/airflow/.local/lib/python3.8/site-packages/airflow/example_dags/example_sla_dag.py
[2024-04-09T16:46:02.002+0000] {logging_mixin.py:188} INFO - [2024-04-09T16:46:02.002+0000] {dag.py:3047} INFO - Sync 1 DAGs
[2024-04-09T16:46:02.018+0000] {logging_mixin.py:188} INFO - [2024-04-09T16:46:02.017+0000] {dag.py:3834} INFO - Setting next_dagrun for example_sla_dag to 2024-04-09 16:44:00+00:00, run_after=2024-04-09 16:46:00+00:00
[2024-04-09T16:46:02.026+0000] {processor.py:183} INFO - Processing /home/airflow/.local/lib/python3.8/site-packages/airflow/example_dags/example_sla_dag.py took 0.057 seconds
[2024-04-09T16:46:32.293+0000] {processor.py:161} INFO - Started process (PID=1351) to work on /home/airflow/.local/lib/python3.8/site-packages/airflow/example_dags/example_sla_dag.py
[2024-04-09T16:46:32.305+0000] {processor.py:830} INFO - Processing file /home/airflow/.local/lib/python3.8/site-packages/airflow/example_dags/example_sla_dag.py for tasks to queue
[2024-04-09T16:46:32.309+0000] {logging_mixin.py:188} INFO - [2024-04-09T16:46:32.309+0000] {dagbag.py:540} INFO - Filling up the DagBag from /home/airflow/.local/lib/python3.8/site-packages/airflow/example_dags/example_sla_dag.py
[2024-04-09T16:46:32.325+0000] {processor.py:840} INFO - DAG(s) 'example_sla_dag' retrieved from /home/airflow/.local/lib/python3.8/site-packages/airflow/example_dags/example_sla_dag.py
[2024-04-09T16:46:32.356+0000] {logging_mixin.py:188} INFO - [2024-04-09T16:46:32.356+0000] {dag.py:3047} INFO - Sync 1 DAGs
[2024-04-09T16:46:32.394+0000] {logging_mixin.py:188} INFO - [2024-04-09T16:46:32.394+0000] {dag.py:3834} INFO - Setting next_dagrun for example_sla_dag to 2024-04-09 16:44:00+00:00, run_after=2024-04-09 16:46:00+00:00
[2024-04-09T16:46:32.424+0000] {processor.py:183} INFO - Processing /home/airflow/.local/lib/python3.8/site-packages/airflow/example_dags/example_sla_dag.py took 0.132 seconds
[2024-04-09T16:47:03.951+0000] {processor.py:161} INFO - Started process (PID=1423) to work on /home/airflow/.local/lib/python3.8/site-packages/airflow/example_dags/example_sla_dag.py
[2024-04-09T16:47:03.959+0000] {processor.py:830} INFO - Processing file /home/airflow/.local/lib/python3.8/site-packages/airflow/example_dags/example_sla_dag.py for tasks to queue
[2024-04-09T16:47:03.972+0000] {logging_mixin.py:188} INFO - [2024-04-09T16:47:03.971+0000] {dagbag.py:540} INFO - Filling up the DagBag from /home/airflow/.local/lib/python3.8/site-packages/airflow/example_dags/example_sla_dag.py
[2024-04-09T16:47:04.010+0000] {processor.py:840} INFO - DAG(s) 'example_sla_dag' retrieved from /home/airflow/.local/lib/python3.8/site-packages/airflow/example_dags/example_sla_dag.py
[2024-04-09T16:47:04.050+0000] {logging_mixin.py:188} INFO - [2024-04-09T16:47:04.050+0000] {dag.py:3047} INFO - Sync 1 DAGs
[2024-04-09T16:47:04.098+0000] {logging_mixin.py:188} INFO - [2024-04-09T16:47:04.097+0000] {dag.py:3834} INFO - Setting next_dagrun for example_sla_dag to 2024-04-09 16:44:00+00:00, run_after=2024-04-09 16:46:00+00:00
[2024-04-09T16:47:04.149+0000] {processor.py:183} INFO - Processing /home/airflow/.local/lib/python3.8/site-packages/airflow/example_dags/example_sla_dag.py took 0.206 seconds
[2024-04-09T16:47:38.090+0000] {processor.py:161} INFO - Started process (PID=1502) to work on /home/airflow/.local/lib/python3.8/site-packages/airflow/example_dags/example_sla_dag.py
[2024-04-09T16:47:38.094+0000] {processor.py:830} INFO - Processing file /home/airflow/.local/lib/python3.8/site-packages/airflow/example_dags/example_sla_dag.py for tasks to queue
[2024-04-09T16:47:38.111+0000] {logging_mixin.py:188} INFO - [2024-04-09T16:47:38.110+0000] {dagbag.py:540} INFO - Filling up the DagBag from /home/airflow/.local/lib/python3.8/site-packages/airflow/example_dags/example_sla_dag.py
[2024-04-09T16:47:38.163+0000] {processor.py:840} INFO - DAG(s) 'example_sla_dag' retrieved from /home/airflow/.local/lib/python3.8/site-packages/airflow/example_dags/example_sla_dag.py
[2024-04-09T16:47:38.249+0000] {logging_mixin.py:188} INFO - [2024-04-09T16:47:38.248+0000] {dag.py:3047} INFO - Sync 1 DAGs
[2024-04-09T16:47:38.353+0000] {logging_mixin.py:188} INFO - [2024-04-09T16:47:38.353+0000] {dag.py:3834} INFO - Setting next_dagrun for example_sla_dag to 2024-04-09 16:44:00+00:00, run_after=2024-04-09 16:46:00+00:00
[2024-04-09T16:47:38.424+0000] {processor.py:183} INFO - Processing /home/airflow/.local/lib/python3.8/site-packages/airflow/example_dags/example_sla_dag.py took 0.348 seconds
[2024-04-09T16:48:09.320+0000] {processor.py:161} INFO - Started process (PID=1557) to work on /home/airflow/.local/lib/python3.8/site-packages/airflow/example_dags/example_sla_dag.py
[2024-04-09T16:48:09.324+0000] {processor.py:830} INFO - Processing file /home/airflow/.local/lib/python3.8/site-packages/airflow/example_dags/example_sla_dag.py for tasks to queue
[2024-04-09T16:48:09.327+0000] {logging_mixin.py:188} INFO - [2024-04-09T16:48:09.327+0000] {dagbag.py:540} INFO - Filling up the DagBag from /home/airflow/.local/lib/python3.8/site-packages/airflow/example_dags/example_sla_dag.py
[2024-04-09T16:48:09.345+0000] {processor.py:840} INFO - DAG(s) 'example_sla_dag' retrieved from /home/airflow/.local/lib/python3.8/site-packages/airflow/example_dags/example_sla_dag.py
[2024-04-09T16:48:09.373+0000] {logging_mixin.py:188} INFO - [2024-04-09T16:48:09.373+0000] {dag.py:3047} INFO - Sync 1 DAGs
[2024-04-09T16:48:09.394+0000] {logging_mixin.py:188} INFO - [2024-04-09T16:48:09.393+0000] {dag.py:3834} INFO - Setting next_dagrun for example_sla_dag to 2024-04-09 16:46:00+00:00, run_after=2024-04-09 16:48:00+00:00
[2024-04-09T16:48:09.412+0000] {processor.py:183} INFO - Processing /home/airflow/.local/lib/python3.8/site-packages/airflow/example_dags/example_sla_dag.py took 0.097 seconds
[2024-04-09T16:48:40.339+0000] {processor.py:161} INFO - Started process (PID=1615) to work on /home/airflow/.local/lib/python3.8/site-packages/airflow/example_dags/example_sla_dag.py
[2024-04-09T16:48:40.341+0000] {processor.py:830} INFO - Processing file /home/airflow/.local/lib/python3.8/site-packages/airflow/example_dags/example_sla_dag.py for tasks to queue
[2024-04-09T16:48:40.343+0000] {logging_mixin.py:188} INFO - [2024-04-09T16:48:40.342+0000] {dagbag.py:540} INFO - Filling up the DagBag from /home/airflow/.local/lib/python3.8/site-packages/airflow/example_dags/example_sla_dag.py
[2024-04-09T16:48:40.352+0000] {processor.py:840} INFO - DAG(s) 'example_sla_dag' retrieved from /home/airflow/.local/lib/python3.8/site-packages/airflow/example_dags/example_sla_dag.py
[2024-04-09T16:48:40.378+0000] {logging_mixin.py:188} INFO - [2024-04-09T16:48:40.377+0000] {dag.py:3047} INFO - Sync 1 DAGs
[2024-04-09T16:48:40.407+0000] {logging_mixin.py:188} INFO - [2024-04-09T16:48:40.407+0000] {dag.py:3834} INFO - Setting next_dagrun for example_sla_dag to 2024-04-09 16:46:00+00:00, run_after=2024-04-09 16:48:00+00:00
[2024-04-09T16:48:40.425+0000] {processor.py:183} INFO - Processing /home/airflow/.local/lib/python3.8/site-packages/airflow/example_dags/example_sla_dag.py took 0.089 seconds
[2024-04-09T16:49:10.694+0000] {processor.py:161} INFO - Started process (PID=1671) to work on /home/airflow/.local/lib/python3.8/site-packages/airflow/example_dags/example_sla_dag.py
[2024-04-09T16:49:10.696+0000] {processor.py:830} INFO - Processing file /home/airflow/.local/lib/python3.8/site-packages/airflow/example_dags/example_sla_dag.py for tasks to queue
[2024-04-09T16:49:10.698+0000] {logging_mixin.py:188} INFO - [2024-04-09T16:49:10.697+0000] {dagbag.py:540} INFO - Filling up the DagBag from /home/airflow/.local/lib/python3.8/site-packages/airflow/example_dags/example_sla_dag.py
[2024-04-09T16:49:10.707+0000] {processor.py:840} INFO - DAG(s) 'example_sla_dag' retrieved from /home/airflow/.local/lib/python3.8/site-packages/airflow/example_dags/example_sla_dag.py
[2024-04-09T16:49:10.724+0000] {logging_mixin.py:188} INFO - [2024-04-09T16:49:10.724+0000] {dag.py:3047} INFO - Sync 1 DAGs
[2024-04-09T16:49:10.739+0000] {logging_mixin.py:188} INFO - [2024-04-09T16:49:10.738+0000] {dag.py:3834} INFO - Setting next_dagrun for example_sla_dag to 2024-04-09 16:46:00+00:00, run_after=2024-04-09 16:48:00+00:00
[2024-04-09T16:49:10.747+0000] {processor.py:183} INFO - Processing /home/airflow/.local/lib/python3.8/site-packages/airflow/example_dags/example_sla_dag.py took 0.058 seconds
[2024-04-09T16:49:40.840+0000] {processor.py:161} INFO - Started process (PID=1728) to work on /home/airflow/.local/lib/python3.8/site-packages/airflow/example_dags/example_sla_dag.py
[2024-04-09T16:49:40.842+0000] {processor.py:830} INFO - Processing file /home/airflow/.local/lib/python3.8/site-packages/airflow/example_dags/example_sla_dag.py for tasks to queue
[2024-04-09T16:49:40.845+0000] {logging_mixin.py:188} INFO - [2024-04-09T16:49:40.845+0000] {dagbag.py:540} INFO - Filling up the DagBag from /home/airflow/.local/lib/python3.8/site-packages/airflow/example_dags/example_sla_dag.py
[2024-04-09T16:49:40.857+0000] {processor.py:840} INFO - DAG(s) 'example_sla_dag' retrieved from /home/airflow/.local/lib/python3.8/site-packages/airflow/example_dags/example_sla_dag.py
[2024-04-09T16:49:40.874+0000] {logging_mixin.py:188} INFO - [2024-04-09T16:49:40.874+0000] {dag.py:3047} INFO - Sync 1 DAGs
[2024-04-09T16:49:40.889+0000] {logging_mixin.py:188} INFO - [2024-04-09T16:49:40.889+0000] {dag.py:3834} INFO - Setting next_dagrun for example_sla_dag to 2024-04-09 16:46:00+00:00, run_after=2024-04-09 16:48:00+00:00
[2024-04-09T16:49:40.897+0000] {processor.py:183} INFO - Processing /home/airflow/.local/lib/python3.8/site-packages/airflow/example_dags/example_sla_dag.py took 0.063 seconds
[2024-04-09T16:50:11.068+0000] {processor.py:161} INFO - Started process (PID=1785) to work on /home/airflow/.local/lib/python3.8/site-packages/airflow/example_dags/example_sla_dag.py
[2024-04-09T16:50:11.070+0000] {processor.py:830} INFO - Processing file /home/airflow/.local/lib/python3.8/site-packages/airflow/example_dags/example_sla_dag.py for tasks to queue
[2024-04-09T16:50:11.073+0000] {logging_mixin.py:188} INFO - [2024-04-09T16:50:11.073+0000] {dagbag.py:540} INFO - Filling up the DagBag from /home/airflow/.local/lib/python3.8/site-packages/airflow/example_dags/example_sla_dag.py
[2024-04-09T16:50:11.082+0000] {processor.py:840} INFO - DAG(s) 'example_sla_dag' retrieved from /home/airflow/.local/lib/python3.8/site-packages/airflow/example_dags/example_sla_dag.py
[2024-04-09T16:50:11.098+0000] {logging_mixin.py:188} INFO - [2024-04-09T16:50:11.098+0000] {dag.py:3047} INFO - Sync 1 DAGs
[2024-04-09T16:50:11.111+0000] {logging_mixin.py:188} INFO - [2024-04-09T16:50:11.111+0000] {dag.py:3834} INFO - Setting next_dagrun for example_sla_dag to 2024-04-09 16:48:00+00:00, run_after=2024-04-09 16:50:00+00:00
[2024-04-09T16:50:11.119+0000] {processor.py:183} INFO - Processing /home/airflow/.local/lib/python3.8/site-packages/airflow/example_dags/example_sla_dag.py took 0.056 seconds
[2024-04-09T16:50:41.848+0000] {processor.py:161} INFO - Started process (PID=1842) to work on /home/airflow/.local/lib/python3.8/site-packages/airflow/example_dags/example_sla_dag.py
[2024-04-09T16:50:41.850+0000] {processor.py:830} INFO - Processing file /home/airflow/.local/lib/python3.8/site-packages/airflow/example_dags/example_sla_dag.py for tasks to queue
[2024-04-09T16:50:41.852+0000] {logging_mixin.py:188} INFO - [2024-04-09T16:50:41.852+0000] {dagbag.py:540} INFO - Filling up the DagBag from /home/airflow/.local/lib/python3.8/site-packages/airflow/example_dags/example_sla_dag.py
[2024-04-09T16:50:41.863+0000] {processor.py:840} INFO - DAG(s) 'example_sla_dag' retrieved from /home/airflow/.local/lib/python3.8/site-packages/airflow/example_dags/example_sla_dag.py
[2024-04-09T16:50:41.883+0000] {logging_mixin.py:188} INFO - [2024-04-09T16:50:41.882+0000] {dag.py:3047} INFO - Sync 1 DAGs
[2024-04-09T16:50:41.901+0000] {logging_mixin.py:188} INFO - [2024-04-09T16:50:41.901+0000] {dag.py:3834} INFO - Setting next_dagrun for example_sla_dag to 2024-04-09 16:48:00+00:00, run_after=2024-04-09 16:50:00+00:00
[2024-04-09T16:50:41.909+0000] {processor.py:183} INFO - Processing /home/airflow/.local/lib/python3.8/site-packages/airflow/example_dags/example_sla_dag.py took 0.066 seconds
[2024-04-09T16:51:12.517+0000] {processor.py:161} INFO - Started process (PID=1900) to work on /home/airflow/.local/lib/python3.8/site-packages/airflow/example_dags/example_sla_dag.py
[2024-04-09T16:51:12.521+0000] {processor.py:830} INFO - Processing file /home/airflow/.local/lib/python3.8/site-packages/airflow/example_dags/example_sla_dag.py for tasks to queue
[2024-04-09T16:51:12.523+0000] {logging_mixin.py:188} INFO - [2024-04-09T16:51:12.523+0000] {dagbag.py:540} INFO - Filling up the DagBag from /home/airflow/.local/lib/python3.8/site-packages/airflow/example_dags/example_sla_dag.py
[2024-04-09T16:51:12.533+0000] {processor.py:840} INFO - DAG(s) 'example_sla_dag' retrieved from /home/airflow/.local/lib/python3.8/site-packages/airflow/example_dags/example_sla_dag.py
[2024-04-09T16:51:12.549+0000] {logging_mixin.py:188} INFO - [2024-04-09T16:51:12.549+0000] {dag.py:3047} INFO - Sync 1 DAGs
[2024-04-09T16:51:12.564+0000] {logging_mixin.py:188} INFO - [2024-04-09T16:51:12.564+0000] {dag.py:3834} INFO - Setting next_dagrun for example_sla_dag to 2024-04-09 16:48:00+00:00, run_after=2024-04-09 16:50:00+00:00
[2024-04-09T16:51:12.571+0000] {processor.py:183} INFO - Processing /home/airflow/.local/lib/python3.8/site-packages/airflow/example_dags/example_sla_dag.py took 0.059 seconds
[2024-04-09T16:51:42.757+0000] {processor.py:161} INFO - Started process (PID=1958) to work on /home/airflow/.local/lib/python3.8/site-packages/airflow/example_dags/example_sla_dag.py
[2024-04-09T16:51:42.759+0000] {processor.py:830} INFO - Processing file /home/airflow/.local/lib/python3.8/site-packages/airflow/example_dags/example_sla_dag.py for tasks to queue
[2024-04-09T16:51:42.760+0000] {logging_mixin.py:188} INFO - [2024-04-09T16:51:42.759+0000] {dagbag.py:540} INFO - Filling up the DagBag from /home/airflow/.local/lib/python3.8/site-packages/airflow/example_dags/example_sla_dag.py
[2024-04-09T16:51:42.764+0000] {processor.py:840} INFO - DAG(s) 'example_sla_dag' retrieved from /home/airflow/.local/lib/python3.8/site-packages/airflow/example_dags/example_sla_dag.py
[2024-04-09T16:51:42.774+0000] {logging_mixin.py:188} INFO - [2024-04-09T16:51:42.774+0000] {dag.py:3047} INFO - Sync 1 DAGs
[2024-04-09T16:51:42.786+0000] {logging_mixin.py:188} INFO - [2024-04-09T16:51:42.786+0000] {dag.py:3834} INFO - Setting next_dagrun for example_sla_dag to 2024-04-09 16:48:00+00:00, run_after=2024-04-09 16:50:00+00:00
[2024-04-09T16:51:42.794+0000] {processor.py:183} INFO - Processing /home/airflow/.local/lib/python3.8/site-packages/airflow/example_dags/example_sla_dag.py took 0.038 seconds
[2024-04-09T16:52:13.610+0000] {processor.py:161} INFO - Started process (PID=2016) to work on /home/airflow/.local/lib/python3.8/site-packages/airflow/example_dags/example_sla_dag.py
[2024-04-09T16:52:13.614+0000] {processor.py:830} INFO - Processing file /home/airflow/.local/lib/python3.8/site-packages/airflow/example_dags/example_sla_dag.py for tasks to queue
[2024-04-09T16:52:13.615+0000] {logging_mixin.py:188} INFO - [2024-04-09T16:52:13.615+0000] {dagbag.py:540} INFO - Filling up the DagBag from /home/airflow/.local/lib/python3.8/site-packages/airflow/example_dags/example_sla_dag.py
[2024-04-09T16:52:13.624+0000] {processor.py:840} INFO - DAG(s) 'example_sla_dag' retrieved from /home/airflow/.local/lib/python3.8/site-packages/airflow/example_dags/example_sla_dag.py
[2024-04-09T16:52:13.637+0000] {logging_mixin.py:188} INFO - [2024-04-09T16:52:13.637+0000] {dag.py:3047} INFO - Sync 1 DAGs
[2024-04-09T16:52:13.651+0000] {logging_mixin.py:188} INFO - [2024-04-09T16:52:13.651+0000] {dag.py:3834} INFO - Setting next_dagrun for example_sla_dag to 2024-04-09 16:50:00+00:00, run_after=2024-04-09 16:52:00+00:00
[2024-04-09T16:52:13.660+0000] {processor.py:183} INFO - Processing /home/airflow/.local/lib/python3.8/site-packages/airflow/example_dags/example_sla_dag.py took 0.054 seconds
[2024-04-09T16:52:44.013+0000] {processor.py:161} INFO - Started process (PID=2096) to work on /home/airflow/.local/lib/python3.8/site-packages/airflow/example_dags/example_sla_dag.py
[2024-04-09T16:52:44.014+0000] {processor.py:830} INFO - Processing file /home/airflow/.local/lib/python3.8/site-packages/airflow/example_dags/example_sla_dag.py for tasks to queue
[2024-04-09T16:52:44.016+0000] {logging_mixin.py:188} INFO - [2024-04-09T16:52:44.015+0000] {dagbag.py:540} INFO - Filling up the DagBag from /home/airflow/.local/lib/python3.8/site-packages/airflow/example_dags/example_sla_dag.py
[2024-04-09T16:52:44.021+0000] {processor.py:840} INFO - DAG(s) 'example_sla_dag' retrieved from /home/airflow/.local/lib/python3.8/site-packages/airflow/example_dags/example_sla_dag.py
[2024-04-09T16:52:44.035+0000] {logging_mixin.py:188} INFO - [2024-04-09T16:52:44.034+0000] {dag.py:3047} INFO - Sync 1 DAGs
[2024-04-09T16:52:44.050+0000] {logging_mixin.py:188} INFO - [2024-04-09T16:52:44.050+0000] {dag.py:3834} INFO - Setting next_dagrun for example_sla_dag to 2024-04-09 16:50:00+00:00, run_after=2024-04-09 16:52:00+00:00
[2024-04-09T16:52:44.060+0000] {processor.py:183} INFO - Processing /home/airflow/.local/lib/python3.8/site-packages/airflow/example_dags/example_sla_dag.py took 0.049 seconds
[2024-04-09T16:53:14.551+0000] {processor.py:161} INFO - Started process (PID=2172) to work on /home/airflow/.local/lib/python3.8/site-packages/airflow/example_dags/example_sla_dag.py
[2024-04-09T16:53:14.560+0000] {processor.py:830} INFO - Processing file /home/airflow/.local/lib/python3.8/site-packages/airflow/example_dags/example_sla_dag.py for tasks to queue
[2024-04-09T16:53:14.576+0000] {logging_mixin.py:188} INFO - [2024-04-09T16:53:14.576+0000] {dagbag.py:540} INFO - Filling up the DagBag from /home/airflow/.local/lib/python3.8/site-packages/airflow/example_dags/example_sla_dag.py
[2024-04-09T16:53:14.648+0000] {processor.py:840} INFO - DAG(s) 'example_sla_dag' retrieved from /home/airflow/.local/lib/python3.8/site-packages/airflow/example_dags/example_sla_dag.py
[2024-04-09T16:53:14.744+0000] {logging_mixin.py:188} INFO - [2024-04-09T16:53:14.744+0000] {dag.py:3047} INFO - Sync 1 DAGs
[2024-04-09T16:53:14.814+0000] {logging_mixin.py:188} INFO - [2024-04-09T16:53:14.813+0000] {dag.py:3834} INFO - Setting next_dagrun for example_sla_dag to 2024-04-09 16:50:00+00:00, run_after=2024-04-09 16:52:00+00:00
[2024-04-09T16:53:14.863+0000] {processor.py:183} INFO - Processing /home/airflow/.local/lib/python3.8/site-packages/airflow/example_dags/example_sla_dag.py took 0.338 seconds
[2024-04-09T16:53:45.728+0000] {processor.py:161} INFO - Started process (PID=2255) to work on /home/airflow/.local/lib/python3.8/site-packages/airflow/example_dags/example_sla_dag.py
[2024-04-09T16:53:45.731+0000] {processor.py:830} INFO - Processing file /home/airflow/.local/lib/python3.8/site-packages/airflow/example_dags/example_sla_dag.py for tasks to queue
[2024-04-09T16:53:45.755+0000] {logging_mixin.py:188} INFO - [2024-04-09T16:53:45.752+0000] {dagbag.py:540} INFO - Filling up the DagBag from /home/airflow/.local/lib/python3.8/site-packages/airflow/example_dags/example_sla_dag.py
[2024-04-09T16:53:45.804+0000] {processor.py:840} INFO - DAG(s) 'example_sla_dag' retrieved from /home/airflow/.local/lib/python3.8/site-packages/airflow/example_dags/example_sla_dag.py
[2024-04-09T16:53:45.877+0000] {logging_mixin.py:188} INFO - [2024-04-09T16:53:45.875+0000] {dag.py:3047} INFO - Sync 1 DAGs
[2024-04-09T16:53:45.983+0000] {logging_mixin.py:188} INFO - [2024-04-09T16:53:45.983+0000] {dag.py:3834} INFO - Setting next_dagrun for example_sla_dag to 2024-04-09 16:50:00+00:00, run_after=2024-04-09 16:52:00+00:00
[2024-04-09T16:53:46.071+0000] {processor.py:183} INFO - Processing /home/airflow/.local/lib/python3.8/site-packages/airflow/example_dags/example_sla_dag.py took 0.355 seconds
[2024-04-09T16:54:16.432+0000] {processor.py:161} INFO - Started process (PID=2325) to work on /home/airflow/.local/lib/python3.8/site-packages/airflow/example_dags/example_sla_dag.py
[2024-04-09T16:54:16.434+0000] {processor.py:830} INFO - Processing file /home/airflow/.local/lib/python3.8/site-packages/airflow/example_dags/example_sla_dag.py for tasks to queue
[2024-04-09T16:54:16.443+0000] {logging_mixin.py:188} INFO - [2024-04-09T16:54:16.443+0000] {dagbag.py:540} INFO - Filling up the DagBag from /home/airflow/.local/lib/python3.8/site-packages/airflow/example_dags/example_sla_dag.py
[2024-04-09T16:54:16.506+0000] {processor.py:840} INFO - DAG(s) 'example_sla_dag' retrieved from /home/airflow/.local/lib/python3.8/site-packages/airflow/example_dags/example_sla_dag.py
[2024-04-09T16:54:16.572+0000] {logging_mixin.py:188} INFO - [2024-04-09T16:54:16.572+0000] {dag.py:3047} INFO - Sync 1 DAGs
[2024-04-09T16:54:16.641+0000] {logging_mixin.py:188} INFO - [2024-04-09T16:54:16.641+0000] {dag.py:3834} INFO - Setting next_dagrun for example_sla_dag to 2024-04-09 16:52:00+00:00, run_after=2024-04-09 16:54:00+00:00
[2024-04-09T16:54:16.688+0000] {processor.py:183} INFO - Processing /home/airflow/.local/lib/python3.8/site-packages/airflow/example_dags/example_sla_dag.py took 0.269 seconds
