[2024-04-09T16:35:17.011+0000] {processor.py:161} INFO - Started process (PID=59) to work on /home/airflow/.local/lib/python3.8/site-packages/airflow/example_dags/example_latest_only.py
[2024-04-09T16:35:17.012+0000] {processor.py:830} INFO - Processing file /home/airflow/.local/lib/python3.8/site-packages/airflow/example_dags/example_latest_only.py for tasks to queue
[2024-04-09T16:35:17.014+0000] {logging_mixin.py:188} INFO - [2024-04-09T16:35:17.013+0000] {dagbag.py:540} INFO - Filling up the DagBag from /home/airflow/.local/lib/python3.8/site-packages/airflow/example_dags/example_latest_only.py
[2024-04-09T16:35:17.017+0000] {processor.py:840} INFO - DAG(s) 'latest_only' retrieved from /home/airflow/.local/lib/python3.8/site-packages/airflow/example_dags/example_latest_only.py
[2024-04-09T16:35:17.023+0000] {logging_mixin.py:188} INFO - [2024-04-09T16:35:17.023+0000] {dag.py:3047} INFO - Sync 1 DAGs
[2024-04-09T16:35:17.035+0000] {logging_mixin.py:188} INFO - [2024-04-09T16:35:17.035+0000] {dag.py:3834} INFO - Setting next_dagrun for latest_only to 2024-04-09 12:00:00+00:00, run_after=2024-04-09 16:00:00+00:00
[2024-04-09T16:35:17.045+0000] {processor.py:183} INFO - Processing /home/airflow/.local/lib/python3.8/site-packages/airflow/example_dags/example_latest_only.py took 0.036 seconds
[2024-04-09T16:35:47.124+0000] {processor.py:161} INFO - Started process (PID=114) to work on /home/airflow/.local/lib/python3.8/site-packages/airflow/example_dags/example_latest_only.py
[2024-04-09T16:35:47.125+0000] {processor.py:830} INFO - Processing file /home/airflow/.local/lib/python3.8/site-packages/airflow/example_dags/example_latest_only.py for tasks to queue
[2024-04-09T16:35:47.126+0000] {logging_mixin.py:188} INFO - [2024-04-09T16:35:47.126+0000] {dagbag.py:540} INFO - Filling up the DagBag from /home/airflow/.local/lib/python3.8/site-packages/airflow/example_dags/example_latest_only.py
[2024-04-09T16:35:47.128+0000] {processor.py:840} INFO - DAG(s) 'latest_only' retrieved from /home/airflow/.local/lib/python3.8/site-packages/airflow/example_dags/example_latest_only.py
[2024-04-09T16:35:47.167+0000] {logging_mixin.py:188} INFO - [2024-04-09T16:35:47.167+0000] {dag.py:3047} INFO - Sync 1 DAGs
[2024-04-09T16:35:47.175+0000] {logging_mixin.py:188} INFO - [2024-04-09T16:35:47.174+0000] {dag.py:3834} INFO - Setting next_dagrun for latest_only to 2024-04-09 12:00:00+00:00, run_after=2024-04-09 16:00:00+00:00
[2024-04-09T16:35:47.181+0000] {processor.py:183} INFO - Processing /home/airflow/.local/lib/python3.8/site-packages/airflow/example_dags/example_latest_only.py took 0.059 seconds
[2024-04-09T16:36:17.849+0000] {processor.py:161} INFO - Started process (PID=171) to work on /home/airflow/.local/lib/python3.8/site-packages/airflow/example_dags/example_latest_only.py
[2024-04-09T16:36:17.849+0000] {processor.py:830} INFO - Processing file /home/airflow/.local/lib/python3.8/site-packages/airflow/example_dags/example_latest_only.py for tasks to queue
[2024-04-09T16:36:17.851+0000] {logging_mixin.py:188} INFO - [2024-04-09T16:36:17.851+0000] {dagbag.py:540} INFO - Filling up the DagBag from /home/airflow/.local/lib/python3.8/site-packages/airflow/example_dags/example_latest_only.py
[2024-04-09T16:36:17.854+0000] {processor.py:840} INFO - DAG(s) 'latest_only' retrieved from /home/airflow/.local/lib/python3.8/site-packages/airflow/example_dags/example_latest_only.py
[2024-04-09T16:36:17.863+0000] {logging_mixin.py:188} INFO - [2024-04-09T16:36:17.863+0000] {dag.py:3047} INFO - Sync 1 DAGs
[2024-04-09T16:36:17.873+0000] {logging_mixin.py:188} INFO - [2024-04-09T16:36:17.873+0000] {dag.py:3834} INFO - Setting next_dagrun for latest_only to 2024-04-09 12:00:00+00:00, run_after=2024-04-09 16:00:00+00:00
[2024-04-09T16:36:17.880+0000] {processor.py:183} INFO - Processing /home/airflow/.local/lib/python3.8/site-packages/airflow/example_dags/example_latest_only.py took 0.033 seconds
[2024-04-09T16:36:48.663+0000] {processor.py:161} INFO - Started process (PID=228) to work on /home/airflow/.local/lib/python3.8/site-packages/airflow/example_dags/example_latest_only.py
[2024-04-09T16:36:48.664+0000] {processor.py:830} INFO - Processing file /home/airflow/.local/lib/python3.8/site-packages/airflow/example_dags/example_latest_only.py for tasks to queue
[2024-04-09T16:36:48.665+0000] {logging_mixin.py:188} INFO - [2024-04-09T16:36:48.665+0000] {dagbag.py:540} INFO - Filling up the DagBag from /home/airflow/.local/lib/python3.8/site-packages/airflow/example_dags/example_latest_only.py
[2024-04-09T16:36:48.667+0000] {processor.py:840} INFO - DAG(s) 'latest_only' retrieved from /home/airflow/.local/lib/python3.8/site-packages/airflow/example_dags/example_latest_only.py
[2024-04-09T16:36:48.677+0000] {logging_mixin.py:188} INFO - [2024-04-09T16:36:48.677+0000] {dag.py:3047} INFO - Sync 1 DAGs
[2024-04-09T16:36:48.689+0000] {logging_mixin.py:188} INFO - [2024-04-09T16:36:48.689+0000] {dag.py:3834} INFO - Setting next_dagrun for latest_only to 2024-04-09 12:00:00+00:00, run_after=2024-04-09 16:00:00+00:00
[2024-04-09T16:36:48.697+0000] {processor.py:183} INFO - Processing /home/airflow/.local/lib/python3.8/site-packages/airflow/example_dags/example_latest_only.py took 0.035 seconds
[2024-04-09T16:37:18.783+0000] {processor.py:161} INFO - Started process (PID=285) to work on /home/airflow/.local/lib/python3.8/site-packages/airflow/example_dags/example_latest_only.py
[2024-04-09T16:37:18.783+0000] {processor.py:830} INFO - Processing file /home/airflow/.local/lib/python3.8/site-packages/airflow/example_dags/example_latest_only.py for tasks to queue
[2024-04-09T16:37:18.784+0000] {logging_mixin.py:188} INFO - [2024-04-09T16:37:18.784+0000] {dagbag.py:540} INFO - Filling up the DagBag from /home/airflow/.local/lib/python3.8/site-packages/airflow/example_dags/example_latest_only.py
[2024-04-09T16:37:18.787+0000] {processor.py:840} INFO - DAG(s) 'latest_only' retrieved from /home/airflow/.local/lib/python3.8/site-packages/airflow/example_dags/example_latest_only.py
[2024-04-09T16:37:18.795+0000] {logging_mixin.py:188} INFO - [2024-04-09T16:37:18.795+0000] {dag.py:3047} INFO - Sync 1 DAGs
[2024-04-09T16:37:18.804+0000] {logging_mixin.py:188} INFO - [2024-04-09T16:37:18.804+0000] {dag.py:3834} INFO - Setting next_dagrun for latest_only to 2024-04-09 12:00:00+00:00, run_after=2024-04-09 16:00:00+00:00
[2024-04-09T16:37:18.811+0000] {processor.py:183} INFO - Processing /home/airflow/.local/lib/python3.8/site-packages/airflow/example_dags/example_latest_only.py took 0.029 seconds
[2024-04-09T16:37:49.421+0000] {processor.py:161} INFO - Started process (PID=342) to work on /home/airflow/.local/lib/python3.8/site-packages/airflow/example_dags/example_latest_only.py
[2024-04-09T16:37:49.435+0000] {processor.py:830} INFO - Processing file /home/airflow/.local/lib/python3.8/site-packages/airflow/example_dags/example_latest_only.py for tasks to queue
[2024-04-09T16:37:49.436+0000] {logging_mixin.py:188} INFO - [2024-04-09T16:37:49.436+0000] {dagbag.py:540} INFO - Filling up the DagBag from /home/airflow/.local/lib/python3.8/site-packages/airflow/example_dags/example_latest_only.py
[2024-04-09T16:37:49.438+0000] {processor.py:840} INFO - DAG(s) 'latest_only' retrieved from /home/airflow/.local/lib/python3.8/site-packages/airflow/example_dags/example_latest_only.py
[2024-04-09T16:37:49.448+0000] {logging_mixin.py:188} INFO - [2024-04-09T16:37:49.448+0000] {dag.py:3047} INFO - Sync 1 DAGs
[2024-04-09T16:37:49.457+0000] {logging_mixin.py:188} INFO - [2024-04-09T16:37:49.457+0000] {dag.py:3834} INFO - Setting next_dagrun for latest_only to 2024-04-09 12:00:00+00:00, run_after=2024-04-09 16:00:00+00:00
[2024-04-09T16:37:49.464+0000] {processor.py:183} INFO - Processing /home/airflow/.local/lib/python3.8/site-packages/airflow/example_dags/example_latest_only.py took 0.044 seconds
[2024-04-09T16:38:20.303+0000] {processor.py:161} INFO - Started process (PID=399) to work on /home/airflow/.local/lib/python3.8/site-packages/airflow/example_dags/example_latest_only.py
[2024-04-09T16:38:20.304+0000] {processor.py:830} INFO - Processing file /home/airflow/.local/lib/python3.8/site-packages/airflow/example_dags/example_latest_only.py for tasks to queue
[2024-04-09T16:38:20.304+0000] {logging_mixin.py:188} INFO - [2024-04-09T16:38:20.304+0000] {dagbag.py:540} INFO - Filling up the DagBag from /home/airflow/.local/lib/python3.8/site-packages/airflow/example_dags/example_latest_only.py
[2024-04-09T16:38:20.307+0000] {processor.py:840} INFO - DAG(s) 'latest_only' retrieved from /home/airflow/.local/lib/python3.8/site-packages/airflow/example_dags/example_latest_only.py
[2024-04-09T16:38:20.316+0000] {logging_mixin.py:188} INFO - [2024-04-09T16:38:20.316+0000] {dag.py:3047} INFO - Sync 1 DAGs
[2024-04-09T16:38:20.325+0000] {logging_mixin.py:188} INFO - [2024-04-09T16:38:20.325+0000] {dag.py:3834} INFO - Setting next_dagrun for latest_only to 2024-04-09 12:00:00+00:00, run_after=2024-04-09 16:00:00+00:00
[2024-04-09T16:38:20.332+0000] {processor.py:183} INFO - Processing /home/airflow/.local/lib/python3.8/site-packages/airflow/example_dags/example_latest_only.py took 0.030 seconds
[2024-04-09T16:38:50.987+0000] {processor.py:161} INFO - Started process (PID=456) to work on /home/airflow/.local/lib/python3.8/site-packages/airflow/example_dags/example_latest_only.py
[2024-04-09T16:38:50.987+0000] {processor.py:830} INFO - Processing file /home/airflow/.local/lib/python3.8/site-packages/airflow/example_dags/example_latest_only.py for tasks to queue
[2024-04-09T16:38:50.989+0000] {logging_mixin.py:188} INFO - [2024-04-09T16:38:50.989+0000] {dagbag.py:540} INFO - Filling up the DagBag from /home/airflow/.local/lib/python3.8/site-packages/airflow/example_dags/example_latest_only.py
[2024-04-09T16:38:50.991+0000] {processor.py:840} INFO - DAG(s) 'latest_only' retrieved from /home/airflow/.local/lib/python3.8/site-packages/airflow/example_dags/example_latest_only.py
[2024-04-09T16:38:51.000+0000] {logging_mixin.py:188} INFO - [2024-04-09T16:38:51.000+0000] {dag.py:3047} INFO - Sync 1 DAGs
[2024-04-09T16:38:51.009+0000] {logging_mixin.py:188} INFO - [2024-04-09T16:38:51.009+0000] {dag.py:3834} INFO - Setting next_dagrun for latest_only to 2024-04-09 12:00:00+00:00, run_after=2024-04-09 16:00:00+00:00
[2024-04-09T16:38:51.016+0000] {processor.py:183} INFO - Processing /home/airflow/.local/lib/python3.8/site-packages/airflow/example_dags/example_latest_only.py took 0.031 seconds
[2024-04-09T16:39:21.757+0000] {processor.py:161} INFO - Started process (PID=513) to work on /home/airflow/.local/lib/python3.8/site-packages/airflow/example_dags/example_latest_only.py
[2024-04-09T16:39:21.757+0000] {processor.py:830} INFO - Processing file /home/airflow/.local/lib/python3.8/site-packages/airflow/example_dags/example_latest_only.py for tasks to queue
[2024-04-09T16:39:21.758+0000] {logging_mixin.py:188} INFO - [2024-04-09T16:39:21.758+0000] {dagbag.py:540} INFO - Filling up the DagBag from /home/airflow/.local/lib/python3.8/site-packages/airflow/example_dags/example_latest_only.py
[2024-04-09T16:39:21.760+0000] {processor.py:840} INFO - DAG(s) 'latest_only' retrieved from /home/airflow/.local/lib/python3.8/site-packages/airflow/example_dags/example_latest_only.py
[2024-04-09T16:39:21.769+0000] {logging_mixin.py:188} INFO - [2024-04-09T16:39:21.769+0000] {dag.py:3047} INFO - Sync 1 DAGs
[2024-04-09T16:39:21.778+0000] {logging_mixin.py:188} INFO - [2024-04-09T16:39:21.778+0000] {dag.py:3834} INFO - Setting next_dagrun for latest_only to 2024-04-09 12:00:00+00:00, run_after=2024-04-09 16:00:00+00:00
[2024-04-09T16:39:21.785+0000] {processor.py:183} INFO - Processing /home/airflow/.local/lib/python3.8/site-packages/airflow/example_dags/example_latest_only.py took 0.030 seconds
[2024-04-09T16:39:52.050+0000] {processor.py:161} INFO - Started process (PID=569) to work on /home/airflow/.local/lib/python3.8/site-packages/airflow/example_dags/example_latest_only.py
[2024-04-09T16:39:52.052+0000] {processor.py:830} INFO - Processing file /home/airflow/.local/lib/python3.8/site-packages/airflow/example_dags/example_latest_only.py for tasks to queue
[2024-04-09T16:39:52.053+0000] {logging_mixin.py:188} INFO - [2024-04-09T16:39:52.053+0000] {dagbag.py:540} INFO - Filling up the DagBag from /home/airflow/.local/lib/python3.8/site-packages/airflow/example_dags/example_latest_only.py
[2024-04-09T16:39:52.056+0000] {processor.py:840} INFO - DAG(s) 'latest_only' retrieved from /home/airflow/.local/lib/python3.8/site-packages/airflow/example_dags/example_latest_only.py
[2024-04-09T16:39:52.065+0000] {logging_mixin.py:188} INFO - [2024-04-09T16:39:52.064+0000] {dag.py:3047} INFO - Sync 1 DAGs
[2024-04-09T16:39:52.074+0000] {logging_mixin.py:188} INFO - [2024-04-09T16:39:52.074+0000] {dag.py:3834} INFO - Setting next_dagrun for latest_only to 2024-04-09 12:00:00+00:00, run_after=2024-04-09 16:00:00+00:00
[2024-04-09T16:39:52.082+0000] {processor.py:183} INFO - Processing /home/airflow/.local/lib/python3.8/site-packages/airflow/example_dags/example_latest_only.py took 0.033 seconds
[2024-04-09T16:40:22.262+0000] {processor.py:161} INFO - Started process (PID=627) to work on /home/airflow/.local/lib/python3.8/site-packages/airflow/example_dags/example_latest_only.py
[2024-04-09T16:40:22.263+0000] {processor.py:830} INFO - Processing file /home/airflow/.local/lib/python3.8/site-packages/airflow/example_dags/example_latest_only.py for tasks to queue
[2024-04-09T16:40:22.263+0000] {logging_mixin.py:188} INFO - [2024-04-09T16:40:22.263+0000] {dagbag.py:540} INFO - Filling up the DagBag from /home/airflow/.local/lib/python3.8/site-packages/airflow/example_dags/example_latest_only.py
[2024-04-09T16:40:22.266+0000] {processor.py:840} INFO - DAG(s) 'latest_only' retrieved from /home/airflow/.local/lib/python3.8/site-packages/airflow/example_dags/example_latest_only.py
[2024-04-09T16:40:22.275+0000] {logging_mixin.py:188} INFO - [2024-04-09T16:40:22.275+0000] {dag.py:3047} INFO - Sync 1 DAGs
[2024-04-09T16:40:22.284+0000] {logging_mixin.py:188} INFO - [2024-04-09T16:40:22.284+0000] {dag.py:3834} INFO - Setting next_dagrun for latest_only to 2024-04-09 12:00:00+00:00, run_after=2024-04-09 16:00:00+00:00
[2024-04-09T16:40:22.292+0000] {processor.py:183} INFO - Processing /home/airflow/.local/lib/python3.8/site-packages/airflow/example_dags/example_latest_only.py took 0.031 seconds
[2024-04-09T16:40:52.486+0000] {processor.py:161} INFO - Started process (PID=685) to work on /home/airflow/.local/lib/python3.8/site-packages/airflow/example_dags/example_latest_only.py
[2024-04-09T16:40:52.486+0000] {processor.py:830} INFO - Processing file /home/airflow/.local/lib/python3.8/site-packages/airflow/example_dags/example_latest_only.py for tasks to queue
[2024-04-09T16:40:52.487+0000] {logging_mixin.py:188} INFO - [2024-04-09T16:40:52.487+0000] {dagbag.py:540} INFO - Filling up the DagBag from /home/airflow/.local/lib/python3.8/site-packages/airflow/example_dags/example_latest_only.py
[2024-04-09T16:40:52.490+0000] {processor.py:840} INFO - DAG(s) 'latest_only' retrieved from /home/airflow/.local/lib/python3.8/site-packages/airflow/example_dags/example_latest_only.py
[2024-04-09T16:40:52.499+0000] {logging_mixin.py:188} INFO - [2024-04-09T16:40:52.499+0000] {dag.py:3047} INFO - Sync 1 DAGs
[2024-04-09T16:40:52.509+0000] {logging_mixin.py:188} INFO - [2024-04-09T16:40:52.508+0000] {dag.py:3834} INFO - Setting next_dagrun for latest_only to 2024-04-09 12:00:00+00:00, run_after=2024-04-09 16:00:00+00:00
[2024-04-09T16:40:52.516+0000] {processor.py:183} INFO - Processing /home/airflow/.local/lib/python3.8/site-packages/airflow/example_dags/example_latest_only.py took 0.031 seconds
[2024-04-09T16:41:22.688+0000] {processor.py:161} INFO - Started process (PID=742) to work on /home/airflow/.local/lib/python3.8/site-packages/airflow/example_dags/example_latest_only.py
[2024-04-09T16:41:22.689+0000] {processor.py:830} INFO - Processing file /home/airflow/.local/lib/python3.8/site-packages/airflow/example_dags/example_latest_only.py for tasks to queue
[2024-04-09T16:41:22.690+0000] {logging_mixin.py:188} INFO - [2024-04-09T16:41:22.690+0000] {dagbag.py:540} INFO - Filling up the DagBag from /home/airflow/.local/lib/python3.8/site-packages/airflow/example_dags/example_latest_only.py
[2024-04-09T16:41:22.692+0000] {processor.py:840} INFO - DAG(s) 'latest_only' retrieved from /home/airflow/.local/lib/python3.8/site-packages/airflow/example_dags/example_latest_only.py
[2024-04-09T16:41:22.706+0000] {logging_mixin.py:188} INFO - [2024-04-09T16:41:22.706+0000] {dag.py:3047} INFO - Sync 1 DAGs
[2024-04-09T16:41:22.723+0000] {logging_mixin.py:188} INFO - [2024-04-09T16:41:22.723+0000] {dag.py:3834} INFO - Setting next_dagrun for latest_only to 2024-04-09 12:00:00+00:00, run_after=2024-04-09 16:00:00+00:00
[2024-04-09T16:41:22.754+0000] {processor.py:183} INFO - Processing /home/airflow/.local/lib/python3.8/site-packages/airflow/example_dags/example_latest_only.py took 0.068 seconds
[2024-04-09T16:41:53.168+0000] {processor.py:161} INFO - Started process (PID=800) to work on /home/airflow/.local/lib/python3.8/site-packages/airflow/example_dags/example_latest_only.py
[2024-04-09T16:41:53.169+0000] {processor.py:830} INFO - Processing file /home/airflow/.local/lib/python3.8/site-packages/airflow/example_dags/example_latest_only.py for tasks to queue
[2024-04-09T16:41:53.170+0000] {logging_mixin.py:188} INFO - [2024-04-09T16:41:53.170+0000] {dagbag.py:540} INFO - Filling up the DagBag from /home/airflow/.local/lib/python3.8/site-packages/airflow/example_dags/example_latest_only.py
[2024-04-09T16:41:53.172+0000] {processor.py:840} INFO - DAG(s) 'latest_only' retrieved from /home/airflow/.local/lib/python3.8/site-packages/airflow/example_dags/example_latest_only.py
[2024-04-09T16:41:53.181+0000] {logging_mixin.py:188} INFO - [2024-04-09T16:41:53.181+0000] {dag.py:3047} INFO - Sync 1 DAGs
[2024-04-09T16:41:53.190+0000] {logging_mixin.py:188} INFO - [2024-04-09T16:41:53.190+0000] {dag.py:3834} INFO - Setting next_dagrun for latest_only to 2024-04-09 12:00:00+00:00, run_after=2024-04-09 16:00:00+00:00
[2024-04-09T16:41:53.198+0000] {processor.py:183} INFO - Processing /home/airflow/.local/lib/python3.8/site-packages/airflow/example_dags/example_latest_only.py took 0.031 seconds
[2024-04-09T16:42:23.829+0000] {processor.py:161} INFO - Started process (PID=858) to work on /home/airflow/.local/lib/python3.8/site-packages/airflow/example_dags/example_latest_only.py
[2024-04-09T16:42:23.830+0000] {processor.py:830} INFO - Processing file /home/airflow/.local/lib/python3.8/site-packages/airflow/example_dags/example_latest_only.py for tasks to queue
[2024-04-09T16:42:23.830+0000] {logging_mixin.py:188} INFO - [2024-04-09T16:42:23.830+0000] {dagbag.py:540} INFO - Filling up the DagBag from /home/airflow/.local/lib/python3.8/site-packages/airflow/example_dags/example_latest_only.py
[2024-04-09T16:42:23.833+0000] {processor.py:840} INFO - DAG(s) 'latest_only' retrieved from /home/airflow/.local/lib/python3.8/site-packages/airflow/example_dags/example_latest_only.py
[2024-04-09T16:42:23.842+0000] {logging_mixin.py:188} INFO - [2024-04-09T16:42:23.842+0000] {dag.py:3047} INFO - Sync 1 DAGs
[2024-04-09T16:42:23.851+0000] {logging_mixin.py:188} INFO - [2024-04-09T16:42:23.851+0000] {dag.py:3834} INFO - Setting next_dagrun for latest_only to 2024-04-09 12:00:00+00:00, run_after=2024-04-09 16:00:00+00:00
[2024-04-09T16:42:23.859+0000] {processor.py:183} INFO - Processing /home/airflow/.local/lib/python3.8/site-packages/airflow/example_dags/example_latest_only.py took 0.031 seconds
[2024-04-09T16:42:54.662+0000] {processor.py:161} INFO - Started process (PID=916) to work on /home/airflow/.local/lib/python3.8/site-packages/airflow/example_dags/example_latest_only.py
[2024-04-09T16:42:54.662+0000] {processor.py:830} INFO - Processing file /home/airflow/.local/lib/python3.8/site-packages/airflow/example_dags/example_latest_only.py for tasks to queue
[2024-04-09T16:42:54.663+0000] {logging_mixin.py:188} INFO - [2024-04-09T16:42:54.663+0000] {dagbag.py:540} INFO - Filling up the DagBag from /home/airflow/.local/lib/python3.8/site-packages/airflow/example_dags/example_latest_only.py
[2024-04-09T16:42:54.665+0000] {processor.py:840} INFO - DAG(s) 'latest_only' retrieved from /home/airflow/.local/lib/python3.8/site-packages/airflow/example_dags/example_latest_only.py
[2024-04-09T16:42:54.676+0000] {logging_mixin.py:188} INFO - [2024-04-09T16:42:54.675+0000] {dag.py:3047} INFO - Sync 1 DAGs
[2024-04-09T16:42:54.684+0000] {logging_mixin.py:188} INFO - [2024-04-09T16:42:54.684+0000] {dag.py:3834} INFO - Setting next_dagrun for latest_only to 2024-04-09 12:00:00+00:00, run_after=2024-04-09 16:00:00+00:00
[2024-04-09T16:42:54.691+0000] {processor.py:183} INFO - Processing /home/airflow/.local/lib/python3.8/site-packages/airflow/example_dags/example_latest_only.py took 0.031 seconds
[2024-04-09T16:43:25.470+0000] {processor.py:161} INFO - Started process (PID=974) to work on /home/airflow/.local/lib/python3.8/site-packages/airflow/example_dags/example_latest_only.py
[2024-04-09T16:43:25.471+0000] {processor.py:830} INFO - Processing file /home/airflow/.local/lib/python3.8/site-packages/airflow/example_dags/example_latest_only.py for tasks to queue
[2024-04-09T16:43:25.471+0000] {logging_mixin.py:188} INFO - [2024-04-09T16:43:25.471+0000] {dagbag.py:540} INFO - Filling up the DagBag from /home/airflow/.local/lib/python3.8/site-packages/airflow/example_dags/example_latest_only.py
[2024-04-09T16:43:25.474+0000] {processor.py:840} INFO - DAG(s) 'latest_only' retrieved from /home/airflow/.local/lib/python3.8/site-packages/airflow/example_dags/example_latest_only.py
[2024-04-09T16:43:25.483+0000] {logging_mixin.py:188} INFO - [2024-04-09T16:43:25.483+0000] {dag.py:3047} INFO - Sync 1 DAGs
[2024-04-09T16:43:25.493+0000] {logging_mixin.py:188} INFO - [2024-04-09T16:43:25.493+0000] {dag.py:3834} INFO - Setting next_dagrun for latest_only to 2024-04-09 12:00:00+00:00, run_after=2024-04-09 16:00:00+00:00
[2024-04-09T16:43:25.500+0000] {processor.py:183} INFO - Processing /home/airflow/.local/lib/python3.8/site-packages/airflow/example_dags/example_latest_only.py took 0.032 seconds
[2024-04-09T16:43:55.652+0000] {processor.py:161} INFO - Started process (PID=1032) to work on /home/airflow/.local/lib/python3.8/site-packages/airflow/example_dags/example_latest_only.py
[2024-04-09T16:43:55.652+0000] {processor.py:830} INFO - Processing file /home/airflow/.local/lib/python3.8/site-packages/airflow/example_dags/example_latest_only.py for tasks to queue
[2024-04-09T16:43:55.653+0000] {logging_mixin.py:188} INFO - [2024-04-09T16:43:55.653+0000] {dagbag.py:540} INFO - Filling up the DagBag from /home/airflow/.local/lib/python3.8/site-packages/airflow/example_dags/example_latest_only.py
[2024-04-09T16:43:55.655+0000] {processor.py:840} INFO - DAG(s) 'latest_only' retrieved from /home/airflow/.local/lib/python3.8/site-packages/airflow/example_dags/example_latest_only.py
[2024-04-09T16:43:55.665+0000] {logging_mixin.py:188} INFO - [2024-04-09T16:43:55.664+0000] {dag.py:3047} INFO - Sync 1 DAGs
[2024-04-09T16:43:55.673+0000] {logging_mixin.py:188} INFO - [2024-04-09T16:43:55.673+0000] {dag.py:3834} INFO - Setting next_dagrun for latest_only to 2024-04-09 12:00:00+00:00, run_after=2024-04-09 16:00:00+00:00
[2024-04-09T16:43:55.680+0000] {processor.py:183} INFO - Processing /home/airflow/.local/lib/python3.8/site-packages/airflow/example_dags/example_latest_only.py took 0.030 seconds
[2024-04-09T16:44:25.809+0000] {processor.py:161} INFO - Started process (PID=1090) to work on /home/airflow/.local/lib/python3.8/site-packages/airflow/example_dags/example_latest_only.py
[2024-04-09T16:44:25.810+0000] {processor.py:830} INFO - Processing file /home/airflow/.local/lib/python3.8/site-packages/airflow/example_dags/example_latest_only.py for tasks to queue
[2024-04-09T16:44:25.811+0000] {logging_mixin.py:188} INFO - [2024-04-09T16:44:25.811+0000] {dagbag.py:540} INFO - Filling up the DagBag from /home/airflow/.local/lib/python3.8/site-packages/airflow/example_dags/example_latest_only.py
[2024-04-09T16:44:25.813+0000] {processor.py:840} INFO - DAG(s) 'latest_only' retrieved from /home/airflow/.local/lib/python3.8/site-packages/airflow/example_dags/example_latest_only.py
[2024-04-09T16:44:25.824+0000] {logging_mixin.py:188} INFO - [2024-04-09T16:44:25.824+0000] {dag.py:3047} INFO - Sync 1 DAGs
[2024-04-09T16:44:25.833+0000] {logging_mixin.py:188} INFO - [2024-04-09T16:44:25.833+0000] {dag.py:3834} INFO - Setting next_dagrun for latest_only to 2024-04-09 12:00:00+00:00, run_after=2024-04-09 16:00:00+00:00
[2024-04-09T16:44:25.841+0000] {processor.py:183} INFO - Processing /home/airflow/.local/lib/python3.8/site-packages/airflow/example_dags/example_latest_only.py took 0.033 seconds
[2024-04-09T16:44:56.175+0000] {processor.py:161} INFO - Started process (PID=1148) to work on /home/airflow/.local/lib/python3.8/site-packages/airflow/example_dags/example_latest_only.py
[2024-04-09T16:44:56.175+0000] {processor.py:830} INFO - Processing file /home/airflow/.local/lib/python3.8/site-packages/airflow/example_dags/example_latest_only.py for tasks to queue
[2024-04-09T16:44:56.176+0000] {logging_mixin.py:188} INFO - [2024-04-09T16:44:56.176+0000] {dagbag.py:540} INFO - Filling up the DagBag from /home/airflow/.local/lib/python3.8/site-packages/airflow/example_dags/example_latest_only.py
[2024-04-09T16:44:56.179+0000] {processor.py:840} INFO - DAG(s) 'latest_only' retrieved from /home/airflow/.local/lib/python3.8/site-packages/airflow/example_dags/example_latest_only.py
[2024-04-09T16:44:56.188+0000] {logging_mixin.py:188} INFO - [2024-04-09T16:44:56.188+0000] {dag.py:3047} INFO - Sync 1 DAGs
[2024-04-09T16:44:56.199+0000] {logging_mixin.py:188} INFO - [2024-04-09T16:44:56.199+0000] {dag.py:3834} INFO - Setting next_dagrun for latest_only to 2024-04-09 12:00:00+00:00, run_after=2024-04-09 16:00:00+00:00
[2024-04-09T16:44:56.208+0000] {processor.py:183} INFO - Processing /home/airflow/.local/lib/python3.8/site-packages/airflow/example_dags/example_latest_only.py took 0.034 seconds
[2024-04-09T16:45:26.515+0000] {processor.py:161} INFO - Started process (PID=1207) to work on /home/airflow/.local/lib/python3.8/site-packages/airflow/example_dags/example_latest_only.py
[2024-04-09T16:45:26.516+0000] {processor.py:830} INFO - Processing file /home/airflow/.local/lib/python3.8/site-packages/airflow/example_dags/example_latest_only.py for tasks to queue
[2024-04-09T16:45:26.517+0000] {logging_mixin.py:188} INFO - [2024-04-09T16:45:26.517+0000] {dagbag.py:540} INFO - Filling up the DagBag from /home/airflow/.local/lib/python3.8/site-packages/airflow/example_dags/example_latest_only.py
[2024-04-09T16:45:26.519+0000] {processor.py:840} INFO - DAG(s) 'latest_only' retrieved from /home/airflow/.local/lib/python3.8/site-packages/airflow/example_dags/example_latest_only.py
[2024-04-09T16:45:26.528+0000] {logging_mixin.py:188} INFO - [2024-04-09T16:45:26.528+0000] {dag.py:3047} INFO - Sync 1 DAGs
[2024-04-09T16:45:26.537+0000] {logging_mixin.py:188} INFO - [2024-04-09T16:45:26.537+0000] {dag.py:3834} INFO - Setting next_dagrun for latest_only to 2024-04-09 12:00:00+00:00, run_after=2024-04-09 16:00:00+00:00
[2024-04-09T16:45:26.545+0000] {processor.py:183} INFO - Processing /home/airflow/.local/lib/python3.8/site-packages/airflow/example_dags/example_latest_only.py took 0.031 seconds
[2024-04-09T16:45:57.087+0000] {processor.py:161} INFO - Started process (PID=1269) to work on /home/airflow/.local/lib/python3.8/site-packages/airflow/example_dags/example_latest_only.py
[2024-04-09T16:45:57.087+0000] {processor.py:830} INFO - Processing file /home/airflow/.local/lib/python3.8/site-packages/airflow/example_dags/example_latest_only.py for tasks to queue
[2024-04-09T16:45:57.088+0000] {logging_mixin.py:188} INFO - [2024-04-09T16:45:57.088+0000] {dagbag.py:540} INFO - Filling up the DagBag from /home/airflow/.local/lib/python3.8/site-packages/airflow/example_dags/example_latest_only.py
[2024-04-09T16:45:57.092+0000] {processor.py:840} INFO - DAG(s) 'latest_only' retrieved from /home/airflow/.local/lib/python3.8/site-packages/airflow/example_dags/example_latest_only.py
[2024-04-09T16:45:57.101+0000] {logging_mixin.py:188} INFO - [2024-04-09T16:45:57.101+0000] {dag.py:3047} INFO - Sync 1 DAGs
[2024-04-09T16:45:57.110+0000] {logging_mixin.py:188} INFO - [2024-04-09T16:45:57.110+0000] {dag.py:3834} INFO - Setting next_dagrun for latest_only to 2024-04-09 12:00:00+00:00, run_after=2024-04-09 16:00:00+00:00
[2024-04-09T16:45:57.118+0000] {processor.py:183} INFO - Processing /home/airflow/.local/lib/python3.8/site-packages/airflow/example_dags/example_latest_only.py took 0.033 seconds
[2024-04-09T16:46:27.733+0000] {processor.py:161} INFO - Started process (PID=1327) to work on /home/airflow/.local/lib/python3.8/site-packages/airflow/example_dags/example_latest_only.py
[2024-04-09T16:46:27.734+0000] {processor.py:830} INFO - Processing file /home/airflow/.local/lib/python3.8/site-packages/airflow/example_dags/example_latest_only.py for tasks to queue
[2024-04-09T16:46:27.736+0000] {logging_mixin.py:188} INFO - [2024-04-09T16:46:27.735+0000] {dagbag.py:540} INFO - Filling up the DagBag from /home/airflow/.local/lib/python3.8/site-packages/airflow/example_dags/example_latest_only.py
[2024-04-09T16:46:27.743+0000] {processor.py:840} INFO - DAG(s) 'latest_only' retrieved from /home/airflow/.local/lib/python3.8/site-packages/airflow/example_dags/example_latest_only.py
[2024-04-09T16:46:27.765+0000] {logging_mixin.py:188} INFO - [2024-04-09T16:46:27.765+0000] {dag.py:3047} INFO - Sync 1 DAGs
[2024-04-09T16:46:27.778+0000] {logging_mixin.py:188} INFO - [2024-04-09T16:46:27.778+0000] {dag.py:3834} INFO - Setting next_dagrun for latest_only to 2024-04-09 12:00:00+00:00, run_after=2024-04-09 16:00:00+00:00
[2024-04-09T16:46:27.788+0000] {processor.py:183} INFO - Processing /home/airflow/.local/lib/python3.8/site-packages/airflow/example_dags/example_latest_only.py took 0.059 seconds
[2024-04-09T16:47:00.437+0000] {processor.py:161} INFO - Started process (PID=1410) to work on /home/airflow/.local/lib/python3.8/site-packages/airflow/example_dags/example_latest_only.py
[2024-04-09T16:47:00.446+0000] {processor.py:830} INFO - Processing file /home/airflow/.local/lib/python3.8/site-packages/airflow/example_dags/example_latest_only.py for tasks to queue
[2024-04-09T16:47:00.469+0000] {logging_mixin.py:188} INFO - [2024-04-09T16:47:00.468+0000] {dagbag.py:540} INFO - Filling up the DagBag from /home/airflow/.local/lib/python3.8/site-packages/airflow/example_dags/example_latest_only.py
[2024-04-09T16:47:00.496+0000] {processor.py:840} INFO - DAG(s) 'latest_only' retrieved from /home/airflow/.local/lib/python3.8/site-packages/airflow/example_dags/example_latest_only.py
[2024-04-09T16:47:00.558+0000] {logging_mixin.py:188} INFO - [2024-04-09T16:47:00.557+0000] {dag.py:3047} INFO - Sync 1 DAGs
[2024-04-09T16:47:00.613+0000] {logging_mixin.py:188} INFO - [2024-04-09T16:47:00.613+0000] {dag.py:3834} INFO - Setting next_dagrun for latest_only to 2024-04-09 12:00:00+00:00, run_after=2024-04-09 16:00:00+00:00
[2024-04-09T16:47:00.660+0000] {processor.py:183} INFO - Processing /home/airflow/.local/lib/python3.8/site-packages/airflow/example_dags/example_latest_only.py took 0.243 seconds
[2024-04-09T16:47:31.689+0000] {processor.py:161} INFO - Started process (PID=1487) to work on /home/airflow/.local/lib/python3.8/site-packages/airflow/example_dags/example_latest_only.py
[2024-04-09T16:47:31.699+0000] {processor.py:830} INFO - Processing file /home/airflow/.local/lib/python3.8/site-packages/airflow/example_dags/example_latest_only.py for tasks to queue
[2024-04-09T16:47:31.715+0000] {logging_mixin.py:188} INFO - [2024-04-09T16:47:31.714+0000] {dagbag.py:540} INFO - Filling up the DagBag from /home/airflow/.local/lib/python3.8/site-packages/airflow/example_dags/example_latest_only.py
[2024-04-09T16:47:31.773+0000] {processor.py:840} INFO - DAG(s) 'latest_only' retrieved from /home/airflow/.local/lib/python3.8/site-packages/airflow/example_dags/example_latest_only.py
[2024-04-09T16:47:31.899+0000] {logging_mixin.py:188} INFO - [2024-04-09T16:47:31.899+0000] {dag.py:3047} INFO - Sync 1 DAGs
[2024-04-09T16:47:31.971+0000] {logging_mixin.py:188} INFO - [2024-04-09T16:47:31.971+0000] {dag.py:3834} INFO - Setting next_dagrun for latest_only to 2024-04-09 12:00:00+00:00, run_after=2024-04-09 16:00:00+00:00
[2024-04-09T16:47:32.026+0000] {processor.py:183} INFO - Processing /home/airflow/.local/lib/python3.8/site-packages/airflow/example_dags/example_latest_only.py took 0.362 seconds
[2024-04-09T16:48:02.965+0000] {processor.py:161} INFO - Started process (PID=1544) to work on /home/airflow/.local/lib/python3.8/site-packages/airflow/example_dags/example_latest_only.py
[2024-04-09T16:48:02.967+0000] {processor.py:830} INFO - Processing file /home/airflow/.local/lib/python3.8/site-packages/airflow/example_dags/example_latest_only.py for tasks to queue
[2024-04-09T16:48:02.973+0000] {logging_mixin.py:188} INFO - [2024-04-09T16:48:02.973+0000] {dagbag.py:540} INFO - Filling up the DagBag from /home/airflow/.local/lib/python3.8/site-packages/airflow/example_dags/example_latest_only.py
[2024-04-09T16:48:03.032+0000] {processor.py:840} INFO - DAG(s) 'latest_only' retrieved from /home/airflow/.local/lib/python3.8/site-packages/airflow/example_dags/example_latest_only.py
[2024-04-09T16:48:03.119+0000] {logging_mixin.py:188} INFO - [2024-04-09T16:48:03.119+0000] {dag.py:3047} INFO - Sync 1 DAGs
[2024-04-09T16:48:03.192+0000] {logging_mixin.py:188} INFO - [2024-04-09T16:48:03.192+0000] {dag.py:3834} INFO - Setting next_dagrun for latest_only to 2024-04-09 12:00:00+00:00, run_after=2024-04-09 16:00:00+00:00
[2024-04-09T16:48:03.240+0000] {processor.py:183} INFO - Processing /home/airflow/.local/lib/python3.8/site-packages/airflow/example_dags/example_latest_only.py took 0.298 seconds
[2024-04-09T16:48:33.841+0000] {processor.py:161} INFO - Started process (PID=1601) to work on /home/airflow/.local/lib/python3.8/site-packages/airflow/example_dags/example_latest_only.py
[2024-04-09T16:48:33.842+0000] {processor.py:830} INFO - Processing file /home/airflow/.local/lib/python3.8/site-packages/airflow/example_dags/example_latest_only.py for tasks to queue
[2024-04-09T16:48:33.843+0000] {logging_mixin.py:188} INFO - [2024-04-09T16:48:33.843+0000] {dagbag.py:540} INFO - Filling up the DagBag from /home/airflow/.local/lib/python3.8/site-packages/airflow/example_dags/example_latest_only.py
[2024-04-09T16:48:33.846+0000] {processor.py:840} INFO - DAG(s) 'latest_only' retrieved from /home/airflow/.local/lib/python3.8/site-packages/airflow/example_dags/example_latest_only.py
[2024-04-09T16:48:33.862+0000] {logging_mixin.py:188} INFO - [2024-04-09T16:48:33.862+0000] {dag.py:3047} INFO - Sync 1 DAGs
[2024-04-09T16:48:33.873+0000] {logging_mixin.py:188} INFO - [2024-04-09T16:48:33.873+0000] {dag.py:3834} INFO - Setting next_dagrun for latest_only to 2024-04-09 12:00:00+00:00, run_after=2024-04-09 16:00:00+00:00
[2024-04-09T16:48:33.881+0000] {processor.py:183} INFO - Processing /home/airflow/.local/lib/python3.8/site-packages/airflow/example_dags/example_latest_only.py took 0.042 seconds
[2024-04-09T16:49:04.247+0000] {processor.py:161} INFO - Started process (PID=1658) to work on /home/airflow/.local/lib/python3.8/site-packages/airflow/example_dags/example_latest_only.py
[2024-04-09T16:49:04.248+0000] {processor.py:830} INFO - Processing file /home/airflow/.local/lib/python3.8/site-packages/airflow/example_dags/example_latest_only.py for tasks to queue
[2024-04-09T16:49:04.249+0000] {logging_mixin.py:188} INFO - [2024-04-09T16:49:04.249+0000] {dagbag.py:540} INFO - Filling up the DagBag from /home/airflow/.local/lib/python3.8/site-packages/airflow/example_dags/example_latest_only.py
[2024-04-09T16:49:04.251+0000] {processor.py:840} INFO - DAG(s) 'latest_only' retrieved from /home/airflow/.local/lib/python3.8/site-packages/airflow/example_dags/example_latest_only.py
[2024-04-09T16:49:04.261+0000] {logging_mixin.py:188} INFO - [2024-04-09T16:49:04.261+0000] {dag.py:3047} INFO - Sync 1 DAGs
[2024-04-09T16:49:04.273+0000] {logging_mixin.py:188} INFO - [2024-04-09T16:49:04.273+0000] {dag.py:3834} INFO - Setting next_dagrun for latest_only to 2024-04-09 12:00:00+00:00, run_after=2024-04-09 16:00:00+00:00
[2024-04-09T16:49:04.280+0000] {processor.py:183} INFO - Processing /home/airflow/.local/lib/python3.8/site-packages/airflow/example_dags/example_latest_only.py took 0.035 seconds
[2024-04-09T16:49:34.357+0000] {processor.py:161} INFO - Started process (PID=1715) to work on /home/airflow/.local/lib/python3.8/site-packages/airflow/example_dags/example_latest_only.py
[2024-04-09T16:49:34.357+0000] {processor.py:830} INFO - Processing file /home/airflow/.local/lib/python3.8/site-packages/airflow/example_dags/example_latest_only.py for tasks to queue
[2024-04-09T16:49:34.358+0000] {logging_mixin.py:188} INFO - [2024-04-09T16:49:34.358+0000] {dagbag.py:540} INFO - Filling up the DagBag from /home/airflow/.local/lib/python3.8/site-packages/airflow/example_dags/example_latest_only.py
[2024-04-09T16:49:34.361+0000] {processor.py:840} INFO - DAG(s) 'latest_only' retrieved from /home/airflow/.local/lib/python3.8/site-packages/airflow/example_dags/example_latest_only.py
[2024-04-09T16:49:34.370+0000] {logging_mixin.py:188} INFO - [2024-04-09T16:49:34.370+0000] {dag.py:3047} INFO - Sync 1 DAGs
[2024-04-09T16:49:34.380+0000] {logging_mixin.py:188} INFO - [2024-04-09T16:49:34.380+0000] {dag.py:3834} INFO - Setting next_dagrun for latest_only to 2024-04-09 12:00:00+00:00, run_after=2024-04-09 16:00:00+00:00
[2024-04-09T16:49:34.387+0000] {processor.py:183} INFO - Processing /home/airflow/.local/lib/python3.8/site-packages/airflow/example_dags/example_latest_only.py took 0.032 seconds
[2024-04-09T16:50:04.633+0000] {processor.py:161} INFO - Started process (PID=1772) to work on /home/airflow/.local/lib/python3.8/site-packages/airflow/example_dags/example_latest_only.py
[2024-04-09T16:50:04.634+0000] {processor.py:830} INFO - Processing file /home/airflow/.local/lib/python3.8/site-packages/airflow/example_dags/example_latest_only.py for tasks to queue
[2024-04-09T16:50:04.635+0000] {logging_mixin.py:188} INFO - [2024-04-09T16:50:04.635+0000] {dagbag.py:540} INFO - Filling up the DagBag from /home/airflow/.local/lib/python3.8/site-packages/airflow/example_dags/example_latest_only.py
[2024-04-09T16:50:04.637+0000] {processor.py:840} INFO - DAG(s) 'latest_only' retrieved from /home/airflow/.local/lib/python3.8/site-packages/airflow/example_dags/example_latest_only.py
[2024-04-09T16:50:04.648+0000] {logging_mixin.py:188} INFO - [2024-04-09T16:50:04.648+0000] {dag.py:3047} INFO - Sync 1 DAGs
[2024-04-09T16:50:04.658+0000] {logging_mixin.py:188} INFO - [2024-04-09T16:50:04.658+0000] {dag.py:3834} INFO - Setting next_dagrun for latest_only to 2024-04-09 12:00:00+00:00, run_after=2024-04-09 16:00:00+00:00
[2024-04-09T16:50:04.667+0000] {processor.py:183} INFO - Processing /home/airflow/.local/lib/python3.8/site-packages/airflow/example_dags/example_latest_only.py took 0.035 seconds
[2024-04-09T16:50:35.371+0000] {processor.py:161} INFO - Started process (PID=1829) to work on /home/airflow/.local/lib/python3.8/site-packages/airflow/example_dags/example_latest_only.py
[2024-04-09T16:50:35.371+0000] {processor.py:830} INFO - Processing file /home/airflow/.local/lib/python3.8/site-packages/airflow/example_dags/example_latest_only.py for tasks to queue
[2024-04-09T16:50:35.372+0000] {logging_mixin.py:188} INFO - [2024-04-09T16:50:35.372+0000] {dagbag.py:540} INFO - Filling up the DagBag from /home/airflow/.local/lib/python3.8/site-packages/airflow/example_dags/example_latest_only.py
[2024-04-09T16:50:35.374+0000] {processor.py:840} INFO - DAG(s) 'latest_only' retrieved from /home/airflow/.local/lib/python3.8/site-packages/airflow/example_dags/example_latest_only.py
[2024-04-09T16:50:35.384+0000] {logging_mixin.py:188} INFO - [2024-04-09T16:50:35.384+0000] {dag.py:3047} INFO - Sync 1 DAGs
[2024-04-09T16:50:35.395+0000] {logging_mixin.py:188} INFO - [2024-04-09T16:50:35.395+0000] {dag.py:3834} INFO - Setting next_dagrun for latest_only to 2024-04-09 12:00:00+00:00, run_after=2024-04-09 16:00:00+00:00
[2024-04-09T16:50:35.404+0000] {processor.py:183} INFO - Processing /home/airflow/.local/lib/python3.8/site-packages/airflow/example_dags/example_latest_only.py took 0.034 seconds
[2024-04-09T16:51:06.036+0000] {processor.py:161} INFO - Started process (PID=1887) to work on /home/airflow/.local/lib/python3.8/site-packages/airflow/example_dags/example_latest_only.py
[2024-04-09T16:51:06.036+0000] {processor.py:830} INFO - Processing file /home/airflow/.local/lib/python3.8/site-packages/airflow/example_dags/example_latest_only.py for tasks to queue
[2024-04-09T16:51:06.037+0000] {logging_mixin.py:188} INFO - [2024-04-09T16:51:06.037+0000] {dagbag.py:540} INFO - Filling up the DagBag from /home/airflow/.local/lib/python3.8/site-packages/airflow/example_dags/example_latest_only.py
[2024-04-09T16:51:06.040+0000] {processor.py:840} INFO - DAG(s) 'latest_only' retrieved from /home/airflow/.local/lib/python3.8/site-packages/airflow/example_dags/example_latest_only.py
[2024-04-09T16:51:06.053+0000] {logging_mixin.py:188} INFO - [2024-04-09T16:51:06.053+0000] {dag.py:3047} INFO - Sync 1 DAGs
[2024-04-09T16:51:06.065+0000] {logging_mixin.py:188} INFO - [2024-04-09T16:51:06.065+0000] {dag.py:3834} INFO - Setting next_dagrun for latest_only to 2024-04-09 12:00:00+00:00, run_after=2024-04-09 16:00:00+00:00
[2024-04-09T16:51:06.073+0000] {processor.py:183} INFO - Processing /home/airflow/.local/lib/python3.8/site-packages/airflow/example_dags/example_latest_only.py took 0.039 seconds
[2024-04-09T16:51:36.336+0000] {processor.py:161} INFO - Started process (PID=1945) to work on /home/airflow/.local/lib/python3.8/site-packages/airflow/example_dags/example_latest_only.py
[2024-04-09T16:51:36.336+0000] {processor.py:830} INFO - Processing file /home/airflow/.local/lib/python3.8/site-packages/airflow/example_dags/example_latest_only.py for tasks to queue
[2024-04-09T16:51:36.337+0000] {logging_mixin.py:188} INFO - [2024-04-09T16:51:36.337+0000] {dagbag.py:540} INFO - Filling up the DagBag from /home/airflow/.local/lib/python3.8/site-packages/airflow/example_dags/example_latest_only.py
[2024-04-09T16:51:36.340+0000] {processor.py:840} INFO - DAG(s) 'latest_only' retrieved from /home/airflow/.local/lib/python3.8/site-packages/airflow/example_dags/example_latest_only.py
[2024-04-09T16:51:36.348+0000] {logging_mixin.py:188} INFO - [2024-04-09T16:51:36.348+0000] {dag.py:3047} INFO - Sync 1 DAGs
[2024-04-09T16:51:36.358+0000] {logging_mixin.py:188} INFO - [2024-04-09T16:51:36.357+0000] {dag.py:3834} INFO - Setting next_dagrun for latest_only to 2024-04-09 12:00:00+00:00, run_after=2024-04-09 16:00:00+00:00
[2024-04-09T16:51:36.367+0000] {processor.py:183} INFO - Processing /home/airflow/.local/lib/python3.8/site-packages/airflow/example_dags/example_latest_only.py took 0.033 seconds
[2024-04-09T16:52:07.190+0000] {processor.py:161} INFO - Started process (PID=2003) to work on /home/airflow/.local/lib/python3.8/site-packages/airflow/example_dags/example_latest_only.py
[2024-04-09T16:52:07.190+0000] {processor.py:830} INFO - Processing file /home/airflow/.local/lib/python3.8/site-packages/airflow/example_dags/example_latest_only.py for tasks to queue
[2024-04-09T16:52:07.191+0000] {logging_mixin.py:188} INFO - [2024-04-09T16:52:07.191+0000] {dagbag.py:540} INFO - Filling up the DagBag from /home/airflow/.local/lib/python3.8/site-packages/airflow/example_dags/example_latest_only.py
[2024-04-09T16:52:07.196+0000] {processor.py:840} INFO - DAG(s) 'latest_only' retrieved from /home/airflow/.local/lib/python3.8/site-packages/airflow/example_dags/example_latest_only.py
[2024-04-09T16:52:07.205+0000] {logging_mixin.py:188} INFO - [2024-04-09T16:52:07.205+0000] {dag.py:3047} INFO - Sync 1 DAGs
[2024-04-09T16:52:07.215+0000] {logging_mixin.py:188} INFO - [2024-04-09T16:52:07.215+0000] {dag.py:3834} INFO - Setting next_dagrun for latest_only to 2024-04-09 12:00:00+00:00, run_after=2024-04-09 16:00:00+00:00
[2024-04-09T16:52:07.222+0000] {processor.py:183} INFO - Processing /home/airflow/.local/lib/python3.8/site-packages/airflow/example_dags/example_latest_only.py took 0.034 seconds
[2024-04-09T16:52:37.568+0000] {processor.py:161} INFO - Started process (PID=2083) to work on /home/airflow/.local/lib/python3.8/site-packages/airflow/example_dags/example_latest_only.py
[2024-04-09T16:52:37.569+0000] {processor.py:830} INFO - Processing file /home/airflow/.local/lib/python3.8/site-packages/airflow/example_dags/example_latest_only.py for tasks to queue
[2024-04-09T16:52:37.570+0000] {logging_mixin.py:188} INFO - [2024-04-09T16:52:37.570+0000] {dagbag.py:540} INFO - Filling up the DagBag from /home/airflow/.local/lib/python3.8/site-packages/airflow/example_dags/example_latest_only.py
[2024-04-09T16:52:37.572+0000] {processor.py:840} INFO - DAG(s) 'latest_only' retrieved from /home/airflow/.local/lib/python3.8/site-packages/airflow/example_dags/example_latest_only.py
[2024-04-09T16:52:37.582+0000] {logging_mixin.py:188} INFO - [2024-04-09T16:52:37.582+0000] {dag.py:3047} INFO - Sync 1 DAGs
[2024-04-09T16:52:37.592+0000] {logging_mixin.py:188} INFO - [2024-04-09T16:52:37.592+0000] {dag.py:3834} INFO - Setting next_dagrun for latest_only to 2024-04-09 12:00:00+00:00, run_after=2024-04-09 16:00:00+00:00
[2024-04-09T16:52:37.599+0000] {processor.py:183} INFO - Processing /home/airflow/.local/lib/python3.8/site-packages/airflow/example_dags/example_latest_only.py took 0.032 seconds
[2024-04-09T16:53:07.884+0000] {processor.py:161} INFO - Started process (PID=2159) to work on /home/airflow/.local/lib/python3.8/site-packages/airflow/example_dags/example_latest_only.py
[2024-04-09T16:53:07.907+0000] {processor.py:830} INFO - Processing file /home/airflow/.local/lib/python3.8/site-packages/airflow/example_dags/example_latest_only.py for tasks to queue
[2024-04-09T16:53:07.915+0000] {logging_mixin.py:188} INFO - [2024-04-09T16:53:07.914+0000] {dagbag.py:540} INFO - Filling up the DagBag from /home/airflow/.local/lib/python3.8/site-packages/airflow/example_dags/example_latest_only.py
[2024-04-09T16:53:07.920+0000] {processor.py:840} INFO - DAG(s) 'latest_only' retrieved from /home/airflow/.local/lib/python3.8/site-packages/airflow/example_dags/example_latest_only.py
[2024-04-09T16:53:07.969+0000] {logging_mixin.py:188} INFO - [2024-04-09T16:53:07.969+0000] {dag.py:3047} INFO - Sync 1 DAGs
[2024-04-09T16:53:07.994+0000] {logging_mixin.py:188} INFO - [2024-04-09T16:53:07.994+0000] {dag.py:3834} INFO - Setting next_dagrun for latest_only to 2024-04-09 12:00:00+00:00, run_after=2024-04-09 16:00:00+00:00
[2024-04-09T16:53:08.008+0000] {processor.py:183} INFO - Processing /home/airflow/.local/lib/python3.8/site-packages/airflow/example_dags/example_latest_only.py took 0.127 seconds
[2024-04-09T16:53:38.503+0000] {processor.py:161} INFO - Started process (PID=2238) to work on /home/airflow/.local/lib/python3.8/site-packages/airflow/example_dags/example_latest_only.py
[2024-04-09T16:53:38.507+0000] {processor.py:830} INFO - Processing file /home/airflow/.local/lib/python3.8/site-packages/airflow/example_dags/example_latest_only.py for tasks to queue
[2024-04-09T16:53:38.524+0000] {logging_mixin.py:188} INFO - [2024-04-09T16:53:38.516+0000] {dagbag.py:540} INFO - Filling up the DagBag from /home/airflow/.local/lib/python3.8/site-packages/airflow/example_dags/example_latest_only.py
[2024-04-09T16:53:38.549+0000] {processor.py:840} INFO - DAG(s) 'latest_only' retrieved from /home/airflow/.local/lib/python3.8/site-packages/airflow/example_dags/example_latest_only.py
[2024-04-09T16:53:38.628+0000] {logging_mixin.py:188} INFO - [2024-04-09T16:53:38.622+0000] {dag.py:3047} INFO - Sync 1 DAGs
[2024-04-09T16:53:38.725+0000] {logging_mixin.py:188} INFO - [2024-04-09T16:53:38.723+0000] {dag.py:3834} INFO - Setting next_dagrun for latest_only to 2024-04-09 12:00:00+00:00, run_after=2024-04-09 16:00:00+00:00
[2024-04-09T16:53:38.825+0000] {processor.py:183} INFO - Processing /home/airflow/.local/lib/python3.8/site-packages/airflow/example_dags/example_latest_only.py took 0.331 seconds
[2024-04-09T16:54:10.262+0000] {processor.py:161} INFO - Started process (PID=2312) to work on /home/airflow/.local/lib/python3.8/site-packages/airflow/example_dags/example_latest_only.py
[2024-04-09T16:54:10.266+0000] {processor.py:830} INFO - Processing file /home/airflow/.local/lib/python3.8/site-packages/airflow/example_dags/example_latest_only.py for tasks to queue
[2024-04-09T16:54:10.276+0000] {logging_mixin.py:188} INFO - [2024-04-09T16:54:10.275+0000] {dagbag.py:540} INFO - Filling up the DagBag from /home/airflow/.local/lib/python3.8/site-packages/airflow/example_dags/example_latest_only.py
[2024-04-09T16:54:10.330+0000] {processor.py:840} INFO - DAG(s) 'latest_only' retrieved from /home/airflow/.local/lib/python3.8/site-packages/airflow/example_dags/example_latest_only.py
[2024-04-09T16:54:10.439+0000] {logging_mixin.py:188} INFO - [2024-04-09T16:54:10.439+0000] {dag.py:3047} INFO - Sync 1 DAGs
[2024-04-09T16:54:10.559+0000] {logging_mixin.py:188} INFO - [2024-04-09T16:54:10.558+0000] {dag.py:3834} INFO - Setting next_dagrun for latest_only to 2024-04-09 12:00:00+00:00, run_after=2024-04-09 16:00:00+00:00
[2024-04-09T16:54:10.639+0000] {processor.py:183} INFO - Processing /home/airflow/.local/lib/python3.8/site-packages/airflow/example_dags/example_latest_only.py took 0.409 seconds
