[2024-04-09T16:35:16.529+0000] {processor.py:161} INFO - Started process (PID=51) to work on /home/airflow/.local/lib/python3.8/site-packages/airflow/example_dags/example_subdag_operator.py
[2024-04-09T16:35:16.531+0000] {processor.py:830} INFO - Processing file /home/airflow/.local/lib/python3.8/site-packages/airflow/example_dags/example_subdag_operator.py for tasks to queue
[2024-04-09T16:35:16.532+0000] {logging_mixin.py:188} INFO - [2024-04-09T16:35:16.532+0000] {dagbag.py:540} INFO - Filling up the DagBag from /home/airflow/.local/lib/python3.8/site-packages/airflow/example_dags/example_subdag_operator.py
[2024-04-09T16:35:16.552+0000] {processor.py:840} INFO - DAG(s) 'example_subdag_operator.section-1', 'example_subdag_operator.section-2', 'example_subdag_operator' retrieved from /home/airflow/.local/lib/python3.8/site-packages/airflow/example_dags/example_subdag_operator.py
[2024-04-09T16:35:16.562+0000] {logging_mixin.py:188} INFO - [2024-04-09T16:35:16.561+0000] {dag.py:3047} INFO - Sync 3 DAGs
[2024-04-09T16:35:16.574+0000] {logging_mixin.py:188} INFO - [2024-04-09T16:35:16.573+0000] {dag.py:3834} INFO - Setting next_dagrun for example_subdag_operator to 2022-01-01 00:00:00+00:00, run_after=2022-01-01 00:00:00+00:00
[2024-04-09T16:35:16.576+0000] {logging_mixin.py:188} INFO - [2024-04-09T16:35:16.576+0000] {dag.py:3834} INFO - Setting next_dagrun for example_subdag_operator.section-1 to None, run_after=None
[2024-04-09T16:35:16.577+0000] {logging_mixin.py:188} INFO - [2024-04-09T16:35:16.577+0000] {dag.py:3834} INFO - Setting next_dagrun for example_subdag_operator.section-2 to None, run_after=None
[2024-04-09T16:35:16.584+0000] {logging_mixin.py:188} INFO - [2024-04-09T16:35:16.584+0000] {dag.py:3047} INFO - Sync 2 DAGs
[2024-04-09T16:35:16.589+0000] {logging_mixin.py:188} INFO - [2024-04-09T16:35:16.589+0000] {dag.py:3834} INFO - Setting next_dagrun for example_subdag_operator.section-1 to None, run_after=None
[2024-04-09T16:35:16.590+0000] {logging_mixin.py:188} INFO - [2024-04-09T16:35:16.590+0000] {dag.py:3834} INFO - Setting next_dagrun for example_subdag_operator.section-2 to None, run_after=None
[2024-04-09T16:35:16.599+0000] {processor.py:183} INFO - Processing /home/airflow/.local/lib/python3.8/site-packages/airflow/example_dags/example_subdag_operator.py took 0.073 seconds
[2024-04-09T16:35:46.736+0000] {processor.py:161} INFO - Started process (PID=107) to work on /home/airflow/.local/lib/python3.8/site-packages/airflow/example_dags/example_subdag_operator.py
[2024-04-09T16:35:46.738+0000] {processor.py:830} INFO - Processing file /home/airflow/.local/lib/python3.8/site-packages/airflow/example_dags/example_subdag_operator.py for tasks to queue
[2024-04-09T16:35:46.740+0000] {logging_mixin.py:188} INFO - [2024-04-09T16:35:46.740+0000] {dagbag.py:540} INFO - Filling up the DagBag from /home/airflow/.local/lib/python3.8/site-packages/airflow/example_dags/example_subdag_operator.py
[2024-04-09T16:35:46.784+0000] {processor.py:840} INFO - DAG(s) 'example_subdag_operator.section-1', 'example_subdag_operator.section-2', 'example_subdag_operator' retrieved from /home/airflow/.local/lib/python3.8/site-packages/airflow/example_dags/example_subdag_operator.py
[2024-04-09T16:35:46.837+0000] {logging_mixin.py:188} INFO - [2024-04-09T16:35:46.837+0000] {dag.py:3047} INFO - Sync 3 DAGs
[2024-04-09T16:35:46.849+0000] {logging_mixin.py:188} INFO - [2024-04-09T16:35:46.849+0000] {dag.py:3834} INFO - Setting next_dagrun for example_subdag_operator to 2022-01-01 00:00:00+00:00, run_after=2022-01-01 00:00:00+00:00
[2024-04-09T16:35:46.851+0000] {logging_mixin.py:188} INFO - [2024-04-09T16:35:46.851+0000] {dag.py:3834} INFO - Setting next_dagrun for example_subdag_operator.section-1 to None, run_after=None
[2024-04-09T16:35:46.852+0000] {logging_mixin.py:188} INFO - [2024-04-09T16:35:46.852+0000] {dag.py:3834} INFO - Setting next_dagrun for example_subdag_operator.section-2 to None, run_after=None
[2024-04-09T16:35:46.857+0000] {logging_mixin.py:188} INFO - [2024-04-09T16:35:46.857+0000] {dag.py:3047} INFO - Sync 2 DAGs
[2024-04-09T16:35:46.861+0000] {logging_mixin.py:188} INFO - [2024-04-09T16:35:46.861+0000] {dag.py:3834} INFO - Setting next_dagrun for example_subdag_operator.section-1 to None, run_after=None
[2024-04-09T16:35:46.861+0000] {logging_mixin.py:188} INFO - [2024-04-09T16:35:46.861+0000] {dag.py:3834} INFO - Setting next_dagrun for example_subdag_operator.section-2 to None, run_after=None
[2024-04-09T16:35:46.866+0000] {processor.py:183} INFO - Processing /home/airflow/.local/lib/python3.8/site-packages/airflow/example_dags/example_subdag_operator.py took 0.134 seconds
[2024-04-09T16:36:17.636+0000] {processor.py:161} INFO - Started process (PID=164) to work on /home/airflow/.local/lib/python3.8/site-packages/airflow/example_dags/example_subdag_operator.py
[2024-04-09T16:36:17.637+0000] {processor.py:830} INFO - Processing file /home/airflow/.local/lib/python3.8/site-packages/airflow/example_dags/example_subdag_operator.py for tasks to queue
[2024-04-09T16:36:17.639+0000] {logging_mixin.py:188} INFO - [2024-04-09T16:36:17.639+0000] {dagbag.py:540} INFO - Filling up the DagBag from /home/airflow/.local/lib/python3.8/site-packages/airflow/example_dags/example_subdag_operator.py
[2024-04-09T16:36:17.677+0000] {processor.py:840} INFO - DAG(s) 'example_subdag_operator.section-1', 'example_subdag_operator.section-2', 'example_subdag_operator' retrieved from /home/airflow/.local/lib/python3.8/site-packages/airflow/example_dags/example_subdag_operator.py
[2024-04-09T16:36:17.689+0000] {logging_mixin.py:188} INFO - [2024-04-09T16:36:17.689+0000] {dag.py:3047} INFO - Sync 3 DAGs
[2024-04-09T16:36:17.703+0000] {logging_mixin.py:188} INFO - [2024-04-09T16:36:17.703+0000] {dag.py:3834} INFO - Setting next_dagrun for example_subdag_operator to 2022-01-01 00:00:00+00:00, run_after=2022-01-01 00:00:00+00:00
[2024-04-09T16:36:17.705+0000] {logging_mixin.py:188} INFO - [2024-04-09T16:36:17.705+0000] {dag.py:3834} INFO - Setting next_dagrun for example_subdag_operator.section-1 to None, run_after=None
[2024-04-09T16:36:17.705+0000] {logging_mixin.py:188} INFO - [2024-04-09T16:36:17.705+0000] {dag.py:3834} INFO - Setting next_dagrun for example_subdag_operator.section-2 to None, run_after=None
[2024-04-09T16:36:17.708+0000] {logging_mixin.py:188} INFO - [2024-04-09T16:36:17.708+0000] {dag.py:3047} INFO - Sync 2 DAGs
[2024-04-09T16:36:17.711+0000] {logging_mixin.py:188} INFO - [2024-04-09T16:36:17.711+0000] {dag.py:3834} INFO - Setting next_dagrun for example_subdag_operator.section-1 to None, run_after=None
[2024-04-09T16:36:17.712+0000] {logging_mixin.py:188} INFO - [2024-04-09T16:36:17.712+0000] {dag.py:3834} INFO - Setting next_dagrun for example_subdag_operator.section-2 to None, run_after=None
[2024-04-09T16:36:17.716+0000] {processor.py:183} INFO - Processing /home/airflow/.local/lib/python3.8/site-packages/airflow/example_dags/example_subdag_operator.py took 0.084 seconds
[2024-04-09T16:36:48.407+0000] {processor.py:161} INFO - Started process (PID=221) to work on /home/airflow/.local/lib/python3.8/site-packages/airflow/example_dags/example_subdag_operator.py
[2024-04-09T16:36:48.409+0000] {processor.py:830} INFO - Processing file /home/airflow/.local/lib/python3.8/site-packages/airflow/example_dags/example_subdag_operator.py for tasks to queue
[2024-04-09T16:36:48.411+0000] {logging_mixin.py:188} INFO - [2024-04-09T16:36:48.411+0000] {dagbag.py:540} INFO - Filling up the DagBag from /home/airflow/.local/lib/python3.8/site-packages/airflow/example_dags/example_subdag_operator.py
[2024-04-09T16:36:48.449+0000] {processor.py:840} INFO - DAG(s) 'example_subdag_operator.section-1', 'example_subdag_operator.section-2', 'example_subdag_operator' retrieved from /home/airflow/.local/lib/python3.8/site-packages/airflow/example_dags/example_subdag_operator.py
[2024-04-09T16:36:48.458+0000] {logging_mixin.py:188} INFO - [2024-04-09T16:36:48.458+0000] {dag.py:3047} INFO - Sync 3 DAGs
[2024-04-09T16:36:48.476+0000] {logging_mixin.py:188} INFO - [2024-04-09T16:36:48.476+0000] {dag.py:3834} INFO - Setting next_dagrun for example_subdag_operator to 2022-01-01 00:00:00+00:00, run_after=2022-01-01 00:00:00+00:00
[2024-04-09T16:36:48.480+0000] {logging_mixin.py:188} INFO - [2024-04-09T16:36:48.480+0000] {dag.py:3834} INFO - Setting next_dagrun for example_subdag_operator.section-1 to None, run_after=None
[2024-04-09T16:36:48.481+0000] {logging_mixin.py:188} INFO - [2024-04-09T16:36:48.481+0000] {dag.py:3834} INFO - Setting next_dagrun for example_subdag_operator.section-2 to None, run_after=None
[2024-04-09T16:36:48.489+0000] {logging_mixin.py:188} INFO - [2024-04-09T16:36:48.488+0000] {dag.py:3047} INFO - Sync 2 DAGs
[2024-04-09T16:36:48.491+0000] {logging_mixin.py:188} INFO - [2024-04-09T16:36:48.491+0000] {dag.py:3834} INFO - Setting next_dagrun for example_subdag_operator.section-1 to None, run_after=None
[2024-04-09T16:36:48.493+0000] {logging_mixin.py:188} INFO - [2024-04-09T16:36:48.493+0000] {dag.py:3834} INFO - Setting next_dagrun for example_subdag_operator.section-2 to None, run_after=None
[2024-04-09T16:36:48.498+0000] {processor.py:183} INFO - Processing /home/airflow/.local/lib/python3.8/site-packages/airflow/example_dags/example_subdag_operator.py took 0.096 seconds
[2024-04-09T16:37:18.565+0000] {processor.py:161} INFO - Started process (PID=278) to work on /home/airflow/.local/lib/python3.8/site-packages/airflow/example_dags/example_subdag_operator.py
[2024-04-09T16:37:18.566+0000] {processor.py:830} INFO - Processing file /home/airflow/.local/lib/python3.8/site-packages/airflow/example_dags/example_subdag_operator.py for tasks to queue
[2024-04-09T16:37:18.568+0000] {logging_mixin.py:188} INFO - [2024-04-09T16:37:18.568+0000] {dagbag.py:540} INFO - Filling up the DagBag from /home/airflow/.local/lib/python3.8/site-packages/airflow/example_dags/example_subdag_operator.py
[2024-04-09T16:37:18.589+0000] {processor.py:840} INFO - DAG(s) 'example_subdag_operator.section-1', 'example_subdag_operator.section-2', 'example_subdag_operator' retrieved from /home/airflow/.local/lib/python3.8/site-packages/airflow/example_dags/example_subdag_operator.py
[2024-04-09T16:37:18.602+0000] {logging_mixin.py:188} INFO - [2024-04-09T16:37:18.602+0000] {dag.py:3047} INFO - Sync 3 DAGs
[2024-04-09T16:37:18.618+0000] {logging_mixin.py:188} INFO - [2024-04-09T16:37:18.618+0000] {dag.py:3834} INFO - Setting next_dagrun for example_subdag_operator to 2022-01-01 00:00:00+00:00, run_after=2022-01-01 00:00:00+00:00
[2024-04-09T16:37:18.620+0000] {logging_mixin.py:188} INFO - [2024-04-09T16:37:18.620+0000] {dag.py:3834} INFO - Setting next_dagrun for example_subdag_operator.section-1 to None, run_after=None
[2024-04-09T16:37:18.621+0000] {logging_mixin.py:188} INFO - [2024-04-09T16:37:18.621+0000] {dag.py:3834} INFO - Setting next_dagrun for example_subdag_operator.section-2 to None, run_after=None
[2024-04-09T16:37:18.624+0000] {logging_mixin.py:188} INFO - [2024-04-09T16:37:18.624+0000] {dag.py:3047} INFO - Sync 2 DAGs
[2024-04-09T16:37:18.627+0000] {logging_mixin.py:188} INFO - [2024-04-09T16:37:18.627+0000] {dag.py:3834} INFO - Setting next_dagrun for example_subdag_operator.section-1 to None, run_after=None
[2024-04-09T16:37:18.627+0000] {logging_mixin.py:188} INFO - [2024-04-09T16:37:18.627+0000] {dag.py:3834} INFO - Setting next_dagrun for example_subdag_operator.section-2 to None, run_after=None
[2024-04-09T16:37:18.634+0000] {processor.py:183} INFO - Processing /home/airflow/.local/lib/python3.8/site-packages/airflow/example_dags/example_subdag_operator.py took 0.072 seconds
[2024-04-09T16:37:49.204+0000] {processor.py:161} INFO - Started process (PID=335) to work on /home/airflow/.local/lib/python3.8/site-packages/airflow/example_dags/example_subdag_operator.py
[2024-04-09T16:37:49.205+0000] {processor.py:830} INFO - Processing file /home/airflow/.local/lib/python3.8/site-packages/airflow/example_dags/example_subdag_operator.py for tasks to queue
[2024-04-09T16:37:49.209+0000] {logging_mixin.py:188} INFO - [2024-04-09T16:37:49.209+0000] {dagbag.py:540} INFO - Filling up the DagBag from /home/airflow/.local/lib/python3.8/site-packages/airflow/example_dags/example_subdag_operator.py
[2024-04-09T16:37:49.247+0000] {processor.py:840} INFO - DAG(s) 'example_subdag_operator.section-1', 'example_subdag_operator.section-2', 'example_subdag_operator' retrieved from /home/airflow/.local/lib/python3.8/site-packages/airflow/example_dags/example_subdag_operator.py
[2024-04-09T16:37:49.258+0000] {logging_mixin.py:188} INFO - [2024-04-09T16:37:49.258+0000] {dag.py:3047} INFO - Sync 3 DAGs
[2024-04-09T16:37:49.269+0000] {logging_mixin.py:188} INFO - [2024-04-09T16:37:49.269+0000] {dag.py:3834} INFO - Setting next_dagrun for example_subdag_operator to 2022-01-01 00:00:00+00:00, run_after=2022-01-01 00:00:00+00:00
[2024-04-09T16:37:49.271+0000] {logging_mixin.py:188} INFO - [2024-04-09T16:37:49.271+0000] {dag.py:3834} INFO - Setting next_dagrun for example_subdag_operator.section-1 to None, run_after=None
[2024-04-09T16:37:49.272+0000] {logging_mixin.py:188} INFO - [2024-04-09T16:37:49.272+0000] {dag.py:3834} INFO - Setting next_dagrun for example_subdag_operator.section-2 to None, run_after=None
[2024-04-09T16:37:49.276+0000] {logging_mixin.py:188} INFO - [2024-04-09T16:37:49.276+0000] {dag.py:3047} INFO - Sync 2 DAGs
[2024-04-09T16:37:49.279+0000] {logging_mixin.py:188} INFO - [2024-04-09T16:37:49.279+0000] {dag.py:3834} INFO - Setting next_dagrun for example_subdag_operator.section-1 to None, run_after=None
[2024-04-09T16:37:49.279+0000] {logging_mixin.py:188} INFO - [2024-04-09T16:37:49.279+0000] {dag.py:3834} INFO - Setting next_dagrun for example_subdag_operator.section-2 to None, run_after=None
[2024-04-09T16:37:49.283+0000] {processor.py:183} INFO - Processing /home/airflow/.local/lib/python3.8/site-packages/airflow/example_dags/example_subdag_operator.py took 0.085 seconds
[2024-04-09T16:38:20.105+0000] {processor.py:161} INFO - Started process (PID=392) to work on /home/airflow/.local/lib/python3.8/site-packages/airflow/example_dags/example_subdag_operator.py
[2024-04-09T16:38:20.108+0000] {processor.py:830} INFO - Processing file /home/airflow/.local/lib/python3.8/site-packages/airflow/example_dags/example_subdag_operator.py for tasks to queue
[2024-04-09T16:38:20.111+0000] {logging_mixin.py:188} INFO - [2024-04-09T16:38:20.111+0000] {dagbag.py:540} INFO - Filling up the DagBag from /home/airflow/.local/lib/python3.8/site-packages/airflow/example_dags/example_subdag_operator.py
[2024-04-09T16:38:20.150+0000] {processor.py:840} INFO - DAG(s) 'example_subdag_operator.section-1', 'example_subdag_operator.section-2', 'example_subdag_operator' retrieved from /home/airflow/.local/lib/python3.8/site-packages/airflow/example_dags/example_subdag_operator.py
[2024-04-09T16:38:20.163+0000] {logging_mixin.py:188} INFO - [2024-04-09T16:38:20.163+0000] {dag.py:3047} INFO - Sync 3 DAGs
[2024-04-09T16:38:20.179+0000] {logging_mixin.py:188} INFO - [2024-04-09T16:38:20.179+0000] {dag.py:3834} INFO - Setting next_dagrun for example_subdag_operator to 2022-01-01 00:00:00+00:00, run_after=2022-01-01 00:00:00+00:00
[2024-04-09T16:38:20.182+0000] {logging_mixin.py:188} INFO - [2024-04-09T16:38:20.182+0000] {dag.py:3834} INFO - Setting next_dagrun for example_subdag_operator.section-1 to None, run_after=None
[2024-04-09T16:38:20.183+0000] {logging_mixin.py:188} INFO - [2024-04-09T16:38:20.183+0000] {dag.py:3834} INFO - Setting next_dagrun for example_subdag_operator.section-2 to None, run_after=None
[2024-04-09T16:38:20.186+0000] {logging_mixin.py:188} INFO - [2024-04-09T16:38:20.186+0000] {dag.py:3047} INFO - Sync 2 DAGs
[2024-04-09T16:38:20.190+0000] {logging_mixin.py:188} INFO - [2024-04-09T16:38:20.190+0000] {dag.py:3834} INFO - Setting next_dagrun for example_subdag_operator.section-1 to None, run_after=None
[2024-04-09T16:38:20.191+0000] {logging_mixin.py:188} INFO - [2024-04-09T16:38:20.191+0000] {dag.py:3834} INFO - Setting next_dagrun for example_subdag_operator.section-2 to None, run_after=None
[2024-04-09T16:38:20.196+0000] {processor.py:183} INFO - Processing /home/airflow/.local/lib/python3.8/site-packages/airflow/example_dags/example_subdag_operator.py took 0.099 seconds
[2024-04-09T16:38:50.810+0000] {processor.py:161} INFO - Started process (PID=449) to work on /home/airflow/.local/lib/python3.8/site-packages/airflow/example_dags/example_subdag_operator.py
[2024-04-09T16:38:50.813+0000] {processor.py:830} INFO - Processing file /home/airflow/.local/lib/python3.8/site-packages/airflow/example_dags/example_subdag_operator.py for tasks to queue
[2024-04-09T16:38:50.819+0000] {logging_mixin.py:188} INFO - [2024-04-09T16:38:50.818+0000] {dagbag.py:540} INFO - Filling up the DagBag from /home/airflow/.local/lib/python3.8/site-packages/airflow/example_dags/example_subdag_operator.py
[2024-04-09T16:38:50.854+0000] {processor.py:840} INFO - DAG(s) 'example_subdag_operator.section-1', 'example_subdag_operator.section-2', 'example_subdag_operator' retrieved from /home/airflow/.local/lib/python3.8/site-packages/airflow/example_dags/example_subdag_operator.py
[2024-04-09T16:38:50.865+0000] {logging_mixin.py:188} INFO - [2024-04-09T16:38:50.865+0000] {dag.py:3047} INFO - Sync 3 DAGs
[2024-04-09T16:38:50.877+0000] {logging_mixin.py:188} INFO - [2024-04-09T16:38:50.877+0000] {dag.py:3834} INFO - Setting next_dagrun for example_subdag_operator to 2022-01-01 00:00:00+00:00, run_after=2022-01-01 00:00:00+00:00
[2024-04-09T16:38:50.879+0000] {logging_mixin.py:188} INFO - [2024-04-09T16:38:50.879+0000] {dag.py:3834} INFO - Setting next_dagrun for example_subdag_operator.section-1 to None, run_after=None
[2024-04-09T16:38:50.879+0000] {logging_mixin.py:188} INFO - [2024-04-09T16:38:50.879+0000] {dag.py:3834} INFO - Setting next_dagrun for example_subdag_operator.section-2 to None, run_after=None
[2024-04-09T16:38:50.883+0000] {logging_mixin.py:188} INFO - [2024-04-09T16:38:50.882+0000] {dag.py:3047} INFO - Sync 2 DAGs
[2024-04-09T16:38:50.885+0000] {logging_mixin.py:188} INFO - [2024-04-09T16:38:50.885+0000] {dag.py:3834} INFO - Setting next_dagrun for example_subdag_operator.section-1 to None, run_after=None
[2024-04-09T16:38:50.885+0000] {logging_mixin.py:188} INFO - [2024-04-09T16:38:50.885+0000] {dag.py:3834} INFO - Setting next_dagrun for example_subdag_operator.section-2 to None, run_after=None
[2024-04-09T16:38:50.890+0000] {processor.py:183} INFO - Processing /home/airflow/.local/lib/python3.8/site-packages/airflow/example_dags/example_subdag_operator.py took 0.092 seconds
[2024-04-09T16:39:21.570+0000] {processor.py:161} INFO - Started process (PID=506) to work on /home/airflow/.local/lib/python3.8/site-packages/airflow/example_dags/example_subdag_operator.py
[2024-04-09T16:39:21.571+0000] {processor.py:830} INFO - Processing file /home/airflow/.local/lib/python3.8/site-packages/airflow/example_dags/example_subdag_operator.py for tasks to queue
[2024-04-09T16:39:21.575+0000] {logging_mixin.py:188} INFO - [2024-04-09T16:39:21.574+0000] {dagbag.py:540} INFO - Filling up the DagBag from /home/airflow/.local/lib/python3.8/site-packages/airflow/example_dags/example_subdag_operator.py
[2024-04-09T16:39:21.615+0000] {processor.py:840} INFO - DAG(s) 'example_subdag_operator.section-1', 'example_subdag_operator.section-2', 'example_subdag_operator' retrieved from /home/airflow/.local/lib/python3.8/site-packages/airflow/example_dags/example_subdag_operator.py
[2024-04-09T16:39:21.623+0000] {logging_mixin.py:188} INFO - [2024-04-09T16:39:21.623+0000] {dag.py:3047} INFO - Sync 3 DAGs
[2024-04-09T16:39:21.636+0000] {logging_mixin.py:188} INFO - [2024-04-09T16:39:21.636+0000] {dag.py:3834} INFO - Setting next_dagrun for example_subdag_operator to 2022-01-01 00:00:00+00:00, run_after=2022-01-01 00:00:00+00:00
[2024-04-09T16:39:21.639+0000] {logging_mixin.py:188} INFO - [2024-04-09T16:39:21.639+0000] {dag.py:3834} INFO - Setting next_dagrun for example_subdag_operator.section-1 to None, run_after=None
[2024-04-09T16:39:21.640+0000] {logging_mixin.py:188} INFO - [2024-04-09T16:39:21.640+0000] {dag.py:3834} INFO - Setting next_dagrun for example_subdag_operator.section-2 to None, run_after=None
[2024-04-09T16:39:21.644+0000] {logging_mixin.py:188} INFO - [2024-04-09T16:39:21.644+0000] {dag.py:3047} INFO - Sync 2 DAGs
[2024-04-09T16:39:21.647+0000] {logging_mixin.py:188} INFO - [2024-04-09T16:39:21.647+0000] {dag.py:3834} INFO - Setting next_dagrun for example_subdag_operator.section-1 to None, run_after=None
[2024-04-09T16:39:21.647+0000] {logging_mixin.py:188} INFO - [2024-04-09T16:39:21.647+0000] {dag.py:3834} INFO - Setting next_dagrun for example_subdag_operator.section-2 to None, run_after=None
[2024-04-09T16:39:21.652+0000] {processor.py:183} INFO - Processing /home/airflow/.local/lib/python3.8/site-packages/airflow/example_dags/example_subdag_operator.py took 0.088 seconds
[2024-04-09T16:39:51.848+0000] {processor.py:161} INFO - Started process (PID=563) to work on /home/airflow/.local/lib/python3.8/site-packages/airflow/example_dags/example_subdag_operator.py
[2024-04-09T16:39:51.864+0000] {processor.py:830} INFO - Processing file /home/airflow/.local/lib/python3.8/site-packages/airflow/example_dags/example_subdag_operator.py for tasks to queue
[2024-04-09T16:39:51.874+0000] {logging_mixin.py:188} INFO - [2024-04-09T16:39:51.873+0000] {dagbag.py:540} INFO - Filling up the DagBag from /home/airflow/.local/lib/python3.8/site-packages/airflow/example_dags/example_subdag_operator.py
[2024-04-09T16:39:51.906+0000] {processor.py:840} INFO - DAG(s) 'example_subdag_operator.section-1', 'example_subdag_operator.section-2', 'example_subdag_operator' retrieved from /home/airflow/.local/lib/python3.8/site-packages/airflow/example_dags/example_subdag_operator.py
[2024-04-09T16:39:51.915+0000] {logging_mixin.py:188} INFO - [2024-04-09T16:39:51.915+0000] {dag.py:3047} INFO - Sync 3 DAGs
[2024-04-09T16:39:51.926+0000] {logging_mixin.py:188} INFO - [2024-04-09T16:39:51.926+0000] {dag.py:3834} INFO - Setting next_dagrun for example_subdag_operator to 2022-01-01 00:00:00+00:00, run_after=2022-01-01 00:00:00+00:00
[2024-04-09T16:39:51.928+0000] {logging_mixin.py:188} INFO - [2024-04-09T16:39:51.928+0000] {dag.py:3834} INFO - Setting next_dagrun for example_subdag_operator.section-1 to None, run_after=None
[2024-04-09T16:39:51.928+0000] {logging_mixin.py:188} INFO - [2024-04-09T16:39:51.928+0000] {dag.py:3834} INFO - Setting next_dagrun for example_subdag_operator.section-2 to None, run_after=None
[2024-04-09T16:39:51.932+0000] {logging_mixin.py:188} INFO - [2024-04-09T16:39:51.932+0000] {dag.py:3047} INFO - Sync 2 DAGs
[2024-04-09T16:39:51.935+0000] {logging_mixin.py:188} INFO - [2024-04-09T16:39:51.935+0000] {dag.py:3834} INFO - Setting next_dagrun for example_subdag_operator.section-1 to None, run_after=None
[2024-04-09T16:39:51.935+0000] {logging_mixin.py:188} INFO - [2024-04-09T16:39:51.935+0000] {dag.py:3834} INFO - Setting next_dagrun for example_subdag_operator.section-2 to None, run_after=None
[2024-04-09T16:39:51.944+0000] {processor.py:183} INFO - Processing /home/airflow/.local/lib/python3.8/site-packages/airflow/example_dags/example_subdag_operator.py took 0.104 seconds
[2024-04-09T16:40:22.091+0000] {processor.py:161} INFO - Started process (PID=620) to work on /home/airflow/.local/lib/python3.8/site-packages/airflow/example_dags/example_subdag_operator.py
[2024-04-09T16:40:22.092+0000] {processor.py:830} INFO - Processing file /home/airflow/.local/lib/python3.8/site-packages/airflow/example_dags/example_subdag_operator.py for tasks to queue
[2024-04-09T16:40:22.096+0000] {logging_mixin.py:188} INFO - [2024-04-09T16:40:22.095+0000] {dagbag.py:540} INFO - Filling up the DagBag from /home/airflow/.local/lib/python3.8/site-packages/airflow/example_dags/example_subdag_operator.py
[2024-04-09T16:40:22.127+0000] {processor.py:840} INFO - DAG(s) 'example_subdag_operator.section-1', 'example_subdag_operator.section-2', 'example_subdag_operator' retrieved from /home/airflow/.local/lib/python3.8/site-packages/airflow/example_dags/example_subdag_operator.py
[2024-04-09T16:40:22.136+0000] {logging_mixin.py:188} INFO - [2024-04-09T16:40:22.135+0000] {dag.py:3047} INFO - Sync 3 DAGs
[2024-04-09T16:40:22.147+0000] {logging_mixin.py:188} INFO - [2024-04-09T16:40:22.147+0000] {dag.py:3834} INFO - Setting next_dagrun for example_subdag_operator to 2022-01-01 00:00:00+00:00, run_after=2022-01-01 00:00:00+00:00
[2024-04-09T16:40:22.149+0000] {logging_mixin.py:188} INFO - [2024-04-09T16:40:22.149+0000] {dag.py:3834} INFO - Setting next_dagrun for example_subdag_operator.section-1 to None, run_after=None
[2024-04-09T16:40:22.149+0000] {logging_mixin.py:188} INFO - [2024-04-09T16:40:22.149+0000] {dag.py:3834} INFO - Setting next_dagrun for example_subdag_operator.section-2 to None, run_after=None
[2024-04-09T16:40:22.156+0000] {logging_mixin.py:188} INFO - [2024-04-09T16:40:22.156+0000] {dag.py:3047} INFO - Sync 2 DAGs
[2024-04-09T16:40:22.161+0000] {logging_mixin.py:188} INFO - [2024-04-09T16:40:22.161+0000] {dag.py:3834} INFO - Setting next_dagrun for example_subdag_operator.section-1 to None, run_after=None
[2024-04-09T16:40:22.161+0000] {logging_mixin.py:188} INFO - [2024-04-09T16:40:22.161+0000] {dag.py:3834} INFO - Setting next_dagrun for example_subdag_operator.section-2 to None, run_after=None
[2024-04-09T16:40:22.169+0000] {processor.py:183} INFO - Processing /home/airflow/.local/lib/python3.8/site-packages/airflow/example_dags/example_subdag_operator.py took 0.086 seconds
[2024-04-09T16:40:52.284+0000] {processor.py:161} INFO - Started process (PID=678) to work on /home/airflow/.local/lib/python3.8/site-packages/airflow/example_dags/example_subdag_operator.py
[2024-04-09T16:40:52.286+0000] {processor.py:830} INFO - Processing file /home/airflow/.local/lib/python3.8/site-packages/airflow/example_dags/example_subdag_operator.py for tasks to queue
[2024-04-09T16:40:52.290+0000] {logging_mixin.py:188} INFO - [2024-04-09T16:40:52.289+0000] {dagbag.py:540} INFO - Filling up the DagBag from /home/airflow/.local/lib/python3.8/site-packages/airflow/example_dags/example_subdag_operator.py
[2024-04-09T16:40:52.317+0000] {processor.py:840} INFO - DAG(s) 'example_subdag_operator.section-1', 'example_subdag_operator.section-2', 'example_subdag_operator' retrieved from /home/airflow/.local/lib/python3.8/site-packages/airflow/example_dags/example_subdag_operator.py
[2024-04-09T16:40:52.327+0000] {logging_mixin.py:188} INFO - [2024-04-09T16:40:52.327+0000] {dag.py:3047} INFO - Sync 3 DAGs
[2024-04-09T16:40:52.339+0000] {logging_mixin.py:188} INFO - [2024-04-09T16:40:52.339+0000] {dag.py:3834} INFO - Setting next_dagrun for example_subdag_operator to 2022-01-01 00:00:00+00:00, run_after=2022-01-01 00:00:00+00:00
[2024-04-09T16:40:52.341+0000] {logging_mixin.py:188} INFO - [2024-04-09T16:40:52.340+0000] {dag.py:3834} INFO - Setting next_dagrun for example_subdag_operator.section-1 to None, run_after=None
[2024-04-09T16:40:52.341+0000] {logging_mixin.py:188} INFO - [2024-04-09T16:40:52.341+0000] {dag.py:3834} INFO - Setting next_dagrun for example_subdag_operator.section-2 to None, run_after=None
[2024-04-09T16:40:52.344+0000] {logging_mixin.py:188} INFO - [2024-04-09T16:40:52.344+0000] {dag.py:3047} INFO - Sync 2 DAGs
[2024-04-09T16:40:52.347+0000] {logging_mixin.py:188} INFO - [2024-04-09T16:40:52.347+0000] {dag.py:3834} INFO - Setting next_dagrun for example_subdag_operator.section-1 to None, run_after=None
[2024-04-09T16:40:52.347+0000] {logging_mixin.py:188} INFO - [2024-04-09T16:40:52.347+0000] {dag.py:3834} INFO - Setting next_dagrun for example_subdag_operator.section-2 to None, run_after=None
[2024-04-09T16:40:52.352+0000] {processor.py:183} INFO - Processing /home/airflow/.local/lib/python3.8/site-packages/airflow/example_dags/example_subdag_operator.py took 0.075 seconds
[2024-04-09T16:41:22.474+0000] {processor.py:161} INFO - Started process (PID=735) to work on /home/airflow/.local/lib/python3.8/site-packages/airflow/example_dags/example_subdag_operator.py
[2024-04-09T16:41:22.476+0000] {processor.py:830} INFO - Processing file /home/airflow/.local/lib/python3.8/site-packages/airflow/example_dags/example_subdag_operator.py for tasks to queue
[2024-04-09T16:41:22.479+0000] {logging_mixin.py:188} INFO - [2024-04-09T16:41:22.478+0000] {dagbag.py:540} INFO - Filling up the DagBag from /home/airflow/.local/lib/python3.8/site-packages/airflow/example_dags/example_subdag_operator.py
[2024-04-09T16:41:22.507+0000] {processor.py:840} INFO - DAG(s) 'example_subdag_operator.section-1', 'example_subdag_operator.section-2', 'example_subdag_operator' retrieved from /home/airflow/.local/lib/python3.8/site-packages/airflow/example_dags/example_subdag_operator.py
[2024-04-09T16:41:22.519+0000] {logging_mixin.py:188} INFO - [2024-04-09T16:41:22.519+0000] {dag.py:3047} INFO - Sync 3 DAGs
[2024-04-09T16:41:22.531+0000] {logging_mixin.py:188} INFO - [2024-04-09T16:41:22.531+0000] {dag.py:3834} INFO - Setting next_dagrun for example_subdag_operator to 2022-01-01 00:00:00+00:00, run_after=2022-01-01 00:00:00+00:00
[2024-04-09T16:41:22.533+0000] {logging_mixin.py:188} INFO - [2024-04-09T16:41:22.532+0000] {dag.py:3834} INFO - Setting next_dagrun for example_subdag_operator.section-1 to None, run_after=None
[2024-04-09T16:41:22.533+0000] {logging_mixin.py:188} INFO - [2024-04-09T16:41:22.533+0000] {dag.py:3834} INFO - Setting next_dagrun for example_subdag_operator.section-2 to None, run_after=None
[2024-04-09T16:41:22.536+0000] {logging_mixin.py:188} INFO - [2024-04-09T16:41:22.536+0000] {dag.py:3047} INFO - Sync 2 DAGs
[2024-04-09T16:41:22.539+0000] {logging_mixin.py:188} INFO - [2024-04-09T16:41:22.539+0000] {dag.py:3834} INFO - Setting next_dagrun for example_subdag_operator.section-1 to None, run_after=None
[2024-04-09T16:41:22.541+0000] {logging_mixin.py:188} INFO - [2024-04-09T16:41:22.541+0000] {dag.py:3834} INFO - Setting next_dagrun for example_subdag_operator.section-2 to None, run_after=None
[2024-04-09T16:41:22.545+0000] {processor.py:183} INFO - Processing /home/airflow/.local/lib/python3.8/site-packages/airflow/example_dags/example_subdag_operator.py took 0.076 seconds
[2024-04-09T16:41:53.004+0000] {processor.py:161} INFO - Started process (PID=793) to work on /home/airflow/.local/lib/python3.8/site-packages/airflow/example_dags/example_subdag_operator.py
[2024-04-09T16:41:53.005+0000] {processor.py:830} INFO - Processing file /home/airflow/.local/lib/python3.8/site-packages/airflow/example_dags/example_subdag_operator.py for tasks to queue
[2024-04-09T16:41:53.007+0000] {logging_mixin.py:188} INFO - [2024-04-09T16:41:53.007+0000] {dagbag.py:540} INFO - Filling up the DagBag from /home/airflow/.local/lib/python3.8/site-packages/airflow/example_dags/example_subdag_operator.py
[2024-04-09T16:41:53.034+0000] {processor.py:840} INFO - DAG(s) 'example_subdag_operator.section-1', 'example_subdag_operator.section-2', 'example_subdag_operator' retrieved from /home/airflow/.local/lib/python3.8/site-packages/airflow/example_dags/example_subdag_operator.py
[2024-04-09T16:41:53.043+0000] {logging_mixin.py:188} INFO - [2024-04-09T16:41:53.043+0000] {dag.py:3047} INFO - Sync 3 DAGs
[2024-04-09T16:41:53.054+0000] {logging_mixin.py:188} INFO - [2024-04-09T16:41:53.054+0000] {dag.py:3834} INFO - Setting next_dagrun for example_subdag_operator to 2022-01-01 00:00:00+00:00, run_after=2022-01-01 00:00:00+00:00
[2024-04-09T16:41:53.057+0000] {logging_mixin.py:188} INFO - [2024-04-09T16:41:53.057+0000] {dag.py:3834} INFO - Setting next_dagrun for example_subdag_operator.section-1 to None, run_after=None
[2024-04-09T16:41:53.057+0000] {logging_mixin.py:188} INFO - [2024-04-09T16:41:53.057+0000] {dag.py:3834} INFO - Setting next_dagrun for example_subdag_operator.section-2 to None, run_after=None
[2024-04-09T16:41:53.061+0000] {logging_mixin.py:188} INFO - [2024-04-09T16:41:53.060+0000] {dag.py:3047} INFO - Sync 2 DAGs
[2024-04-09T16:41:53.063+0000] {logging_mixin.py:188} INFO - [2024-04-09T16:41:53.063+0000] {dag.py:3834} INFO - Setting next_dagrun for example_subdag_operator.section-1 to None, run_after=None
[2024-04-09T16:41:53.063+0000] {logging_mixin.py:188} INFO - [2024-04-09T16:41:53.063+0000] {dag.py:3834} INFO - Setting next_dagrun for example_subdag_operator.section-2 to None, run_after=None
[2024-04-09T16:41:53.067+0000] {processor.py:183} INFO - Processing /home/airflow/.local/lib/python3.8/site-packages/airflow/example_dags/example_subdag_operator.py took 0.068 seconds
[2024-04-09T16:42:23.621+0000] {processor.py:161} INFO - Started process (PID=851) to work on /home/airflow/.local/lib/python3.8/site-packages/airflow/example_dags/example_subdag_operator.py
[2024-04-09T16:42:23.623+0000] {processor.py:830} INFO - Processing file /home/airflow/.local/lib/python3.8/site-packages/airflow/example_dags/example_subdag_operator.py for tasks to queue
[2024-04-09T16:42:23.626+0000] {logging_mixin.py:188} INFO - [2024-04-09T16:42:23.625+0000] {dagbag.py:540} INFO - Filling up the DagBag from /home/airflow/.local/lib/python3.8/site-packages/airflow/example_dags/example_subdag_operator.py
[2024-04-09T16:42:23.650+0000] {processor.py:840} INFO - DAG(s) 'example_subdag_operator.section-1', 'example_subdag_operator.section-2', 'example_subdag_operator' retrieved from /home/airflow/.local/lib/python3.8/site-packages/airflow/example_dags/example_subdag_operator.py
[2024-04-09T16:42:23.662+0000] {logging_mixin.py:188} INFO - [2024-04-09T16:42:23.661+0000] {dag.py:3047} INFO - Sync 3 DAGs
[2024-04-09T16:42:23.675+0000] {logging_mixin.py:188} INFO - [2024-04-09T16:42:23.674+0000] {dag.py:3834} INFO - Setting next_dagrun for example_subdag_operator to 2022-01-01 00:00:00+00:00, run_after=2022-01-01 00:00:00+00:00
[2024-04-09T16:42:23.676+0000] {logging_mixin.py:188} INFO - [2024-04-09T16:42:23.676+0000] {dag.py:3834} INFO - Setting next_dagrun for example_subdag_operator.section-1 to None, run_after=None
[2024-04-09T16:42:23.677+0000] {logging_mixin.py:188} INFO - [2024-04-09T16:42:23.677+0000] {dag.py:3834} INFO - Setting next_dagrun for example_subdag_operator.section-2 to None, run_after=None
[2024-04-09T16:42:23.681+0000] {logging_mixin.py:188} INFO - [2024-04-09T16:42:23.681+0000] {dag.py:3047} INFO - Sync 2 DAGs
[2024-04-09T16:42:23.684+0000] {logging_mixin.py:188} INFO - [2024-04-09T16:42:23.683+0000] {dag.py:3834} INFO - Setting next_dagrun for example_subdag_operator.section-1 to None, run_after=None
[2024-04-09T16:42:23.684+0000] {logging_mixin.py:188} INFO - [2024-04-09T16:42:23.684+0000] {dag.py:3834} INFO - Setting next_dagrun for example_subdag_operator.section-2 to None, run_after=None
[2024-04-09T16:42:23.688+0000] {processor.py:183} INFO - Processing /home/airflow/.local/lib/python3.8/site-packages/airflow/example_dags/example_subdag_operator.py took 0.072 seconds
[2024-04-09T16:42:54.488+0000] {processor.py:161} INFO - Started process (PID=909) to work on /home/airflow/.local/lib/python3.8/site-packages/airflow/example_dags/example_subdag_operator.py
[2024-04-09T16:42:54.500+0000] {processor.py:830} INFO - Processing file /home/airflow/.local/lib/python3.8/site-packages/airflow/example_dags/example_subdag_operator.py for tasks to queue
[2024-04-09T16:42:54.503+0000] {logging_mixin.py:188} INFO - [2024-04-09T16:42:54.502+0000] {dagbag.py:540} INFO - Filling up the DagBag from /home/airflow/.local/lib/python3.8/site-packages/airflow/example_dags/example_subdag_operator.py
[2024-04-09T16:42:54.531+0000] {processor.py:840} INFO - DAG(s) 'example_subdag_operator.section-1', 'example_subdag_operator.section-2', 'example_subdag_operator' retrieved from /home/airflow/.local/lib/python3.8/site-packages/airflow/example_dags/example_subdag_operator.py
[2024-04-09T16:42:54.542+0000] {logging_mixin.py:188} INFO - [2024-04-09T16:42:54.542+0000] {dag.py:3047} INFO - Sync 3 DAGs
[2024-04-09T16:42:54.555+0000] {logging_mixin.py:188} INFO - [2024-04-09T16:42:54.554+0000] {dag.py:3834} INFO - Setting next_dagrun for example_subdag_operator to 2022-01-01 00:00:00+00:00, run_after=2022-01-01 00:00:00+00:00
[2024-04-09T16:42:54.556+0000] {logging_mixin.py:188} INFO - [2024-04-09T16:42:54.556+0000] {dag.py:3834} INFO - Setting next_dagrun for example_subdag_operator.section-1 to None, run_after=None
[2024-04-09T16:42:54.557+0000] {logging_mixin.py:188} INFO - [2024-04-09T16:42:54.557+0000] {dag.py:3834} INFO - Setting next_dagrun for example_subdag_operator.section-2 to None, run_after=None
[2024-04-09T16:42:54.561+0000] {logging_mixin.py:188} INFO - [2024-04-09T16:42:54.561+0000] {dag.py:3047} INFO - Sync 2 DAGs
[2024-04-09T16:42:54.563+0000] {logging_mixin.py:188} INFO - [2024-04-09T16:42:54.563+0000] {dag.py:3834} INFO - Setting next_dagrun for example_subdag_operator.section-1 to None, run_after=None
[2024-04-09T16:42:54.564+0000] {logging_mixin.py:188} INFO - [2024-04-09T16:42:54.564+0000] {dag.py:3834} INFO - Setting next_dagrun for example_subdag_operator.section-2 to None, run_after=None
[2024-04-09T16:42:54.568+0000] {processor.py:183} INFO - Processing /home/airflow/.local/lib/python3.8/site-packages/airflow/example_dags/example_subdag_operator.py took 0.086 seconds
[2024-04-09T16:43:25.267+0000] {processor.py:161} INFO - Started process (PID=967) to work on /home/airflow/.local/lib/python3.8/site-packages/airflow/example_dags/example_subdag_operator.py
[2024-04-09T16:43:25.281+0000] {processor.py:830} INFO - Processing file /home/airflow/.local/lib/python3.8/site-packages/airflow/example_dags/example_subdag_operator.py for tasks to queue
[2024-04-09T16:43:25.284+0000] {logging_mixin.py:188} INFO - [2024-04-09T16:43:25.284+0000] {dagbag.py:540} INFO - Filling up the DagBag from /home/airflow/.local/lib/python3.8/site-packages/airflow/example_dags/example_subdag_operator.py
[2024-04-09T16:43:25.316+0000] {processor.py:840} INFO - DAG(s) 'example_subdag_operator.section-1', 'example_subdag_operator.section-2', 'example_subdag_operator' retrieved from /home/airflow/.local/lib/python3.8/site-packages/airflow/example_dags/example_subdag_operator.py
[2024-04-09T16:43:25.325+0000] {logging_mixin.py:188} INFO - [2024-04-09T16:43:25.325+0000] {dag.py:3047} INFO - Sync 3 DAGs
[2024-04-09T16:43:25.336+0000] {logging_mixin.py:188} INFO - [2024-04-09T16:43:25.336+0000] {dag.py:3834} INFO - Setting next_dagrun for example_subdag_operator to 2022-01-01 00:00:00+00:00, run_after=2022-01-01 00:00:00+00:00
[2024-04-09T16:43:25.338+0000] {logging_mixin.py:188} INFO - [2024-04-09T16:43:25.338+0000] {dag.py:3834} INFO - Setting next_dagrun for example_subdag_operator.section-1 to None, run_after=None
[2024-04-09T16:43:25.339+0000] {logging_mixin.py:188} INFO - [2024-04-09T16:43:25.339+0000] {dag.py:3834} INFO - Setting next_dagrun for example_subdag_operator.section-2 to None, run_after=None
[2024-04-09T16:43:25.342+0000] {logging_mixin.py:188} INFO - [2024-04-09T16:43:25.342+0000] {dag.py:3047} INFO - Sync 2 DAGs
[2024-04-09T16:43:25.345+0000] {logging_mixin.py:188} INFO - [2024-04-09T16:43:25.345+0000] {dag.py:3834} INFO - Setting next_dagrun for example_subdag_operator.section-1 to None, run_after=None
[2024-04-09T16:43:25.345+0000] {logging_mixin.py:188} INFO - [2024-04-09T16:43:25.345+0000] {dag.py:3834} INFO - Setting next_dagrun for example_subdag_operator.section-2 to None, run_after=None
[2024-04-09T16:43:25.350+0000] {processor.py:183} INFO - Processing /home/airflow/.local/lib/python3.8/site-packages/airflow/example_dags/example_subdag_operator.py took 0.094 seconds
[2024-04-09T16:43:55.410+0000] {processor.py:161} INFO - Started process (PID=1025) to work on /home/airflow/.local/lib/python3.8/site-packages/airflow/example_dags/example_subdag_operator.py
[2024-04-09T16:43:55.411+0000] {processor.py:830} INFO - Processing file /home/airflow/.local/lib/python3.8/site-packages/airflow/example_dags/example_subdag_operator.py for tasks to queue
[2024-04-09T16:43:55.428+0000] {logging_mixin.py:188} INFO - [2024-04-09T16:43:55.428+0000] {dagbag.py:540} INFO - Filling up the DagBag from /home/airflow/.local/lib/python3.8/site-packages/airflow/example_dags/example_subdag_operator.py
[2024-04-09T16:43:55.460+0000] {processor.py:840} INFO - DAG(s) 'example_subdag_operator.section-1', 'example_subdag_operator.section-2', 'example_subdag_operator' retrieved from /home/airflow/.local/lib/python3.8/site-packages/airflow/example_dags/example_subdag_operator.py
[2024-04-09T16:43:55.470+0000] {logging_mixin.py:188} INFO - [2024-04-09T16:43:55.470+0000] {dag.py:3047} INFO - Sync 3 DAGs
[2024-04-09T16:43:55.483+0000] {logging_mixin.py:188} INFO - [2024-04-09T16:43:55.483+0000] {dag.py:3834} INFO - Setting next_dagrun for example_subdag_operator to 2022-01-01 00:00:00+00:00, run_after=2022-01-01 00:00:00+00:00
[2024-04-09T16:43:55.485+0000] {logging_mixin.py:188} INFO - [2024-04-09T16:43:55.485+0000] {dag.py:3834} INFO - Setting next_dagrun for example_subdag_operator.section-1 to None, run_after=None
[2024-04-09T16:43:55.486+0000] {logging_mixin.py:188} INFO - [2024-04-09T16:43:55.486+0000] {dag.py:3834} INFO - Setting next_dagrun for example_subdag_operator.section-2 to None, run_after=None
[2024-04-09T16:43:55.490+0000] {logging_mixin.py:188} INFO - [2024-04-09T16:43:55.490+0000] {dag.py:3047} INFO - Sync 2 DAGs
[2024-04-09T16:43:55.492+0000] {logging_mixin.py:188} INFO - [2024-04-09T16:43:55.492+0000] {dag.py:3834} INFO - Setting next_dagrun for example_subdag_operator.section-1 to None, run_after=None
[2024-04-09T16:43:55.493+0000] {logging_mixin.py:188} INFO - [2024-04-09T16:43:55.493+0000] {dag.py:3834} INFO - Setting next_dagrun for example_subdag_operator.section-2 to None, run_after=None
[2024-04-09T16:43:55.499+0000] {processor.py:183} INFO - Processing /home/airflow/.local/lib/python3.8/site-packages/airflow/example_dags/example_subdag_operator.py took 0.095 seconds
[2024-04-09T16:44:25.587+0000] {processor.py:161} INFO - Started process (PID=1083) to work on /home/airflow/.local/lib/python3.8/site-packages/airflow/example_dags/example_subdag_operator.py
[2024-04-09T16:44:25.589+0000] {processor.py:830} INFO - Processing file /home/airflow/.local/lib/python3.8/site-packages/airflow/example_dags/example_subdag_operator.py for tasks to queue
[2024-04-09T16:44:25.592+0000] {logging_mixin.py:188} INFO - [2024-04-09T16:44:25.592+0000] {dagbag.py:540} INFO - Filling up the DagBag from /home/airflow/.local/lib/python3.8/site-packages/airflow/example_dags/example_subdag_operator.py
[2024-04-09T16:44:25.620+0000] {processor.py:840} INFO - DAG(s) 'example_subdag_operator.section-1', 'example_subdag_operator.section-2', 'example_subdag_operator' retrieved from /home/airflow/.local/lib/python3.8/site-packages/airflow/example_dags/example_subdag_operator.py
[2024-04-09T16:44:25.633+0000] {logging_mixin.py:188} INFO - [2024-04-09T16:44:25.633+0000] {dag.py:3047} INFO - Sync 3 DAGs
[2024-04-09T16:44:25.645+0000] {logging_mixin.py:188} INFO - [2024-04-09T16:44:25.645+0000] {dag.py:3834} INFO - Setting next_dagrun for example_subdag_operator to 2022-01-01 00:00:00+00:00, run_after=2022-01-01 00:00:00+00:00
[2024-04-09T16:44:25.647+0000] {logging_mixin.py:188} INFO - [2024-04-09T16:44:25.646+0000] {dag.py:3834} INFO - Setting next_dagrun for example_subdag_operator.section-1 to None, run_after=None
[2024-04-09T16:44:25.647+0000] {logging_mixin.py:188} INFO - [2024-04-09T16:44:25.647+0000] {dag.py:3834} INFO - Setting next_dagrun for example_subdag_operator.section-2 to None, run_after=None
[2024-04-09T16:44:25.651+0000] {logging_mixin.py:188} INFO - [2024-04-09T16:44:25.651+0000] {dag.py:3047} INFO - Sync 2 DAGs
[2024-04-09T16:44:25.654+0000] {logging_mixin.py:188} INFO - [2024-04-09T16:44:25.654+0000] {dag.py:3834} INFO - Setting next_dagrun for example_subdag_operator.section-1 to None, run_after=None
[2024-04-09T16:44:25.654+0000] {logging_mixin.py:188} INFO - [2024-04-09T16:44:25.654+0000] {dag.py:3834} INFO - Setting next_dagrun for example_subdag_operator.section-2 to None, run_after=None
[2024-04-09T16:44:25.659+0000] {processor.py:183} INFO - Processing /home/airflow/.local/lib/python3.8/site-packages/airflow/example_dags/example_subdag_operator.py took 0.079 seconds
[2024-04-09T16:44:55.942+0000] {processor.py:161} INFO - Started process (PID=1141) to work on /home/airflow/.local/lib/python3.8/site-packages/airflow/example_dags/example_subdag_operator.py
[2024-04-09T16:44:55.949+0000] {processor.py:830} INFO - Processing file /home/airflow/.local/lib/python3.8/site-packages/airflow/example_dags/example_subdag_operator.py for tasks to queue
[2024-04-09T16:44:55.962+0000] {logging_mixin.py:188} INFO - [2024-04-09T16:44:55.962+0000] {dagbag.py:540} INFO - Filling up the DagBag from /home/airflow/.local/lib/python3.8/site-packages/airflow/example_dags/example_subdag_operator.py
[2024-04-09T16:44:56.003+0000] {processor.py:840} INFO - DAG(s) 'example_subdag_operator.section-1', 'example_subdag_operator.section-2', 'example_subdag_operator' retrieved from /home/airflow/.local/lib/python3.8/site-packages/airflow/example_dags/example_subdag_operator.py
[2024-04-09T16:44:56.019+0000] {logging_mixin.py:188} INFO - [2024-04-09T16:44:56.019+0000] {dag.py:3047} INFO - Sync 3 DAGs
[2024-04-09T16:44:56.031+0000] {logging_mixin.py:188} INFO - [2024-04-09T16:44:56.031+0000] {dag.py:3834} INFO - Setting next_dagrun for example_subdag_operator to 2022-01-01 00:00:00+00:00, run_after=2022-01-01 00:00:00+00:00
[2024-04-09T16:44:56.033+0000] {logging_mixin.py:188} INFO - [2024-04-09T16:44:56.032+0000] {dag.py:3834} INFO - Setting next_dagrun for example_subdag_operator.section-1 to None, run_after=None
[2024-04-09T16:44:56.033+0000] {logging_mixin.py:188} INFO - [2024-04-09T16:44:56.033+0000] {dag.py:3834} INFO - Setting next_dagrun for example_subdag_operator.section-2 to None, run_after=None
[2024-04-09T16:44:56.037+0000] {logging_mixin.py:188} INFO - [2024-04-09T16:44:56.037+0000] {dag.py:3047} INFO - Sync 2 DAGs
[2024-04-09T16:44:56.041+0000] {logging_mixin.py:188} INFO - [2024-04-09T16:44:56.041+0000] {dag.py:3834} INFO - Setting next_dagrun for example_subdag_operator.section-1 to None, run_after=None
[2024-04-09T16:44:56.042+0000] {logging_mixin.py:188} INFO - [2024-04-09T16:44:56.042+0000] {dag.py:3834} INFO - Setting next_dagrun for example_subdag_operator.section-2 to None, run_after=None
[2024-04-09T16:44:56.047+0000] {processor.py:183} INFO - Processing /home/airflow/.local/lib/python3.8/site-packages/airflow/example_dags/example_subdag_operator.py took 0.114 seconds
[2024-04-09T16:45:26.297+0000] {processor.py:161} INFO - Started process (PID=1200) to work on /home/airflow/.local/lib/python3.8/site-packages/airflow/example_dags/example_subdag_operator.py
[2024-04-09T16:45:26.299+0000] {processor.py:830} INFO - Processing file /home/airflow/.local/lib/python3.8/site-packages/airflow/example_dags/example_subdag_operator.py for tasks to queue
[2024-04-09T16:45:26.303+0000] {logging_mixin.py:188} INFO - [2024-04-09T16:45:26.303+0000] {dagbag.py:540} INFO - Filling up the DagBag from /home/airflow/.local/lib/python3.8/site-packages/airflow/example_dags/example_subdag_operator.py
[2024-04-09T16:45:26.336+0000] {processor.py:840} INFO - DAG(s) 'example_subdag_operator.section-1', 'example_subdag_operator.section-2', 'example_subdag_operator' retrieved from /home/airflow/.local/lib/python3.8/site-packages/airflow/example_dags/example_subdag_operator.py
[2024-04-09T16:45:26.354+0000] {logging_mixin.py:188} INFO - [2024-04-09T16:45:26.353+0000] {dag.py:3047} INFO - Sync 3 DAGs
[2024-04-09T16:45:26.366+0000] {logging_mixin.py:188} INFO - [2024-04-09T16:45:26.366+0000] {dag.py:3834} INFO - Setting next_dagrun for example_subdag_operator to 2022-01-01 00:00:00+00:00, run_after=2022-01-01 00:00:00+00:00
[2024-04-09T16:45:26.368+0000] {logging_mixin.py:188} INFO - [2024-04-09T16:45:26.368+0000] {dag.py:3834} INFO - Setting next_dagrun for example_subdag_operator.section-1 to None, run_after=None
[2024-04-09T16:45:26.369+0000] {logging_mixin.py:188} INFO - [2024-04-09T16:45:26.369+0000] {dag.py:3834} INFO - Setting next_dagrun for example_subdag_operator.section-2 to None, run_after=None
[2024-04-09T16:45:26.372+0000] {logging_mixin.py:188} INFO - [2024-04-09T16:45:26.372+0000] {dag.py:3047} INFO - Sync 2 DAGs
[2024-04-09T16:45:26.374+0000] {logging_mixin.py:188} INFO - [2024-04-09T16:45:26.374+0000] {dag.py:3834} INFO - Setting next_dagrun for example_subdag_operator.section-1 to None, run_after=None
[2024-04-09T16:45:26.375+0000] {logging_mixin.py:188} INFO - [2024-04-09T16:45:26.375+0000] {dag.py:3834} INFO - Setting next_dagrun for example_subdag_operator.section-2 to None, run_after=None
[2024-04-09T16:45:26.379+0000] {processor.py:183} INFO - Processing /home/airflow/.local/lib/python3.8/site-packages/airflow/example_dags/example_subdag_operator.py took 0.089 seconds
[2024-04-09T16:45:56.891+0000] {processor.py:161} INFO - Started process (PID=1262) to work on /home/airflow/.local/lib/python3.8/site-packages/airflow/example_dags/example_subdag_operator.py
[2024-04-09T16:45:56.894+0000] {processor.py:830} INFO - Processing file /home/airflow/.local/lib/python3.8/site-packages/airflow/example_dags/example_subdag_operator.py for tasks to queue
[2024-04-09T16:45:56.897+0000] {logging_mixin.py:188} INFO - [2024-04-09T16:45:56.897+0000] {dagbag.py:540} INFO - Filling up the DagBag from /home/airflow/.local/lib/python3.8/site-packages/airflow/example_dags/example_subdag_operator.py
[2024-04-09T16:45:56.932+0000] {processor.py:840} INFO - DAG(s) 'example_subdag_operator.section-1', 'example_subdag_operator.section-2', 'example_subdag_operator' retrieved from /home/airflow/.local/lib/python3.8/site-packages/airflow/example_dags/example_subdag_operator.py
[2024-04-09T16:45:56.940+0000] {logging_mixin.py:188} INFO - [2024-04-09T16:45:56.940+0000] {dag.py:3047} INFO - Sync 3 DAGs
[2024-04-09T16:45:56.953+0000] {logging_mixin.py:188} INFO - [2024-04-09T16:45:56.953+0000] {dag.py:3834} INFO - Setting next_dagrun for example_subdag_operator to 2022-01-01 00:00:00+00:00, run_after=2022-01-01 00:00:00+00:00
[2024-04-09T16:45:56.955+0000] {logging_mixin.py:188} INFO - [2024-04-09T16:45:56.955+0000] {dag.py:3834} INFO - Setting next_dagrun for example_subdag_operator.section-1 to None, run_after=None
[2024-04-09T16:45:56.956+0000] {logging_mixin.py:188} INFO - [2024-04-09T16:45:56.956+0000] {dag.py:3834} INFO - Setting next_dagrun for example_subdag_operator.section-2 to None, run_after=None
[2024-04-09T16:45:56.961+0000] {logging_mixin.py:188} INFO - [2024-04-09T16:45:56.961+0000] {dag.py:3047} INFO - Sync 2 DAGs
[2024-04-09T16:45:56.965+0000] {logging_mixin.py:188} INFO - [2024-04-09T16:45:56.965+0000] {dag.py:3834} INFO - Setting next_dagrun for example_subdag_operator.section-1 to None, run_after=None
[2024-04-09T16:45:56.974+0000] {logging_mixin.py:188} INFO - [2024-04-09T16:45:56.974+0000] {dag.py:3834} INFO - Setting next_dagrun for example_subdag_operator.section-2 to None, run_after=None
[2024-04-09T16:45:56.981+0000] {processor.py:183} INFO - Processing /home/airflow/.local/lib/python3.8/site-packages/airflow/example_dags/example_subdag_operator.py took 0.099 seconds
[2024-04-09T16:46:27.470+0000] {processor.py:161} INFO - Started process (PID=1320) to work on /home/airflow/.local/lib/python3.8/site-packages/airflow/example_dags/example_subdag_operator.py
[2024-04-09T16:46:27.472+0000] {processor.py:830} INFO - Processing file /home/airflow/.local/lib/python3.8/site-packages/airflow/example_dags/example_subdag_operator.py for tasks to queue
[2024-04-09T16:46:27.475+0000] {logging_mixin.py:188} INFO - [2024-04-09T16:46:27.475+0000] {dagbag.py:540} INFO - Filling up the DagBag from /home/airflow/.local/lib/python3.8/site-packages/airflow/example_dags/example_subdag_operator.py
[2024-04-09T16:46:27.506+0000] {processor.py:840} INFO - DAG(s) 'example_subdag_operator.section-1', 'example_subdag_operator.section-2', 'example_subdag_operator' retrieved from /home/airflow/.local/lib/python3.8/site-packages/airflow/example_dags/example_subdag_operator.py
[2024-04-09T16:46:27.520+0000] {logging_mixin.py:188} INFO - [2024-04-09T16:46:27.519+0000] {dag.py:3047} INFO - Sync 3 DAGs
[2024-04-09T16:46:27.535+0000] {logging_mixin.py:188} INFO - [2024-04-09T16:46:27.535+0000] {dag.py:3834} INFO - Setting next_dagrun for example_subdag_operator to 2022-01-01 00:00:00+00:00, run_after=2022-01-01 00:00:00+00:00
[2024-04-09T16:46:27.537+0000] {logging_mixin.py:188} INFO - [2024-04-09T16:46:27.537+0000] {dag.py:3834} INFO - Setting next_dagrun for example_subdag_operator.section-1 to None, run_after=None
[2024-04-09T16:46:27.538+0000] {logging_mixin.py:188} INFO - [2024-04-09T16:46:27.538+0000] {dag.py:3834} INFO - Setting next_dagrun for example_subdag_operator.section-2 to None, run_after=None
[2024-04-09T16:46:27.542+0000] {logging_mixin.py:188} INFO - [2024-04-09T16:46:27.542+0000] {dag.py:3047} INFO - Sync 2 DAGs
[2024-04-09T16:46:27.546+0000] {logging_mixin.py:188} INFO - [2024-04-09T16:46:27.546+0000] {dag.py:3834} INFO - Setting next_dagrun for example_subdag_operator.section-1 to None, run_after=None
[2024-04-09T16:46:27.546+0000] {logging_mixin.py:188} INFO - [2024-04-09T16:46:27.546+0000] {dag.py:3834} INFO - Setting next_dagrun for example_subdag_operator.section-2 to None, run_after=None
[2024-04-09T16:46:27.551+0000] {processor.py:183} INFO - Processing /home/airflow/.local/lib/python3.8/site-packages/airflow/example_dags/example_subdag_operator.py took 0.089 seconds
[2024-04-09T16:46:57.901+0000] {processor.py:161} INFO - Started process (PID=1398) to work on /home/airflow/.local/lib/python3.8/site-packages/airflow/example_dags/example_subdag_operator.py
[2024-04-09T16:46:57.920+0000] {processor.py:830} INFO - Processing file /home/airflow/.local/lib/python3.8/site-packages/airflow/example_dags/example_subdag_operator.py for tasks to queue
[2024-04-09T16:46:57.938+0000] {logging_mixin.py:188} INFO - [2024-04-09T16:46:57.937+0000] {dagbag.py:540} INFO - Filling up the DagBag from /home/airflow/.local/lib/python3.8/site-packages/airflow/example_dags/example_subdag_operator.py
[2024-04-09T16:46:58.057+0000] {processor.py:840} INFO - DAG(s) 'example_subdag_operator.section-1', 'example_subdag_operator.section-2', 'example_subdag_operator' retrieved from /home/airflow/.local/lib/python3.8/site-packages/airflow/example_dags/example_subdag_operator.py
[2024-04-09T16:46:58.135+0000] {logging_mixin.py:188} INFO - [2024-04-09T16:46:58.134+0000] {dag.py:3047} INFO - Sync 3 DAGs
[2024-04-09T16:46:58.203+0000] {logging_mixin.py:188} INFO - [2024-04-09T16:46:58.202+0000] {dag.py:3834} INFO - Setting next_dagrun for example_subdag_operator to 2022-01-01 00:00:00+00:00, run_after=2022-01-01 00:00:00+00:00
[2024-04-09T16:46:58.212+0000] {logging_mixin.py:188} INFO - [2024-04-09T16:46:58.212+0000] {dag.py:3834} INFO - Setting next_dagrun for example_subdag_operator.section-1 to None, run_after=None
[2024-04-09T16:46:58.223+0000] {logging_mixin.py:188} INFO - [2024-04-09T16:46:58.222+0000] {dag.py:3834} INFO - Setting next_dagrun for example_subdag_operator.section-2 to None, run_after=None
[2024-04-09T16:46:58.341+0000] {logging_mixin.py:188} INFO - [2024-04-09T16:46:58.335+0000] {dag.py:3047} INFO - Sync 2 DAGs
[2024-04-09T16:46:58.395+0000] {logging_mixin.py:188} INFO - [2024-04-09T16:46:58.395+0000] {dag.py:3834} INFO - Setting next_dagrun for example_subdag_operator.section-1 to None, run_after=None
[2024-04-09T16:46:58.397+0000] {logging_mixin.py:188} INFO - [2024-04-09T16:46:58.396+0000] {dag.py:3834} INFO - Setting next_dagrun for example_subdag_operator.section-2 to None, run_after=None
[2024-04-09T16:46:58.539+0000] {processor.py:183} INFO - Processing /home/airflow/.local/lib/python3.8/site-packages/airflow/example_dags/example_subdag_operator.py took 0.677 seconds
[2024-04-09T16:47:29.253+0000] {processor.py:161} INFO - Started process (PID=1480) to work on /home/airflow/.local/lib/python3.8/site-packages/airflow/example_dags/example_subdag_operator.py
[2024-04-09T16:47:29.266+0000] {processor.py:830} INFO - Processing file /home/airflow/.local/lib/python3.8/site-packages/airflow/example_dags/example_subdag_operator.py for tasks to queue
[2024-04-09T16:47:29.273+0000] {logging_mixin.py:188} INFO - [2024-04-09T16:47:29.273+0000] {dagbag.py:540} INFO - Filling up the DagBag from /home/airflow/.local/lib/python3.8/site-packages/airflow/example_dags/example_subdag_operator.py
[2024-04-09T16:47:29.499+0000] {processor.py:840} INFO - DAG(s) 'example_subdag_operator.section-1', 'example_subdag_operator.section-2', 'example_subdag_operator' retrieved from /home/airflow/.local/lib/python3.8/site-packages/airflow/example_dags/example_subdag_operator.py
[2024-04-09T16:47:29.595+0000] {logging_mixin.py:188} INFO - [2024-04-09T16:47:29.594+0000] {dag.py:3047} INFO - Sync 3 DAGs
[2024-04-09T16:47:29.676+0000] {logging_mixin.py:188} INFO - [2024-04-09T16:47:29.675+0000] {dag.py:3834} INFO - Setting next_dagrun for example_subdag_operator to 2022-01-01 00:00:00+00:00, run_after=2022-01-01 00:00:00+00:00
[2024-04-09T16:47:29.694+0000] {logging_mixin.py:188} INFO - [2024-04-09T16:47:29.693+0000] {dag.py:3834} INFO - Setting next_dagrun for example_subdag_operator.section-1 to None, run_after=None
[2024-04-09T16:47:29.704+0000] {logging_mixin.py:188} INFO - [2024-04-09T16:47:29.702+0000] {dag.py:3834} INFO - Setting next_dagrun for example_subdag_operator.section-2 to None, run_after=None
[2024-04-09T16:47:29.724+0000] {logging_mixin.py:188} INFO - [2024-04-09T16:47:29.724+0000] {dag.py:3047} INFO - Sync 2 DAGs
[2024-04-09T16:47:29.771+0000] {logging_mixin.py:188} INFO - [2024-04-09T16:47:29.771+0000] {dag.py:3834} INFO - Setting next_dagrun for example_subdag_operator.section-1 to None, run_after=None
[2024-04-09T16:47:29.772+0000] {logging_mixin.py:188} INFO - [2024-04-09T16:47:29.772+0000] {dag.py:3834} INFO - Setting next_dagrun for example_subdag_operator.section-2 to None, run_after=None
[2024-04-09T16:47:29.822+0000] {processor.py:183} INFO - Processing /home/airflow/.local/lib/python3.8/site-packages/airflow/example_dags/example_subdag_operator.py took 0.642 seconds
[2024-04-09T16:48:00.270+0000] {processor.py:161} INFO - Started process (PID=1537) to work on /home/airflow/.local/lib/python3.8/site-packages/airflow/example_dags/example_subdag_operator.py
[2024-04-09T16:48:00.278+0000] {processor.py:830} INFO - Processing file /home/airflow/.local/lib/python3.8/site-packages/airflow/example_dags/example_subdag_operator.py for tasks to queue
[2024-04-09T16:48:00.298+0000] {logging_mixin.py:188} INFO - [2024-04-09T16:48:00.297+0000] {dagbag.py:540} INFO - Filling up the DagBag from /home/airflow/.local/lib/python3.8/site-packages/airflow/example_dags/example_subdag_operator.py
[2024-04-09T16:48:00.591+0000] {processor.py:840} INFO - DAG(s) 'example_subdag_operator.section-1', 'example_subdag_operator.section-2', 'example_subdag_operator' retrieved from /home/airflow/.local/lib/python3.8/site-packages/airflow/example_dags/example_subdag_operator.py
[2024-04-09T16:48:00.691+0000] {logging_mixin.py:188} INFO - [2024-04-09T16:48:00.684+0000] {dag.py:3047} INFO - Sync 3 DAGs
[2024-04-09T16:48:00.863+0000] {logging_mixin.py:188} INFO - [2024-04-09T16:48:00.859+0000] {dag.py:3834} INFO - Setting next_dagrun for example_subdag_operator to 2022-01-01 00:00:00+00:00, run_after=2022-01-01 00:00:00+00:00
[2024-04-09T16:48:00.893+0000] {logging_mixin.py:188} INFO - [2024-04-09T16:48:00.892+0000] {dag.py:3834} INFO - Setting next_dagrun for example_subdag_operator.section-1 to None, run_after=None
[2024-04-09T16:48:00.902+0000] {logging_mixin.py:188} INFO - [2024-04-09T16:48:00.899+0000] {dag.py:3834} INFO - Setting next_dagrun for example_subdag_operator.section-2 to None, run_after=None
[2024-04-09T16:48:00.948+0000] {logging_mixin.py:188} INFO - [2024-04-09T16:48:00.945+0000] {dag.py:3047} INFO - Sync 2 DAGs
[2024-04-09T16:48:00.988+0000] {logging_mixin.py:188} INFO - [2024-04-09T16:48:00.987+0000] {dag.py:3834} INFO - Setting next_dagrun for example_subdag_operator.section-1 to None, run_after=None
[2024-04-09T16:48:00.989+0000] {logging_mixin.py:188} INFO - [2024-04-09T16:48:00.988+0000] {dag.py:3834} INFO - Setting next_dagrun for example_subdag_operator.section-2 to None, run_after=None
[2024-04-09T16:48:01.052+0000] {processor.py:183} INFO - Processing /home/airflow/.local/lib/python3.8/site-packages/airflow/example_dags/example_subdag_operator.py took 0.807 seconds
[2024-04-09T16:48:31.573+0000] {processor.py:161} INFO - Started process (PID=1594) to work on /home/airflow/.local/lib/python3.8/site-packages/airflow/example_dags/example_subdag_operator.py
[2024-04-09T16:48:31.575+0000] {processor.py:830} INFO - Processing file /home/airflow/.local/lib/python3.8/site-packages/airflow/example_dags/example_subdag_operator.py for tasks to queue
[2024-04-09T16:48:31.579+0000] {logging_mixin.py:188} INFO - [2024-04-09T16:48:31.578+0000] {dagbag.py:540} INFO - Filling up the DagBag from /home/airflow/.local/lib/python3.8/site-packages/airflow/example_dags/example_subdag_operator.py
[2024-04-09T16:48:31.609+0000] {processor.py:840} INFO - DAG(s) 'example_subdag_operator.section-1', 'example_subdag_operator.section-2', 'example_subdag_operator' retrieved from /home/airflow/.local/lib/python3.8/site-packages/airflow/example_dags/example_subdag_operator.py
[2024-04-09T16:48:31.626+0000] {logging_mixin.py:188} INFO - [2024-04-09T16:48:31.626+0000] {dag.py:3047} INFO - Sync 3 DAGs
[2024-04-09T16:48:31.639+0000] {logging_mixin.py:188} INFO - [2024-04-09T16:48:31.639+0000] {dag.py:3834} INFO - Setting next_dagrun for example_subdag_operator to 2022-01-01 00:00:00+00:00, run_after=2022-01-01 00:00:00+00:00
[2024-04-09T16:48:31.641+0000] {logging_mixin.py:188} INFO - [2024-04-09T16:48:31.641+0000] {dag.py:3834} INFO - Setting next_dagrun for example_subdag_operator.section-1 to None, run_after=None
[2024-04-09T16:48:31.641+0000] {logging_mixin.py:188} INFO - [2024-04-09T16:48:31.641+0000] {dag.py:3834} INFO - Setting next_dagrun for example_subdag_operator.section-2 to None, run_after=None
[2024-04-09T16:48:31.645+0000] {logging_mixin.py:188} INFO - [2024-04-09T16:48:31.645+0000] {dag.py:3047} INFO - Sync 2 DAGs
[2024-04-09T16:48:31.647+0000] {logging_mixin.py:188} INFO - [2024-04-09T16:48:31.647+0000] {dag.py:3834} INFO - Setting next_dagrun for example_subdag_operator.section-1 to None, run_after=None
[2024-04-09T16:48:31.647+0000] {logging_mixin.py:188} INFO - [2024-04-09T16:48:31.647+0000] {dag.py:3834} INFO - Setting next_dagrun for example_subdag_operator.section-2 to None, run_after=None
[2024-04-09T16:48:31.651+0000] {processor.py:183} INFO - Processing /home/airflow/.local/lib/python3.8/site-packages/airflow/example_dags/example_subdag_operator.py took 0.095 seconds
[2024-04-09T16:49:01.951+0000] {processor.py:161} INFO - Started process (PID=1651) to work on /home/airflow/.local/lib/python3.8/site-packages/airflow/example_dags/example_subdag_operator.py
[2024-04-09T16:49:01.954+0000] {processor.py:830} INFO - Processing file /home/airflow/.local/lib/python3.8/site-packages/airflow/example_dags/example_subdag_operator.py for tasks to queue
[2024-04-09T16:49:01.958+0000] {logging_mixin.py:188} INFO - [2024-04-09T16:49:01.958+0000] {dagbag.py:540} INFO - Filling up the DagBag from /home/airflow/.local/lib/python3.8/site-packages/airflow/example_dags/example_subdag_operator.py
[2024-04-09T16:49:02.010+0000] {processor.py:840} INFO - DAG(s) 'example_subdag_operator.section-1', 'example_subdag_operator.section-2', 'example_subdag_operator' retrieved from /home/airflow/.local/lib/python3.8/site-packages/airflow/example_dags/example_subdag_operator.py
[2024-04-09T16:49:02.021+0000] {logging_mixin.py:188} INFO - [2024-04-09T16:49:02.021+0000] {dag.py:3047} INFO - Sync 3 DAGs
[2024-04-09T16:49:02.042+0000] {logging_mixin.py:188} INFO - [2024-04-09T16:49:02.041+0000] {dag.py:3834} INFO - Setting next_dagrun for example_subdag_operator to 2022-01-01 00:00:00+00:00, run_after=2022-01-01 00:00:00+00:00
[2024-04-09T16:49:02.043+0000] {logging_mixin.py:188} INFO - [2024-04-09T16:49:02.043+0000] {dag.py:3834} INFO - Setting next_dagrun for example_subdag_operator.section-1 to None, run_after=None
[2024-04-09T16:49:02.045+0000] {logging_mixin.py:188} INFO - [2024-04-09T16:49:02.045+0000] {dag.py:3834} INFO - Setting next_dagrun for example_subdag_operator.section-2 to None, run_after=None
[2024-04-09T16:49:02.049+0000] {logging_mixin.py:188} INFO - [2024-04-09T16:49:02.049+0000] {dag.py:3047} INFO - Sync 2 DAGs
[2024-04-09T16:49:02.052+0000] {logging_mixin.py:188} INFO - [2024-04-09T16:49:02.051+0000] {dag.py:3834} INFO - Setting next_dagrun for example_subdag_operator.section-1 to None, run_after=None
[2024-04-09T16:49:02.052+0000] {logging_mixin.py:188} INFO - [2024-04-09T16:49:02.052+0000] {dag.py:3834} INFO - Setting next_dagrun for example_subdag_operator.section-2 to None, run_after=None
[2024-04-09T16:49:02.056+0000] {processor.py:183} INFO - Processing /home/airflow/.local/lib/python3.8/site-packages/airflow/example_dags/example_subdag_operator.py took 0.114 seconds
[2024-04-09T16:49:32.150+0000] {processor.py:161} INFO - Started process (PID=1708) to work on /home/airflow/.local/lib/python3.8/site-packages/airflow/example_dags/example_subdag_operator.py
[2024-04-09T16:49:32.155+0000] {processor.py:830} INFO - Processing file /home/airflow/.local/lib/python3.8/site-packages/airflow/example_dags/example_subdag_operator.py for tasks to queue
[2024-04-09T16:49:32.159+0000] {logging_mixin.py:188} INFO - [2024-04-09T16:49:32.159+0000] {dagbag.py:540} INFO - Filling up the DagBag from /home/airflow/.local/lib/python3.8/site-packages/airflow/example_dags/example_subdag_operator.py
[2024-04-09T16:49:32.187+0000] {processor.py:840} INFO - DAG(s) 'example_subdag_operator.section-1', 'example_subdag_operator.section-2', 'example_subdag_operator' retrieved from /home/airflow/.local/lib/python3.8/site-packages/airflow/example_dags/example_subdag_operator.py
[2024-04-09T16:49:32.196+0000] {logging_mixin.py:188} INFO - [2024-04-09T16:49:32.196+0000] {dag.py:3047} INFO - Sync 3 DAGs
[2024-04-09T16:49:32.220+0000] {logging_mixin.py:188} INFO - [2024-04-09T16:49:32.219+0000] {dag.py:3834} INFO - Setting next_dagrun for example_subdag_operator to 2022-01-01 00:00:00+00:00, run_after=2022-01-01 00:00:00+00:00
[2024-04-09T16:49:32.223+0000] {logging_mixin.py:188} INFO - [2024-04-09T16:49:32.223+0000] {dag.py:3834} INFO - Setting next_dagrun for example_subdag_operator.section-1 to None, run_after=None
[2024-04-09T16:49:32.223+0000] {logging_mixin.py:188} INFO - [2024-04-09T16:49:32.223+0000] {dag.py:3834} INFO - Setting next_dagrun for example_subdag_operator.section-2 to None, run_after=None
[2024-04-09T16:49:32.227+0000] {logging_mixin.py:188} INFO - [2024-04-09T16:49:32.227+0000] {dag.py:3047} INFO - Sync 2 DAGs
[2024-04-09T16:49:32.229+0000] {logging_mixin.py:188} INFO - [2024-04-09T16:49:32.229+0000] {dag.py:3834} INFO - Setting next_dagrun for example_subdag_operator.section-1 to None, run_after=None
[2024-04-09T16:49:32.230+0000] {logging_mixin.py:188} INFO - [2024-04-09T16:49:32.229+0000] {dag.py:3834} INFO - Setting next_dagrun for example_subdag_operator.section-2 to None, run_after=None
[2024-04-09T16:49:32.235+0000] {processor.py:183} INFO - Processing /home/airflow/.local/lib/python3.8/site-packages/airflow/example_dags/example_subdag_operator.py took 0.099 seconds
[2024-04-09T16:50:02.346+0000] {processor.py:161} INFO - Started process (PID=1765) to work on /home/airflow/.local/lib/python3.8/site-packages/airflow/example_dags/example_subdag_operator.py
[2024-04-09T16:50:02.350+0000] {processor.py:830} INFO - Processing file /home/airflow/.local/lib/python3.8/site-packages/airflow/example_dags/example_subdag_operator.py for tasks to queue
[2024-04-09T16:50:02.360+0000] {logging_mixin.py:188} INFO - [2024-04-09T16:50:02.359+0000] {dagbag.py:540} INFO - Filling up the DagBag from /home/airflow/.local/lib/python3.8/site-packages/airflow/example_dags/example_subdag_operator.py
[2024-04-09T16:50:02.405+0000] {processor.py:840} INFO - DAG(s) 'example_subdag_operator.section-1', 'example_subdag_operator.section-2', 'example_subdag_operator' retrieved from /home/airflow/.local/lib/python3.8/site-packages/airflow/example_dags/example_subdag_operator.py
[2024-04-09T16:50:02.414+0000] {logging_mixin.py:188} INFO - [2024-04-09T16:50:02.413+0000] {dag.py:3047} INFO - Sync 3 DAGs
[2024-04-09T16:50:02.425+0000] {logging_mixin.py:188} INFO - [2024-04-09T16:50:02.425+0000] {dag.py:3834} INFO - Setting next_dagrun for example_subdag_operator to 2022-01-01 00:00:00+00:00, run_after=2022-01-01 00:00:00+00:00
[2024-04-09T16:50:02.427+0000] {logging_mixin.py:188} INFO - [2024-04-09T16:50:02.427+0000] {dag.py:3834} INFO - Setting next_dagrun for example_subdag_operator.section-1 to None, run_after=None
[2024-04-09T16:50:02.428+0000] {logging_mixin.py:188} INFO - [2024-04-09T16:50:02.428+0000] {dag.py:3834} INFO - Setting next_dagrun for example_subdag_operator.section-2 to None, run_after=None
[2024-04-09T16:50:02.431+0000] {logging_mixin.py:188} INFO - [2024-04-09T16:50:02.431+0000] {dag.py:3047} INFO - Sync 2 DAGs
[2024-04-09T16:50:02.434+0000] {logging_mixin.py:188} INFO - [2024-04-09T16:50:02.434+0000] {dag.py:3834} INFO - Setting next_dagrun for example_subdag_operator.section-1 to None, run_after=None
[2024-04-09T16:50:02.435+0000] {logging_mixin.py:188} INFO - [2024-04-09T16:50:02.435+0000] {dag.py:3834} INFO - Setting next_dagrun for example_subdag_operator.section-2 to None, run_after=None
[2024-04-09T16:50:02.439+0000] {processor.py:183} INFO - Processing /home/airflow/.local/lib/python3.8/site-packages/airflow/example_dags/example_subdag_operator.py took 0.108 seconds
[2024-04-09T16:50:33.194+0000] {processor.py:161} INFO - Started process (PID=1822) to work on /home/airflow/.local/lib/python3.8/site-packages/airflow/example_dags/example_subdag_operator.py
[2024-04-09T16:50:33.199+0000] {processor.py:830} INFO - Processing file /home/airflow/.local/lib/python3.8/site-packages/airflow/example_dags/example_subdag_operator.py for tasks to queue
[2024-04-09T16:50:33.204+0000] {logging_mixin.py:188} INFO - [2024-04-09T16:50:33.203+0000] {dagbag.py:540} INFO - Filling up the DagBag from /home/airflow/.local/lib/python3.8/site-packages/airflow/example_dags/example_subdag_operator.py
[2024-04-09T16:50:33.227+0000] {processor.py:840} INFO - DAG(s) 'example_subdag_operator.section-1', 'example_subdag_operator.section-2', 'example_subdag_operator' retrieved from /home/airflow/.local/lib/python3.8/site-packages/airflow/example_dags/example_subdag_operator.py
[2024-04-09T16:50:33.238+0000] {logging_mixin.py:188} INFO - [2024-04-09T16:50:33.237+0000] {dag.py:3047} INFO - Sync 3 DAGs
[2024-04-09T16:50:33.250+0000] {logging_mixin.py:188} INFO - [2024-04-09T16:50:33.249+0000] {dag.py:3834} INFO - Setting next_dagrun for example_subdag_operator to 2022-01-01 00:00:00+00:00, run_after=2022-01-01 00:00:00+00:00
[2024-04-09T16:50:33.252+0000] {logging_mixin.py:188} INFO - [2024-04-09T16:50:33.252+0000] {dag.py:3834} INFO - Setting next_dagrun for example_subdag_operator.section-1 to None, run_after=None
[2024-04-09T16:50:33.253+0000] {logging_mixin.py:188} INFO - [2024-04-09T16:50:33.253+0000] {dag.py:3834} INFO - Setting next_dagrun for example_subdag_operator.section-2 to None, run_after=None
[2024-04-09T16:50:33.256+0000] {logging_mixin.py:188} INFO - [2024-04-09T16:50:33.256+0000] {dag.py:3047} INFO - Sync 2 DAGs
[2024-04-09T16:50:33.258+0000] {logging_mixin.py:188} INFO - [2024-04-09T16:50:33.258+0000] {dag.py:3834} INFO - Setting next_dagrun for example_subdag_operator.section-1 to None, run_after=None
[2024-04-09T16:50:33.258+0000] {logging_mixin.py:188} INFO - [2024-04-09T16:50:33.258+0000] {dag.py:3834} INFO - Setting next_dagrun for example_subdag_operator.section-2 to None, run_after=None
[2024-04-09T16:50:33.262+0000] {processor.py:183} INFO - Processing /home/airflow/.local/lib/python3.8/site-packages/airflow/example_dags/example_subdag_operator.py took 0.092 seconds
[2024-04-09T16:51:03.805+0000] {processor.py:161} INFO - Started process (PID=1880) to work on /home/airflow/.local/lib/python3.8/site-packages/airflow/example_dags/example_subdag_operator.py
[2024-04-09T16:51:03.808+0000] {processor.py:830} INFO - Processing file /home/airflow/.local/lib/python3.8/site-packages/airflow/example_dags/example_subdag_operator.py for tasks to queue
[2024-04-09T16:51:03.815+0000] {logging_mixin.py:188} INFO - [2024-04-09T16:51:03.814+0000] {dagbag.py:540} INFO - Filling up the DagBag from /home/airflow/.local/lib/python3.8/site-packages/airflow/example_dags/example_subdag_operator.py
[2024-04-09T16:51:03.840+0000] {processor.py:840} INFO - DAG(s) 'example_subdag_operator.section-1', 'example_subdag_operator.section-2', 'example_subdag_operator' retrieved from /home/airflow/.local/lib/python3.8/site-packages/airflow/example_dags/example_subdag_operator.py
[2024-04-09T16:51:03.848+0000] {logging_mixin.py:188} INFO - [2024-04-09T16:51:03.848+0000] {dag.py:3047} INFO - Sync 3 DAGs
[2024-04-09T16:51:03.868+0000] {logging_mixin.py:188} INFO - [2024-04-09T16:51:03.868+0000] {dag.py:3834} INFO - Setting next_dagrun for example_subdag_operator to 2022-01-01 00:00:00+00:00, run_after=2022-01-01 00:00:00+00:00
[2024-04-09T16:51:03.871+0000] {logging_mixin.py:188} INFO - [2024-04-09T16:51:03.871+0000] {dag.py:3834} INFO - Setting next_dagrun for example_subdag_operator.section-1 to None, run_after=None
[2024-04-09T16:51:03.872+0000] {logging_mixin.py:188} INFO - [2024-04-09T16:51:03.872+0000] {dag.py:3834} INFO - Setting next_dagrun for example_subdag_operator.section-2 to None, run_after=None
[2024-04-09T16:51:03.875+0000] {logging_mixin.py:188} INFO - [2024-04-09T16:51:03.875+0000] {dag.py:3047} INFO - Sync 2 DAGs
[2024-04-09T16:51:03.879+0000] {logging_mixin.py:188} INFO - [2024-04-09T16:51:03.879+0000] {dag.py:3834} INFO - Setting next_dagrun for example_subdag_operator.section-1 to None, run_after=None
[2024-04-09T16:51:03.879+0000] {logging_mixin.py:188} INFO - [2024-04-09T16:51:03.879+0000] {dag.py:3834} INFO - Setting next_dagrun for example_subdag_operator.section-2 to None, run_after=None
[2024-04-09T16:51:03.883+0000] {processor.py:183} INFO - Processing /home/airflow/.local/lib/python3.8/site-packages/airflow/example_dags/example_subdag_operator.py took 0.099 seconds
[2024-04-09T16:51:34.067+0000] {processor.py:161} INFO - Started process (PID=1938) to work on /home/airflow/.local/lib/python3.8/site-packages/airflow/example_dags/example_subdag_operator.py
[2024-04-09T16:51:34.070+0000] {processor.py:830} INFO - Processing file /home/airflow/.local/lib/python3.8/site-packages/airflow/example_dags/example_subdag_operator.py for tasks to queue
[2024-04-09T16:51:34.075+0000] {logging_mixin.py:188} INFO - [2024-04-09T16:51:34.074+0000] {dagbag.py:540} INFO - Filling up the DagBag from /home/airflow/.local/lib/python3.8/site-packages/airflow/example_dags/example_subdag_operator.py
[2024-04-09T16:51:34.105+0000] {processor.py:840} INFO - DAG(s) 'example_subdag_operator.section-1', 'example_subdag_operator.section-2', 'example_subdag_operator' retrieved from /home/airflow/.local/lib/python3.8/site-packages/airflow/example_dags/example_subdag_operator.py
[2024-04-09T16:51:34.120+0000] {logging_mixin.py:188} INFO - [2024-04-09T16:51:34.120+0000] {dag.py:3047} INFO - Sync 3 DAGs
[2024-04-09T16:51:34.135+0000] {logging_mixin.py:188} INFO - [2024-04-09T16:51:34.135+0000] {dag.py:3834} INFO - Setting next_dagrun for example_subdag_operator to 2022-01-01 00:00:00+00:00, run_after=2022-01-01 00:00:00+00:00
[2024-04-09T16:51:34.137+0000] {logging_mixin.py:188} INFO - [2024-04-09T16:51:34.136+0000] {dag.py:3834} INFO - Setting next_dagrun for example_subdag_operator.section-1 to None, run_after=None
[2024-04-09T16:51:34.137+0000] {logging_mixin.py:188} INFO - [2024-04-09T16:51:34.137+0000] {dag.py:3834} INFO - Setting next_dagrun for example_subdag_operator.section-2 to None, run_after=None
[2024-04-09T16:51:34.140+0000] {logging_mixin.py:188} INFO - [2024-04-09T16:51:34.140+0000] {dag.py:3047} INFO - Sync 2 DAGs
[2024-04-09T16:51:34.143+0000] {logging_mixin.py:188} INFO - [2024-04-09T16:51:34.143+0000] {dag.py:3834} INFO - Setting next_dagrun for example_subdag_operator.section-1 to None, run_after=None
[2024-04-09T16:51:34.144+0000] {logging_mixin.py:188} INFO - [2024-04-09T16:51:34.144+0000] {dag.py:3834} INFO - Setting next_dagrun for example_subdag_operator.section-2 to None, run_after=None
[2024-04-09T16:51:34.147+0000] {processor.py:183} INFO - Processing /home/airflow/.local/lib/python3.8/site-packages/airflow/example_dags/example_subdag_operator.py took 0.089 seconds
[2024-04-09T16:52:04.909+0000] {processor.py:161} INFO - Started process (PID=1996) to work on /home/airflow/.local/lib/python3.8/site-packages/airflow/example_dags/example_subdag_operator.py
[2024-04-09T16:52:04.911+0000] {processor.py:830} INFO - Processing file /home/airflow/.local/lib/python3.8/site-packages/airflow/example_dags/example_subdag_operator.py for tasks to queue
[2024-04-09T16:52:04.917+0000] {logging_mixin.py:188} INFO - [2024-04-09T16:52:04.916+0000] {dagbag.py:540} INFO - Filling up the DagBag from /home/airflow/.local/lib/python3.8/site-packages/airflow/example_dags/example_subdag_operator.py
[2024-04-09T16:52:04.967+0000] {processor.py:840} INFO - DAG(s) 'example_subdag_operator.section-1', 'example_subdag_operator.section-2', 'example_subdag_operator' retrieved from /home/airflow/.local/lib/python3.8/site-packages/airflow/example_dags/example_subdag_operator.py
[2024-04-09T16:52:04.975+0000] {logging_mixin.py:188} INFO - [2024-04-09T16:52:04.975+0000] {dag.py:3047} INFO - Sync 3 DAGs
[2024-04-09T16:52:04.989+0000] {logging_mixin.py:188} INFO - [2024-04-09T16:52:04.989+0000] {dag.py:3834} INFO - Setting next_dagrun for example_subdag_operator to 2022-01-01 00:00:00+00:00, run_after=2022-01-01 00:00:00+00:00
[2024-04-09T16:52:04.991+0000] {logging_mixin.py:188} INFO - [2024-04-09T16:52:04.991+0000] {dag.py:3834} INFO - Setting next_dagrun for example_subdag_operator.section-1 to None, run_after=None
[2024-04-09T16:52:04.992+0000] {logging_mixin.py:188} INFO - [2024-04-09T16:52:04.991+0000] {dag.py:3834} INFO - Setting next_dagrun for example_subdag_operator.section-2 to None, run_after=None
[2024-04-09T16:52:04.995+0000] {logging_mixin.py:188} INFO - [2024-04-09T16:52:04.995+0000] {dag.py:3047} INFO - Sync 2 DAGs
[2024-04-09T16:52:04.998+0000] {logging_mixin.py:188} INFO - [2024-04-09T16:52:04.997+0000] {dag.py:3834} INFO - Setting next_dagrun for example_subdag_operator.section-1 to None, run_after=None
[2024-04-09T16:52:04.998+0000] {logging_mixin.py:188} INFO - [2024-04-09T16:52:04.998+0000] {dag.py:3834} INFO - Setting next_dagrun for example_subdag_operator.section-2 to None, run_after=None
[2024-04-09T16:52:05.002+0000] {processor.py:183} INFO - Processing /home/airflow/.local/lib/python3.8/site-packages/airflow/example_dags/example_subdag_operator.py took 0.103 seconds
[2024-04-09T16:52:35.330+0000] {processor.py:161} INFO - Started process (PID=2076) to work on /home/airflow/.local/lib/python3.8/site-packages/airflow/example_dags/example_subdag_operator.py
[2024-04-09T16:52:35.332+0000] {processor.py:830} INFO - Processing file /home/airflow/.local/lib/python3.8/site-packages/airflow/example_dags/example_subdag_operator.py for tasks to queue
[2024-04-09T16:52:35.335+0000] {logging_mixin.py:188} INFO - [2024-04-09T16:52:35.334+0000] {dagbag.py:540} INFO - Filling up the DagBag from /home/airflow/.local/lib/python3.8/site-packages/airflow/example_dags/example_subdag_operator.py
[2024-04-09T16:52:35.354+0000] {processor.py:840} INFO - DAG(s) 'example_subdag_operator.section-1', 'example_subdag_operator.section-2', 'example_subdag_operator' retrieved from /home/airflow/.local/lib/python3.8/site-packages/airflow/example_dags/example_subdag_operator.py
[2024-04-09T16:52:35.362+0000] {logging_mixin.py:188} INFO - [2024-04-09T16:52:35.362+0000] {dag.py:3047} INFO - Sync 3 DAGs
[2024-04-09T16:52:35.388+0000] {logging_mixin.py:188} INFO - [2024-04-09T16:52:35.388+0000] {dag.py:3834} INFO - Setting next_dagrun for example_subdag_operator to 2022-01-01 00:00:00+00:00, run_after=2022-01-01 00:00:00+00:00
[2024-04-09T16:52:35.390+0000] {logging_mixin.py:188} INFO - [2024-04-09T16:52:35.389+0000] {dag.py:3834} INFO - Setting next_dagrun for example_subdag_operator.section-1 to None, run_after=None
[2024-04-09T16:52:35.390+0000] {logging_mixin.py:188} INFO - [2024-04-09T16:52:35.390+0000] {dag.py:3834} INFO - Setting next_dagrun for example_subdag_operator.section-2 to None, run_after=None
[2024-04-09T16:52:35.394+0000] {logging_mixin.py:188} INFO - [2024-04-09T16:52:35.394+0000] {dag.py:3047} INFO - Sync 2 DAGs
[2024-04-09T16:52:35.397+0000] {logging_mixin.py:188} INFO - [2024-04-09T16:52:35.397+0000] {dag.py:3834} INFO - Setting next_dagrun for example_subdag_operator.section-1 to None, run_after=None
[2024-04-09T16:52:35.397+0000] {logging_mixin.py:188} INFO - [2024-04-09T16:52:35.397+0000] {dag.py:3834} INFO - Setting next_dagrun for example_subdag_operator.section-2 to None, run_after=None
[2024-04-09T16:52:35.401+0000] {processor.py:183} INFO - Processing /home/airflow/.local/lib/python3.8/site-packages/airflow/example_dags/example_subdag_operator.py took 0.075 seconds
[2024-04-09T16:53:05.580+0000] {processor.py:161} INFO - Started process (PID=2143) to work on /home/airflow/.local/lib/python3.8/site-packages/airflow/example_dags/example_subdag_operator.py
[2024-04-09T16:53:05.583+0000] {processor.py:830} INFO - Processing file /home/airflow/.local/lib/python3.8/site-packages/airflow/example_dags/example_subdag_operator.py for tasks to queue
[2024-04-09T16:53:05.585+0000] {logging_mixin.py:188} INFO - [2024-04-09T16:53:05.585+0000] {dagbag.py:540} INFO - Filling up the DagBag from /home/airflow/.local/lib/python3.8/site-packages/airflow/example_dags/example_subdag_operator.py
[2024-04-09T16:53:05.619+0000] {processor.py:840} INFO - DAG(s) 'example_subdag_operator.section-1', 'example_subdag_operator.section-2', 'example_subdag_operator' retrieved from /home/airflow/.local/lib/python3.8/site-packages/airflow/example_dags/example_subdag_operator.py
[2024-04-09T16:53:05.630+0000] {logging_mixin.py:188} INFO - [2024-04-09T16:53:05.630+0000] {dag.py:3047} INFO - Sync 3 DAGs
[2024-04-09T16:53:05.655+0000] {logging_mixin.py:188} INFO - [2024-04-09T16:53:05.654+0000] {dag.py:3834} INFO - Setting next_dagrun for example_subdag_operator to 2022-01-01 00:00:00+00:00, run_after=2022-01-01 00:00:00+00:00
[2024-04-09T16:53:05.659+0000] {logging_mixin.py:188} INFO - [2024-04-09T16:53:05.659+0000] {dag.py:3834} INFO - Setting next_dagrun for example_subdag_operator.section-1 to None, run_after=None
[2024-04-09T16:53:05.660+0000] {logging_mixin.py:188} INFO - [2024-04-09T16:53:05.660+0000] {dag.py:3834} INFO - Setting next_dagrun for example_subdag_operator.section-2 to None, run_after=None
[2024-04-09T16:53:05.665+0000] {logging_mixin.py:188} INFO - [2024-04-09T16:53:05.664+0000] {dag.py:3047} INFO - Sync 2 DAGs
[2024-04-09T16:53:05.668+0000] {logging_mixin.py:188} INFO - [2024-04-09T16:53:05.667+0000] {dag.py:3834} INFO - Setting next_dagrun for example_subdag_operator.section-1 to None, run_after=None
[2024-04-09T16:53:05.668+0000] {logging_mixin.py:188} INFO - [2024-04-09T16:53:05.668+0000] {dag.py:3834} INFO - Setting next_dagrun for example_subdag_operator.section-2 to None, run_after=None
[2024-04-09T16:53:05.676+0000] {processor.py:183} INFO - Processing /home/airflow/.local/lib/python3.8/site-packages/airflow/example_dags/example_subdag_operator.py took 0.100 seconds
[2024-04-09T16:53:36.028+0000] {processor.py:161} INFO - Started process (PID=2222) to work on /home/airflow/.local/lib/python3.8/site-packages/airflow/example_dags/example_subdag_operator.py
[2024-04-09T16:53:36.031+0000] {processor.py:830} INFO - Processing file /home/airflow/.local/lib/python3.8/site-packages/airflow/example_dags/example_subdag_operator.py for tasks to queue
[2024-04-09T16:53:36.035+0000] {logging_mixin.py:188} INFO - [2024-04-09T16:53:36.035+0000] {dagbag.py:540} INFO - Filling up the DagBag from /home/airflow/.local/lib/python3.8/site-packages/airflow/example_dags/example_subdag_operator.py
[2024-04-09T16:53:36.146+0000] {processor.py:840} INFO - DAG(s) 'example_subdag_operator.section-1', 'example_subdag_operator.section-2', 'example_subdag_operator' retrieved from /home/airflow/.local/lib/python3.8/site-packages/airflow/example_dags/example_subdag_operator.py
[2024-04-09T16:53:36.176+0000] {logging_mixin.py:188} INFO - [2024-04-09T16:53:36.176+0000] {dag.py:3047} INFO - Sync 3 DAGs
[2024-04-09T16:53:36.224+0000] {logging_mixin.py:188} INFO - [2024-04-09T16:53:36.224+0000] {dag.py:3834} INFO - Setting next_dagrun for example_subdag_operator to 2022-01-01 00:00:00+00:00, run_after=2022-01-01 00:00:00+00:00
[2024-04-09T16:53:36.228+0000] {logging_mixin.py:188} INFO - [2024-04-09T16:53:36.228+0000] {dag.py:3834} INFO - Setting next_dagrun for example_subdag_operator.section-1 to None, run_after=None
[2024-04-09T16:53:36.231+0000] {logging_mixin.py:188} INFO - [2024-04-09T16:53:36.231+0000] {dag.py:3834} INFO - Setting next_dagrun for example_subdag_operator.section-2 to None, run_after=None
[2024-04-09T16:53:36.237+0000] {logging_mixin.py:188} INFO - [2024-04-09T16:53:36.237+0000] {dag.py:3047} INFO - Sync 2 DAGs
[2024-04-09T16:53:36.241+0000] {logging_mixin.py:188} INFO - [2024-04-09T16:53:36.241+0000] {dag.py:3834} INFO - Setting next_dagrun for example_subdag_operator.section-1 to None, run_after=None
[2024-04-09T16:53:36.243+0000] {logging_mixin.py:188} INFO - [2024-04-09T16:53:36.243+0000] {dag.py:3834} INFO - Setting next_dagrun for example_subdag_operator.section-2 to None, run_after=None
[2024-04-09T16:53:36.268+0000] {processor.py:183} INFO - Processing /home/airflow/.local/lib/python3.8/site-packages/airflow/example_dags/example_subdag_operator.py took 0.258 seconds
[2024-04-09T16:54:06.616+0000] {processor.py:161} INFO - Started process (PID=2301) to work on /home/airflow/.local/lib/python3.8/site-packages/airflow/example_dags/example_subdag_operator.py
[2024-04-09T16:54:06.631+0000] {processor.py:830} INFO - Processing file /home/airflow/.local/lib/python3.8/site-packages/airflow/example_dags/example_subdag_operator.py for tasks to queue
[2024-04-09T16:54:06.655+0000] {logging_mixin.py:188} INFO - [2024-04-09T16:54:06.653+0000] {dagbag.py:540} INFO - Filling up the DagBag from /home/airflow/.local/lib/python3.8/site-packages/airflow/example_dags/example_subdag_operator.py
[2024-04-09T16:54:06.928+0000] {processor.py:840} INFO - DAG(s) 'example_subdag_operator.section-1', 'example_subdag_operator.section-2', 'example_subdag_operator' retrieved from /home/airflow/.local/lib/python3.8/site-packages/airflow/example_dags/example_subdag_operator.py
[2024-04-09T16:54:07.051+0000] {logging_mixin.py:188} INFO - [2024-04-09T16:54:07.049+0000] {dag.py:3047} INFO - Sync 3 DAGs
[2024-04-09T16:54:07.151+0000] {logging_mixin.py:188} INFO - [2024-04-09T16:54:07.150+0000] {dag.py:3834} INFO - Setting next_dagrun for example_subdag_operator to 2022-01-01 00:00:00+00:00, run_after=2022-01-01 00:00:00+00:00
[2024-04-09T16:54:07.158+0000] {logging_mixin.py:188} INFO - [2024-04-09T16:54:07.157+0000] {dag.py:3834} INFO - Setting next_dagrun for example_subdag_operator.section-1 to None, run_after=None
[2024-04-09T16:54:07.162+0000] {logging_mixin.py:188} INFO - [2024-04-09T16:54:07.160+0000] {dag.py:3834} INFO - Setting next_dagrun for example_subdag_operator.section-2 to None, run_after=None
[2024-04-09T16:54:07.178+0000] {logging_mixin.py:188} INFO - [2024-04-09T16:54:07.177+0000] {dag.py:3047} INFO - Sync 2 DAGs
[2024-04-09T16:54:07.190+0000] {logging_mixin.py:188} INFO - [2024-04-09T16:54:07.189+0000] {dag.py:3834} INFO - Setting next_dagrun for example_subdag_operator.section-1 to None, run_after=None
[2024-04-09T16:54:07.192+0000] {logging_mixin.py:188} INFO - [2024-04-09T16:54:07.191+0000] {dag.py:3834} INFO - Setting next_dagrun for example_subdag_operator.section-2 to None, run_after=None
[2024-04-09T16:54:07.259+0000] {processor.py:183} INFO - Processing /home/airflow/.local/lib/python3.8/site-packages/airflow/example_dags/example_subdag_operator.py took 0.694 seconds
[2024-04-09T16:54:37.665+0000] {processor.py:161} INFO - Started process (PID=2362) to work on /home/airflow/.local/lib/python3.8/site-packages/airflow/example_dags/example_subdag_operator.py
[2024-04-09T16:54:37.667+0000] {processor.py:830} INFO - Processing file /home/airflow/.local/lib/python3.8/site-packages/airflow/example_dags/example_subdag_operator.py for tasks to queue
[2024-04-09T16:54:37.668+0000] {logging_mixin.py:188} INFO - [2024-04-09T16:54:37.668+0000] {dagbag.py:540} INFO - Filling up the DagBag from /home/airflow/.local/lib/python3.8/site-packages/airflow/example_dags/example_subdag_operator.py
[2024-04-09T16:54:37.687+0000] {processor.py:840} INFO - DAG(s) 'example_subdag_operator.section-1', 'example_subdag_operator.section-2', 'example_subdag_operator' retrieved from /home/airflow/.local/lib/python3.8/site-packages/airflow/example_dags/example_subdag_operator.py
[2024-04-09T16:54:37.696+0000] {logging_mixin.py:188} INFO - [2024-04-09T16:54:37.696+0000] {dag.py:3047} INFO - Sync 3 DAGs
[2024-04-09T16:54:37.707+0000] {logging_mixin.py:188} INFO - [2024-04-09T16:54:37.707+0000] {dag.py:3834} INFO - Setting next_dagrun for example_subdag_operator to 2022-01-01 00:00:00+00:00, run_after=2022-01-01 00:00:00+00:00
[2024-04-09T16:54:37.709+0000] {logging_mixin.py:188} INFO - [2024-04-09T16:54:37.709+0000] {dag.py:3834} INFO - Setting next_dagrun for example_subdag_operator.section-1 to None, run_after=None
[2024-04-09T16:54:37.710+0000] {logging_mixin.py:188} INFO - [2024-04-09T16:54:37.710+0000] {dag.py:3834} INFO - Setting next_dagrun for example_subdag_operator.section-2 to None, run_after=None
[2024-04-09T16:54:37.713+0000] {logging_mixin.py:188} INFO - [2024-04-09T16:54:37.713+0000] {dag.py:3047} INFO - Sync 2 DAGs
[2024-04-09T16:54:37.716+0000] {logging_mixin.py:188} INFO - [2024-04-09T16:54:37.716+0000] {dag.py:3834} INFO - Setting next_dagrun for example_subdag_operator.section-1 to None, run_after=None
[2024-04-09T16:54:37.716+0000] {logging_mixin.py:188} INFO - [2024-04-09T16:54:37.716+0000] {dag.py:3834} INFO - Setting next_dagrun for example_subdag_operator.section-2 to None, run_after=None
[2024-04-09T16:54:37.720+0000] {processor.py:183} INFO - Processing /home/airflow/.local/lib/python3.8/site-packages/airflow/example_dags/example_subdag_operator.py took 0.059 seconds
