[2024-04-09T16:35:20.608+0000] {processor.py:161} INFO - Started process (PID=88) to work on /home/airflow/.local/lib/python3.8/site-packages/airflow/example_dags/example_branch_python_dop_operator_3.py
[2024-04-09T16:35:20.609+0000] {processor.py:830} INFO - Processing file /home/airflow/.local/lib/python3.8/site-packages/airflow/example_dags/example_branch_python_dop_operator_3.py for tasks to queue
[2024-04-09T16:35:20.610+0000] {logging_mixin.py:188} INFO - [2024-04-09T16:35:20.610+0000] {dagbag.py:540} INFO - Filling up the DagBag from /home/airflow/.local/lib/python3.8/site-packages/airflow/example_dags/example_branch_python_dop_operator_3.py
[2024-04-09T16:35:20.619+0000] {processor.py:840} INFO - DAG(s) 'example_branch_dop_operator_v3' retrieved from /home/airflow/.local/lib/python3.8/site-packages/airflow/example_dags/example_branch_python_dop_operator_3.py
[2024-04-09T16:35:20.639+0000] {logging_mixin.py:188} INFO - [2024-04-09T16:35:20.638+0000] {dag.py:3047} INFO - Sync 1 DAGs
[2024-04-09T16:35:20.665+0000] {logging_mixin.py:188} INFO - [2024-04-09T16:35:20.665+0000] {dag.py:3834} INFO - Setting next_dagrun for example_branch_dop_operator_v3 to 2024-04-09 16:34:00+00:00, run_after=2024-04-09 16:35:00+00:00
[2024-04-09T16:35:20.709+0000] {processor.py:183} INFO - Processing /home/airflow/.local/lib/python3.8/site-packages/airflow/example_dags/example_branch_python_dop_operator_3.py took 0.104 seconds
[2024-04-09T16:35:50.889+0000] {processor.py:161} INFO - Started process (PID=145) to work on /home/airflow/.local/lib/python3.8/site-packages/airflow/example_dags/example_branch_python_dop_operator_3.py
[2024-04-09T16:35:50.890+0000] {processor.py:830} INFO - Processing file /home/airflow/.local/lib/python3.8/site-packages/airflow/example_dags/example_branch_python_dop_operator_3.py for tasks to queue
[2024-04-09T16:35:50.891+0000] {logging_mixin.py:188} INFO - [2024-04-09T16:35:50.891+0000] {dagbag.py:540} INFO - Filling up the DagBag from /home/airflow/.local/lib/python3.8/site-packages/airflow/example_dags/example_branch_python_dop_operator_3.py
[2024-04-09T16:35:50.897+0000] {processor.py:840} INFO - DAG(s) 'example_branch_dop_operator_v3' retrieved from /home/airflow/.local/lib/python3.8/site-packages/airflow/example_dags/example_branch_python_dop_operator_3.py
[2024-04-09T16:35:50.941+0000] {logging_mixin.py:188} INFO - [2024-04-09T16:35:50.941+0000] {dag.py:3047} INFO - Sync 1 DAGs
[2024-04-09T16:35:50.952+0000] {logging_mixin.py:188} INFO - [2024-04-09T16:35:50.952+0000] {dag.py:3834} INFO - Setting next_dagrun for example_branch_dop_operator_v3 to 2024-04-09 16:34:00+00:00, run_after=2024-04-09 16:35:00+00:00
[2024-04-09T16:35:50.961+0000] {processor.py:183} INFO - Processing /home/airflow/.local/lib/python3.8/site-packages/airflow/example_dags/example_branch_python_dop_operator_3.py took 0.074 seconds
[2024-04-09T16:36:21.851+0000] {processor.py:161} INFO - Started process (PID=202) to work on /home/airflow/.local/lib/python3.8/site-packages/airflow/example_dags/example_branch_python_dop_operator_3.py
[2024-04-09T16:36:21.851+0000] {processor.py:830} INFO - Processing file /home/airflow/.local/lib/python3.8/site-packages/airflow/example_dags/example_branch_python_dop_operator_3.py for tasks to queue
[2024-04-09T16:36:21.852+0000] {logging_mixin.py:188} INFO - [2024-04-09T16:36:21.852+0000] {dagbag.py:540} INFO - Filling up the DagBag from /home/airflow/.local/lib/python3.8/site-packages/airflow/example_dags/example_branch_python_dop_operator_3.py
[2024-04-09T16:36:21.856+0000] {processor.py:840} INFO - DAG(s) 'example_branch_dop_operator_v3' retrieved from /home/airflow/.local/lib/python3.8/site-packages/airflow/example_dags/example_branch_python_dop_operator_3.py
[2024-04-09T16:36:21.865+0000] {logging_mixin.py:188} INFO - [2024-04-09T16:36:21.865+0000] {dag.py:3047} INFO - Sync 1 DAGs
[2024-04-09T16:36:21.876+0000] {logging_mixin.py:188} INFO - [2024-04-09T16:36:21.876+0000] {dag.py:3834} INFO - Setting next_dagrun for example_branch_dop_operator_v3 to 2024-04-09 16:35:00+00:00, run_after=2024-04-09 16:36:00+00:00
[2024-04-09T16:36:21.885+0000] {processor.py:183} INFO - Processing /home/airflow/.local/lib/python3.8/site-packages/airflow/example_dags/example_branch_python_dop_operator_3.py took 0.035 seconds
[2024-04-09T16:36:52.797+0000] {processor.py:161} INFO - Started process (PID=259) to work on /home/airflow/.local/lib/python3.8/site-packages/airflow/example_dags/example_branch_python_dop_operator_3.py
[2024-04-09T16:36:52.798+0000] {processor.py:830} INFO - Processing file /home/airflow/.local/lib/python3.8/site-packages/airflow/example_dags/example_branch_python_dop_operator_3.py for tasks to queue
[2024-04-09T16:36:52.799+0000] {logging_mixin.py:188} INFO - [2024-04-09T16:36:52.799+0000] {dagbag.py:540} INFO - Filling up the DagBag from /home/airflow/.local/lib/python3.8/site-packages/airflow/example_dags/example_branch_python_dop_operator_3.py
[2024-04-09T16:36:52.804+0000] {processor.py:840} INFO - DAG(s) 'example_branch_dop_operator_v3' retrieved from /home/airflow/.local/lib/python3.8/site-packages/airflow/example_dags/example_branch_python_dop_operator_3.py
[2024-04-09T16:36:52.814+0000] {logging_mixin.py:188} INFO - [2024-04-09T16:36:52.814+0000] {dag.py:3047} INFO - Sync 1 DAGs
[2024-04-09T16:36:52.825+0000] {logging_mixin.py:188} INFO - [2024-04-09T16:36:52.825+0000] {dag.py:3834} INFO - Setting next_dagrun for example_branch_dop_operator_v3 to 2024-04-09 16:35:00+00:00, run_after=2024-04-09 16:36:00+00:00
[2024-04-09T16:36:52.832+0000] {processor.py:183} INFO - Processing /home/airflow/.local/lib/python3.8/site-packages/airflow/example_dags/example_branch_python_dop_operator_3.py took 0.037 seconds
[2024-04-09T16:37:23.639+0000] {processor.py:161} INFO - Started process (PID=316) to work on /home/airflow/.local/lib/python3.8/site-packages/airflow/example_dags/example_branch_python_dop_operator_3.py
[2024-04-09T16:37:23.639+0000] {processor.py:830} INFO - Processing file /home/airflow/.local/lib/python3.8/site-packages/airflow/example_dags/example_branch_python_dop_operator_3.py for tasks to queue
[2024-04-09T16:37:23.640+0000] {logging_mixin.py:188} INFO - [2024-04-09T16:37:23.640+0000] {dagbag.py:540} INFO - Filling up the DagBag from /home/airflow/.local/lib/python3.8/site-packages/airflow/example_dags/example_branch_python_dop_operator_3.py
[2024-04-09T16:37:23.645+0000] {processor.py:840} INFO - DAG(s) 'example_branch_dop_operator_v3' retrieved from /home/airflow/.local/lib/python3.8/site-packages/airflow/example_dags/example_branch_python_dop_operator_3.py
[2024-04-09T16:37:23.655+0000] {logging_mixin.py:188} INFO - [2024-04-09T16:37:23.655+0000] {dag.py:3047} INFO - Sync 1 DAGs
[2024-04-09T16:37:23.666+0000] {logging_mixin.py:188} INFO - [2024-04-09T16:37:23.666+0000] {dag.py:3834} INFO - Setting next_dagrun for example_branch_dop_operator_v3 to 2024-04-09 16:36:00+00:00, run_after=2024-04-09 16:37:00+00:00
[2024-04-09T16:37:23.676+0000] {processor.py:183} INFO - Processing /home/airflow/.local/lib/python3.8/site-packages/airflow/example_dags/example_branch_python_dop_operator_3.py took 0.039 seconds
[2024-04-09T16:37:54.537+0000] {processor.py:161} INFO - Started process (PID=373) to work on /home/airflow/.local/lib/python3.8/site-packages/airflow/example_dags/example_branch_python_dop_operator_3.py
[2024-04-09T16:37:54.538+0000] {processor.py:830} INFO - Processing file /home/airflow/.local/lib/python3.8/site-packages/airflow/example_dags/example_branch_python_dop_operator_3.py for tasks to queue
[2024-04-09T16:37:54.539+0000] {logging_mixin.py:188} INFO - [2024-04-09T16:37:54.539+0000] {dagbag.py:540} INFO - Filling up the DagBag from /home/airflow/.local/lib/python3.8/site-packages/airflow/example_dags/example_branch_python_dop_operator_3.py
[2024-04-09T16:37:54.544+0000] {processor.py:840} INFO - DAG(s) 'example_branch_dop_operator_v3' retrieved from /home/airflow/.local/lib/python3.8/site-packages/airflow/example_dags/example_branch_python_dop_operator_3.py
[2024-04-09T16:37:54.553+0000] {logging_mixin.py:188} INFO - [2024-04-09T16:37:54.552+0000] {dag.py:3047} INFO - Sync 1 DAGs
[2024-04-09T16:37:54.564+0000] {logging_mixin.py:188} INFO - [2024-04-09T16:37:54.563+0000] {dag.py:3834} INFO - Setting next_dagrun for example_branch_dop_operator_v3 to 2024-04-09 16:36:00+00:00, run_after=2024-04-09 16:37:00+00:00
[2024-04-09T16:37:54.571+0000] {processor.py:183} INFO - Processing /home/airflow/.local/lib/python3.8/site-packages/airflow/example_dags/example_branch_python_dop_operator_3.py took 0.035 seconds
[2024-04-09T16:38:25.267+0000] {processor.py:161} INFO - Started process (PID=430) to work on /home/airflow/.local/lib/python3.8/site-packages/airflow/example_dags/example_branch_python_dop_operator_3.py
[2024-04-09T16:38:25.267+0000] {processor.py:830} INFO - Processing file /home/airflow/.local/lib/python3.8/site-packages/airflow/example_dags/example_branch_python_dop_operator_3.py for tasks to queue
[2024-04-09T16:38:25.268+0000] {logging_mixin.py:188} INFO - [2024-04-09T16:38:25.268+0000] {dagbag.py:540} INFO - Filling up the DagBag from /home/airflow/.local/lib/python3.8/site-packages/airflow/example_dags/example_branch_python_dop_operator_3.py
[2024-04-09T16:38:25.272+0000] {processor.py:840} INFO - DAG(s) 'example_branch_dop_operator_v3' retrieved from /home/airflow/.local/lib/python3.8/site-packages/airflow/example_dags/example_branch_python_dop_operator_3.py
[2024-04-09T16:38:25.281+0000] {logging_mixin.py:188} INFO - [2024-04-09T16:38:25.281+0000] {dag.py:3047} INFO - Sync 1 DAGs
[2024-04-09T16:38:25.292+0000] {logging_mixin.py:188} INFO - [2024-04-09T16:38:25.292+0000] {dag.py:3834} INFO - Setting next_dagrun for example_branch_dop_operator_v3 to 2024-04-09 16:37:00+00:00, run_after=2024-04-09 16:38:00+00:00
[2024-04-09T16:38:25.300+0000] {processor.py:183} INFO - Processing /home/airflow/.local/lib/python3.8/site-packages/airflow/example_dags/example_branch_python_dop_operator_3.py took 0.034 seconds
[2024-04-09T16:38:56.032+0000] {processor.py:161} INFO - Started process (PID=487) to work on /home/airflow/.local/lib/python3.8/site-packages/airflow/example_dags/example_branch_python_dop_operator_3.py
[2024-04-09T16:38:56.033+0000] {processor.py:830} INFO - Processing file /home/airflow/.local/lib/python3.8/site-packages/airflow/example_dags/example_branch_python_dop_operator_3.py for tasks to queue
[2024-04-09T16:38:56.033+0000] {logging_mixin.py:188} INFO - [2024-04-09T16:38:56.033+0000] {dagbag.py:540} INFO - Filling up the DagBag from /home/airflow/.local/lib/python3.8/site-packages/airflow/example_dags/example_branch_python_dop_operator_3.py
[2024-04-09T16:38:56.038+0000] {processor.py:840} INFO - DAG(s) 'example_branch_dop_operator_v3' retrieved from /home/airflow/.local/lib/python3.8/site-packages/airflow/example_dags/example_branch_python_dop_operator_3.py
[2024-04-09T16:38:56.047+0000] {logging_mixin.py:188} INFO - [2024-04-09T16:38:56.047+0000] {dag.py:3047} INFO - Sync 1 DAGs
[2024-04-09T16:38:56.058+0000] {logging_mixin.py:188} INFO - [2024-04-09T16:38:56.057+0000] {dag.py:3834} INFO - Setting next_dagrun for example_branch_dop_operator_v3 to 2024-04-09 16:37:00+00:00, run_after=2024-04-09 16:38:00+00:00
[2024-04-09T16:38:56.065+0000] {processor.py:183} INFO - Processing /home/airflow/.local/lib/python3.8/site-packages/airflow/example_dags/example_branch_python_dop_operator_3.py took 0.034 seconds
[2024-04-09T16:39:26.913+0000] {processor.py:161} INFO - Started process (PID=544) to work on /home/airflow/.local/lib/python3.8/site-packages/airflow/example_dags/example_branch_python_dop_operator_3.py
[2024-04-09T16:39:26.914+0000] {processor.py:830} INFO - Processing file /home/airflow/.local/lib/python3.8/site-packages/airflow/example_dags/example_branch_python_dop_operator_3.py for tasks to queue
[2024-04-09T16:39:26.915+0000] {logging_mixin.py:188} INFO - [2024-04-09T16:39:26.915+0000] {dagbag.py:540} INFO - Filling up the DagBag from /home/airflow/.local/lib/python3.8/site-packages/airflow/example_dags/example_branch_python_dop_operator_3.py
[2024-04-09T16:39:26.920+0000] {processor.py:840} INFO - DAG(s) 'example_branch_dop_operator_v3' retrieved from /home/airflow/.local/lib/python3.8/site-packages/airflow/example_dags/example_branch_python_dop_operator_3.py
[2024-04-09T16:39:26.929+0000] {logging_mixin.py:188} INFO - [2024-04-09T16:39:26.928+0000] {dag.py:3047} INFO - Sync 1 DAGs
[2024-04-09T16:39:26.940+0000] {logging_mixin.py:188} INFO - [2024-04-09T16:39:26.940+0000] {dag.py:3834} INFO - Setting next_dagrun for example_branch_dop_operator_v3 to 2024-04-09 16:38:00+00:00, run_after=2024-04-09 16:39:00+00:00
[2024-04-09T16:39:26.951+0000] {processor.py:183} INFO - Processing /home/airflow/.local/lib/python3.8/site-packages/airflow/example_dags/example_branch_python_dop_operator_3.py took 0.040 seconds
[2024-04-09T16:39:57.274+0000] {processor.py:161} INFO - Started process (PID=601) to work on /home/airflow/.local/lib/python3.8/site-packages/airflow/example_dags/example_branch_python_dop_operator_3.py
[2024-04-09T16:39:57.274+0000] {processor.py:830} INFO - Processing file /home/airflow/.local/lib/python3.8/site-packages/airflow/example_dags/example_branch_python_dop_operator_3.py for tasks to queue
[2024-04-09T16:39:57.275+0000] {logging_mixin.py:188} INFO - [2024-04-09T16:39:57.275+0000] {dagbag.py:540} INFO - Filling up the DagBag from /home/airflow/.local/lib/python3.8/site-packages/airflow/example_dags/example_branch_python_dop_operator_3.py
[2024-04-09T16:39:57.279+0000] {processor.py:840} INFO - DAG(s) 'example_branch_dop_operator_v3' retrieved from /home/airflow/.local/lib/python3.8/site-packages/airflow/example_dags/example_branch_python_dop_operator_3.py
[2024-04-09T16:39:57.289+0000] {logging_mixin.py:188} INFO - [2024-04-09T16:39:57.289+0000] {dag.py:3047} INFO - Sync 1 DAGs
[2024-04-09T16:39:57.299+0000] {logging_mixin.py:188} INFO - [2024-04-09T16:39:57.299+0000] {dag.py:3834} INFO - Setting next_dagrun for example_branch_dop_operator_v3 to 2024-04-09 16:38:00+00:00, run_after=2024-04-09 16:39:00+00:00
[2024-04-09T16:39:57.307+0000] {processor.py:183} INFO - Processing /home/airflow/.local/lib/python3.8/site-packages/airflow/example_dags/example_branch_python_dop_operator_3.py took 0.035 seconds
[2024-04-09T16:40:27.403+0000] {processor.py:161} INFO - Started process (PID=658) to work on /home/airflow/.local/lib/python3.8/site-packages/airflow/example_dags/example_branch_python_dop_operator_3.py
[2024-04-09T16:40:27.403+0000] {processor.py:830} INFO - Processing file /home/airflow/.local/lib/python3.8/site-packages/airflow/example_dags/example_branch_python_dop_operator_3.py for tasks to queue
[2024-04-09T16:40:27.404+0000] {logging_mixin.py:188} INFO - [2024-04-09T16:40:27.404+0000] {dagbag.py:540} INFO - Filling up the DagBag from /home/airflow/.local/lib/python3.8/site-packages/airflow/example_dags/example_branch_python_dop_operator_3.py
[2024-04-09T16:40:27.410+0000] {processor.py:840} INFO - DAG(s) 'example_branch_dop_operator_v3' retrieved from /home/airflow/.local/lib/python3.8/site-packages/airflow/example_dags/example_branch_python_dop_operator_3.py
[2024-04-09T16:40:27.427+0000] {logging_mixin.py:188} INFO - [2024-04-09T16:40:27.427+0000] {dag.py:3047} INFO - Sync 1 DAGs
[2024-04-09T16:40:27.442+0000] {logging_mixin.py:188} INFO - [2024-04-09T16:40:27.441+0000] {dag.py:3834} INFO - Setting next_dagrun for example_branch_dop_operator_v3 to 2024-04-09 16:39:00+00:00, run_after=2024-04-09 16:40:00+00:00
[2024-04-09T16:40:27.450+0000] {processor.py:183} INFO - Processing /home/airflow/.local/lib/python3.8/site-packages/airflow/example_dags/example_branch_python_dop_operator_3.py took 0.049 seconds
[2024-04-09T16:40:57.581+0000] {processor.py:161} INFO - Started process (PID=721) to work on /home/airflow/.local/lib/python3.8/site-packages/airflow/example_dags/example_branch_python_dop_operator_3.py
[2024-04-09T16:40:57.582+0000] {processor.py:830} INFO - Processing file /home/airflow/.local/lib/python3.8/site-packages/airflow/example_dags/example_branch_python_dop_operator_3.py for tasks to queue
[2024-04-09T16:40:57.583+0000] {logging_mixin.py:188} INFO - [2024-04-09T16:40:57.583+0000] {dagbag.py:540} INFO - Filling up the DagBag from /home/airflow/.local/lib/python3.8/site-packages/airflow/example_dags/example_branch_python_dop_operator_3.py
[2024-04-09T16:40:57.589+0000] {processor.py:840} INFO - DAG(s) 'example_branch_dop_operator_v3' retrieved from /home/airflow/.local/lib/python3.8/site-packages/airflow/example_dags/example_branch_python_dop_operator_3.py
[2024-04-09T16:40:57.599+0000] {logging_mixin.py:188} INFO - [2024-04-09T16:40:57.599+0000] {dag.py:3047} INFO - Sync 1 DAGs
[2024-04-09T16:40:57.610+0000] {logging_mixin.py:188} INFO - [2024-04-09T16:40:57.610+0000] {dag.py:3834} INFO - Setting next_dagrun for example_branch_dop_operator_v3 to 2024-04-09 16:39:00+00:00, run_after=2024-04-09 16:40:00+00:00
[2024-04-09T16:40:57.617+0000] {processor.py:183} INFO - Processing /home/airflow/.local/lib/python3.8/site-packages/airflow/example_dags/example_branch_python_dop_operator_3.py took 0.038 seconds
[2024-04-09T16:41:27.817+0000] {processor.py:161} INFO - Started process (PID=779) to work on /home/airflow/.local/lib/python3.8/site-packages/airflow/example_dags/example_branch_python_dop_operator_3.py
[2024-04-09T16:41:27.818+0000] {processor.py:830} INFO - Processing file /home/airflow/.local/lib/python3.8/site-packages/airflow/example_dags/example_branch_python_dop_operator_3.py for tasks to queue
[2024-04-09T16:41:27.819+0000] {logging_mixin.py:188} INFO - [2024-04-09T16:41:27.819+0000] {dagbag.py:540} INFO - Filling up the DagBag from /home/airflow/.local/lib/python3.8/site-packages/airflow/example_dags/example_branch_python_dop_operator_3.py
[2024-04-09T16:41:27.824+0000] {processor.py:840} INFO - DAG(s) 'example_branch_dop_operator_v3' retrieved from /home/airflow/.local/lib/python3.8/site-packages/airflow/example_dags/example_branch_python_dop_operator_3.py
[2024-04-09T16:41:27.836+0000] {logging_mixin.py:188} INFO - [2024-04-09T16:41:27.836+0000] {dag.py:3047} INFO - Sync 1 DAGs
[2024-04-09T16:41:27.866+0000] {logging_mixin.py:188} INFO - [2024-04-09T16:41:27.865+0000] {dag.py:3834} INFO - Setting next_dagrun for example_branch_dop_operator_v3 to 2024-04-09 16:40:00+00:00, run_after=2024-04-09 16:41:00+00:00
[2024-04-09T16:41:27.874+0000] {processor.py:183} INFO - Processing /home/airflow/.local/lib/python3.8/site-packages/airflow/example_dags/example_branch_python_dop_operator_3.py took 0.058 seconds
[2024-04-09T16:41:58.018+0000] {processor.py:161} INFO - Started process (PID=837) to work on /home/airflow/.local/lib/python3.8/site-packages/airflow/example_dags/example_branch_python_dop_operator_3.py
[2024-04-09T16:41:58.019+0000] {processor.py:830} INFO - Processing file /home/airflow/.local/lib/python3.8/site-packages/airflow/example_dags/example_branch_python_dop_operator_3.py for tasks to queue
[2024-04-09T16:41:58.019+0000] {logging_mixin.py:188} INFO - [2024-04-09T16:41:58.019+0000] {dagbag.py:540} INFO - Filling up the DagBag from /home/airflow/.local/lib/python3.8/site-packages/airflow/example_dags/example_branch_python_dop_operator_3.py
[2024-04-09T16:41:58.024+0000] {processor.py:840} INFO - DAG(s) 'example_branch_dop_operator_v3' retrieved from /home/airflow/.local/lib/python3.8/site-packages/airflow/example_dags/example_branch_python_dop_operator_3.py
[2024-04-09T16:41:58.033+0000] {logging_mixin.py:188} INFO - [2024-04-09T16:41:58.033+0000] {dag.py:3047} INFO - Sync 1 DAGs
[2024-04-09T16:41:58.043+0000] {logging_mixin.py:188} INFO - [2024-04-09T16:41:58.043+0000] {dag.py:3834} INFO - Setting next_dagrun for example_branch_dop_operator_v3 to 2024-04-09 16:40:00+00:00, run_after=2024-04-09 16:41:00+00:00
[2024-04-09T16:41:58.049+0000] {processor.py:183} INFO - Processing /home/airflow/.local/lib/python3.8/site-packages/airflow/example_dags/example_branch_python_dop_operator_3.py took 0.033 seconds
[2024-04-09T16:42:28.860+0000] {processor.py:161} INFO - Started process (PID=895) to work on /home/airflow/.local/lib/python3.8/site-packages/airflow/example_dags/example_branch_python_dop_operator_3.py
[2024-04-09T16:42:28.862+0000] {processor.py:830} INFO - Processing file /home/airflow/.local/lib/python3.8/site-packages/airflow/example_dags/example_branch_python_dop_operator_3.py for tasks to queue
[2024-04-09T16:42:28.864+0000] {logging_mixin.py:188} INFO - [2024-04-09T16:42:28.863+0000] {dagbag.py:540} INFO - Filling up the DagBag from /home/airflow/.local/lib/python3.8/site-packages/airflow/example_dags/example_branch_python_dop_operator_3.py
[2024-04-09T16:42:28.870+0000] {processor.py:840} INFO - DAG(s) 'example_branch_dop_operator_v3' retrieved from /home/airflow/.local/lib/python3.8/site-packages/airflow/example_dags/example_branch_python_dop_operator_3.py
[2024-04-09T16:42:28.878+0000] {logging_mixin.py:188} INFO - [2024-04-09T16:42:28.878+0000] {dag.py:3047} INFO - Sync 1 DAGs
[2024-04-09T16:42:28.890+0000] {logging_mixin.py:188} INFO - [2024-04-09T16:42:28.889+0000] {dag.py:3834} INFO - Setting next_dagrun for example_branch_dop_operator_v3 to 2024-04-09 16:41:00+00:00, run_after=2024-04-09 16:42:00+00:00
[2024-04-09T16:42:28.901+0000] {processor.py:183} INFO - Processing /home/airflow/.local/lib/python3.8/site-packages/airflow/example_dags/example_branch_python_dop_operator_3.py took 0.043 seconds
[2024-04-09T16:42:59.679+0000] {processor.py:161} INFO - Started process (PID=953) to work on /home/airflow/.local/lib/python3.8/site-packages/airflow/example_dags/example_branch_python_dop_operator_3.py
[2024-04-09T16:42:59.679+0000] {processor.py:830} INFO - Processing file /home/airflow/.local/lib/python3.8/site-packages/airflow/example_dags/example_branch_python_dop_operator_3.py for tasks to queue
[2024-04-09T16:42:59.680+0000] {logging_mixin.py:188} INFO - [2024-04-09T16:42:59.680+0000] {dagbag.py:540} INFO - Filling up the DagBag from /home/airflow/.local/lib/python3.8/site-packages/airflow/example_dags/example_branch_python_dop_operator_3.py
[2024-04-09T16:42:59.686+0000] {processor.py:840} INFO - DAG(s) 'example_branch_dop_operator_v3' retrieved from /home/airflow/.local/lib/python3.8/site-packages/airflow/example_dags/example_branch_python_dop_operator_3.py
[2024-04-09T16:42:59.696+0000] {logging_mixin.py:188} INFO - [2024-04-09T16:42:59.696+0000] {dag.py:3047} INFO - Sync 1 DAGs
[2024-04-09T16:42:59.708+0000] {logging_mixin.py:188} INFO - [2024-04-09T16:42:59.708+0000] {dag.py:3834} INFO - Setting next_dagrun for example_branch_dop_operator_v3 to 2024-04-09 16:41:00+00:00, run_after=2024-04-09 16:42:00+00:00
[2024-04-09T16:42:59.721+0000] {processor.py:183} INFO - Processing /home/airflow/.local/lib/python3.8/site-packages/airflow/example_dags/example_branch_python_dop_operator_3.py took 0.044 seconds
[2024-04-09T16:43:29.747+0000] {processor.py:161} INFO - Started process (PID=1011) to work on /home/airflow/.local/lib/python3.8/site-packages/airflow/example_dags/example_branch_python_dop_operator_3.py
[2024-04-09T16:43:29.748+0000] {processor.py:830} INFO - Processing file /home/airflow/.local/lib/python3.8/site-packages/airflow/example_dags/example_branch_python_dop_operator_3.py for tasks to queue
[2024-04-09T16:43:29.749+0000] {logging_mixin.py:188} INFO - [2024-04-09T16:43:29.749+0000] {dagbag.py:540} INFO - Filling up the DagBag from /home/airflow/.local/lib/python3.8/site-packages/airflow/example_dags/example_branch_python_dop_operator_3.py
[2024-04-09T16:43:29.753+0000] {processor.py:840} INFO - DAG(s) 'example_branch_dop_operator_v3' retrieved from /home/airflow/.local/lib/python3.8/site-packages/airflow/example_dags/example_branch_python_dop_operator_3.py
[2024-04-09T16:43:29.765+0000] {logging_mixin.py:188} INFO - [2024-04-09T16:43:29.765+0000] {dag.py:3047} INFO - Sync 1 DAGs
[2024-04-09T16:43:29.776+0000] {logging_mixin.py:188} INFO - [2024-04-09T16:43:29.776+0000] {dag.py:3834} INFO - Setting next_dagrun for example_branch_dop_operator_v3 to 2024-04-09 16:42:00+00:00, run_after=2024-04-09 16:43:00+00:00
[2024-04-09T16:43:29.784+0000] {processor.py:183} INFO - Processing /home/airflow/.local/lib/python3.8/site-packages/airflow/example_dags/example_branch_python_dop_operator_3.py took 0.039 seconds
[2024-04-09T16:44:00.690+0000] {processor.py:161} INFO - Started process (PID=1069) to work on /home/airflow/.local/lib/python3.8/site-packages/airflow/example_dags/example_branch_python_dop_operator_3.py
[2024-04-09T16:44:00.690+0000] {processor.py:830} INFO - Processing file /home/airflow/.local/lib/python3.8/site-packages/airflow/example_dags/example_branch_python_dop_operator_3.py for tasks to queue
[2024-04-09T16:44:00.691+0000] {logging_mixin.py:188} INFO - [2024-04-09T16:44:00.691+0000] {dagbag.py:540} INFO - Filling up the DagBag from /home/airflow/.local/lib/python3.8/site-packages/airflow/example_dags/example_branch_python_dop_operator_3.py
[2024-04-09T16:44:00.696+0000] {processor.py:840} INFO - DAG(s) 'example_branch_dop_operator_v3' retrieved from /home/airflow/.local/lib/python3.8/site-packages/airflow/example_dags/example_branch_python_dop_operator_3.py
[2024-04-09T16:44:00.705+0000] {logging_mixin.py:188} INFO - [2024-04-09T16:44:00.705+0000] {dag.py:3047} INFO - Sync 1 DAGs
[2024-04-09T16:44:00.716+0000] {logging_mixin.py:188} INFO - [2024-04-09T16:44:00.716+0000] {dag.py:3834} INFO - Setting next_dagrun for example_branch_dop_operator_v3 to 2024-04-09 16:43:00+00:00, run_after=2024-04-09 16:44:00+00:00
[2024-04-09T16:44:00.724+0000] {processor.py:183} INFO - Processing /home/airflow/.local/lib/python3.8/site-packages/airflow/example_dags/example_branch_python_dop_operator_3.py took 0.036 seconds
[2024-04-09T16:44:30.920+0000] {processor.py:161} INFO - Started process (PID=1127) to work on /home/airflow/.local/lib/python3.8/site-packages/airflow/example_dags/example_branch_python_dop_operator_3.py
[2024-04-09T16:44:30.921+0000] {processor.py:830} INFO - Processing file /home/airflow/.local/lib/python3.8/site-packages/airflow/example_dags/example_branch_python_dop_operator_3.py for tasks to queue
[2024-04-09T16:44:30.922+0000] {logging_mixin.py:188} INFO - [2024-04-09T16:44:30.922+0000] {dagbag.py:540} INFO - Filling up the DagBag from /home/airflow/.local/lib/python3.8/site-packages/airflow/example_dags/example_branch_python_dop_operator_3.py
[2024-04-09T16:44:30.927+0000] {processor.py:840} INFO - DAG(s) 'example_branch_dop_operator_v3' retrieved from /home/airflow/.local/lib/python3.8/site-packages/airflow/example_dags/example_branch_python_dop_operator_3.py
[2024-04-09T16:44:30.936+0000] {logging_mixin.py:188} INFO - [2024-04-09T16:44:30.936+0000] {dag.py:3047} INFO - Sync 1 DAGs
[2024-04-09T16:44:30.946+0000] {logging_mixin.py:188} INFO - [2024-04-09T16:44:30.946+0000] {dag.py:3834} INFO - Setting next_dagrun for example_branch_dop_operator_v3 to 2024-04-09 16:43:00+00:00, run_after=2024-04-09 16:44:00+00:00
[2024-04-09T16:44:30.953+0000] {processor.py:183} INFO - Processing /home/airflow/.local/lib/python3.8/site-packages/airflow/example_dags/example_branch_python_dop_operator_3.py took 0.035 seconds
[2024-04-09T16:45:01.185+0000] {processor.py:161} INFO - Started process (PID=1185) to work on /home/airflow/.local/lib/python3.8/site-packages/airflow/example_dags/example_branch_python_dop_operator_3.py
[2024-04-09T16:45:01.186+0000] {processor.py:830} INFO - Processing file /home/airflow/.local/lib/python3.8/site-packages/airflow/example_dags/example_branch_python_dop_operator_3.py for tasks to queue
[2024-04-09T16:45:01.187+0000] {logging_mixin.py:188} INFO - [2024-04-09T16:45:01.187+0000] {dagbag.py:540} INFO - Filling up the DagBag from /home/airflow/.local/lib/python3.8/site-packages/airflow/example_dags/example_branch_python_dop_operator_3.py
[2024-04-09T16:45:01.192+0000] {processor.py:840} INFO - DAG(s) 'example_branch_dop_operator_v3' retrieved from /home/airflow/.local/lib/python3.8/site-packages/airflow/example_dags/example_branch_python_dop_operator_3.py
[2024-04-09T16:45:01.201+0000] {logging_mixin.py:188} INFO - [2024-04-09T16:45:01.201+0000] {dag.py:3047} INFO - Sync 1 DAGs
[2024-04-09T16:45:01.212+0000] {logging_mixin.py:188} INFO - [2024-04-09T16:45:01.212+0000] {dag.py:3834} INFO - Setting next_dagrun for example_branch_dop_operator_v3 to 2024-04-09 16:44:00+00:00, run_after=2024-04-09 16:45:00+00:00
[2024-04-09T16:45:01.220+0000] {processor.py:183} INFO - Processing /home/airflow/.local/lib/python3.8/site-packages/airflow/example_dags/example_branch_python_dop_operator_3.py took 0.036 seconds
[2024-04-09T16:45:31.767+0000] {processor.py:161} INFO - Started process (PID=1243) to work on /home/airflow/.local/lib/python3.8/site-packages/airflow/example_dags/example_branch_python_dop_operator_3.py
[2024-04-09T16:45:31.769+0000] {processor.py:830} INFO - Processing file /home/airflow/.local/lib/python3.8/site-packages/airflow/example_dags/example_branch_python_dop_operator_3.py for tasks to queue
[2024-04-09T16:45:31.770+0000] {logging_mixin.py:188} INFO - [2024-04-09T16:45:31.770+0000] {dagbag.py:540} INFO - Filling up the DagBag from /home/airflow/.local/lib/python3.8/site-packages/airflow/example_dags/example_branch_python_dop_operator_3.py
[2024-04-09T16:45:31.775+0000] {processor.py:840} INFO - DAG(s) 'example_branch_dop_operator_v3' retrieved from /home/airflow/.local/lib/python3.8/site-packages/airflow/example_dags/example_branch_python_dop_operator_3.py
[2024-04-09T16:45:31.786+0000] {logging_mixin.py:188} INFO - [2024-04-09T16:45:31.786+0000] {dag.py:3047} INFO - Sync 1 DAGs
[2024-04-09T16:45:31.797+0000] {logging_mixin.py:188} INFO - [2024-04-09T16:45:31.797+0000] {dag.py:3834} INFO - Setting next_dagrun for example_branch_dop_operator_v3 to 2024-04-09 16:44:00+00:00, run_after=2024-04-09 16:45:00+00:00
[2024-04-09T16:45:31.806+0000] {processor.py:183} INFO - Processing /home/airflow/.local/lib/python3.8/site-packages/airflow/example_dags/example_branch_python_dop_operator_3.py took 0.040 seconds
[2024-04-09T16:46:03.161+0000] {processor.py:161} INFO - Started process (PID=1306) to work on /home/airflow/.local/lib/python3.8/site-packages/airflow/example_dags/example_branch_python_dop_operator_3.py
[2024-04-09T16:46:03.161+0000] {processor.py:830} INFO - Processing file /home/airflow/.local/lib/python3.8/site-packages/airflow/example_dags/example_branch_python_dop_operator_3.py for tasks to queue
[2024-04-09T16:46:03.162+0000] {logging_mixin.py:188} INFO - [2024-04-09T16:46:03.162+0000] {dagbag.py:540} INFO - Filling up the DagBag from /home/airflow/.local/lib/python3.8/site-packages/airflow/example_dags/example_branch_python_dop_operator_3.py
[2024-04-09T16:46:03.166+0000] {processor.py:840} INFO - DAG(s) 'example_branch_dop_operator_v3' retrieved from /home/airflow/.local/lib/python3.8/site-packages/airflow/example_dags/example_branch_python_dop_operator_3.py
[2024-04-09T16:46:03.175+0000] {logging_mixin.py:188} INFO - [2024-04-09T16:46:03.175+0000] {dag.py:3047} INFO - Sync 1 DAGs
[2024-04-09T16:46:03.185+0000] {logging_mixin.py:188} INFO - [2024-04-09T16:46:03.185+0000] {dag.py:3834} INFO - Setting next_dagrun for example_branch_dop_operator_v3 to 2024-04-09 16:45:00+00:00, run_after=2024-04-09 16:46:00+00:00
[2024-04-09T16:46:03.192+0000] {processor.py:183} INFO - Processing /home/airflow/.local/lib/python3.8/site-packages/airflow/example_dags/example_branch_python_dop_operator_3.py took 0.033 seconds
[2024-04-09T16:46:34.929+0000] {processor.py:161} INFO - Started process (PID=1368) to work on /home/airflow/.local/lib/python3.8/site-packages/airflow/example_dags/example_branch_python_dop_operator_3.py
[2024-04-09T16:46:34.934+0000] {processor.py:830} INFO - Processing file /home/airflow/.local/lib/python3.8/site-packages/airflow/example_dags/example_branch_python_dop_operator_3.py for tasks to queue
[2024-04-09T16:46:34.936+0000] {logging_mixin.py:188} INFO - [2024-04-09T16:46:34.936+0000] {dagbag.py:540} INFO - Filling up the DagBag from /home/airflow/.local/lib/python3.8/site-packages/airflow/example_dags/example_branch_python_dop_operator_3.py
[2024-04-09T16:46:34.954+0000] {processor.py:840} INFO - DAG(s) 'example_branch_dop_operator_v3' retrieved from /home/airflow/.local/lib/python3.8/site-packages/airflow/example_dags/example_branch_python_dop_operator_3.py
[2024-04-09T16:46:35.106+0000] {logging_mixin.py:188} INFO - [2024-04-09T16:46:35.106+0000] {dag.py:3047} INFO - Sync 1 DAGs
[2024-04-09T16:46:35.197+0000] {logging_mixin.py:188} INFO - [2024-04-09T16:46:35.196+0000] {dag.py:3834} INFO - Setting next_dagrun for example_branch_dop_operator_v3 to 2024-04-09 16:45:00+00:00, run_after=2024-04-09 16:46:00+00:00
[2024-04-09T16:46:35.228+0000] {processor.py:183} INFO - Processing /home/airflow/.local/lib/python3.8/site-packages/airflow/example_dags/example_branch_python_dop_operator_3.py took 0.311 seconds
[2024-04-09T16:47:08.114+0000] {processor.py:161} INFO - Started process (PID=1449) to work on /home/airflow/.local/lib/python3.8/site-packages/airflow/example_dags/example_branch_python_dop_operator_3.py
[2024-04-09T16:47:08.119+0000] {processor.py:830} INFO - Processing file /home/airflow/.local/lib/python3.8/site-packages/airflow/example_dags/example_branch_python_dop_operator_3.py for tasks to queue
[2024-04-09T16:47:08.138+0000] {logging_mixin.py:188} INFO - [2024-04-09T16:47:08.132+0000] {dagbag.py:540} INFO - Filling up the DagBag from /home/airflow/.local/lib/python3.8/site-packages/airflow/example_dags/example_branch_python_dop_operator_3.py
[2024-04-09T16:47:08.204+0000] {processor.py:840} INFO - DAG(s) 'example_branch_dop_operator_v3' retrieved from /home/airflow/.local/lib/python3.8/site-packages/airflow/example_dags/example_branch_python_dop_operator_3.py
[2024-04-09T16:47:08.278+0000] {logging_mixin.py:188} INFO - [2024-04-09T16:47:08.277+0000] {dag.py:3047} INFO - Sync 1 DAGs
[2024-04-09T16:47:08.323+0000] {logging_mixin.py:188} INFO - [2024-04-09T16:47:08.323+0000] {dag.py:3834} INFO - Setting next_dagrun for example_branch_dop_operator_v3 to 2024-04-09 16:46:00+00:00, run_after=2024-04-09 16:47:00+00:00
[2024-04-09T16:47:08.343+0000] {processor.py:183} INFO - Processing /home/airflow/.local/lib/python3.8/site-packages/airflow/example_dags/example_branch_python_dop_operator_3.py took 0.235 seconds
[2024-04-09T16:47:44.347+0000] {processor.py:161} INFO - Started process (PID=1518) to work on /home/airflow/.local/lib/python3.8/site-packages/airflow/example_dags/example_branch_python_dop_operator_3.py
[2024-04-09T16:47:44.359+0000] {processor.py:830} INFO - Processing file /home/airflow/.local/lib/python3.8/site-packages/airflow/example_dags/example_branch_python_dop_operator_3.py for tasks to queue
[2024-04-09T16:47:44.373+0000] {logging_mixin.py:188} INFO - [2024-04-09T16:47:44.372+0000] {dagbag.py:540} INFO - Filling up the DagBag from /home/airflow/.local/lib/python3.8/site-packages/airflow/example_dags/example_branch_python_dop_operator_3.py
[2024-04-09T16:47:44.476+0000] {processor.py:840} INFO - DAG(s) 'example_branch_dop_operator_v3' retrieved from /home/airflow/.local/lib/python3.8/site-packages/airflow/example_dags/example_branch_python_dop_operator_3.py
[2024-04-09T16:47:44.580+0000] {logging_mixin.py:188} INFO - [2024-04-09T16:47:44.579+0000] {dag.py:3047} INFO - Sync 1 DAGs
[2024-04-09T16:47:44.629+0000] {logging_mixin.py:188} INFO - [2024-04-09T16:47:44.629+0000] {dag.py:3834} INFO - Setting next_dagrun for example_branch_dop_operator_v3 to 2024-04-09 16:46:00+00:00, run_after=2024-04-09 16:47:00+00:00
[2024-04-09T16:47:44.652+0000] {processor.py:183} INFO - Processing /home/airflow/.local/lib/python3.8/site-packages/airflow/example_dags/example_branch_python_dop_operator_3.py took 0.323 seconds
[2024-04-09T16:48:15.062+0000] {processor.py:161} INFO - Started process (PID=1575) to work on /home/airflow/.local/lib/python3.8/site-packages/airflow/example_dags/example_branch_python_dop_operator_3.py
[2024-04-09T16:48:15.063+0000] {processor.py:830} INFO - Processing file /home/airflow/.local/lib/python3.8/site-packages/airflow/example_dags/example_branch_python_dop_operator_3.py for tasks to queue
[2024-04-09T16:48:15.065+0000] {logging_mixin.py:188} INFO - [2024-04-09T16:48:15.065+0000] {dagbag.py:540} INFO - Filling up the DagBag from /home/airflow/.local/lib/python3.8/site-packages/airflow/example_dags/example_branch_python_dop_operator_3.py
[2024-04-09T16:48:15.073+0000] {processor.py:840} INFO - DAG(s) 'example_branch_dop_operator_v3' retrieved from /home/airflow/.local/lib/python3.8/site-packages/airflow/example_dags/example_branch_python_dop_operator_3.py
[2024-04-09T16:48:15.092+0000] {logging_mixin.py:188} INFO - [2024-04-09T16:48:15.092+0000] {dag.py:3047} INFO - Sync 1 DAGs
[2024-04-09T16:48:15.105+0000] {logging_mixin.py:188} INFO - [2024-04-09T16:48:15.105+0000] {dag.py:3834} INFO - Setting next_dagrun for example_branch_dop_operator_v3 to 2024-04-09 16:47:00+00:00, run_after=2024-04-09 16:48:00+00:00
[2024-04-09T16:48:15.113+0000] {processor.py:183} INFO - Processing /home/airflow/.local/lib/python3.8/site-packages/airflow/example_dags/example_branch_python_dop_operator_3.py took 0.053 seconds
[2024-04-09T16:48:45.300+0000] {processor.py:161} INFO - Started process (PID=1632) to work on /home/airflow/.local/lib/python3.8/site-packages/airflow/example_dags/example_branch_python_dop_operator_3.py
[2024-04-09T16:48:45.300+0000] {processor.py:830} INFO - Processing file /home/airflow/.local/lib/python3.8/site-packages/airflow/example_dags/example_branch_python_dop_operator_3.py for tasks to queue
[2024-04-09T16:48:45.301+0000] {logging_mixin.py:188} INFO - [2024-04-09T16:48:45.301+0000] {dagbag.py:540} INFO - Filling up the DagBag from /home/airflow/.local/lib/python3.8/site-packages/airflow/example_dags/example_branch_python_dop_operator_3.py
[2024-04-09T16:48:45.306+0000] {processor.py:840} INFO - DAG(s) 'example_branch_dop_operator_v3' retrieved from /home/airflow/.local/lib/python3.8/site-packages/airflow/example_dags/example_branch_python_dop_operator_3.py
[2024-04-09T16:48:45.315+0000] {logging_mixin.py:188} INFO - [2024-04-09T16:48:45.315+0000] {dag.py:3047} INFO - Sync 1 DAGs
[2024-04-09T16:48:45.326+0000] {logging_mixin.py:188} INFO - [2024-04-09T16:48:45.326+0000] {dag.py:3834} INFO - Setting next_dagrun for example_branch_dop_operator_v3 to 2024-04-09 16:47:00+00:00, run_after=2024-04-09 16:48:00+00:00
[2024-04-09T16:48:45.333+0000] {processor.py:183} INFO - Processing /home/airflow/.local/lib/python3.8/site-packages/airflow/example_dags/example_branch_python_dop_operator_3.py took 0.034 seconds
[2024-04-09T16:49:15.627+0000] {processor.py:161} INFO - Started process (PID=1689) to work on /home/airflow/.local/lib/python3.8/site-packages/airflow/example_dags/example_branch_python_dop_operator_3.py
[2024-04-09T16:49:15.628+0000] {processor.py:830} INFO - Processing file /home/airflow/.local/lib/python3.8/site-packages/airflow/example_dags/example_branch_python_dop_operator_3.py for tasks to queue
[2024-04-09T16:49:15.629+0000] {logging_mixin.py:188} INFO - [2024-04-09T16:49:15.629+0000] {dagbag.py:540} INFO - Filling up the DagBag from /home/airflow/.local/lib/python3.8/site-packages/airflow/example_dags/example_branch_python_dop_operator_3.py
[2024-04-09T16:49:15.636+0000] {processor.py:840} INFO - DAG(s) 'example_branch_dop_operator_v3' retrieved from /home/airflow/.local/lib/python3.8/site-packages/airflow/example_dags/example_branch_python_dop_operator_3.py
[2024-04-09T16:49:15.651+0000] {logging_mixin.py:188} INFO - [2024-04-09T16:49:15.651+0000] {dag.py:3047} INFO - Sync 1 DAGs
[2024-04-09T16:49:15.662+0000] {logging_mixin.py:188} INFO - [2024-04-09T16:49:15.662+0000] {dag.py:3834} INFO - Setting next_dagrun for example_branch_dop_operator_v3 to 2024-04-09 16:48:00+00:00, run_after=2024-04-09 16:49:00+00:00
[2024-04-09T16:49:15.675+0000] {processor.py:183} INFO - Processing /home/airflow/.local/lib/python3.8/site-packages/airflow/example_dags/example_branch_python_dop_operator_3.py took 0.049 seconds
[2024-04-09T16:49:46.514+0000] {processor.py:161} INFO - Started process (PID=1746) to work on /home/airflow/.local/lib/python3.8/site-packages/airflow/example_dags/example_branch_python_dop_operator_3.py
[2024-04-09T16:49:46.515+0000] {processor.py:830} INFO - Processing file /home/airflow/.local/lib/python3.8/site-packages/airflow/example_dags/example_branch_python_dop_operator_3.py for tasks to queue
[2024-04-09T16:49:46.516+0000] {logging_mixin.py:188} INFO - [2024-04-09T16:49:46.516+0000] {dagbag.py:540} INFO - Filling up the DagBag from /home/airflow/.local/lib/python3.8/site-packages/airflow/example_dags/example_branch_python_dop_operator_3.py
[2024-04-09T16:49:46.520+0000] {processor.py:840} INFO - DAG(s) 'example_branch_dop_operator_v3' retrieved from /home/airflow/.local/lib/python3.8/site-packages/airflow/example_dags/example_branch_python_dop_operator_3.py
[2024-04-09T16:49:46.532+0000] {logging_mixin.py:188} INFO - [2024-04-09T16:49:46.532+0000] {dag.py:3047} INFO - Sync 1 DAGs
[2024-04-09T16:49:46.544+0000] {logging_mixin.py:188} INFO - [2024-04-09T16:49:46.544+0000] {dag.py:3834} INFO - Setting next_dagrun for example_branch_dop_operator_v3 to 2024-04-09 16:48:00+00:00, run_after=2024-04-09 16:49:00+00:00
[2024-04-09T16:49:46.552+0000] {processor.py:183} INFO - Processing /home/airflow/.local/lib/python3.8/site-packages/airflow/example_dags/example_branch_python_dop_operator_3.py took 0.039 seconds
[2024-04-09T16:50:16.631+0000] {processor.py:161} INFO - Started process (PID=1803) to work on /home/airflow/.local/lib/python3.8/site-packages/airflow/example_dags/example_branch_python_dop_operator_3.py
[2024-04-09T16:50:16.632+0000] {processor.py:830} INFO - Processing file /home/airflow/.local/lib/python3.8/site-packages/airflow/example_dags/example_branch_python_dop_operator_3.py for tasks to queue
[2024-04-09T16:50:16.632+0000] {logging_mixin.py:188} INFO - [2024-04-09T16:50:16.632+0000] {dagbag.py:540} INFO - Filling up the DagBag from /home/airflow/.local/lib/python3.8/site-packages/airflow/example_dags/example_branch_python_dop_operator_3.py
[2024-04-09T16:50:16.637+0000] {processor.py:840} INFO - DAG(s) 'example_branch_dop_operator_v3' retrieved from /home/airflow/.local/lib/python3.8/site-packages/airflow/example_dags/example_branch_python_dop_operator_3.py
[2024-04-09T16:50:16.647+0000] {logging_mixin.py:188} INFO - [2024-04-09T16:50:16.646+0000] {dag.py:3047} INFO - Sync 1 DAGs
[2024-04-09T16:50:16.658+0000] {logging_mixin.py:188} INFO - [2024-04-09T16:50:16.658+0000] {dag.py:3834} INFO - Setting next_dagrun for example_branch_dop_operator_v3 to 2024-04-09 16:49:00+00:00, run_after=2024-04-09 16:50:00+00:00
[2024-04-09T16:50:16.668+0000] {processor.py:183} INFO - Processing /home/airflow/.local/lib/python3.8/site-packages/airflow/example_dags/example_branch_python_dop_operator_3.py took 0.039 seconds
[2024-04-09T16:50:46.706+0000] {processor.py:161} INFO - Started process (PID=1860) to work on /home/airflow/.local/lib/python3.8/site-packages/airflow/example_dags/example_branch_python_dop_operator_3.py
[2024-04-09T16:50:46.706+0000] {processor.py:830} INFO - Processing file /home/airflow/.local/lib/python3.8/site-packages/airflow/example_dags/example_branch_python_dop_operator_3.py for tasks to queue
[2024-04-09T16:50:46.707+0000] {logging_mixin.py:188} INFO - [2024-04-09T16:50:46.707+0000] {dagbag.py:540} INFO - Filling up the DagBag from /home/airflow/.local/lib/python3.8/site-packages/airflow/example_dags/example_branch_python_dop_operator_3.py
[2024-04-09T16:50:46.711+0000] {processor.py:840} INFO - DAG(s) 'example_branch_dop_operator_v3' retrieved from /home/airflow/.local/lib/python3.8/site-packages/airflow/example_dags/example_branch_python_dop_operator_3.py
[2024-04-09T16:50:46.720+0000] {logging_mixin.py:188} INFO - [2024-04-09T16:50:46.720+0000] {dag.py:3047} INFO - Sync 1 DAGs
[2024-04-09T16:50:46.732+0000] {logging_mixin.py:188} INFO - [2024-04-09T16:50:46.732+0000] {dag.py:3834} INFO - Setting next_dagrun for example_branch_dop_operator_v3 to 2024-04-09 16:49:00+00:00, run_after=2024-04-09 16:50:00+00:00
[2024-04-09T16:50:46.739+0000] {processor.py:183} INFO - Processing /home/airflow/.local/lib/python3.8/site-packages/airflow/example_dags/example_branch_python_dop_operator_3.py took 0.034 seconds
[2024-04-09T16:51:17.241+0000] {processor.py:161} INFO - Started process (PID=1918) to work on /home/airflow/.local/lib/python3.8/site-packages/airflow/example_dags/example_branch_python_dop_operator_3.py
[2024-04-09T16:51:17.242+0000] {processor.py:830} INFO - Processing file /home/airflow/.local/lib/python3.8/site-packages/airflow/example_dags/example_branch_python_dop_operator_3.py for tasks to queue
[2024-04-09T16:51:17.243+0000] {logging_mixin.py:188} INFO - [2024-04-09T16:51:17.243+0000] {dagbag.py:540} INFO - Filling up the DagBag from /home/airflow/.local/lib/python3.8/site-packages/airflow/example_dags/example_branch_python_dop_operator_3.py
[2024-04-09T16:51:17.247+0000] {processor.py:840} INFO - DAG(s) 'example_branch_dop_operator_v3' retrieved from /home/airflow/.local/lib/python3.8/site-packages/airflow/example_dags/example_branch_python_dop_operator_3.py
[2024-04-09T16:51:17.259+0000] {logging_mixin.py:188} INFO - [2024-04-09T16:51:17.259+0000] {dag.py:3047} INFO - Sync 1 DAGs
[2024-04-09T16:51:17.278+0000] {logging_mixin.py:188} INFO - [2024-04-09T16:51:17.278+0000] {dag.py:3834} INFO - Setting next_dagrun for example_branch_dop_operator_v3 to 2024-04-09 16:50:00+00:00, run_after=2024-04-09 16:51:00+00:00
[2024-04-09T16:51:17.288+0000] {processor.py:183} INFO - Processing /home/airflow/.local/lib/python3.8/site-packages/airflow/example_dags/example_branch_python_dop_operator_3.py took 0.049 seconds
[2024-04-09T16:51:47.362+0000] {processor.py:161} INFO - Started process (PID=1976) to work on /home/airflow/.local/lib/python3.8/site-packages/airflow/example_dags/example_branch_python_dop_operator_3.py
[2024-04-09T16:51:47.362+0000] {processor.py:830} INFO - Processing file /home/airflow/.local/lib/python3.8/site-packages/airflow/example_dags/example_branch_python_dop_operator_3.py for tasks to queue
[2024-04-09T16:51:47.363+0000] {logging_mixin.py:188} INFO - [2024-04-09T16:51:47.363+0000] {dagbag.py:540} INFO - Filling up the DagBag from /home/airflow/.local/lib/python3.8/site-packages/airflow/example_dags/example_branch_python_dop_operator_3.py
[2024-04-09T16:51:47.368+0000] {processor.py:840} INFO - DAG(s) 'example_branch_dop_operator_v3' retrieved from /home/airflow/.local/lib/python3.8/site-packages/airflow/example_dags/example_branch_python_dop_operator_3.py
[2024-04-09T16:51:47.378+0000] {logging_mixin.py:188} INFO - [2024-04-09T16:51:47.378+0000] {dag.py:3047} INFO - Sync 1 DAGs
[2024-04-09T16:51:47.401+0000] {logging_mixin.py:188} INFO - [2024-04-09T16:51:47.401+0000] {dag.py:3834} INFO - Setting next_dagrun for example_branch_dop_operator_v3 to 2024-04-09 16:50:00+00:00, run_after=2024-04-09 16:51:00+00:00
[2024-04-09T16:51:47.411+0000] {processor.py:183} INFO - Processing /home/airflow/.local/lib/python3.8/site-packages/airflow/example_dags/example_branch_python_dop_operator_3.py took 0.051 seconds
[2024-04-09T16:52:18.355+0000] {processor.py:161} INFO - Started process (PID=2034) to work on /home/airflow/.local/lib/python3.8/site-packages/airflow/example_dags/example_branch_python_dop_operator_3.py
[2024-04-09T16:52:18.355+0000] {processor.py:830} INFO - Processing file /home/airflow/.local/lib/python3.8/site-packages/airflow/example_dags/example_branch_python_dop_operator_3.py for tasks to queue
[2024-04-09T16:52:18.356+0000] {logging_mixin.py:188} INFO - [2024-04-09T16:52:18.356+0000] {dagbag.py:540} INFO - Filling up the DagBag from /home/airflow/.local/lib/python3.8/site-packages/airflow/example_dags/example_branch_python_dop_operator_3.py
[2024-04-09T16:52:18.362+0000] {processor.py:840} INFO - DAG(s) 'example_branch_dop_operator_v3' retrieved from /home/airflow/.local/lib/python3.8/site-packages/airflow/example_dags/example_branch_python_dop_operator_3.py
[2024-04-09T16:52:18.372+0000] {logging_mixin.py:188} INFO - [2024-04-09T16:52:18.372+0000] {dag.py:3047} INFO - Sync 1 DAGs
[2024-04-09T16:52:18.383+0000] {logging_mixin.py:188} INFO - [2024-04-09T16:52:18.383+0000] {dag.py:3834} INFO - Setting next_dagrun for example_branch_dop_operator_v3 to 2024-04-09 16:51:00+00:00, run_after=2024-04-09 16:52:00+00:00
[2024-04-09T16:52:18.390+0000] {processor.py:183} INFO - Processing /home/airflow/.local/lib/python3.8/site-packages/airflow/example_dags/example_branch_python_dop_operator_3.py took 0.037 seconds
[2024-04-09T16:52:48.695+0000] {processor.py:161} INFO - Started process (PID=2114) to work on /home/airflow/.local/lib/python3.8/site-packages/airflow/example_dags/example_branch_python_dop_operator_3.py
[2024-04-09T16:52:48.696+0000] {processor.py:830} INFO - Processing file /home/airflow/.local/lib/python3.8/site-packages/airflow/example_dags/example_branch_python_dop_operator_3.py for tasks to queue
[2024-04-09T16:52:48.697+0000] {logging_mixin.py:188} INFO - [2024-04-09T16:52:48.697+0000] {dagbag.py:540} INFO - Filling up the DagBag from /home/airflow/.local/lib/python3.8/site-packages/airflow/example_dags/example_branch_python_dop_operator_3.py
[2024-04-09T16:52:48.702+0000] {processor.py:840} INFO - DAG(s) 'example_branch_dop_operator_v3' retrieved from /home/airflow/.local/lib/python3.8/site-packages/airflow/example_dags/example_branch_python_dop_operator_3.py
[2024-04-09T16:52:48.713+0000] {logging_mixin.py:188} INFO - [2024-04-09T16:52:48.712+0000] {dag.py:3047} INFO - Sync 1 DAGs
[2024-04-09T16:52:48.724+0000] {logging_mixin.py:188} INFO - [2024-04-09T16:52:48.723+0000] {dag.py:3834} INFO - Setting next_dagrun for example_branch_dop_operator_v3 to 2024-04-09 16:51:00+00:00, run_after=2024-04-09 16:52:00+00:00
[2024-04-09T16:52:48.731+0000] {processor.py:183} INFO - Processing /home/airflow/.local/lib/python3.8/site-packages/airflow/example_dags/example_branch_python_dop_operator_3.py took 0.037 seconds
[2024-04-09T16:53:20.004+0000] {processor.py:161} INFO - Started process (PID=2198) to work on /home/airflow/.local/lib/python3.8/site-packages/airflow/example_dags/example_branch_python_dop_operator_3.py
[2024-04-09T16:53:20.008+0000] {processor.py:830} INFO - Processing file /home/airflow/.local/lib/python3.8/site-packages/airflow/example_dags/example_branch_python_dop_operator_3.py for tasks to queue
[2024-04-09T16:53:20.013+0000] {logging_mixin.py:188} INFO - [2024-04-09T16:53:20.012+0000] {dagbag.py:540} INFO - Filling up the DagBag from /home/airflow/.local/lib/python3.8/site-packages/airflow/example_dags/example_branch_python_dop_operator_3.py
[2024-04-09T16:53:20.059+0000] {processor.py:840} INFO - DAG(s) 'example_branch_dop_operator_v3' retrieved from /home/airflow/.local/lib/python3.8/site-packages/airflow/example_dags/example_branch_python_dop_operator_3.py
[2024-04-09T16:53:20.129+0000] {logging_mixin.py:188} INFO - [2024-04-09T16:53:20.128+0000] {dag.py:3047} INFO - Sync 1 DAGs
[2024-04-09T16:53:20.209+0000] {logging_mixin.py:188} INFO - [2024-04-09T16:53:20.208+0000] {dag.py:3834} INFO - Setting next_dagrun for example_branch_dop_operator_v3 to 2024-04-09 16:52:00+00:00, run_after=2024-04-09 16:53:00+00:00
[2024-04-09T16:53:20.253+0000] {processor.py:183} INFO - Processing /home/airflow/.local/lib/python3.8/site-packages/airflow/example_dags/example_branch_python_dop_operator_3.py took 0.282 seconds
[2024-04-09T16:53:51.804+0000] {processor.py:161} INFO - Started process (PID=2271) to work on /home/airflow/.local/lib/python3.8/site-packages/airflow/example_dags/example_branch_python_dop_operator_3.py
[2024-04-09T16:53:51.809+0000] {processor.py:830} INFO - Processing file /home/airflow/.local/lib/python3.8/site-packages/airflow/example_dags/example_branch_python_dop_operator_3.py for tasks to queue
[2024-04-09T16:53:51.818+0000] {logging_mixin.py:188} INFO - [2024-04-09T16:53:51.818+0000] {dagbag.py:540} INFO - Filling up the DagBag from /home/airflow/.local/lib/python3.8/site-packages/airflow/example_dags/example_branch_python_dop_operator_3.py
[2024-04-09T16:53:51.864+0000] {processor.py:840} INFO - DAG(s) 'example_branch_dop_operator_v3' retrieved from /home/airflow/.local/lib/python3.8/site-packages/airflow/example_dags/example_branch_python_dop_operator_3.py
[2024-04-09T16:53:51.932+0000] {logging_mixin.py:188} INFO - [2024-04-09T16:53:51.932+0000] {dag.py:3047} INFO - Sync 1 DAGs
[2024-04-09T16:53:51.999+0000] {logging_mixin.py:188} INFO - [2024-04-09T16:53:51.998+0000] {dag.py:3834} INFO - Setting next_dagrun for example_branch_dop_operator_v3 to 2024-04-09 16:52:00+00:00, run_after=2024-04-09 16:53:00+00:00
[2024-04-09T16:53:52.045+0000] {processor.py:183} INFO - Processing /home/airflow/.local/lib/python3.8/site-packages/airflow/example_dags/example_branch_python_dop_operator_3.py took 0.254 seconds
[2024-04-09T16:54:23.638+0000] {processor.py:161} INFO - Started process (PID=2341) to work on /home/airflow/.local/lib/python3.8/site-packages/airflow/example_dags/example_branch_python_dop_operator_3.py
[2024-04-09T16:54:23.645+0000] {processor.py:830} INFO - Processing file /home/airflow/.local/lib/python3.8/site-packages/airflow/example_dags/example_branch_python_dop_operator_3.py for tasks to queue
[2024-04-09T16:54:23.672+0000] {logging_mixin.py:188} INFO - [2024-04-09T16:54:23.672+0000] {dagbag.py:540} INFO - Filling up the DagBag from /home/airflow/.local/lib/python3.8/site-packages/airflow/example_dags/example_branch_python_dop_operator_3.py
[2024-04-09T16:54:23.733+0000] {processor.py:840} INFO - DAG(s) 'example_branch_dop_operator_v3' retrieved from /home/airflow/.local/lib/python3.8/site-packages/airflow/example_dags/example_branch_python_dop_operator_3.py
[2024-04-09T16:54:23.900+0000] {logging_mixin.py:188} INFO - [2024-04-09T16:54:23.898+0000] {dag.py:3047} INFO - Sync 1 DAGs
[2024-04-09T16:54:23.975+0000] {logging_mixin.py:188} INFO - [2024-04-09T16:54:23.974+0000] {dag.py:3834} INFO - Setting next_dagrun for example_branch_dop_operator_v3 to 2024-04-09 16:53:00+00:00, run_after=2024-04-09 16:54:00+00:00
[2024-04-09T16:54:24.045+0000] {processor.py:183} INFO - Processing /home/airflow/.local/lib/python3.8/site-packages/airflow/example_dags/example_branch_python_dop_operator_3.py took 0.420 seconds
