[2024-04-09T16:35:19.963+0000] {processor.py:161} INFO - Started process (PID=84) to work on /home/airflow/.local/lib/python3.8/site-packages/airflow/example_dags/example_task_group_decorator.py
[2024-04-09T16:35:19.974+0000] {processor.py:830} INFO - Processing file /home/airflow/.local/lib/python3.8/site-packages/airflow/example_dags/example_task_group_decorator.py for tasks to queue
[2024-04-09T16:35:20.108+0000] {logging_mixin.py:188} INFO - [2024-04-09T16:35:20.107+0000] {dagbag.py:540} INFO - Filling up the DagBag from /home/airflow/.local/lib/python3.8/site-packages/airflow/example_dags/example_task_group_decorator.py
[2024-04-09T16:35:20.183+0000] {processor.py:840} INFO - DAG(s) 'example_task_group_decorator' retrieved from /home/airflow/.local/lib/python3.8/site-packages/airflow/example_dags/example_task_group_decorator.py
[2024-04-09T16:35:20.260+0000] {logging_mixin.py:188} INFO - [2024-04-09T16:35:20.259+0000] {dag.py:3047} INFO - Sync 1 DAGs
[2024-04-09T16:35:20.314+0000] {logging_mixin.py:188} INFO - [2024-04-09T16:35:20.313+0000] {dag.py:3834} INFO - Setting next_dagrun for example_task_group_decorator to 2024-04-08 00:00:00+00:00, run_after=2024-04-09 00:00:00+00:00
[2024-04-09T16:35:20.346+0000] {processor.py:183} INFO - Processing /home/airflow/.local/lib/python3.8/site-packages/airflow/example_dags/example_task_group_decorator.py took 0.388 seconds
[2024-04-09T16:35:50.714+0000] {processor.py:161} INFO - Started process (PID=141) to work on /home/airflow/.local/lib/python3.8/site-packages/airflow/example_dags/example_task_group_decorator.py
[2024-04-09T16:35:50.715+0000] {processor.py:830} INFO - Processing file /home/airflow/.local/lib/python3.8/site-packages/airflow/example_dags/example_task_group_decorator.py for tasks to queue
[2024-04-09T16:35:50.716+0000] {logging_mixin.py:188} INFO - [2024-04-09T16:35:50.715+0000] {dagbag.py:540} INFO - Filling up the DagBag from /home/airflow/.local/lib/python3.8/site-packages/airflow/example_dags/example_task_group_decorator.py
[2024-04-09T16:35:50.722+0000] {processor.py:840} INFO - DAG(s) 'example_task_group_decorator' retrieved from /home/airflow/.local/lib/python3.8/site-packages/airflow/example_dags/example_task_group_decorator.py
[2024-04-09T16:35:50.766+0000] {logging_mixin.py:188} INFO - [2024-04-09T16:35:50.766+0000] {dag.py:3047} INFO - Sync 1 DAGs
[2024-04-09T16:35:50.774+0000] {logging_mixin.py:188} INFO - [2024-04-09T16:35:50.774+0000] {dag.py:3834} INFO - Setting next_dagrun for example_task_group_decorator to 2024-04-08 00:00:00+00:00, run_after=2024-04-09 00:00:00+00:00
[2024-04-09T16:35:50.783+0000] {processor.py:183} INFO - Processing /home/airflow/.local/lib/python3.8/site-packages/airflow/example_dags/example_task_group_decorator.py took 0.071 seconds
[2024-04-09T16:36:21.765+0000] {processor.py:161} INFO - Started process (PID=198) to work on /home/airflow/.local/lib/python3.8/site-packages/airflow/example_dags/example_task_group_decorator.py
[2024-04-09T16:36:21.767+0000] {processor.py:830} INFO - Processing file /home/airflow/.local/lib/python3.8/site-packages/airflow/example_dags/example_task_group_decorator.py for tasks to queue
[2024-04-09T16:36:21.768+0000] {logging_mixin.py:188} INFO - [2024-04-09T16:36:21.768+0000] {dagbag.py:540} INFO - Filling up the DagBag from /home/airflow/.local/lib/python3.8/site-packages/airflow/example_dags/example_task_group_decorator.py
[2024-04-09T16:36:21.775+0000] {processor.py:840} INFO - DAG(s) 'example_task_group_decorator' retrieved from /home/airflow/.local/lib/python3.8/site-packages/airflow/example_dags/example_task_group_decorator.py
[2024-04-09T16:36:21.800+0000] {logging_mixin.py:188} INFO - [2024-04-09T16:36:21.800+0000] {dag.py:3047} INFO - Sync 1 DAGs
[2024-04-09T16:36:21.810+0000] {logging_mixin.py:188} INFO - [2024-04-09T16:36:21.810+0000] {dag.py:3834} INFO - Setting next_dagrun for example_task_group_decorator to 2024-04-08 00:00:00+00:00, run_after=2024-04-09 00:00:00+00:00
[2024-04-09T16:36:21.819+0000] {processor.py:183} INFO - Processing /home/airflow/.local/lib/python3.8/site-packages/airflow/example_dags/example_task_group_decorator.py took 0.057 seconds
[2024-04-09T16:36:52.660+0000] {processor.py:161} INFO - Started process (PID=255) to work on /home/airflow/.local/lib/python3.8/site-packages/airflow/example_dags/example_task_group_decorator.py
[2024-04-09T16:36:52.662+0000] {processor.py:830} INFO - Processing file /home/airflow/.local/lib/python3.8/site-packages/airflow/example_dags/example_task_group_decorator.py for tasks to queue
[2024-04-09T16:36:52.664+0000] {logging_mixin.py:188} INFO - [2024-04-09T16:36:52.663+0000] {dagbag.py:540} INFO - Filling up the DagBag from /home/airflow/.local/lib/python3.8/site-packages/airflow/example_dags/example_task_group_decorator.py
[2024-04-09T16:36:52.684+0000] {processor.py:840} INFO - DAG(s) 'example_task_group_decorator' retrieved from /home/airflow/.local/lib/python3.8/site-packages/airflow/example_dags/example_task_group_decorator.py
[2024-04-09T16:36:52.714+0000] {logging_mixin.py:188} INFO - [2024-04-09T16:36:52.714+0000] {dag.py:3047} INFO - Sync 1 DAGs
[2024-04-09T16:36:52.727+0000] {logging_mixin.py:188} INFO - [2024-04-09T16:36:52.727+0000] {dag.py:3834} INFO - Setting next_dagrun for example_task_group_decorator to 2024-04-08 00:00:00+00:00, run_after=2024-04-09 00:00:00+00:00
[2024-04-09T16:36:52.735+0000] {processor.py:183} INFO - Processing /home/airflow/.local/lib/python3.8/site-packages/airflow/example_dags/example_task_group_decorator.py took 0.080 seconds
[2024-04-09T16:37:23.549+0000] {processor.py:161} INFO - Started process (PID=312) to work on /home/airflow/.local/lib/python3.8/site-packages/airflow/example_dags/example_task_group_decorator.py
[2024-04-09T16:37:23.550+0000] {processor.py:830} INFO - Processing file /home/airflow/.local/lib/python3.8/site-packages/airflow/example_dags/example_task_group_decorator.py for tasks to queue
[2024-04-09T16:37:23.551+0000] {logging_mixin.py:188} INFO - [2024-04-09T16:37:23.551+0000] {dagbag.py:540} INFO - Filling up the DagBag from /home/airflow/.local/lib/python3.8/site-packages/airflow/example_dags/example_task_group_decorator.py
[2024-04-09T16:37:23.562+0000] {processor.py:840} INFO - DAG(s) 'example_task_group_decorator' retrieved from /home/airflow/.local/lib/python3.8/site-packages/airflow/example_dags/example_task_group_decorator.py
[2024-04-09T16:37:23.575+0000] {logging_mixin.py:188} INFO - [2024-04-09T16:37:23.575+0000] {dag.py:3047} INFO - Sync 1 DAGs
[2024-04-09T16:37:23.587+0000] {logging_mixin.py:188} INFO - [2024-04-09T16:37:23.587+0000] {dag.py:3834} INFO - Setting next_dagrun for example_task_group_decorator to 2024-04-08 00:00:00+00:00, run_after=2024-04-09 00:00:00+00:00
[2024-04-09T16:37:23.594+0000] {processor.py:183} INFO - Processing /home/airflow/.local/lib/python3.8/site-packages/airflow/example_dags/example_task_group_decorator.py took 0.049 seconds
[2024-04-09T16:37:54.444+0000] {processor.py:161} INFO - Started process (PID=369) to work on /home/airflow/.local/lib/python3.8/site-packages/airflow/example_dags/example_task_group_decorator.py
[2024-04-09T16:37:54.445+0000] {processor.py:830} INFO - Processing file /home/airflow/.local/lib/python3.8/site-packages/airflow/example_dags/example_task_group_decorator.py for tasks to queue
[2024-04-09T16:37:54.446+0000] {logging_mixin.py:188} INFO - [2024-04-09T16:37:54.446+0000] {dagbag.py:540} INFO - Filling up the DagBag from /home/airflow/.local/lib/python3.8/site-packages/airflow/example_dags/example_task_group_decorator.py
[2024-04-09T16:37:54.455+0000] {processor.py:840} INFO - DAG(s) 'example_task_group_decorator' retrieved from /home/airflow/.local/lib/python3.8/site-packages/airflow/example_dags/example_task_group_decorator.py
[2024-04-09T16:37:54.472+0000] {logging_mixin.py:188} INFO - [2024-04-09T16:37:54.472+0000] {dag.py:3047} INFO - Sync 1 DAGs
[2024-04-09T16:37:54.486+0000] {logging_mixin.py:188} INFO - [2024-04-09T16:37:54.486+0000] {dag.py:3834} INFO - Setting next_dagrun for example_task_group_decorator to 2024-04-08 00:00:00+00:00, run_after=2024-04-09 00:00:00+00:00
[2024-04-09T16:37:54.495+0000] {processor.py:183} INFO - Processing /home/airflow/.local/lib/python3.8/site-packages/airflow/example_dags/example_task_group_decorator.py took 0.056 seconds
[2024-04-09T16:38:25.166+0000] {processor.py:161} INFO - Started process (PID=426) to work on /home/airflow/.local/lib/python3.8/site-packages/airflow/example_dags/example_task_group_decorator.py
[2024-04-09T16:38:25.169+0000] {processor.py:830} INFO - Processing file /home/airflow/.local/lib/python3.8/site-packages/airflow/example_dags/example_task_group_decorator.py for tasks to queue
[2024-04-09T16:38:25.172+0000] {logging_mixin.py:188} INFO - [2024-04-09T16:38:25.172+0000] {dagbag.py:540} INFO - Filling up the DagBag from /home/airflow/.local/lib/python3.8/site-packages/airflow/example_dags/example_task_group_decorator.py
[2024-04-09T16:38:25.192+0000] {processor.py:840} INFO - DAG(s) 'example_task_group_decorator' retrieved from /home/airflow/.local/lib/python3.8/site-packages/airflow/example_dags/example_task_group_decorator.py
[2024-04-09T16:38:25.207+0000] {logging_mixin.py:188} INFO - [2024-04-09T16:38:25.207+0000] {dag.py:3047} INFO - Sync 1 DAGs
[2024-04-09T16:38:25.220+0000] {logging_mixin.py:188} INFO - [2024-04-09T16:38:25.220+0000] {dag.py:3834} INFO - Setting next_dagrun for example_task_group_decorator to 2024-04-08 00:00:00+00:00, run_after=2024-04-09 00:00:00+00:00
[2024-04-09T16:38:25.228+0000] {processor.py:183} INFO - Processing /home/airflow/.local/lib/python3.8/site-packages/airflow/example_dags/example_task_group_decorator.py took 0.070 seconds
[2024-04-09T16:38:55.945+0000] {processor.py:161} INFO - Started process (PID=483) to work on /home/airflow/.local/lib/python3.8/site-packages/airflow/example_dags/example_task_group_decorator.py
[2024-04-09T16:38:55.946+0000] {processor.py:830} INFO - Processing file /home/airflow/.local/lib/python3.8/site-packages/airflow/example_dags/example_task_group_decorator.py for tasks to queue
[2024-04-09T16:38:55.948+0000] {logging_mixin.py:188} INFO - [2024-04-09T16:38:55.948+0000] {dagbag.py:540} INFO - Filling up the DagBag from /home/airflow/.local/lib/python3.8/site-packages/airflow/example_dags/example_task_group_decorator.py
[2024-04-09T16:38:55.962+0000] {processor.py:840} INFO - DAG(s) 'example_task_group_decorator' retrieved from /home/airflow/.local/lib/python3.8/site-packages/airflow/example_dags/example_task_group_decorator.py
[2024-04-09T16:38:55.976+0000] {logging_mixin.py:188} INFO - [2024-04-09T16:38:55.976+0000] {dag.py:3047} INFO - Sync 1 DAGs
[2024-04-09T16:38:55.987+0000] {logging_mixin.py:188} INFO - [2024-04-09T16:38:55.987+0000] {dag.py:3834} INFO - Setting next_dagrun for example_task_group_decorator to 2024-04-08 00:00:00+00:00, run_after=2024-04-09 00:00:00+00:00
[2024-04-09T16:38:55.994+0000] {processor.py:183} INFO - Processing /home/airflow/.local/lib/python3.8/site-packages/airflow/example_dags/example_task_group_decorator.py took 0.056 seconds
[2024-04-09T16:39:26.817+0000] {processor.py:161} INFO - Started process (PID=540) to work on /home/airflow/.local/lib/python3.8/site-packages/airflow/example_dags/example_task_group_decorator.py
[2024-04-09T16:39:26.818+0000] {processor.py:830} INFO - Processing file /home/airflow/.local/lib/python3.8/site-packages/airflow/example_dags/example_task_group_decorator.py for tasks to queue
[2024-04-09T16:39:26.820+0000] {logging_mixin.py:188} INFO - [2024-04-09T16:39:26.820+0000] {dagbag.py:540} INFO - Filling up the DagBag from /home/airflow/.local/lib/python3.8/site-packages/airflow/example_dags/example_task_group_decorator.py
[2024-04-09T16:39:26.833+0000] {processor.py:840} INFO - DAG(s) 'example_task_group_decorator' retrieved from /home/airflow/.local/lib/python3.8/site-packages/airflow/example_dags/example_task_group_decorator.py
[2024-04-09T16:39:26.849+0000] {logging_mixin.py:188} INFO - [2024-04-09T16:39:26.849+0000] {dag.py:3047} INFO - Sync 1 DAGs
[2024-04-09T16:39:26.861+0000] {logging_mixin.py:188} INFO - [2024-04-09T16:39:26.861+0000] {dag.py:3834} INFO - Setting next_dagrun for example_task_group_decorator to 2024-04-08 00:00:00+00:00, run_after=2024-04-09 00:00:00+00:00
[2024-04-09T16:39:26.869+0000] {processor.py:183} INFO - Processing /home/airflow/.local/lib/python3.8/site-packages/airflow/example_dags/example_task_group_decorator.py took 0.057 seconds
[2024-04-09T16:39:57.164+0000] {processor.py:161} INFO - Started process (PID=597) to work on /home/airflow/.local/lib/python3.8/site-packages/airflow/example_dags/example_task_group_decorator.py
[2024-04-09T16:39:57.172+0000] {processor.py:830} INFO - Processing file /home/airflow/.local/lib/python3.8/site-packages/airflow/example_dags/example_task_group_decorator.py for tasks to queue
[2024-04-09T16:39:57.176+0000] {logging_mixin.py:188} INFO - [2024-04-09T16:39:57.175+0000] {dagbag.py:540} INFO - Filling up the DagBag from /home/airflow/.local/lib/python3.8/site-packages/airflow/example_dags/example_task_group_decorator.py
[2024-04-09T16:39:57.192+0000] {processor.py:840} INFO - DAG(s) 'example_task_group_decorator' retrieved from /home/airflow/.local/lib/python3.8/site-packages/airflow/example_dags/example_task_group_decorator.py
[2024-04-09T16:39:57.209+0000] {logging_mixin.py:188} INFO - [2024-04-09T16:39:57.209+0000] {dag.py:3047} INFO - Sync 1 DAGs
[2024-04-09T16:39:57.221+0000] {logging_mixin.py:188} INFO - [2024-04-09T16:39:57.221+0000] {dag.py:3834} INFO - Setting next_dagrun for example_task_group_decorator to 2024-04-08 00:00:00+00:00, run_after=2024-04-09 00:00:00+00:00
[2024-04-09T16:39:57.229+0000] {processor.py:183} INFO - Processing /home/airflow/.local/lib/python3.8/site-packages/airflow/example_dags/example_task_group_decorator.py took 0.071 seconds
[2024-04-09T16:40:27.304+0000] {processor.py:161} INFO - Started process (PID=654) to work on /home/airflow/.local/lib/python3.8/site-packages/airflow/example_dags/example_task_group_decorator.py
[2024-04-09T16:40:27.306+0000] {processor.py:830} INFO - Processing file /home/airflow/.local/lib/python3.8/site-packages/airflow/example_dags/example_task_group_decorator.py for tasks to queue
[2024-04-09T16:40:27.308+0000] {logging_mixin.py:188} INFO - [2024-04-09T16:40:27.308+0000] {dagbag.py:540} INFO - Filling up the DagBag from /home/airflow/.local/lib/python3.8/site-packages/airflow/example_dags/example_task_group_decorator.py
[2024-04-09T16:40:27.322+0000] {processor.py:840} INFO - DAG(s) 'example_task_group_decorator' retrieved from /home/airflow/.local/lib/python3.8/site-packages/airflow/example_dags/example_task_group_decorator.py
[2024-04-09T16:40:27.336+0000] {logging_mixin.py:188} INFO - [2024-04-09T16:40:27.336+0000] {dag.py:3047} INFO - Sync 1 DAGs
[2024-04-09T16:40:27.347+0000] {logging_mixin.py:188} INFO - [2024-04-09T16:40:27.347+0000] {dag.py:3834} INFO - Setting next_dagrun for example_task_group_decorator to 2024-04-08 00:00:00+00:00, run_after=2024-04-09 00:00:00+00:00
[2024-04-09T16:40:27.354+0000] {processor.py:183} INFO - Processing /home/airflow/.local/lib/python3.8/site-packages/airflow/example_dags/example_task_group_decorator.py took 0.055 seconds
[2024-04-09T16:40:57.435+0000] {processor.py:161} INFO - Started process (PID=712) to work on /home/airflow/.local/lib/python3.8/site-packages/airflow/example_dags/example_task_group_decorator.py
[2024-04-09T16:40:57.437+0000] {processor.py:830} INFO - Processing file /home/airflow/.local/lib/python3.8/site-packages/airflow/example_dags/example_task_group_decorator.py for tasks to queue
[2024-04-09T16:40:57.441+0000] {logging_mixin.py:188} INFO - [2024-04-09T16:40:57.441+0000] {dagbag.py:540} INFO - Filling up the DagBag from /home/airflow/.local/lib/python3.8/site-packages/airflow/example_dags/example_task_group_decorator.py
[2024-04-09T16:40:57.458+0000] {processor.py:840} INFO - DAG(s) 'example_task_group_decorator' retrieved from /home/airflow/.local/lib/python3.8/site-packages/airflow/example_dags/example_task_group_decorator.py
[2024-04-09T16:40:57.472+0000] {logging_mixin.py:188} INFO - [2024-04-09T16:40:57.472+0000] {dag.py:3047} INFO - Sync 1 DAGs
[2024-04-09T16:40:57.484+0000] {logging_mixin.py:188} INFO - [2024-04-09T16:40:57.483+0000] {dag.py:3834} INFO - Setting next_dagrun for example_task_group_decorator to 2024-04-08 00:00:00+00:00, run_after=2024-04-09 00:00:00+00:00
[2024-04-09T16:40:57.497+0000] {processor.py:183} INFO - Processing /home/airflow/.local/lib/python3.8/site-packages/airflow/example_dags/example_task_group_decorator.py took 0.069 seconds
[2024-04-09T16:41:27.666+0000] {processor.py:161} INFO - Started process (PID=775) to work on /home/airflow/.local/lib/python3.8/site-packages/airflow/example_dags/example_task_group_decorator.py
[2024-04-09T16:41:27.667+0000] {processor.py:830} INFO - Processing file /home/airflow/.local/lib/python3.8/site-packages/airflow/example_dags/example_task_group_decorator.py for tasks to queue
[2024-04-09T16:41:27.673+0000] {logging_mixin.py:188} INFO - [2024-04-09T16:41:27.672+0000] {dagbag.py:540} INFO - Filling up the DagBag from /home/airflow/.local/lib/python3.8/site-packages/airflow/example_dags/example_task_group_decorator.py
[2024-04-09T16:41:27.689+0000] {processor.py:840} INFO - DAG(s) 'example_task_group_decorator' retrieved from /home/airflow/.local/lib/python3.8/site-packages/airflow/example_dags/example_task_group_decorator.py
[2024-04-09T16:41:27.723+0000] {logging_mixin.py:188} INFO - [2024-04-09T16:41:27.723+0000] {dag.py:3047} INFO - Sync 1 DAGs
[2024-04-09T16:41:27.739+0000] {logging_mixin.py:188} INFO - [2024-04-09T16:41:27.739+0000] {dag.py:3834} INFO - Setting next_dagrun for example_task_group_decorator to 2024-04-08 00:00:00+00:00, run_after=2024-04-09 00:00:00+00:00
[2024-04-09T16:41:27.752+0000] {processor.py:183} INFO - Processing /home/airflow/.local/lib/python3.8/site-packages/airflow/example_dags/example_task_group_decorator.py took 0.090 seconds
[2024-04-09T16:41:57.927+0000] {processor.py:161} INFO - Started process (PID=833) to work on /home/airflow/.local/lib/python3.8/site-packages/airflow/example_dags/example_task_group_decorator.py
[2024-04-09T16:41:57.928+0000] {processor.py:830} INFO - Processing file /home/airflow/.local/lib/python3.8/site-packages/airflow/example_dags/example_task_group_decorator.py for tasks to queue
[2024-04-09T16:41:57.930+0000] {logging_mixin.py:188} INFO - [2024-04-09T16:41:57.929+0000] {dagbag.py:540} INFO - Filling up the DagBag from /home/airflow/.local/lib/python3.8/site-packages/airflow/example_dags/example_task_group_decorator.py
[2024-04-09T16:41:57.938+0000] {processor.py:840} INFO - DAG(s) 'example_task_group_decorator' retrieved from /home/airflow/.local/lib/python3.8/site-packages/airflow/example_dags/example_task_group_decorator.py
[2024-04-09T16:41:57.949+0000] {logging_mixin.py:188} INFO - [2024-04-09T16:41:57.949+0000] {dag.py:3047} INFO - Sync 1 DAGs
[2024-04-09T16:41:57.958+0000] {logging_mixin.py:188} INFO - [2024-04-09T16:41:57.958+0000] {dag.py:3834} INFO - Setting next_dagrun for example_task_group_decorator to 2024-04-08 00:00:00+00:00, run_after=2024-04-09 00:00:00+00:00
[2024-04-09T16:41:57.965+0000] {processor.py:183} INFO - Processing /home/airflow/.local/lib/python3.8/site-packages/airflow/example_dags/example_task_group_decorator.py took 0.042 seconds
[2024-04-09T16:42:28.760+0000] {processor.py:161} INFO - Started process (PID=891) to work on /home/airflow/.local/lib/python3.8/site-packages/airflow/example_dags/example_task_group_decorator.py
[2024-04-09T16:42:28.761+0000] {processor.py:830} INFO - Processing file /home/airflow/.local/lib/python3.8/site-packages/airflow/example_dags/example_task_group_decorator.py for tasks to queue
[2024-04-09T16:42:28.763+0000] {logging_mixin.py:188} INFO - [2024-04-09T16:42:28.762+0000] {dagbag.py:540} INFO - Filling up the DagBag from /home/airflow/.local/lib/python3.8/site-packages/airflow/example_dags/example_task_group_decorator.py
[2024-04-09T16:42:28.774+0000] {processor.py:840} INFO - DAG(s) 'example_task_group_decorator' retrieved from /home/airflow/.local/lib/python3.8/site-packages/airflow/example_dags/example_task_group_decorator.py
[2024-04-09T16:42:28.788+0000] {logging_mixin.py:188} INFO - [2024-04-09T16:42:28.787+0000] {dag.py:3047} INFO - Sync 1 DAGs
[2024-04-09T16:42:28.800+0000] {logging_mixin.py:188} INFO - [2024-04-09T16:42:28.800+0000] {dag.py:3834} INFO - Setting next_dagrun for example_task_group_decorator to 2024-04-08 00:00:00+00:00, run_after=2024-04-09 00:00:00+00:00
[2024-04-09T16:42:28.809+0000] {processor.py:183} INFO - Processing /home/airflow/.local/lib/python3.8/site-packages/airflow/example_dags/example_task_group_decorator.py took 0.055 seconds
[2024-04-09T16:42:59.586+0000] {processor.py:161} INFO - Started process (PID=949) to work on /home/airflow/.local/lib/python3.8/site-packages/airflow/example_dags/example_task_group_decorator.py
[2024-04-09T16:42:59.588+0000] {processor.py:830} INFO - Processing file /home/airflow/.local/lib/python3.8/site-packages/airflow/example_dags/example_task_group_decorator.py for tasks to queue
[2024-04-09T16:42:59.592+0000] {logging_mixin.py:188} INFO - [2024-04-09T16:42:59.591+0000] {dagbag.py:540} INFO - Filling up the DagBag from /home/airflow/.local/lib/python3.8/site-packages/airflow/example_dags/example_task_group_decorator.py
[2024-04-09T16:42:59.606+0000] {processor.py:840} INFO - DAG(s) 'example_task_group_decorator' retrieved from /home/airflow/.local/lib/python3.8/site-packages/airflow/example_dags/example_task_group_decorator.py
[2024-04-09T16:42:59.620+0000] {logging_mixin.py:188} INFO - [2024-04-09T16:42:59.619+0000] {dag.py:3047} INFO - Sync 1 DAGs
[2024-04-09T16:42:59.630+0000] {logging_mixin.py:188} INFO - [2024-04-09T16:42:59.630+0000] {dag.py:3834} INFO - Setting next_dagrun for example_task_group_decorator to 2024-04-08 00:00:00+00:00, run_after=2024-04-09 00:00:00+00:00
[2024-04-09T16:42:59.637+0000] {processor.py:183} INFO - Processing /home/airflow/.local/lib/python3.8/site-packages/airflow/example_dags/example_task_group_decorator.py took 0.058 seconds
[2024-04-09T16:43:29.657+0000] {processor.py:161} INFO - Started process (PID=1007) to work on /home/airflow/.local/lib/python3.8/site-packages/airflow/example_dags/example_task_group_decorator.py
[2024-04-09T16:43:29.658+0000] {processor.py:830} INFO - Processing file /home/airflow/.local/lib/python3.8/site-packages/airflow/example_dags/example_task_group_decorator.py for tasks to queue
[2024-04-09T16:43:29.659+0000] {logging_mixin.py:188} INFO - [2024-04-09T16:43:29.659+0000] {dagbag.py:540} INFO - Filling up the DagBag from /home/airflow/.local/lib/python3.8/site-packages/airflow/example_dags/example_task_group_decorator.py
[2024-04-09T16:43:29.665+0000] {processor.py:840} INFO - DAG(s) 'example_task_group_decorator' retrieved from /home/airflow/.local/lib/python3.8/site-packages/airflow/example_dags/example_task_group_decorator.py
[2024-04-09T16:43:29.675+0000] {logging_mixin.py:188} INFO - [2024-04-09T16:43:29.675+0000] {dag.py:3047} INFO - Sync 1 DAGs
[2024-04-09T16:43:29.684+0000] {logging_mixin.py:188} INFO - [2024-04-09T16:43:29.684+0000] {dag.py:3834} INFO - Setting next_dagrun for example_task_group_decorator to 2024-04-08 00:00:00+00:00, run_after=2024-04-09 00:00:00+00:00
[2024-04-09T16:43:29.693+0000] {processor.py:183} INFO - Processing /home/airflow/.local/lib/python3.8/site-packages/airflow/example_dags/example_task_group_decorator.py took 0.037 seconds
[2024-04-09T16:44:00.602+0000] {processor.py:161} INFO - Started process (PID=1065) to work on /home/airflow/.local/lib/python3.8/site-packages/airflow/example_dags/example_task_group_decorator.py
[2024-04-09T16:44:00.603+0000] {processor.py:830} INFO - Processing file /home/airflow/.local/lib/python3.8/site-packages/airflow/example_dags/example_task_group_decorator.py for tasks to queue
[2024-04-09T16:44:00.603+0000] {logging_mixin.py:188} INFO - [2024-04-09T16:44:00.603+0000] {dagbag.py:540} INFO - Filling up the DagBag from /home/airflow/.local/lib/python3.8/site-packages/airflow/example_dags/example_task_group_decorator.py
[2024-04-09T16:44:00.610+0000] {processor.py:840} INFO - DAG(s) 'example_task_group_decorator' retrieved from /home/airflow/.local/lib/python3.8/site-packages/airflow/example_dags/example_task_group_decorator.py
[2024-04-09T16:44:00.621+0000] {logging_mixin.py:188} INFO - [2024-04-09T16:44:00.621+0000] {dag.py:3047} INFO - Sync 1 DAGs
[2024-04-09T16:44:00.630+0000] {logging_mixin.py:188} INFO - [2024-04-09T16:44:00.630+0000] {dag.py:3834} INFO - Setting next_dagrun for example_task_group_decorator to 2024-04-08 00:00:00+00:00, run_after=2024-04-09 00:00:00+00:00
[2024-04-09T16:44:00.637+0000] {processor.py:183} INFO - Processing /home/airflow/.local/lib/python3.8/site-packages/airflow/example_dags/example_task_group_decorator.py took 0.037 seconds
[2024-04-09T16:44:30.804+0000] {processor.py:161} INFO - Started process (PID=1123) to work on /home/airflow/.local/lib/python3.8/site-packages/airflow/example_dags/example_task_group_decorator.py
[2024-04-09T16:44:30.805+0000] {processor.py:830} INFO - Processing file /home/airflow/.local/lib/python3.8/site-packages/airflow/example_dags/example_task_group_decorator.py for tasks to queue
[2024-04-09T16:44:30.805+0000] {logging_mixin.py:188} INFO - [2024-04-09T16:44:30.805+0000] {dagbag.py:540} INFO - Filling up the DagBag from /home/airflow/.local/lib/python3.8/site-packages/airflow/example_dags/example_task_group_decorator.py
[2024-04-09T16:44:30.813+0000] {processor.py:840} INFO - DAG(s) 'example_task_group_decorator' retrieved from /home/airflow/.local/lib/python3.8/site-packages/airflow/example_dags/example_task_group_decorator.py
[2024-04-09T16:44:30.823+0000] {logging_mixin.py:188} INFO - [2024-04-09T16:44:30.823+0000] {dag.py:3047} INFO - Sync 1 DAGs
[2024-04-09T16:44:30.832+0000] {logging_mixin.py:188} INFO - [2024-04-09T16:44:30.832+0000] {dag.py:3834} INFO - Setting next_dagrun for example_task_group_decorator to 2024-04-08 00:00:00+00:00, run_after=2024-04-09 00:00:00+00:00
[2024-04-09T16:44:30.839+0000] {processor.py:183} INFO - Processing /home/airflow/.local/lib/python3.8/site-packages/airflow/example_dags/example_task_group_decorator.py took 0.036 seconds
[2024-04-09T16:45:00.956+0000] {processor.py:161} INFO - Started process (PID=1181) to work on /home/airflow/.local/lib/python3.8/site-packages/airflow/example_dags/example_task_group_decorator.py
[2024-04-09T16:45:00.957+0000] {processor.py:830} INFO - Processing file /home/airflow/.local/lib/python3.8/site-packages/airflow/example_dags/example_task_group_decorator.py for tasks to queue
[2024-04-09T16:45:00.958+0000] {logging_mixin.py:188} INFO - [2024-04-09T16:45:00.958+0000] {dagbag.py:540} INFO - Filling up the DagBag from /home/airflow/.local/lib/python3.8/site-packages/airflow/example_dags/example_task_group_decorator.py
[2024-04-09T16:45:00.965+0000] {processor.py:840} INFO - DAG(s) 'example_task_group_decorator' retrieved from /home/airflow/.local/lib/python3.8/site-packages/airflow/example_dags/example_task_group_decorator.py
[2024-04-09T16:45:00.979+0000] {logging_mixin.py:188} INFO - [2024-04-09T16:45:00.979+0000] {dag.py:3047} INFO - Sync 1 DAGs
[2024-04-09T16:45:00.989+0000] {logging_mixin.py:188} INFO - [2024-04-09T16:45:00.989+0000] {dag.py:3834} INFO - Setting next_dagrun for example_task_group_decorator to 2024-04-08 00:00:00+00:00, run_after=2024-04-09 00:00:00+00:00
[2024-04-09T16:45:00.997+0000] {processor.py:183} INFO - Processing /home/airflow/.local/lib/python3.8/site-packages/airflow/example_dags/example_task_group_decorator.py took 0.043 seconds
[2024-04-09T16:45:31.585+0000] {processor.py:161} INFO - Started process (PID=1239) to work on /home/airflow/.local/lib/python3.8/site-packages/airflow/example_dags/example_task_group_decorator.py
[2024-04-09T16:45:31.586+0000] {processor.py:830} INFO - Processing file /home/airflow/.local/lib/python3.8/site-packages/airflow/example_dags/example_task_group_decorator.py for tasks to queue
[2024-04-09T16:45:31.588+0000] {logging_mixin.py:188} INFO - [2024-04-09T16:45:31.588+0000] {dagbag.py:540} INFO - Filling up the DagBag from /home/airflow/.local/lib/python3.8/site-packages/airflow/example_dags/example_task_group_decorator.py
[2024-04-09T16:45:31.596+0000] {processor.py:840} INFO - DAG(s) 'example_task_group_decorator' retrieved from /home/airflow/.local/lib/python3.8/site-packages/airflow/example_dags/example_task_group_decorator.py
[2024-04-09T16:45:31.609+0000] {logging_mixin.py:188} INFO - [2024-04-09T16:45:31.608+0000] {dag.py:3047} INFO - Sync 1 DAGs
[2024-04-09T16:45:31.619+0000] {logging_mixin.py:188} INFO - [2024-04-09T16:45:31.619+0000] {dag.py:3834} INFO - Setting next_dagrun for example_task_group_decorator to 2024-04-08 00:00:00+00:00, run_after=2024-04-09 00:00:00+00:00
[2024-04-09T16:45:31.628+0000] {processor.py:183} INFO - Processing /home/airflow/.local/lib/python3.8/site-packages/airflow/example_dags/example_task_group_decorator.py took 0.045 seconds
[2024-04-09T16:46:03.020+0000] {processor.py:161} INFO - Started process (PID=1302) to work on /home/airflow/.local/lib/python3.8/site-packages/airflow/example_dags/example_task_group_decorator.py
[2024-04-09T16:46:03.020+0000] {processor.py:830} INFO - Processing file /home/airflow/.local/lib/python3.8/site-packages/airflow/example_dags/example_task_group_decorator.py for tasks to queue
[2024-04-09T16:46:03.021+0000] {logging_mixin.py:188} INFO - [2024-04-09T16:46:03.021+0000] {dagbag.py:540} INFO - Filling up the DagBag from /home/airflow/.local/lib/python3.8/site-packages/airflow/example_dags/example_task_group_decorator.py
[2024-04-09T16:46:03.028+0000] {processor.py:840} INFO - DAG(s) 'example_task_group_decorator' retrieved from /home/airflow/.local/lib/python3.8/site-packages/airflow/example_dags/example_task_group_decorator.py
[2024-04-09T16:46:03.039+0000] {logging_mixin.py:188} INFO - [2024-04-09T16:46:03.038+0000] {dag.py:3047} INFO - Sync 1 DAGs
[2024-04-09T16:46:03.049+0000] {logging_mixin.py:188} INFO - [2024-04-09T16:46:03.049+0000] {dag.py:3834} INFO - Setting next_dagrun for example_task_group_decorator to 2024-04-08 00:00:00+00:00, run_after=2024-04-09 00:00:00+00:00
[2024-04-09T16:46:03.057+0000] {processor.py:183} INFO - Processing /home/airflow/.local/lib/python3.8/site-packages/airflow/example_dags/example_task_group_decorator.py took 0.039 seconds
[2024-04-09T16:46:34.287+0000] {processor.py:161} INFO - Started process (PID=1364) to work on /home/airflow/.local/lib/python3.8/site-packages/airflow/example_dags/example_task_group_decorator.py
[2024-04-09T16:46:34.289+0000] {processor.py:830} INFO - Processing file /home/airflow/.local/lib/python3.8/site-packages/airflow/example_dags/example_task_group_decorator.py for tasks to queue
[2024-04-09T16:46:34.295+0000] {logging_mixin.py:188} INFO - [2024-04-09T16:46:34.295+0000] {dagbag.py:540} INFO - Filling up the DagBag from /home/airflow/.local/lib/python3.8/site-packages/airflow/example_dags/example_task_group_decorator.py
[2024-04-09T16:46:34.317+0000] {processor.py:840} INFO - DAG(s) 'example_task_group_decorator' retrieved from /home/airflow/.local/lib/python3.8/site-packages/airflow/example_dags/example_task_group_decorator.py
[2024-04-09T16:46:34.338+0000] {logging_mixin.py:188} INFO - [2024-04-09T16:46:34.338+0000] {dag.py:3047} INFO - Sync 1 DAGs
[2024-04-09T16:46:34.371+0000] {logging_mixin.py:188} INFO - [2024-04-09T16:46:34.371+0000] {dag.py:3834} INFO - Setting next_dagrun for example_task_group_decorator to 2024-04-08 00:00:00+00:00, run_after=2024-04-09 00:00:00+00:00
[2024-04-09T16:46:34.383+0000] {processor.py:183} INFO - Processing /home/airflow/.local/lib/python3.8/site-packages/airflow/example_dags/example_task_group_decorator.py took 0.101 seconds
[2024-04-09T16:47:07.263+0000] {processor.py:161} INFO - Started process (PID=1445) to work on /home/airflow/.local/lib/python3.8/site-packages/airflow/example_dags/example_task_group_decorator.py
[2024-04-09T16:47:07.273+0000] {processor.py:830} INFO - Processing file /home/airflow/.local/lib/python3.8/site-packages/airflow/example_dags/example_task_group_decorator.py for tasks to queue
[2024-04-09T16:47:07.278+0000] {logging_mixin.py:188} INFO - [2024-04-09T16:47:07.277+0000] {dagbag.py:540} INFO - Filling up the DagBag from /home/airflow/.local/lib/python3.8/site-packages/airflow/example_dags/example_task_group_decorator.py
[2024-04-09T16:47:07.298+0000] {processor.py:840} INFO - DAG(s) 'example_task_group_decorator' retrieved from /home/airflow/.local/lib/python3.8/site-packages/airflow/example_dags/example_task_group_decorator.py
[2024-04-09T16:47:07.333+0000] {logging_mixin.py:188} INFO - [2024-04-09T16:47:07.333+0000] {dag.py:3047} INFO - Sync 1 DAGs
[2024-04-09T16:47:07.374+0000] {logging_mixin.py:188} INFO - [2024-04-09T16:47:07.373+0000] {dag.py:3834} INFO - Setting next_dagrun for example_task_group_decorator to 2024-04-08 00:00:00+00:00, run_after=2024-04-09 00:00:00+00:00
[2024-04-09T16:47:07.413+0000] {processor.py:183} INFO - Processing /home/airflow/.local/lib/python3.8/site-packages/airflow/example_dags/example_task_group_decorator.py took 0.154 seconds
[2024-04-09T16:47:43.506+0000] {processor.py:161} INFO - Started process (PID=1514) to work on /home/airflow/.local/lib/python3.8/site-packages/airflow/example_dags/example_task_group_decorator.py
[2024-04-09T16:47:43.510+0000] {processor.py:830} INFO - Processing file /home/airflow/.local/lib/python3.8/site-packages/airflow/example_dags/example_task_group_decorator.py for tasks to queue
[2024-04-09T16:47:43.517+0000] {logging_mixin.py:188} INFO - [2024-04-09T16:47:43.516+0000] {dagbag.py:540} INFO - Filling up the DagBag from /home/airflow/.local/lib/python3.8/site-packages/airflow/example_dags/example_task_group_decorator.py
[2024-04-09T16:47:43.619+0000] {processor.py:840} INFO - DAG(s) 'example_task_group_decorator' retrieved from /home/airflow/.local/lib/python3.8/site-packages/airflow/example_dags/example_task_group_decorator.py
[2024-04-09T16:47:43.729+0000] {logging_mixin.py:188} INFO - [2024-04-09T16:47:43.729+0000] {dag.py:3047} INFO - Sync 1 DAGs
[2024-04-09T16:47:43.802+0000] {logging_mixin.py:188} INFO - [2024-04-09T16:47:43.802+0000] {dag.py:3834} INFO - Setting next_dagrun for example_task_group_decorator to 2024-04-08 00:00:00+00:00, run_after=2024-04-09 00:00:00+00:00
[2024-04-09T16:47:43.877+0000] {processor.py:183} INFO - Processing /home/airflow/.local/lib/python3.8/site-packages/airflow/example_dags/example_task_group_decorator.py took 0.381 seconds
[2024-04-09T16:48:13.971+0000] {processor.py:161} INFO - Started process (PID=1572) to work on /home/airflow/.local/lib/python3.8/site-packages/airflow/example_dags/example_task_group_decorator.py
[2024-04-09T16:48:13.972+0000] {processor.py:830} INFO - Processing file /home/airflow/.local/lib/python3.8/site-packages/airflow/example_dags/example_task_group_decorator.py for tasks to queue
[2024-04-09T16:48:13.973+0000] {logging_mixin.py:188} INFO - [2024-04-09T16:48:13.973+0000] {dagbag.py:540} INFO - Filling up the DagBag from /home/airflow/.local/lib/python3.8/site-packages/airflow/example_dags/example_task_group_decorator.py
[2024-04-09T16:48:13.980+0000] {processor.py:840} INFO - DAG(s) 'example_task_group_decorator' retrieved from /home/airflow/.local/lib/python3.8/site-packages/airflow/example_dags/example_task_group_decorator.py
[2024-04-09T16:48:14.002+0000] {logging_mixin.py:188} INFO - [2024-04-09T16:48:14.001+0000] {dag.py:3047} INFO - Sync 1 DAGs
[2024-04-09T16:48:14.015+0000] {logging_mixin.py:188} INFO - [2024-04-09T16:48:14.015+0000] {dag.py:3834} INFO - Setting next_dagrun for example_task_group_decorator to 2024-04-08 00:00:00+00:00, run_after=2024-04-09 00:00:00+00:00
[2024-04-09T16:48:14.024+0000] {processor.py:183} INFO - Processing /home/airflow/.local/lib/python3.8/site-packages/airflow/example_dags/example_task_group_decorator.py took 0.054 seconds
[2024-04-09T16:48:44.161+0000] {processor.py:161} INFO - Started process (PID=1629) to work on /home/airflow/.local/lib/python3.8/site-packages/airflow/example_dags/example_task_group_decorator.py
[2024-04-09T16:48:44.162+0000] {processor.py:830} INFO - Processing file /home/airflow/.local/lib/python3.8/site-packages/airflow/example_dags/example_task_group_decorator.py for tasks to queue
[2024-04-09T16:48:44.163+0000] {logging_mixin.py:188} INFO - [2024-04-09T16:48:44.162+0000] {dagbag.py:540} INFO - Filling up the DagBag from /home/airflow/.local/lib/python3.8/site-packages/airflow/example_dags/example_task_group_decorator.py
[2024-04-09T16:48:44.169+0000] {processor.py:840} INFO - DAG(s) 'example_task_group_decorator' retrieved from /home/airflow/.local/lib/python3.8/site-packages/airflow/example_dags/example_task_group_decorator.py
[2024-04-09T16:48:44.180+0000] {logging_mixin.py:188} INFO - [2024-04-09T16:48:44.180+0000] {dag.py:3047} INFO - Sync 1 DAGs
[2024-04-09T16:48:44.189+0000] {logging_mixin.py:188} INFO - [2024-04-09T16:48:44.189+0000] {dag.py:3834} INFO - Setting next_dagrun for example_task_group_decorator to 2024-04-08 00:00:00+00:00, run_after=2024-04-09 00:00:00+00:00
[2024-04-09T16:48:44.196+0000] {processor.py:183} INFO - Processing /home/airflow/.local/lib/python3.8/site-packages/airflow/example_dags/example_task_group_decorator.py took 0.037 seconds
[2024-04-09T16:49:14.494+0000] {processor.py:161} INFO - Started process (PID=1685) to work on /home/airflow/.local/lib/python3.8/site-packages/airflow/example_dags/example_task_group_decorator.py
[2024-04-09T16:49:14.494+0000] {processor.py:830} INFO - Processing file /home/airflow/.local/lib/python3.8/site-packages/airflow/example_dags/example_task_group_decorator.py for tasks to queue
[2024-04-09T16:49:14.495+0000] {logging_mixin.py:188} INFO - [2024-04-09T16:49:14.495+0000] {dagbag.py:540} INFO - Filling up the DagBag from /home/airflow/.local/lib/python3.8/site-packages/airflow/example_dags/example_task_group_decorator.py
[2024-04-09T16:49:14.501+0000] {processor.py:840} INFO - DAG(s) 'example_task_group_decorator' retrieved from /home/airflow/.local/lib/python3.8/site-packages/airflow/example_dags/example_task_group_decorator.py
[2024-04-09T16:49:14.511+0000] {logging_mixin.py:188} INFO - [2024-04-09T16:49:14.511+0000] {dag.py:3047} INFO - Sync 1 DAGs
[2024-04-09T16:49:14.520+0000] {logging_mixin.py:188} INFO - [2024-04-09T16:49:14.520+0000] {dag.py:3834} INFO - Setting next_dagrun for example_task_group_decorator to 2024-04-08 00:00:00+00:00, run_after=2024-04-09 00:00:00+00:00
[2024-04-09T16:49:14.526+0000] {processor.py:183} INFO - Processing /home/airflow/.local/lib/python3.8/site-packages/airflow/example_dags/example_task_group_decorator.py took 0.034 seconds
[2024-04-09T16:49:45.391+0000] {processor.py:161} INFO - Started process (PID=1742) to work on /home/airflow/.local/lib/python3.8/site-packages/airflow/example_dags/example_task_group_decorator.py
[2024-04-09T16:49:45.391+0000] {processor.py:830} INFO - Processing file /home/airflow/.local/lib/python3.8/site-packages/airflow/example_dags/example_task_group_decorator.py for tasks to queue
[2024-04-09T16:49:45.392+0000] {logging_mixin.py:188} INFO - [2024-04-09T16:49:45.392+0000] {dagbag.py:540} INFO - Filling up the DagBag from /home/airflow/.local/lib/python3.8/site-packages/airflow/example_dags/example_task_group_decorator.py
[2024-04-09T16:49:45.399+0000] {processor.py:840} INFO - DAG(s) 'example_task_group_decorator' retrieved from /home/airflow/.local/lib/python3.8/site-packages/airflow/example_dags/example_task_group_decorator.py
[2024-04-09T16:49:45.408+0000] {logging_mixin.py:188} INFO - [2024-04-09T16:49:45.408+0000] {dag.py:3047} INFO - Sync 1 DAGs
[2024-04-09T16:49:45.417+0000] {logging_mixin.py:188} INFO - [2024-04-09T16:49:45.417+0000] {dag.py:3834} INFO - Setting next_dagrun for example_task_group_decorator to 2024-04-08 00:00:00+00:00, run_after=2024-04-09 00:00:00+00:00
[2024-04-09T16:49:45.425+0000] {processor.py:183} INFO - Processing /home/airflow/.local/lib/python3.8/site-packages/airflow/example_dags/example_task_group_decorator.py took 0.036 seconds
[2024-04-09T16:50:15.518+0000] {processor.py:161} INFO - Started process (PID=1799) to work on /home/airflow/.local/lib/python3.8/site-packages/airflow/example_dags/example_task_group_decorator.py
[2024-04-09T16:50:15.518+0000] {processor.py:830} INFO - Processing file /home/airflow/.local/lib/python3.8/site-packages/airflow/example_dags/example_task_group_decorator.py for tasks to queue
[2024-04-09T16:50:15.519+0000] {logging_mixin.py:188} INFO - [2024-04-09T16:50:15.519+0000] {dagbag.py:540} INFO - Filling up the DagBag from /home/airflow/.local/lib/python3.8/site-packages/airflow/example_dags/example_task_group_decorator.py
[2024-04-09T16:50:15.525+0000] {processor.py:840} INFO - DAG(s) 'example_task_group_decorator' retrieved from /home/airflow/.local/lib/python3.8/site-packages/airflow/example_dags/example_task_group_decorator.py
[2024-04-09T16:50:15.535+0000] {logging_mixin.py:188} INFO - [2024-04-09T16:50:15.535+0000] {dag.py:3047} INFO - Sync 1 DAGs
[2024-04-09T16:50:15.544+0000] {logging_mixin.py:188} INFO - [2024-04-09T16:50:15.544+0000] {dag.py:3834} INFO - Setting next_dagrun for example_task_group_decorator to 2024-04-08 00:00:00+00:00, run_after=2024-04-09 00:00:00+00:00
[2024-04-09T16:50:15.551+0000] {processor.py:183} INFO - Processing /home/airflow/.local/lib/python3.8/site-packages/airflow/example_dags/example_task_group_decorator.py took 0.034 seconds
[2024-04-09T16:50:45.608+0000] {processor.py:161} INFO - Started process (PID=1856) to work on /home/airflow/.local/lib/python3.8/site-packages/airflow/example_dags/example_task_group_decorator.py
[2024-04-09T16:50:45.609+0000] {processor.py:830} INFO - Processing file /home/airflow/.local/lib/python3.8/site-packages/airflow/example_dags/example_task_group_decorator.py for tasks to queue
[2024-04-09T16:50:45.610+0000] {logging_mixin.py:188} INFO - [2024-04-09T16:50:45.610+0000] {dagbag.py:540} INFO - Filling up the DagBag from /home/airflow/.local/lib/python3.8/site-packages/airflow/example_dags/example_task_group_decorator.py
[2024-04-09T16:50:45.616+0000] {processor.py:840} INFO - DAG(s) 'example_task_group_decorator' retrieved from /home/airflow/.local/lib/python3.8/site-packages/airflow/example_dags/example_task_group_decorator.py
[2024-04-09T16:50:45.627+0000] {logging_mixin.py:188} INFO - [2024-04-09T16:50:45.626+0000] {dag.py:3047} INFO - Sync 1 DAGs
[2024-04-09T16:50:45.636+0000] {logging_mixin.py:188} INFO - [2024-04-09T16:50:45.635+0000] {dag.py:3834} INFO - Setting next_dagrun for example_task_group_decorator to 2024-04-08 00:00:00+00:00, run_after=2024-04-09 00:00:00+00:00
[2024-04-09T16:50:45.642+0000] {processor.py:183} INFO - Processing /home/airflow/.local/lib/python3.8/site-packages/airflow/example_dags/example_task_group_decorator.py took 0.036 seconds
[2024-04-09T16:51:16.094+0000] {processor.py:161} INFO - Started process (PID=1914) to work on /home/airflow/.local/lib/python3.8/site-packages/airflow/example_dags/example_task_group_decorator.py
[2024-04-09T16:51:16.095+0000] {processor.py:830} INFO - Processing file /home/airflow/.local/lib/python3.8/site-packages/airflow/example_dags/example_task_group_decorator.py for tasks to queue
[2024-04-09T16:51:16.095+0000] {logging_mixin.py:188} INFO - [2024-04-09T16:51:16.095+0000] {dagbag.py:540} INFO - Filling up the DagBag from /home/airflow/.local/lib/python3.8/site-packages/airflow/example_dags/example_task_group_decorator.py
[2024-04-09T16:51:16.102+0000] {processor.py:840} INFO - DAG(s) 'example_task_group_decorator' retrieved from /home/airflow/.local/lib/python3.8/site-packages/airflow/example_dags/example_task_group_decorator.py
[2024-04-09T16:51:16.115+0000] {logging_mixin.py:188} INFO - [2024-04-09T16:51:16.114+0000] {dag.py:3047} INFO - Sync 1 DAGs
[2024-04-09T16:51:16.134+0000] {logging_mixin.py:188} INFO - [2024-04-09T16:51:16.134+0000] {dag.py:3834} INFO - Setting next_dagrun for example_task_group_decorator to 2024-04-08 00:00:00+00:00, run_after=2024-04-09 00:00:00+00:00
[2024-04-09T16:51:16.142+0000] {processor.py:183} INFO - Processing /home/airflow/.local/lib/python3.8/site-packages/airflow/example_dags/example_task_group_decorator.py took 0.049 seconds
[2024-04-09T16:51:46.189+0000] {processor.py:161} INFO - Started process (PID=1972) to work on /home/airflow/.local/lib/python3.8/site-packages/airflow/example_dags/example_task_group_decorator.py
[2024-04-09T16:51:46.189+0000] {processor.py:830} INFO - Processing file /home/airflow/.local/lib/python3.8/site-packages/airflow/example_dags/example_task_group_decorator.py for tasks to queue
[2024-04-09T16:51:46.190+0000] {logging_mixin.py:188} INFO - [2024-04-09T16:51:46.190+0000] {dagbag.py:540} INFO - Filling up the DagBag from /home/airflow/.local/lib/python3.8/site-packages/airflow/example_dags/example_task_group_decorator.py
[2024-04-09T16:51:46.197+0000] {processor.py:840} INFO - DAG(s) 'example_task_group_decorator' retrieved from /home/airflow/.local/lib/python3.8/site-packages/airflow/example_dags/example_task_group_decorator.py
[2024-04-09T16:51:46.211+0000] {logging_mixin.py:188} INFO - [2024-04-09T16:51:46.211+0000] {dag.py:3047} INFO - Sync 1 DAGs
[2024-04-09T16:51:46.225+0000] {logging_mixin.py:188} INFO - [2024-04-09T16:51:46.225+0000] {dag.py:3834} INFO - Setting next_dagrun for example_task_group_decorator to 2024-04-08 00:00:00+00:00, run_after=2024-04-09 00:00:00+00:00
[2024-04-09T16:51:46.236+0000] {processor.py:183} INFO - Processing /home/airflow/.local/lib/python3.8/site-packages/airflow/example_dags/example_task_group_decorator.py took 0.049 seconds
[2024-04-09T16:52:17.211+0000] {processor.py:161} INFO - Started process (PID=2030) to work on /home/airflow/.local/lib/python3.8/site-packages/airflow/example_dags/example_task_group_decorator.py
[2024-04-09T16:52:17.212+0000] {processor.py:830} INFO - Processing file /home/airflow/.local/lib/python3.8/site-packages/airflow/example_dags/example_task_group_decorator.py for tasks to queue
[2024-04-09T16:52:17.213+0000] {logging_mixin.py:188} INFO - [2024-04-09T16:52:17.213+0000] {dagbag.py:540} INFO - Filling up the DagBag from /home/airflow/.local/lib/python3.8/site-packages/airflow/example_dags/example_task_group_decorator.py
[2024-04-09T16:52:17.221+0000] {processor.py:840} INFO - DAG(s) 'example_task_group_decorator' retrieved from /home/airflow/.local/lib/python3.8/site-packages/airflow/example_dags/example_task_group_decorator.py
[2024-04-09T16:52:17.235+0000] {logging_mixin.py:188} INFO - [2024-04-09T16:52:17.235+0000] {dag.py:3047} INFO - Sync 1 DAGs
[2024-04-09T16:52:17.246+0000] {logging_mixin.py:188} INFO - [2024-04-09T16:52:17.246+0000] {dag.py:3834} INFO - Setting next_dagrun for example_task_group_decorator to 2024-04-08 00:00:00+00:00, run_after=2024-04-09 00:00:00+00:00
[2024-04-09T16:52:17.255+0000] {processor.py:183} INFO - Processing /home/airflow/.local/lib/python3.8/site-packages/airflow/example_dags/example_task_group_decorator.py took 0.047 seconds
[2024-04-09T16:52:47.478+0000] {processor.py:161} INFO - Started process (PID=2110) to work on /home/airflow/.local/lib/python3.8/site-packages/airflow/example_dags/example_task_group_decorator.py
[2024-04-09T16:52:47.478+0000] {processor.py:830} INFO - Processing file /home/airflow/.local/lib/python3.8/site-packages/airflow/example_dags/example_task_group_decorator.py for tasks to queue
[2024-04-09T16:52:47.479+0000] {logging_mixin.py:188} INFO - [2024-04-09T16:52:47.479+0000] {dagbag.py:540} INFO - Filling up the DagBag from /home/airflow/.local/lib/python3.8/site-packages/airflow/example_dags/example_task_group_decorator.py
[2024-04-09T16:52:47.487+0000] {processor.py:840} INFO - DAG(s) 'example_task_group_decorator' retrieved from /home/airflow/.local/lib/python3.8/site-packages/airflow/example_dags/example_task_group_decorator.py
[2024-04-09T16:52:47.500+0000] {logging_mixin.py:188} INFO - [2024-04-09T16:52:47.500+0000] {dag.py:3047} INFO - Sync 1 DAGs
[2024-04-09T16:52:47.516+0000] {logging_mixin.py:188} INFO - [2024-04-09T16:52:47.516+0000] {dag.py:3834} INFO - Setting next_dagrun for example_task_group_decorator to 2024-04-08 00:00:00+00:00, run_after=2024-04-09 00:00:00+00:00
[2024-04-09T16:52:47.525+0000] {processor.py:183} INFO - Processing /home/airflow/.local/lib/python3.8/site-packages/airflow/example_dags/example_task_group_decorator.py took 0.049 seconds
[2024-04-09T16:53:18.975+0000] {processor.py:161} INFO - Started process (PID=2192) to work on /home/airflow/.local/lib/python3.8/site-packages/airflow/example_dags/example_task_group_decorator.py
[2024-04-09T16:53:18.977+0000] {processor.py:830} INFO - Processing file /home/airflow/.local/lib/python3.8/site-packages/airflow/example_dags/example_task_group_decorator.py for tasks to queue
[2024-04-09T16:53:18.984+0000] {logging_mixin.py:188} INFO - [2024-04-09T16:53:18.983+0000] {dagbag.py:540} INFO - Filling up the DagBag from /home/airflow/.local/lib/python3.8/site-packages/airflow/example_dags/example_task_group_decorator.py
[2024-04-09T16:53:19.059+0000] {processor.py:840} INFO - DAG(s) 'example_task_group_decorator' retrieved from /home/airflow/.local/lib/python3.8/site-packages/airflow/example_dags/example_task_group_decorator.py
[2024-04-09T16:53:19.143+0000] {logging_mixin.py:188} INFO - [2024-04-09T16:53:19.142+0000] {dag.py:3047} INFO - Sync 1 DAGs
[2024-04-09T16:53:19.235+0000] {logging_mixin.py:188} INFO - [2024-04-09T16:53:19.234+0000] {dag.py:3834} INFO - Setting next_dagrun for example_task_group_decorator to 2024-04-08 00:00:00+00:00, run_after=2024-04-09 00:00:00+00:00
[2024-04-09T16:53:19.300+0000] {processor.py:183} INFO - Processing /home/airflow/.local/lib/python3.8/site-packages/airflow/example_dags/example_task_group_decorator.py took 0.335 seconds
[2024-04-09T16:53:50.664+0000] {processor.py:161} INFO - Started process (PID=2267) to work on /home/airflow/.local/lib/python3.8/site-packages/airflow/example_dags/example_task_group_decorator.py
[2024-04-09T16:53:50.674+0000] {processor.py:830} INFO - Processing file /home/airflow/.local/lib/python3.8/site-packages/airflow/example_dags/example_task_group_decorator.py for tasks to queue
[2024-04-09T16:53:50.678+0000] {logging_mixin.py:188} INFO - [2024-04-09T16:53:50.676+0000] {dagbag.py:540} INFO - Filling up the DagBag from /home/airflow/.local/lib/python3.8/site-packages/airflow/example_dags/example_task_group_decorator.py
[2024-04-09T16:53:50.730+0000] {processor.py:840} INFO - DAG(s) 'example_task_group_decorator' retrieved from /home/airflow/.local/lib/python3.8/site-packages/airflow/example_dags/example_task_group_decorator.py
[2024-04-09T16:53:50.808+0000] {logging_mixin.py:188} INFO - [2024-04-09T16:53:50.808+0000] {dag.py:3047} INFO - Sync 1 DAGs
[2024-04-09T16:53:50.872+0000] {logging_mixin.py:188} INFO - [2024-04-09T16:53:50.872+0000] {dag.py:3834} INFO - Setting next_dagrun for example_task_group_decorator to 2024-04-08 00:00:00+00:00, run_after=2024-04-09 00:00:00+00:00
[2024-04-09T16:53:50.899+0000] {processor.py:183} INFO - Processing /home/airflow/.local/lib/python3.8/site-packages/airflow/example_dags/example_task_group_decorator.py took 0.249 seconds
[2024-04-09T16:54:21.662+0000] {processor.py:161} INFO - Started process (PID=2337) to work on /home/airflow/.local/lib/python3.8/site-packages/airflow/example_dags/example_task_group_decorator.py
[2024-04-09T16:54:21.671+0000] {processor.py:830} INFO - Processing file /home/airflow/.local/lib/python3.8/site-packages/airflow/example_dags/example_task_group_decorator.py for tasks to queue
[2024-04-09T16:54:21.683+0000] {logging_mixin.py:188} INFO - [2024-04-09T16:54:21.680+0000] {dagbag.py:540} INFO - Filling up the DagBag from /home/airflow/.local/lib/python3.8/site-packages/airflow/example_dags/example_task_group_decorator.py
[2024-04-09T16:54:21.742+0000] {processor.py:840} INFO - DAG(s) 'example_task_group_decorator' retrieved from /home/airflow/.local/lib/python3.8/site-packages/airflow/example_dags/example_task_group_decorator.py
[2024-04-09T16:54:21.855+0000] {logging_mixin.py:188} INFO - [2024-04-09T16:54:21.854+0000] {dag.py:3047} INFO - Sync 1 DAGs
[2024-04-09T16:54:21.991+0000] {logging_mixin.py:188} INFO - [2024-04-09T16:54:21.990+0000] {dag.py:3834} INFO - Setting next_dagrun for example_task_group_decorator to 2024-04-08 00:00:00+00:00, run_after=2024-04-09 00:00:00+00:00
[2024-04-09T16:54:22.119+0000] {processor.py:183} INFO - Processing /home/airflow/.local/lib/python3.8/site-packages/airflow/example_dags/example_task_group_decorator.py took 0.471 seconds
