[2024-04-09T16:35:16.624+0000] {processor.py:161} INFO - Started process (PID=53) to work on /home/airflow/.local/lib/python3.8/site-packages/airflow/example_dags/example_python_decorator.py
[2024-04-09T16:35:16.625+0000] {processor.py:830} INFO - Processing file /home/airflow/.local/lib/python3.8/site-packages/airflow/example_dags/example_python_decorator.py for tasks to queue
[2024-04-09T16:35:16.626+0000] {logging_mixin.py:188} INFO - [2024-04-09T16:35:16.626+0000] {dagbag.py:540} INFO - Filling up the DagBag from /home/airflow/.local/lib/python3.8/site-packages/airflow/example_dags/example_python_decorator.py
[2024-04-09T16:35:16.636+0000] {processor.py:840} INFO - DAG(s) 'example_python_decorator' retrieved from /home/airflow/.local/lib/python3.8/site-packages/airflow/example_dags/example_python_decorator.py
[2024-04-09T16:35:16.642+0000] {logging_mixin.py:188} INFO - [2024-04-09T16:35:16.642+0000] {dag.py:3047} INFO - Sync 1 DAGs
[2024-04-09T16:35:16.649+0000] {logging_mixin.py:188} INFO - [2024-04-09T16:35:16.649+0000] {dag.py:3834} INFO - Setting next_dagrun for example_python_decorator to None, run_after=None
[2024-04-09T16:35:16.660+0000] {processor.py:183} INFO - Processing /home/airflow/.local/lib/python3.8/site-packages/airflow/example_dags/example_python_decorator.py took 0.037 seconds
[2024-04-09T16:35:46.736+0000] {processor.py:161} INFO - Started process (PID=108) to work on /home/airflow/.local/lib/python3.8/site-packages/airflow/example_dags/example_python_decorator.py
[2024-04-09T16:35:46.737+0000] {processor.py:830} INFO - Processing file /home/airflow/.local/lib/python3.8/site-packages/airflow/example_dags/example_python_decorator.py for tasks to queue
[2024-04-09T16:35:46.740+0000] {logging_mixin.py:188} INFO - [2024-04-09T16:35:46.740+0000] {dagbag.py:540} INFO - Filling up the DagBag from /home/airflow/.local/lib/python3.8/site-packages/airflow/example_dags/example_python_decorator.py
[2024-04-09T16:35:46.762+0000] {processor.py:840} INFO - DAG(s) 'example_python_decorator' retrieved from /home/airflow/.local/lib/python3.8/site-packages/airflow/example_dags/example_python_decorator.py
[2024-04-09T16:35:46.837+0000] {logging_mixin.py:188} INFO - [2024-04-09T16:35:46.837+0000] {dag.py:3047} INFO - Sync 1 DAGs
[2024-04-09T16:35:46.844+0000] {logging_mixin.py:188} INFO - [2024-04-09T16:35:46.843+0000] {dag.py:3834} INFO - Setting next_dagrun for example_python_decorator to None, run_after=None
[2024-04-09T16:35:46.855+0000] {processor.py:183} INFO - Processing /home/airflow/.local/lib/python3.8/site-packages/airflow/example_dags/example_python_decorator.py took 0.123 seconds
[2024-04-09T16:36:17.643+0000] {processor.py:161} INFO - Started process (PID=165) to work on /home/airflow/.local/lib/python3.8/site-packages/airflow/example_dags/example_python_decorator.py
[2024-04-09T16:36:17.645+0000] {processor.py:830} INFO - Processing file /home/airflow/.local/lib/python3.8/site-packages/airflow/example_dags/example_python_decorator.py for tasks to queue
[2024-04-09T16:36:17.647+0000] {logging_mixin.py:188} INFO - [2024-04-09T16:36:17.647+0000] {dagbag.py:540} INFO - Filling up the DagBag from /home/airflow/.local/lib/python3.8/site-packages/airflow/example_dags/example_python_decorator.py
[2024-04-09T16:36:17.661+0000] {processor.py:840} INFO - DAG(s) 'example_python_decorator' retrieved from /home/airflow/.local/lib/python3.8/site-packages/airflow/example_dags/example_python_decorator.py
[2024-04-09T16:36:17.687+0000] {logging_mixin.py:188} INFO - [2024-04-09T16:36:17.686+0000] {dag.py:3047} INFO - Sync 1 DAGs
[2024-04-09T16:36:17.696+0000] {logging_mixin.py:188} INFO - [2024-04-09T16:36:17.696+0000] {dag.py:3834} INFO - Setting next_dagrun for example_python_decorator to None, run_after=None
[2024-04-09T16:36:17.708+0000] {processor.py:183} INFO - Processing /home/airflow/.local/lib/python3.8/site-packages/airflow/example_dags/example_python_decorator.py took 0.069 seconds
[2024-04-09T16:36:48.407+0000] {processor.py:161} INFO - Started process (PID=222) to work on /home/airflow/.local/lib/python3.8/site-packages/airflow/example_dags/example_python_decorator.py
[2024-04-09T16:36:48.409+0000] {processor.py:830} INFO - Processing file /home/airflow/.local/lib/python3.8/site-packages/airflow/example_dags/example_python_decorator.py for tasks to queue
[2024-04-09T16:36:48.411+0000] {logging_mixin.py:188} INFO - [2024-04-09T16:36:48.411+0000] {dagbag.py:540} INFO - Filling up the DagBag from /home/airflow/.local/lib/python3.8/site-packages/airflow/example_dags/example_python_decorator.py
[2024-04-09T16:36:48.434+0000] {processor.py:840} INFO - DAG(s) 'example_python_decorator' retrieved from /home/airflow/.local/lib/python3.8/site-packages/airflow/example_dags/example_python_decorator.py
[2024-04-09T16:36:48.454+0000] {logging_mixin.py:188} INFO - [2024-04-09T16:36:48.454+0000] {dag.py:3047} INFO - Sync 1 DAGs
[2024-04-09T16:36:48.466+0000] {logging_mixin.py:188} INFO - [2024-04-09T16:36:48.466+0000] {dag.py:3834} INFO - Setting next_dagrun for example_python_decorator to None, run_after=None
[2024-04-09T16:36:48.485+0000] {processor.py:183} INFO - Processing /home/airflow/.local/lib/python3.8/site-packages/airflow/example_dags/example_python_decorator.py took 0.082 seconds
[2024-04-09T16:37:18.565+0000] {processor.py:161} INFO - Started process (PID=279) to work on /home/airflow/.local/lib/python3.8/site-packages/airflow/example_dags/example_python_decorator.py
[2024-04-09T16:37:18.566+0000] {processor.py:830} INFO - Processing file /home/airflow/.local/lib/python3.8/site-packages/airflow/example_dags/example_python_decorator.py for tasks to queue
[2024-04-09T16:37:18.568+0000] {logging_mixin.py:188} INFO - [2024-04-09T16:37:18.568+0000] {dagbag.py:540} INFO - Filling up the DagBag from /home/airflow/.local/lib/python3.8/site-packages/airflow/example_dags/example_python_decorator.py
[2024-04-09T16:37:18.581+0000] {processor.py:840} INFO - DAG(s) 'example_python_decorator' retrieved from /home/airflow/.local/lib/python3.8/site-packages/airflow/example_dags/example_python_decorator.py
[2024-04-09T16:37:18.603+0000] {logging_mixin.py:188} INFO - [2024-04-09T16:37:18.603+0000] {dag.py:3047} INFO - Sync 1 DAGs
[2024-04-09T16:37:18.614+0000] {logging_mixin.py:188} INFO - [2024-04-09T16:37:18.614+0000] {dag.py:3834} INFO - Setting next_dagrun for example_python_decorator to None, run_after=None
[2024-04-09T16:37:18.623+0000] {processor.py:183} INFO - Processing /home/airflow/.local/lib/python3.8/site-packages/airflow/example_dags/example_python_decorator.py took 0.061 seconds
[2024-04-09T16:37:49.205+0000] {processor.py:161} INFO - Started process (PID=336) to work on /home/airflow/.local/lib/python3.8/site-packages/airflow/example_dags/example_python_decorator.py
[2024-04-09T16:37:49.207+0000] {processor.py:830} INFO - Processing file /home/airflow/.local/lib/python3.8/site-packages/airflow/example_dags/example_python_decorator.py for tasks to queue
[2024-04-09T16:37:49.209+0000] {logging_mixin.py:188} INFO - [2024-04-09T16:37:49.209+0000] {dagbag.py:540} INFO - Filling up the DagBag from /home/airflow/.local/lib/python3.8/site-packages/airflow/example_dags/example_python_decorator.py
[2024-04-09T16:37:49.226+0000] {processor.py:840} INFO - DAG(s) 'example_python_decorator' retrieved from /home/airflow/.local/lib/python3.8/site-packages/airflow/example_dags/example_python_decorator.py
[2024-04-09T16:37:49.256+0000] {logging_mixin.py:188} INFO - [2024-04-09T16:37:49.256+0000] {dag.py:3047} INFO - Sync 1 DAGs
[2024-04-09T16:37:49.264+0000] {logging_mixin.py:188} INFO - [2024-04-09T16:37:49.264+0000] {dag.py:3834} INFO - Setting next_dagrun for example_python_decorator to None, run_after=None
[2024-04-09T16:37:49.273+0000] {processor.py:183} INFO - Processing /home/airflow/.local/lib/python3.8/site-packages/airflow/example_dags/example_python_decorator.py took 0.071 seconds
[2024-04-09T16:38:20.107+0000] {processor.py:161} INFO - Started process (PID=393) to work on /home/airflow/.local/lib/python3.8/site-packages/airflow/example_dags/example_python_decorator.py
[2024-04-09T16:38:20.109+0000] {processor.py:830} INFO - Processing file /home/airflow/.local/lib/python3.8/site-packages/airflow/example_dags/example_python_decorator.py for tasks to queue
[2024-04-09T16:38:20.111+0000] {logging_mixin.py:188} INFO - [2024-04-09T16:38:20.111+0000] {dagbag.py:540} INFO - Filling up the DagBag from /home/airflow/.local/lib/python3.8/site-packages/airflow/example_dags/example_python_decorator.py
[2024-04-09T16:38:20.129+0000] {processor.py:840} INFO - DAG(s) 'example_python_decorator' retrieved from /home/airflow/.local/lib/python3.8/site-packages/airflow/example_dags/example_python_decorator.py
[2024-04-09T16:38:20.156+0000] {logging_mixin.py:188} INFO - [2024-04-09T16:38:20.155+0000] {dag.py:3047} INFO - Sync 1 DAGs
[2024-04-09T16:38:20.164+0000] {logging_mixin.py:188} INFO - [2024-04-09T16:38:20.164+0000] {dag.py:3834} INFO - Setting next_dagrun for example_python_decorator to None, run_after=None
[2024-04-09T16:38:20.176+0000] {processor.py:183} INFO - Processing /home/airflow/.local/lib/python3.8/site-packages/airflow/example_dags/example_python_decorator.py took 0.072 seconds
[2024-04-09T16:38:50.814+0000] {processor.py:161} INFO - Started process (PID=450) to work on /home/airflow/.local/lib/python3.8/site-packages/airflow/example_dags/example_python_decorator.py
[2024-04-09T16:38:50.815+0000] {processor.py:830} INFO - Processing file /home/airflow/.local/lib/python3.8/site-packages/airflow/example_dags/example_python_decorator.py for tasks to queue
[2024-04-09T16:38:50.819+0000] {logging_mixin.py:188} INFO - [2024-04-09T16:38:50.818+0000] {dagbag.py:540} INFO - Filling up the DagBag from /home/airflow/.local/lib/python3.8/site-packages/airflow/example_dags/example_python_decorator.py
[2024-04-09T16:38:50.840+0000] {processor.py:840} INFO - DAG(s) 'example_python_decorator' retrieved from /home/airflow/.local/lib/python3.8/site-packages/airflow/example_dags/example_python_decorator.py
[2024-04-09T16:38:50.862+0000] {logging_mixin.py:188} INFO - [2024-04-09T16:38:50.862+0000] {dag.py:3047} INFO - Sync 1 DAGs
[2024-04-09T16:38:50.872+0000] {logging_mixin.py:188} INFO - [2024-04-09T16:38:50.872+0000] {dag.py:3834} INFO - Setting next_dagrun for example_python_decorator to None, run_after=None
[2024-04-09T16:38:50.883+0000] {processor.py:183} INFO - Processing /home/airflow/.local/lib/python3.8/site-packages/airflow/example_dags/example_python_decorator.py took 0.076 seconds
[2024-04-09T16:39:21.573+0000] {processor.py:161} INFO - Started process (PID=507) to work on /home/airflow/.local/lib/python3.8/site-packages/airflow/example_dags/example_python_decorator.py
[2024-04-09T16:39:21.574+0000] {processor.py:830} INFO - Processing file /home/airflow/.local/lib/python3.8/site-packages/airflow/example_dags/example_python_decorator.py for tasks to queue
[2024-04-09T16:39:21.576+0000] {logging_mixin.py:188} INFO - [2024-04-09T16:39:21.575+0000] {dagbag.py:540} INFO - Filling up the DagBag from /home/airflow/.local/lib/python3.8/site-packages/airflow/example_dags/example_python_decorator.py
[2024-04-09T16:39:21.598+0000] {processor.py:840} INFO - DAG(s) 'example_python_decorator' retrieved from /home/airflow/.local/lib/python3.8/site-packages/airflow/example_dags/example_python_decorator.py
[2024-04-09T16:39:21.622+0000] {logging_mixin.py:188} INFO - [2024-04-09T16:39:21.622+0000] {dag.py:3047} INFO - Sync 1 DAGs
[2024-04-09T16:39:21.630+0000] {logging_mixin.py:188} INFO - [2024-04-09T16:39:21.630+0000] {dag.py:3834} INFO - Setting next_dagrun for example_python_decorator to None, run_after=None
[2024-04-09T16:39:21.640+0000] {processor.py:183} INFO - Processing /home/airflow/.local/lib/python3.8/site-packages/airflow/example_dags/example_python_decorator.py took 0.071 seconds
[2024-04-09T16:39:51.873+0000] {processor.py:161} INFO - Started process (PID=564) to work on /home/airflow/.local/lib/python3.8/site-packages/airflow/example_dags/example_python_decorator.py
[2024-04-09T16:39:51.874+0000] {processor.py:830} INFO - Processing file /home/airflow/.local/lib/python3.8/site-packages/airflow/example_dags/example_python_decorator.py for tasks to queue
[2024-04-09T16:39:51.876+0000] {logging_mixin.py:188} INFO - [2024-04-09T16:39:51.876+0000] {dagbag.py:540} INFO - Filling up the DagBag from /home/airflow/.local/lib/python3.8/site-packages/airflow/example_dags/example_python_decorator.py
[2024-04-09T16:39:51.894+0000] {processor.py:840} INFO - DAG(s) 'example_python_decorator' retrieved from /home/airflow/.local/lib/python3.8/site-packages/airflow/example_dags/example_python_decorator.py
[2024-04-09T16:39:51.911+0000] {logging_mixin.py:188} INFO - [2024-04-09T16:39:51.911+0000] {dag.py:3047} INFO - Sync 1 DAGs
[2024-04-09T16:39:51.918+0000] {logging_mixin.py:188} INFO - [2024-04-09T16:39:51.918+0000] {dag.py:3834} INFO - Setting next_dagrun for example_python_decorator to None, run_after=None
[2024-04-09T16:39:51.928+0000] {processor.py:183} INFO - Processing /home/airflow/.local/lib/python3.8/site-packages/airflow/example_dags/example_python_decorator.py took 0.062 seconds
[2024-04-09T16:40:22.092+0000] {processor.py:161} INFO - Started process (PID=621) to work on /home/airflow/.local/lib/python3.8/site-packages/airflow/example_dags/example_python_decorator.py
[2024-04-09T16:40:22.093+0000] {processor.py:830} INFO - Processing file /home/airflow/.local/lib/python3.8/site-packages/airflow/example_dags/example_python_decorator.py for tasks to queue
[2024-04-09T16:40:22.096+0000] {logging_mixin.py:188} INFO - [2024-04-09T16:40:22.095+0000] {dagbag.py:540} INFO - Filling up the DagBag from /home/airflow/.local/lib/python3.8/site-packages/airflow/example_dags/example_python_decorator.py
[2024-04-09T16:40:22.115+0000] {processor.py:840} INFO - DAG(s) 'example_python_decorator' retrieved from /home/airflow/.local/lib/python3.8/site-packages/airflow/example_dags/example_python_decorator.py
[2024-04-09T16:40:22.130+0000] {logging_mixin.py:188} INFO - [2024-04-09T16:40:22.130+0000] {dag.py:3047} INFO - Sync 1 DAGs
[2024-04-09T16:40:22.139+0000] {logging_mixin.py:188} INFO - [2024-04-09T16:40:22.139+0000] {dag.py:3834} INFO - Setting next_dagrun for example_python_decorator to None, run_after=None
[2024-04-09T16:40:22.150+0000] {processor.py:183} INFO - Processing /home/airflow/.local/lib/python3.8/site-packages/airflow/example_dags/example_python_decorator.py took 0.063 seconds
[2024-04-09T16:40:52.295+0000] {processor.py:161} INFO - Started process (PID=679) to work on /home/airflow/.local/lib/python3.8/site-packages/airflow/example_dags/example_python_decorator.py
[2024-04-09T16:40:52.296+0000] {processor.py:830} INFO - Processing file /home/airflow/.local/lib/python3.8/site-packages/airflow/example_dags/example_python_decorator.py for tasks to queue
[2024-04-09T16:40:52.298+0000] {logging_mixin.py:188} INFO - [2024-04-09T16:40:52.297+0000] {dagbag.py:540} INFO - Filling up the DagBag from /home/airflow/.local/lib/python3.8/site-packages/airflow/example_dags/example_python_decorator.py
[2024-04-09T16:40:52.313+0000] {processor.py:840} INFO - DAG(s) 'example_python_decorator' retrieved from /home/airflow/.local/lib/python3.8/site-packages/airflow/example_dags/example_python_decorator.py
[2024-04-09T16:40:52.328+0000] {logging_mixin.py:188} INFO - [2024-04-09T16:40:52.328+0000] {dag.py:3047} INFO - Sync 1 DAGs
[2024-04-09T16:40:52.335+0000] {logging_mixin.py:188} INFO - [2024-04-09T16:40:52.335+0000] {dag.py:3834} INFO - Setting next_dagrun for example_python_decorator to None, run_after=None
[2024-04-09T16:40:52.343+0000] {processor.py:183} INFO - Processing /home/airflow/.local/lib/python3.8/site-packages/airflow/example_dags/example_python_decorator.py took 0.052 seconds
[2024-04-09T16:41:22.484+0000] {processor.py:161} INFO - Started process (PID=736) to work on /home/airflow/.local/lib/python3.8/site-packages/airflow/example_dags/example_python_decorator.py
[2024-04-09T16:41:22.485+0000] {processor.py:830} INFO - Processing file /home/airflow/.local/lib/python3.8/site-packages/airflow/example_dags/example_python_decorator.py for tasks to queue
[2024-04-09T16:41:22.486+0000] {logging_mixin.py:188} INFO - [2024-04-09T16:41:22.486+0000] {dagbag.py:540} INFO - Filling up the DagBag from /home/airflow/.local/lib/python3.8/site-packages/airflow/example_dags/example_python_decorator.py
[2024-04-09T16:41:22.503+0000] {processor.py:840} INFO - DAG(s) 'example_python_decorator' retrieved from /home/airflow/.local/lib/python3.8/site-packages/airflow/example_dags/example_python_decorator.py
[2024-04-09T16:41:22.519+0000] {logging_mixin.py:188} INFO - [2024-04-09T16:41:22.519+0000] {dag.py:3047} INFO - Sync 1 DAGs
[2024-04-09T16:41:22.526+0000] {logging_mixin.py:188} INFO - [2024-04-09T16:41:22.526+0000] {dag.py:3834} INFO - Setting next_dagrun for example_python_decorator to None, run_after=None
[2024-04-09T16:41:22.535+0000] {processor.py:183} INFO - Processing /home/airflow/.local/lib/python3.8/site-packages/airflow/example_dags/example_python_decorator.py took 0.056 seconds
[2024-04-09T16:41:53.004+0000] {processor.py:161} INFO - Started process (PID=794) to work on /home/airflow/.local/lib/python3.8/site-packages/airflow/example_dags/example_python_decorator.py
[2024-04-09T16:41:53.005+0000] {processor.py:830} INFO - Processing file /home/airflow/.local/lib/python3.8/site-packages/airflow/example_dags/example_python_decorator.py for tasks to queue
[2024-04-09T16:41:53.007+0000] {logging_mixin.py:188} INFO - [2024-04-09T16:41:53.007+0000] {dagbag.py:540} INFO - Filling up the DagBag from /home/airflow/.local/lib/python3.8/site-packages/airflow/example_dags/example_python_decorator.py
[2024-04-09T16:41:53.021+0000] {processor.py:840} INFO - DAG(s) 'example_python_decorator' retrieved from /home/airflow/.local/lib/python3.8/site-packages/airflow/example_dags/example_python_decorator.py
[2024-04-09T16:41:53.036+0000] {logging_mixin.py:188} INFO - [2024-04-09T16:41:53.036+0000] {dag.py:3047} INFO - Sync 1 DAGs
[2024-04-09T16:41:53.043+0000] {logging_mixin.py:188} INFO - [2024-04-09T16:41:53.043+0000] {dag.py:3834} INFO - Setting next_dagrun for example_python_decorator to None, run_after=None
[2024-04-09T16:41:53.052+0000] {processor.py:183} INFO - Processing /home/airflow/.local/lib/python3.8/site-packages/airflow/example_dags/example_python_decorator.py took 0.053 seconds
[2024-04-09T16:42:23.629+0000] {processor.py:161} INFO - Started process (PID=852) to work on /home/airflow/.local/lib/python3.8/site-packages/airflow/example_dags/example_python_decorator.py
[2024-04-09T16:42:23.630+0000] {processor.py:830} INFO - Processing file /home/airflow/.local/lib/python3.8/site-packages/airflow/example_dags/example_python_decorator.py for tasks to queue
[2024-04-09T16:42:23.632+0000] {logging_mixin.py:188} INFO - [2024-04-09T16:42:23.632+0000] {dagbag.py:540} INFO - Filling up the DagBag from /home/airflow/.local/lib/python3.8/site-packages/airflow/example_dags/example_python_decorator.py
[2024-04-09T16:42:23.648+0000] {processor.py:840} INFO - DAG(s) 'example_python_decorator' retrieved from /home/airflow/.local/lib/python3.8/site-packages/airflow/example_dags/example_python_decorator.py
[2024-04-09T16:42:23.663+0000] {logging_mixin.py:188} INFO - [2024-04-09T16:42:23.663+0000] {dag.py:3047} INFO - Sync 1 DAGs
[2024-04-09T16:42:23.670+0000] {logging_mixin.py:188} INFO - [2024-04-09T16:42:23.670+0000] {dag.py:3834} INFO - Setting next_dagrun for example_python_decorator to None, run_after=None
[2024-04-09T16:42:23.679+0000] {processor.py:183} INFO - Processing /home/airflow/.local/lib/python3.8/site-packages/airflow/example_dags/example_python_decorator.py took 0.054 seconds
[2024-04-09T16:42:54.507+0000] {processor.py:161} INFO - Started process (PID=910) to work on /home/airflow/.local/lib/python3.8/site-packages/airflow/example_dags/example_python_decorator.py
[2024-04-09T16:42:54.508+0000] {processor.py:830} INFO - Processing file /home/airflow/.local/lib/python3.8/site-packages/airflow/example_dags/example_python_decorator.py for tasks to queue
[2024-04-09T16:42:54.511+0000] {logging_mixin.py:188} INFO - [2024-04-09T16:42:54.510+0000] {dagbag.py:540} INFO - Filling up the DagBag from /home/airflow/.local/lib/python3.8/site-packages/airflow/example_dags/example_python_decorator.py
[2024-04-09T16:42:54.526+0000] {processor.py:840} INFO - DAG(s) 'example_python_decorator' retrieved from /home/airflow/.local/lib/python3.8/site-packages/airflow/example_dags/example_python_decorator.py
[2024-04-09T16:42:54.542+0000] {logging_mixin.py:188} INFO - [2024-04-09T16:42:54.542+0000] {dag.py:3047} INFO - Sync 1 DAGs
[2024-04-09T16:42:54.550+0000] {logging_mixin.py:188} INFO - [2024-04-09T16:42:54.550+0000] {dag.py:3834} INFO - Setting next_dagrun for example_python_decorator to None, run_after=None
[2024-04-09T16:42:54.559+0000] {processor.py:183} INFO - Processing /home/airflow/.local/lib/python3.8/site-packages/airflow/example_dags/example_python_decorator.py took 0.058 seconds
[2024-04-09T16:43:25.285+0000] {processor.py:161} INFO - Started process (PID=968) to work on /home/airflow/.local/lib/python3.8/site-packages/airflow/example_dags/example_python_decorator.py
[2024-04-09T16:43:25.285+0000] {processor.py:830} INFO - Processing file /home/airflow/.local/lib/python3.8/site-packages/airflow/example_dags/example_python_decorator.py for tasks to queue
[2024-04-09T16:43:25.287+0000] {logging_mixin.py:188} INFO - [2024-04-09T16:43:25.287+0000] {dagbag.py:540} INFO - Filling up the DagBag from /home/airflow/.local/lib/python3.8/site-packages/airflow/example_dags/example_python_decorator.py
[2024-04-09T16:43:25.306+0000] {processor.py:840} INFO - DAG(s) 'example_python_decorator' retrieved from /home/airflow/.local/lib/python3.8/site-packages/airflow/example_dags/example_python_decorator.py
[2024-04-09T16:43:25.323+0000] {logging_mixin.py:188} INFO - [2024-04-09T16:43:25.323+0000] {dag.py:3047} INFO - Sync 1 DAGs
[2024-04-09T16:43:25.331+0000] {logging_mixin.py:188} INFO - [2024-04-09T16:43:25.331+0000] {dag.py:3834} INFO - Setting next_dagrun for example_python_decorator to None, run_after=None
[2024-04-09T16:43:25.341+0000] {processor.py:183} INFO - Processing /home/airflow/.local/lib/python3.8/site-packages/airflow/example_dags/example_python_decorator.py took 0.060 seconds
[2024-04-09T16:43:55.432+0000] {processor.py:161} INFO - Started process (PID=1026) to work on /home/airflow/.local/lib/python3.8/site-packages/airflow/example_dags/example_python_decorator.py
[2024-04-09T16:43:55.434+0000] {processor.py:830} INFO - Processing file /home/airflow/.local/lib/python3.8/site-packages/airflow/example_dags/example_python_decorator.py for tasks to queue
[2024-04-09T16:43:55.435+0000] {logging_mixin.py:188} INFO - [2024-04-09T16:43:55.435+0000] {dagbag.py:540} INFO - Filling up the DagBag from /home/airflow/.local/lib/python3.8/site-packages/airflow/example_dags/example_python_decorator.py
[2024-04-09T16:43:55.451+0000] {processor.py:840} INFO - DAG(s) 'example_python_decorator' retrieved from /home/airflow/.local/lib/python3.8/site-packages/airflow/example_dags/example_python_decorator.py
[2024-04-09T16:43:55.470+0000] {logging_mixin.py:188} INFO - [2024-04-09T16:43:55.469+0000] {dag.py:3047} INFO - Sync 1 DAGs
[2024-04-09T16:43:55.478+0000] {logging_mixin.py:188} INFO - [2024-04-09T16:43:55.478+0000] {dag.py:3834} INFO - Setting next_dagrun for example_python_decorator to None, run_after=None
[2024-04-09T16:43:55.488+0000] {processor.py:183} INFO - Processing /home/airflow/.local/lib/python3.8/site-packages/airflow/example_dags/example_python_decorator.py took 0.059 seconds
[2024-04-09T16:44:25.600+0000] {processor.py:161} INFO - Started process (PID=1084) to work on /home/airflow/.local/lib/python3.8/site-packages/airflow/example_dags/example_python_decorator.py
[2024-04-09T16:44:25.601+0000] {processor.py:830} INFO - Processing file /home/airflow/.local/lib/python3.8/site-packages/airflow/example_dags/example_python_decorator.py for tasks to queue
[2024-04-09T16:44:25.603+0000] {logging_mixin.py:188} INFO - [2024-04-09T16:44:25.603+0000] {dagbag.py:540} INFO - Filling up the DagBag from /home/airflow/.local/lib/python3.8/site-packages/airflow/example_dags/example_python_decorator.py
[2024-04-09T16:44:25.626+0000] {processor.py:840} INFO - DAG(s) 'example_python_decorator' retrieved from /home/airflow/.local/lib/python3.8/site-packages/airflow/example_dags/example_python_decorator.py
[2024-04-09T16:44:25.640+0000] {logging_mixin.py:188} INFO - [2024-04-09T16:44:25.640+0000] {dag.py:3047} INFO - Sync 1 DAGs
[2024-04-09T16:44:25.648+0000] {logging_mixin.py:188} INFO - [2024-04-09T16:44:25.648+0000] {dag.py:3834} INFO - Setting next_dagrun for example_python_decorator to None, run_after=None
[2024-04-09T16:44:25.660+0000] {processor.py:183} INFO - Processing /home/airflow/.local/lib/python3.8/site-packages/airflow/example_dags/example_python_decorator.py took 0.064 seconds
[2024-04-09T16:44:55.960+0000] {processor.py:161} INFO - Started process (PID=1142) to work on /home/airflow/.local/lib/python3.8/site-packages/airflow/example_dags/example_python_decorator.py
[2024-04-09T16:44:55.963+0000] {processor.py:830} INFO - Processing file /home/airflow/.local/lib/python3.8/site-packages/airflow/example_dags/example_python_decorator.py for tasks to queue
[2024-04-09T16:44:55.966+0000] {logging_mixin.py:188} INFO - [2024-04-09T16:44:55.966+0000] {dagbag.py:540} INFO - Filling up the DagBag from /home/airflow/.local/lib/python3.8/site-packages/airflow/example_dags/example_python_decorator.py
[2024-04-09T16:44:55.985+0000] {processor.py:840} INFO - DAG(s) 'example_python_decorator' retrieved from /home/airflow/.local/lib/python3.8/site-packages/airflow/example_dags/example_python_decorator.py
[2024-04-09T16:44:56.016+0000] {logging_mixin.py:188} INFO - [2024-04-09T16:44:56.015+0000] {dag.py:3047} INFO - Sync 1 DAGs
[2024-04-09T16:44:56.026+0000] {logging_mixin.py:188} INFO - [2024-04-09T16:44:56.026+0000] {dag.py:3834} INFO - Setting next_dagrun for example_python_decorator to None, run_after=None
[2024-04-09T16:44:56.036+0000] {processor.py:183} INFO - Processing /home/airflow/.local/lib/python3.8/site-packages/airflow/example_dags/example_python_decorator.py took 0.091 seconds
[2024-04-09T16:45:26.303+0000] {processor.py:161} INFO - Started process (PID=1201) to work on /home/airflow/.local/lib/python3.8/site-packages/airflow/example_dags/example_python_decorator.py
[2024-04-09T16:45:26.304+0000] {processor.py:830} INFO - Processing file /home/airflow/.local/lib/python3.8/site-packages/airflow/example_dags/example_python_decorator.py for tasks to queue
[2024-04-09T16:45:26.306+0000] {logging_mixin.py:188} INFO - [2024-04-09T16:45:26.306+0000] {dagbag.py:540} INFO - Filling up the DagBag from /home/airflow/.local/lib/python3.8/site-packages/airflow/example_dags/example_python_decorator.py
[2024-04-09T16:45:26.323+0000] {processor.py:840} INFO - DAG(s) 'example_python_decorator' retrieved from /home/airflow/.local/lib/python3.8/site-packages/airflow/example_dags/example_python_decorator.py
[2024-04-09T16:45:26.356+0000] {logging_mixin.py:188} INFO - [2024-04-09T16:45:26.355+0000] {dag.py:3047} INFO - Sync 1 DAGs
[2024-04-09T16:45:26.362+0000] {logging_mixin.py:188} INFO - [2024-04-09T16:45:26.362+0000] {dag.py:3834} INFO - Setting next_dagrun for example_python_decorator to None, run_after=None
[2024-04-09T16:45:26.371+0000] {processor.py:183} INFO - Processing /home/airflow/.local/lib/python3.8/site-packages/airflow/example_dags/example_python_decorator.py took 0.072 seconds
[2024-04-09T16:45:56.895+0000] {processor.py:161} INFO - Started process (PID=1263) to work on /home/airflow/.local/lib/python3.8/site-packages/airflow/example_dags/example_python_decorator.py
[2024-04-09T16:45:56.897+0000] {processor.py:830} INFO - Processing file /home/airflow/.local/lib/python3.8/site-packages/airflow/example_dags/example_python_decorator.py for tasks to queue
[2024-04-09T16:45:56.898+0000] {logging_mixin.py:188} INFO - [2024-04-09T16:45:56.898+0000] {dagbag.py:540} INFO - Filling up the DagBag from /home/airflow/.local/lib/python3.8/site-packages/airflow/example_dags/example_python_decorator.py
[2024-04-09T16:45:56.919+0000] {processor.py:840} INFO - DAG(s) 'example_python_decorator' retrieved from /home/airflow/.local/lib/python3.8/site-packages/airflow/example_dags/example_python_decorator.py
[2024-04-09T16:45:56.936+0000] {logging_mixin.py:188} INFO - [2024-04-09T16:45:56.936+0000] {dag.py:3047} INFO - Sync 1 DAGs
[2024-04-09T16:45:56.945+0000] {logging_mixin.py:188} INFO - [2024-04-09T16:45:56.945+0000] {dag.py:3834} INFO - Setting next_dagrun for example_python_decorator to None, run_after=None
[2024-04-09T16:45:56.955+0000] {processor.py:183} INFO - Processing /home/airflow/.local/lib/python3.8/site-packages/airflow/example_dags/example_python_decorator.py took 0.063 seconds
[2024-04-09T16:46:27.470+0000] {processor.py:161} INFO - Started process (PID=1321) to work on /home/airflow/.local/lib/python3.8/site-packages/airflow/example_dags/example_python_decorator.py
[2024-04-09T16:46:27.472+0000] {processor.py:830} INFO - Processing file /home/airflow/.local/lib/python3.8/site-packages/airflow/example_dags/example_python_decorator.py for tasks to queue
[2024-04-09T16:46:27.475+0000] {logging_mixin.py:188} INFO - [2024-04-09T16:46:27.475+0000] {dagbag.py:540} INFO - Filling up the DagBag from /home/airflow/.local/lib/python3.8/site-packages/airflow/example_dags/example_python_decorator.py
[2024-04-09T16:46:27.493+0000] {processor.py:840} INFO - DAG(s) 'example_python_decorator' retrieved from /home/airflow/.local/lib/python3.8/site-packages/airflow/example_dags/example_python_decorator.py
[2024-04-09T16:46:27.517+0000] {logging_mixin.py:188} INFO - [2024-04-09T16:46:27.517+0000] {dag.py:3047} INFO - Sync 1 DAGs
[2024-04-09T16:46:27.530+0000] {logging_mixin.py:188} INFO - [2024-04-09T16:46:27.530+0000] {dag.py:3834} INFO - Setting next_dagrun for example_python_decorator to None, run_after=None
[2024-04-09T16:46:27.540+0000] {processor.py:183} INFO - Processing /home/airflow/.local/lib/python3.8/site-packages/airflow/example_dags/example_python_decorator.py took 0.078 seconds
[2024-04-09T16:46:57.901+0000] {processor.py:161} INFO - Started process (PID=1399) to work on /home/airflow/.local/lib/python3.8/site-packages/airflow/example_dags/example_python_decorator.py
[2024-04-09T16:46:57.916+0000] {processor.py:830} INFO - Processing file /home/airflow/.local/lib/python3.8/site-packages/airflow/example_dags/example_python_decorator.py for tasks to queue
[2024-04-09T16:46:57.937+0000] {logging_mixin.py:188} INFO - [2024-04-09T16:46:57.937+0000] {dagbag.py:540} INFO - Filling up the DagBag from /home/airflow/.local/lib/python3.8/site-packages/airflow/example_dags/example_python_decorator.py
[2024-04-09T16:46:58.035+0000] {processor.py:840} INFO - DAG(s) 'example_python_decorator' retrieved from /home/airflow/.local/lib/python3.8/site-packages/airflow/example_dags/example_python_decorator.py
[2024-04-09T16:46:58.105+0000] {logging_mixin.py:188} INFO - [2024-04-09T16:46:58.105+0000] {dag.py:3047} INFO - Sync 1 DAGs
[2024-04-09T16:46:58.164+0000] {logging_mixin.py:188} INFO - [2024-04-09T16:46:58.160+0000] {dag.py:3834} INFO - Setting next_dagrun for example_python_decorator to None, run_after=None
[2024-04-09T16:46:58.260+0000] {processor.py:183} INFO - Processing /home/airflow/.local/lib/python3.8/site-packages/airflow/example_dags/example_python_decorator.py took 0.391 seconds
[2024-04-09T16:47:29.261+0000] {processor.py:161} INFO - Started process (PID=1481) to work on /home/airflow/.local/lib/python3.8/site-packages/airflow/example_dags/example_python_decorator.py
[2024-04-09T16:47:29.265+0000] {processor.py:830} INFO - Processing file /home/airflow/.local/lib/python3.8/site-packages/airflow/example_dags/example_python_decorator.py for tasks to queue
[2024-04-09T16:47:29.273+0000] {logging_mixin.py:188} INFO - [2024-04-09T16:47:29.272+0000] {dagbag.py:540} INFO - Filling up the DagBag from /home/airflow/.local/lib/python3.8/site-packages/airflow/example_dags/example_python_decorator.py
[2024-04-09T16:47:29.333+0000] {processor.py:840} INFO - DAG(s) 'example_python_decorator' retrieved from /home/airflow/.local/lib/python3.8/site-packages/airflow/example_dags/example_python_decorator.py
[2024-04-09T16:47:29.474+0000] {logging_mixin.py:188} INFO - [2024-04-09T16:47:29.474+0000] {dag.py:3047} INFO - Sync 1 DAGs
[2024-04-09T16:47:29.530+0000] {logging_mixin.py:188} INFO - [2024-04-09T16:47:29.528+0000] {dag.py:3834} INFO - Setting next_dagrun for example_python_decorator to None, run_after=None
[2024-04-09T16:47:29.594+0000] {processor.py:183} INFO - Processing /home/airflow/.local/lib/python3.8/site-packages/airflow/example_dags/example_python_decorator.py took 0.337 seconds
[2024-04-09T16:48:00.270+0000] {processor.py:161} INFO - Started process (PID=1538) to work on /home/airflow/.local/lib/python3.8/site-packages/airflow/example_dags/example_python_decorator.py
[2024-04-09T16:48:00.278+0000] {processor.py:830} INFO - Processing file /home/airflow/.local/lib/python3.8/site-packages/airflow/example_dags/example_python_decorator.py for tasks to queue
[2024-04-09T16:48:00.297+0000] {logging_mixin.py:188} INFO - [2024-04-09T16:48:00.293+0000] {dagbag.py:540} INFO - Filling up the DagBag from /home/airflow/.local/lib/python3.8/site-packages/airflow/example_dags/example_python_decorator.py
[2024-04-09T16:48:00.427+0000] {processor.py:840} INFO - DAG(s) 'example_python_decorator' retrieved from /home/airflow/.local/lib/python3.8/site-packages/airflow/example_dags/example_python_decorator.py
[2024-04-09T16:48:00.709+0000] {logging_mixin.py:188} INFO - [2024-04-09T16:48:00.696+0000] {dag.py:3047} INFO - Sync 1 DAGs
[2024-04-09T16:48:00.775+0000] {logging_mixin.py:188} INFO - [2024-04-09T16:48:00.775+0000] {dag.py:3834} INFO - Setting next_dagrun for example_python_decorator to None, run_after=None
[2024-04-09T16:48:00.962+0000] {processor.py:183} INFO - Processing /home/airflow/.local/lib/python3.8/site-packages/airflow/example_dags/example_python_decorator.py took 0.714 seconds
[2024-04-09T16:48:31.575+0000] {processor.py:161} INFO - Started process (PID=1595) to work on /home/airflow/.local/lib/python3.8/site-packages/airflow/example_dags/example_python_decorator.py
[2024-04-09T16:48:31.577+0000] {processor.py:830} INFO - Processing file /home/airflow/.local/lib/python3.8/site-packages/airflow/example_dags/example_python_decorator.py for tasks to queue
[2024-04-09T16:48:31.579+0000] {logging_mixin.py:188} INFO - [2024-04-09T16:48:31.579+0000] {dagbag.py:540} INFO - Filling up the DagBag from /home/airflow/.local/lib/python3.8/site-packages/airflow/example_dags/example_python_decorator.py
[2024-04-09T16:48:31.598+0000] {processor.py:840} INFO - DAG(s) 'example_python_decorator' retrieved from /home/airflow/.local/lib/python3.8/site-packages/airflow/example_dags/example_python_decorator.py
[2024-04-09T16:48:31.626+0000] {logging_mixin.py:188} INFO - [2024-04-09T16:48:31.626+0000] {dag.py:3047} INFO - Sync 1 DAGs
[2024-04-09T16:48:31.634+0000] {logging_mixin.py:188} INFO - [2024-04-09T16:48:31.634+0000] {dag.py:3834} INFO - Setting next_dagrun for example_python_decorator to None, run_after=None
[2024-04-09T16:48:31.643+0000] {processor.py:183} INFO - Processing /home/airflow/.local/lib/python3.8/site-packages/airflow/example_dags/example_python_decorator.py took 0.071 seconds
[2024-04-09T16:49:01.957+0000] {processor.py:161} INFO - Started process (PID=1652) to work on /home/airflow/.local/lib/python3.8/site-packages/airflow/example_dags/example_python_decorator.py
[2024-04-09T16:49:01.959+0000] {processor.py:830} INFO - Processing file /home/airflow/.local/lib/python3.8/site-packages/airflow/example_dags/example_python_decorator.py for tasks to queue
[2024-04-09T16:49:01.965+0000] {logging_mixin.py:188} INFO - [2024-04-09T16:49:01.964+0000] {dagbag.py:540} INFO - Filling up the DagBag from /home/airflow/.local/lib/python3.8/site-packages/airflow/example_dags/example_python_decorator.py
[2024-04-09T16:49:01.998+0000] {processor.py:840} INFO - DAG(s) 'example_python_decorator' retrieved from /home/airflow/.local/lib/python3.8/site-packages/airflow/example_dags/example_python_decorator.py
[2024-04-09T16:49:02.021+0000] {logging_mixin.py:188} INFO - [2024-04-09T16:49:02.021+0000] {dag.py:3047} INFO - Sync 1 DAGs
[2024-04-09T16:49:02.033+0000] {logging_mixin.py:188} INFO - [2024-04-09T16:49:02.033+0000] {dag.py:3834} INFO - Setting next_dagrun for example_python_decorator to None, run_after=None
[2024-04-09T16:49:02.046+0000] {processor.py:183} INFO - Processing /home/airflow/.local/lib/python3.8/site-packages/airflow/example_dags/example_python_decorator.py took 0.095 seconds
[2024-04-09T16:49:32.156+0000] {processor.py:161} INFO - Started process (PID=1709) to work on /home/airflow/.local/lib/python3.8/site-packages/airflow/example_dags/example_python_decorator.py
[2024-04-09T16:49:32.159+0000] {processor.py:830} INFO - Processing file /home/airflow/.local/lib/python3.8/site-packages/airflow/example_dags/example_python_decorator.py for tasks to queue
[2024-04-09T16:49:32.163+0000] {logging_mixin.py:188} INFO - [2024-04-09T16:49:32.163+0000] {dagbag.py:540} INFO - Filling up the DagBag from /home/airflow/.local/lib/python3.8/site-packages/airflow/example_dags/example_python_decorator.py
[2024-04-09T16:49:32.181+0000] {processor.py:840} INFO - DAG(s) 'example_python_decorator' retrieved from /home/airflow/.local/lib/python3.8/site-packages/airflow/example_dags/example_python_decorator.py
[2024-04-09T16:49:32.196+0000] {logging_mixin.py:188} INFO - [2024-04-09T16:49:32.196+0000] {dag.py:3047} INFO - Sync 1 DAGs
[2024-04-09T16:49:32.209+0000] {logging_mixin.py:188} INFO - [2024-04-09T16:49:32.209+0000] {dag.py:3834} INFO - Setting next_dagrun for example_python_decorator to None, run_after=None
[2024-04-09T16:49:32.228+0000] {processor.py:183} INFO - Processing /home/airflow/.local/lib/python3.8/site-packages/airflow/example_dags/example_python_decorator.py took 0.079 seconds
[2024-04-09T16:50:02.356+0000] {processor.py:161} INFO - Started process (PID=1766) to work on /home/airflow/.local/lib/python3.8/site-packages/airflow/example_dags/example_python_decorator.py
[2024-04-09T16:50:02.359+0000] {processor.py:830} INFO - Processing file /home/airflow/.local/lib/python3.8/site-packages/airflow/example_dags/example_python_decorator.py for tasks to queue
[2024-04-09T16:50:02.365+0000] {logging_mixin.py:188} INFO - [2024-04-09T16:50:02.364+0000] {dagbag.py:540} INFO - Filling up the DagBag from /home/airflow/.local/lib/python3.8/site-packages/airflow/example_dags/example_python_decorator.py
[2024-04-09T16:50:02.395+0000] {processor.py:840} INFO - DAG(s) 'example_python_decorator' retrieved from /home/airflow/.local/lib/python3.8/site-packages/airflow/example_dags/example_python_decorator.py
[2024-04-09T16:50:02.411+0000] {logging_mixin.py:188} INFO - [2024-04-09T16:50:02.411+0000] {dag.py:3047} INFO - Sync 1 DAGs
[2024-04-09T16:50:02.419+0000] {logging_mixin.py:188} INFO - [2024-04-09T16:50:02.419+0000] {dag.py:3834} INFO - Setting next_dagrun for example_python_decorator to None, run_after=None
[2024-04-09T16:50:02.430+0000] {processor.py:183} INFO - Processing /home/airflow/.local/lib/python3.8/site-packages/airflow/example_dags/example_python_decorator.py took 0.089 seconds
[2024-04-09T16:50:33.199+0000] {processor.py:161} INFO - Started process (PID=1823) to work on /home/airflow/.local/lib/python3.8/site-packages/airflow/example_dags/example_python_decorator.py
[2024-04-09T16:50:33.201+0000] {processor.py:830} INFO - Processing file /home/airflow/.local/lib/python3.8/site-packages/airflow/example_dags/example_python_decorator.py for tasks to queue
[2024-04-09T16:50:33.204+0000] {logging_mixin.py:188} INFO - [2024-04-09T16:50:33.203+0000] {dagbag.py:540} INFO - Filling up the DagBag from /home/airflow/.local/lib/python3.8/site-packages/airflow/example_dags/example_python_decorator.py
[2024-04-09T16:50:33.219+0000] {processor.py:840} INFO - DAG(s) 'example_python_decorator' retrieved from /home/airflow/.local/lib/python3.8/site-packages/airflow/example_dags/example_python_decorator.py
[2024-04-09T16:50:33.233+0000] {logging_mixin.py:188} INFO - [2024-04-09T16:50:33.233+0000] {dag.py:3047} INFO - Sync 1 DAGs
[2024-04-09T16:50:33.240+0000] {logging_mixin.py:188} INFO - [2024-04-09T16:50:33.240+0000] {dag.py:3834} INFO - Setting next_dagrun for example_python_decorator to None, run_after=None
[2024-04-09T16:50:33.250+0000] {processor.py:183} INFO - Processing /home/airflow/.local/lib/python3.8/site-packages/airflow/example_dags/example_python_decorator.py took 0.058 seconds
[2024-04-09T16:51:03.815+0000] {processor.py:161} INFO - Started process (PID=1881) to work on /home/airflow/.local/lib/python3.8/site-packages/airflow/example_dags/example_python_decorator.py
[2024-04-09T16:51:03.817+0000] {processor.py:830} INFO - Processing file /home/airflow/.local/lib/python3.8/site-packages/airflow/example_dags/example_python_decorator.py for tasks to queue
[2024-04-09T16:51:03.820+0000] {logging_mixin.py:188} INFO - [2024-04-09T16:51:03.820+0000] {dagbag.py:540} INFO - Filling up the DagBag from /home/airflow/.local/lib/python3.8/site-packages/airflow/example_dags/example_python_decorator.py
[2024-04-09T16:51:03.834+0000] {processor.py:840} INFO - DAG(s) 'example_python_decorator' retrieved from /home/airflow/.local/lib/python3.8/site-packages/airflow/example_dags/example_python_decorator.py
[2024-04-09T16:51:03.848+0000] {logging_mixin.py:188} INFO - [2024-04-09T16:51:03.848+0000] {dag.py:3047} INFO - Sync 1 DAGs
[2024-04-09T16:51:03.863+0000] {logging_mixin.py:188} INFO - [2024-04-09T16:51:03.863+0000] {dag.py:3834} INFO - Setting next_dagrun for example_python_decorator to None, run_after=None
[2024-04-09T16:51:03.873+0000] {processor.py:183} INFO - Processing /home/airflow/.local/lib/python3.8/site-packages/airflow/example_dags/example_python_decorator.py took 0.064 seconds
[2024-04-09T16:51:34.073+0000] {processor.py:161} INFO - Started process (PID=1939) to work on /home/airflow/.local/lib/python3.8/site-packages/airflow/example_dags/example_python_decorator.py
[2024-04-09T16:51:34.075+0000] {processor.py:830} INFO - Processing file /home/airflow/.local/lib/python3.8/site-packages/airflow/example_dags/example_python_decorator.py for tasks to queue
[2024-04-09T16:51:34.077+0000] {logging_mixin.py:188} INFO - [2024-04-09T16:51:34.077+0000] {dagbag.py:540} INFO - Filling up the DagBag from /home/airflow/.local/lib/python3.8/site-packages/airflow/example_dags/example_python_decorator.py
[2024-04-09T16:51:34.096+0000] {processor.py:840} INFO - DAG(s) 'example_python_decorator' retrieved from /home/airflow/.local/lib/python3.8/site-packages/airflow/example_dags/example_python_decorator.py
[2024-04-09T16:51:34.121+0000] {logging_mixin.py:188} INFO - [2024-04-09T16:51:34.121+0000] {dag.py:3047} INFO - Sync 1 DAGs
[2024-04-09T16:51:34.130+0000] {logging_mixin.py:188} INFO - [2024-04-09T16:51:34.130+0000] {dag.py:3834} INFO - Setting next_dagrun for example_python_decorator to None, run_after=None
[2024-04-09T16:51:34.139+0000] {processor.py:183} INFO - Processing /home/airflow/.local/lib/python3.8/site-packages/airflow/example_dags/example_python_decorator.py took 0.072 seconds
[2024-04-09T16:52:04.918+0000] {processor.py:161} INFO - Started process (PID=1997) to work on /home/airflow/.local/lib/python3.8/site-packages/airflow/example_dags/example_python_decorator.py
[2024-04-09T16:52:04.920+0000] {processor.py:830} INFO - Processing file /home/airflow/.local/lib/python3.8/site-packages/airflow/example_dags/example_python_decorator.py for tasks to queue
[2024-04-09T16:52:04.930+0000] {logging_mixin.py:188} INFO - [2024-04-09T16:52:04.929+0000] {dagbag.py:540} INFO - Filling up the DagBag from /home/airflow/.local/lib/python3.8/site-packages/airflow/example_dags/example_python_decorator.py
[2024-04-09T16:52:04.958+0000] {processor.py:840} INFO - DAG(s) 'example_python_decorator' retrieved from /home/airflow/.local/lib/python3.8/site-packages/airflow/example_dags/example_python_decorator.py
[2024-04-09T16:52:04.974+0000] {logging_mixin.py:188} INFO - [2024-04-09T16:52:04.973+0000] {dag.py:3047} INFO - Sync 1 DAGs
[2024-04-09T16:52:04.983+0000] {logging_mixin.py:188} INFO - [2024-04-09T16:52:04.983+0000] {dag.py:3834} INFO - Setting next_dagrun for example_python_decorator to None, run_after=None
[2024-04-09T16:52:04.993+0000] {processor.py:183} INFO - Processing /home/airflow/.local/lib/python3.8/site-packages/airflow/example_dags/example_python_decorator.py took 0.082 seconds
[2024-04-09T16:52:35.332+0000] {processor.py:161} INFO - Started process (PID=2077) to work on /home/airflow/.local/lib/python3.8/site-packages/airflow/example_dags/example_python_decorator.py
[2024-04-09T16:52:35.334+0000] {processor.py:830} INFO - Processing file /home/airflow/.local/lib/python3.8/site-packages/airflow/example_dags/example_python_decorator.py for tasks to queue
[2024-04-09T16:52:35.335+0000] {logging_mixin.py:188} INFO - [2024-04-09T16:52:35.335+0000] {dagbag.py:540} INFO - Filling up the DagBag from /home/airflow/.local/lib/python3.8/site-packages/airflow/example_dags/example_python_decorator.py
[2024-04-09T16:52:35.349+0000] {processor.py:840} INFO - DAG(s) 'example_python_decorator' retrieved from /home/airflow/.local/lib/python3.8/site-packages/airflow/example_dags/example_python_decorator.py
[2024-04-09T16:52:35.362+0000] {logging_mixin.py:188} INFO - [2024-04-09T16:52:35.362+0000] {dag.py:3047} INFO - Sync 1 DAGs
[2024-04-09T16:52:35.383+0000] {logging_mixin.py:188} INFO - [2024-04-09T16:52:35.383+0000] {dag.py:3834} INFO - Setting next_dagrun for example_python_decorator to None, run_after=None
[2024-04-09T16:52:35.395+0000] {processor.py:183} INFO - Processing /home/airflow/.local/lib/python3.8/site-packages/airflow/example_dags/example_python_decorator.py took 0.065 seconds
[2024-04-09T16:53:05.581+0000] {processor.py:161} INFO - Started process (PID=2144) to work on /home/airflow/.local/lib/python3.8/site-packages/airflow/example_dags/example_python_decorator.py
[2024-04-09T16:53:05.583+0000] {processor.py:830} INFO - Processing file /home/airflow/.local/lib/python3.8/site-packages/airflow/example_dags/example_python_decorator.py for tasks to queue
[2024-04-09T16:53:05.585+0000] {logging_mixin.py:188} INFO - [2024-04-09T16:53:05.585+0000] {dagbag.py:540} INFO - Filling up the DagBag from /home/airflow/.local/lib/python3.8/site-packages/airflow/example_dags/example_python_decorator.py
[2024-04-09T16:53:05.609+0000] {processor.py:840} INFO - DAG(s) 'example_python_decorator' retrieved from /home/airflow/.local/lib/python3.8/site-packages/airflow/example_dags/example_python_decorator.py
[2024-04-09T16:53:05.635+0000] {logging_mixin.py:188} INFO - [2024-04-09T16:53:05.635+0000] {dag.py:3047} INFO - Sync 1 DAGs
[2024-04-09T16:53:05.652+0000] {logging_mixin.py:188} INFO - [2024-04-09T16:53:05.652+0000] {dag.py:3834} INFO - Setting next_dagrun for example_python_decorator to None, run_after=None
[2024-04-09T16:53:05.671+0000] {processor.py:183} INFO - Processing /home/airflow/.local/lib/python3.8/site-packages/airflow/example_dags/example_python_decorator.py took 0.092 seconds
[2024-04-09T16:53:36.025+0000] {processor.py:161} INFO - Started process (PID=2223) to work on /home/airflow/.local/lib/python3.8/site-packages/airflow/example_dags/example_python_decorator.py
[2024-04-09T16:53:36.030+0000] {processor.py:830} INFO - Processing file /home/airflow/.local/lib/python3.8/site-packages/airflow/example_dags/example_python_decorator.py for tasks to queue
[2024-04-09T16:53:36.035+0000] {logging_mixin.py:188} INFO - [2024-04-09T16:53:36.035+0000] {dagbag.py:540} INFO - Filling up the DagBag from /home/airflow/.local/lib/python3.8/site-packages/airflow/example_dags/example_python_decorator.py
[2024-04-09T16:53:36.113+0000] {processor.py:840} INFO - DAG(s) 'example_python_decorator' retrieved from /home/airflow/.local/lib/python3.8/site-packages/airflow/example_dags/example_python_decorator.py
[2024-04-09T16:53:36.178+0000] {logging_mixin.py:188} INFO - [2024-04-09T16:53:36.178+0000] {dag.py:3047} INFO - Sync 1 DAGs
[2024-04-09T16:53:36.223+0000] {logging_mixin.py:188} INFO - [2024-04-09T16:53:36.223+0000] {dag.py:3834} INFO - Setting next_dagrun for example_python_decorator to None, run_after=None
[2024-04-09T16:53:36.253+0000] {processor.py:183} INFO - Processing /home/airflow/.local/lib/python3.8/site-packages/airflow/example_dags/example_python_decorator.py took 0.237 seconds
[2024-04-09T16:54:06.614+0000] {processor.py:161} INFO - Started process (PID=2302) to work on /home/airflow/.local/lib/python3.8/site-packages/airflow/example_dags/example_python_decorator.py
[2024-04-09T16:54:06.631+0000] {processor.py:830} INFO - Processing file /home/airflow/.local/lib/python3.8/site-packages/airflow/example_dags/example_python_decorator.py for tasks to queue
[2024-04-09T16:54:06.643+0000] {logging_mixin.py:188} INFO - [2024-04-09T16:54:06.643+0000] {dagbag.py:540} INFO - Filling up the DagBag from /home/airflow/.local/lib/python3.8/site-packages/airflow/example_dags/example_python_decorator.py
[2024-04-09T16:54:06.801+0000] {processor.py:840} INFO - DAG(s) 'example_python_decorator' retrieved from /home/airflow/.local/lib/python3.8/site-packages/airflow/example_dags/example_python_decorator.py
[2024-04-09T16:54:06.945+0000] {logging_mixin.py:188} INFO - [2024-04-09T16:54:06.945+0000] {dag.py:3047} INFO - Sync 1 DAGs
[2024-04-09T16:54:07.114+0000] {logging_mixin.py:188} INFO - [2024-04-09T16:54:07.111+0000] {dag.py:3834} INFO - Setting next_dagrun for example_python_decorator to None, run_after=None
[2024-04-09T16:54:07.201+0000] {processor.py:183} INFO - Processing /home/airflow/.local/lib/python3.8/site-packages/airflow/example_dags/example_python_decorator.py took 0.633 seconds
[2024-04-09T16:54:37.669+0000] {processor.py:161} INFO - Started process (PID=2363) to work on /home/airflow/.local/lib/python3.8/site-packages/airflow/example_dags/example_python_decorator.py
[2024-04-09T16:54:37.670+0000] {processor.py:830} INFO - Processing file /home/airflow/.local/lib/python3.8/site-packages/airflow/example_dags/example_python_decorator.py for tasks to queue
[2024-04-09T16:54:37.671+0000] {logging_mixin.py:188} INFO - [2024-04-09T16:54:37.671+0000] {dagbag.py:540} INFO - Filling up the DagBag from /home/airflow/.local/lib/python3.8/site-packages/airflow/example_dags/example_python_decorator.py
[2024-04-09T16:54:37.681+0000] {processor.py:840} INFO - DAG(s) 'example_python_decorator' retrieved from /home/airflow/.local/lib/python3.8/site-packages/airflow/example_dags/example_python_decorator.py
[2024-04-09T16:54:37.695+0000] {logging_mixin.py:188} INFO - [2024-04-09T16:54:37.694+0000] {dag.py:3047} INFO - Sync 1 DAGs
[2024-04-09T16:54:37.702+0000] {logging_mixin.py:188} INFO - [2024-04-09T16:54:37.702+0000] {dag.py:3834} INFO - Setting next_dagrun for example_python_decorator to None, run_after=None
[2024-04-09T16:54:37.710+0000] {processor.py:183} INFO - Processing /home/airflow/.local/lib/python3.8/site-packages/airflow/example_dags/example_python_decorator.py took 0.045 seconds
