[2024-04-09T16:35:16.897+0000] {processor.py:161} INFO - Started process (PID=57) to work on /home/airflow/.local/lib/python3.8/site-packages/airflow/example_dags/example_sensors.py
[2024-04-09T16:35:16.897+0000] {processor.py:830} INFO - Processing file /home/airflow/.local/lib/python3.8/site-packages/airflow/example_dags/example_sensors.py for tasks to queue
[2024-04-09T16:35:16.898+0000] {logging_mixin.py:188} INFO - [2024-04-09T16:35:16.898+0000] {dagbag.py:540} INFO - Filling up the DagBag from /home/airflow/.local/lib/python3.8/site-packages/airflow/example_dags/example_sensors.py
[2024-04-09T16:35:16.904+0000] {processor.py:840} INFO - DAG(s) 'example_sensors' retrieved from /home/airflow/.local/lib/python3.8/site-packages/airflow/example_dags/example_sensors.py
[2024-04-09T16:35:16.921+0000] {logging_mixin.py:188} INFO - [2024-04-09T16:35:16.920+0000] {dag.py:3047} INFO - Sync 1 DAGs
[2024-04-09T16:35:16.936+0000] {logging_mixin.py:188} INFO - [2024-04-09T16:35:16.936+0000] {dag.py:3834} INFO - Setting next_dagrun for example_sensors to None, run_after=None
[2024-04-09T16:35:16.947+0000] {processor.py:183} INFO - Processing /home/airflow/.local/lib/python3.8/site-packages/airflow/example_dags/example_sensors.py took 0.052 seconds
[2024-04-09T16:35:46.969+0000] {processor.py:161} INFO - Started process (PID=112) to work on /home/airflow/.local/lib/python3.8/site-packages/airflow/example_dags/example_sensors.py
[2024-04-09T16:35:46.970+0000] {processor.py:830} INFO - Processing file /home/airflow/.local/lib/python3.8/site-packages/airflow/example_dags/example_sensors.py for tasks to queue
[2024-04-09T16:35:46.971+0000] {logging_mixin.py:188} INFO - [2024-04-09T16:35:46.971+0000] {dagbag.py:540} INFO - Filling up the DagBag from /home/airflow/.local/lib/python3.8/site-packages/airflow/example_dags/example_sensors.py
[2024-04-09T16:35:46.976+0000] {processor.py:840} INFO - DAG(s) 'example_sensors' retrieved from /home/airflow/.local/lib/python3.8/site-packages/airflow/example_dags/example_sensors.py
[2024-04-09T16:35:47.017+0000] {logging_mixin.py:188} INFO - [2024-04-09T16:35:47.017+0000] {dag.py:3047} INFO - Sync 1 DAGs
[2024-04-09T16:35:47.022+0000] {logging_mixin.py:188} INFO - [2024-04-09T16:35:47.022+0000] {dag.py:3834} INFO - Setting next_dagrun for example_sensors to None, run_after=None
[2024-04-09T16:35:47.029+0000] {processor.py:183} INFO - Processing /home/airflow/.local/lib/python3.8/site-packages/airflow/example_dags/example_sensors.py took 0.062 seconds
[2024-04-09T16:36:17.807+0000] {processor.py:161} INFO - Started process (PID=169) to work on /home/airflow/.local/lib/python3.8/site-packages/airflow/example_dags/example_sensors.py
[2024-04-09T16:36:17.810+0000] {processor.py:830} INFO - Processing file /home/airflow/.local/lib/python3.8/site-packages/airflow/example_dags/example_sensors.py for tasks to queue
[2024-04-09T16:36:17.810+0000] {logging_mixin.py:188} INFO - [2024-04-09T16:36:17.810+0000] {dagbag.py:540} INFO - Filling up the DagBag from /home/airflow/.local/lib/python3.8/site-packages/airflow/example_dags/example_sensors.py
[2024-04-09T16:36:17.815+0000] {processor.py:840} INFO - DAG(s) 'example_sensors' retrieved from /home/airflow/.local/lib/python3.8/site-packages/airflow/example_dags/example_sensors.py
[2024-04-09T16:36:17.827+0000] {logging_mixin.py:188} INFO - [2024-04-09T16:36:17.827+0000] {dag.py:3047} INFO - Sync 1 DAGs
[2024-04-09T16:36:17.832+0000] {logging_mixin.py:188} INFO - [2024-04-09T16:36:17.832+0000] {dag.py:3834} INFO - Setting next_dagrun for example_sensors to None, run_after=None
[2024-04-09T16:36:17.839+0000] {processor.py:183} INFO - Processing /home/airflow/.local/lib/python3.8/site-packages/airflow/example_dags/example_sensors.py took 0.033 seconds
[2024-04-09T16:36:48.560+0000] {processor.py:161} INFO - Started process (PID=226) to work on /home/airflow/.local/lib/python3.8/site-packages/airflow/example_dags/example_sensors.py
[2024-04-09T16:36:48.561+0000] {processor.py:830} INFO - Processing file /home/airflow/.local/lib/python3.8/site-packages/airflow/example_dags/example_sensors.py for tasks to queue
[2024-04-09T16:36:48.562+0000] {logging_mixin.py:188} INFO - [2024-04-09T16:36:48.561+0000] {dagbag.py:540} INFO - Filling up the DagBag from /home/airflow/.local/lib/python3.8/site-packages/airflow/example_dags/example_sensors.py
[2024-04-09T16:36:48.566+0000] {processor.py:840} INFO - DAG(s) 'example_sensors' retrieved from /home/airflow/.local/lib/python3.8/site-packages/airflow/example_dags/example_sensors.py
[2024-04-09T16:36:48.577+0000] {logging_mixin.py:188} INFO - [2024-04-09T16:36:48.577+0000] {dag.py:3047} INFO - Sync 1 DAGs
[2024-04-09T16:36:48.582+0000] {logging_mixin.py:188} INFO - [2024-04-09T16:36:48.582+0000] {dag.py:3834} INFO - Setting next_dagrun for example_sensors to None, run_after=None
[2024-04-09T16:36:48.590+0000] {processor.py:183} INFO - Processing /home/airflow/.local/lib/python3.8/site-packages/airflow/example_dags/example_sensors.py took 0.031 seconds
[2024-04-09T16:37:18.695+0000] {processor.py:161} INFO - Started process (PID=283) to work on /home/airflow/.local/lib/python3.8/site-packages/airflow/example_dags/example_sensors.py
[2024-04-09T16:37:18.695+0000] {processor.py:830} INFO - Processing file /home/airflow/.local/lib/python3.8/site-packages/airflow/example_dags/example_sensors.py for tasks to queue
[2024-04-09T16:37:18.696+0000] {logging_mixin.py:188} INFO - [2024-04-09T16:37:18.696+0000] {dagbag.py:540} INFO - Filling up the DagBag from /home/airflow/.local/lib/python3.8/site-packages/airflow/example_dags/example_sensors.py
[2024-04-09T16:37:18.700+0000] {processor.py:840} INFO - DAG(s) 'example_sensors' retrieved from /home/airflow/.local/lib/python3.8/site-packages/airflow/example_dags/example_sensors.py
[2024-04-09T16:37:18.710+0000] {logging_mixin.py:188} INFO - [2024-04-09T16:37:18.710+0000] {dag.py:3047} INFO - Sync 1 DAGs
[2024-04-09T16:37:18.715+0000] {logging_mixin.py:188} INFO - [2024-04-09T16:37:18.715+0000] {dag.py:3834} INFO - Setting next_dagrun for example_sensors to None, run_after=None
[2024-04-09T16:37:18.722+0000] {processor.py:183} INFO - Processing /home/airflow/.local/lib/python3.8/site-packages/airflow/example_dags/example_sensors.py took 0.029 seconds
[2024-04-09T16:37:49.335+0000] {processor.py:161} INFO - Started process (PID=340) to work on /home/airflow/.local/lib/python3.8/site-packages/airflow/example_dags/example_sensors.py
[2024-04-09T16:37:49.336+0000] {processor.py:830} INFO - Processing file /home/airflow/.local/lib/python3.8/site-packages/airflow/example_dags/example_sensors.py for tasks to queue
[2024-04-09T16:37:49.337+0000] {logging_mixin.py:188} INFO - [2024-04-09T16:37:49.337+0000] {dagbag.py:540} INFO - Filling up the DagBag from /home/airflow/.local/lib/python3.8/site-packages/airflow/example_dags/example_sensors.py
[2024-04-09T16:37:49.341+0000] {processor.py:840} INFO - DAG(s) 'example_sensors' retrieved from /home/airflow/.local/lib/python3.8/site-packages/airflow/example_dags/example_sensors.py
[2024-04-09T16:37:49.351+0000] {logging_mixin.py:188} INFO - [2024-04-09T16:37:49.351+0000] {dag.py:3047} INFO - Sync 1 DAGs
[2024-04-09T16:37:49.357+0000] {logging_mixin.py:188} INFO - [2024-04-09T16:37:49.357+0000] {dag.py:3834} INFO - Setting next_dagrun for example_sensors to None, run_after=None
[2024-04-09T16:37:49.364+0000] {processor.py:183} INFO - Processing /home/airflow/.local/lib/python3.8/site-packages/airflow/example_dags/example_sensors.py took 0.030 seconds
[2024-04-09T16:38:20.262+0000] {processor.py:161} INFO - Started process (PID=397) to work on /home/airflow/.local/lib/python3.8/site-packages/airflow/example_dags/example_sensors.py
[2024-04-09T16:38:20.263+0000] {processor.py:830} INFO - Processing file /home/airflow/.local/lib/python3.8/site-packages/airflow/example_dags/example_sensors.py for tasks to queue
[2024-04-09T16:38:20.264+0000] {logging_mixin.py:188} INFO - [2024-04-09T16:38:20.264+0000] {dagbag.py:540} INFO - Filling up the DagBag from /home/airflow/.local/lib/python3.8/site-packages/airflow/example_dags/example_sensors.py
[2024-04-09T16:38:20.269+0000] {processor.py:840} INFO - DAG(s) 'example_sensors' retrieved from /home/airflow/.local/lib/python3.8/site-packages/airflow/example_dags/example_sensors.py
[2024-04-09T16:38:20.280+0000] {logging_mixin.py:188} INFO - [2024-04-09T16:38:20.280+0000] {dag.py:3047} INFO - Sync 1 DAGs
[2024-04-09T16:38:20.286+0000] {logging_mixin.py:188} INFO - [2024-04-09T16:38:20.286+0000] {dag.py:3834} INFO - Setting next_dagrun for example_sensors to None, run_after=None
[2024-04-09T16:38:20.294+0000] {processor.py:183} INFO - Processing /home/airflow/.local/lib/python3.8/site-packages/airflow/example_dags/example_sensors.py took 0.034 seconds
[2024-04-09T16:38:50.942+0000] {processor.py:161} INFO - Started process (PID=454) to work on /home/airflow/.local/lib/python3.8/site-packages/airflow/example_dags/example_sensors.py
[2024-04-09T16:38:50.943+0000] {processor.py:830} INFO - Processing file /home/airflow/.local/lib/python3.8/site-packages/airflow/example_dags/example_sensors.py for tasks to queue
[2024-04-09T16:38:50.944+0000] {logging_mixin.py:188} INFO - [2024-04-09T16:38:50.944+0000] {dagbag.py:540} INFO - Filling up the DagBag from /home/airflow/.local/lib/python3.8/site-packages/airflow/example_dags/example_sensors.py
[2024-04-09T16:38:50.948+0000] {processor.py:840} INFO - DAG(s) 'example_sensors' retrieved from /home/airflow/.local/lib/python3.8/site-packages/airflow/example_dags/example_sensors.py
[2024-04-09T16:38:50.959+0000] {logging_mixin.py:188} INFO - [2024-04-09T16:38:50.959+0000] {dag.py:3047} INFO - Sync 1 DAGs
[2024-04-09T16:38:50.964+0000] {logging_mixin.py:188} INFO - [2024-04-09T16:38:50.963+0000] {dag.py:3834} INFO - Setting next_dagrun for example_sensors to None, run_after=None
[2024-04-09T16:38:50.970+0000] {processor.py:183} INFO - Processing /home/airflow/.local/lib/python3.8/site-packages/airflow/example_dags/example_sensors.py took 0.029 seconds
[2024-04-09T16:39:21.718+0000] {processor.py:161} INFO - Started process (PID=511) to work on /home/airflow/.local/lib/python3.8/site-packages/airflow/example_dags/example_sensors.py
[2024-04-09T16:39:21.718+0000] {processor.py:830} INFO - Processing file /home/airflow/.local/lib/python3.8/site-packages/airflow/example_dags/example_sensors.py for tasks to queue
[2024-04-09T16:39:21.719+0000] {logging_mixin.py:188} INFO - [2024-04-09T16:39:21.719+0000] {dagbag.py:540} INFO - Filling up the DagBag from /home/airflow/.local/lib/python3.8/site-packages/airflow/example_dags/example_sensors.py
[2024-04-09T16:39:21.723+0000] {processor.py:840} INFO - DAG(s) 'example_sensors' retrieved from /home/airflow/.local/lib/python3.8/site-packages/airflow/example_dags/example_sensors.py
[2024-04-09T16:39:21.734+0000] {logging_mixin.py:188} INFO - [2024-04-09T16:39:21.734+0000] {dag.py:3047} INFO - Sync 1 DAGs
[2024-04-09T16:39:21.740+0000] {logging_mixin.py:188} INFO - [2024-04-09T16:39:21.740+0000] {dag.py:3834} INFO - Setting next_dagrun for example_sensors to None, run_after=None
[2024-04-09T16:39:21.747+0000] {processor.py:183} INFO - Processing /home/airflow/.local/lib/python3.8/site-packages/airflow/example_dags/example_sensors.py took 0.031 seconds
[2024-04-09T16:39:52.047+0000] {processor.py:161} INFO - Started process (PID=568) to work on /home/airflow/.local/lib/python3.8/site-packages/airflow/example_dags/example_sensors.py
[2024-04-09T16:39:52.048+0000] {processor.py:830} INFO - Processing file /home/airflow/.local/lib/python3.8/site-packages/airflow/example_dags/example_sensors.py for tasks to queue
[2024-04-09T16:39:52.049+0000] {logging_mixin.py:188} INFO - [2024-04-09T16:39:52.048+0000] {dagbag.py:540} INFO - Filling up the DagBag from /home/airflow/.local/lib/python3.8/site-packages/airflow/example_dags/example_sensors.py
[2024-04-09T16:39:52.053+0000] {processor.py:840} INFO - DAG(s) 'example_sensors' retrieved from /home/airflow/.local/lib/python3.8/site-packages/airflow/example_dags/example_sensors.py
[2024-04-09T16:39:52.065+0000] {logging_mixin.py:188} INFO - [2024-04-09T16:39:52.065+0000] {dag.py:3047} INFO - Sync 1 DAGs
[2024-04-09T16:39:52.070+0000] {logging_mixin.py:188} INFO - [2024-04-09T16:39:52.070+0000] {dag.py:3834} INFO - Setting next_dagrun for example_sensors to None, run_after=None
[2024-04-09T16:39:52.078+0000] {processor.py:183} INFO - Processing /home/airflow/.local/lib/python3.8/site-packages/airflow/example_dags/example_sensors.py took 0.032 seconds
[2024-04-09T16:40:22.224+0000] {processor.py:161} INFO - Started process (PID=625) to work on /home/airflow/.local/lib/python3.8/site-packages/airflow/example_dags/example_sensors.py
[2024-04-09T16:40:22.224+0000] {processor.py:830} INFO - Processing file /home/airflow/.local/lib/python3.8/site-packages/airflow/example_dags/example_sensors.py for tasks to queue
[2024-04-09T16:40:22.225+0000] {logging_mixin.py:188} INFO - [2024-04-09T16:40:22.225+0000] {dagbag.py:540} INFO - Filling up the DagBag from /home/airflow/.local/lib/python3.8/site-packages/airflow/example_dags/example_sensors.py
[2024-04-09T16:40:22.229+0000] {processor.py:840} INFO - DAG(s) 'example_sensors' retrieved from /home/airflow/.local/lib/python3.8/site-packages/airflow/example_dags/example_sensors.py
[2024-04-09T16:40:22.240+0000] {logging_mixin.py:188} INFO - [2024-04-09T16:40:22.240+0000] {dag.py:3047} INFO - Sync 1 DAGs
[2024-04-09T16:40:22.245+0000] {logging_mixin.py:188} INFO - [2024-04-09T16:40:22.245+0000] {dag.py:3834} INFO - Setting next_dagrun for example_sensors to None, run_after=None
[2024-04-09T16:40:22.252+0000] {processor.py:183} INFO - Processing /home/airflow/.local/lib/python3.8/site-packages/airflow/example_dags/example_sensors.py took 0.030 seconds
[2024-04-09T16:40:52.434+0000] {processor.py:161} INFO - Started process (PID=683) to work on /home/airflow/.local/lib/python3.8/site-packages/airflow/example_dags/example_sensors.py
[2024-04-09T16:40:52.436+0000] {processor.py:830} INFO - Processing file /home/airflow/.local/lib/python3.8/site-packages/airflow/example_dags/example_sensors.py for tasks to queue
[2024-04-09T16:40:52.438+0000] {logging_mixin.py:188} INFO - [2024-04-09T16:40:52.438+0000] {dagbag.py:540} INFO - Filling up the DagBag from /home/airflow/.local/lib/python3.8/site-packages/airflow/example_dags/example_sensors.py
[2024-04-09T16:40:52.447+0000] {processor.py:840} INFO - DAG(s) 'example_sensors' retrieved from /home/airflow/.local/lib/python3.8/site-packages/airflow/example_dags/example_sensors.py
[2024-04-09T16:40:52.462+0000] {logging_mixin.py:188} INFO - [2024-04-09T16:40:52.462+0000] {dag.py:3047} INFO - Sync 1 DAGs
[2024-04-09T16:40:52.467+0000] {logging_mixin.py:188} INFO - [2024-04-09T16:40:52.467+0000] {dag.py:3834} INFO - Setting next_dagrun for example_sensors to None, run_after=None
[2024-04-09T16:40:52.476+0000] {processor.py:183} INFO - Processing /home/airflow/.local/lib/python3.8/site-packages/airflow/example_dags/example_sensors.py took 0.046 seconds
[2024-04-09T16:41:22.601+0000] {processor.py:161} INFO - Started process (PID=740) to work on /home/airflow/.local/lib/python3.8/site-packages/airflow/example_dags/example_sensors.py
[2024-04-09T16:41:22.601+0000] {processor.py:830} INFO - Processing file /home/airflow/.local/lib/python3.8/site-packages/airflow/example_dags/example_sensors.py for tasks to queue
[2024-04-09T16:41:22.602+0000] {logging_mixin.py:188} INFO - [2024-04-09T16:41:22.602+0000] {dagbag.py:540} INFO - Filling up the DagBag from /home/airflow/.local/lib/python3.8/site-packages/airflow/example_dags/example_sensors.py
[2024-04-09T16:41:22.606+0000] {processor.py:840} INFO - DAG(s) 'example_sensors' retrieved from /home/airflow/.local/lib/python3.8/site-packages/airflow/example_dags/example_sensors.py
[2024-04-09T16:41:22.616+0000] {logging_mixin.py:188} INFO - [2024-04-09T16:41:22.616+0000] {dag.py:3047} INFO - Sync 1 DAGs
[2024-04-09T16:41:22.621+0000] {logging_mixin.py:188} INFO - [2024-04-09T16:41:22.620+0000] {dag.py:3834} INFO - Setting next_dagrun for example_sensors to None, run_after=None
[2024-04-09T16:41:22.627+0000] {processor.py:183} INFO - Processing /home/airflow/.local/lib/python3.8/site-packages/airflow/example_dags/example_sensors.py took 0.029 seconds
[2024-04-09T16:41:53.128+0000] {processor.py:161} INFO - Started process (PID=798) to work on /home/airflow/.local/lib/python3.8/site-packages/airflow/example_dags/example_sensors.py
[2024-04-09T16:41:53.131+0000] {processor.py:830} INFO - Processing file /home/airflow/.local/lib/python3.8/site-packages/airflow/example_dags/example_sensors.py for tasks to queue
[2024-04-09T16:41:53.131+0000] {logging_mixin.py:188} INFO - [2024-04-09T16:41:53.131+0000] {dagbag.py:540} INFO - Filling up the DagBag from /home/airflow/.local/lib/python3.8/site-packages/airflow/example_dags/example_sensors.py
[2024-04-09T16:41:53.136+0000] {processor.py:840} INFO - DAG(s) 'example_sensors' retrieved from /home/airflow/.local/lib/python3.8/site-packages/airflow/example_dags/example_sensors.py
[2024-04-09T16:41:53.146+0000] {logging_mixin.py:188} INFO - [2024-04-09T16:41:53.146+0000] {dag.py:3047} INFO - Sync 1 DAGs
[2024-04-09T16:41:53.152+0000] {logging_mixin.py:188} INFO - [2024-04-09T16:41:53.152+0000] {dag.py:3834} INFO - Setting next_dagrun for example_sensors to None, run_after=None
[2024-04-09T16:41:53.159+0000] {processor.py:183} INFO - Processing /home/airflow/.local/lib/python3.8/site-packages/airflow/example_dags/example_sensors.py took 0.032 seconds
[2024-04-09T16:42:23.791+0000] {processor.py:161} INFO - Started process (PID=856) to work on /home/airflow/.local/lib/python3.8/site-packages/airflow/example_dags/example_sensors.py
[2024-04-09T16:42:23.791+0000] {processor.py:830} INFO - Processing file /home/airflow/.local/lib/python3.8/site-packages/airflow/example_dags/example_sensors.py for tasks to queue
[2024-04-09T16:42:23.792+0000] {logging_mixin.py:188} INFO - [2024-04-09T16:42:23.792+0000] {dagbag.py:540} INFO - Filling up the DagBag from /home/airflow/.local/lib/python3.8/site-packages/airflow/example_dags/example_sensors.py
[2024-04-09T16:42:23.796+0000] {processor.py:840} INFO - DAG(s) 'example_sensors' retrieved from /home/airflow/.local/lib/python3.8/site-packages/airflow/example_dags/example_sensors.py
[2024-04-09T16:42:23.808+0000] {logging_mixin.py:188} INFO - [2024-04-09T16:42:23.808+0000] {dag.py:3047} INFO - Sync 1 DAGs
[2024-04-09T16:42:23.813+0000] {logging_mixin.py:188} INFO - [2024-04-09T16:42:23.813+0000] {dag.py:3834} INFO - Setting next_dagrun for example_sensors to None, run_after=None
[2024-04-09T16:42:23.820+0000] {processor.py:183} INFO - Processing /home/airflow/.local/lib/python3.8/site-packages/airflow/example_dags/example_sensors.py took 0.031 seconds
[2024-04-09T16:42:54.621+0000] {processor.py:161} INFO - Started process (PID=914) to work on /home/airflow/.local/lib/python3.8/site-packages/airflow/example_dags/example_sensors.py
[2024-04-09T16:42:54.621+0000] {processor.py:830} INFO - Processing file /home/airflow/.local/lib/python3.8/site-packages/airflow/example_dags/example_sensors.py for tasks to queue
[2024-04-09T16:42:54.622+0000] {logging_mixin.py:188} INFO - [2024-04-09T16:42:54.622+0000] {dagbag.py:540} INFO - Filling up the DagBag from /home/airflow/.local/lib/python3.8/site-packages/airflow/example_dags/example_sensors.py
[2024-04-09T16:42:54.627+0000] {processor.py:840} INFO - DAG(s) 'example_sensors' retrieved from /home/airflow/.local/lib/python3.8/site-packages/airflow/example_dags/example_sensors.py
[2024-04-09T16:42:54.638+0000] {logging_mixin.py:188} INFO - [2024-04-09T16:42:54.638+0000] {dag.py:3047} INFO - Sync 1 DAGs
[2024-04-09T16:42:54.643+0000] {logging_mixin.py:188} INFO - [2024-04-09T16:42:54.643+0000] {dag.py:3834} INFO - Setting next_dagrun for example_sensors to None, run_after=None
[2024-04-09T16:42:54.650+0000] {processor.py:183} INFO - Processing /home/airflow/.local/lib/python3.8/site-packages/airflow/example_dags/example_sensors.py took 0.030 seconds
[2024-04-09T16:43:25.429+0000] {processor.py:161} INFO - Started process (PID=972) to work on /home/airflow/.local/lib/python3.8/site-packages/airflow/example_dags/example_sensors.py
[2024-04-09T16:43:25.430+0000] {processor.py:830} INFO - Processing file /home/airflow/.local/lib/python3.8/site-packages/airflow/example_dags/example_sensors.py for tasks to queue
[2024-04-09T16:43:25.431+0000] {logging_mixin.py:188} INFO - [2024-04-09T16:43:25.431+0000] {dagbag.py:540} INFO - Filling up the DagBag from /home/airflow/.local/lib/python3.8/site-packages/airflow/example_dags/example_sensors.py
[2024-04-09T16:43:25.436+0000] {processor.py:840} INFO - DAG(s) 'example_sensors' retrieved from /home/airflow/.local/lib/python3.8/site-packages/airflow/example_dags/example_sensors.py
[2024-04-09T16:43:25.447+0000] {logging_mixin.py:188} INFO - [2024-04-09T16:43:25.447+0000] {dag.py:3047} INFO - Sync 1 DAGs
[2024-04-09T16:43:25.453+0000] {logging_mixin.py:188} INFO - [2024-04-09T16:43:25.453+0000] {dag.py:3834} INFO - Setting next_dagrun for example_sensors to None, run_after=None
[2024-04-09T16:43:25.460+0000] {processor.py:183} INFO - Processing /home/airflow/.local/lib/python3.8/site-packages/airflow/example_dags/example_sensors.py took 0.033 seconds
[2024-04-09T16:43:55.563+0000] {processor.py:161} INFO - Started process (PID=1030) to work on /home/airflow/.local/lib/python3.8/site-packages/airflow/example_dags/example_sensors.py
[2024-04-09T16:43:55.563+0000] {processor.py:830} INFO - Processing file /home/airflow/.local/lib/python3.8/site-packages/airflow/example_dags/example_sensors.py for tasks to queue
[2024-04-09T16:43:55.564+0000] {logging_mixin.py:188} INFO - [2024-04-09T16:43:55.564+0000] {dagbag.py:540} INFO - Filling up the DagBag from /home/airflow/.local/lib/python3.8/site-packages/airflow/example_dags/example_sensors.py
[2024-04-09T16:43:55.568+0000] {processor.py:840} INFO - DAG(s) 'example_sensors' retrieved from /home/airflow/.local/lib/python3.8/site-packages/airflow/example_dags/example_sensors.py
[2024-04-09T16:43:55.579+0000] {logging_mixin.py:188} INFO - [2024-04-09T16:43:55.579+0000] {dag.py:3047} INFO - Sync 1 DAGs
[2024-04-09T16:43:55.584+0000] {logging_mixin.py:188} INFO - [2024-04-09T16:43:55.584+0000] {dag.py:3834} INFO - Setting next_dagrun for example_sensors to None, run_after=None
[2024-04-09T16:43:55.591+0000] {processor.py:183} INFO - Processing /home/airflow/.local/lib/python3.8/site-packages/airflow/example_dags/example_sensors.py took 0.030 seconds
[2024-04-09T16:44:25.766+0000] {processor.py:161} INFO - Started process (PID=1088) to work on /home/airflow/.local/lib/python3.8/site-packages/airflow/example_dags/example_sensors.py
[2024-04-09T16:44:25.767+0000] {processor.py:830} INFO - Processing file /home/airflow/.local/lib/python3.8/site-packages/airflow/example_dags/example_sensors.py for tasks to queue
[2024-04-09T16:44:25.768+0000] {logging_mixin.py:188} INFO - [2024-04-09T16:44:25.767+0000] {dagbag.py:540} INFO - Filling up the DagBag from /home/airflow/.local/lib/python3.8/site-packages/airflow/example_dags/example_sensors.py
[2024-04-09T16:44:25.772+0000] {processor.py:840} INFO - DAG(s) 'example_sensors' retrieved from /home/airflow/.local/lib/python3.8/site-packages/airflow/example_dags/example_sensors.py
[2024-04-09T16:44:25.784+0000] {logging_mixin.py:188} INFO - [2024-04-09T16:44:25.784+0000] {dag.py:3047} INFO - Sync 1 DAGs
[2024-04-09T16:44:25.789+0000] {logging_mixin.py:188} INFO - [2024-04-09T16:44:25.789+0000] {dag.py:3834} INFO - Setting next_dagrun for example_sensors to None, run_after=None
[2024-04-09T16:44:25.796+0000] {processor.py:183} INFO - Processing /home/airflow/.local/lib/python3.8/site-packages/airflow/example_dags/example_sensors.py took 0.031 seconds
[2024-04-09T16:44:56.137+0000] {processor.py:161} INFO - Started process (PID=1146) to work on /home/airflow/.local/lib/python3.8/site-packages/airflow/example_dags/example_sensors.py
[2024-04-09T16:44:56.137+0000] {processor.py:830} INFO - Processing file /home/airflow/.local/lib/python3.8/site-packages/airflow/example_dags/example_sensors.py for tasks to queue
[2024-04-09T16:44:56.138+0000] {logging_mixin.py:188} INFO - [2024-04-09T16:44:56.138+0000] {dagbag.py:540} INFO - Filling up the DagBag from /home/airflow/.local/lib/python3.8/site-packages/airflow/example_dags/example_sensors.py
[2024-04-09T16:44:56.143+0000] {processor.py:840} INFO - DAG(s) 'example_sensors' retrieved from /home/airflow/.local/lib/python3.8/site-packages/airflow/example_dags/example_sensors.py
[2024-04-09T16:44:56.154+0000] {logging_mixin.py:188} INFO - [2024-04-09T16:44:56.154+0000] {dag.py:3047} INFO - Sync 1 DAGs
[2024-04-09T16:44:56.159+0000] {logging_mixin.py:188} INFO - [2024-04-09T16:44:56.159+0000] {dag.py:3834} INFO - Setting next_dagrun for example_sensors to None, run_after=None
[2024-04-09T16:44:56.166+0000] {processor.py:183} INFO - Processing /home/airflow/.local/lib/python3.8/site-packages/airflow/example_dags/example_sensors.py took 0.031 seconds
[2024-04-09T16:45:26.477+0000] {processor.py:161} INFO - Started process (PID=1205) to work on /home/airflow/.local/lib/python3.8/site-packages/airflow/example_dags/example_sensors.py
[2024-04-09T16:45:26.478+0000] {processor.py:830} INFO - Processing file /home/airflow/.local/lib/python3.8/site-packages/airflow/example_dags/example_sensors.py for tasks to queue
[2024-04-09T16:45:26.478+0000] {logging_mixin.py:188} INFO - [2024-04-09T16:45:26.478+0000] {dagbag.py:540} INFO - Filling up the DagBag from /home/airflow/.local/lib/python3.8/site-packages/airflow/example_dags/example_sensors.py
[2024-04-09T16:45:26.483+0000] {processor.py:840} INFO - DAG(s) 'example_sensors' retrieved from /home/airflow/.local/lib/python3.8/site-packages/airflow/example_dags/example_sensors.py
[2024-04-09T16:45:26.494+0000] {logging_mixin.py:188} INFO - [2024-04-09T16:45:26.494+0000] {dag.py:3047} INFO - Sync 1 DAGs
[2024-04-09T16:45:26.500+0000] {logging_mixin.py:188} INFO - [2024-04-09T16:45:26.499+0000] {dag.py:3834} INFO - Setting next_dagrun for example_sensors to None, run_after=None
[2024-04-09T16:45:26.506+0000] {processor.py:183} INFO - Processing /home/airflow/.local/lib/python3.8/site-packages/airflow/example_dags/example_sensors.py took 0.031 seconds
[2024-04-09T16:45:57.040+0000] {processor.py:161} INFO - Started process (PID=1267) to work on /home/airflow/.local/lib/python3.8/site-packages/airflow/example_dags/example_sensors.py
[2024-04-09T16:45:57.041+0000] {processor.py:830} INFO - Processing file /home/airflow/.local/lib/python3.8/site-packages/airflow/example_dags/example_sensors.py for tasks to queue
[2024-04-09T16:45:57.041+0000] {logging_mixin.py:188} INFO - [2024-04-09T16:45:57.041+0000] {dagbag.py:540} INFO - Filling up the DagBag from /home/airflow/.local/lib/python3.8/site-packages/airflow/example_dags/example_sensors.py
[2024-04-09T16:45:57.046+0000] {processor.py:840} INFO - DAG(s) 'example_sensors' retrieved from /home/airflow/.local/lib/python3.8/site-packages/airflow/example_dags/example_sensors.py
[2024-04-09T16:45:57.059+0000] {logging_mixin.py:188} INFO - [2024-04-09T16:45:57.058+0000] {dag.py:3047} INFO - Sync 1 DAGs
[2024-04-09T16:45:57.067+0000] {logging_mixin.py:188} INFO - [2024-04-09T16:45:57.067+0000] {dag.py:3834} INFO - Setting next_dagrun for example_sensors to None, run_after=None
[2024-04-09T16:45:57.076+0000] {processor.py:183} INFO - Processing /home/airflow/.local/lib/python3.8/site-packages/airflow/example_dags/example_sensors.py took 0.037 seconds
[2024-04-09T16:46:27.619+0000] {processor.py:161} INFO - Started process (PID=1325) to work on /home/airflow/.local/lib/python3.8/site-packages/airflow/example_dags/example_sensors.py
[2024-04-09T16:46:27.619+0000] {processor.py:830} INFO - Processing file /home/airflow/.local/lib/python3.8/site-packages/airflow/example_dags/example_sensors.py for tasks to queue
[2024-04-09T16:46:27.620+0000] {logging_mixin.py:188} INFO - [2024-04-09T16:46:27.620+0000] {dagbag.py:540} INFO - Filling up the DagBag from /home/airflow/.local/lib/python3.8/site-packages/airflow/example_dags/example_sensors.py
[2024-04-09T16:46:27.625+0000] {processor.py:840} INFO - DAG(s) 'example_sensors' retrieved from /home/airflow/.local/lib/python3.8/site-packages/airflow/example_dags/example_sensors.py
[2024-04-09T16:46:27.638+0000] {logging_mixin.py:188} INFO - [2024-04-09T16:46:27.638+0000] {dag.py:3047} INFO - Sync 1 DAGs
[2024-04-09T16:46:27.643+0000] {logging_mixin.py:188} INFO - [2024-04-09T16:46:27.643+0000] {dag.py:3834} INFO - Setting next_dagrun for example_sensors to None, run_after=None
[2024-04-09T16:46:27.652+0000] {processor.py:183} INFO - Processing /home/airflow/.local/lib/python3.8/site-packages/airflow/example_dags/example_sensors.py took 0.034 seconds
[2024-04-09T16:46:59.898+0000] {processor.py:161} INFO - Started process (PID=1408) to work on /home/airflow/.local/lib/python3.8/site-packages/airflow/example_dags/example_sensors.py
[2024-04-09T16:46:59.907+0000] {processor.py:830} INFO - Processing file /home/airflow/.local/lib/python3.8/site-packages/airflow/example_dags/example_sensors.py for tasks to queue
[2024-04-09T16:46:59.913+0000] {logging_mixin.py:188} INFO - [2024-04-09T16:46:59.912+0000] {dagbag.py:540} INFO - Filling up the DagBag from /home/airflow/.local/lib/python3.8/site-packages/airflow/example_dags/example_sensors.py
[2024-04-09T16:46:59.965+0000] {processor.py:840} INFO - DAG(s) 'example_sensors' retrieved from /home/airflow/.local/lib/python3.8/site-packages/airflow/example_dags/example_sensors.py
[2024-04-09T16:47:00.095+0000] {logging_mixin.py:188} INFO - [2024-04-09T16:47:00.094+0000] {dag.py:3047} INFO - Sync 1 DAGs
[2024-04-09T16:47:00.165+0000] {logging_mixin.py:188} INFO - [2024-04-09T16:47:00.160+0000] {dag.py:3834} INFO - Setting next_dagrun for example_sensors to None, run_after=None
[2024-04-09T16:47:00.236+0000] {processor.py:183} INFO - Processing /home/airflow/.local/lib/python3.8/site-packages/airflow/example_dags/example_sensors.py took 0.350 seconds
[2024-04-09T16:47:31.239+0000] {processor.py:161} INFO - Started process (PID=1485) to work on /home/airflow/.local/lib/python3.8/site-packages/airflow/example_dags/example_sensors.py
[2024-04-09T16:47:31.243+0000] {processor.py:830} INFO - Processing file /home/airflow/.local/lib/python3.8/site-packages/airflow/example_dags/example_sensors.py for tasks to queue
[2024-04-09T16:47:31.247+0000] {logging_mixin.py:188} INFO - [2024-04-09T16:47:31.246+0000] {dagbag.py:540} INFO - Filling up the DagBag from /home/airflow/.local/lib/python3.8/site-packages/airflow/example_dags/example_sensors.py
[2024-04-09T16:47:31.305+0000] {processor.py:840} INFO - DAG(s) 'example_sensors' retrieved from /home/airflow/.local/lib/python3.8/site-packages/airflow/example_dags/example_sensors.py
[2024-04-09T16:47:31.410+0000] {logging_mixin.py:188} INFO - [2024-04-09T16:47:31.407+0000] {dag.py:3047} INFO - Sync 1 DAGs
[2024-04-09T16:47:31.469+0000] {logging_mixin.py:188} INFO - [2024-04-09T16:47:31.467+0000] {dag.py:3834} INFO - Setting next_dagrun for example_sensors to None, run_after=None
[2024-04-09T16:47:31.562+0000] {processor.py:183} INFO - Processing /home/airflow/.local/lib/python3.8/site-packages/airflow/example_dags/example_sensors.py took 0.334 seconds
[2024-04-09T16:48:02.165+0000] {processor.py:161} INFO - Started process (PID=1542) to work on /home/airflow/.local/lib/python3.8/site-packages/airflow/example_dags/example_sensors.py
[2024-04-09T16:48:02.170+0000] {processor.py:830} INFO - Processing file /home/airflow/.local/lib/python3.8/site-packages/airflow/example_dags/example_sensors.py for tasks to queue
[2024-04-09T16:48:02.184+0000] {logging_mixin.py:188} INFO - [2024-04-09T16:48:02.181+0000] {dagbag.py:540} INFO - Filling up the DagBag from /home/airflow/.local/lib/python3.8/site-packages/airflow/example_dags/example_sensors.py
[2024-04-09T16:48:02.237+0000] {processor.py:840} INFO - DAG(s) 'example_sensors' retrieved from /home/airflow/.local/lib/python3.8/site-packages/airflow/example_dags/example_sensors.py
[2024-04-09T16:48:02.539+0000] {logging_mixin.py:188} INFO - [2024-04-09T16:48:02.529+0000] {dag.py:3047} INFO - Sync 1 DAGs
[2024-04-09T16:48:02.651+0000] {logging_mixin.py:188} INFO - [2024-04-09T16:48:02.648+0000] {dag.py:3834} INFO - Setting next_dagrun for example_sensors to None, run_after=None
[2024-04-09T16:48:02.774+0000] {processor.py:183} INFO - Processing /home/airflow/.local/lib/python3.8/site-packages/airflow/example_dags/example_sensors.py took 0.624 seconds
[2024-04-09T16:48:33.781+0000] {processor.py:161} INFO - Started process (PID=1599) to work on /home/airflow/.local/lib/python3.8/site-packages/airflow/example_dags/example_sensors.py
[2024-04-09T16:48:33.786+0000] {processor.py:830} INFO - Processing file /home/airflow/.local/lib/python3.8/site-packages/airflow/example_dags/example_sensors.py for tasks to queue
[2024-04-09T16:48:33.788+0000] {logging_mixin.py:188} INFO - [2024-04-09T16:48:33.788+0000] {dagbag.py:540} INFO - Filling up the DagBag from /home/airflow/.local/lib/python3.8/site-packages/airflow/example_dags/example_sensors.py
[2024-04-09T16:48:33.798+0000] {processor.py:840} INFO - DAG(s) 'example_sensors' retrieved from /home/airflow/.local/lib/python3.8/site-packages/airflow/example_dags/example_sensors.py
[2024-04-09T16:48:33.816+0000] {logging_mixin.py:188} INFO - [2024-04-09T16:48:33.816+0000] {dag.py:3047} INFO - Sync 1 DAGs
[2024-04-09T16:48:33.823+0000] {logging_mixin.py:188} INFO - [2024-04-09T16:48:33.823+0000] {dag.py:3834} INFO - Setting next_dagrun for example_sensors to None, run_after=None
[2024-04-09T16:48:33.832+0000] {processor.py:183} INFO - Processing /home/airflow/.local/lib/python3.8/site-packages/airflow/example_dags/example_sensors.py took 0.056 seconds
[2024-04-09T16:49:04.189+0000] {processor.py:161} INFO - Started process (PID=1656) to work on /home/airflow/.local/lib/python3.8/site-packages/airflow/example_dags/example_sensors.py
[2024-04-09T16:49:04.192+0000] {processor.py:830} INFO - Processing file /home/airflow/.local/lib/python3.8/site-packages/airflow/example_dags/example_sensors.py for tasks to queue
[2024-04-09T16:49:04.194+0000] {logging_mixin.py:188} INFO - [2024-04-09T16:49:04.194+0000] {dagbag.py:540} INFO - Filling up the DagBag from /home/airflow/.local/lib/python3.8/site-packages/airflow/example_dags/example_sensors.py
[2024-04-09T16:49:04.203+0000] {processor.py:840} INFO - DAG(s) 'example_sensors' retrieved from /home/airflow/.local/lib/python3.8/site-packages/airflow/example_dags/example_sensors.py
[2024-04-09T16:49:04.223+0000] {logging_mixin.py:188} INFO - [2024-04-09T16:49:04.223+0000] {dag.py:3047} INFO - Sync 1 DAGs
[2024-04-09T16:49:04.230+0000] {logging_mixin.py:188} INFO - [2024-04-09T16:49:04.230+0000] {dag.py:3834} INFO - Setting next_dagrun for example_sensors to None, run_after=None
[2024-04-09T16:49:04.238+0000] {processor.py:183} INFO - Processing /home/airflow/.local/lib/python3.8/site-packages/airflow/example_dags/example_sensors.py took 0.053 seconds
[2024-04-09T16:49:34.316+0000] {processor.py:161} INFO - Started process (PID=1713) to work on /home/airflow/.local/lib/python3.8/site-packages/airflow/example_dags/example_sensors.py
[2024-04-09T16:49:34.317+0000] {processor.py:830} INFO - Processing file /home/airflow/.local/lib/python3.8/site-packages/airflow/example_dags/example_sensors.py for tasks to queue
[2024-04-09T16:49:34.318+0000] {logging_mixin.py:188} INFO - [2024-04-09T16:49:34.318+0000] {dagbag.py:540} INFO - Filling up the DagBag from /home/airflow/.local/lib/python3.8/site-packages/airflow/example_dags/example_sensors.py
[2024-04-09T16:49:34.322+0000] {processor.py:840} INFO - DAG(s) 'example_sensors' retrieved from /home/airflow/.local/lib/python3.8/site-packages/airflow/example_dags/example_sensors.py
[2024-04-09T16:49:34.335+0000] {logging_mixin.py:188} INFO - [2024-04-09T16:49:34.335+0000] {dag.py:3047} INFO - Sync 1 DAGs
[2024-04-09T16:49:34.341+0000] {logging_mixin.py:188} INFO - [2024-04-09T16:49:34.340+0000] {dag.py:3834} INFO - Setting next_dagrun for example_sensors to None, run_after=None
[2024-04-09T16:49:34.348+0000] {processor.py:183} INFO - Processing /home/airflow/.local/lib/python3.8/site-packages/airflow/example_dags/example_sensors.py took 0.034 seconds
[2024-04-09T16:50:04.572+0000] {processor.py:161} INFO - Started process (PID=1770) to work on /home/airflow/.local/lib/python3.8/site-packages/airflow/example_dags/example_sensors.py
[2024-04-09T16:50:04.573+0000] {processor.py:830} INFO - Processing file /home/airflow/.local/lib/python3.8/site-packages/airflow/example_dags/example_sensors.py for tasks to queue
[2024-04-09T16:50:04.576+0000] {logging_mixin.py:188} INFO - [2024-04-09T16:50:04.575+0000] {dagbag.py:540} INFO - Filling up the DagBag from /home/airflow/.local/lib/python3.8/site-packages/airflow/example_dags/example_sensors.py
[2024-04-09T16:50:04.587+0000] {processor.py:840} INFO - DAG(s) 'example_sensors' retrieved from /home/airflow/.local/lib/python3.8/site-packages/airflow/example_dags/example_sensors.py
[2024-04-09T16:50:04.606+0000] {logging_mixin.py:188} INFO - [2024-04-09T16:50:04.605+0000] {dag.py:3047} INFO - Sync 1 DAGs
[2024-04-09T16:50:04.615+0000] {logging_mixin.py:188} INFO - [2024-04-09T16:50:04.615+0000] {dag.py:3834} INFO - Setting next_dagrun for example_sensors to None, run_after=None
[2024-04-09T16:50:04.624+0000] {processor.py:183} INFO - Processing /home/airflow/.local/lib/python3.8/site-packages/airflow/example_dags/example_sensors.py took 0.057 seconds
[2024-04-09T16:50:35.320+0000] {processor.py:161} INFO - Started process (PID=1827) to work on /home/airflow/.local/lib/python3.8/site-packages/airflow/example_dags/example_sensors.py
[2024-04-09T16:50:35.327+0000] {processor.py:830} INFO - Processing file /home/airflow/.local/lib/python3.8/site-packages/airflow/example_dags/example_sensors.py for tasks to queue
[2024-04-09T16:50:35.329+0000] {logging_mixin.py:188} INFO - [2024-04-09T16:50:35.329+0000] {dagbag.py:540} INFO - Filling up the DagBag from /home/airflow/.local/lib/python3.8/site-packages/airflow/example_dags/example_sensors.py
[2024-04-09T16:50:35.334+0000] {processor.py:840} INFO - DAG(s) 'example_sensors' retrieved from /home/airflow/.local/lib/python3.8/site-packages/airflow/example_dags/example_sensors.py
[2024-04-09T16:50:35.348+0000] {logging_mixin.py:188} INFO - [2024-04-09T16:50:35.348+0000] {dag.py:3047} INFO - Sync 1 DAGs
[2024-04-09T16:50:35.354+0000] {logging_mixin.py:188} INFO - [2024-04-09T16:50:35.354+0000] {dag.py:3834} INFO - Setting next_dagrun for example_sensors to None, run_after=None
[2024-04-09T16:50:35.362+0000] {processor.py:183} INFO - Processing /home/airflow/.local/lib/python3.8/site-packages/airflow/example_dags/example_sensors.py took 0.045 seconds
[2024-04-09T16:51:05.977+0000] {processor.py:161} INFO - Started process (PID=1885) to work on /home/airflow/.local/lib/python3.8/site-packages/airflow/example_dags/example_sensors.py
[2024-04-09T16:51:05.979+0000] {processor.py:830} INFO - Processing file /home/airflow/.local/lib/python3.8/site-packages/airflow/example_dags/example_sensors.py for tasks to queue
[2024-04-09T16:51:05.982+0000] {logging_mixin.py:188} INFO - [2024-04-09T16:51:05.982+0000] {dagbag.py:540} INFO - Filling up the DagBag from /home/airflow/.local/lib/python3.8/site-packages/airflow/example_dags/example_sensors.py
[2024-04-09T16:51:05.991+0000] {processor.py:840} INFO - DAG(s) 'example_sensors' retrieved from /home/airflow/.local/lib/python3.8/site-packages/airflow/example_dags/example_sensors.py
[2024-04-09T16:51:06.009+0000] {logging_mixin.py:188} INFO - [2024-04-09T16:51:06.009+0000] {dag.py:3047} INFO - Sync 1 DAGs
[2024-04-09T16:51:06.017+0000] {logging_mixin.py:188} INFO - [2024-04-09T16:51:06.017+0000] {dag.py:3834} INFO - Setting next_dagrun for example_sensors to None, run_after=None
[2024-04-09T16:51:06.026+0000] {processor.py:183} INFO - Processing /home/airflow/.local/lib/python3.8/site-packages/airflow/example_dags/example_sensors.py took 0.054 seconds
[2024-04-09T16:51:36.279+0000] {processor.py:161} INFO - Started process (PID=1943) to work on /home/airflow/.local/lib/python3.8/site-packages/airflow/example_dags/example_sensors.py
[2024-04-09T16:51:36.280+0000] {processor.py:830} INFO - Processing file /home/airflow/.local/lib/python3.8/site-packages/airflow/example_dags/example_sensors.py for tasks to queue
[2024-04-09T16:51:36.282+0000] {logging_mixin.py:188} INFO - [2024-04-09T16:51:36.282+0000] {dagbag.py:540} INFO - Filling up the DagBag from /home/airflow/.local/lib/python3.8/site-packages/airflow/example_dags/example_sensors.py
[2024-04-09T16:51:36.292+0000] {processor.py:840} INFO - DAG(s) 'example_sensors' retrieved from /home/airflow/.local/lib/python3.8/site-packages/airflow/example_dags/example_sensors.py
[2024-04-09T16:51:36.310+0000] {logging_mixin.py:188} INFO - [2024-04-09T16:51:36.310+0000] {dag.py:3047} INFO - Sync 1 DAGs
[2024-04-09T16:51:36.318+0000] {logging_mixin.py:188} INFO - [2024-04-09T16:51:36.318+0000] {dag.py:3834} INFO - Setting next_dagrun for example_sensors to None, run_after=None
[2024-04-09T16:51:36.327+0000] {processor.py:183} INFO - Processing /home/airflow/.local/lib/python3.8/site-packages/airflow/example_dags/example_sensors.py took 0.052 seconds
[2024-04-09T16:52:07.132+0000] {processor.py:161} INFO - Started process (PID=2001) to work on /home/airflow/.local/lib/python3.8/site-packages/airflow/example_dags/example_sensors.py
[2024-04-09T16:52:07.133+0000] {processor.py:830} INFO - Processing file /home/airflow/.local/lib/python3.8/site-packages/airflow/example_dags/example_sensors.py for tasks to queue
[2024-04-09T16:52:07.135+0000] {logging_mixin.py:188} INFO - [2024-04-09T16:52:07.135+0000] {dagbag.py:540} INFO - Filling up the DagBag from /home/airflow/.local/lib/python3.8/site-packages/airflow/example_dags/example_sensors.py
[2024-04-09T16:52:07.143+0000] {processor.py:840} INFO - DAG(s) 'example_sensors' retrieved from /home/airflow/.local/lib/python3.8/site-packages/airflow/example_dags/example_sensors.py
[2024-04-09T16:52:07.160+0000] {logging_mixin.py:188} INFO - [2024-04-09T16:52:07.159+0000] {dag.py:3047} INFO - Sync 1 DAGs
[2024-04-09T16:52:07.169+0000] {logging_mixin.py:188} INFO - [2024-04-09T16:52:07.169+0000] {dag.py:3834} INFO - Setting next_dagrun for example_sensors to None, run_after=None
[2024-04-09T16:52:07.177+0000] {processor.py:183} INFO - Processing /home/airflow/.local/lib/python3.8/site-packages/airflow/example_dags/example_sensors.py took 0.049 seconds
[2024-04-09T16:52:37.509+0000] {processor.py:161} INFO - Started process (PID=2081) to work on /home/airflow/.local/lib/python3.8/site-packages/airflow/example_dags/example_sensors.py
[2024-04-09T16:52:37.511+0000] {processor.py:830} INFO - Processing file /home/airflow/.local/lib/python3.8/site-packages/airflow/example_dags/example_sensors.py for tasks to queue
[2024-04-09T16:52:37.515+0000] {logging_mixin.py:188} INFO - [2024-04-09T16:52:37.515+0000] {dagbag.py:540} INFO - Filling up the DagBag from /home/airflow/.local/lib/python3.8/site-packages/airflow/example_dags/example_sensors.py
[2024-04-09T16:52:37.525+0000] {processor.py:840} INFO - DAG(s) 'example_sensors' retrieved from /home/airflow/.local/lib/python3.8/site-packages/airflow/example_dags/example_sensors.py
[2024-04-09T16:52:37.544+0000] {logging_mixin.py:188} INFO - [2024-04-09T16:52:37.544+0000] {dag.py:3047} INFO - Sync 1 DAGs
[2024-04-09T16:52:37.551+0000] {logging_mixin.py:188} INFO - [2024-04-09T16:52:37.551+0000] {dag.py:3834} INFO - Setting next_dagrun for example_sensors to None, run_after=None
[2024-04-09T16:52:37.559+0000] {processor.py:183} INFO - Processing /home/airflow/.local/lib/python3.8/site-packages/airflow/example_dags/example_sensors.py took 0.057 seconds
[2024-04-09T16:53:07.753+0000] {processor.py:161} INFO - Started process (PID=2157) to work on /home/airflow/.local/lib/python3.8/site-packages/airflow/example_dags/example_sensors.py
[2024-04-09T16:53:07.754+0000] {processor.py:830} INFO - Processing file /home/airflow/.local/lib/python3.8/site-packages/airflow/example_dags/example_sensors.py for tasks to queue
[2024-04-09T16:53:07.758+0000] {logging_mixin.py:188} INFO - [2024-04-09T16:53:07.758+0000] {dagbag.py:540} INFO - Filling up the DagBag from /home/airflow/.local/lib/python3.8/site-packages/airflow/example_dags/example_sensors.py
[2024-04-09T16:53:07.783+0000] {processor.py:840} INFO - DAG(s) 'example_sensors' retrieved from /home/airflow/.local/lib/python3.8/site-packages/airflow/example_dags/example_sensors.py
[2024-04-09T16:53:07.816+0000] {logging_mixin.py:188} INFO - [2024-04-09T16:53:07.816+0000] {dag.py:3047} INFO - Sync 1 DAGs
[2024-04-09T16:53:07.841+0000] {logging_mixin.py:188} INFO - [2024-04-09T16:53:07.841+0000] {dag.py:3834} INFO - Setting next_dagrun for example_sensors to None, run_after=None
[2024-04-09T16:53:07.864+0000] {processor.py:183} INFO - Processing /home/airflow/.local/lib/python3.8/site-packages/airflow/example_dags/example_sensors.py took 0.129 seconds
[2024-04-09T16:53:38.027+0000] {processor.py:161} INFO - Started process (PID=2233) to work on /home/airflow/.local/lib/python3.8/site-packages/airflow/example_dags/example_sensors.py
[2024-04-09T16:53:38.042+0000] {processor.py:830} INFO - Processing file /home/airflow/.local/lib/python3.8/site-packages/airflow/example_dags/example_sensors.py for tasks to queue
[2024-04-09T16:53:38.055+0000] {logging_mixin.py:188} INFO - [2024-04-09T16:53:38.055+0000] {dagbag.py:540} INFO - Filling up the DagBag from /home/airflow/.local/lib/python3.8/site-packages/airflow/example_dags/example_sensors.py
[2024-04-09T16:53:38.098+0000] {processor.py:840} INFO - DAG(s) 'example_sensors' retrieved from /home/airflow/.local/lib/python3.8/site-packages/airflow/example_dags/example_sensors.py
[2024-04-09T16:53:38.228+0000] {logging_mixin.py:188} INFO - [2024-04-09T16:53:38.228+0000] {dag.py:3047} INFO - Sync 1 DAGs
[2024-04-09T16:53:38.326+0000] {logging_mixin.py:188} INFO - [2024-04-09T16:53:38.322+0000] {dag.py:3834} INFO - Setting next_dagrun for example_sensors to None, run_after=None
[2024-04-09T16:53:38.397+0000] {processor.py:183} INFO - Processing /home/airflow/.local/lib/python3.8/site-packages/airflow/example_dags/example_sensors.py took 0.389 seconds
[2024-04-09T16:54:09.560+0000] {processor.py:161} INFO - Started process (PID=2310) to work on /home/airflow/.local/lib/python3.8/site-packages/airflow/example_dags/example_sensors.py
[2024-04-09T16:54:09.565+0000] {processor.py:830} INFO - Processing file /home/airflow/.local/lib/python3.8/site-packages/airflow/example_dags/example_sensors.py for tasks to queue
[2024-04-09T16:54:09.572+0000] {logging_mixin.py:188} INFO - [2024-04-09T16:54:09.571+0000] {dagbag.py:540} INFO - Filling up the DagBag from /home/airflow/.local/lib/python3.8/site-packages/airflow/example_dags/example_sensors.py
[2024-04-09T16:54:09.643+0000] {processor.py:840} INFO - DAG(s) 'example_sensors' retrieved from /home/airflow/.local/lib/python3.8/site-packages/airflow/example_dags/example_sensors.py
[2024-04-09T16:54:09.835+0000] {logging_mixin.py:188} INFO - [2024-04-09T16:54:09.831+0000] {dag.py:3047} INFO - Sync 1 DAGs
[2024-04-09T16:54:09.971+0000] {logging_mixin.py:188} INFO - [2024-04-09T16:54:09.967+0000] {dag.py:3834} INFO - Setting next_dagrun for example_sensors to None, run_after=None
[2024-04-09T16:54:10.103+0000] {processor.py:183} INFO - Processing /home/airflow/.local/lib/python3.8/site-packages/airflow/example_dags/example_sensors.py took 0.559 seconds
