[2024-04-09T16:35:20.380+0000] {processor.py:161} INFO - Started process (PID=86) to work on /home/airflow/.local/lib/python3.8/site-packages/airflow/example_dags/example_xcomargs.py
[2024-04-09T16:35:20.493+0000] {processor.py:830} INFO - Processing file /home/airflow/.local/lib/python3.8/site-packages/airflow/example_dags/example_xcomargs.py for tasks to queue
[2024-04-09T16:35:20.496+0000] {logging_mixin.py:188} INFO - [2024-04-09T16:35:20.495+0000] {dagbag.py:540} INFO - Filling up the DagBag from /home/airflow/.local/lib/python3.8/site-packages/airflow/example_dags/example_xcomargs.py
[2024-04-09T16:35:20.514+0000] {processor.py:840} INFO - DAG(s) 'example_xcom_args_with_operators', 'example_xcom_args' retrieved from /home/airflow/.local/lib/python3.8/site-packages/airflow/example_dags/example_xcomargs.py
[2024-04-09T16:35:20.534+0000] {logging_mixin.py:188} INFO - [2024-04-09T16:35:20.533+0000] {dag.py:3047} INFO - Sync 2 DAGs
[2024-04-09T16:35:20.552+0000] {logging_mixin.py:188} INFO - [2024-04-09T16:35:20.551+0000] {dag.py:3834} INFO - Setting next_dagrun for example_xcom_args to None, run_after=None
[2024-04-09T16:35:20.559+0000] {logging_mixin.py:188} INFO - [2024-04-09T16:35:20.558+0000] {dag.py:3834} INFO - Setting next_dagrun for example_xcom_args_with_operators to None, run_after=None
[2024-04-09T16:35:20.577+0000] {processor.py:183} INFO - Processing /home/airflow/.local/lib/python3.8/site-packages/airflow/example_dags/example_xcomargs.py took 0.201 seconds
[2024-04-09T16:35:50.797+0000] {processor.py:161} INFO - Started process (PID=143) to work on /home/airflow/.local/lib/python3.8/site-packages/airflow/example_dags/example_xcomargs.py
[2024-04-09T16:35:50.799+0000] {processor.py:830} INFO - Processing file /home/airflow/.local/lib/python3.8/site-packages/airflow/example_dags/example_xcomargs.py for tasks to queue
[2024-04-09T16:35:50.800+0000] {logging_mixin.py:188} INFO - [2024-04-09T16:35:50.800+0000] {dagbag.py:540} INFO - Filling up the DagBag from /home/airflow/.local/lib/python3.8/site-packages/airflow/example_dags/example_xcomargs.py
[2024-04-09T16:35:50.804+0000] {processor.py:840} INFO - DAG(s) 'example_xcom_args_with_operators', 'example_xcom_args' retrieved from /home/airflow/.local/lib/python3.8/site-packages/airflow/example_dags/example_xcomargs.py
[2024-04-09T16:35:50.854+0000] {logging_mixin.py:188} INFO - [2024-04-09T16:35:50.853+0000] {dag.py:3047} INFO - Sync 2 DAGs
[2024-04-09T16:35:50.860+0000] {logging_mixin.py:188} INFO - [2024-04-09T16:35:50.860+0000] {dag.py:3834} INFO - Setting next_dagrun for example_xcom_args to None, run_after=None
[2024-04-09T16:35:50.863+0000] {logging_mixin.py:188} INFO - [2024-04-09T16:35:50.863+0000] {dag.py:3834} INFO - Setting next_dagrun for example_xcom_args_with_operators to None, run_after=None
[2024-04-09T16:35:50.878+0000] {processor.py:183} INFO - Processing /home/airflow/.local/lib/python3.8/site-packages/airflow/example_dags/example_xcomargs.py took 0.083 seconds
[2024-04-09T16:36:21.811+0000] {processor.py:161} INFO - Started process (PID=200) to work on /home/airflow/.local/lib/python3.8/site-packages/airflow/example_dags/example_xcomargs.py
[2024-04-09T16:36:21.811+0000] {processor.py:830} INFO - Processing file /home/airflow/.local/lib/python3.8/site-packages/airflow/example_dags/example_xcomargs.py for tasks to queue
[2024-04-09T16:36:21.812+0000] {logging_mixin.py:188} INFO - [2024-04-09T16:36:21.812+0000] {dagbag.py:540} INFO - Filling up the DagBag from /home/airflow/.local/lib/python3.8/site-packages/airflow/example_dags/example_xcomargs.py
[2024-04-09T16:36:21.817+0000] {processor.py:840} INFO - DAG(s) 'example_xcom_args', 'example_xcom_args_with_operators' retrieved from /home/airflow/.local/lib/python3.8/site-packages/airflow/example_dags/example_xcomargs.py
[2024-04-09T16:36:21.828+0000] {logging_mixin.py:188} INFO - [2024-04-09T16:36:21.828+0000] {dag.py:3047} INFO - Sync 2 DAGs
[2024-04-09T16:36:21.834+0000] {logging_mixin.py:188} INFO - [2024-04-09T16:36:21.834+0000] {dag.py:3834} INFO - Setting next_dagrun for example_xcom_args to None, run_after=None
[2024-04-09T16:36:21.836+0000] {logging_mixin.py:188} INFO - [2024-04-09T16:36:21.836+0000] {dag.py:3834} INFO - Setting next_dagrun for example_xcom_args_with_operators to None, run_after=None
[2024-04-09T16:36:21.842+0000] {processor.py:183} INFO - Processing /home/airflow/.local/lib/python3.8/site-packages/airflow/example_dags/example_xcomargs.py took 0.033 seconds
[2024-04-09T16:36:52.744+0000] {processor.py:161} INFO - Started process (PID=257) to work on /home/airflow/.local/lib/python3.8/site-packages/airflow/example_dags/example_xcomargs.py
[2024-04-09T16:36:52.746+0000] {processor.py:830} INFO - Processing file /home/airflow/.local/lib/python3.8/site-packages/airflow/example_dags/example_xcomargs.py for tasks to queue
[2024-04-09T16:36:52.747+0000] {logging_mixin.py:188} INFO - [2024-04-09T16:36:52.747+0000] {dagbag.py:540} INFO - Filling up the DagBag from /home/airflow/.local/lib/python3.8/site-packages/airflow/example_dags/example_xcomargs.py
[2024-04-09T16:36:52.751+0000] {processor.py:840} INFO - DAG(s) 'example_xcom_args_with_operators', 'example_xcom_args' retrieved from /home/airflow/.local/lib/python3.8/site-packages/airflow/example_dags/example_xcomargs.py
[2024-04-09T16:36:52.763+0000] {logging_mixin.py:188} INFO - [2024-04-09T16:36:52.763+0000] {dag.py:3047} INFO - Sync 2 DAGs
[2024-04-09T16:36:52.768+0000] {logging_mixin.py:188} INFO - [2024-04-09T16:36:52.768+0000] {dag.py:3834} INFO - Setting next_dagrun for example_xcom_args to None, run_after=None
[2024-04-09T16:36:52.770+0000] {logging_mixin.py:188} INFO - [2024-04-09T16:36:52.770+0000] {dag.py:3834} INFO - Setting next_dagrun for example_xcom_args_with_operators to None, run_after=None
[2024-04-09T16:36:52.777+0000] {processor.py:183} INFO - Processing /home/airflow/.local/lib/python3.8/site-packages/airflow/example_dags/example_xcomargs.py took 0.035 seconds
[2024-04-09T16:37:23.595+0000] {processor.py:161} INFO - Started process (PID=314) to work on /home/airflow/.local/lib/python3.8/site-packages/airflow/example_dags/example_xcomargs.py
[2024-04-09T16:37:23.595+0000] {processor.py:830} INFO - Processing file /home/airflow/.local/lib/python3.8/site-packages/airflow/example_dags/example_xcomargs.py for tasks to queue
[2024-04-09T16:37:23.596+0000] {logging_mixin.py:188} INFO - [2024-04-09T16:37:23.596+0000] {dagbag.py:540} INFO - Filling up the DagBag from /home/airflow/.local/lib/python3.8/site-packages/airflow/example_dags/example_xcomargs.py
[2024-04-09T16:37:23.600+0000] {processor.py:840} INFO - DAG(s) 'example_xcom_args', 'example_xcom_args_with_operators' retrieved from /home/airflow/.local/lib/python3.8/site-packages/airflow/example_dags/example_xcomargs.py
[2024-04-09T16:37:23.611+0000] {logging_mixin.py:188} INFO - [2024-04-09T16:37:23.610+0000] {dag.py:3047} INFO - Sync 2 DAGs
[2024-04-09T16:37:23.618+0000] {logging_mixin.py:188} INFO - [2024-04-09T16:37:23.618+0000] {dag.py:3834} INFO - Setting next_dagrun for example_xcom_args to None, run_after=None
[2024-04-09T16:37:23.622+0000] {logging_mixin.py:188} INFO - [2024-04-09T16:37:23.622+0000] {dag.py:3834} INFO - Setting next_dagrun for example_xcom_args_with_operators to None, run_after=None
[2024-04-09T16:37:23.629+0000] {processor.py:183} INFO - Processing /home/airflow/.local/lib/python3.8/site-packages/airflow/example_dags/example_xcomargs.py took 0.036 seconds
[2024-04-09T16:37:54.497+0000] {processor.py:161} INFO - Started process (PID=371) to work on /home/airflow/.local/lib/python3.8/site-packages/airflow/example_dags/example_xcomargs.py
[2024-04-09T16:37:54.498+0000] {processor.py:830} INFO - Processing file /home/airflow/.local/lib/python3.8/site-packages/airflow/example_dags/example_xcomargs.py for tasks to queue
[2024-04-09T16:37:54.499+0000] {logging_mixin.py:188} INFO - [2024-04-09T16:37:54.499+0000] {dagbag.py:540} INFO - Filling up the DagBag from /home/airflow/.local/lib/python3.8/site-packages/airflow/example_dags/example_xcomargs.py
[2024-04-09T16:37:54.504+0000] {processor.py:840} INFO - DAG(s) 'example_xcom_args', 'example_xcom_args_with_operators' retrieved from /home/airflow/.local/lib/python3.8/site-packages/airflow/example_dags/example_xcomargs.py
[2024-04-09T16:37:54.515+0000] {logging_mixin.py:188} INFO - [2024-04-09T16:37:54.515+0000] {dag.py:3047} INFO - Sync 2 DAGs
[2024-04-09T16:37:54.520+0000] {logging_mixin.py:188} INFO - [2024-04-09T16:37:54.520+0000] {dag.py:3834} INFO - Setting next_dagrun for example_xcom_args to None, run_after=None
[2024-04-09T16:37:54.522+0000] {logging_mixin.py:188} INFO - [2024-04-09T16:37:54.522+0000] {dag.py:3834} INFO - Setting next_dagrun for example_xcom_args_with_operators to None, run_after=None
[2024-04-09T16:37:54.528+0000] {processor.py:183} INFO - Processing /home/airflow/.local/lib/python3.8/site-packages/airflow/example_dags/example_xcomargs.py took 0.033 seconds
[2024-04-09T16:38:25.225+0000] {processor.py:161} INFO - Started process (PID=428) to work on /home/airflow/.local/lib/python3.8/site-packages/airflow/example_dags/example_xcomargs.py
[2024-04-09T16:38:25.225+0000] {processor.py:830} INFO - Processing file /home/airflow/.local/lib/python3.8/site-packages/airflow/example_dags/example_xcomargs.py for tasks to queue
[2024-04-09T16:38:25.226+0000] {logging_mixin.py:188} INFO - [2024-04-09T16:38:25.226+0000] {dagbag.py:540} INFO - Filling up the DagBag from /home/airflow/.local/lib/python3.8/site-packages/airflow/example_dags/example_xcomargs.py
[2024-04-09T16:38:25.230+0000] {processor.py:840} INFO - DAG(s) 'example_xcom_args', 'example_xcom_args_with_operators' retrieved from /home/airflow/.local/lib/python3.8/site-packages/airflow/example_dags/example_xcomargs.py
[2024-04-09T16:38:25.241+0000] {logging_mixin.py:188} INFO - [2024-04-09T16:38:25.241+0000] {dag.py:3047} INFO - Sync 2 DAGs
[2024-04-09T16:38:25.247+0000] {logging_mixin.py:188} INFO - [2024-04-09T16:38:25.247+0000] {dag.py:3834} INFO - Setting next_dagrun for example_xcom_args to None, run_after=None
[2024-04-09T16:38:25.250+0000] {logging_mixin.py:188} INFO - [2024-04-09T16:38:25.250+0000] {dag.py:3834} INFO - Setting next_dagrun for example_xcom_args_with_operators to None, run_after=None
[2024-04-09T16:38:25.257+0000] {processor.py:183} INFO - Processing /home/airflow/.local/lib/python3.8/site-packages/airflow/example_dags/example_xcomargs.py took 0.034 seconds
[2024-04-09T16:38:55.993+0000] {processor.py:161} INFO - Started process (PID=485) to work on /home/airflow/.local/lib/python3.8/site-packages/airflow/example_dags/example_xcomargs.py
[2024-04-09T16:38:55.994+0000] {processor.py:830} INFO - Processing file /home/airflow/.local/lib/python3.8/site-packages/airflow/example_dags/example_xcomargs.py for tasks to queue
[2024-04-09T16:38:55.994+0000] {logging_mixin.py:188} INFO - [2024-04-09T16:38:55.994+0000] {dagbag.py:540} INFO - Filling up the DagBag from /home/airflow/.local/lib/python3.8/site-packages/airflow/example_dags/example_xcomargs.py
[2024-04-09T16:38:55.999+0000] {processor.py:840} INFO - DAG(s) 'example_xcom_args_with_operators', 'example_xcom_args' retrieved from /home/airflow/.local/lib/python3.8/site-packages/airflow/example_dags/example_xcomargs.py
[2024-04-09T16:38:56.009+0000] {logging_mixin.py:188} INFO - [2024-04-09T16:38:56.009+0000] {dag.py:3047} INFO - Sync 2 DAGs
[2024-04-09T16:38:56.014+0000] {logging_mixin.py:188} INFO - [2024-04-09T16:38:56.014+0000] {dag.py:3834} INFO - Setting next_dagrun for example_xcom_args to None, run_after=None
[2024-04-09T16:38:56.016+0000] {logging_mixin.py:188} INFO - [2024-04-09T16:38:56.016+0000] {dag.py:3834} INFO - Setting next_dagrun for example_xcom_args_with_operators to None, run_after=None
[2024-04-09T16:38:56.022+0000] {processor.py:183} INFO - Processing /home/airflow/.local/lib/python3.8/site-packages/airflow/example_dags/example_xcomargs.py took 0.031 seconds
[2024-04-09T16:39:26.868+0000] {processor.py:161} INFO - Started process (PID=542) to work on /home/airflow/.local/lib/python3.8/site-packages/airflow/example_dags/example_xcomargs.py
[2024-04-09T16:39:26.869+0000] {processor.py:830} INFO - Processing file /home/airflow/.local/lib/python3.8/site-packages/airflow/example_dags/example_xcomargs.py for tasks to queue
[2024-04-09T16:39:26.870+0000] {logging_mixin.py:188} INFO - [2024-04-09T16:39:26.870+0000] {dagbag.py:540} INFO - Filling up the DagBag from /home/airflow/.local/lib/python3.8/site-packages/airflow/example_dags/example_xcomargs.py
[2024-04-09T16:39:26.875+0000] {processor.py:840} INFO - DAG(s) 'example_xcom_args_with_operators', 'example_xcom_args' retrieved from /home/airflow/.local/lib/python3.8/site-packages/airflow/example_dags/example_xcomargs.py
[2024-04-09T16:39:26.886+0000] {logging_mixin.py:188} INFO - [2024-04-09T16:39:26.886+0000] {dag.py:3047} INFO - Sync 2 DAGs
[2024-04-09T16:39:26.892+0000] {logging_mixin.py:188} INFO - [2024-04-09T16:39:26.892+0000] {dag.py:3834} INFO - Setting next_dagrun for example_xcom_args to None, run_after=None
[2024-04-09T16:39:26.894+0000] {logging_mixin.py:188} INFO - [2024-04-09T16:39:26.894+0000] {dag.py:3834} INFO - Setting next_dagrun for example_xcom_args_with_operators to None, run_after=None
[2024-04-09T16:39:26.901+0000] {processor.py:183} INFO - Processing /home/airflow/.local/lib/python3.8/site-packages/airflow/example_dags/example_xcomargs.py took 0.035 seconds
[2024-04-09T16:39:57.230+0000] {processor.py:161} INFO - Started process (PID=599) to work on /home/airflow/.local/lib/python3.8/site-packages/airflow/example_dags/example_xcomargs.py
[2024-04-09T16:39:57.231+0000] {processor.py:830} INFO - Processing file /home/airflow/.local/lib/python3.8/site-packages/airflow/example_dags/example_xcomargs.py for tasks to queue
[2024-04-09T16:39:57.232+0000] {logging_mixin.py:188} INFO - [2024-04-09T16:39:57.232+0000] {dagbag.py:540} INFO - Filling up the DagBag from /home/airflow/.local/lib/python3.8/site-packages/airflow/example_dags/example_xcomargs.py
[2024-04-09T16:39:57.236+0000] {processor.py:840} INFO - DAG(s) 'example_xcom_args_with_operators', 'example_xcom_args' retrieved from /home/airflow/.local/lib/python3.8/site-packages/airflow/example_dags/example_xcomargs.py
[2024-04-09T16:39:57.246+0000] {logging_mixin.py:188} INFO - [2024-04-09T16:39:57.246+0000] {dag.py:3047} INFO - Sync 2 DAGs
[2024-04-09T16:39:57.252+0000] {logging_mixin.py:188} INFO - [2024-04-09T16:39:57.252+0000] {dag.py:3834} INFO - Setting next_dagrun for example_xcom_args to None, run_after=None
[2024-04-09T16:39:57.253+0000] {logging_mixin.py:188} INFO - [2024-04-09T16:39:57.253+0000] {dag.py:3834} INFO - Setting next_dagrun for example_xcom_args_with_operators to None, run_after=None
[2024-04-09T16:39:57.262+0000] {processor.py:183} INFO - Processing /home/airflow/.local/lib/python3.8/site-packages/airflow/example_dags/example_xcomargs.py took 0.034 seconds
[2024-04-09T16:40:27.357+0000] {processor.py:161} INFO - Started process (PID=656) to work on /home/airflow/.local/lib/python3.8/site-packages/airflow/example_dags/example_xcomargs.py
[2024-04-09T16:40:27.358+0000] {processor.py:830} INFO - Processing file /home/airflow/.local/lib/python3.8/site-packages/airflow/example_dags/example_xcomargs.py for tasks to queue
[2024-04-09T16:40:27.359+0000] {logging_mixin.py:188} INFO - [2024-04-09T16:40:27.358+0000] {dagbag.py:540} INFO - Filling up the DagBag from /home/airflow/.local/lib/python3.8/site-packages/airflow/example_dags/example_xcomargs.py
[2024-04-09T16:40:27.363+0000] {processor.py:840} INFO - DAG(s) 'example_xcom_args', 'example_xcom_args_with_operators' retrieved from /home/airflow/.local/lib/python3.8/site-packages/airflow/example_dags/example_xcomargs.py
[2024-04-09T16:40:27.375+0000] {logging_mixin.py:188} INFO - [2024-04-09T16:40:27.375+0000] {dag.py:3047} INFO - Sync 2 DAGs
[2024-04-09T16:40:27.380+0000] {logging_mixin.py:188} INFO - [2024-04-09T16:40:27.380+0000] {dag.py:3834} INFO - Setting next_dagrun for example_xcom_args to None, run_after=None
[2024-04-09T16:40:27.382+0000] {logging_mixin.py:188} INFO - [2024-04-09T16:40:27.382+0000] {dag.py:3834} INFO - Setting next_dagrun for example_xcom_args_with_operators to None, run_after=None
[2024-04-09T16:40:27.388+0000] {processor.py:183} INFO - Processing /home/airflow/.local/lib/python3.8/site-packages/airflow/example_dags/example_xcomargs.py took 0.032 seconds
[2024-04-09T16:40:57.500+0000] {processor.py:161} INFO - Started process (PID=714) to work on /home/airflow/.local/lib/python3.8/site-packages/airflow/example_dags/example_xcomargs.py
[2024-04-09T16:40:57.502+0000] {processor.py:830} INFO - Processing file /home/airflow/.local/lib/python3.8/site-packages/airflow/example_dags/example_xcomargs.py for tasks to queue
[2024-04-09T16:40:57.503+0000] {logging_mixin.py:188} INFO - [2024-04-09T16:40:57.503+0000] {dagbag.py:540} INFO - Filling up the DagBag from /home/airflow/.local/lib/python3.8/site-packages/airflow/example_dags/example_xcomargs.py
[2024-04-09T16:40:57.508+0000] {processor.py:840} INFO - DAG(s) 'example_xcom_args_with_operators', 'example_xcom_args' retrieved from /home/airflow/.local/lib/python3.8/site-packages/airflow/example_dags/example_xcomargs.py
[2024-04-09T16:40:57.527+0000] {logging_mixin.py:188} INFO - [2024-04-09T16:40:57.527+0000] {dag.py:3047} INFO - Sync 2 DAGs
[2024-04-09T16:40:57.537+0000] {logging_mixin.py:188} INFO - [2024-04-09T16:40:57.537+0000] {dag.py:3834} INFO - Setting next_dagrun for example_xcom_args to None, run_after=None
[2024-04-09T16:40:57.541+0000] {logging_mixin.py:188} INFO - [2024-04-09T16:40:57.541+0000] {dag.py:3834} INFO - Setting next_dagrun for example_xcom_args_with_operators to None, run_after=None
[2024-04-09T16:40:57.561+0000] {processor.py:183} INFO - Processing /home/airflow/.local/lib/python3.8/site-packages/airflow/example_dags/example_xcomargs.py took 0.065 seconds
[2024-04-09T16:41:27.772+0000] {processor.py:161} INFO - Started process (PID=777) to work on /home/airflow/.local/lib/python3.8/site-packages/airflow/example_dags/example_xcomargs.py
[2024-04-09T16:41:27.772+0000] {processor.py:830} INFO - Processing file /home/airflow/.local/lib/python3.8/site-packages/airflow/example_dags/example_xcomargs.py for tasks to queue
[2024-04-09T16:41:27.773+0000] {logging_mixin.py:188} INFO - [2024-04-09T16:41:27.773+0000] {dagbag.py:540} INFO - Filling up the DagBag from /home/airflow/.local/lib/python3.8/site-packages/airflow/example_dags/example_xcomargs.py
[2024-04-09T16:41:27.778+0000] {processor.py:840} INFO - DAG(s) 'example_xcom_args_with_operators', 'example_xcom_args' retrieved from /home/airflow/.local/lib/python3.8/site-packages/airflow/example_dags/example_xcomargs.py
[2024-04-09T16:41:27.790+0000] {logging_mixin.py:188} INFO - [2024-04-09T16:41:27.790+0000] {dag.py:3047} INFO - Sync 2 DAGs
[2024-04-09T16:41:27.797+0000] {logging_mixin.py:188} INFO - [2024-04-09T16:41:27.797+0000] {dag.py:3834} INFO - Setting next_dagrun for example_xcom_args to None, run_after=None
[2024-04-09T16:41:27.799+0000] {logging_mixin.py:188} INFO - [2024-04-09T16:41:27.799+0000] {dag.py:3834} INFO - Setting next_dagrun for example_xcom_args_with_operators to None, run_after=None
[2024-04-09T16:41:27.807+0000] {processor.py:183} INFO - Processing /home/airflow/.local/lib/python3.8/site-packages/airflow/example_dags/example_xcomargs.py took 0.038 seconds
[2024-04-09T16:41:57.970+0000] {processor.py:161} INFO - Started process (PID=835) to work on /home/airflow/.local/lib/python3.8/site-packages/airflow/example_dags/example_xcomargs.py
[2024-04-09T16:41:57.970+0000] {processor.py:830} INFO - Processing file /home/airflow/.local/lib/python3.8/site-packages/airflow/example_dags/example_xcomargs.py for tasks to queue
[2024-04-09T16:41:57.971+0000] {logging_mixin.py:188} INFO - [2024-04-09T16:41:57.971+0000] {dagbag.py:540} INFO - Filling up the DagBag from /home/airflow/.local/lib/python3.8/site-packages/airflow/example_dags/example_xcomargs.py
[2024-04-09T16:41:57.975+0000] {processor.py:840} INFO - DAG(s) 'example_xcom_args', 'example_xcom_args_with_operators' retrieved from /home/airflow/.local/lib/python3.8/site-packages/airflow/example_dags/example_xcomargs.py
[2024-04-09T16:41:57.988+0000] {logging_mixin.py:188} INFO - [2024-04-09T16:41:57.988+0000] {dag.py:3047} INFO - Sync 2 DAGs
[2024-04-09T16:41:57.996+0000] {logging_mixin.py:188} INFO - [2024-04-09T16:41:57.995+0000] {dag.py:3834} INFO - Setting next_dagrun for example_xcom_args to None, run_after=None
[2024-04-09T16:41:57.998+0000] {logging_mixin.py:188} INFO - [2024-04-09T16:41:57.998+0000] {dag.py:3834} INFO - Setting next_dagrun for example_xcom_args_with_operators to None, run_after=None
[2024-04-09T16:41:58.007+0000] {processor.py:183} INFO - Processing /home/airflow/.local/lib/python3.8/site-packages/airflow/example_dags/example_xcomargs.py took 0.039 seconds
[2024-04-09T16:42:28.819+0000] {processor.py:161} INFO - Started process (PID=893) to work on /home/airflow/.local/lib/python3.8/site-packages/airflow/example_dags/example_xcomargs.py
[2024-04-09T16:42:28.819+0000] {processor.py:830} INFO - Processing file /home/airflow/.local/lib/python3.8/site-packages/airflow/example_dags/example_xcomargs.py for tasks to queue
[2024-04-09T16:42:28.820+0000] {logging_mixin.py:188} INFO - [2024-04-09T16:42:28.820+0000] {dagbag.py:540} INFO - Filling up the DagBag from /home/airflow/.local/lib/python3.8/site-packages/airflow/example_dags/example_xcomargs.py
[2024-04-09T16:42:28.824+0000] {processor.py:840} INFO - DAG(s) 'example_xcom_args', 'example_xcom_args_with_operators' retrieved from /home/airflow/.local/lib/python3.8/site-packages/airflow/example_dags/example_xcomargs.py
[2024-04-09T16:42:28.835+0000] {logging_mixin.py:188} INFO - [2024-04-09T16:42:28.835+0000] {dag.py:3047} INFO - Sync 2 DAGs
[2024-04-09T16:42:28.840+0000] {logging_mixin.py:188} INFO - [2024-04-09T16:42:28.840+0000] {dag.py:3834} INFO - Setting next_dagrun for example_xcom_args to None, run_after=None
[2024-04-09T16:42:28.843+0000] {logging_mixin.py:188} INFO - [2024-04-09T16:42:28.843+0000] {dag.py:3834} INFO - Setting next_dagrun for example_xcom_args_with_operators to None, run_after=None
[2024-04-09T16:42:28.850+0000] {processor.py:183} INFO - Processing /home/airflow/.local/lib/python3.8/site-packages/airflow/example_dags/example_xcomargs.py took 0.033 seconds
[2024-04-09T16:42:59.637+0000] {processor.py:161} INFO - Started process (PID=951) to work on /home/airflow/.local/lib/python3.8/site-packages/airflow/example_dags/example_xcomargs.py
[2024-04-09T16:42:59.638+0000] {processor.py:830} INFO - Processing file /home/airflow/.local/lib/python3.8/site-packages/airflow/example_dags/example_xcomargs.py for tasks to queue
[2024-04-09T16:42:59.638+0000] {logging_mixin.py:188} INFO - [2024-04-09T16:42:59.638+0000] {dagbag.py:540} INFO - Filling up the DagBag from /home/airflow/.local/lib/python3.8/site-packages/airflow/example_dags/example_xcomargs.py
[2024-04-09T16:42:59.642+0000] {processor.py:840} INFO - DAG(s) 'example_xcom_args_with_operators', 'example_xcom_args' retrieved from /home/airflow/.local/lib/python3.8/site-packages/airflow/example_dags/example_xcomargs.py
[2024-04-09T16:42:59.653+0000] {logging_mixin.py:188} INFO - [2024-04-09T16:42:59.653+0000] {dag.py:3047} INFO - Sync 2 DAGs
[2024-04-09T16:42:59.659+0000] {logging_mixin.py:188} INFO - [2024-04-09T16:42:59.659+0000] {dag.py:3834} INFO - Setting next_dagrun for example_xcom_args to None, run_after=None
[2024-04-09T16:42:59.660+0000] {logging_mixin.py:188} INFO - [2024-04-09T16:42:59.660+0000] {dag.py:3834} INFO - Setting next_dagrun for example_xcom_args_with_operators to None, run_after=None
[2024-04-09T16:42:59.668+0000] {processor.py:183} INFO - Processing /home/airflow/.local/lib/python3.8/site-packages/airflow/example_dags/example_xcomargs.py took 0.032 seconds
[2024-04-09T16:43:29.694+0000] {processor.py:161} INFO - Started process (PID=1009) to work on /home/airflow/.local/lib/python3.8/site-packages/airflow/example_dags/example_xcomargs.py
[2024-04-09T16:43:29.695+0000] {processor.py:830} INFO - Processing file /home/airflow/.local/lib/python3.8/site-packages/airflow/example_dags/example_xcomargs.py for tasks to queue
[2024-04-09T16:43:29.696+0000] {logging_mixin.py:188} INFO - [2024-04-09T16:43:29.696+0000] {dagbag.py:540} INFO - Filling up the DagBag from /home/airflow/.local/lib/python3.8/site-packages/airflow/example_dags/example_xcomargs.py
[2024-04-09T16:43:29.701+0000] {processor.py:840} INFO - DAG(s) 'example_xcom_args_with_operators', 'example_xcom_args' retrieved from /home/airflow/.local/lib/python3.8/site-packages/airflow/example_dags/example_xcomargs.py
[2024-04-09T16:43:29.717+0000] {logging_mixin.py:188} INFO - [2024-04-09T16:43:29.717+0000] {dag.py:3047} INFO - Sync 2 DAGs
[2024-04-09T16:43:29.727+0000] {logging_mixin.py:188} INFO - [2024-04-09T16:43:29.727+0000] {dag.py:3834} INFO - Setting next_dagrun for example_xcom_args to None, run_after=None
[2024-04-09T16:43:29.729+0000] {logging_mixin.py:188} INFO - [2024-04-09T16:43:29.729+0000] {dag.py:3834} INFO - Setting next_dagrun for example_xcom_args_with_operators to None, run_after=None
[2024-04-09T16:43:29.736+0000] {processor.py:183} INFO - Processing /home/airflow/.local/lib/python3.8/site-packages/airflow/example_dags/example_xcomargs.py took 0.044 seconds
[2024-04-09T16:44:00.647+0000] {processor.py:161} INFO - Started process (PID=1067) to work on /home/airflow/.local/lib/python3.8/site-packages/airflow/example_dags/example_xcomargs.py
[2024-04-09T16:44:00.648+0000] {processor.py:830} INFO - Processing file /home/airflow/.local/lib/python3.8/site-packages/airflow/example_dags/example_xcomargs.py for tasks to queue
[2024-04-09T16:44:00.648+0000] {logging_mixin.py:188} INFO - [2024-04-09T16:44:00.648+0000] {dagbag.py:540} INFO - Filling up the DagBag from /home/airflow/.local/lib/python3.8/site-packages/airflow/example_dags/example_xcomargs.py
[2024-04-09T16:44:00.652+0000] {processor.py:840} INFO - DAG(s) 'example_xcom_args_with_operators', 'example_xcom_args' retrieved from /home/airflow/.local/lib/python3.8/site-packages/airflow/example_dags/example_xcomargs.py
[2024-04-09T16:44:00.662+0000] {logging_mixin.py:188} INFO - [2024-04-09T16:44:00.662+0000] {dag.py:3047} INFO - Sync 2 DAGs
[2024-04-09T16:44:00.669+0000] {logging_mixin.py:188} INFO - [2024-04-09T16:44:00.669+0000] {dag.py:3834} INFO - Setting next_dagrun for example_xcom_args to None, run_after=None
[2024-04-09T16:44:00.671+0000] {logging_mixin.py:188} INFO - [2024-04-09T16:44:00.671+0000] {dag.py:3834} INFO - Setting next_dagrun for example_xcom_args_with_operators to None, run_after=None
[2024-04-09T16:44:00.677+0000] {processor.py:183} INFO - Processing /home/airflow/.local/lib/python3.8/site-packages/airflow/example_dags/example_xcomargs.py took 0.032 seconds
[2024-04-09T16:44:30.879+0000] {processor.py:161} INFO - Started process (PID=1125) to work on /home/airflow/.local/lib/python3.8/site-packages/airflow/example_dags/example_xcomargs.py
[2024-04-09T16:44:30.879+0000] {processor.py:830} INFO - Processing file /home/airflow/.local/lib/python3.8/site-packages/airflow/example_dags/example_xcomargs.py for tasks to queue
[2024-04-09T16:44:30.880+0000] {logging_mixin.py:188} INFO - [2024-04-09T16:44:30.880+0000] {dagbag.py:540} INFO - Filling up the DagBag from /home/airflow/.local/lib/python3.8/site-packages/airflow/example_dags/example_xcomargs.py
[2024-04-09T16:44:30.884+0000] {processor.py:840} INFO - DAG(s) 'example_xcom_args_with_operators', 'example_xcom_args' retrieved from /home/airflow/.local/lib/python3.8/site-packages/airflow/example_dags/example_xcomargs.py
[2024-04-09T16:44:30.895+0000] {logging_mixin.py:188} INFO - [2024-04-09T16:44:30.895+0000] {dag.py:3047} INFO - Sync 2 DAGs
[2024-04-09T16:44:30.901+0000] {logging_mixin.py:188} INFO - [2024-04-09T16:44:30.901+0000] {dag.py:3834} INFO - Setting next_dagrun for example_xcom_args to None, run_after=None
[2024-04-09T16:44:30.902+0000] {logging_mixin.py:188} INFO - [2024-04-09T16:44:30.902+0000] {dag.py:3834} INFO - Setting next_dagrun for example_xcom_args_with_operators to None, run_after=None
[2024-04-09T16:44:30.908+0000] {processor.py:183} INFO - Processing /home/airflow/.local/lib/python3.8/site-packages/airflow/example_dags/example_xcomargs.py took 0.031 seconds
[2024-04-09T16:45:01.066+0000] {processor.py:161} INFO - Started process (PID=1183) to work on /home/airflow/.local/lib/python3.8/site-packages/airflow/example_dags/example_xcomargs.py
[2024-04-09T16:45:01.066+0000] {processor.py:830} INFO - Processing file /home/airflow/.local/lib/python3.8/site-packages/airflow/example_dags/example_xcomargs.py for tasks to queue
[2024-04-09T16:45:01.067+0000] {logging_mixin.py:188} INFO - [2024-04-09T16:45:01.067+0000] {dagbag.py:540} INFO - Filling up the DagBag from /home/airflow/.local/lib/python3.8/site-packages/airflow/example_dags/example_xcomargs.py
[2024-04-09T16:45:01.072+0000] {processor.py:840} INFO - DAG(s) 'example_xcom_args_with_operators', 'example_xcom_args' retrieved from /home/airflow/.local/lib/python3.8/site-packages/airflow/example_dags/example_xcomargs.py
[2024-04-09T16:45:01.085+0000] {logging_mixin.py:188} INFO - [2024-04-09T16:45:01.084+0000] {dag.py:3047} INFO - Sync 2 DAGs
[2024-04-09T16:45:01.091+0000] {logging_mixin.py:188} INFO - [2024-04-09T16:45:01.091+0000] {dag.py:3834} INFO - Setting next_dagrun for example_xcom_args to None, run_after=None
[2024-04-09T16:45:01.093+0000] {logging_mixin.py:188} INFO - [2024-04-09T16:45:01.093+0000] {dag.py:3834} INFO - Setting next_dagrun for example_xcom_args_with_operators to None, run_after=None
[2024-04-09T16:45:01.100+0000] {processor.py:183} INFO - Processing /home/airflow/.local/lib/python3.8/site-packages/airflow/example_dags/example_xcomargs.py took 0.036 seconds
[2024-04-09T16:45:31.708+0000] {processor.py:161} INFO - Started process (PID=1241) to work on /home/airflow/.local/lib/python3.8/site-packages/airflow/example_dags/example_xcomargs.py
[2024-04-09T16:45:31.710+0000] {processor.py:830} INFO - Processing file /home/airflow/.local/lib/python3.8/site-packages/airflow/example_dags/example_xcomargs.py for tasks to queue
[2024-04-09T16:45:31.712+0000] {logging_mixin.py:188} INFO - [2024-04-09T16:45:31.711+0000] {dagbag.py:540} INFO - Filling up the DagBag from /home/airflow/.local/lib/python3.8/site-packages/airflow/example_dags/example_xcomargs.py
[2024-04-09T16:45:31.717+0000] {processor.py:840} INFO - DAG(s) 'example_xcom_args_with_operators', 'example_xcom_args' retrieved from /home/airflow/.local/lib/python3.8/site-packages/airflow/example_dags/example_xcomargs.py
[2024-04-09T16:45:31.729+0000] {logging_mixin.py:188} INFO - [2024-04-09T16:45:31.729+0000] {dag.py:3047} INFO - Sync 2 DAGs
[2024-04-09T16:45:31.735+0000] {logging_mixin.py:188} INFO - [2024-04-09T16:45:31.735+0000] {dag.py:3834} INFO - Setting next_dagrun for example_xcom_args to None, run_after=None
[2024-04-09T16:45:31.737+0000] {logging_mixin.py:188} INFO - [2024-04-09T16:45:31.737+0000] {dag.py:3834} INFO - Setting next_dagrun for example_xcom_args_with_operators to None, run_after=None
[2024-04-09T16:45:31.748+0000] {processor.py:183} INFO - Processing /home/airflow/.local/lib/python3.8/site-packages/airflow/example_dags/example_xcomargs.py took 0.043 seconds
[2024-04-09T16:46:03.115+0000] {processor.py:161} INFO - Started process (PID=1304) to work on /home/airflow/.local/lib/python3.8/site-packages/airflow/example_dags/example_xcomargs.py
[2024-04-09T16:46:03.116+0000] {processor.py:830} INFO - Processing file /home/airflow/.local/lib/python3.8/site-packages/airflow/example_dags/example_xcomargs.py for tasks to queue
[2024-04-09T16:46:03.117+0000] {logging_mixin.py:188} INFO - [2024-04-09T16:46:03.117+0000] {dagbag.py:540} INFO - Filling up the DagBag from /home/airflow/.local/lib/python3.8/site-packages/airflow/example_dags/example_xcomargs.py
[2024-04-09T16:46:03.121+0000] {processor.py:840} INFO - DAG(s) 'example_xcom_args', 'example_xcom_args_with_operators' retrieved from /home/airflow/.local/lib/python3.8/site-packages/airflow/example_dags/example_xcomargs.py
[2024-04-09T16:46:03.133+0000] {logging_mixin.py:188} INFO - [2024-04-09T16:46:03.133+0000] {dag.py:3047} INFO - Sync 2 DAGs
[2024-04-09T16:46:03.139+0000] {logging_mixin.py:188} INFO - [2024-04-09T16:46:03.139+0000] {dag.py:3834} INFO - Setting next_dagrun for example_xcom_args to None, run_after=None
[2024-04-09T16:46:03.140+0000] {logging_mixin.py:188} INFO - [2024-04-09T16:46:03.140+0000] {dag.py:3834} INFO - Setting next_dagrun for example_xcom_args_with_operators to None, run_after=None
[2024-04-09T16:46:03.147+0000] {processor.py:183} INFO - Processing /home/airflow/.local/lib/python3.8/site-packages/airflow/example_dags/example_xcomargs.py took 0.034 seconds
[2024-04-09T16:46:34.439+0000] {processor.py:161} INFO - Started process (PID=1366) to work on /home/airflow/.local/lib/python3.8/site-packages/airflow/example_dags/example_xcomargs.py
[2024-04-09T16:46:34.444+0000] {processor.py:830} INFO - Processing file /home/airflow/.local/lib/python3.8/site-packages/airflow/example_dags/example_xcomargs.py for tasks to queue
[2024-04-09T16:46:34.452+0000] {logging_mixin.py:188} INFO - [2024-04-09T16:46:34.452+0000] {dagbag.py:540} INFO - Filling up the DagBag from /home/airflow/.local/lib/python3.8/site-packages/airflow/example_dags/example_xcomargs.py
[2024-04-09T16:46:34.496+0000] {processor.py:840} INFO - DAG(s) 'example_xcom_args_with_operators', 'example_xcom_args' retrieved from /home/airflow/.local/lib/python3.8/site-packages/airflow/example_dags/example_xcomargs.py
[2024-04-09T16:46:34.565+0000] {logging_mixin.py:188} INFO - [2024-04-09T16:46:34.565+0000] {dag.py:3047} INFO - Sync 2 DAGs
[2024-04-09T16:46:34.589+0000] {logging_mixin.py:188} INFO - [2024-04-09T16:46:34.588+0000] {dag.py:3834} INFO - Setting next_dagrun for example_xcom_args to None, run_after=None
[2024-04-09T16:46:34.601+0000] {logging_mixin.py:188} INFO - [2024-04-09T16:46:34.601+0000] {dag.py:3834} INFO - Setting next_dagrun for example_xcom_args_with_operators to None, run_after=None
[2024-04-09T16:46:34.619+0000] {processor.py:183} INFO - Processing /home/airflow/.local/lib/python3.8/site-packages/airflow/example_dags/example_xcomargs.py took 0.189 seconds
[2024-04-09T16:47:07.775+0000] {processor.py:161} INFO - Started process (PID=1447) to work on /home/airflow/.local/lib/python3.8/site-packages/airflow/example_dags/example_xcomargs.py
[2024-04-09T16:47:07.783+0000] {processor.py:830} INFO - Processing file /home/airflow/.local/lib/python3.8/site-packages/airflow/example_dags/example_xcomargs.py for tasks to queue
[2024-04-09T16:47:07.785+0000] {logging_mixin.py:188} INFO - [2024-04-09T16:47:07.784+0000] {dagbag.py:540} INFO - Filling up the DagBag from /home/airflow/.local/lib/python3.8/site-packages/airflow/example_dags/example_xcomargs.py
[2024-04-09T16:47:07.817+0000] {processor.py:840} INFO - DAG(s) 'example_xcom_args', 'example_xcom_args_with_operators' retrieved from /home/airflow/.local/lib/python3.8/site-packages/airflow/example_dags/example_xcomargs.py
[2024-04-09T16:47:07.909+0000] {logging_mixin.py:188} INFO - [2024-04-09T16:47:07.908+0000] {dag.py:3047} INFO - Sync 2 DAGs
[2024-04-09T16:47:07.961+0000] {logging_mixin.py:188} INFO - [2024-04-09T16:47:07.961+0000] {dag.py:3834} INFO - Setting next_dagrun for example_xcom_args to None, run_after=None
[2024-04-09T16:47:07.969+0000] {logging_mixin.py:188} INFO - [2024-04-09T16:47:07.966+0000] {dag.py:3834} INFO - Setting next_dagrun for example_xcom_args_with_operators to None, run_after=None
[2024-04-09T16:47:08.034+0000] {processor.py:183} INFO - Processing /home/airflow/.local/lib/python3.8/site-packages/airflow/example_dags/example_xcomargs.py took 0.271 seconds
[2024-04-09T16:47:43.966+0000] {processor.py:161} INFO - Started process (PID=1516) to work on /home/airflow/.local/lib/python3.8/site-packages/airflow/example_dags/example_xcomargs.py
[2024-04-09T16:47:43.970+0000] {processor.py:830} INFO - Processing file /home/airflow/.local/lib/python3.8/site-packages/airflow/example_dags/example_xcomargs.py for tasks to queue
[2024-04-09T16:47:43.977+0000] {logging_mixin.py:188} INFO - [2024-04-09T16:47:43.976+0000] {dagbag.py:540} INFO - Filling up the DagBag from /home/airflow/.local/lib/python3.8/site-packages/airflow/example_dags/example_xcomargs.py
[2024-04-09T16:47:44.037+0000] {processor.py:840} INFO - DAG(s) 'example_xcom_args_with_operators', 'example_xcom_args' retrieved from /home/airflow/.local/lib/python3.8/site-packages/airflow/example_dags/example_xcomargs.py
[2024-04-09T16:47:44.097+0000] {logging_mixin.py:188} INFO - [2024-04-09T16:47:44.096+0000] {dag.py:3047} INFO - Sync 2 DAGs
[2024-04-09T16:47:44.137+0000] {logging_mixin.py:188} INFO - [2024-04-09T16:47:44.136+0000] {dag.py:3834} INFO - Setting next_dagrun for example_xcom_args to None, run_after=None
[2024-04-09T16:47:44.151+0000] {logging_mixin.py:188} INFO - [2024-04-09T16:47:44.150+0000] {dag.py:3834} INFO - Setting next_dagrun for example_xcom_args_with_operators to None, run_after=None
[2024-04-09T16:47:44.176+0000] {processor.py:183} INFO - Processing /home/airflow/.local/lib/python3.8/site-packages/airflow/example_dags/example_xcomargs.py took 0.222 seconds
[2024-04-09T16:48:14.987+0000] {processor.py:161} INFO - Started process (PID=1573) to work on /home/airflow/.local/lib/python3.8/site-packages/airflow/example_dags/example_xcomargs.py
[2024-04-09T16:48:14.988+0000] {processor.py:830} INFO - Processing file /home/airflow/.local/lib/python3.8/site-packages/airflow/example_dags/example_xcomargs.py for tasks to queue
[2024-04-09T16:48:14.990+0000] {logging_mixin.py:188} INFO - [2024-04-09T16:48:14.990+0000] {dagbag.py:540} INFO - Filling up the DagBag from /home/airflow/.local/lib/python3.8/site-packages/airflow/example_dags/example_xcomargs.py
[2024-04-09T16:48:14.999+0000] {processor.py:840} INFO - DAG(s) 'example_xcom_args', 'example_xcom_args_with_operators' retrieved from /home/airflow/.local/lib/python3.8/site-packages/airflow/example_dags/example_xcomargs.py
[2024-04-09T16:48:15.018+0000] {logging_mixin.py:188} INFO - [2024-04-09T16:48:15.017+0000] {dag.py:3047} INFO - Sync 2 DAGs
[2024-04-09T16:48:15.034+0000] {logging_mixin.py:188} INFO - [2024-04-09T16:48:15.034+0000] {dag.py:3834} INFO - Setting next_dagrun for example_xcom_args to None, run_after=None
[2024-04-09T16:48:15.037+0000] {logging_mixin.py:188} INFO - [2024-04-09T16:48:15.037+0000] {dag.py:3834} INFO - Setting next_dagrun for example_xcom_args_with_operators to None, run_after=None
[2024-04-09T16:48:15.047+0000] {processor.py:183} INFO - Processing /home/airflow/.local/lib/python3.8/site-packages/airflow/example_dags/example_xcomargs.py took 0.064 seconds
[2024-04-09T16:48:45.229+0000] {processor.py:161} INFO - Started process (PID=1630) to work on /home/airflow/.local/lib/python3.8/site-packages/airflow/example_dags/example_xcomargs.py
[2024-04-09T16:48:45.232+0000] {processor.py:830} INFO - Processing file /home/airflow/.local/lib/python3.8/site-packages/airflow/example_dags/example_xcomargs.py for tasks to queue
[2024-04-09T16:48:45.238+0000] {logging_mixin.py:188} INFO - [2024-04-09T16:48:45.237+0000] {dagbag.py:540} INFO - Filling up the DagBag from /home/airflow/.local/lib/python3.8/site-packages/airflow/example_dags/example_xcomargs.py
[2024-04-09T16:48:45.252+0000] {processor.py:840} INFO - DAG(s) 'example_xcom_args_with_operators', 'example_xcom_args' retrieved from /home/airflow/.local/lib/python3.8/site-packages/airflow/example_dags/example_xcomargs.py
[2024-04-09T16:48:45.274+0000] {logging_mixin.py:188} INFO - [2024-04-09T16:48:45.273+0000] {dag.py:3047} INFO - Sync 2 DAGs
[2024-04-09T16:48:45.282+0000] {logging_mixin.py:188} INFO - [2024-04-09T16:48:45.282+0000] {dag.py:3834} INFO - Setting next_dagrun for example_xcom_args to None, run_after=None
[2024-04-09T16:48:45.284+0000] {logging_mixin.py:188} INFO - [2024-04-09T16:48:45.284+0000] {dag.py:3834} INFO - Setting next_dagrun for example_xcom_args_with_operators to None, run_after=None
[2024-04-09T16:48:45.292+0000] {processor.py:183} INFO - Processing /home/airflow/.local/lib/python3.8/site-packages/airflow/example_dags/example_xcomargs.py took 0.073 seconds
[2024-04-09T16:49:15.565+0000] {processor.py:161} INFO - Started process (PID=1687) to work on /home/airflow/.local/lib/python3.8/site-packages/airflow/example_dags/example_xcomargs.py
[2024-04-09T16:49:15.567+0000] {processor.py:830} INFO - Processing file /home/airflow/.local/lib/python3.8/site-packages/airflow/example_dags/example_xcomargs.py for tasks to queue
[2024-04-09T16:49:15.569+0000] {logging_mixin.py:188} INFO - [2024-04-09T16:49:15.569+0000] {dagbag.py:540} INFO - Filling up the DagBag from /home/airflow/.local/lib/python3.8/site-packages/airflow/example_dags/example_xcomargs.py
[2024-04-09T16:49:15.579+0000] {processor.py:840} INFO - DAG(s) 'example_xcom_args', 'example_xcom_args_with_operators' retrieved from /home/airflow/.local/lib/python3.8/site-packages/airflow/example_dags/example_xcomargs.py
[2024-04-09T16:49:15.596+0000] {logging_mixin.py:188} INFO - [2024-04-09T16:49:15.596+0000] {dag.py:3047} INFO - Sync 2 DAGs
[2024-04-09T16:49:15.603+0000] {logging_mixin.py:188} INFO - [2024-04-09T16:49:15.603+0000] {dag.py:3834} INFO - Setting next_dagrun for example_xcom_args to None, run_after=None
[2024-04-09T16:49:15.605+0000] {logging_mixin.py:188} INFO - [2024-04-09T16:49:15.605+0000] {dag.py:3834} INFO - Setting next_dagrun for example_xcom_args_with_operators to None, run_after=None
[2024-04-09T16:49:15.613+0000] {processor.py:183} INFO - Processing /home/airflow/.local/lib/python3.8/site-packages/airflow/example_dags/example_xcomargs.py took 0.053 seconds
[2024-04-09T16:49:46.458+0000] {processor.py:161} INFO - Started process (PID=1744) to work on /home/airflow/.local/lib/python3.8/site-packages/airflow/example_dags/example_xcomargs.py
[2024-04-09T16:49:46.460+0000] {processor.py:830} INFO - Processing file /home/airflow/.local/lib/python3.8/site-packages/airflow/example_dags/example_xcomargs.py for tasks to queue
[2024-04-09T16:49:46.463+0000] {logging_mixin.py:188} INFO - [2024-04-09T16:49:46.462+0000] {dagbag.py:540} INFO - Filling up the DagBag from /home/airflow/.local/lib/python3.8/site-packages/airflow/example_dags/example_xcomargs.py
[2024-04-09T16:49:46.472+0000] {processor.py:840} INFO - DAG(s) 'example_xcom_args_with_operators', 'example_xcom_args' retrieved from /home/airflow/.local/lib/python3.8/site-packages/airflow/example_dags/example_xcomargs.py
[2024-04-09T16:49:46.489+0000] {logging_mixin.py:188} INFO - [2024-04-09T16:49:46.489+0000] {dag.py:3047} INFO - Sync 2 DAGs
[2024-04-09T16:49:46.496+0000] {logging_mixin.py:188} INFO - [2024-04-09T16:49:46.496+0000] {dag.py:3834} INFO - Setting next_dagrun for example_xcom_args to None, run_after=None
[2024-04-09T16:49:46.498+0000] {logging_mixin.py:188} INFO - [2024-04-09T16:49:46.498+0000] {dag.py:3834} INFO - Setting next_dagrun for example_xcom_args_with_operators to None, run_after=None
[2024-04-09T16:49:46.506+0000] {processor.py:183} INFO - Processing /home/airflow/.local/lib/python3.8/site-packages/airflow/example_dags/example_xcomargs.py took 0.053 seconds
[2024-04-09T16:50:16.579+0000] {processor.py:161} INFO - Started process (PID=1801) to work on /home/airflow/.local/lib/python3.8/site-packages/airflow/example_dags/example_xcomargs.py
[2024-04-09T16:50:16.581+0000] {processor.py:830} INFO - Processing file /home/airflow/.local/lib/python3.8/site-packages/airflow/example_dags/example_xcomargs.py for tasks to queue
[2024-04-09T16:50:16.582+0000] {logging_mixin.py:188} INFO - [2024-04-09T16:50:16.582+0000] {dagbag.py:540} INFO - Filling up the DagBag from /home/airflow/.local/lib/python3.8/site-packages/airflow/example_dags/example_xcomargs.py
[2024-04-09T16:50:16.588+0000] {processor.py:840} INFO - DAG(s) 'example_xcom_args_with_operators', 'example_xcom_args' retrieved from /home/airflow/.local/lib/python3.8/site-packages/airflow/example_dags/example_xcomargs.py
[2024-04-09T16:50:16.604+0000] {logging_mixin.py:188} INFO - [2024-04-09T16:50:16.604+0000] {dag.py:3047} INFO - Sync 2 DAGs
[2024-04-09T16:50:16.611+0000] {logging_mixin.py:188} INFO - [2024-04-09T16:50:16.611+0000] {dag.py:3834} INFO - Setting next_dagrun for example_xcom_args to None, run_after=None
[2024-04-09T16:50:16.613+0000] {logging_mixin.py:188} INFO - [2024-04-09T16:50:16.613+0000] {dag.py:3834} INFO - Setting next_dagrun for example_xcom_args_with_operators to None, run_after=None
[2024-04-09T16:50:16.621+0000] {processor.py:183} INFO - Processing /home/airflow/.local/lib/python3.8/site-packages/airflow/example_dags/example_xcomargs.py took 0.046 seconds
[2024-04-09T16:50:46.665+0000] {processor.py:161} INFO - Started process (PID=1858) to work on /home/airflow/.local/lib/python3.8/site-packages/airflow/example_dags/example_xcomargs.py
[2024-04-09T16:50:46.667+0000] {processor.py:830} INFO - Processing file /home/airflow/.local/lib/python3.8/site-packages/airflow/example_dags/example_xcomargs.py for tasks to queue
[2024-04-09T16:50:46.670+0000] {logging_mixin.py:188} INFO - [2024-04-09T16:50:46.670+0000] {dagbag.py:540} INFO - Filling up the DagBag from /home/airflow/.local/lib/python3.8/site-packages/airflow/example_dags/example_xcomargs.py
[2024-04-09T16:50:46.674+0000] {processor.py:840} INFO - DAG(s) 'example_xcom_args', 'example_xcom_args_with_operators' retrieved from /home/airflow/.local/lib/python3.8/site-packages/airflow/example_dags/example_xcomargs.py
[2024-04-09T16:50:46.684+0000] {logging_mixin.py:188} INFO - [2024-04-09T16:50:46.684+0000] {dag.py:3047} INFO - Sync 2 DAGs
[2024-04-09T16:50:46.689+0000] {logging_mixin.py:188} INFO - [2024-04-09T16:50:46.689+0000] {dag.py:3834} INFO - Setting next_dagrun for example_xcom_args to None, run_after=None
[2024-04-09T16:50:46.691+0000] {logging_mixin.py:188} INFO - [2024-04-09T16:50:46.691+0000] {dag.py:3834} INFO - Setting next_dagrun for example_xcom_args_with_operators to None, run_after=None
[2024-04-09T16:50:46.698+0000] {processor.py:183} INFO - Processing /home/airflow/.local/lib/python3.8/site-packages/airflow/example_dags/example_xcomargs.py took 0.035 seconds
[2024-04-09T16:51:17.187+0000] {processor.py:161} INFO - Started process (PID=1916) to work on /home/airflow/.local/lib/python3.8/site-packages/airflow/example_dags/example_xcomargs.py
[2024-04-09T16:51:17.188+0000] {processor.py:830} INFO - Processing file /home/airflow/.local/lib/python3.8/site-packages/airflow/example_dags/example_xcomargs.py for tasks to queue
[2024-04-09T16:51:17.191+0000] {logging_mixin.py:188} INFO - [2024-04-09T16:51:17.190+0000] {dagbag.py:540} INFO - Filling up the DagBag from /home/airflow/.local/lib/python3.8/site-packages/airflow/example_dags/example_xcomargs.py
[2024-04-09T16:51:17.198+0000] {processor.py:840} INFO - DAG(s) 'example_xcom_args', 'example_xcom_args_with_operators' retrieved from /home/airflow/.local/lib/python3.8/site-packages/airflow/example_dags/example_xcomargs.py
[2024-04-09T16:51:17.213+0000] {logging_mixin.py:188} INFO - [2024-04-09T16:51:17.213+0000] {dag.py:3047} INFO - Sync 2 DAGs
[2024-04-09T16:51:17.222+0000] {logging_mixin.py:188} INFO - [2024-04-09T16:51:17.222+0000] {dag.py:3834} INFO - Setting next_dagrun for example_xcom_args to None, run_after=None
[2024-04-09T16:51:17.225+0000] {logging_mixin.py:188} INFO - [2024-04-09T16:51:17.224+0000] {dag.py:3834} INFO - Setting next_dagrun for example_xcom_args_with_operators to None, run_after=None
[2024-04-09T16:51:17.232+0000] {processor.py:183} INFO - Processing /home/airflow/.local/lib/python3.8/site-packages/airflow/example_dags/example_xcomargs.py took 0.050 seconds
[2024-04-09T16:51:47.303+0000] {processor.py:161} INFO - Started process (PID=1974) to work on /home/airflow/.local/lib/python3.8/site-packages/airflow/example_dags/example_xcomargs.py
[2024-04-09T16:51:47.305+0000] {processor.py:830} INFO - Processing file /home/airflow/.local/lib/python3.8/site-packages/airflow/example_dags/example_xcomargs.py for tasks to queue
[2024-04-09T16:51:47.307+0000] {logging_mixin.py:188} INFO - [2024-04-09T16:51:47.306+0000] {dagbag.py:540} INFO - Filling up the DagBag from /home/airflow/.local/lib/python3.8/site-packages/airflow/example_dags/example_xcomargs.py
[2024-04-09T16:51:47.312+0000] {processor.py:840} INFO - DAG(s) 'example_xcom_args', 'example_xcom_args_with_operators' retrieved from /home/airflow/.local/lib/python3.8/site-packages/airflow/example_dags/example_xcomargs.py
[2024-04-09T16:51:47.329+0000] {logging_mixin.py:188} INFO - [2024-04-09T16:51:47.329+0000] {dag.py:3047} INFO - Sync 2 DAGs
[2024-04-09T16:51:47.337+0000] {logging_mixin.py:188} INFO - [2024-04-09T16:51:47.337+0000] {dag.py:3834} INFO - Setting next_dagrun for example_xcom_args to None, run_after=None
[2024-04-09T16:51:47.342+0000] {logging_mixin.py:188} INFO - [2024-04-09T16:51:47.342+0000] {dag.py:3834} INFO - Setting next_dagrun for example_xcom_args_with_operators to None, run_after=None
[2024-04-09T16:51:47.349+0000] {processor.py:183} INFO - Processing /home/airflow/.local/lib/python3.8/site-packages/airflow/example_dags/example_xcomargs.py took 0.049 seconds
[2024-04-09T16:52:18.279+0000] {processor.py:161} INFO - Started process (PID=2032) to work on /home/airflow/.local/lib/python3.8/site-packages/airflow/example_dags/example_xcomargs.py
[2024-04-09T16:52:18.281+0000] {processor.py:830} INFO - Processing file /home/airflow/.local/lib/python3.8/site-packages/airflow/example_dags/example_xcomargs.py for tasks to queue
[2024-04-09T16:52:18.283+0000] {logging_mixin.py:188} INFO - [2024-04-09T16:52:18.283+0000] {dagbag.py:540} INFO - Filling up the DagBag from /home/airflow/.local/lib/python3.8/site-packages/airflow/example_dags/example_xcomargs.py
[2024-04-09T16:52:18.291+0000] {processor.py:840} INFO - DAG(s) 'example_xcom_args_with_operators', 'example_xcom_args' retrieved from /home/airflow/.local/lib/python3.8/site-packages/airflow/example_dags/example_xcomargs.py
[2024-04-09T16:52:18.311+0000] {logging_mixin.py:188} INFO - [2024-04-09T16:52:18.311+0000] {dag.py:3047} INFO - Sync 2 DAGs
[2024-04-09T16:52:18.332+0000] {logging_mixin.py:188} INFO - [2024-04-09T16:52:18.331+0000] {dag.py:3834} INFO - Setting next_dagrun for example_xcom_args to None, run_after=None
[2024-04-09T16:52:18.334+0000] {logging_mixin.py:188} INFO - [2024-04-09T16:52:18.334+0000] {dag.py:3834} INFO - Setting next_dagrun for example_xcom_args_with_operators to None, run_after=None
[2024-04-09T16:52:18.344+0000] {processor.py:183} INFO - Processing /home/airflow/.local/lib/python3.8/site-packages/airflow/example_dags/example_xcomargs.py took 0.068 seconds
[2024-04-09T16:52:48.629+0000] {processor.py:161} INFO - Started process (PID=2112) to work on /home/airflow/.local/lib/python3.8/site-packages/airflow/example_dags/example_xcomargs.py
[2024-04-09T16:52:48.632+0000] {processor.py:830} INFO - Processing file /home/airflow/.local/lib/python3.8/site-packages/airflow/example_dags/example_xcomargs.py for tasks to queue
[2024-04-09T16:52:48.635+0000] {logging_mixin.py:188} INFO - [2024-04-09T16:52:48.634+0000] {dagbag.py:540} INFO - Filling up the DagBag from /home/airflow/.local/lib/python3.8/site-packages/airflow/example_dags/example_xcomargs.py
[2024-04-09T16:52:48.646+0000] {processor.py:840} INFO - DAG(s) 'example_xcom_args', 'example_xcom_args_with_operators' retrieved from /home/airflow/.local/lib/python3.8/site-packages/airflow/example_dags/example_xcomargs.py
[2024-04-09T16:52:48.666+0000] {logging_mixin.py:188} INFO - [2024-04-09T16:52:48.666+0000] {dag.py:3047} INFO - Sync 2 DAGs
[2024-04-09T16:52:48.676+0000] {logging_mixin.py:188} INFO - [2024-04-09T16:52:48.675+0000] {dag.py:3834} INFO - Setting next_dagrun for example_xcom_args to None, run_after=None
[2024-04-09T16:52:48.677+0000] {logging_mixin.py:188} INFO - [2024-04-09T16:52:48.677+0000] {dag.py:3834} INFO - Setting next_dagrun for example_xcom_args_with_operators to None, run_after=None
[2024-04-09T16:52:48.685+0000] {processor.py:183} INFO - Processing /home/airflow/.local/lib/python3.8/site-packages/airflow/example_dags/example_xcomargs.py took 0.062 seconds
[2024-04-09T16:53:19.368+0000] {processor.py:161} INFO - Started process (PID=2195) to work on /home/airflow/.local/lib/python3.8/site-packages/airflow/example_dags/example_xcomargs.py
[2024-04-09T16:53:19.371+0000] {processor.py:830} INFO - Processing file /home/airflow/.local/lib/python3.8/site-packages/airflow/example_dags/example_xcomargs.py for tasks to queue
[2024-04-09T16:53:19.376+0000] {logging_mixin.py:188} INFO - [2024-04-09T16:53:19.376+0000] {dagbag.py:540} INFO - Filling up the DagBag from /home/airflow/.local/lib/python3.8/site-packages/airflow/example_dags/example_xcomargs.py
[2024-04-09T16:53:19.421+0000] {processor.py:840} INFO - DAG(s) 'example_xcom_args', 'example_xcom_args_with_operators' retrieved from /home/airflow/.local/lib/python3.8/site-packages/airflow/example_dags/example_xcomargs.py
[2024-04-09T16:53:19.484+0000] {logging_mixin.py:188} INFO - [2024-04-09T16:53:19.484+0000] {dag.py:3047} INFO - Sync 2 DAGs
[2024-04-09T16:53:19.520+0000] {logging_mixin.py:188} INFO - [2024-04-09T16:53:19.520+0000] {dag.py:3834} INFO - Setting next_dagrun for example_xcom_args to None, run_after=None
[2024-04-09T16:53:19.530+0000] {logging_mixin.py:188} INFO - [2024-04-09T16:53:19.530+0000] {dag.py:3834} INFO - Setting next_dagrun for example_xcom_args_with_operators to None, run_after=None
[2024-04-09T16:53:19.558+0000] {processor.py:183} INFO - Processing /home/airflow/.local/lib/python3.8/site-packages/airflow/example_dags/example_xcomargs.py took 0.209 seconds
[2024-04-09T16:53:51.004+0000] {processor.py:161} INFO - Started process (PID=2269) to work on /home/airflow/.local/lib/python3.8/site-packages/airflow/example_dags/example_xcomargs.py
[2024-04-09T16:53:51.009+0000] {processor.py:830} INFO - Processing file /home/airflow/.local/lib/python3.8/site-packages/airflow/example_dags/example_xcomargs.py for tasks to queue
[2024-04-09T16:53:51.016+0000] {logging_mixin.py:188} INFO - [2024-04-09T16:53:51.015+0000] {dagbag.py:540} INFO - Filling up the DagBag from /home/airflow/.local/lib/python3.8/site-packages/airflow/example_dags/example_xcomargs.py
[2024-04-09T16:53:51.082+0000] {processor.py:840} INFO - DAG(s) 'example_xcom_args', 'example_xcom_args_with_operators' retrieved from /home/airflow/.local/lib/python3.8/site-packages/airflow/example_dags/example_xcomargs.py
[2024-04-09T16:53:51.200+0000] {logging_mixin.py:188} INFO - [2024-04-09T16:53:51.194+0000] {dag.py:3047} INFO - Sync 2 DAGs
[2024-04-09T16:53:51.339+0000] {logging_mixin.py:188} INFO - [2024-04-09T16:53:51.338+0000] {dag.py:3834} INFO - Setting next_dagrun for example_xcom_args to None, run_after=None
[2024-04-09T16:53:51.352+0000] {logging_mixin.py:188} INFO - [2024-04-09T16:53:51.351+0000] {dag.py:3834} INFO - Setting next_dagrun for example_xcom_args_with_operators to None, run_after=None
[2024-04-09T16:53:51.403+0000] {processor.py:183} INFO - Processing /home/airflow/.local/lib/python3.8/site-packages/airflow/example_dags/example_xcomargs.py took 0.412 seconds
[2024-04-09T16:54:22.809+0000] {processor.py:161} INFO - Started process (PID=2339) to work on /home/airflow/.local/lib/python3.8/site-packages/airflow/example_dags/example_xcomargs.py
[2024-04-09T16:54:22.813+0000] {processor.py:830} INFO - Processing file /home/airflow/.local/lib/python3.8/site-packages/airflow/example_dags/example_xcomargs.py for tasks to queue
[2024-04-09T16:54:22.828+0000] {logging_mixin.py:188} INFO - [2024-04-09T16:54:22.826+0000] {dagbag.py:540} INFO - Filling up the DagBag from /home/airflow/.local/lib/python3.8/site-packages/airflow/example_dags/example_xcomargs.py
[2024-04-09T16:54:22.916+0000] {processor.py:840} INFO - DAG(s) 'example_xcom_args', 'example_xcom_args_with_operators' retrieved from /home/airflow/.local/lib/python3.8/site-packages/airflow/example_dags/example_xcomargs.py
[2024-04-09T16:54:23.127+0000] {logging_mixin.py:188} INFO - [2024-04-09T16:54:23.122+0000] {dag.py:3047} INFO - Sync 2 DAGs
[2024-04-09T16:54:23.210+0000] {logging_mixin.py:188} INFO - [2024-04-09T16:54:23.208+0000] {dag.py:3834} INFO - Setting next_dagrun for example_xcom_args to None, run_after=None
[2024-04-09T16:54:23.218+0000] {logging_mixin.py:188} INFO - [2024-04-09T16:54:23.218+0000] {dag.py:3834} INFO - Setting next_dagrun for example_xcom_args_with_operators to None, run_after=None
[2024-04-09T16:54:23.454+0000] {processor.py:183} INFO - Processing /home/airflow/.local/lib/python3.8/site-packages/airflow/example_dags/example_xcomargs.py took 0.689 seconds
