[2024-04-09T16:35:20.750+0000] {processor.py:161} INFO - Started process (PID=90) to work on /home/airflow/.local/lib/python3.8/site-packages/airflow/example_dags/example_latest_only_with_trigger.py
[2024-04-09T16:35:20.757+0000] {processor.py:830} INFO - Processing file /home/airflow/.local/lib/python3.8/site-packages/airflow/example_dags/example_latest_only_with_trigger.py for tasks to queue
[2024-04-09T16:35:20.760+0000] {logging_mixin.py:188} INFO - [2024-04-09T16:35:20.760+0000] {dagbag.py:540} INFO - Filling up the DagBag from /home/airflow/.local/lib/python3.8/site-packages/airflow/example_dags/example_latest_only_with_trigger.py
[2024-04-09T16:35:20.769+0000] {processor.py:840} INFO - DAG(s) 'latest_only_with_trigger' retrieved from /home/airflow/.local/lib/python3.8/site-packages/airflow/example_dags/example_latest_only_with_trigger.py
[2024-04-09T16:35:20.787+0000] {logging_mixin.py:188} INFO - [2024-04-09T16:35:20.787+0000] {dag.py:3047} INFO - Sync 1 DAGs
[2024-04-09T16:35:20.815+0000] {logging_mixin.py:188} INFO - [2024-04-09T16:35:20.814+0000] {dag.py:3834} INFO - Setting next_dagrun for latest_only_with_trigger to 2024-04-09 12:00:00+00:00, run_after=2024-04-09 16:00:00+00:00
[2024-04-09T16:35:20.839+0000] {processor.py:183} INFO - Processing /home/airflow/.local/lib/python3.8/site-packages/airflow/example_dags/example_latest_only_with_trigger.py took 0.094 seconds
[2024-04-09T16:35:50.971+0000] {processor.py:161} INFO - Started process (PID=147) to work on /home/airflow/.local/lib/python3.8/site-packages/airflow/example_dags/example_latest_only_with_trigger.py
[2024-04-09T16:35:50.972+0000] {processor.py:830} INFO - Processing file /home/airflow/.local/lib/python3.8/site-packages/airflow/example_dags/example_latest_only_with_trigger.py for tasks to queue
[2024-04-09T16:35:50.972+0000] {logging_mixin.py:188} INFO - [2024-04-09T16:35:50.972+0000] {dagbag.py:540} INFO - Filling up the DagBag from /home/airflow/.local/lib/python3.8/site-packages/airflow/example_dags/example_latest_only_with_trigger.py
[2024-04-09T16:35:50.976+0000] {processor.py:840} INFO - DAG(s) 'latest_only_with_trigger' retrieved from /home/airflow/.local/lib/python3.8/site-packages/airflow/example_dags/example_latest_only_with_trigger.py
[2024-04-09T16:35:51.027+0000] {logging_mixin.py:188} INFO - [2024-04-09T16:35:51.027+0000] {dag.py:3047} INFO - Sync 1 DAGs
[2024-04-09T16:35:51.036+0000] {logging_mixin.py:188} INFO - [2024-04-09T16:35:51.036+0000] {dag.py:3834} INFO - Setting next_dagrun for latest_only_with_trigger to 2024-04-09 12:00:00+00:00, run_after=2024-04-09 16:00:00+00:00
[2024-04-09T16:35:51.044+0000] {processor.py:183} INFO - Processing /home/airflow/.local/lib/python3.8/site-packages/airflow/example_dags/example_latest_only_with_trigger.py took 0.074 seconds
[2024-04-09T16:36:21.898+0000] {processor.py:161} INFO - Started process (PID=204) to work on /home/airflow/.local/lib/python3.8/site-packages/airflow/example_dags/example_latest_only_with_trigger.py
[2024-04-09T16:36:21.899+0000] {processor.py:830} INFO - Processing file /home/airflow/.local/lib/python3.8/site-packages/airflow/example_dags/example_latest_only_with_trigger.py for tasks to queue
[2024-04-09T16:36:21.900+0000] {logging_mixin.py:188} INFO - [2024-04-09T16:36:21.900+0000] {dagbag.py:540} INFO - Filling up the DagBag from /home/airflow/.local/lib/python3.8/site-packages/airflow/example_dags/example_latest_only_with_trigger.py
[2024-04-09T16:36:21.903+0000] {processor.py:840} INFO - DAG(s) 'latest_only_with_trigger' retrieved from /home/airflow/.local/lib/python3.8/site-packages/airflow/example_dags/example_latest_only_with_trigger.py
[2024-04-09T16:36:21.913+0000] {logging_mixin.py:188} INFO - [2024-04-09T16:36:21.913+0000] {dag.py:3047} INFO - Sync 1 DAGs
[2024-04-09T16:36:21.922+0000] {logging_mixin.py:188} INFO - [2024-04-09T16:36:21.922+0000] {dag.py:3834} INFO - Setting next_dagrun for latest_only_with_trigger to 2024-04-09 12:00:00+00:00, run_after=2024-04-09 16:00:00+00:00
[2024-04-09T16:36:21.929+0000] {processor.py:183} INFO - Processing /home/airflow/.local/lib/python3.8/site-packages/airflow/example_dags/example_latest_only_with_trigger.py took 0.033 seconds
[2024-04-09T16:36:52.844+0000] {processor.py:161} INFO - Started process (PID=261) to work on /home/airflow/.local/lib/python3.8/site-packages/airflow/example_dags/example_latest_only_with_trigger.py
[2024-04-09T16:36:52.845+0000] {processor.py:830} INFO - Processing file /home/airflow/.local/lib/python3.8/site-packages/airflow/example_dags/example_latest_only_with_trigger.py for tasks to queue
[2024-04-09T16:36:52.845+0000] {logging_mixin.py:188} INFO - [2024-04-09T16:36:52.845+0000] {dagbag.py:540} INFO - Filling up the DagBag from /home/airflow/.local/lib/python3.8/site-packages/airflow/example_dags/example_latest_only_with_trigger.py
[2024-04-09T16:36:52.848+0000] {processor.py:840} INFO - DAG(s) 'latest_only_with_trigger' retrieved from /home/airflow/.local/lib/python3.8/site-packages/airflow/example_dags/example_latest_only_with_trigger.py
[2024-04-09T16:36:52.858+0000] {logging_mixin.py:188} INFO - [2024-04-09T16:36:52.858+0000] {dag.py:3047} INFO - Sync 1 DAGs
[2024-04-09T16:36:52.868+0000] {logging_mixin.py:188} INFO - [2024-04-09T16:36:52.867+0000] {dag.py:3834} INFO - Setting next_dagrun for latest_only_with_trigger to 2024-04-09 12:00:00+00:00, run_after=2024-04-09 16:00:00+00:00
[2024-04-09T16:36:52.875+0000] {processor.py:183} INFO - Processing /home/airflow/.local/lib/python3.8/site-packages/airflow/example_dags/example_latest_only_with_trigger.py took 0.032 seconds
[2024-04-09T16:37:23.686+0000] {processor.py:161} INFO - Started process (PID=318) to work on /home/airflow/.local/lib/python3.8/site-packages/airflow/example_dags/example_latest_only_with_trigger.py
[2024-04-09T16:37:23.688+0000] {processor.py:830} INFO - Processing file /home/airflow/.local/lib/python3.8/site-packages/airflow/example_dags/example_latest_only_with_trigger.py for tasks to queue
[2024-04-09T16:37:23.689+0000] {logging_mixin.py:188} INFO - [2024-04-09T16:37:23.689+0000] {dagbag.py:540} INFO - Filling up the DagBag from /home/airflow/.local/lib/python3.8/site-packages/airflow/example_dags/example_latest_only_with_trigger.py
[2024-04-09T16:37:23.692+0000] {processor.py:840} INFO - DAG(s) 'latest_only_with_trigger' retrieved from /home/airflow/.local/lib/python3.8/site-packages/airflow/example_dags/example_latest_only_with_trigger.py
[2024-04-09T16:37:23.702+0000] {logging_mixin.py:188} INFO - [2024-04-09T16:37:23.702+0000] {dag.py:3047} INFO - Sync 1 DAGs
[2024-04-09T16:37:23.711+0000] {logging_mixin.py:188} INFO - [2024-04-09T16:37:23.711+0000] {dag.py:3834} INFO - Setting next_dagrun for latest_only_with_trigger to 2024-04-09 12:00:00+00:00, run_after=2024-04-09 16:00:00+00:00
[2024-04-09T16:37:23.718+0000] {processor.py:183} INFO - Processing /home/airflow/.local/lib/python3.8/site-packages/airflow/example_dags/example_latest_only_with_trigger.py took 0.033 seconds
[2024-04-09T16:37:54.580+0000] {processor.py:161} INFO - Started process (PID=375) to work on /home/airflow/.local/lib/python3.8/site-packages/airflow/example_dags/example_latest_only_with_trigger.py
[2024-04-09T16:37:54.580+0000] {processor.py:830} INFO - Processing file /home/airflow/.local/lib/python3.8/site-packages/airflow/example_dags/example_latest_only_with_trigger.py for tasks to queue
[2024-04-09T16:37:54.581+0000] {logging_mixin.py:188} INFO - [2024-04-09T16:37:54.581+0000] {dagbag.py:540} INFO - Filling up the DagBag from /home/airflow/.local/lib/python3.8/site-packages/airflow/example_dags/example_latest_only_with_trigger.py
[2024-04-09T16:37:54.584+0000] {processor.py:840} INFO - DAG(s) 'latest_only_with_trigger' retrieved from /home/airflow/.local/lib/python3.8/site-packages/airflow/example_dags/example_latest_only_with_trigger.py
[2024-04-09T16:37:54.594+0000] {logging_mixin.py:188} INFO - [2024-04-09T16:37:54.593+0000] {dag.py:3047} INFO - Sync 1 DAGs
[2024-04-09T16:37:54.603+0000] {logging_mixin.py:188} INFO - [2024-04-09T16:37:54.603+0000] {dag.py:3834} INFO - Setting next_dagrun for latest_only_with_trigger to 2024-04-09 12:00:00+00:00, run_after=2024-04-09 16:00:00+00:00
[2024-04-09T16:37:54.610+0000] {processor.py:183} INFO - Processing /home/airflow/.local/lib/python3.8/site-packages/airflow/example_dags/example_latest_only_with_trigger.py took 0.032 seconds
[2024-04-09T16:38:25.309+0000] {processor.py:161} INFO - Started process (PID=432) to work on /home/airflow/.local/lib/python3.8/site-packages/airflow/example_dags/example_latest_only_with_trigger.py
[2024-04-09T16:38:25.309+0000] {processor.py:830} INFO - Processing file /home/airflow/.local/lib/python3.8/site-packages/airflow/example_dags/example_latest_only_with_trigger.py for tasks to queue
[2024-04-09T16:38:25.310+0000] {logging_mixin.py:188} INFO - [2024-04-09T16:38:25.310+0000] {dagbag.py:540} INFO - Filling up the DagBag from /home/airflow/.local/lib/python3.8/site-packages/airflow/example_dags/example_latest_only_with_trigger.py
[2024-04-09T16:38:25.313+0000] {processor.py:840} INFO - DAG(s) 'latest_only_with_trigger' retrieved from /home/airflow/.local/lib/python3.8/site-packages/airflow/example_dags/example_latest_only_with_trigger.py
[2024-04-09T16:38:25.322+0000] {logging_mixin.py:188} INFO - [2024-04-09T16:38:25.322+0000] {dag.py:3047} INFO - Sync 1 DAGs
[2024-04-09T16:38:25.332+0000] {logging_mixin.py:188} INFO - [2024-04-09T16:38:25.332+0000] {dag.py:3834} INFO - Setting next_dagrun for latest_only_with_trigger to 2024-04-09 12:00:00+00:00, run_after=2024-04-09 16:00:00+00:00
[2024-04-09T16:38:25.339+0000] {processor.py:183} INFO - Processing /home/airflow/.local/lib/python3.8/site-packages/airflow/example_dags/example_latest_only_with_trigger.py took 0.031 seconds
[2024-04-09T16:38:56.074+0000] {processor.py:161} INFO - Started process (PID=489) to work on /home/airflow/.local/lib/python3.8/site-packages/airflow/example_dags/example_latest_only_with_trigger.py
[2024-04-09T16:38:56.074+0000] {processor.py:830} INFO - Processing file /home/airflow/.local/lib/python3.8/site-packages/airflow/example_dags/example_latest_only_with_trigger.py for tasks to queue
[2024-04-09T16:38:56.075+0000] {logging_mixin.py:188} INFO - [2024-04-09T16:38:56.075+0000] {dagbag.py:540} INFO - Filling up the DagBag from /home/airflow/.local/lib/python3.8/site-packages/airflow/example_dags/example_latest_only_with_trigger.py
[2024-04-09T16:38:56.078+0000] {processor.py:840} INFO - DAG(s) 'latest_only_with_trigger' retrieved from /home/airflow/.local/lib/python3.8/site-packages/airflow/example_dags/example_latest_only_with_trigger.py
[2024-04-09T16:38:56.088+0000] {logging_mixin.py:188} INFO - [2024-04-09T16:38:56.088+0000] {dag.py:3047} INFO - Sync 1 DAGs
[2024-04-09T16:38:56.097+0000] {logging_mixin.py:188} INFO - [2024-04-09T16:38:56.097+0000] {dag.py:3834} INFO - Setting next_dagrun for latest_only_with_trigger to 2024-04-09 12:00:00+00:00, run_after=2024-04-09 16:00:00+00:00
[2024-04-09T16:38:56.104+0000] {processor.py:183} INFO - Processing /home/airflow/.local/lib/python3.8/site-packages/airflow/example_dags/example_latest_only_with_trigger.py took 0.032 seconds
[2024-04-09T16:39:26.961+0000] {processor.py:161} INFO - Started process (PID=546) to work on /home/airflow/.local/lib/python3.8/site-packages/airflow/example_dags/example_latest_only_with_trigger.py
[2024-04-09T16:39:26.962+0000] {processor.py:830} INFO - Processing file /home/airflow/.local/lib/python3.8/site-packages/airflow/example_dags/example_latest_only_with_trigger.py for tasks to queue
[2024-04-09T16:39:26.963+0000] {logging_mixin.py:188} INFO - [2024-04-09T16:39:26.963+0000] {dagbag.py:540} INFO - Filling up the DagBag from /home/airflow/.local/lib/python3.8/site-packages/airflow/example_dags/example_latest_only_with_trigger.py
[2024-04-09T16:39:26.966+0000] {processor.py:840} INFO - DAG(s) 'latest_only_with_trigger' retrieved from /home/airflow/.local/lib/python3.8/site-packages/airflow/example_dags/example_latest_only_with_trigger.py
[2024-04-09T16:39:26.975+0000] {logging_mixin.py:188} INFO - [2024-04-09T16:39:26.975+0000] {dag.py:3047} INFO - Sync 1 DAGs
[2024-04-09T16:39:26.985+0000] {logging_mixin.py:188} INFO - [2024-04-09T16:39:26.985+0000] {dag.py:3834} INFO - Setting next_dagrun for latest_only_with_trigger to 2024-04-09 12:00:00+00:00, run_after=2024-04-09 16:00:00+00:00
[2024-04-09T16:39:26.995+0000] {processor.py:183} INFO - Processing /home/airflow/.local/lib/python3.8/site-packages/airflow/example_dags/example_latest_only_with_trigger.py took 0.036 seconds
[2024-04-09T16:39:57.323+0000] {processor.py:161} INFO - Started process (PID=603) to work on /home/airflow/.local/lib/python3.8/site-packages/airflow/example_dags/example_latest_only_with_trigger.py
[2024-04-09T16:39:57.326+0000] {processor.py:830} INFO - Processing file /home/airflow/.local/lib/python3.8/site-packages/airflow/example_dags/example_latest_only_with_trigger.py for tasks to queue
[2024-04-09T16:39:57.327+0000] {logging_mixin.py:188} INFO - [2024-04-09T16:39:57.327+0000] {dagbag.py:540} INFO - Filling up the DagBag from /home/airflow/.local/lib/python3.8/site-packages/airflow/example_dags/example_latest_only_with_trigger.py
[2024-04-09T16:39:57.330+0000] {processor.py:840} INFO - DAG(s) 'latest_only_with_trigger' retrieved from /home/airflow/.local/lib/python3.8/site-packages/airflow/example_dags/example_latest_only_with_trigger.py
[2024-04-09T16:39:57.341+0000] {logging_mixin.py:188} INFO - [2024-04-09T16:39:57.341+0000] {dag.py:3047} INFO - Sync 1 DAGs
[2024-04-09T16:39:57.358+0000] {logging_mixin.py:188} INFO - [2024-04-09T16:39:57.358+0000] {dag.py:3834} INFO - Setting next_dagrun for latest_only_with_trigger to 2024-04-09 12:00:00+00:00, run_after=2024-04-09 16:00:00+00:00
[2024-04-09T16:39:57.367+0000] {processor.py:183} INFO - Processing /home/airflow/.local/lib/python3.8/site-packages/airflow/example_dags/example_latest_only_with_trigger.py took 0.046 seconds
[2024-04-09T16:40:27.468+0000] {processor.py:161} INFO - Started process (PID=666) to work on /home/airflow/.local/lib/python3.8/site-packages/airflow/example_dags/example_latest_only_with_trigger.py
[2024-04-09T16:40:27.469+0000] {processor.py:830} INFO - Processing file /home/airflow/.local/lib/python3.8/site-packages/airflow/example_dags/example_latest_only_with_trigger.py for tasks to queue
[2024-04-09T16:40:27.471+0000] {logging_mixin.py:188} INFO - [2024-04-09T16:40:27.470+0000] {dagbag.py:540} INFO - Filling up the DagBag from /home/airflow/.local/lib/python3.8/site-packages/airflow/example_dags/example_latest_only_with_trigger.py
[2024-04-09T16:40:27.475+0000] {processor.py:840} INFO - DAG(s) 'latest_only_with_trigger' retrieved from /home/airflow/.local/lib/python3.8/site-packages/airflow/example_dags/example_latest_only_with_trigger.py
[2024-04-09T16:40:27.491+0000] {logging_mixin.py:188} INFO - [2024-04-09T16:40:27.491+0000] {dag.py:3047} INFO - Sync 1 DAGs
[2024-04-09T16:40:27.503+0000] {logging_mixin.py:188} INFO - [2024-04-09T16:40:27.503+0000] {dag.py:3834} INFO - Setting next_dagrun for latest_only_with_trigger to 2024-04-09 12:00:00+00:00, run_after=2024-04-09 16:00:00+00:00
[2024-04-09T16:40:27.513+0000] {processor.py:183} INFO - Processing /home/airflow/.local/lib/python3.8/site-packages/airflow/example_dags/example_latest_only_with_trigger.py took 0.048 seconds
[2024-04-09T16:40:57.628+0000] {processor.py:161} INFO - Started process (PID=723) to work on /home/airflow/.local/lib/python3.8/site-packages/airflow/example_dags/example_latest_only_with_trigger.py
[2024-04-09T16:40:57.629+0000] {processor.py:830} INFO - Processing file /home/airflow/.local/lib/python3.8/site-packages/airflow/example_dags/example_latest_only_with_trigger.py for tasks to queue
[2024-04-09T16:40:57.631+0000] {logging_mixin.py:188} INFO - [2024-04-09T16:40:57.631+0000] {dagbag.py:540} INFO - Filling up the DagBag from /home/airflow/.local/lib/python3.8/site-packages/airflow/example_dags/example_latest_only_with_trigger.py
[2024-04-09T16:40:57.634+0000] {processor.py:840} INFO - DAG(s) 'latest_only_with_trigger' retrieved from /home/airflow/.local/lib/python3.8/site-packages/airflow/example_dags/example_latest_only_with_trigger.py
[2024-04-09T16:40:57.644+0000] {logging_mixin.py:188} INFO - [2024-04-09T16:40:57.643+0000] {dag.py:3047} INFO - Sync 1 DAGs
[2024-04-09T16:40:57.653+0000] {logging_mixin.py:188} INFO - [2024-04-09T16:40:57.653+0000] {dag.py:3834} INFO - Setting next_dagrun for latest_only_with_trigger to 2024-04-09 12:00:00+00:00, run_after=2024-04-09 16:00:00+00:00
[2024-04-09T16:40:57.660+0000] {processor.py:183} INFO - Processing /home/airflow/.local/lib/python3.8/site-packages/airflow/example_dags/example_latest_only_with_trigger.py took 0.033 seconds
[2024-04-09T16:41:27.887+0000] {processor.py:161} INFO - Started process (PID=781) to work on /home/airflow/.local/lib/python3.8/site-packages/airflow/example_dags/example_latest_only_with_trigger.py
[2024-04-09T16:41:27.889+0000] {processor.py:830} INFO - Processing file /home/airflow/.local/lib/python3.8/site-packages/airflow/example_dags/example_latest_only_with_trigger.py for tasks to queue
[2024-04-09T16:41:27.890+0000] {logging_mixin.py:188} INFO - [2024-04-09T16:41:27.890+0000] {dagbag.py:540} INFO - Filling up the DagBag from /home/airflow/.local/lib/python3.8/site-packages/airflow/example_dags/example_latest_only_with_trigger.py
[2024-04-09T16:41:27.894+0000] {processor.py:840} INFO - DAG(s) 'latest_only_with_trigger' retrieved from /home/airflow/.local/lib/python3.8/site-packages/airflow/example_dags/example_latest_only_with_trigger.py
[2024-04-09T16:41:27.905+0000] {logging_mixin.py:188} INFO - [2024-04-09T16:41:27.905+0000] {dag.py:3047} INFO - Sync 1 DAGs
[2024-04-09T16:41:27.915+0000] {logging_mixin.py:188} INFO - [2024-04-09T16:41:27.915+0000] {dag.py:3834} INFO - Setting next_dagrun for latest_only_with_trigger to 2024-04-09 12:00:00+00:00, run_after=2024-04-09 16:00:00+00:00
[2024-04-09T16:41:27.923+0000] {processor.py:183} INFO - Processing /home/airflow/.local/lib/python3.8/site-packages/airflow/example_dags/example_latest_only_with_trigger.py took 0.038 seconds
[2024-04-09T16:41:58.096+0000] {processor.py:161} INFO - Started process (PID=839) to work on /home/airflow/.local/lib/python3.8/site-packages/airflow/example_dags/example_latest_only_with_trigger.py
[2024-04-09T16:41:58.097+0000] {processor.py:830} INFO - Processing file /home/airflow/.local/lib/python3.8/site-packages/airflow/example_dags/example_latest_only_with_trigger.py for tasks to queue
[2024-04-09T16:41:58.097+0000] {logging_mixin.py:188} INFO - [2024-04-09T16:41:58.097+0000] {dagbag.py:540} INFO - Filling up the DagBag from /home/airflow/.local/lib/python3.8/site-packages/airflow/example_dags/example_latest_only_with_trigger.py
[2024-04-09T16:41:58.100+0000] {processor.py:840} INFO - DAG(s) 'latest_only_with_trigger' retrieved from /home/airflow/.local/lib/python3.8/site-packages/airflow/example_dags/example_latest_only_with_trigger.py
[2024-04-09T16:41:58.110+0000] {logging_mixin.py:188} INFO - [2024-04-09T16:41:58.110+0000] {dag.py:3047} INFO - Sync 1 DAGs
[2024-04-09T16:41:58.119+0000] {logging_mixin.py:188} INFO - [2024-04-09T16:41:58.118+0000] {dag.py:3834} INFO - Setting next_dagrun for latest_only_with_trigger to 2024-04-09 12:00:00+00:00, run_after=2024-04-09 16:00:00+00:00
[2024-04-09T16:41:58.126+0000] {processor.py:183} INFO - Processing /home/airflow/.local/lib/python3.8/site-packages/airflow/example_dags/example_latest_only_with_trigger.py took 0.032 seconds
[2024-04-09T16:42:28.910+0000] {processor.py:161} INFO - Started process (PID=897) to work on /home/airflow/.local/lib/python3.8/site-packages/airflow/example_dags/example_latest_only_with_trigger.py
[2024-04-09T16:42:28.910+0000] {processor.py:830} INFO - Processing file /home/airflow/.local/lib/python3.8/site-packages/airflow/example_dags/example_latest_only_with_trigger.py for tasks to queue
[2024-04-09T16:42:28.911+0000] {logging_mixin.py:188} INFO - [2024-04-09T16:42:28.911+0000] {dagbag.py:540} INFO - Filling up the DagBag from /home/airflow/.local/lib/python3.8/site-packages/airflow/example_dags/example_latest_only_with_trigger.py
[2024-04-09T16:42:28.914+0000] {processor.py:840} INFO - DAG(s) 'latest_only_with_trigger' retrieved from /home/airflow/.local/lib/python3.8/site-packages/airflow/example_dags/example_latest_only_with_trigger.py
[2024-04-09T16:42:28.924+0000] {logging_mixin.py:188} INFO - [2024-04-09T16:42:28.923+0000] {dag.py:3047} INFO - Sync 1 DAGs
[2024-04-09T16:42:28.932+0000] {logging_mixin.py:188} INFO - [2024-04-09T16:42:28.932+0000] {dag.py:3834} INFO - Setting next_dagrun for latest_only_with_trigger to 2024-04-09 12:00:00+00:00, run_after=2024-04-09 16:00:00+00:00
[2024-04-09T16:42:28.940+0000] {processor.py:183} INFO - Processing /home/airflow/.local/lib/python3.8/site-packages/airflow/example_dags/example_latest_only_with_trigger.py took 0.032 seconds
[2024-04-09T16:42:59.731+0000] {processor.py:161} INFO - Started process (PID=955) to work on /home/airflow/.local/lib/python3.8/site-packages/airflow/example_dags/example_latest_only_with_trigger.py
[2024-04-09T16:42:59.733+0000] {processor.py:830} INFO - Processing file /home/airflow/.local/lib/python3.8/site-packages/airflow/example_dags/example_latest_only_with_trigger.py for tasks to queue
[2024-04-09T16:42:59.734+0000] {logging_mixin.py:188} INFO - [2024-04-09T16:42:59.734+0000] {dagbag.py:540} INFO - Filling up the DagBag from /home/airflow/.local/lib/python3.8/site-packages/airflow/example_dags/example_latest_only_with_trigger.py
[2024-04-09T16:42:59.738+0000] {processor.py:840} INFO - DAG(s) 'latest_only_with_trigger' retrieved from /home/airflow/.local/lib/python3.8/site-packages/airflow/example_dags/example_latest_only_with_trigger.py
[2024-04-09T16:42:59.749+0000] {logging_mixin.py:188} INFO - [2024-04-09T16:42:59.749+0000] {dag.py:3047} INFO - Sync 1 DAGs
[2024-04-09T16:42:59.758+0000] {logging_mixin.py:188} INFO - [2024-04-09T16:42:59.758+0000] {dag.py:3834} INFO - Setting next_dagrun for latest_only_with_trigger to 2024-04-09 12:00:00+00:00, run_after=2024-04-09 16:00:00+00:00
[2024-04-09T16:42:59.767+0000] {processor.py:183} INFO - Processing /home/airflow/.local/lib/python3.8/site-packages/airflow/example_dags/example_latest_only_with_trigger.py took 0.037 seconds
[2024-04-09T16:43:29.794+0000] {processor.py:161} INFO - Started process (PID=1013) to work on /home/airflow/.local/lib/python3.8/site-packages/airflow/example_dags/example_latest_only_with_trigger.py
[2024-04-09T16:43:29.795+0000] {processor.py:830} INFO - Processing file /home/airflow/.local/lib/python3.8/site-packages/airflow/example_dags/example_latest_only_with_trigger.py for tasks to queue
[2024-04-09T16:43:29.796+0000] {logging_mixin.py:188} INFO - [2024-04-09T16:43:29.796+0000] {dagbag.py:540} INFO - Filling up the DagBag from /home/airflow/.local/lib/python3.8/site-packages/airflow/example_dags/example_latest_only_with_trigger.py
[2024-04-09T16:43:29.799+0000] {processor.py:840} INFO - DAG(s) 'latest_only_with_trigger' retrieved from /home/airflow/.local/lib/python3.8/site-packages/airflow/example_dags/example_latest_only_with_trigger.py
[2024-04-09T16:43:29.808+0000] {logging_mixin.py:188} INFO - [2024-04-09T16:43:29.808+0000] {dag.py:3047} INFO - Sync 1 DAGs
[2024-04-09T16:43:29.817+0000] {logging_mixin.py:188} INFO - [2024-04-09T16:43:29.817+0000] {dag.py:3834} INFO - Setting next_dagrun for latest_only_with_trigger to 2024-04-09 12:00:00+00:00, run_after=2024-04-09 16:00:00+00:00
[2024-04-09T16:43:29.824+0000] {processor.py:183} INFO - Processing /home/airflow/.local/lib/python3.8/site-packages/airflow/example_dags/example_latest_only_with_trigger.py took 0.032 seconds
[2024-04-09T16:44:00.736+0000] {processor.py:161} INFO - Started process (PID=1071) to work on /home/airflow/.local/lib/python3.8/site-packages/airflow/example_dags/example_latest_only_with_trigger.py
[2024-04-09T16:44:00.736+0000] {processor.py:830} INFO - Processing file /home/airflow/.local/lib/python3.8/site-packages/airflow/example_dags/example_latest_only_with_trigger.py for tasks to queue
[2024-04-09T16:44:00.737+0000] {logging_mixin.py:188} INFO - [2024-04-09T16:44:00.737+0000] {dagbag.py:540} INFO - Filling up the DagBag from /home/airflow/.local/lib/python3.8/site-packages/airflow/example_dags/example_latest_only_with_trigger.py
[2024-04-09T16:44:00.740+0000] {processor.py:840} INFO - DAG(s) 'latest_only_with_trigger' retrieved from /home/airflow/.local/lib/python3.8/site-packages/airflow/example_dags/example_latest_only_with_trigger.py
[2024-04-09T16:44:00.749+0000] {logging_mixin.py:188} INFO - [2024-04-09T16:44:00.749+0000] {dag.py:3047} INFO - Sync 1 DAGs
[2024-04-09T16:44:00.758+0000] {logging_mixin.py:188} INFO - [2024-04-09T16:44:00.758+0000] {dag.py:3834} INFO - Setting next_dagrun for latest_only_with_trigger to 2024-04-09 12:00:00+00:00, run_after=2024-04-09 16:00:00+00:00
[2024-04-09T16:44:00.765+0000] {processor.py:183} INFO - Processing /home/airflow/.local/lib/python3.8/site-packages/airflow/example_dags/example_latest_only_with_trigger.py took 0.031 seconds
[2024-04-09T16:44:30.962+0000] {processor.py:161} INFO - Started process (PID=1129) to work on /home/airflow/.local/lib/python3.8/site-packages/airflow/example_dags/example_latest_only_with_trigger.py
[2024-04-09T16:44:30.962+0000] {processor.py:830} INFO - Processing file /home/airflow/.local/lib/python3.8/site-packages/airflow/example_dags/example_latest_only_with_trigger.py for tasks to queue
[2024-04-09T16:44:30.963+0000] {logging_mixin.py:188} INFO - [2024-04-09T16:44:30.963+0000] {dagbag.py:540} INFO - Filling up the DagBag from /home/airflow/.local/lib/python3.8/site-packages/airflow/example_dags/example_latest_only_with_trigger.py
[2024-04-09T16:44:30.966+0000] {processor.py:840} INFO - DAG(s) 'latest_only_with_trigger' retrieved from /home/airflow/.local/lib/python3.8/site-packages/airflow/example_dags/example_latest_only_with_trigger.py
[2024-04-09T16:44:30.975+0000] {logging_mixin.py:188} INFO - [2024-04-09T16:44:30.974+0000] {dag.py:3047} INFO - Sync 1 DAGs
[2024-04-09T16:44:30.983+0000] {logging_mixin.py:188} INFO - [2024-04-09T16:44:30.983+0000] {dag.py:3834} INFO - Setting next_dagrun for latest_only_with_trigger to 2024-04-09 12:00:00+00:00, run_after=2024-04-09 16:00:00+00:00
[2024-04-09T16:44:30.989+0000] {processor.py:183} INFO - Processing /home/airflow/.local/lib/python3.8/site-packages/airflow/example_dags/example_latest_only_with_trigger.py took 0.029 seconds
[2024-04-09T16:45:01.229+0000] {processor.py:161} INFO - Started process (PID=1187) to work on /home/airflow/.local/lib/python3.8/site-packages/airflow/example_dags/example_latest_only_with_trigger.py
[2024-04-09T16:45:01.230+0000] {processor.py:830} INFO - Processing file /home/airflow/.local/lib/python3.8/site-packages/airflow/example_dags/example_latest_only_with_trigger.py for tasks to queue
[2024-04-09T16:45:01.231+0000] {logging_mixin.py:188} INFO - [2024-04-09T16:45:01.230+0000] {dagbag.py:540} INFO - Filling up the DagBag from /home/airflow/.local/lib/python3.8/site-packages/airflow/example_dags/example_latest_only_with_trigger.py
[2024-04-09T16:45:01.233+0000] {processor.py:840} INFO - DAG(s) 'latest_only_with_trigger' retrieved from /home/airflow/.local/lib/python3.8/site-packages/airflow/example_dags/example_latest_only_with_trigger.py
[2024-04-09T16:45:01.243+0000] {logging_mixin.py:188} INFO - [2024-04-09T16:45:01.243+0000] {dag.py:3047} INFO - Sync 1 DAGs
[2024-04-09T16:45:01.252+0000] {logging_mixin.py:188} INFO - [2024-04-09T16:45:01.252+0000] {dag.py:3834} INFO - Setting next_dagrun for latest_only_with_trigger to 2024-04-09 12:00:00+00:00, run_after=2024-04-09 16:00:00+00:00
[2024-04-09T16:45:01.261+0000] {processor.py:183} INFO - Processing /home/airflow/.local/lib/python3.8/site-packages/airflow/example_dags/example_latest_only_with_trigger.py took 0.033 seconds
[2024-04-09T16:45:31.818+0000] {processor.py:161} INFO - Started process (PID=1245) to work on /home/airflow/.local/lib/python3.8/site-packages/airflow/example_dags/example_latest_only_with_trigger.py
[2024-04-09T16:45:31.819+0000] {processor.py:830} INFO - Processing file /home/airflow/.local/lib/python3.8/site-packages/airflow/example_dags/example_latest_only_with_trigger.py for tasks to queue
[2024-04-09T16:45:31.820+0000] {logging_mixin.py:188} INFO - [2024-04-09T16:45:31.819+0000] {dagbag.py:540} INFO - Filling up the DagBag from /home/airflow/.local/lib/python3.8/site-packages/airflow/example_dags/example_latest_only_with_trigger.py
[2024-04-09T16:45:31.823+0000] {processor.py:840} INFO - DAG(s) 'latest_only_with_trigger' retrieved from /home/airflow/.local/lib/python3.8/site-packages/airflow/example_dags/example_latest_only_with_trigger.py
[2024-04-09T16:45:31.833+0000] {logging_mixin.py:188} INFO - [2024-04-09T16:45:31.833+0000] {dag.py:3047} INFO - Sync 1 DAGs
[2024-04-09T16:45:31.843+0000] {logging_mixin.py:188} INFO - [2024-04-09T16:45:31.843+0000] {dag.py:3834} INFO - Setting next_dagrun for latest_only_with_trigger to 2024-04-09 12:00:00+00:00, run_after=2024-04-09 16:00:00+00:00
[2024-04-09T16:45:31.851+0000] {processor.py:183} INFO - Processing /home/airflow/.local/lib/python3.8/site-packages/airflow/example_dags/example_latest_only_with_trigger.py took 0.034 seconds
[2024-04-09T16:46:03.206+0000] {processor.py:161} INFO - Started process (PID=1308) to work on /home/airflow/.local/lib/python3.8/site-packages/airflow/example_dags/example_latest_only_with_trigger.py
[2024-04-09T16:46:03.207+0000] {processor.py:830} INFO - Processing file /home/airflow/.local/lib/python3.8/site-packages/airflow/example_dags/example_latest_only_with_trigger.py for tasks to queue
[2024-04-09T16:46:03.208+0000] {logging_mixin.py:188} INFO - [2024-04-09T16:46:03.208+0000] {dagbag.py:540} INFO - Filling up the DagBag from /home/airflow/.local/lib/python3.8/site-packages/airflow/example_dags/example_latest_only_with_trigger.py
[2024-04-09T16:46:03.211+0000] {processor.py:840} INFO - DAG(s) 'latest_only_with_trigger' retrieved from /home/airflow/.local/lib/python3.8/site-packages/airflow/example_dags/example_latest_only_with_trigger.py
[2024-04-09T16:46:03.220+0000] {logging_mixin.py:188} INFO - [2024-04-09T16:46:03.220+0000] {dag.py:3047} INFO - Sync 1 DAGs
[2024-04-09T16:46:03.235+0000] {logging_mixin.py:188} INFO - [2024-04-09T16:46:03.234+0000] {dag.py:3834} INFO - Setting next_dagrun for latest_only_with_trigger to 2024-04-09 12:00:00+00:00, run_after=2024-04-09 16:00:00+00:00
[2024-04-09T16:46:03.245+0000] {processor.py:183} INFO - Processing /home/airflow/.local/lib/python3.8/site-packages/airflow/example_dags/example_latest_only_with_trigger.py took 0.040 seconds
[2024-04-09T16:46:35.202+0000] {processor.py:161} INFO - Started process (PID=1370) to work on /home/airflow/.local/lib/python3.8/site-packages/airflow/example_dags/example_latest_only_with_trigger.py
[2024-04-09T16:46:35.211+0000] {processor.py:830} INFO - Processing file /home/airflow/.local/lib/python3.8/site-packages/airflow/example_dags/example_latest_only_with_trigger.py for tasks to queue
[2024-04-09T16:46:35.213+0000] {logging_mixin.py:188} INFO - [2024-04-09T16:46:35.212+0000] {dagbag.py:540} INFO - Filling up the DagBag from /home/airflow/.local/lib/python3.8/site-packages/airflow/example_dags/example_latest_only_with_trigger.py
[2024-04-09T16:46:35.223+0000] {processor.py:840} INFO - DAG(s) 'latest_only_with_trigger' retrieved from /home/airflow/.local/lib/python3.8/site-packages/airflow/example_dags/example_latest_only_with_trigger.py
[2024-04-09T16:46:35.273+0000] {logging_mixin.py:188} INFO - [2024-04-09T16:46:35.272+0000] {dag.py:3047} INFO - Sync 1 DAGs
[2024-04-09T16:46:35.337+0000] {logging_mixin.py:188} INFO - [2024-04-09T16:46:35.337+0000] {dag.py:3834} INFO - Setting next_dagrun for latest_only_with_trigger to 2024-04-09 12:00:00+00:00, run_after=2024-04-09 16:00:00+00:00
[2024-04-09T16:46:35.389+0000] {processor.py:183} INFO - Processing /home/airflow/.local/lib/python3.8/site-packages/airflow/example_dags/example_latest_only_with_trigger.py took 0.192 seconds
[2024-04-09T16:47:08.429+0000] {processor.py:161} INFO - Started process (PID=1451) to work on /home/airflow/.local/lib/python3.8/site-packages/airflow/example_dags/example_latest_only_with_trigger.py
[2024-04-09T16:47:08.431+0000] {processor.py:830} INFO - Processing file /home/airflow/.local/lib/python3.8/site-packages/airflow/example_dags/example_latest_only_with_trigger.py for tasks to queue
[2024-04-09T16:47:08.435+0000] {logging_mixin.py:188} INFO - [2024-04-09T16:47:08.434+0000] {dagbag.py:540} INFO - Filling up the DagBag from /home/airflow/.local/lib/python3.8/site-packages/airflow/example_dags/example_latest_only_with_trigger.py
[2024-04-09T16:47:08.448+0000] {processor.py:840} INFO - DAG(s) 'latest_only_with_trigger' retrieved from /home/airflow/.local/lib/python3.8/site-packages/airflow/example_dags/example_latest_only_with_trigger.py
[2024-04-09T16:47:08.482+0000] {logging_mixin.py:188} INFO - [2024-04-09T16:47:08.481+0000] {dag.py:3047} INFO - Sync 1 DAGs
[2024-04-09T16:47:08.546+0000] {logging_mixin.py:188} INFO - [2024-04-09T16:47:08.546+0000] {dag.py:3834} INFO - Setting next_dagrun for latest_only_with_trigger to 2024-04-09 12:00:00+00:00, run_after=2024-04-09 16:00:00+00:00
[2024-04-09T16:47:08.575+0000] {processor.py:183} INFO - Processing /home/airflow/.local/lib/python3.8/site-packages/airflow/example_dags/example_latest_only_with_trigger.py took 0.153 seconds
[2024-04-09T16:47:45.090+0000] {processor.py:161} INFO - Started process (PID=1520) to work on /home/airflow/.local/lib/python3.8/site-packages/airflow/example_dags/example_latest_only_with_trigger.py
[2024-04-09T16:47:45.093+0000] {processor.py:830} INFO - Processing file /home/airflow/.local/lib/python3.8/site-packages/airflow/example_dags/example_latest_only_with_trigger.py for tasks to queue
[2024-04-09T16:47:45.104+0000] {logging_mixin.py:188} INFO - [2024-04-09T16:47:45.103+0000] {dagbag.py:540} INFO - Filling up the DagBag from /home/airflow/.local/lib/python3.8/site-packages/airflow/example_dags/example_latest_only_with_trigger.py
[2024-04-09T16:47:45.151+0000] {processor.py:840} INFO - DAG(s) 'latest_only_with_trigger' retrieved from /home/airflow/.local/lib/python3.8/site-packages/airflow/example_dags/example_latest_only_with_trigger.py
[2024-04-09T16:47:45.248+0000] {logging_mixin.py:188} INFO - [2024-04-09T16:47:45.248+0000] {dag.py:3047} INFO - Sync 1 DAGs
[2024-04-09T16:47:45.341+0000] {logging_mixin.py:188} INFO - [2024-04-09T16:47:45.341+0000] {dag.py:3834} INFO - Setting next_dagrun for latest_only_with_trigger to 2024-04-09 12:00:00+00:00, run_after=2024-04-09 16:00:00+00:00
[2024-04-09T16:47:45.395+0000] {processor.py:183} INFO - Processing /home/airflow/.local/lib/python3.8/site-packages/airflow/example_dags/example_latest_only_with_trigger.py took 0.323 seconds
[2024-04-09T16:48:16.161+0000] {processor.py:161} INFO - Started process (PID=1577) to work on /home/airflow/.local/lib/python3.8/site-packages/airflow/example_dags/example_latest_only_with_trigger.py
[2024-04-09T16:48:16.163+0000] {processor.py:830} INFO - Processing file /home/airflow/.local/lib/python3.8/site-packages/airflow/example_dags/example_latest_only_with_trigger.py for tasks to queue
[2024-04-09T16:48:16.166+0000] {logging_mixin.py:188} INFO - [2024-04-09T16:48:16.166+0000] {dagbag.py:540} INFO - Filling up the DagBag from /home/airflow/.local/lib/python3.8/site-packages/airflow/example_dags/example_latest_only_with_trigger.py
[2024-04-09T16:48:16.175+0000] {processor.py:840} INFO - DAG(s) 'latest_only_with_trigger' retrieved from /home/airflow/.local/lib/python3.8/site-packages/airflow/example_dags/example_latest_only_with_trigger.py
[2024-04-09T16:48:16.194+0000] {logging_mixin.py:188} INFO - [2024-04-09T16:48:16.194+0000] {dag.py:3047} INFO - Sync 1 DAGs
[2024-04-09T16:48:16.207+0000] {logging_mixin.py:188} INFO - [2024-04-09T16:48:16.207+0000] {dag.py:3834} INFO - Setting next_dagrun for latest_only_with_trigger to 2024-04-09 12:00:00+00:00, run_after=2024-04-09 16:00:00+00:00
[2024-04-09T16:48:16.215+0000] {processor.py:183} INFO - Processing /home/airflow/.local/lib/python3.8/site-packages/airflow/example_dags/example_latest_only_with_trigger.py took 0.059 seconds
[2024-04-09T16:48:46.361+0000] {processor.py:161} INFO - Started process (PID=1634) to work on /home/airflow/.local/lib/python3.8/site-packages/airflow/example_dags/example_latest_only_with_trigger.py
[2024-04-09T16:48:46.362+0000] {processor.py:830} INFO - Processing file /home/airflow/.local/lib/python3.8/site-packages/airflow/example_dags/example_latest_only_with_trigger.py for tasks to queue
[2024-04-09T16:48:46.364+0000] {logging_mixin.py:188} INFO - [2024-04-09T16:48:46.364+0000] {dagbag.py:540} INFO - Filling up the DagBag from /home/airflow/.local/lib/python3.8/site-packages/airflow/example_dags/example_latest_only_with_trigger.py
[2024-04-09T16:48:46.371+0000] {processor.py:840} INFO - DAG(s) 'latest_only_with_trigger' retrieved from /home/airflow/.local/lib/python3.8/site-packages/airflow/example_dags/example_latest_only_with_trigger.py
[2024-04-09T16:48:46.400+0000] {logging_mixin.py:188} INFO - [2024-04-09T16:48:46.400+0000] {dag.py:3047} INFO - Sync 1 DAGs
[2024-04-09T16:48:46.415+0000] {logging_mixin.py:188} INFO - [2024-04-09T16:48:46.415+0000] {dag.py:3834} INFO - Setting next_dagrun for latest_only_with_trigger to 2024-04-09 12:00:00+00:00, run_after=2024-04-09 16:00:00+00:00
[2024-04-09T16:48:46.441+0000] {processor.py:183} INFO - Processing /home/airflow/.local/lib/python3.8/site-packages/airflow/example_dags/example_latest_only_with_trigger.py took 0.083 seconds
[2024-04-09T16:49:16.654+0000] {processor.py:161} INFO - Started process (PID=1691) to work on /home/airflow/.local/lib/python3.8/site-packages/airflow/example_dags/example_latest_only_with_trigger.py
[2024-04-09T16:49:16.656+0000] {processor.py:830} INFO - Processing file /home/airflow/.local/lib/python3.8/site-packages/airflow/example_dags/example_latest_only_with_trigger.py for tasks to queue
[2024-04-09T16:49:16.659+0000] {logging_mixin.py:188} INFO - [2024-04-09T16:49:16.658+0000] {dagbag.py:540} INFO - Filling up the DagBag from /home/airflow/.local/lib/python3.8/site-packages/airflow/example_dags/example_latest_only_with_trigger.py
[2024-04-09T16:49:16.667+0000] {processor.py:840} INFO - DAG(s) 'latest_only_with_trigger' retrieved from /home/airflow/.local/lib/python3.8/site-packages/airflow/example_dags/example_latest_only_with_trigger.py
[2024-04-09T16:49:16.687+0000] {logging_mixin.py:188} INFO - [2024-04-09T16:49:16.687+0000] {dag.py:3047} INFO - Sync 1 DAGs
[2024-04-09T16:49:16.699+0000] {logging_mixin.py:188} INFO - [2024-04-09T16:49:16.699+0000] {dag.py:3834} INFO - Setting next_dagrun for latest_only_with_trigger to 2024-04-09 12:00:00+00:00, run_after=2024-04-09 16:00:00+00:00
[2024-04-09T16:49:16.708+0000] {processor.py:183} INFO - Processing /home/airflow/.local/lib/python3.8/site-packages/airflow/example_dags/example_latest_only_with_trigger.py took 0.058 seconds
[2024-04-09T16:49:47.592+0000] {processor.py:161} INFO - Started process (PID=1748) to work on /home/airflow/.local/lib/python3.8/site-packages/airflow/example_dags/example_latest_only_with_trigger.py
[2024-04-09T16:49:47.594+0000] {processor.py:830} INFO - Processing file /home/airflow/.local/lib/python3.8/site-packages/airflow/example_dags/example_latest_only_with_trigger.py for tasks to queue
[2024-04-09T16:49:47.597+0000] {logging_mixin.py:188} INFO - [2024-04-09T16:49:47.597+0000] {dagbag.py:540} INFO - Filling up the DagBag from /home/airflow/.local/lib/python3.8/site-packages/airflow/example_dags/example_latest_only_with_trigger.py
[2024-04-09T16:49:47.604+0000] {processor.py:840} INFO - DAG(s) 'latest_only_with_trigger' retrieved from /home/airflow/.local/lib/python3.8/site-packages/airflow/example_dags/example_latest_only_with_trigger.py
[2024-04-09T16:49:47.621+0000] {logging_mixin.py:188} INFO - [2024-04-09T16:49:47.621+0000] {dag.py:3047} INFO - Sync 1 DAGs
[2024-04-09T16:49:47.634+0000] {logging_mixin.py:188} INFO - [2024-04-09T16:49:47.634+0000] {dag.py:3834} INFO - Setting next_dagrun for latest_only_with_trigger to 2024-04-09 12:00:00+00:00, run_after=2024-04-09 16:00:00+00:00
[2024-04-09T16:49:47.642+0000] {processor.py:183} INFO - Processing /home/airflow/.local/lib/python3.8/site-packages/airflow/example_dags/example_latest_only_with_trigger.py took 0.056 seconds
[2024-04-09T16:50:17.743+0000] {processor.py:161} INFO - Started process (PID=1805) to work on /home/airflow/.local/lib/python3.8/site-packages/airflow/example_dags/example_latest_only_with_trigger.py
[2024-04-09T16:50:17.743+0000] {processor.py:830} INFO - Processing file /home/airflow/.local/lib/python3.8/site-packages/airflow/example_dags/example_latest_only_with_trigger.py for tasks to queue
[2024-04-09T16:50:17.745+0000] {logging_mixin.py:188} INFO - [2024-04-09T16:50:17.745+0000] {dagbag.py:540} INFO - Filling up the DagBag from /home/airflow/.local/lib/python3.8/site-packages/airflow/example_dags/example_latest_only_with_trigger.py
[2024-04-09T16:50:17.748+0000] {processor.py:840} INFO - DAG(s) 'latest_only_with_trigger' retrieved from /home/airflow/.local/lib/python3.8/site-packages/airflow/example_dags/example_latest_only_with_trigger.py
[2024-04-09T16:50:17.760+0000] {logging_mixin.py:188} INFO - [2024-04-09T16:50:17.760+0000] {dag.py:3047} INFO - Sync 1 DAGs
[2024-04-09T16:50:17.772+0000] {logging_mixin.py:188} INFO - [2024-04-09T16:50:17.771+0000] {dag.py:3834} INFO - Setting next_dagrun for latest_only_with_trigger to 2024-04-09 12:00:00+00:00, run_after=2024-04-09 16:00:00+00:00
[2024-04-09T16:50:17.779+0000] {processor.py:183} INFO - Processing /home/airflow/.local/lib/python3.8/site-packages/airflow/example_dags/example_latest_only_with_trigger.py took 0.039 seconds
[2024-04-09T16:50:47.809+0000] {processor.py:161} INFO - Started process (PID=1862) to work on /home/airflow/.local/lib/python3.8/site-packages/airflow/example_dags/example_latest_only_with_trigger.py
[2024-04-09T16:50:47.810+0000] {processor.py:830} INFO - Processing file /home/airflow/.local/lib/python3.8/site-packages/airflow/example_dags/example_latest_only_with_trigger.py for tasks to queue
[2024-04-09T16:50:47.812+0000] {logging_mixin.py:188} INFO - [2024-04-09T16:50:47.812+0000] {dagbag.py:540} INFO - Filling up the DagBag from /home/airflow/.local/lib/python3.8/site-packages/airflow/example_dags/example_latest_only_with_trigger.py
[2024-04-09T16:50:47.820+0000] {processor.py:840} INFO - DAG(s) 'latest_only_with_trigger' retrieved from /home/airflow/.local/lib/python3.8/site-packages/airflow/example_dags/example_latest_only_with_trigger.py
[2024-04-09T16:50:47.836+0000] {logging_mixin.py:188} INFO - [2024-04-09T16:50:47.836+0000] {dag.py:3047} INFO - Sync 1 DAGs
[2024-04-09T16:50:47.849+0000] {logging_mixin.py:188} INFO - [2024-04-09T16:50:47.849+0000] {dag.py:3834} INFO - Setting next_dagrun for latest_only_with_trigger to 2024-04-09 12:00:00+00:00, run_after=2024-04-09 16:00:00+00:00
[2024-04-09T16:50:47.857+0000] {processor.py:183} INFO - Processing /home/airflow/.local/lib/python3.8/site-packages/airflow/example_dags/example_latest_only_with_trigger.py took 0.052 seconds
[2024-04-09T16:51:18.332+0000] {processor.py:161} INFO - Started process (PID=1920) to work on /home/airflow/.local/lib/python3.8/site-packages/airflow/example_dags/example_latest_only_with_trigger.py
[2024-04-09T16:51:18.334+0000] {processor.py:830} INFO - Processing file /home/airflow/.local/lib/python3.8/site-packages/airflow/example_dags/example_latest_only_with_trigger.py for tasks to queue
[2024-04-09T16:51:18.335+0000] {logging_mixin.py:188} INFO - [2024-04-09T16:51:18.335+0000] {dagbag.py:540} INFO - Filling up the DagBag from /home/airflow/.local/lib/python3.8/site-packages/airflow/example_dags/example_latest_only_with_trigger.py
[2024-04-09T16:51:18.340+0000] {processor.py:840} INFO - DAG(s) 'latest_only_with_trigger' retrieved from /home/airflow/.local/lib/python3.8/site-packages/airflow/example_dags/example_latest_only_with_trigger.py
[2024-04-09T16:51:18.354+0000] {logging_mixin.py:188} INFO - [2024-04-09T16:51:18.354+0000] {dag.py:3047} INFO - Sync 1 DAGs
[2024-04-09T16:51:18.370+0000] {logging_mixin.py:188} INFO - [2024-04-09T16:51:18.370+0000] {dag.py:3834} INFO - Setting next_dagrun for latest_only_with_trigger to 2024-04-09 12:00:00+00:00, run_after=2024-04-09 16:00:00+00:00
[2024-04-09T16:51:18.379+0000] {processor.py:183} INFO - Processing /home/airflow/.local/lib/python3.8/site-packages/airflow/example_dags/example_latest_only_with_trigger.py took 0.052 seconds
[2024-04-09T16:51:48.437+0000] {processor.py:161} INFO - Started process (PID=1978) to work on /home/airflow/.local/lib/python3.8/site-packages/airflow/example_dags/example_latest_only_with_trigger.py
[2024-04-09T16:51:48.440+0000] {processor.py:830} INFO - Processing file /home/airflow/.local/lib/python3.8/site-packages/airflow/example_dags/example_latest_only_with_trigger.py for tasks to queue
[2024-04-09T16:51:48.442+0000] {logging_mixin.py:188} INFO - [2024-04-09T16:51:48.441+0000] {dagbag.py:540} INFO - Filling up the DagBag from /home/airflow/.local/lib/python3.8/site-packages/airflow/example_dags/example_latest_only_with_trigger.py
[2024-04-09T16:51:48.446+0000] {processor.py:840} INFO - DAG(s) 'latest_only_with_trigger' retrieved from /home/airflow/.local/lib/python3.8/site-packages/airflow/example_dags/example_latest_only_with_trigger.py
[2024-04-09T16:51:48.459+0000] {logging_mixin.py:188} INFO - [2024-04-09T16:51:48.459+0000] {dag.py:3047} INFO - Sync 1 DAGs
[2024-04-09T16:51:48.470+0000] {logging_mixin.py:188} INFO - [2024-04-09T16:51:48.470+0000] {dag.py:3834} INFO - Setting next_dagrun for latest_only_with_trigger to 2024-04-09 12:00:00+00:00, run_after=2024-04-09 16:00:00+00:00
[2024-04-09T16:51:48.477+0000] {processor.py:183} INFO - Processing /home/airflow/.local/lib/python3.8/site-packages/airflow/example_dags/example_latest_only_with_trigger.py took 0.044 seconds
[2024-04-09T16:52:19.424+0000] {processor.py:161} INFO - Started process (PID=2036) to work on /home/airflow/.local/lib/python3.8/site-packages/airflow/example_dags/example_latest_only_with_trigger.py
[2024-04-09T16:52:19.425+0000] {processor.py:830} INFO - Processing file /home/airflow/.local/lib/python3.8/site-packages/airflow/example_dags/example_latest_only_with_trigger.py for tasks to queue
[2024-04-09T16:52:19.426+0000] {logging_mixin.py:188} INFO - [2024-04-09T16:52:19.426+0000] {dagbag.py:540} INFO - Filling up the DagBag from /home/airflow/.local/lib/python3.8/site-packages/airflow/example_dags/example_latest_only_with_trigger.py
[2024-04-09T16:52:19.432+0000] {processor.py:840} INFO - DAG(s) 'latest_only_with_trigger' retrieved from /home/airflow/.local/lib/python3.8/site-packages/airflow/example_dags/example_latest_only_with_trigger.py
[2024-04-09T16:52:19.445+0000] {logging_mixin.py:188} INFO - [2024-04-09T16:52:19.445+0000] {dag.py:3047} INFO - Sync 1 DAGs
[2024-04-09T16:52:19.455+0000] {logging_mixin.py:188} INFO - [2024-04-09T16:52:19.455+0000] {dag.py:3834} INFO - Setting next_dagrun for latest_only_with_trigger to 2024-04-09 12:00:00+00:00, run_after=2024-04-09 16:00:00+00:00
[2024-04-09T16:52:19.463+0000] {processor.py:183} INFO - Processing /home/airflow/.local/lib/python3.8/site-packages/airflow/example_dags/example_latest_only_with_trigger.py took 0.043 seconds
[2024-04-09T16:52:49.750+0000] {processor.py:161} INFO - Started process (PID=2116) to work on /home/airflow/.local/lib/python3.8/site-packages/airflow/example_dags/example_latest_only_with_trigger.py
[2024-04-09T16:52:49.751+0000] {processor.py:830} INFO - Processing file /home/airflow/.local/lib/python3.8/site-packages/airflow/example_dags/example_latest_only_with_trigger.py for tasks to queue
[2024-04-09T16:52:49.752+0000] {logging_mixin.py:188} INFO - [2024-04-09T16:52:49.752+0000] {dagbag.py:540} INFO - Filling up the DagBag from /home/airflow/.local/lib/python3.8/site-packages/airflow/example_dags/example_latest_only_with_trigger.py
[2024-04-09T16:52:49.756+0000] {processor.py:840} INFO - DAG(s) 'latest_only_with_trigger' retrieved from /home/airflow/.local/lib/python3.8/site-packages/airflow/example_dags/example_latest_only_with_trigger.py
[2024-04-09T16:52:49.771+0000] {logging_mixin.py:188} INFO - [2024-04-09T16:52:49.771+0000] {dag.py:3047} INFO - Sync 1 DAGs
[2024-04-09T16:52:49.783+0000] {logging_mixin.py:188} INFO - [2024-04-09T16:52:49.783+0000] {dag.py:3834} INFO - Setting next_dagrun for latest_only_with_trigger to 2024-04-09 12:00:00+00:00, run_after=2024-04-09 16:00:00+00:00
[2024-04-09T16:52:49.794+0000] {processor.py:183} INFO - Processing /home/airflow/.local/lib/python3.8/site-packages/airflow/example_dags/example_latest_only_with_trigger.py took 0.046 seconds
[2024-04-09T16:53:21.004+0000] {processor.py:161} INFO - Started process (PID=2200) to work on /home/airflow/.local/lib/python3.8/site-packages/airflow/example_dags/example_latest_only_with_trigger.py
[2024-04-09T16:53:21.016+0000] {processor.py:830} INFO - Processing file /home/airflow/.local/lib/python3.8/site-packages/airflow/example_dags/example_latest_only_with_trigger.py for tasks to queue
[2024-04-09T16:53:21.031+0000] {logging_mixin.py:188} INFO - [2024-04-09T16:53:21.027+0000] {dagbag.py:540} INFO - Filling up the DagBag from /home/airflow/.local/lib/python3.8/site-packages/airflow/example_dags/example_latest_only_with_trigger.py
[2024-04-09T16:53:21.082+0000] {processor.py:840} INFO - DAG(s) 'latest_only_with_trigger' retrieved from /home/airflow/.local/lib/python3.8/site-packages/airflow/example_dags/example_latest_only_with_trigger.py
[2024-04-09T16:53:21.158+0000] {logging_mixin.py:188} INFO - [2024-04-09T16:53:21.157+0000] {dag.py:3047} INFO - Sync 1 DAGs
[2024-04-09T16:53:21.243+0000] {logging_mixin.py:188} INFO - [2024-04-09T16:53:21.243+0000] {dag.py:3834} INFO - Setting next_dagrun for latest_only_with_trigger to 2024-04-09 12:00:00+00:00, run_after=2024-04-09 16:00:00+00:00
[2024-04-09T16:53:21.271+0000] {processor.py:183} INFO - Processing /home/airflow/.local/lib/python3.8/site-packages/airflow/example_dags/example_latest_only_with_trigger.py took 0.279 seconds
[2024-04-09T16:53:53.226+0000] {processor.py:161} INFO - Started process (PID=2276) to work on /home/airflow/.local/lib/python3.8/site-packages/airflow/example_dags/example_latest_only_with_trigger.py
[2024-04-09T16:53:53.232+0000] {processor.py:830} INFO - Processing file /home/airflow/.local/lib/python3.8/site-packages/airflow/example_dags/example_latest_only_with_trigger.py for tasks to queue
[2024-04-09T16:53:53.246+0000] {logging_mixin.py:188} INFO - [2024-04-09T16:53:53.245+0000] {dagbag.py:540} INFO - Filling up the DagBag from /home/airflow/.local/lib/python3.8/site-packages/airflow/example_dags/example_latest_only_with_trigger.py
[2024-04-09T16:53:53.282+0000] {processor.py:840} INFO - DAG(s) 'latest_only_with_trigger' retrieved from /home/airflow/.local/lib/python3.8/site-packages/airflow/example_dags/example_latest_only_with_trigger.py
[2024-04-09T16:53:53.407+0000] {logging_mixin.py:188} INFO - [2024-04-09T16:53:53.407+0000] {dag.py:3047} INFO - Sync 1 DAGs
[2024-04-09T16:53:53.495+0000] {logging_mixin.py:188} INFO - [2024-04-09T16:53:53.495+0000] {dag.py:3834} INFO - Setting next_dagrun for latest_only_with_trigger to 2024-04-09 12:00:00+00:00, run_after=2024-04-09 16:00:00+00:00
[2024-04-09T16:53:53.551+0000] {processor.py:183} INFO - Processing /home/airflow/.local/lib/python3.8/site-packages/airflow/example_dags/example_latest_only_with_trigger.py took 0.350 seconds
[2024-04-09T16:54:24.738+0000] {processor.py:161} INFO - Started process (PID=2344) to work on /home/airflow/.local/lib/python3.8/site-packages/airflow/example_dags/example_latest_only_with_trigger.py
[2024-04-09T16:54:24.747+0000] {processor.py:830} INFO - Processing file /home/airflow/.local/lib/python3.8/site-packages/airflow/example_dags/example_latest_only_with_trigger.py for tasks to queue
[2024-04-09T16:54:24.755+0000] {logging_mixin.py:188} INFO - [2024-04-09T16:54:24.754+0000] {dagbag.py:540} INFO - Filling up the DagBag from /home/airflow/.local/lib/python3.8/site-packages/airflow/example_dags/example_latest_only_with_trigger.py
[2024-04-09T16:54:24.791+0000] {processor.py:840} INFO - DAG(s) 'latest_only_with_trigger' retrieved from /home/airflow/.local/lib/python3.8/site-packages/airflow/example_dags/example_latest_only_with_trigger.py
[2024-04-09T16:54:24.883+0000] {logging_mixin.py:188} INFO - [2024-04-09T16:54:24.882+0000] {dag.py:3047} INFO - Sync 1 DAGs
[2024-04-09T16:54:24.987+0000] {logging_mixin.py:188} INFO - [2024-04-09T16:54:24.987+0000] {dag.py:3834} INFO - Setting next_dagrun for latest_only_with_trigger to 2024-04-09 12:00:00+00:00, run_after=2024-04-09 16:00:00+00:00
[2024-04-09T16:54:25.092+0000] {processor.py:183} INFO - Processing /home/airflow/.local/lib/python3.8/site-packages/airflow/example_dags/example_latest_only_with_trigger.py took 0.369 seconds
