[2024-04-09T16:35:20.905+0000] {processor.py:161} INFO - Started process (PID=93) to work on /home/airflow/.local/lib/python3.8/site-packages/airflow/example_dags/example_skip_dag.py
[2024-04-09T16:35:20.913+0000] {processor.py:830} INFO - Processing file /home/airflow/.local/lib/python3.8/site-packages/airflow/example_dags/example_skip_dag.py for tasks to queue
[2024-04-09T16:35:20.915+0000] {logging_mixin.py:188} INFO - [2024-04-09T16:35:20.915+0000] {dagbag.py:540} INFO - Filling up the DagBag from /home/airflow/.local/lib/python3.8/site-packages/airflow/example_dags/example_skip_dag.py
[2024-04-09T16:35:20.920+0000] {processor.py:840} INFO - DAG(s) 'example_skip_dag' retrieved from /home/airflow/.local/lib/python3.8/site-packages/airflow/example_dags/example_skip_dag.py
[2024-04-09T16:35:20.934+0000] {logging_mixin.py:188} INFO - [2024-04-09T16:35:20.934+0000] {dag.py:3047} INFO - Sync 1 DAGs
[2024-04-09T16:35:20.955+0000] {logging_mixin.py:188} INFO - [2024-04-09T16:35:20.955+0000] {dag.py:3834} INFO - Setting next_dagrun for example_skip_dag to 2024-04-08 00:00:00+00:00, run_after=2024-04-09 00:00:00+00:00
[2024-04-09T16:35:20.985+0000] {processor.py:183} INFO - Processing /home/airflow/.local/lib/python3.8/site-packages/airflow/example_dags/example_skip_dag.py took 0.085 seconds
[2024-04-09T16:35:51.119+0000] {processor.py:161} INFO - Started process (PID=150) to work on /home/airflow/.local/lib/python3.8/site-packages/airflow/example_dags/example_skip_dag.py
[2024-04-09T16:35:51.120+0000] {processor.py:830} INFO - Processing file /home/airflow/.local/lib/python3.8/site-packages/airflow/example_dags/example_skip_dag.py for tasks to queue
[2024-04-09T16:35:51.123+0000] {logging_mixin.py:188} INFO - [2024-04-09T16:35:51.122+0000] {dagbag.py:540} INFO - Filling up the DagBag from /home/airflow/.local/lib/python3.8/site-packages/airflow/example_dags/example_skip_dag.py
[2024-04-09T16:35:51.126+0000] {processor.py:840} INFO - DAG(s) 'example_skip_dag' retrieved from /home/airflow/.local/lib/python3.8/site-packages/airflow/example_dags/example_skip_dag.py
[2024-04-09T16:35:51.175+0000] {logging_mixin.py:188} INFO - [2024-04-09T16:35:51.174+0000] {dag.py:3047} INFO - Sync 1 DAGs
[2024-04-09T16:35:51.184+0000] {logging_mixin.py:188} INFO - [2024-04-09T16:35:51.184+0000] {dag.py:3834} INFO - Setting next_dagrun for example_skip_dag to 2024-04-08 00:00:00+00:00, run_after=2024-04-09 00:00:00+00:00
[2024-04-09T16:35:51.191+0000] {processor.py:183} INFO - Processing /home/airflow/.local/lib/python3.8/site-packages/airflow/example_dags/example_skip_dag.py took 0.074 seconds
[2024-04-09T16:36:21.951+0000] {processor.py:161} INFO - Started process (PID=207) to work on /home/airflow/.local/lib/python3.8/site-packages/airflow/example_dags/example_skip_dag.py
[2024-04-09T16:36:21.951+0000] {processor.py:830} INFO - Processing file /home/airflow/.local/lib/python3.8/site-packages/airflow/example_dags/example_skip_dag.py for tasks to queue
[2024-04-09T16:36:21.952+0000] {logging_mixin.py:188} INFO - [2024-04-09T16:36:21.952+0000] {dagbag.py:540} INFO - Filling up the DagBag from /home/airflow/.local/lib/python3.8/site-packages/airflow/example_dags/example_skip_dag.py
[2024-04-09T16:36:21.955+0000] {processor.py:840} INFO - DAG(s) 'example_skip_dag' retrieved from /home/airflow/.local/lib/python3.8/site-packages/airflow/example_dags/example_skip_dag.py
[2024-04-09T16:36:21.965+0000] {logging_mixin.py:188} INFO - [2024-04-09T16:36:21.965+0000] {dag.py:3047} INFO - Sync 1 DAGs
[2024-04-09T16:36:21.974+0000] {logging_mixin.py:188} INFO - [2024-04-09T16:36:21.974+0000] {dag.py:3834} INFO - Setting next_dagrun for example_skip_dag to 2024-04-08 00:00:00+00:00, run_after=2024-04-09 00:00:00+00:00
[2024-04-09T16:36:21.980+0000] {processor.py:183} INFO - Processing /home/airflow/.local/lib/python3.8/site-packages/airflow/example_dags/example_skip_dag.py took 0.031 seconds
[2024-04-09T16:36:52.924+0000] {processor.py:161} INFO - Started process (PID=264) to work on /home/airflow/.local/lib/python3.8/site-packages/airflow/example_dags/example_skip_dag.py
[2024-04-09T16:36:52.924+0000] {processor.py:830} INFO - Processing file /home/airflow/.local/lib/python3.8/site-packages/airflow/example_dags/example_skip_dag.py for tasks to queue
[2024-04-09T16:36:52.925+0000] {logging_mixin.py:188} INFO - [2024-04-09T16:36:52.925+0000] {dagbag.py:540} INFO - Filling up the DagBag from /home/airflow/.local/lib/python3.8/site-packages/airflow/example_dags/example_skip_dag.py
[2024-04-09T16:36:52.928+0000] {processor.py:840} INFO - DAG(s) 'example_skip_dag' retrieved from /home/airflow/.local/lib/python3.8/site-packages/airflow/example_dags/example_skip_dag.py
[2024-04-09T16:36:52.937+0000] {logging_mixin.py:188} INFO - [2024-04-09T16:36:52.937+0000] {dag.py:3047} INFO - Sync 1 DAGs
[2024-04-09T16:36:52.947+0000] {logging_mixin.py:188} INFO - [2024-04-09T16:36:52.947+0000] {dag.py:3834} INFO - Setting next_dagrun for example_skip_dag to 2024-04-08 00:00:00+00:00, run_after=2024-04-09 00:00:00+00:00
[2024-04-09T16:36:52.955+0000] {processor.py:183} INFO - Processing /home/airflow/.local/lib/python3.8/site-packages/airflow/example_dags/example_skip_dag.py took 0.032 seconds
[2024-04-09T16:37:23.734+0000] {processor.py:161} INFO - Started process (PID=321) to work on /home/airflow/.local/lib/python3.8/site-packages/airflow/example_dags/example_skip_dag.py
[2024-04-09T16:37:23.735+0000] {processor.py:830} INFO - Processing file /home/airflow/.local/lib/python3.8/site-packages/airflow/example_dags/example_skip_dag.py for tasks to queue
[2024-04-09T16:37:23.736+0000] {logging_mixin.py:188} INFO - [2024-04-09T16:37:23.736+0000] {dagbag.py:540} INFO - Filling up the DagBag from /home/airflow/.local/lib/python3.8/site-packages/airflow/example_dags/example_skip_dag.py
[2024-04-09T16:37:23.739+0000] {processor.py:840} INFO - DAG(s) 'example_skip_dag' retrieved from /home/airflow/.local/lib/python3.8/site-packages/airflow/example_dags/example_skip_dag.py
[2024-04-09T16:37:23.748+0000] {logging_mixin.py:188} INFO - [2024-04-09T16:37:23.748+0000] {dag.py:3047} INFO - Sync 1 DAGs
[2024-04-09T16:37:23.757+0000] {logging_mixin.py:188} INFO - [2024-04-09T16:37:23.757+0000] {dag.py:3834} INFO - Setting next_dagrun for example_skip_dag to 2024-04-08 00:00:00+00:00, run_after=2024-04-09 00:00:00+00:00
[2024-04-09T16:37:23.763+0000] {processor.py:183} INFO - Processing /home/airflow/.local/lib/python3.8/site-packages/airflow/example_dags/example_skip_dag.py took 0.031 seconds
[2024-04-09T16:37:54.628+0000] {processor.py:161} INFO - Started process (PID=378) to work on /home/airflow/.local/lib/python3.8/site-packages/airflow/example_dags/example_skip_dag.py
[2024-04-09T16:37:54.628+0000] {processor.py:830} INFO - Processing file /home/airflow/.local/lib/python3.8/site-packages/airflow/example_dags/example_skip_dag.py for tasks to queue
[2024-04-09T16:37:54.629+0000] {logging_mixin.py:188} INFO - [2024-04-09T16:37:54.629+0000] {dagbag.py:540} INFO - Filling up the DagBag from /home/airflow/.local/lib/python3.8/site-packages/airflow/example_dags/example_skip_dag.py
[2024-04-09T16:37:54.633+0000] {processor.py:840} INFO - DAG(s) 'example_skip_dag' retrieved from /home/airflow/.local/lib/python3.8/site-packages/airflow/example_dags/example_skip_dag.py
[2024-04-09T16:37:54.643+0000] {logging_mixin.py:188} INFO - [2024-04-09T16:37:54.643+0000] {dag.py:3047} INFO - Sync 1 DAGs
[2024-04-09T16:37:54.652+0000] {logging_mixin.py:188} INFO - [2024-04-09T16:37:54.652+0000] {dag.py:3834} INFO - Setting next_dagrun for example_skip_dag to 2024-04-08 00:00:00+00:00, run_after=2024-04-09 00:00:00+00:00
[2024-04-09T16:37:54.659+0000] {processor.py:183} INFO - Processing /home/airflow/.local/lib/python3.8/site-packages/airflow/example_dags/example_skip_dag.py took 0.033 seconds
[2024-04-09T16:38:25.359+0000] {processor.py:161} INFO - Started process (PID=435) to work on /home/airflow/.local/lib/python3.8/site-packages/airflow/example_dags/example_skip_dag.py
[2024-04-09T16:38:25.360+0000] {processor.py:830} INFO - Processing file /home/airflow/.local/lib/python3.8/site-packages/airflow/example_dags/example_skip_dag.py for tasks to queue
[2024-04-09T16:38:25.361+0000] {logging_mixin.py:188} INFO - [2024-04-09T16:38:25.361+0000] {dagbag.py:540} INFO - Filling up the DagBag from /home/airflow/.local/lib/python3.8/site-packages/airflow/example_dags/example_skip_dag.py
[2024-04-09T16:38:25.364+0000] {processor.py:840} INFO - DAG(s) 'example_skip_dag' retrieved from /home/airflow/.local/lib/python3.8/site-packages/airflow/example_dags/example_skip_dag.py
[2024-04-09T16:38:25.373+0000] {logging_mixin.py:188} INFO - [2024-04-09T16:38:25.372+0000] {dag.py:3047} INFO - Sync 1 DAGs
[2024-04-09T16:38:25.381+0000] {logging_mixin.py:188} INFO - [2024-04-09T16:38:25.381+0000] {dag.py:3834} INFO - Setting next_dagrun for example_skip_dag to 2024-04-08 00:00:00+00:00, run_after=2024-04-09 00:00:00+00:00
[2024-04-09T16:38:25.388+0000] {processor.py:183} INFO - Processing /home/airflow/.local/lib/python3.8/site-packages/airflow/example_dags/example_skip_dag.py took 0.031 seconds
[2024-04-09T16:38:56.127+0000] {processor.py:161} INFO - Started process (PID=492) to work on /home/airflow/.local/lib/python3.8/site-packages/airflow/example_dags/example_skip_dag.py
[2024-04-09T16:38:56.127+0000] {processor.py:830} INFO - Processing file /home/airflow/.local/lib/python3.8/site-packages/airflow/example_dags/example_skip_dag.py for tasks to queue
[2024-04-09T16:38:56.128+0000] {logging_mixin.py:188} INFO - [2024-04-09T16:38:56.128+0000] {dagbag.py:540} INFO - Filling up the DagBag from /home/airflow/.local/lib/python3.8/site-packages/airflow/example_dags/example_skip_dag.py
[2024-04-09T16:38:56.131+0000] {processor.py:840} INFO - DAG(s) 'example_skip_dag' retrieved from /home/airflow/.local/lib/python3.8/site-packages/airflow/example_dags/example_skip_dag.py
[2024-04-09T16:38:56.141+0000] {logging_mixin.py:188} INFO - [2024-04-09T16:38:56.141+0000] {dag.py:3047} INFO - Sync 1 DAGs
[2024-04-09T16:38:56.150+0000] {logging_mixin.py:188} INFO - [2024-04-09T16:38:56.149+0000] {dag.py:3834} INFO - Setting next_dagrun for example_skip_dag to 2024-04-08 00:00:00+00:00, run_after=2024-04-09 00:00:00+00:00
[2024-04-09T16:38:56.156+0000] {processor.py:183} INFO - Processing /home/airflow/.local/lib/python3.8/site-packages/airflow/example_dags/example_skip_dag.py took 0.031 seconds
[2024-04-09T16:39:27.009+0000] {processor.py:161} INFO - Started process (PID=549) to work on /home/airflow/.local/lib/python3.8/site-packages/airflow/example_dags/example_skip_dag.py
[2024-04-09T16:39:27.010+0000] {processor.py:830} INFO - Processing file /home/airflow/.local/lib/python3.8/site-packages/airflow/example_dags/example_skip_dag.py for tasks to queue
[2024-04-09T16:39:27.011+0000] {logging_mixin.py:188} INFO - [2024-04-09T16:39:27.011+0000] {dagbag.py:540} INFO - Filling up the DagBag from /home/airflow/.local/lib/python3.8/site-packages/airflow/example_dags/example_skip_dag.py
[2024-04-09T16:39:27.015+0000] {processor.py:840} INFO - DAG(s) 'example_skip_dag' retrieved from /home/airflow/.local/lib/python3.8/site-packages/airflow/example_dags/example_skip_dag.py
[2024-04-09T16:39:27.035+0000] {logging_mixin.py:188} INFO - [2024-04-09T16:39:27.034+0000] {dag.py:3047} INFO - Sync 1 DAGs
[2024-04-09T16:39:27.048+0000] {logging_mixin.py:188} INFO - [2024-04-09T16:39:27.048+0000] {dag.py:3834} INFO - Setting next_dagrun for example_skip_dag to 2024-04-08 00:00:00+00:00, run_after=2024-04-09 00:00:00+00:00
[2024-04-09T16:39:27.056+0000] {processor.py:183} INFO - Processing /home/airflow/.local/lib/python3.8/site-packages/airflow/example_dags/example_skip_dag.py took 0.048 seconds
[2024-04-09T16:39:57.424+0000] {processor.py:161} INFO - Started process (PID=611) to work on /home/airflow/.local/lib/python3.8/site-packages/airflow/example_dags/example_skip_dag.py
[2024-04-09T16:39:57.426+0000] {processor.py:830} INFO - Processing file /home/airflow/.local/lib/python3.8/site-packages/airflow/example_dags/example_skip_dag.py for tasks to queue
[2024-04-09T16:39:57.428+0000] {logging_mixin.py:188} INFO - [2024-04-09T16:39:57.428+0000] {dagbag.py:540} INFO - Filling up the DagBag from /home/airflow/.local/lib/python3.8/site-packages/airflow/example_dags/example_skip_dag.py
[2024-04-09T16:39:57.434+0000] {processor.py:840} INFO - DAG(s) 'example_skip_dag' retrieved from /home/airflow/.local/lib/python3.8/site-packages/airflow/example_dags/example_skip_dag.py
[2024-04-09T16:39:57.449+0000] {logging_mixin.py:188} INFO - [2024-04-09T16:39:57.449+0000] {dag.py:3047} INFO - Sync 1 DAGs
[2024-04-09T16:39:57.467+0000] {logging_mixin.py:188} INFO - [2024-04-09T16:39:57.467+0000] {dag.py:3834} INFO - Setting next_dagrun for example_skip_dag to 2024-04-08 00:00:00+00:00, run_after=2024-04-09 00:00:00+00:00
[2024-04-09T16:39:57.475+0000] {processor.py:183} INFO - Processing /home/airflow/.local/lib/python3.8/site-packages/airflow/example_dags/example_skip_dag.py took 0.053 seconds
[2024-04-09T16:40:27.554+0000] {processor.py:161} INFO - Started process (PID=669) to work on /home/airflow/.local/lib/python3.8/site-packages/airflow/example_dags/example_skip_dag.py
[2024-04-09T16:40:27.554+0000] {processor.py:830} INFO - Processing file /home/airflow/.local/lib/python3.8/site-packages/airflow/example_dags/example_skip_dag.py for tasks to queue
[2024-04-09T16:40:27.555+0000] {logging_mixin.py:188} INFO - [2024-04-09T16:40:27.555+0000] {dagbag.py:540} INFO - Filling up the DagBag from /home/airflow/.local/lib/python3.8/site-packages/airflow/example_dags/example_skip_dag.py
[2024-04-09T16:40:27.559+0000] {processor.py:840} INFO - DAG(s) 'example_skip_dag' retrieved from /home/airflow/.local/lib/python3.8/site-packages/airflow/example_dags/example_skip_dag.py
[2024-04-09T16:40:27.568+0000] {logging_mixin.py:188} INFO - [2024-04-09T16:40:27.568+0000] {dag.py:3047} INFO - Sync 1 DAGs
[2024-04-09T16:40:27.578+0000] {logging_mixin.py:188} INFO - [2024-04-09T16:40:27.578+0000] {dag.py:3834} INFO - Setting next_dagrun for example_skip_dag to 2024-04-08 00:00:00+00:00, run_after=2024-04-09 00:00:00+00:00
[2024-04-09T16:40:27.586+0000] {processor.py:183} INFO - Processing /home/airflow/.local/lib/python3.8/site-packages/airflow/example_dags/example_skip_dag.py took 0.033 seconds
[2024-04-09T16:40:57.709+0000] {processor.py:161} INFO - Started process (PID=726) to work on /home/airflow/.local/lib/python3.8/site-packages/airflow/example_dags/example_skip_dag.py
[2024-04-09T16:40:57.710+0000] {processor.py:830} INFO - Processing file /home/airflow/.local/lib/python3.8/site-packages/airflow/example_dags/example_skip_dag.py for tasks to queue
[2024-04-09T16:40:57.711+0000] {logging_mixin.py:188} INFO - [2024-04-09T16:40:57.711+0000] {dagbag.py:540} INFO - Filling up the DagBag from /home/airflow/.local/lib/python3.8/site-packages/airflow/example_dags/example_skip_dag.py
[2024-04-09T16:40:57.714+0000] {processor.py:840} INFO - DAG(s) 'example_skip_dag' retrieved from /home/airflow/.local/lib/python3.8/site-packages/airflow/example_dags/example_skip_dag.py
[2024-04-09T16:40:57.723+0000] {logging_mixin.py:188} INFO - [2024-04-09T16:40:57.723+0000] {dag.py:3047} INFO - Sync 1 DAGs
[2024-04-09T16:40:57.732+0000] {logging_mixin.py:188} INFO - [2024-04-09T16:40:57.732+0000] {dag.py:3834} INFO - Setting next_dagrun for example_skip_dag to 2024-04-08 00:00:00+00:00, run_after=2024-04-09 00:00:00+00:00
[2024-04-09T16:40:57.739+0000] {processor.py:183} INFO - Processing /home/airflow/.local/lib/python3.8/site-packages/airflow/example_dags/example_skip_dag.py took 0.031 seconds
[2024-04-09T16:41:27.940+0000] {processor.py:161} INFO - Started process (PID=784) to work on /home/airflow/.local/lib/python3.8/site-packages/airflow/example_dags/example_skip_dag.py
[2024-04-09T16:41:27.940+0000] {processor.py:830} INFO - Processing file /home/airflow/.local/lib/python3.8/site-packages/airflow/example_dags/example_skip_dag.py for tasks to queue
[2024-04-09T16:41:27.941+0000] {logging_mixin.py:188} INFO - [2024-04-09T16:41:27.941+0000] {dagbag.py:540} INFO - Filling up the DagBag from /home/airflow/.local/lib/python3.8/site-packages/airflow/example_dags/example_skip_dag.py
[2024-04-09T16:41:27.944+0000] {processor.py:840} INFO - DAG(s) 'example_skip_dag' retrieved from /home/airflow/.local/lib/python3.8/site-packages/airflow/example_dags/example_skip_dag.py
[2024-04-09T16:41:27.953+0000] {logging_mixin.py:188} INFO - [2024-04-09T16:41:27.953+0000] {dag.py:3047} INFO - Sync 1 DAGs
[2024-04-09T16:41:27.963+0000] {logging_mixin.py:188} INFO - [2024-04-09T16:41:27.963+0000] {dag.py:3834} INFO - Setting next_dagrun for example_skip_dag to 2024-04-08 00:00:00+00:00, run_after=2024-04-09 00:00:00+00:00
[2024-04-09T16:41:27.970+0000] {processor.py:183} INFO - Processing /home/airflow/.local/lib/python3.8/site-packages/airflow/example_dags/example_skip_dag.py took 0.032 seconds
[2024-04-09T16:41:58.170+0000] {processor.py:161} INFO - Started process (PID=842) to work on /home/airflow/.local/lib/python3.8/site-packages/airflow/example_dags/example_skip_dag.py
[2024-04-09T16:41:58.171+0000] {processor.py:830} INFO - Processing file /home/airflow/.local/lib/python3.8/site-packages/airflow/example_dags/example_skip_dag.py for tasks to queue
[2024-04-09T16:41:58.172+0000] {logging_mixin.py:188} INFO - [2024-04-09T16:41:58.172+0000] {dagbag.py:540} INFO - Filling up the DagBag from /home/airflow/.local/lib/python3.8/site-packages/airflow/example_dags/example_skip_dag.py
[2024-04-09T16:41:58.175+0000] {processor.py:840} INFO - DAG(s) 'example_skip_dag' retrieved from /home/airflow/.local/lib/python3.8/site-packages/airflow/example_dags/example_skip_dag.py
[2024-04-09T16:41:58.185+0000] {logging_mixin.py:188} INFO - [2024-04-09T16:41:58.185+0000] {dag.py:3047} INFO - Sync 1 DAGs
[2024-04-09T16:41:58.193+0000] {logging_mixin.py:188} INFO - [2024-04-09T16:41:58.193+0000] {dag.py:3834} INFO - Setting next_dagrun for example_skip_dag to 2024-04-08 00:00:00+00:00, run_after=2024-04-09 00:00:00+00:00
[2024-04-09T16:41:58.201+0000] {processor.py:183} INFO - Processing /home/airflow/.local/lib/python3.8/site-packages/airflow/example_dags/example_skip_dag.py took 0.032 seconds
[2024-04-09T16:42:28.988+0000] {processor.py:161} INFO - Started process (PID=900) to work on /home/airflow/.local/lib/python3.8/site-packages/airflow/example_dags/example_skip_dag.py
[2024-04-09T16:42:28.989+0000] {processor.py:830} INFO - Processing file /home/airflow/.local/lib/python3.8/site-packages/airflow/example_dags/example_skip_dag.py for tasks to queue
[2024-04-09T16:42:28.989+0000] {logging_mixin.py:188} INFO - [2024-04-09T16:42:28.989+0000] {dagbag.py:540} INFO - Filling up the DagBag from /home/airflow/.local/lib/python3.8/site-packages/airflow/example_dags/example_skip_dag.py
[2024-04-09T16:42:28.992+0000] {processor.py:840} INFO - DAG(s) 'example_skip_dag' retrieved from /home/airflow/.local/lib/python3.8/site-packages/airflow/example_dags/example_skip_dag.py
[2024-04-09T16:42:29.002+0000] {logging_mixin.py:188} INFO - [2024-04-09T16:42:29.002+0000] {dag.py:3047} INFO - Sync 1 DAGs
[2024-04-09T16:42:29.011+0000] {logging_mixin.py:188} INFO - [2024-04-09T16:42:29.011+0000] {dag.py:3834} INFO - Setting next_dagrun for example_skip_dag to 2024-04-08 00:00:00+00:00, run_after=2024-04-09 00:00:00+00:00
[2024-04-09T16:42:29.019+0000] {processor.py:183} INFO - Processing /home/airflow/.local/lib/python3.8/site-packages/airflow/example_dags/example_skip_dag.py took 0.032 seconds
[2024-04-09T16:42:59.781+0000] {processor.py:161} INFO - Started process (PID=958) to work on /home/airflow/.local/lib/python3.8/site-packages/airflow/example_dags/example_skip_dag.py
[2024-04-09T16:42:59.781+0000] {processor.py:830} INFO - Processing file /home/airflow/.local/lib/python3.8/site-packages/airflow/example_dags/example_skip_dag.py for tasks to queue
[2024-04-09T16:42:59.782+0000] {logging_mixin.py:188} INFO - [2024-04-09T16:42:59.782+0000] {dagbag.py:540} INFO - Filling up the DagBag from /home/airflow/.local/lib/python3.8/site-packages/airflow/example_dags/example_skip_dag.py
[2024-04-09T16:42:59.785+0000] {processor.py:840} INFO - DAG(s) 'example_skip_dag' retrieved from /home/airflow/.local/lib/python3.8/site-packages/airflow/example_dags/example_skip_dag.py
[2024-04-09T16:42:59.794+0000] {logging_mixin.py:188} INFO - [2024-04-09T16:42:59.794+0000] {dag.py:3047} INFO - Sync 1 DAGs
[2024-04-09T16:42:59.803+0000] {logging_mixin.py:188} INFO - [2024-04-09T16:42:59.803+0000] {dag.py:3834} INFO - Setting next_dagrun for example_skip_dag to 2024-04-08 00:00:00+00:00, run_after=2024-04-09 00:00:00+00:00
[2024-04-09T16:42:59.810+0000] {processor.py:183} INFO - Processing /home/airflow/.local/lib/python3.8/site-packages/airflow/example_dags/example_skip_dag.py took 0.031 seconds
[2024-04-09T16:43:29.840+0000] {processor.py:161} INFO - Started process (PID=1016) to work on /home/airflow/.local/lib/python3.8/site-packages/airflow/example_dags/example_skip_dag.py
[2024-04-09T16:43:29.841+0000] {processor.py:830} INFO - Processing file /home/airflow/.local/lib/python3.8/site-packages/airflow/example_dags/example_skip_dag.py for tasks to queue
[2024-04-09T16:43:29.841+0000] {logging_mixin.py:188} INFO - [2024-04-09T16:43:29.841+0000] {dagbag.py:540} INFO - Filling up the DagBag from /home/airflow/.local/lib/python3.8/site-packages/airflow/example_dags/example_skip_dag.py
[2024-04-09T16:43:29.845+0000] {processor.py:840} INFO - DAG(s) 'example_skip_dag' retrieved from /home/airflow/.local/lib/python3.8/site-packages/airflow/example_dags/example_skip_dag.py
[2024-04-09T16:43:29.853+0000] {logging_mixin.py:188} INFO - [2024-04-09T16:43:29.853+0000] {dag.py:3047} INFO - Sync 1 DAGs
[2024-04-09T16:43:29.862+0000] {logging_mixin.py:188} INFO - [2024-04-09T16:43:29.862+0000] {dag.py:3834} INFO - Setting next_dagrun for example_skip_dag to 2024-04-08 00:00:00+00:00, run_after=2024-04-09 00:00:00+00:00
[2024-04-09T16:43:29.869+0000] {processor.py:183} INFO - Processing /home/airflow/.local/lib/python3.8/site-packages/airflow/example_dags/example_skip_dag.py took 0.030 seconds
[2024-04-09T16:44:00.789+0000] {processor.py:161} INFO - Started process (PID=1074) to work on /home/airflow/.local/lib/python3.8/site-packages/airflow/example_dags/example_skip_dag.py
[2024-04-09T16:44:00.790+0000] {processor.py:830} INFO - Processing file /home/airflow/.local/lib/python3.8/site-packages/airflow/example_dags/example_skip_dag.py for tasks to queue
[2024-04-09T16:44:00.790+0000] {logging_mixin.py:188} INFO - [2024-04-09T16:44:00.790+0000] {dagbag.py:540} INFO - Filling up the DagBag from /home/airflow/.local/lib/python3.8/site-packages/airflow/example_dags/example_skip_dag.py
[2024-04-09T16:44:00.794+0000] {processor.py:840} INFO - DAG(s) 'example_skip_dag' retrieved from /home/airflow/.local/lib/python3.8/site-packages/airflow/example_dags/example_skip_dag.py
[2024-04-09T16:44:00.803+0000] {logging_mixin.py:188} INFO - [2024-04-09T16:44:00.803+0000] {dag.py:3047} INFO - Sync 1 DAGs
[2024-04-09T16:44:00.812+0000] {logging_mixin.py:188} INFO - [2024-04-09T16:44:00.812+0000] {dag.py:3834} INFO - Setting next_dagrun for example_skip_dag to 2024-04-08 00:00:00+00:00, run_after=2024-04-09 00:00:00+00:00
[2024-04-09T16:44:00.818+0000] {processor.py:183} INFO - Processing /home/airflow/.local/lib/python3.8/site-packages/airflow/example_dags/example_skip_dag.py took 0.031 seconds
[2024-04-09T16:44:31.056+0000] {processor.py:161} INFO - Started process (PID=1132) to work on /home/airflow/.local/lib/python3.8/site-packages/airflow/example_dags/example_skip_dag.py
[2024-04-09T16:44:31.056+0000] {processor.py:830} INFO - Processing file /home/airflow/.local/lib/python3.8/site-packages/airflow/example_dags/example_skip_dag.py for tasks to queue
[2024-04-09T16:44:31.057+0000] {logging_mixin.py:188} INFO - [2024-04-09T16:44:31.057+0000] {dagbag.py:540} INFO - Filling up the DagBag from /home/airflow/.local/lib/python3.8/site-packages/airflow/example_dags/example_skip_dag.py
[2024-04-09T16:44:31.061+0000] {processor.py:840} INFO - DAG(s) 'example_skip_dag' retrieved from /home/airflow/.local/lib/python3.8/site-packages/airflow/example_dags/example_skip_dag.py
[2024-04-09T16:44:31.070+0000] {logging_mixin.py:188} INFO - [2024-04-09T16:44:31.070+0000] {dag.py:3047} INFO - Sync 1 DAGs
[2024-04-09T16:44:31.079+0000] {logging_mixin.py:188} INFO - [2024-04-09T16:44:31.079+0000] {dag.py:3834} INFO - Setting next_dagrun for example_skip_dag to 2024-04-08 00:00:00+00:00, run_after=2024-04-09 00:00:00+00:00
[2024-04-09T16:44:31.086+0000] {processor.py:183} INFO - Processing /home/airflow/.local/lib/python3.8/site-packages/airflow/example_dags/example_skip_dag.py took 0.032 seconds
[2024-04-09T16:45:01.303+0000] {processor.py:161} INFO - Started process (PID=1190) to work on /home/airflow/.local/lib/python3.8/site-packages/airflow/example_dags/example_skip_dag.py
[2024-04-09T16:45:01.304+0000] {processor.py:830} INFO - Processing file /home/airflow/.local/lib/python3.8/site-packages/airflow/example_dags/example_skip_dag.py for tasks to queue
[2024-04-09T16:45:01.306+0000] {logging_mixin.py:188} INFO - [2024-04-09T16:45:01.305+0000] {dagbag.py:540} INFO - Filling up the DagBag from /home/airflow/.local/lib/python3.8/site-packages/airflow/example_dags/example_skip_dag.py
[2024-04-09T16:45:01.309+0000] {processor.py:840} INFO - DAG(s) 'example_skip_dag' retrieved from /home/airflow/.local/lib/python3.8/site-packages/airflow/example_dags/example_skip_dag.py
[2024-04-09T16:45:01.320+0000] {logging_mixin.py:188} INFO - [2024-04-09T16:45:01.319+0000] {dag.py:3047} INFO - Sync 1 DAGs
[2024-04-09T16:45:01.330+0000] {logging_mixin.py:188} INFO - [2024-04-09T16:45:01.330+0000] {dag.py:3834} INFO - Setting next_dagrun for example_skip_dag to 2024-04-08 00:00:00+00:00, run_after=2024-04-09 00:00:00+00:00
[2024-04-09T16:45:01.337+0000] {processor.py:183} INFO - Processing /home/airflow/.local/lib/python3.8/site-packages/airflow/example_dags/example_skip_dag.py took 0.036 seconds
[2024-04-09T16:45:31.884+0000] {processor.py:161} INFO - Started process (PID=1248) to work on /home/airflow/.local/lib/python3.8/site-packages/airflow/example_dags/example_skip_dag.py
[2024-04-09T16:45:31.885+0000] {processor.py:830} INFO - Processing file /home/airflow/.local/lib/python3.8/site-packages/airflow/example_dags/example_skip_dag.py for tasks to queue
[2024-04-09T16:45:31.886+0000] {logging_mixin.py:188} INFO - [2024-04-09T16:45:31.886+0000] {dagbag.py:540} INFO - Filling up the DagBag from /home/airflow/.local/lib/python3.8/site-packages/airflow/example_dags/example_skip_dag.py
[2024-04-09T16:45:31.890+0000] {processor.py:840} INFO - DAG(s) 'example_skip_dag' retrieved from /home/airflow/.local/lib/python3.8/site-packages/airflow/example_dags/example_skip_dag.py
[2024-04-09T16:45:31.901+0000] {logging_mixin.py:188} INFO - [2024-04-09T16:45:31.901+0000] {dag.py:3047} INFO - Sync 1 DAGs
[2024-04-09T16:45:31.911+0000] {logging_mixin.py:188} INFO - [2024-04-09T16:45:31.911+0000] {dag.py:3834} INFO - Setting next_dagrun for example_skip_dag to 2024-04-08 00:00:00+00:00, run_after=2024-04-09 00:00:00+00:00
[2024-04-09T16:45:31.919+0000] {processor.py:183} INFO - Processing /home/airflow/.local/lib/python3.8/site-packages/airflow/example_dags/example_skip_dag.py took 0.037 seconds
[2024-04-09T16:46:03.309+0000] {processor.py:161} INFO - Started process (PID=1311) to work on /home/airflow/.local/lib/python3.8/site-packages/airflow/example_dags/example_skip_dag.py
[2024-04-09T16:46:03.309+0000] {processor.py:830} INFO - Processing file /home/airflow/.local/lib/python3.8/site-packages/airflow/example_dags/example_skip_dag.py for tasks to queue
[2024-04-09T16:46:03.310+0000] {logging_mixin.py:188} INFO - [2024-04-09T16:46:03.310+0000] {dagbag.py:540} INFO - Filling up the DagBag from /home/airflow/.local/lib/python3.8/site-packages/airflow/example_dags/example_skip_dag.py
[2024-04-09T16:46:03.313+0000] {processor.py:840} INFO - DAG(s) 'example_skip_dag' retrieved from /home/airflow/.local/lib/python3.8/site-packages/airflow/example_dags/example_skip_dag.py
[2024-04-09T16:46:03.323+0000] {logging_mixin.py:188} INFO - [2024-04-09T16:46:03.323+0000] {dag.py:3047} INFO - Sync 1 DAGs
[2024-04-09T16:46:03.332+0000] {logging_mixin.py:188} INFO - [2024-04-09T16:46:03.331+0000] {dag.py:3834} INFO - Setting next_dagrun for example_skip_dag to 2024-04-08 00:00:00+00:00, run_after=2024-04-09 00:00:00+00:00
[2024-04-09T16:46:03.339+0000] {processor.py:183} INFO - Processing /home/airflow/.local/lib/python3.8/site-packages/airflow/example_dags/example_skip_dag.py took 0.031 seconds
[2024-04-09T16:46:35.529+0000] {processor.py:161} INFO - Started process (PID=1373) to work on /home/airflow/.local/lib/python3.8/site-packages/airflow/example_dags/example_skip_dag.py
[2024-04-09T16:46:35.531+0000] {processor.py:830} INFO - Processing file /home/airflow/.local/lib/python3.8/site-packages/airflow/example_dags/example_skip_dag.py for tasks to queue
[2024-04-09T16:46:35.533+0000] {logging_mixin.py:188} INFO - [2024-04-09T16:46:35.533+0000] {dagbag.py:540} INFO - Filling up the DagBag from /home/airflow/.local/lib/python3.8/site-packages/airflow/example_dags/example_skip_dag.py
[2024-04-09T16:46:35.561+0000] {processor.py:840} INFO - DAG(s) 'example_skip_dag' retrieved from /home/airflow/.local/lib/python3.8/site-packages/airflow/example_dags/example_skip_dag.py
[2024-04-09T16:46:35.666+0000] {logging_mixin.py:188} INFO - [2024-04-09T16:46:35.666+0000] {dag.py:3047} INFO - Sync 1 DAGs
[2024-04-09T16:46:35.760+0000] {logging_mixin.py:188} INFO - [2024-04-09T16:46:35.760+0000] {dag.py:3834} INFO - Setting next_dagrun for example_skip_dag to 2024-04-08 00:00:00+00:00, run_after=2024-04-09 00:00:00+00:00
[2024-04-09T16:46:35.856+0000] {processor.py:183} INFO - Processing /home/airflow/.local/lib/python3.8/site-packages/airflow/example_dags/example_skip_dag.py took 0.329 seconds
[2024-04-09T16:47:09.147+0000] {processor.py:161} INFO - Started process (PID=1454) to work on /home/airflow/.local/lib/python3.8/site-packages/airflow/example_dags/example_skip_dag.py
[2024-04-09T16:47:09.151+0000] {processor.py:830} INFO - Processing file /home/airflow/.local/lib/python3.8/site-packages/airflow/example_dags/example_skip_dag.py for tasks to queue
[2024-04-09T16:47:09.172+0000] {logging_mixin.py:188} INFO - [2024-04-09T16:47:09.170+0000] {dagbag.py:540} INFO - Filling up the DagBag from /home/airflow/.local/lib/python3.8/site-packages/airflow/example_dags/example_skip_dag.py
[2024-04-09T16:47:09.226+0000] {processor.py:840} INFO - DAG(s) 'example_skip_dag' retrieved from /home/airflow/.local/lib/python3.8/site-packages/airflow/example_dags/example_skip_dag.py
[2024-04-09T16:47:09.359+0000] {logging_mixin.py:188} INFO - [2024-04-09T16:47:09.359+0000] {dag.py:3047} INFO - Sync 1 DAGs
[2024-04-09T16:47:09.432+0000] {logging_mixin.py:188} INFO - [2024-04-09T16:47:09.431+0000] {dag.py:3834} INFO - Setting next_dagrun for example_skip_dag to 2024-04-08 00:00:00+00:00, run_after=2024-04-09 00:00:00+00:00
[2024-04-09T16:47:09.477+0000] {processor.py:183} INFO - Processing /home/airflow/.local/lib/python3.8/site-packages/airflow/example_dags/example_skip_dag.py took 0.350 seconds
[2024-04-09T16:47:45.985+0000] {processor.py:161} INFO - Started process (PID=1523) to work on /home/airflow/.local/lib/python3.8/site-packages/airflow/example_dags/example_skip_dag.py
[2024-04-09T16:47:45.990+0000] {processor.py:830} INFO - Processing file /home/airflow/.local/lib/python3.8/site-packages/airflow/example_dags/example_skip_dag.py for tasks to queue
[2024-04-09T16:47:45.999+0000] {logging_mixin.py:188} INFO - [2024-04-09T16:47:45.999+0000] {dagbag.py:540} INFO - Filling up the DagBag from /home/airflow/.local/lib/python3.8/site-packages/airflow/example_dags/example_skip_dag.py
[2024-04-09T16:47:46.014+0000] {processor.py:840} INFO - DAG(s) 'example_skip_dag' retrieved from /home/airflow/.local/lib/python3.8/site-packages/airflow/example_dags/example_skip_dag.py
[2024-04-09T16:47:46.127+0000] {logging_mixin.py:188} INFO - [2024-04-09T16:47:46.126+0000] {dag.py:3047} INFO - Sync 1 DAGs
[2024-04-09T16:47:46.230+0000] {logging_mixin.py:188} INFO - [2024-04-09T16:47:46.229+0000] {dag.py:3834} INFO - Setting next_dagrun for example_skip_dag to 2024-04-08 00:00:00+00:00, run_after=2024-04-09 00:00:00+00:00
[2024-04-09T16:47:46.307+0000] {processor.py:183} INFO - Processing /home/airflow/.local/lib/python3.8/site-packages/airflow/example_dags/example_skip_dag.py took 0.334 seconds
[2024-04-09T16:48:17.241+0000] {processor.py:161} INFO - Started process (PID=1580) to work on /home/airflow/.local/lib/python3.8/site-packages/airflow/example_dags/example_skip_dag.py
[2024-04-09T16:48:17.243+0000] {processor.py:830} INFO - Processing file /home/airflow/.local/lib/python3.8/site-packages/airflow/example_dags/example_skip_dag.py for tasks to queue
[2024-04-09T16:48:17.244+0000] {logging_mixin.py:188} INFO - [2024-04-09T16:48:17.244+0000] {dagbag.py:540} INFO - Filling up the DagBag from /home/airflow/.local/lib/python3.8/site-packages/airflow/example_dags/example_skip_dag.py
[2024-04-09T16:48:17.249+0000] {processor.py:840} INFO - DAG(s) 'example_skip_dag' retrieved from /home/airflow/.local/lib/python3.8/site-packages/airflow/example_dags/example_skip_dag.py
[2024-04-09T16:48:17.265+0000] {logging_mixin.py:188} INFO - [2024-04-09T16:48:17.265+0000] {dag.py:3047} INFO - Sync 1 DAGs
[2024-04-09T16:48:17.275+0000] {logging_mixin.py:188} INFO - [2024-04-09T16:48:17.275+0000] {dag.py:3834} INFO - Setting next_dagrun for example_skip_dag to 2024-04-08 00:00:00+00:00, run_after=2024-04-09 00:00:00+00:00
[2024-04-09T16:48:17.283+0000] {processor.py:183} INFO - Processing /home/airflow/.local/lib/python3.8/site-packages/airflow/example_dags/example_skip_dag.py took 0.045 seconds
[2024-04-09T16:48:47.474+0000] {processor.py:161} INFO - Started process (PID=1638) to work on /home/airflow/.local/lib/python3.8/site-packages/airflow/example_dags/example_skip_dag.py
[2024-04-09T16:48:47.475+0000] {processor.py:830} INFO - Processing file /home/airflow/.local/lib/python3.8/site-packages/airflow/example_dags/example_skip_dag.py for tasks to queue
[2024-04-09T16:48:47.476+0000] {logging_mixin.py:188} INFO - [2024-04-09T16:48:47.476+0000] {dagbag.py:540} INFO - Filling up the DagBag from /home/airflow/.local/lib/python3.8/site-packages/airflow/example_dags/example_skip_dag.py
[2024-04-09T16:48:47.490+0000] {processor.py:840} INFO - DAG(s) 'example_skip_dag' retrieved from /home/airflow/.local/lib/python3.8/site-packages/airflow/example_dags/example_skip_dag.py
[2024-04-09T16:48:47.515+0000] {logging_mixin.py:188} INFO - [2024-04-09T16:48:47.515+0000] {dag.py:3047} INFO - Sync 1 DAGs
[2024-04-09T16:48:47.527+0000] {logging_mixin.py:188} INFO - [2024-04-09T16:48:47.527+0000] {dag.py:3834} INFO - Setting next_dagrun for example_skip_dag to 2024-04-08 00:00:00+00:00, run_after=2024-04-09 00:00:00+00:00
[2024-04-09T16:48:47.535+0000] {processor.py:183} INFO - Processing /home/airflow/.local/lib/python3.8/site-packages/airflow/example_dags/example_skip_dag.py took 0.063 seconds
[2024-04-09T16:49:17.740+0000] {processor.py:161} INFO - Started process (PID=1695) to work on /home/airflow/.local/lib/python3.8/site-packages/airflow/example_dags/example_skip_dag.py
[2024-04-09T16:49:17.742+0000] {processor.py:830} INFO - Processing file /home/airflow/.local/lib/python3.8/site-packages/airflow/example_dags/example_skip_dag.py for tasks to queue
[2024-04-09T16:49:17.744+0000] {logging_mixin.py:188} INFO - [2024-04-09T16:49:17.744+0000] {dagbag.py:540} INFO - Filling up the DagBag from /home/airflow/.local/lib/python3.8/site-packages/airflow/example_dags/example_skip_dag.py
[2024-04-09T16:49:17.749+0000] {processor.py:840} INFO - DAG(s) 'example_skip_dag' retrieved from /home/airflow/.local/lib/python3.8/site-packages/airflow/example_dags/example_skip_dag.py
[2024-04-09T16:49:17.761+0000] {logging_mixin.py:188} INFO - [2024-04-09T16:49:17.761+0000] {dag.py:3047} INFO - Sync 1 DAGs
[2024-04-09T16:49:17.775+0000] {logging_mixin.py:188} INFO - [2024-04-09T16:49:17.775+0000] {dag.py:3834} INFO - Setting next_dagrun for example_skip_dag to 2024-04-08 00:00:00+00:00, run_after=2024-04-09 00:00:00+00:00
[2024-04-09T16:49:17.783+0000] {processor.py:183} INFO - Processing /home/airflow/.local/lib/python3.8/site-packages/airflow/example_dags/example_skip_dag.py took 0.050 seconds
[2024-04-09T16:49:48.662+0000] {processor.py:161} INFO - Started process (PID=1752) to work on /home/airflow/.local/lib/python3.8/site-packages/airflow/example_dags/example_skip_dag.py
[2024-04-09T16:49:48.664+0000] {processor.py:830} INFO - Processing file /home/airflow/.local/lib/python3.8/site-packages/airflow/example_dags/example_skip_dag.py for tasks to queue
[2024-04-09T16:49:48.666+0000] {logging_mixin.py:188} INFO - [2024-04-09T16:49:48.665+0000] {dagbag.py:540} INFO - Filling up the DagBag from /home/airflow/.local/lib/python3.8/site-packages/airflow/example_dags/example_skip_dag.py
[2024-04-09T16:49:48.670+0000] {processor.py:840} INFO - DAG(s) 'example_skip_dag' retrieved from /home/airflow/.local/lib/python3.8/site-packages/airflow/example_dags/example_skip_dag.py
[2024-04-09T16:49:48.682+0000] {logging_mixin.py:188} INFO - [2024-04-09T16:49:48.682+0000] {dag.py:3047} INFO - Sync 1 DAGs
[2024-04-09T16:49:48.696+0000] {logging_mixin.py:188} INFO - [2024-04-09T16:49:48.696+0000] {dag.py:3834} INFO - Setting next_dagrun for example_skip_dag to 2024-04-08 00:00:00+00:00, run_after=2024-04-09 00:00:00+00:00
[2024-04-09T16:49:48.704+0000] {processor.py:183} INFO - Processing /home/airflow/.local/lib/python3.8/site-packages/airflow/example_dags/example_skip_dag.py took 0.043 seconds
[2024-04-09T16:50:18.808+0000] {processor.py:161} INFO - Started process (PID=1809) to work on /home/airflow/.local/lib/python3.8/site-packages/airflow/example_dags/example_skip_dag.py
[2024-04-09T16:50:18.809+0000] {processor.py:830} INFO - Processing file /home/airflow/.local/lib/python3.8/site-packages/airflow/example_dags/example_skip_dag.py for tasks to queue
[2024-04-09T16:50:18.811+0000] {logging_mixin.py:188} INFO - [2024-04-09T16:50:18.811+0000] {dagbag.py:540} INFO - Filling up the DagBag from /home/airflow/.local/lib/python3.8/site-packages/airflow/example_dags/example_skip_dag.py
[2024-04-09T16:50:18.817+0000] {processor.py:840} INFO - DAG(s) 'example_skip_dag' retrieved from /home/airflow/.local/lib/python3.8/site-packages/airflow/example_dags/example_skip_dag.py
[2024-04-09T16:50:18.832+0000] {logging_mixin.py:188} INFO - [2024-04-09T16:50:18.832+0000] {dag.py:3047} INFO - Sync 1 DAGs
[2024-04-09T16:50:18.843+0000] {logging_mixin.py:188} INFO - [2024-04-09T16:50:18.843+0000] {dag.py:3834} INFO - Setting next_dagrun for example_skip_dag to 2024-04-08 00:00:00+00:00, run_after=2024-04-09 00:00:00+00:00
[2024-04-09T16:50:18.852+0000] {processor.py:183} INFO - Processing /home/airflow/.local/lib/python3.8/site-packages/airflow/example_dags/example_skip_dag.py took 0.047 seconds
[2024-04-09T16:50:48.876+0000] {processor.py:161} INFO - Started process (PID=1866) to work on /home/airflow/.local/lib/python3.8/site-packages/airflow/example_dags/example_skip_dag.py
[2024-04-09T16:50:48.876+0000] {processor.py:830} INFO - Processing file /home/airflow/.local/lib/python3.8/site-packages/airflow/example_dags/example_skip_dag.py for tasks to queue
[2024-04-09T16:50:48.878+0000] {logging_mixin.py:188} INFO - [2024-04-09T16:50:48.878+0000] {dagbag.py:540} INFO - Filling up the DagBag from /home/airflow/.local/lib/python3.8/site-packages/airflow/example_dags/example_skip_dag.py
[2024-04-09T16:50:48.882+0000] {processor.py:840} INFO - DAG(s) 'example_skip_dag' retrieved from /home/airflow/.local/lib/python3.8/site-packages/airflow/example_dags/example_skip_dag.py
[2024-04-09T16:50:48.896+0000] {logging_mixin.py:188} INFO - [2024-04-09T16:50:48.896+0000] {dag.py:3047} INFO - Sync 1 DAGs
[2024-04-09T16:50:48.907+0000] {logging_mixin.py:188} INFO - [2024-04-09T16:50:48.907+0000] {dag.py:3834} INFO - Setting next_dagrun for example_skip_dag to 2024-04-08 00:00:00+00:00, run_after=2024-04-09 00:00:00+00:00
[2024-04-09T16:50:48.915+0000] {processor.py:183} INFO - Processing /home/airflow/.local/lib/python3.8/site-packages/airflow/example_dags/example_skip_dag.py took 0.042 seconds
[2024-04-09T16:51:19.435+0000] {processor.py:161} INFO - Started process (PID=1924) to work on /home/airflow/.local/lib/python3.8/site-packages/airflow/example_dags/example_skip_dag.py
[2024-04-09T16:51:19.436+0000] {processor.py:830} INFO - Processing file /home/airflow/.local/lib/python3.8/site-packages/airflow/example_dags/example_skip_dag.py for tasks to queue
[2024-04-09T16:51:19.438+0000] {logging_mixin.py:188} INFO - [2024-04-09T16:51:19.437+0000] {dagbag.py:540} INFO - Filling up the DagBag from /home/airflow/.local/lib/python3.8/site-packages/airflow/example_dags/example_skip_dag.py
[2024-04-09T16:51:19.445+0000] {processor.py:840} INFO - DAG(s) 'example_skip_dag' retrieved from /home/airflow/.local/lib/python3.8/site-packages/airflow/example_dags/example_skip_dag.py
[2024-04-09T16:51:19.460+0000] {logging_mixin.py:188} INFO - [2024-04-09T16:51:19.460+0000] {dag.py:3047} INFO - Sync 1 DAGs
[2024-04-09T16:51:19.473+0000] {logging_mixin.py:188} INFO - [2024-04-09T16:51:19.473+0000] {dag.py:3834} INFO - Setting next_dagrun for example_skip_dag to 2024-04-08 00:00:00+00:00, run_after=2024-04-09 00:00:00+00:00
[2024-04-09T16:51:19.483+0000] {processor.py:183} INFO - Processing /home/airflow/.local/lib/python3.8/site-packages/airflow/example_dags/example_skip_dag.py took 0.051 seconds
[2024-04-09T16:51:49.498+0000] {processor.py:161} INFO - Started process (PID=1981) to work on /home/airflow/.local/lib/python3.8/site-packages/airflow/example_dags/example_skip_dag.py
[2024-04-09T16:51:49.498+0000] {processor.py:830} INFO - Processing file /home/airflow/.local/lib/python3.8/site-packages/airflow/example_dags/example_skip_dag.py for tasks to queue
[2024-04-09T16:51:49.500+0000] {logging_mixin.py:188} INFO - [2024-04-09T16:51:49.499+0000] {dagbag.py:540} INFO - Filling up the DagBag from /home/airflow/.local/lib/python3.8/site-packages/airflow/example_dags/example_skip_dag.py
[2024-04-09T16:51:49.505+0000] {processor.py:840} INFO - DAG(s) 'example_skip_dag' retrieved from /home/airflow/.local/lib/python3.8/site-packages/airflow/example_dags/example_skip_dag.py
[2024-04-09T16:51:49.523+0000] {logging_mixin.py:188} INFO - [2024-04-09T16:51:49.523+0000] {dag.py:3047} INFO - Sync 1 DAGs
[2024-04-09T16:51:49.534+0000] {logging_mixin.py:188} INFO - [2024-04-09T16:51:49.533+0000] {dag.py:3834} INFO - Setting next_dagrun for example_skip_dag to 2024-04-08 00:00:00+00:00, run_after=2024-04-09 00:00:00+00:00
[2024-04-09T16:51:49.541+0000] {processor.py:183} INFO - Processing /home/airflow/.local/lib/python3.8/site-packages/airflow/example_dags/example_skip_dag.py took 0.046 seconds
[2024-04-09T16:52:20.576+0000] {processor.py:161} INFO - Started process (PID=2044) to work on /home/airflow/.local/lib/python3.8/site-packages/airflow/example_dags/example_skip_dag.py
[2024-04-09T16:52:20.577+0000] {processor.py:830} INFO - Processing file /home/airflow/.local/lib/python3.8/site-packages/airflow/example_dags/example_skip_dag.py for tasks to queue
[2024-04-09T16:52:20.578+0000] {logging_mixin.py:188} INFO - [2024-04-09T16:52:20.578+0000] {dagbag.py:540} INFO - Filling up the DagBag from /home/airflow/.local/lib/python3.8/site-packages/airflow/example_dags/example_skip_dag.py
[2024-04-09T16:52:20.582+0000] {processor.py:840} INFO - DAG(s) 'example_skip_dag' retrieved from /home/airflow/.local/lib/python3.8/site-packages/airflow/example_dags/example_skip_dag.py
[2024-04-09T16:52:20.596+0000] {logging_mixin.py:188} INFO - [2024-04-09T16:52:20.596+0000] {dag.py:3047} INFO - Sync 1 DAGs
[2024-04-09T16:52:20.609+0000] {logging_mixin.py:188} INFO - [2024-04-09T16:52:20.609+0000] {dag.py:3834} INFO - Setting next_dagrun for example_skip_dag to 2024-04-08 00:00:00+00:00, run_after=2024-04-09 00:00:00+00:00
[2024-04-09T16:52:20.625+0000] {processor.py:183} INFO - Processing /home/airflow/.local/lib/python3.8/site-packages/airflow/example_dags/example_skip_dag.py took 0.053 seconds
[2024-04-09T16:52:50.911+0000] {processor.py:161} INFO - Started process (PID=2120) to work on /home/airflow/.local/lib/python3.8/site-packages/airflow/example_dags/example_skip_dag.py
[2024-04-09T16:52:50.911+0000] {processor.py:830} INFO - Processing file /home/airflow/.local/lib/python3.8/site-packages/airflow/example_dags/example_skip_dag.py for tasks to queue
[2024-04-09T16:52:50.912+0000] {logging_mixin.py:188} INFO - [2024-04-09T16:52:50.912+0000] {dagbag.py:540} INFO - Filling up the DagBag from /home/airflow/.local/lib/python3.8/site-packages/airflow/example_dags/example_skip_dag.py
[2024-04-09T16:52:50.915+0000] {processor.py:840} INFO - DAG(s) 'example_skip_dag' retrieved from /home/airflow/.local/lib/python3.8/site-packages/airflow/example_dags/example_skip_dag.py
[2024-04-09T16:52:50.930+0000] {logging_mixin.py:188} INFO - [2024-04-09T16:52:50.930+0000] {dag.py:3047} INFO - Sync 1 DAGs
[2024-04-09T16:52:50.946+0000] {logging_mixin.py:188} INFO - [2024-04-09T16:52:50.945+0000] {dag.py:3834} INFO - Setting next_dagrun for example_skip_dag to 2024-04-08 00:00:00+00:00, run_after=2024-04-09 00:00:00+00:00
[2024-04-09T16:52:50.954+0000] {processor.py:183} INFO - Processing /home/airflow/.local/lib/python3.8/site-packages/airflow/example_dags/example_skip_dag.py took 0.045 seconds
[2024-04-09T16:53:21.454+0000] {processor.py:161} INFO - Started process (PID=2204) to work on /home/airflow/.local/lib/python3.8/site-packages/airflow/example_dags/example_skip_dag.py
[2024-04-09T16:53:21.456+0000] {processor.py:830} INFO - Processing file /home/airflow/.local/lib/python3.8/site-packages/airflow/example_dags/example_skip_dag.py for tasks to queue
[2024-04-09T16:53:21.464+0000] {logging_mixin.py:188} INFO - [2024-04-09T16:53:21.463+0000] {dagbag.py:540} INFO - Filling up the DagBag from /home/airflow/.local/lib/python3.8/site-packages/airflow/example_dags/example_skip_dag.py
[2024-04-09T16:53:21.486+0000] {processor.py:840} INFO - DAG(s) 'example_skip_dag' retrieved from /home/airflow/.local/lib/python3.8/site-packages/airflow/example_dags/example_skip_dag.py
[2024-04-09T16:53:21.546+0000] {logging_mixin.py:188} INFO - [2024-04-09T16:53:21.545+0000] {dag.py:3047} INFO - Sync 1 DAGs
[2024-04-09T16:53:21.622+0000] {logging_mixin.py:188} INFO - [2024-04-09T16:53:21.621+0000] {dag.py:3834} INFO - Setting next_dagrun for example_skip_dag to 2024-04-08 00:00:00+00:00, run_after=2024-04-09 00:00:00+00:00
[2024-04-09T16:53:21.651+0000] {processor.py:183} INFO - Processing /home/airflow/.local/lib/python3.8/site-packages/airflow/example_dags/example_skip_dag.py took 0.215 seconds
[2024-04-09T16:53:54.481+0000] {processor.py:161} INFO - Started process (PID=2279) to work on /home/airflow/.local/lib/python3.8/site-packages/airflow/example_dags/example_skip_dag.py
[2024-04-09T16:53:54.487+0000] {processor.py:830} INFO - Processing file /home/airflow/.local/lib/python3.8/site-packages/airflow/example_dags/example_skip_dag.py for tasks to queue
[2024-04-09T16:53:54.491+0000] {logging_mixin.py:188} INFO - [2024-04-09T16:53:54.490+0000] {dagbag.py:540} INFO - Filling up the DagBag from /home/airflow/.local/lib/python3.8/site-packages/airflow/example_dags/example_skip_dag.py
[2024-04-09T16:53:54.551+0000] {processor.py:840} INFO - DAG(s) 'example_skip_dag' retrieved from /home/airflow/.local/lib/python3.8/site-packages/airflow/example_dags/example_skip_dag.py
[2024-04-09T16:53:54.625+0000] {logging_mixin.py:188} INFO - [2024-04-09T16:53:54.625+0000] {dag.py:3047} INFO - Sync 1 DAGs
[2024-04-09T16:53:54.694+0000] {logging_mixin.py:188} INFO - [2024-04-09T16:53:54.694+0000] {dag.py:3834} INFO - Setting next_dagrun for example_skip_dag to 2024-04-08 00:00:00+00:00, run_after=2024-04-09 00:00:00+00:00
[2024-04-09T16:53:54.761+0000] {processor.py:183} INFO - Processing /home/airflow/.local/lib/python3.8/site-packages/airflow/example_dags/example_skip_dag.py took 0.295 seconds
[2024-04-09T16:54:26.807+0000] {processor.py:161} INFO - Started process (PID=2349) to work on /home/airflow/.local/lib/python3.8/site-packages/airflow/example_dags/example_skip_dag.py
[2024-04-09T16:54:26.817+0000] {processor.py:830} INFO - Processing file /home/airflow/.local/lib/python3.8/site-packages/airflow/example_dags/example_skip_dag.py for tasks to queue
[2024-04-09T16:54:26.835+0000] {logging_mixin.py:188} INFO - [2024-04-09T16:54:26.830+0000] {dagbag.py:540} INFO - Filling up the DagBag from /home/airflow/.local/lib/python3.8/site-packages/airflow/example_dags/example_skip_dag.py
[2024-04-09T16:54:26.882+0000] {processor.py:840} INFO - DAG(s) 'example_skip_dag' retrieved from /home/airflow/.local/lib/python3.8/site-packages/airflow/example_dags/example_skip_dag.py
[2024-04-09T16:54:27.055+0000] {logging_mixin.py:188} INFO - [2024-04-09T16:54:27.053+0000] {dag.py:3047} INFO - Sync 1 DAGs
[2024-04-09T16:54:27.170+0000] {logging_mixin.py:188} INFO - [2024-04-09T16:54:27.169+0000] {dag.py:3834} INFO - Setting next_dagrun for example_skip_dag to 2024-04-08 00:00:00+00:00, run_after=2024-04-09 00:00:00+00:00
[2024-04-09T16:54:27.213+0000] {processor.py:183} INFO - Processing /home/airflow/.local/lib/python3.8/site-packages/airflow/example_dags/example_skip_dag.py took 0.433 seconds
