[2024-04-09T16:35:19.647+0000] {processor.py:161} INFO - Started process (PID=81) to work on /home/airflow/.local/lib/python3.8/site-packages/airflow/example_dags/example_bash_operator.py
[2024-04-09T16:35:19.650+0000] {processor.py:830} INFO - Processing file /home/airflow/.local/lib/python3.8/site-packages/airflow/example_dags/example_bash_operator.py for tasks to queue
[2024-04-09T16:35:19.660+0000] {logging_mixin.py:188} INFO - [2024-04-09T16:35:19.659+0000] {dagbag.py:540} INFO - Filling up the DagBag from /home/airflow/.local/lib/python3.8/site-packages/airflow/example_dags/example_bash_operator.py
[2024-04-09T16:35:19.725+0000] {processor.py:840} INFO - DAG(s) 'example_bash_operator' retrieved from /home/airflow/.local/lib/python3.8/site-packages/airflow/example_dags/example_bash_operator.py
[2024-04-09T16:35:19.753+0000] {logging_mixin.py:188} INFO - [2024-04-09T16:35:19.753+0000] {dag.py:3047} INFO - Sync 1 DAGs
[2024-04-09T16:35:19.829+0000] {logging_mixin.py:188} INFO - [2024-04-09T16:35:19.828+0000] {dag.py:3834} INFO - Setting next_dagrun for example_bash_operator to 2024-04-08 00:00:00+00:00, run_after=2024-04-09 00:00:00+00:00
[2024-04-09T16:35:19.866+0000] {processor.py:183} INFO - Processing /home/airflow/.local/lib/python3.8/site-packages/airflow/example_dags/example_bash_operator.py took 0.227 seconds
[2024-04-09T16:35:50.508+0000] {processor.py:161} INFO - Started process (PID=138) to work on /home/airflow/.local/lib/python3.8/site-packages/airflow/example_dags/example_bash_operator.py
[2024-04-09T16:35:50.510+0000] {processor.py:830} INFO - Processing file /home/airflow/.local/lib/python3.8/site-packages/airflow/example_dags/example_bash_operator.py for tasks to queue
[2024-04-09T16:35:50.511+0000] {logging_mixin.py:188} INFO - [2024-04-09T16:35:50.511+0000] {dagbag.py:540} INFO - Filling up the DagBag from /home/airflow/.local/lib/python3.8/site-packages/airflow/example_dags/example_bash_operator.py
[2024-04-09T16:35:50.521+0000] {processor.py:840} INFO - DAG(s) 'example_bash_operator' retrieved from /home/airflow/.local/lib/python3.8/site-packages/airflow/example_dags/example_bash_operator.py
[2024-04-09T16:35:50.582+0000] {logging_mixin.py:188} INFO - [2024-04-09T16:35:50.582+0000] {dag.py:3047} INFO - Sync 1 DAGs
[2024-04-09T16:35:50.600+0000] {logging_mixin.py:188} INFO - [2024-04-09T16:35:50.600+0000] {dag.py:3834} INFO - Setting next_dagrun for example_bash_operator to 2024-04-08 00:00:00+00:00, run_after=2024-04-09 00:00:00+00:00
[2024-04-09T16:35:50.610+0000] {processor.py:183} INFO - Processing /home/airflow/.local/lib/python3.8/site-packages/airflow/example_dags/example_bash_operator.py took 0.105 seconds
[2024-04-09T16:36:20.656+0000] {processor.py:161} INFO - Started process (PID=195) to work on /home/airflow/.local/lib/python3.8/site-packages/airflow/example_dags/example_bash_operator.py
[2024-04-09T16:36:20.657+0000] {processor.py:830} INFO - Processing file /home/airflow/.local/lib/python3.8/site-packages/airflow/example_dags/example_bash_operator.py for tasks to queue
[2024-04-09T16:36:20.658+0000] {logging_mixin.py:188} INFO - [2024-04-09T16:36:20.658+0000] {dagbag.py:540} INFO - Filling up the DagBag from /home/airflow/.local/lib/python3.8/site-packages/airflow/example_dags/example_bash_operator.py
[2024-04-09T16:36:20.663+0000] {processor.py:840} INFO - DAG(s) 'example_bash_operator' retrieved from /home/airflow/.local/lib/python3.8/site-packages/airflow/example_dags/example_bash_operator.py
[2024-04-09T16:36:20.676+0000] {logging_mixin.py:188} INFO - [2024-04-09T16:36:20.675+0000] {dag.py:3047} INFO - Sync 1 DAGs
[2024-04-09T16:36:20.685+0000] {logging_mixin.py:188} INFO - [2024-04-09T16:36:20.685+0000] {dag.py:3834} INFO - Setting next_dagrun for example_bash_operator to 2024-04-08 00:00:00+00:00, run_after=2024-04-09 00:00:00+00:00
[2024-04-09T16:36:20.692+0000] {processor.py:183} INFO - Processing /home/airflow/.local/lib/python3.8/site-packages/airflow/example_dags/example_bash_operator.py took 0.037 seconds
[2024-04-09T16:36:51.518+0000] {processor.py:161} INFO - Started process (PID=252) to work on /home/airflow/.local/lib/python3.8/site-packages/airflow/example_dags/example_bash_operator.py
[2024-04-09T16:36:51.520+0000] {processor.py:830} INFO - Processing file /home/airflow/.local/lib/python3.8/site-packages/airflow/example_dags/example_bash_operator.py for tasks to queue
[2024-04-09T16:36:51.521+0000] {logging_mixin.py:188} INFO - [2024-04-09T16:36:51.521+0000] {dagbag.py:540} INFO - Filling up the DagBag from /home/airflow/.local/lib/python3.8/site-packages/airflow/example_dags/example_bash_operator.py
[2024-04-09T16:36:51.529+0000] {processor.py:840} INFO - DAG(s) 'example_bash_operator' retrieved from /home/airflow/.local/lib/python3.8/site-packages/airflow/example_dags/example_bash_operator.py
[2024-04-09T16:36:51.543+0000] {logging_mixin.py:188} INFO - [2024-04-09T16:36:51.543+0000] {dag.py:3047} INFO - Sync 1 DAGs
[2024-04-09T16:36:51.554+0000] {logging_mixin.py:188} INFO - [2024-04-09T16:36:51.554+0000] {dag.py:3834} INFO - Setting next_dagrun for example_bash_operator to 2024-04-08 00:00:00+00:00, run_after=2024-04-09 00:00:00+00:00
[2024-04-09T16:36:51.562+0000] {processor.py:183} INFO - Processing /home/airflow/.local/lib/python3.8/site-packages/airflow/example_dags/example_bash_operator.py took 0.048 seconds
[2024-04-09T16:37:22.421+0000] {processor.py:161} INFO - Started process (PID=309) to work on /home/airflow/.local/lib/python3.8/site-packages/airflow/example_dags/example_bash_operator.py
[2024-04-09T16:37:22.423+0000] {processor.py:830} INFO - Processing file /home/airflow/.local/lib/python3.8/site-packages/airflow/example_dags/example_bash_operator.py for tasks to queue
[2024-04-09T16:37:22.425+0000] {logging_mixin.py:188} INFO - [2024-04-09T16:37:22.424+0000] {dagbag.py:540} INFO - Filling up the DagBag from /home/airflow/.local/lib/python3.8/site-packages/airflow/example_dags/example_bash_operator.py
[2024-04-09T16:37:22.437+0000] {processor.py:840} INFO - DAG(s) 'example_bash_operator' retrieved from /home/airflow/.local/lib/python3.8/site-packages/airflow/example_dags/example_bash_operator.py
[2024-04-09T16:37:22.457+0000] {logging_mixin.py:188} INFO - [2024-04-09T16:37:22.457+0000] {dag.py:3047} INFO - Sync 1 DAGs
[2024-04-09T16:37:22.469+0000] {logging_mixin.py:188} INFO - [2024-04-09T16:37:22.469+0000] {dag.py:3834} INFO - Setting next_dagrun for example_bash_operator to 2024-04-08 00:00:00+00:00, run_after=2024-04-09 00:00:00+00:00
[2024-04-09T16:37:22.478+0000] {processor.py:183} INFO - Processing /home/airflow/.local/lib/python3.8/site-packages/airflow/example_dags/example_bash_operator.py took 0.059 seconds
[2024-04-09T16:37:53.287+0000] {processor.py:161} INFO - Started process (PID=366) to work on /home/airflow/.local/lib/python3.8/site-packages/airflow/example_dags/example_bash_operator.py
[2024-04-09T16:37:53.288+0000] {processor.py:830} INFO - Processing file /home/airflow/.local/lib/python3.8/site-packages/airflow/example_dags/example_bash_operator.py for tasks to queue
[2024-04-09T16:37:53.290+0000] {logging_mixin.py:188} INFO - [2024-04-09T16:37:53.290+0000] {dagbag.py:540} INFO - Filling up the DagBag from /home/airflow/.local/lib/python3.8/site-packages/airflow/example_dags/example_bash_operator.py
[2024-04-09T16:37:53.300+0000] {processor.py:840} INFO - DAG(s) 'example_bash_operator' retrieved from /home/airflow/.local/lib/python3.8/site-packages/airflow/example_dags/example_bash_operator.py
[2024-04-09T16:37:53.321+0000] {logging_mixin.py:188} INFO - [2024-04-09T16:37:53.321+0000] {dag.py:3047} INFO - Sync 1 DAGs
[2024-04-09T16:37:53.332+0000] {logging_mixin.py:188} INFO - [2024-04-09T16:37:53.332+0000] {dag.py:3834} INFO - Setting next_dagrun for example_bash_operator to 2024-04-08 00:00:00+00:00, run_after=2024-04-09 00:00:00+00:00
[2024-04-09T16:37:53.340+0000] {processor.py:183} INFO - Processing /home/airflow/.local/lib/python3.8/site-packages/airflow/example_dags/example_bash_operator.py took 0.056 seconds
[2024-04-09T16:38:24.064+0000] {processor.py:161} INFO - Started process (PID=423) to work on /home/airflow/.local/lib/python3.8/site-packages/airflow/example_dags/example_bash_operator.py
[2024-04-09T16:38:24.065+0000] {processor.py:830} INFO - Processing file /home/airflow/.local/lib/python3.8/site-packages/airflow/example_dags/example_bash_operator.py for tasks to queue
[2024-04-09T16:38:24.066+0000] {logging_mixin.py:188} INFO - [2024-04-09T16:38:24.066+0000] {dagbag.py:540} INFO - Filling up the DagBag from /home/airflow/.local/lib/python3.8/site-packages/airflow/example_dags/example_bash_operator.py
[2024-04-09T16:38:24.074+0000] {processor.py:840} INFO - DAG(s) 'example_bash_operator' retrieved from /home/airflow/.local/lib/python3.8/site-packages/airflow/example_dags/example_bash_operator.py
[2024-04-09T16:38:24.091+0000] {logging_mixin.py:188} INFO - [2024-04-09T16:38:24.091+0000] {dag.py:3047} INFO - Sync 1 DAGs
[2024-04-09T16:38:24.103+0000] {logging_mixin.py:188} INFO - [2024-04-09T16:38:24.103+0000] {dag.py:3834} INFO - Setting next_dagrun for example_bash_operator to 2024-04-08 00:00:00+00:00, run_after=2024-04-09 00:00:00+00:00
[2024-04-09T16:38:24.112+0000] {processor.py:183} INFO - Processing /home/airflow/.local/lib/python3.8/site-packages/airflow/example_dags/example_bash_operator.py took 0.051 seconds
[2024-04-09T16:38:54.811+0000] {processor.py:161} INFO - Started process (PID=480) to work on /home/airflow/.local/lib/python3.8/site-packages/airflow/example_dags/example_bash_operator.py
[2024-04-09T16:38:54.812+0000] {processor.py:830} INFO - Processing file /home/airflow/.local/lib/python3.8/site-packages/airflow/example_dags/example_bash_operator.py for tasks to queue
[2024-04-09T16:38:54.814+0000] {logging_mixin.py:188} INFO - [2024-04-09T16:38:54.813+0000] {dagbag.py:540} INFO - Filling up the DagBag from /home/airflow/.local/lib/python3.8/site-packages/airflow/example_dags/example_bash_operator.py
[2024-04-09T16:38:54.823+0000] {processor.py:840} INFO - DAG(s) 'example_bash_operator' retrieved from /home/airflow/.local/lib/python3.8/site-packages/airflow/example_dags/example_bash_operator.py
[2024-04-09T16:38:54.840+0000] {logging_mixin.py:188} INFO - [2024-04-09T16:38:54.840+0000] {dag.py:3047} INFO - Sync 1 DAGs
[2024-04-09T16:38:54.852+0000] {logging_mixin.py:188} INFO - [2024-04-09T16:38:54.851+0000] {dag.py:3834} INFO - Setting next_dagrun for example_bash_operator to 2024-04-08 00:00:00+00:00, run_after=2024-04-09 00:00:00+00:00
[2024-04-09T16:38:54.860+0000] {processor.py:183} INFO - Processing /home/airflow/.local/lib/python3.8/site-packages/airflow/example_dags/example_bash_operator.py took 0.052 seconds
[2024-04-09T16:39:25.672+0000] {processor.py:161} INFO - Started process (PID=537) to work on /home/airflow/.local/lib/python3.8/site-packages/airflow/example_dags/example_bash_operator.py
[2024-04-09T16:39:25.673+0000] {processor.py:830} INFO - Processing file /home/airflow/.local/lib/python3.8/site-packages/airflow/example_dags/example_bash_operator.py for tasks to queue
[2024-04-09T16:39:25.674+0000] {logging_mixin.py:188} INFO - [2024-04-09T16:39:25.674+0000] {dagbag.py:540} INFO - Filling up the DagBag from /home/airflow/.local/lib/python3.8/site-packages/airflow/example_dags/example_bash_operator.py
[2024-04-09T16:39:25.684+0000] {processor.py:840} INFO - DAG(s) 'example_bash_operator' retrieved from /home/airflow/.local/lib/python3.8/site-packages/airflow/example_dags/example_bash_operator.py
[2024-04-09T16:39:25.704+0000] {logging_mixin.py:188} INFO - [2024-04-09T16:39:25.704+0000] {dag.py:3047} INFO - Sync 1 DAGs
[2024-04-09T16:39:25.715+0000] {logging_mixin.py:188} INFO - [2024-04-09T16:39:25.715+0000] {dag.py:3834} INFO - Setting next_dagrun for example_bash_operator to 2024-04-08 00:00:00+00:00, run_after=2024-04-09 00:00:00+00:00
[2024-04-09T16:39:25.724+0000] {processor.py:183} INFO - Processing /home/airflow/.local/lib/python3.8/site-packages/airflow/example_dags/example_bash_operator.py took 0.056 seconds
[2024-04-09T16:39:56.004+0000] {processor.py:161} INFO - Started process (PID=594) to work on /home/airflow/.local/lib/python3.8/site-packages/airflow/example_dags/example_bash_operator.py
[2024-04-09T16:39:56.005+0000] {processor.py:830} INFO - Processing file /home/airflow/.local/lib/python3.8/site-packages/airflow/example_dags/example_bash_operator.py for tasks to queue
[2024-04-09T16:39:56.006+0000] {logging_mixin.py:188} INFO - [2024-04-09T16:39:56.006+0000] {dagbag.py:540} INFO - Filling up the DagBag from /home/airflow/.local/lib/python3.8/site-packages/airflow/example_dags/example_bash_operator.py
[2024-04-09T16:39:56.015+0000] {processor.py:840} INFO - DAG(s) 'example_bash_operator' retrieved from /home/airflow/.local/lib/python3.8/site-packages/airflow/example_dags/example_bash_operator.py
[2024-04-09T16:39:56.035+0000] {logging_mixin.py:188} INFO - [2024-04-09T16:39:56.035+0000] {dag.py:3047} INFO - Sync 1 DAGs
[2024-04-09T16:39:56.052+0000] {logging_mixin.py:188} INFO - [2024-04-09T16:39:56.052+0000] {dag.py:3834} INFO - Setting next_dagrun for example_bash_operator to 2024-04-08 00:00:00+00:00, run_after=2024-04-09 00:00:00+00:00
[2024-04-09T16:39:56.061+0000] {processor.py:183} INFO - Processing /home/airflow/.local/lib/python3.8/site-packages/airflow/example_dags/example_bash_operator.py took 0.060 seconds
[2024-04-09T16:40:26.166+0000] {processor.py:161} INFO - Started process (PID=651) to work on /home/airflow/.local/lib/python3.8/site-packages/airflow/example_dags/example_bash_operator.py
[2024-04-09T16:40:26.167+0000] {processor.py:830} INFO - Processing file /home/airflow/.local/lib/python3.8/site-packages/airflow/example_dags/example_bash_operator.py for tasks to queue
[2024-04-09T16:40:26.169+0000] {logging_mixin.py:188} INFO - [2024-04-09T16:40:26.169+0000] {dagbag.py:540} INFO - Filling up the DagBag from /home/airflow/.local/lib/python3.8/site-packages/airflow/example_dags/example_bash_operator.py
[2024-04-09T16:40:26.182+0000] {processor.py:840} INFO - DAG(s) 'example_bash_operator' retrieved from /home/airflow/.local/lib/python3.8/site-packages/airflow/example_dags/example_bash_operator.py
[2024-04-09T16:40:26.203+0000] {logging_mixin.py:188} INFO - [2024-04-09T16:40:26.203+0000] {dag.py:3047} INFO - Sync 1 DAGs
[2024-04-09T16:40:26.215+0000] {logging_mixin.py:188} INFO - [2024-04-09T16:40:26.215+0000] {dag.py:3834} INFO - Setting next_dagrun for example_bash_operator to 2024-04-08 00:00:00+00:00, run_after=2024-04-09 00:00:00+00:00
[2024-04-09T16:40:26.223+0000] {processor.py:183} INFO - Processing /home/airflow/.local/lib/python3.8/site-packages/airflow/example_dags/example_bash_operator.py took 0.061 seconds
[2024-04-09T16:40:56.318+0000] {processor.py:161} INFO - Started process (PID=709) to work on /home/airflow/.local/lib/python3.8/site-packages/airflow/example_dags/example_bash_operator.py
[2024-04-09T16:40:56.319+0000] {processor.py:830} INFO - Processing file /home/airflow/.local/lib/python3.8/site-packages/airflow/example_dags/example_bash_operator.py for tasks to queue
[2024-04-09T16:40:56.319+0000] {logging_mixin.py:188} INFO - [2024-04-09T16:40:56.319+0000] {dagbag.py:540} INFO - Filling up the DagBag from /home/airflow/.local/lib/python3.8/site-packages/airflow/example_dags/example_bash_operator.py
[2024-04-09T16:40:56.324+0000] {processor.py:840} INFO - DAG(s) 'example_bash_operator' retrieved from /home/airflow/.local/lib/python3.8/site-packages/airflow/example_dags/example_bash_operator.py
[2024-04-09T16:40:56.336+0000] {logging_mixin.py:188} INFO - [2024-04-09T16:40:56.336+0000] {dag.py:3047} INFO - Sync 1 DAGs
[2024-04-09T16:40:56.346+0000] {logging_mixin.py:188} INFO - [2024-04-09T16:40:56.345+0000] {dag.py:3834} INFO - Setting next_dagrun for example_bash_operator to 2024-04-08 00:00:00+00:00, run_after=2024-04-09 00:00:00+00:00
[2024-04-09T16:40:56.352+0000] {processor.py:183} INFO - Processing /home/airflow/.local/lib/python3.8/site-packages/airflow/example_dags/example_bash_operator.py took 0.036 seconds
[2024-04-09T16:41:26.439+0000] {processor.py:161} INFO - Started process (PID=766) to work on /home/airflow/.local/lib/python3.8/site-packages/airflow/example_dags/example_bash_operator.py
[2024-04-09T16:41:26.440+0000] {processor.py:830} INFO - Processing file /home/airflow/.local/lib/python3.8/site-packages/airflow/example_dags/example_bash_operator.py for tasks to queue
[2024-04-09T16:41:26.440+0000] {logging_mixin.py:188} INFO - [2024-04-09T16:41:26.440+0000] {dagbag.py:540} INFO - Filling up the DagBag from /home/airflow/.local/lib/python3.8/site-packages/airflow/example_dags/example_bash_operator.py
[2024-04-09T16:41:26.446+0000] {processor.py:840} INFO - DAG(s) 'example_bash_operator' retrieved from /home/airflow/.local/lib/python3.8/site-packages/airflow/example_dags/example_bash_operator.py
[2024-04-09T16:41:26.460+0000] {logging_mixin.py:188} INFO - [2024-04-09T16:41:26.460+0000] {dag.py:3047} INFO - Sync 1 DAGs
[2024-04-09T16:41:26.475+0000] {logging_mixin.py:188} INFO - [2024-04-09T16:41:26.474+0000] {dag.py:3834} INFO - Setting next_dagrun for example_bash_operator to 2024-04-08 00:00:00+00:00, run_after=2024-04-09 00:00:00+00:00
[2024-04-09T16:41:26.487+0000] {processor.py:183} INFO - Processing /home/airflow/.local/lib/python3.8/site-packages/airflow/example_dags/example_bash_operator.py took 0.049 seconds
[2024-04-09T16:41:56.788+0000] {processor.py:161} INFO - Started process (PID=822) to work on /home/airflow/.local/lib/python3.8/site-packages/airflow/example_dags/example_bash_operator.py
[2024-04-09T16:41:56.789+0000] {processor.py:830} INFO - Processing file /home/airflow/.local/lib/python3.8/site-packages/airflow/example_dags/example_bash_operator.py for tasks to queue
[2024-04-09T16:41:56.790+0000] {logging_mixin.py:188} INFO - [2024-04-09T16:41:56.790+0000] {dagbag.py:540} INFO - Filling up the DagBag from /home/airflow/.local/lib/python3.8/site-packages/airflow/example_dags/example_bash_operator.py
[2024-04-09T16:41:56.795+0000] {processor.py:840} INFO - DAG(s) 'example_bash_operator' retrieved from /home/airflow/.local/lib/python3.8/site-packages/airflow/example_dags/example_bash_operator.py
[2024-04-09T16:41:56.806+0000] {logging_mixin.py:188} INFO - [2024-04-09T16:41:56.806+0000] {dag.py:3047} INFO - Sync 1 DAGs
[2024-04-09T16:41:56.816+0000] {logging_mixin.py:188} INFO - [2024-04-09T16:41:56.816+0000] {dag.py:3834} INFO - Setting next_dagrun for example_bash_operator to 2024-04-08 00:00:00+00:00, run_after=2024-04-09 00:00:00+00:00
[2024-04-09T16:41:56.823+0000] {processor.py:183} INFO - Processing /home/airflow/.local/lib/python3.8/site-packages/airflow/example_dags/example_bash_operator.py took 0.036 seconds
[2024-04-09T16:42:27.667+0000] {processor.py:161} INFO - Started process (PID=882) to work on /home/airflow/.local/lib/python3.8/site-packages/airflow/example_dags/example_bash_operator.py
[2024-04-09T16:42:27.668+0000] {processor.py:830} INFO - Processing file /home/airflow/.local/lib/python3.8/site-packages/airflow/example_dags/example_bash_operator.py for tasks to queue
[2024-04-09T16:42:27.669+0000] {logging_mixin.py:188} INFO - [2024-04-09T16:42:27.668+0000] {dagbag.py:540} INFO - Filling up the DagBag from /home/airflow/.local/lib/python3.8/site-packages/airflow/example_dags/example_bash_operator.py
[2024-04-09T16:42:27.674+0000] {processor.py:840} INFO - DAG(s) 'example_bash_operator' retrieved from /home/airflow/.local/lib/python3.8/site-packages/airflow/example_dags/example_bash_operator.py
[2024-04-09T16:42:27.686+0000] {logging_mixin.py:188} INFO - [2024-04-09T16:42:27.686+0000] {dag.py:3047} INFO - Sync 1 DAGs
[2024-04-09T16:42:27.696+0000] {logging_mixin.py:188} INFO - [2024-04-09T16:42:27.696+0000] {dag.py:3834} INFO - Setting next_dagrun for example_bash_operator to 2024-04-08 00:00:00+00:00, run_after=2024-04-09 00:00:00+00:00
[2024-04-09T16:42:27.704+0000] {processor.py:183} INFO - Processing /home/airflow/.local/lib/python3.8/site-packages/airflow/example_dags/example_bash_operator.py took 0.038 seconds
[2024-04-09T16:42:58.462+0000] {processor.py:161} INFO - Started process (PID=946) to work on /home/airflow/.local/lib/python3.8/site-packages/airflow/example_dags/example_bash_operator.py
[2024-04-09T16:42:58.462+0000] {processor.py:830} INFO - Processing file /home/airflow/.local/lib/python3.8/site-packages/airflow/example_dags/example_bash_operator.py for tasks to queue
[2024-04-09T16:42:58.463+0000] {logging_mixin.py:188} INFO - [2024-04-09T16:42:58.463+0000] {dagbag.py:540} INFO - Filling up the DagBag from /home/airflow/.local/lib/python3.8/site-packages/airflow/example_dags/example_bash_operator.py
[2024-04-09T16:42:58.468+0000] {processor.py:840} INFO - DAG(s) 'example_bash_operator' retrieved from /home/airflow/.local/lib/python3.8/site-packages/airflow/example_dags/example_bash_operator.py
[2024-04-09T16:42:58.480+0000] {logging_mixin.py:188} INFO - [2024-04-09T16:42:58.480+0000] {dag.py:3047} INFO - Sync 1 DAGs
[2024-04-09T16:42:58.490+0000] {logging_mixin.py:188} INFO - [2024-04-09T16:42:58.490+0000] {dag.py:3834} INFO - Setting next_dagrun for example_bash_operator to 2024-04-08 00:00:00+00:00, run_after=2024-04-09 00:00:00+00:00
[2024-04-09T16:42:58.497+0000] {processor.py:183} INFO - Processing /home/airflow/.local/lib/python3.8/site-packages/airflow/example_dags/example_bash_operator.py took 0.036 seconds
[2024-04-09T16:43:29.560+0000] {processor.py:161} INFO - Started process (PID=1004) to work on /home/airflow/.local/lib/python3.8/site-packages/airflow/example_dags/example_bash_operator.py
[2024-04-09T16:43:29.561+0000] {processor.py:830} INFO - Processing file /home/airflow/.local/lib/python3.8/site-packages/airflow/example_dags/example_bash_operator.py for tasks to queue
[2024-04-09T16:43:29.561+0000] {logging_mixin.py:188} INFO - [2024-04-09T16:43:29.561+0000] {dagbag.py:540} INFO - Filling up the DagBag from /home/airflow/.local/lib/python3.8/site-packages/airflow/example_dags/example_bash_operator.py
[2024-04-09T16:43:29.567+0000] {processor.py:840} INFO - DAG(s) 'example_bash_operator' retrieved from /home/airflow/.local/lib/python3.8/site-packages/airflow/example_dags/example_bash_operator.py
[2024-04-09T16:43:29.582+0000] {logging_mixin.py:188} INFO - [2024-04-09T16:43:29.582+0000] {dag.py:3047} INFO - Sync 1 DAGs
[2024-04-09T16:43:29.595+0000] {logging_mixin.py:188} INFO - [2024-04-09T16:43:29.595+0000] {dag.py:3834} INFO - Setting next_dagrun for example_bash_operator to 2024-04-08 00:00:00+00:00, run_after=2024-04-09 00:00:00+00:00
[2024-04-09T16:43:29.603+0000] {processor.py:183} INFO - Processing /home/airflow/.local/lib/python3.8/site-packages/airflow/example_dags/example_bash_operator.py took 0.045 seconds
[2024-04-09T16:44:00.537+0000] {processor.py:161} INFO - Started process (PID=1062) to work on /home/airflow/.local/lib/python3.8/site-packages/airflow/example_dags/example_bash_operator.py
[2024-04-09T16:44:00.538+0000] {processor.py:830} INFO - Processing file /home/airflow/.local/lib/python3.8/site-packages/airflow/example_dags/example_bash_operator.py for tasks to queue
[2024-04-09T16:44:00.538+0000] {logging_mixin.py:188} INFO - [2024-04-09T16:44:00.538+0000] {dagbag.py:540} INFO - Filling up the DagBag from /home/airflow/.local/lib/python3.8/site-packages/airflow/example_dags/example_bash_operator.py
[2024-04-09T16:44:00.544+0000] {processor.py:840} INFO - DAG(s) 'example_bash_operator' retrieved from /home/airflow/.local/lib/python3.8/site-packages/airflow/example_dags/example_bash_operator.py
[2024-04-09T16:44:00.556+0000] {logging_mixin.py:188} INFO - [2024-04-09T16:44:00.556+0000] {dag.py:3047} INFO - Sync 1 DAGs
[2024-04-09T16:44:00.566+0000] {logging_mixin.py:188} INFO - [2024-04-09T16:44:00.566+0000] {dag.py:3834} INFO - Setting next_dagrun for example_bash_operator to 2024-04-08 00:00:00+00:00, run_after=2024-04-09 00:00:00+00:00
[2024-04-09T16:44:00.574+0000] {processor.py:183} INFO - Processing /home/airflow/.local/lib/python3.8/site-packages/airflow/example_dags/example_bash_operator.py took 0.038 seconds
[2024-04-09T16:44:30.634+0000] {processor.py:161} INFO - Started process (PID=1120) to work on /home/airflow/.local/lib/python3.8/site-packages/airflow/example_dags/example_bash_operator.py
[2024-04-09T16:44:30.635+0000] {processor.py:830} INFO - Processing file /home/airflow/.local/lib/python3.8/site-packages/airflow/example_dags/example_bash_operator.py for tasks to queue
[2024-04-09T16:44:30.636+0000] {logging_mixin.py:188} INFO - [2024-04-09T16:44:30.636+0000] {dagbag.py:540} INFO - Filling up the DagBag from /home/airflow/.local/lib/python3.8/site-packages/airflow/example_dags/example_bash_operator.py
[2024-04-09T16:44:30.641+0000] {processor.py:840} INFO - DAG(s) 'example_bash_operator' retrieved from /home/airflow/.local/lib/python3.8/site-packages/airflow/example_dags/example_bash_operator.py
[2024-04-09T16:44:30.654+0000] {logging_mixin.py:188} INFO - [2024-04-09T16:44:30.654+0000] {dag.py:3047} INFO - Sync 1 DAGs
[2024-04-09T16:44:30.666+0000] {logging_mixin.py:188} INFO - [2024-04-09T16:44:30.666+0000] {dag.py:3834} INFO - Setting next_dagrun for example_bash_operator to 2024-04-08 00:00:00+00:00, run_after=2024-04-09 00:00:00+00:00
[2024-04-09T16:44:30.682+0000] {processor.py:183} INFO - Processing /home/airflow/.local/lib/python3.8/site-packages/airflow/example_dags/example_bash_operator.py took 0.049 seconds
[2024-04-09T16:45:00.806+0000] {processor.py:161} INFO - Started process (PID=1176) to work on /home/airflow/.local/lib/python3.8/site-packages/airflow/example_dags/example_bash_operator.py
[2024-04-09T16:45:00.806+0000] {processor.py:830} INFO - Processing file /home/airflow/.local/lib/python3.8/site-packages/airflow/example_dags/example_bash_operator.py for tasks to queue
[2024-04-09T16:45:00.807+0000] {logging_mixin.py:188} INFO - [2024-04-09T16:45:00.807+0000] {dagbag.py:540} INFO - Filling up the DagBag from /home/airflow/.local/lib/python3.8/site-packages/airflow/example_dags/example_bash_operator.py
[2024-04-09T16:45:00.812+0000] {processor.py:840} INFO - DAG(s) 'example_bash_operator' retrieved from /home/airflow/.local/lib/python3.8/site-packages/airflow/example_dags/example_bash_operator.py
[2024-04-09T16:45:00.824+0000] {logging_mixin.py:188} INFO - [2024-04-09T16:45:00.824+0000] {dag.py:3047} INFO - Sync 1 DAGs
[2024-04-09T16:45:00.833+0000] {logging_mixin.py:188} INFO - [2024-04-09T16:45:00.833+0000] {dag.py:3834} INFO - Setting next_dagrun for example_bash_operator to 2024-04-08 00:00:00+00:00, run_after=2024-04-09 00:00:00+00:00
[2024-04-09T16:45:00.840+0000] {processor.py:183} INFO - Processing /home/airflow/.local/lib/python3.8/site-packages/airflow/example_dags/example_bash_operator.py took 0.036 seconds
[2024-04-09T16:45:31.189+0000] {processor.py:161} INFO - Started process (PID=1234) to work on /home/airflow/.local/lib/python3.8/site-packages/airflow/example_dags/example_bash_operator.py
[2024-04-09T16:45:31.190+0000] {processor.py:830} INFO - Processing file /home/airflow/.local/lib/python3.8/site-packages/airflow/example_dags/example_bash_operator.py for tasks to queue
[2024-04-09T16:45:31.191+0000] {logging_mixin.py:188} INFO - [2024-04-09T16:45:31.191+0000] {dagbag.py:540} INFO - Filling up the DagBag from /home/airflow/.local/lib/python3.8/site-packages/airflow/example_dags/example_bash_operator.py
[2024-04-09T16:45:31.196+0000] {processor.py:840} INFO - DAG(s) 'example_bash_operator' retrieved from /home/airflow/.local/lib/python3.8/site-packages/airflow/example_dags/example_bash_operator.py
[2024-04-09T16:45:31.208+0000] {logging_mixin.py:188} INFO - [2024-04-09T16:45:31.208+0000] {dag.py:3047} INFO - Sync 1 DAGs
[2024-04-09T16:45:31.218+0000] {logging_mixin.py:188} INFO - [2024-04-09T16:45:31.217+0000] {dag.py:3834} INFO - Setting next_dagrun for example_bash_operator to 2024-04-08 00:00:00+00:00, run_after=2024-04-09 00:00:00+00:00
[2024-04-09T16:45:31.224+0000] {processor.py:183} INFO - Processing /home/airflow/.local/lib/python3.8/site-packages/airflow/example_dags/example_bash_operator.py took 0.037 seconds
[2024-04-09T16:46:02.885+0000] {processor.py:161} INFO - Started process (PID=1299) to work on /home/airflow/.local/lib/python3.8/site-packages/airflow/example_dags/example_bash_operator.py
[2024-04-09T16:46:02.890+0000] {processor.py:830} INFO - Processing file /home/airflow/.local/lib/python3.8/site-packages/airflow/example_dags/example_bash_operator.py for tasks to queue
[2024-04-09T16:46:02.891+0000] {logging_mixin.py:188} INFO - [2024-04-09T16:46:02.891+0000] {dagbag.py:540} INFO - Filling up the DagBag from /home/airflow/.local/lib/python3.8/site-packages/airflow/example_dags/example_bash_operator.py
[2024-04-09T16:46:02.901+0000] {processor.py:840} INFO - DAG(s) 'example_bash_operator' retrieved from /home/airflow/.local/lib/python3.8/site-packages/airflow/example_dags/example_bash_operator.py
[2024-04-09T16:46:02.922+0000] {logging_mixin.py:188} INFO - [2024-04-09T16:46:02.922+0000] {dag.py:3047} INFO - Sync 1 DAGs
[2024-04-09T16:46:02.935+0000] {logging_mixin.py:188} INFO - [2024-04-09T16:46:02.935+0000] {dag.py:3834} INFO - Setting next_dagrun for example_bash_operator to 2024-04-08 00:00:00+00:00, run_after=2024-04-09 00:00:00+00:00
[2024-04-09T16:46:02.943+0000] {processor.py:183} INFO - Processing /home/airflow/.local/lib/python3.8/site-packages/airflow/example_dags/example_bash_operator.py took 0.064 seconds
[2024-04-09T16:46:33.786+0000] {processor.py:161} INFO - Started process (PID=1361) to work on /home/airflow/.local/lib/python3.8/site-packages/airflow/example_dags/example_bash_operator.py
[2024-04-09T16:46:33.794+0000] {processor.py:830} INFO - Processing file /home/airflow/.local/lib/python3.8/site-packages/airflow/example_dags/example_bash_operator.py for tasks to queue
[2024-04-09T16:46:33.801+0000] {logging_mixin.py:188} INFO - [2024-04-09T16:46:33.798+0000] {dagbag.py:540} INFO - Filling up the DagBag from /home/airflow/.local/lib/python3.8/site-packages/airflow/example_dags/example_bash_operator.py
[2024-04-09T16:46:33.832+0000] {processor.py:840} INFO - DAG(s) 'example_bash_operator' retrieved from /home/airflow/.local/lib/python3.8/site-packages/airflow/example_dags/example_bash_operator.py
[2024-04-09T16:46:33.885+0000] {logging_mixin.py:188} INFO - [2024-04-09T16:46:33.885+0000] {dag.py:3047} INFO - Sync 1 DAGs
[2024-04-09T16:46:33.959+0000] {logging_mixin.py:188} INFO - [2024-04-09T16:46:33.959+0000] {dag.py:3834} INFO - Setting next_dagrun for example_bash_operator to 2024-04-08 00:00:00+00:00, run_after=2024-04-09 00:00:00+00:00
[2024-04-09T16:46:33.988+0000] {processor.py:183} INFO - Processing /home/airflow/.local/lib/python3.8/site-packages/airflow/example_dags/example_bash_operator.py took 0.214 seconds
[2024-04-09T16:47:06.607+0000] {processor.py:161} INFO - Started process (PID=1438) to work on /home/airflow/.local/lib/python3.8/site-packages/airflow/example_dags/example_bash_operator.py
[2024-04-09T16:47:06.609+0000] {processor.py:830} INFO - Processing file /home/airflow/.local/lib/python3.8/site-packages/airflow/example_dags/example_bash_operator.py for tasks to queue
[2024-04-09T16:47:06.615+0000] {logging_mixin.py:188} INFO - [2024-04-09T16:47:06.615+0000] {dagbag.py:540} INFO - Filling up the DagBag from /home/airflow/.local/lib/python3.8/site-packages/airflow/example_dags/example_bash_operator.py
[2024-04-09T16:47:06.685+0000] {processor.py:840} INFO - DAG(s) 'example_bash_operator' retrieved from /home/airflow/.local/lib/python3.8/site-packages/airflow/example_dags/example_bash_operator.py
[2024-04-09T16:47:06.779+0000] {logging_mixin.py:188} INFO - [2024-04-09T16:47:06.779+0000] {dag.py:3047} INFO - Sync 1 DAGs
[2024-04-09T16:47:06.859+0000] {logging_mixin.py:188} INFO - [2024-04-09T16:47:06.858+0000] {dag.py:3834} INFO - Setting next_dagrun for example_bash_operator to 2024-04-08 00:00:00+00:00, run_after=2024-04-09 00:00:00+00:00
[2024-04-09T16:47:06.898+0000] {processor.py:183} INFO - Processing /home/airflow/.local/lib/python3.8/site-packages/airflow/example_dags/example_bash_operator.py took 0.304 seconds
[2024-04-09T16:47:42.467+0000] {processor.py:161} INFO - Started process (PID=1511) to work on /home/airflow/.local/lib/python3.8/site-packages/airflow/example_dags/example_bash_operator.py
[2024-04-09T16:47:42.499+0000] {processor.py:830} INFO - Processing file /home/airflow/.local/lib/python3.8/site-packages/airflow/example_dags/example_bash_operator.py for tasks to queue
[2024-04-09T16:47:42.532+0000] {logging_mixin.py:188} INFO - [2024-04-09T16:47:42.513+0000] {dagbag.py:540} INFO - Filling up the DagBag from /home/airflow/.local/lib/python3.8/site-packages/airflow/example_dags/example_bash_operator.py
[2024-04-09T16:47:42.672+0000] {processor.py:840} INFO - DAG(s) 'example_bash_operator' retrieved from /home/airflow/.local/lib/python3.8/site-packages/airflow/example_dags/example_bash_operator.py
[2024-04-09T16:47:42.897+0000] {logging_mixin.py:188} INFO - [2024-04-09T16:47:42.895+0000] {dag.py:3047} INFO - Sync 1 DAGs
[2024-04-09T16:47:43.049+0000] {logging_mixin.py:188} INFO - [2024-04-09T16:47:43.049+0000] {dag.py:3834} INFO - Setting next_dagrun for example_bash_operator to 2024-04-08 00:00:00+00:00, run_after=2024-04-09 00:00:00+00:00
[2024-04-09T16:47:43.151+0000] {processor.py:183} INFO - Processing /home/airflow/.local/lib/python3.8/site-packages/airflow/example_dags/example_bash_operator.py took 0.766 seconds
[2024-04-09T16:48:13.626+0000] {processor.py:161} INFO - Started process (PID=1568) to work on /home/airflow/.local/lib/python3.8/site-packages/airflow/example_dags/example_bash_operator.py
[2024-04-09T16:48:13.630+0000] {processor.py:830} INFO - Processing file /home/airflow/.local/lib/python3.8/site-packages/airflow/example_dags/example_bash_operator.py for tasks to queue
[2024-04-09T16:48:13.633+0000] {logging_mixin.py:188} INFO - [2024-04-09T16:48:13.632+0000] {dagbag.py:540} INFO - Filling up the DagBag from /home/airflow/.local/lib/python3.8/site-packages/airflow/example_dags/example_bash_operator.py
[2024-04-09T16:48:13.645+0000] {processor.py:840} INFO - DAG(s) 'example_bash_operator' retrieved from /home/airflow/.local/lib/python3.8/site-packages/airflow/example_dags/example_bash_operator.py
[2024-04-09T16:48:13.663+0000] {logging_mixin.py:188} INFO - [2024-04-09T16:48:13.663+0000] {dag.py:3047} INFO - Sync 1 DAGs
[2024-04-09T16:48:13.677+0000] {logging_mixin.py:188} INFO - [2024-04-09T16:48:13.677+0000] {dag.py:3834} INFO - Setting next_dagrun for example_bash_operator to 2024-04-08 00:00:00+00:00, run_after=2024-04-09 00:00:00+00:00
[2024-04-09T16:48:13.685+0000] {processor.py:183} INFO - Processing /home/airflow/.local/lib/python3.8/site-packages/airflow/example_dags/example_bash_operator.py took 0.063 seconds
[2024-04-09T16:48:44.040+0000] {processor.py:161} INFO - Started process (PID=1625) to work on /home/airflow/.local/lib/python3.8/site-packages/airflow/example_dags/example_bash_operator.py
[2024-04-09T16:48:44.045+0000] {processor.py:830} INFO - Processing file /home/airflow/.local/lib/python3.8/site-packages/airflow/example_dags/example_bash_operator.py for tasks to queue
[2024-04-09T16:48:44.047+0000] {logging_mixin.py:188} INFO - [2024-04-09T16:48:44.046+0000] {dagbag.py:540} INFO - Filling up the DagBag from /home/airflow/.local/lib/python3.8/site-packages/airflow/example_dags/example_bash_operator.py
[2024-04-09T16:48:44.057+0000] {processor.py:840} INFO - DAG(s) 'example_bash_operator' retrieved from /home/airflow/.local/lib/python3.8/site-packages/airflow/example_dags/example_bash_operator.py
[2024-04-09T16:48:44.073+0000] {logging_mixin.py:188} INFO - [2024-04-09T16:48:44.073+0000] {dag.py:3047} INFO - Sync 1 DAGs
[2024-04-09T16:48:44.084+0000] {logging_mixin.py:188} INFO - [2024-04-09T16:48:44.084+0000] {dag.py:3834} INFO - Setting next_dagrun for example_bash_operator to 2024-04-08 00:00:00+00:00, run_after=2024-04-09 00:00:00+00:00
[2024-04-09T16:48:44.092+0000] {processor.py:183} INFO - Processing /home/airflow/.local/lib/python3.8/site-packages/airflow/example_dags/example_bash_operator.py took 0.056 seconds
[2024-04-09T16:49:14.386+0000] {processor.py:161} INFO - Started process (PID=1682) to work on /home/airflow/.local/lib/python3.8/site-packages/airflow/example_dags/example_bash_operator.py
[2024-04-09T16:49:14.387+0000] {processor.py:830} INFO - Processing file /home/airflow/.local/lib/python3.8/site-packages/airflow/example_dags/example_bash_operator.py for tasks to queue
[2024-04-09T16:49:14.389+0000] {logging_mixin.py:188} INFO - [2024-04-09T16:49:14.388+0000] {dagbag.py:540} INFO - Filling up the DagBag from /home/airflow/.local/lib/python3.8/site-packages/airflow/example_dags/example_bash_operator.py
[2024-04-09T16:49:14.400+0000] {processor.py:840} INFO - DAG(s) 'example_bash_operator' retrieved from /home/airflow/.local/lib/python3.8/site-packages/airflow/example_dags/example_bash_operator.py
[2024-04-09T16:49:14.418+0000] {logging_mixin.py:188} INFO - [2024-04-09T16:49:14.418+0000] {dag.py:3047} INFO - Sync 1 DAGs
[2024-04-09T16:49:14.430+0000] {logging_mixin.py:188} INFO - [2024-04-09T16:49:14.429+0000] {dag.py:3834} INFO - Setting next_dagrun for example_bash_operator to 2024-04-08 00:00:00+00:00, run_after=2024-04-09 00:00:00+00:00
[2024-04-09T16:49:14.438+0000] {processor.py:183} INFO - Processing /home/airflow/.local/lib/python3.8/site-packages/airflow/example_dags/example_bash_operator.py took 0.055 seconds
[2024-04-09T16:49:45.264+0000] {processor.py:161} INFO - Started process (PID=1739) to work on /home/airflow/.local/lib/python3.8/site-packages/airflow/example_dags/example_bash_operator.py
[2024-04-09T16:49:45.265+0000] {processor.py:830} INFO - Processing file /home/airflow/.local/lib/python3.8/site-packages/airflow/example_dags/example_bash_operator.py for tasks to queue
[2024-04-09T16:49:45.267+0000] {logging_mixin.py:188} INFO - [2024-04-09T16:49:45.267+0000] {dagbag.py:540} INFO - Filling up the DagBag from /home/airflow/.local/lib/python3.8/site-packages/airflow/example_dags/example_bash_operator.py
[2024-04-09T16:49:45.280+0000] {processor.py:840} INFO - DAG(s) 'example_bash_operator' retrieved from /home/airflow/.local/lib/python3.8/site-packages/airflow/example_dags/example_bash_operator.py
[2024-04-09T16:49:45.300+0000] {logging_mixin.py:188} INFO - [2024-04-09T16:49:45.300+0000] {dag.py:3047} INFO - Sync 1 DAGs
[2024-04-09T16:49:45.313+0000] {logging_mixin.py:188} INFO - [2024-04-09T16:49:45.313+0000] {dag.py:3834} INFO - Setting next_dagrun for example_bash_operator to 2024-04-08 00:00:00+00:00, run_after=2024-04-09 00:00:00+00:00
[2024-04-09T16:49:45.322+0000] {processor.py:183} INFO - Processing /home/airflow/.local/lib/python3.8/site-packages/airflow/example_dags/example_bash_operator.py took 0.062 seconds
[2024-04-09T16:50:15.412+0000] {processor.py:161} INFO - Started process (PID=1796) to work on /home/airflow/.local/lib/python3.8/site-packages/airflow/example_dags/example_bash_operator.py
[2024-04-09T16:50:15.413+0000] {processor.py:830} INFO - Processing file /home/airflow/.local/lib/python3.8/site-packages/airflow/example_dags/example_bash_operator.py for tasks to queue
[2024-04-09T16:50:15.414+0000] {logging_mixin.py:188} INFO - [2024-04-09T16:50:15.414+0000] {dagbag.py:540} INFO - Filling up the DagBag from /home/airflow/.local/lib/python3.8/site-packages/airflow/example_dags/example_bash_operator.py
[2024-04-09T16:50:15.423+0000] {processor.py:840} INFO - DAG(s) 'example_bash_operator' retrieved from /home/airflow/.local/lib/python3.8/site-packages/airflow/example_dags/example_bash_operator.py
[2024-04-09T16:50:15.441+0000] {logging_mixin.py:188} INFO - [2024-04-09T16:50:15.441+0000] {dag.py:3047} INFO - Sync 1 DAGs
[2024-04-09T16:50:15.457+0000] {logging_mixin.py:188} INFO - [2024-04-09T16:50:15.457+0000] {dag.py:3834} INFO - Setting next_dagrun for example_bash_operator to 2024-04-08 00:00:00+00:00, run_after=2024-04-09 00:00:00+00:00
[2024-04-09T16:50:15.465+0000] {processor.py:183} INFO - Processing /home/airflow/.local/lib/python3.8/site-packages/airflow/example_dags/example_bash_operator.py took 0.056 seconds
[2024-04-09T16:50:45.501+0000] {processor.py:161} INFO - Started process (PID=1853) to work on /home/airflow/.local/lib/python3.8/site-packages/airflow/example_dags/example_bash_operator.py
[2024-04-09T16:50:45.503+0000] {processor.py:830} INFO - Processing file /home/airflow/.local/lib/python3.8/site-packages/airflow/example_dags/example_bash_operator.py for tasks to queue
[2024-04-09T16:50:45.504+0000] {logging_mixin.py:188} INFO - [2024-04-09T16:50:45.503+0000] {dagbag.py:540} INFO - Filling up the DagBag from /home/airflow/.local/lib/python3.8/site-packages/airflow/example_dags/example_bash_operator.py
[2024-04-09T16:50:45.510+0000] {processor.py:840} INFO - DAG(s) 'example_bash_operator' retrieved from /home/airflow/.local/lib/python3.8/site-packages/airflow/example_dags/example_bash_operator.py
[2024-04-09T16:50:45.530+0000] {logging_mixin.py:188} INFO - [2024-04-09T16:50:45.530+0000] {dag.py:3047} INFO - Sync 1 DAGs
[2024-04-09T16:50:45.544+0000] {logging_mixin.py:188} INFO - [2024-04-09T16:50:45.544+0000] {dag.py:3834} INFO - Setting next_dagrun for example_bash_operator to 2024-04-08 00:00:00+00:00, run_after=2024-04-09 00:00:00+00:00
[2024-04-09T16:50:45.552+0000] {processor.py:183} INFO - Processing /home/airflow/.local/lib/python3.8/site-packages/airflow/example_dags/example_bash_operator.py took 0.053 seconds
[2024-04-09T16:51:15.957+0000] {processor.py:161} INFO - Started process (PID=1911) to work on /home/airflow/.local/lib/python3.8/site-packages/airflow/example_dags/example_bash_operator.py
[2024-04-09T16:51:15.957+0000] {processor.py:830} INFO - Processing file /home/airflow/.local/lib/python3.8/site-packages/airflow/example_dags/example_bash_operator.py for tasks to queue
[2024-04-09T16:51:15.959+0000] {logging_mixin.py:188} INFO - [2024-04-09T16:51:15.959+0000] {dagbag.py:540} INFO - Filling up the DagBag from /home/airflow/.local/lib/python3.8/site-packages/airflow/example_dags/example_bash_operator.py
[2024-04-09T16:51:15.965+0000] {processor.py:840} INFO - DAG(s) 'example_bash_operator' retrieved from /home/airflow/.local/lib/python3.8/site-packages/airflow/example_dags/example_bash_operator.py
[2024-04-09T16:51:15.982+0000] {logging_mixin.py:188} INFO - [2024-04-09T16:51:15.982+0000] {dag.py:3047} INFO - Sync 1 DAGs
[2024-04-09T16:51:15.996+0000] {logging_mixin.py:188} INFO - [2024-04-09T16:51:15.996+0000] {dag.py:3834} INFO - Setting next_dagrun for example_bash_operator to 2024-04-08 00:00:00+00:00, run_after=2024-04-09 00:00:00+00:00
[2024-04-09T16:51:16.004+0000] {processor.py:183} INFO - Processing /home/airflow/.local/lib/python3.8/site-packages/airflow/example_dags/example_bash_operator.py took 0.050 seconds
[2024-04-09T16:51:46.039+0000] {processor.py:161} INFO - Started process (PID=1967) to work on /home/airflow/.local/lib/python3.8/site-packages/airflow/example_dags/example_bash_operator.py
[2024-04-09T16:51:46.041+0000] {processor.py:830} INFO - Processing file /home/airflow/.local/lib/python3.8/site-packages/airflow/example_dags/example_bash_operator.py for tasks to queue
[2024-04-09T16:51:46.041+0000] {logging_mixin.py:188} INFO - [2024-04-09T16:51:46.041+0000] {dagbag.py:540} INFO - Filling up the DagBag from /home/airflow/.local/lib/python3.8/site-packages/airflow/example_dags/example_bash_operator.py
[2024-04-09T16:51:46.047+0000] {processor.py:840} INFO - DAG(s) 'example_bash_operator' retrieved from /home/airflow/.local/lib/python3.8/site-packages/airflow/example_dags/example_bash_operator.py
[2024-04-09T16:51:46.059+0000] {logging_mixin.py:188} INFO - [2024-04-09T16:51:46.059+0000] {dag.py:3047} INFO - Sync 1 DAGs
[2024-04-09T16:51:46.069+0000] {logging_mixin.py:188} INFO - [2024-04-09T16:51:46.069+0000] {dag.py:3834} INFO - Setting next_dagrun for example_bash_operator to 2024-04-08 00:00:00+00:00, run_after=2024-04-09 00:00:00+00:00
[2024-04-09T16:51:46.077+0000] {processor.py:183} INFO - Processing /home/airflow/.local/lib/python3.8/site-packages/airflow/example_dags/example_bash_operator.py took 0.040 seconds
[2024-04-09T16:52:17.030+0000] {processor.py:161} INFO - Started process (PID=2027) to work on /home/airflow/.local/lib/python3.8/site-packages/airflow/example_dags/example_bash_operator.py
[2024-04-09T16:52:17.031+0000] {processor.py:830} INFO - Processing file /home/airflow/.local/lib/python3.8/site-packages/airflow/example_dags/example_bash_operator.py for tasks to queue
[2024-04-09T16:52:17.032+0000] {logging_mixin.py:188} INFO - [2024-04-09T16:52:17.032+0000] {dagbag.py:540} INFO - Filling up the DagBag from /home/airflow/.local/lib/python3.8/site-packages/airflow/example_dags/example_bash_operator.py
[2024-04-09T16:52:17.038+0000] {processor.py:840} INFO - DAG(s) 'example_bash_operator' retrieved from /home/airflow/.local/lib/python3.8/site-packages/airflow/example_dags/example_bash_operator.py
[2024-04-09T16:52:17.054+0000] {logging_mixin.py:188} INFO - [2024-04-09T16:52:17.054+0000] {dag.py:3047} INFO - Sync 1 DAGs
[2024-04-09T16:52:17.068+0000] {logging_mixin.py:188} INFO - [2024-04-09T16:52:17.068+0000] {dag.py:3834} INFO - Setting next_dagrun for example_bash_operator to 2024-04-08 00:00:00+00:00, run_after=2024-04-09 00:00:00+00:00
[2024-04-09T16:52:17.077+0000] {processor.py:183} INFO - Processing /home/airflow/.local/lib/python3.8/site-packages/airflow/example_dags/example_bash_operator.py took 0.049 seconds
[2024-04-09T16:52:47.313+0000] {processor.py:161} INFO - Started process (PID=2105) to work on /home/airflow/.local/lib/python3.8/site-packages/airflow/example_dags/example_bash_operator.py
[2024-04-09T16:52:47.313+0000] {processor.py:830} INFO - Processing file /home/airflow/.local/lib/python3.8/site-packages/airflow/example_dags/example_bash_operator.py for tasks to queue
[2024-04-09T16:52:47.314+0000] {logging_mixin.py:188} INFO - [2024-04-09T16:52:47.314+0000] {dagbag.py:540} INFO - Filling up the DagBag from /home/airflow/.local/lib/python3.8/site-packages/airflow/example_dags/example_bash_operator.py
[2024-04-09T16:52:47.321+0000] {processor.py:840} INFO - DAG(s) 'example_bash_operator' retrieved from /home/airflow/.local/lib/python3.8/site-packages/airflow/example_dags/example_bash_operator.py
[2024-04-09T16:52:47.334+0000] {logging_mixin.py:188} INFO - [2024-04-09T16:52:47.334+0000] {dag.py:3047} INFO - Sync 1 DAGs
[2024-04-09T16:52:47.345+0000] {logging_mixin.py:188} INFO - [2024-04-09T16:52:47.345+0000] {dag.py:3834} INFO - Setting next_dagrun for example_bash_operator to 2024-04-08 00:00:00+00:00, run_after=2024-04-09 00:00:00+00:00
[2024-04-09T16:52:47.353+0000] {processor.py:183} INFO - Processing /home/airflow/.local/lib/python3.8/site-packages/airflow/example_dags/example_bash_operator.py took 0.043 seconds
[2024-04-09T16:53:18.257+0000] {processor.py:161} INFO - Started process (PID=2185) to work on /home/airflow/.local/lib/python3.8/site-packages/airflow/example_dags/example_bash_operator.py
[2024-04-09T16:53:18.267+0000] {processor.py:830} INFO - Processing file /home/airflow/.local/lib/python3.8/site-packages/airflow/example_dags/example_bash_operator.py for tasks to queue
[2024-04-09T16:53:18.298+0000] {logging_mixin.py:188} INFO - [2024-04-09T16:53:18.288+0000] {dagbag.py:540} INFO - Filling up the DagBag from /home/airflow/.local/lib/python3.8/site-packages/airflow/example_dags/example_bash_operator.py
[2024-04-09T16:53:18.364+0000] {processor.py:840} INFO - DAG(s) 'example_bash_operator' retrieved from /home/airflow/.local/lib/python3.8/site-packages/airflow/example_dags/example_bash_operator.py
[2024-04-09T16:53:18.429+0000] {logging_mixin.py:188} INFO - [2024-04-09T16:53:18.429+0000] {dag.py:3047} INFO - Sync 1 DAGs
[2024-04-09T16:53:18.460+0000] {logging_mixin.py:188} INFO - [2024-04-09T16:53:18.460+0000] {dag.py:3834} INFO - Setting next_dagrun for example_bash_operator to 2024-04-08 00:00:00+00:00, run_after=2024-04-09 00:00:00+00:00
[2024-04-09T16:53:18.472+0000] {processor.py:183} INFO - Processing /home/airflow/.local/lib/python3.8/site-packages/airflow/example_dags/example_bash_operator.py took 0.237 seconds
[2024-04-09T16:53:49.970+0000] {processor.py:161} INFO - Started process (PID=2264) to work on /home/airflow/.local/lib/python3.8/site-packages/airflow/example_dags/example_bash_operator.py
[2024-04-09T16:53:49.973+0000] {processor.py:830} INFO - Processing file /home/airflow/.local/lib/python3.8/site-packages/airflow/example_dags/example_bash_operator.py for tasks to queue
[2024-04-09T16:53:49.981+0000] {logging_mixin.py:188} INFO - [2024-04-09T16:53:49.980+0000] {dagbag.py:540} INFO - Filling up the DagBag from /home/airflow/.local/lib/python3.8/site-packages/airflow/example_dags/example_bash_operator.py
[2024-04-09T16:53:50.035+0000] {processor.py:840} INFO - DAG(s) 'example_bash_operator' retrieved from /home/airflow/.local/lib/python3.8/site-packages/airflow/example_dags/example_bash_operator.py
[2024-04-09T16:53:50.110+0000] {logging_mixin.py:188} INFO - [2024-04-09T16:53:50.109+0000] {dag.py:3047} INFO - Sync 1 DAGs
[2024-04-09T16:53:50.173+0000] {logging_mixin.py:188} INFO - [2024-04-09T16:53:50.172+0000] {dag.py:3834} INFO - Setting next_dagrun for example_bash_operator to 2024-04-08 00:00:00+00:00, run_after=2024-04-09 00:00:00+00:00
[2024-04-09T16:53:50.211+0000] {processor.py:183} INFO - Processing /home/airflow/.local/lib/python3.8/site-packages/airflow/example_dags/example_bash_operator.py took 0.258 seconds
[2024-04-09T16:54:20.626+0000] {processor.py:161} INFO - Started process (PID=2334) to work on /home/airflow/.local/lib/python3.8/site-packages/airflow/example_dags/example_bash_operator.py
[2024-04-09T16:54:20.628+0000] {processor.py:830} INFO - Processing file /home/airflow/.local/lib/python3.8/site-packages/airflow/example_dags/example_bash_operator.py for tasks to queue
[2024-04-09T16:54:20.634+0000] {logging_mixin.py:188} INFO - [2024-04-09T16:54:20.634+0000] {dagbag.py:540} INFO - Filling up the DagBag from /home/airflow/.local/lib/python3.8/site-packages/airflow/example_dags/example_bash_operator.py
[2024-04-09T16:54:20.685+0000] {processor.py:840} INFO - DAG(s) 'example_bash_operator' retrieved from /home/airflow/.local/lib/python3.8/site-packages/airflow/example_dags/example_bash_operator.py
[2024-04-09T16:54:20.787+0000] {logging_mixin.py:188} INFO - [2024-04-09T16:54:20.786+0000] {dag.py:3047} INFO - Sync 1 DAGs
[2024-04-09T16:54:20.860+0000] {logging_mixin.py:188} INFO - [2024-04-09T16:54:20.859+0000] {dag.py:3834} INFO - Setting next_dagrun for example_bash_operator to 2024-04-08 00:00:00+00:00, run_after=2024-04-09 00:00:00+00:00
[2024-04-09T16:54:20.926+0000] {processor.py:183} INFO - Processing /home/airflow/.local/lib/python3.8/site-packages/airflow/example_dags/example_bash_operator.py took 0.316 seconds
