[2024-04-09T16:35:19.939+0000] {processor.py:161} INFO - Started process (PID=83) to work on /home/airflow/.local/lib/python3.8/site-packages/airflow/example_dags/example_task_group.py
[2024-04-09T16:35:19.948+0000] {processor.py:830} INFO - Processing file /home/airflow/.local/lib/python3.8/site-packages/airflow/example_dags/example_task_group.py for tasks to queue
[2024-04-09T16:35:19.950+0000] {logging_mixin.py:188} INFO - [2024-04-09T16:35:19.950+0000] {dagbag.py:540} INFO - Filling up the DagBag from /home/airflow/.local/lib/python3.8/site-packages/airflow/example_dags/example_task_group.py
[2024-04-09T16:35:19.961+0000] {processor.py:840} INFO - DAG(s) 'example_task_group' retrieved from /home/airflow/.local/lib/python3.8/site-packages/airflow/example_dags/example_task_group.py
[2024-04-09T16:35:19.984+0000] {logging_mixin.py:188} INFO - [2024-04-09T16:35:19.981+0000] {dag.py:3047} INFO - Sync 1 DAGs
[2024-04-09T16:35:20.237+0000] {logging_mixin.py:188} INFO - [2024-04-09T16:35:20.236+0000] {dag.py:3834} INFO - Setting next_dagrun for example_task_group to 2024-04-08 00:00:00+00:00, run_after=2024-04-09 00:00:00+00:00
[2024-04-09T16:35:20.297+0000] {processor.py:183} INFO - Processing /home/airflow/.local/lib/python3.8/site-packages/airflow/example_dags/example_task_group.py took 0.380 seconds
[2024-04-09T16:35:50.622+0000] {processor.py:161} INFO - Started process (PID=140) to work on /home/airflow/.local/lib/python3.8/site-packages/airflow/example_dags/example_task_group.py
[2024-04-09T16:35:50.623+0000] {processor.py:830} INFO - Processing file /home/airflow/.local/lib/python3.8/site-packages/airflow/example_dags/example_task_group.py for tasks to queue
[2024-04-09T16:35:50.624+0000] {logging_mixin.py:188} INFO - [2024-04-09T16:35:50.624+0000] {dagbag.py:540} INFO - Filling up the DagBag from /home/airflow/.local/lib/python3.8/site-packages/airflow/example_dags/example_task_group.py
[2024-04-09T16:35:50.628+0000] {processor.py:840} INFO - DAG(s) 'example_task_group' retrieved from /home/airflow/.local/lib/python3.8/site-packages/airflow/example_dags/example_task_group.py
[2024-04-09T16:35:50.674+0000] {logging_mixin.py:188} INFO - [2024-04-09T16:35:50.674+0000] {dag.py:3047} INFO - Sync 1 DAGs
[2024-04-09T16:35:50.683+0000] {logging_mixin.py:188} INFO - [2024-04-09T16:35:50.683+0000] {dag.py:3834} INFO - Setting next_dagrun for example_task_group to 2024-04-08 00:00:00+00:00, run_after=2024-04-09 00:00:00+00:00
[2024-04-09T16:35:50.690+0000] {processor.py:183} INFO - Processing /home/airflow/.local/lib/python3.8/site-packages/airflow/example_dags/example_task_group.py took 0.070 seconds
[2024-04-09T16:36:20.707+0000] {processor.py:161} INFO - Started process (PID=197) to work on /home/airflow/.local/lib/python3.8/site-packages/airflow/example_dags/example_task_group.py
[2024-04-09T16:36:20.708+0000] {processor.py:830} INFO - Processing file /home/airflow/.local/lib/python3.8/site-packages/airflow/example_dags/example_task_group.py for tasks to queue
[2024-04-09T16:36:20.708+0000] {logging_mixin.py:188} INFO - [2024-04-09T16:36:20.708+0000] {dagbag.py:540} INFO - Filling up the DagBag from /home/airflow/.local/lib/python3.8/site-packages/airflow/example_dags/example_task_group.py
[2024-04-09T16:36:20.712+0000] {processor.py:840} INFO - DAG(s) 'example_task_group' retrieved from /home/airflow/.local/lib/python3.8/site-packages/airflow/example_dags/example_task_group.py
[2024-04-09T16:36:20.722+0000] {logging_mixin.py:188} INFO - [2024-04-09T16:36:20.722+0000] {dag.py:3047} INFO - Sync 1 DAGs
[2024-04-09T16:36:20.732+0000] {logging_mixin.py:188} INFO - [2024-04-09T16:36:20.732+0000] {dag.py:3834} INFO - Setting next_dagrun for example_task_group to 2024-04-08 00:00:00+00:00, run_after=2024-04-09 00:00:00+00:00
[2024-04-09T16:36:20.740+0000] {processor.py:183} INFO - Processing /home/airflow/.local/lib/python3.8/site-packages/airflow/example_dags/example_task_group.py took 0.034 seconds
[2024-04-09T16:36:51.579+0000] {processor.py:161} INFO - Started process (PID=254) to work on /home/airflow/.local/lib/python3.8/site-packages/airflow/example_dags/example_task_group.py
[2024-04-09T16:36:51.580+0000] {processor.py:830} INFO - Processing file /home/airflow/.local/lib/python3.8/site-packages/airflow/example_dags/example_task_group.py for tasks to queue
[2024-04-09T16:36:51.581+0000] {logging_mixin.py:188} INFO - [2024-04-09T16:36:51.581+0000] {dagbag.py:540} INFO - Filling up the DagBag from /home/airflow/.local/lib/python3.8/site-packages/airflow/example_dags/example_task_group.py
[2024-04-09T16:36:51.585+0000] {processor.py:840} INFO - DAG(s) 'example_task_group' retrieved from /home/airflow/.local/lib/python3.8/site-packages/airflow/example_dags/example_task_group.py
[2024-04-09T16:36:51.596+0000] {logging_mixin.py:188} INFO - [2024-04-09T16:36:51.596+0000] {dag.py:3047} INFO - Sync 1 DAGs
[2024-04-09T16:36:51.609+0000] {logging_mixin.py:188} INFO - [2024-04-09T16:36:51.609+0000] {dag.py:3834} INFO - Setting next_dagrun for example_task_group to 2024-04-08 00:00:00+00:00, run_after=2024-04-09 00:00:00+00:00
[2024-04-09T16:36:51.618+0000] {processor.py:183} INFO - Processing /home/airflow/.local/lib/python3.8/site-packages/airflow/example_dags/example_task_group.py took 0.041 seconds
[2024-04-09T16:37:22.491+0000] {processor.py:161} INFO - Started process (PID=311) to work on /home/airflow/.local/lib/python3.8/site-packages/airflow/example_dags/example_task_group.py
[2024-04-09T16:37:22.492+0000] {processor.py:830} INFO - Processing file /home/airflow/.local/lib/python3.8/site-packages/airflow/example_dags/example_task_group.py for tasks to queue
[2024-04-09T16:37:22.493+0000] {logging_mixin.py:188} INFO - [2024-04-09T16:37:22.493+0000] {dagbag.py:540} INFO - Filling up the DagBag from /home/airflow/.local/lib/python3.8/site-packages/airflow/example_dags/example_task_group.py
[2024-04-09T16:37:22.496+0000] {processor.py:840} INFO - DAG(s) 'example_task_group' retrieved from /home/airflow/.local/lib/python3.8/site-packages/airflow/example_dags/example_task_group.py
[2024-04-09T16:37:22.505+0000] {logging_mixin.py:188} INFO - [2024-04-09T16:37:22.505+0000] {dag.py:3047} INFO - Sync 1 DAGs
[2024-04-09T16:37:22.515+0000] {logging_mixin.py:188} INFO - [2024-04-09T16:37:22.515+0000] {dag.py:3834} INFO - Setting next_dagrun for example_task_group to 2024-04-08 00:00:00+00:00, run_after=2024-04-09 00:00:00+00:00
[2024-04-09T16:37:22.526+0000] {processor.py:183} INFO - Processing /home/airflow/.local/lib/python3.8/site-packages/airflow/example_dags/example_task_group.py took 0.036 seconds
[2024-04-09T16:37:53.358+0000] {processor.py:161} INFO - Started process (PID=368) to work on /home/airflow/.local/lib/python3.8/site-packages/airflow/example_dags/example_task_group.py
[2024-04-09T16:37:53.358+0000] {processor.py:830} INFO - Processing file /home/airflow/.local/lib/python3.8/site-packages/airflow/example_dags/example_task_group.py for tasks to queue
[2024-04-09T16:37:53.359+0000] {logging_mixin.py:188} INFO - [2024-04-09T16:37:53.359+0000] {dagbag.py:540} INFO - Filling up the DagBag from /home/airflow/.local/lib/python3.8/site-packages/airflow/example_dags/example_task_group.py
[2024-04-09T16:37:53.363+0000] {processor.py:840} INFO - DAG(s) 'example_task_group' retrieved from /home/airflow/.local/lib/python3.8/site-packages/airflow/example_dags/example_task_group.py
[2024-04-09T16:37:53.372+0000] {logging_mixin.py:188} INFO - [2024-04-09T16:37:53.372+0000] {dag.py:3047} INFO - Sync 1 DAGs
[2024-04-09T16:37:53.381+0000] {logging_mixin.py:188} INFO - [2024-04-09T16:37:53.381+0000] {dag.py:3834} INFO - Setting next_dagrun for example_task_group to 2024-04-08 00:00:00+00:00, run_after=2024-04-09 00:00:00+00:00
[2024-04-09T16:37:53.388+0000] {processor.py:183} INFO - Processing /home/airflow/.local/lib/python3.8/site-packages/airflow/example_dags/example_task_group.py took 0.032 seconds
[2024-04-09T16:38:24.126+0000] {processor.py:161} INFO - Started process (PID=425) to work on /home/airflow/.local/lib/python3.8/site-packages/airflow/example_dags/example_task_group.py
[2024-04-09T16:38:24.127+0000] {processor.py:830} INFO - Processing file /home/airflow/.local/lib/python3.8/site-packages/airflow/example_dags/example_task_group.py for tasks to queue
[2024-04-09T16:38:24.128+0000] {logging_mixin.py:188} INFO - [2024-04-09T16:38:24.128+0000] {dagbag.py:540} INFO - Filling up the DagBag from /home/airflow/.local/lib/python3.8/site-packages/airflow/example_dags/example_task_group.py
[2024-04-09T16:38:24.131+0000] {processor.py:840} INFO - DAG(s) 'example_task_group' retrieved from /home/airflow/.local/lib/python3.8/site-packages/airflow/example_dags/example_task_group.py
[2024-04-09T16:38:24.141+0000] {logging_mixin.py:188} INFO - [2024-04-09T16:38:24.141+0000] {dag.py:3047} INFO - Sync 1 DAGs
[2024-04-09T16:38:24.150+0000] {logging_mixin.py:188} INFO - [2024-04-09T16:38:24.150+0000] {dag.py:3834} INFO - Setting next_dagrun for example_task_group to 2024-04-08 00:00:00+00:00, run_after=2024-04-09 00:00:00+00:00
[2024-04-09T16:38:24.159+0000] {processor.py:183} INFO - Processing /home/airflow/.local/lib/python3.8/site-packages/airflow/example_dags/example_task_group.py took 0.035 seconds
[2024-04-09T16:38:54.894+0000] {processor.py:161} INFO - Started process (PID=482) to work on /home/airflow/.local/lib/python3.8/site-packages/airflow/example_dags/example_task_group.py
[2024-04-09T16:38:54.895+0000] {processor.py:830} INFO - Processing file /home/airflow/.local/lib/python3.8/site-packages/airflow/example_dags/example_task_group.py for tasks to queue
[2024-04-09T16:38:54.896+0000] {logging_mixin.py:188} INFO - [2024-04-09T16:38:54.896+0000] {dagbag.py:540} INFO - Filling up the DagBag from /home/airflow/.local/lib/python3.8/site-packages/airflow/example_dags/example_task_group.py
[2024-04-09T16:38:54.899+0000] {processor.py:840} INFO - DAG(s) 'example_task_group' retrieved from /home/airflow/.local/lib/python3.8/site-packages/airflow/example_dags/example_task_group.py
[2024-04-09T16:38:54.910+0000] {logging_mixin.py:188} INFO - [2024-04-09T16:38:54.910+0000] {dag.py:3047} INFO - Sync 1 DAGs
[2024-04-09T16:38:54.919+0000] {logging_mixin.py:188} INFO - [2024-04-09T16:38:54.919+0000] {dag.py:3834} INFO - Setting next_dagrun for example_task_group to 2024-04-08 00:00:00+00:00, run_after=2024-04-09 00:00:00+00:00
[2024-04-09T16:38:54.927+0000] {processor.py:183} INFO - Processing /home/airflow/.local/lib/python3.8/site-packages/airflow/example_dags/example_task_group.py took 0.035 seconds
[2024-04-09T16:39:25.740+0000] {processor.py:161} INFO - Started process (PID=539) to work on /home/airflow/.local/lib/python3.8/site-packages/airflow/example_dags/example_task_group.py
[2024-04-09T16:39:25.741+0000] {processor.py:830} INFO - Processing file /home/airflow/.local/lib/python3.8/site-packages/airflow/example_dags/example_task_group.py for tasks to queue
[2024-04-09T16:39:25.742+0000] {logging_mixin.py:188} INFO - [2024-04-09T16:39:25.742+0000] {dagbag.py:540} INFO - Filling up the DagBag from /home/airflow/.local/lib/python3.8/site-packages/airflow/example_dags/example_task_group.py
[2024-04-09T16:39:25.745+0000] {processor.py:840} INFO - DAG(s) 'example_task_group' retrieved from /home/airflow/.local/lib/python3.8/site-packages/airflow/example_dags/example_task_group.py
[2024-04-09T16:39:25.759+0000] {logging_mixin.py:188} INFO - [2024-04-09T16:39:25.759+0000] {dag.py:3047} INFO - Sync 1 DAGs
[2024-04-09T16:39:25.769+0000] {logging_mixin.py:188} INFO - [2024-04-09T16:39:25.769+0000] {dag.py:3834} INFO - Setting next_dagrun for example_task_group to 2024-04-08 00:00:00+00:00, run_after=2024-04-09 00:00:00+00:00
[2024-04-09T16:39:25.777+0000] {processor.py:183} INFO - Processing /home/airflow/.local/lib/python3.8/site-packages/airflow/example_dags/example_task_group.py took 0.038 seconds
[2024-04-09T16:39:56.130+0000] {processor.py:161} INFO - Started process (PID=596) to work on /home/airflow/.local/lib/python3.8/site-packages/airflow/example_dags/example_task_group.py
[2024-04-09T16:39:56.130+0000] {processor.py:830} INFO - Processing file /home/airflow/.local/lib/python3.8/site-packages/airflow/example_dags/example_task_group.py for tasks to queue
[2024-04-09T16:39:56.131+0000] {logging_mixin.py:188} INFO - [2024-04-09T16:39:56.131+0000] {dagbag.py:540} INFO - Filling up the DagBag from /home/airflow/.local/lib/python3.8/site-packages/airflow/example_dags/example_task_group.py
[2024-04-09T16:39:56.134+0000] {processor.py:840} INFO - DAG(s) 'example_task_group' retrieved from /home/airflow/.local/lib/python3.8/site-packages/airflow/example_dags/example_task_group.py
[2024-04-09T16:39:56.147+0000] {logging_mixin.py:188} INFO - [2024-04-09T16:39:56.147+0000] {dag.py:3047} INFO - Sync 1 DAGs
[2024-04-09T16:39:56.157+0000] {logging_mixin.py:188} INFO - [2024-04-09T16:39:56.157+0000] {dag.py:3834} INFO - Setting next_dagrun for example_task_group to 2024-04-08 00:00:00+00:00, run_after=2024-04-09 00:00:00+00:00
[2024-04-09T16:39:56.164+0000] {processor.py:183} INFO - Processing /home/airflow/.local/lib/python3.8/site-packages/airflow/example_dags/example_task_group.py took 0.036 seconds
[2024-04-09T16:40:26.242+0000] {processor.py:161} INFO - Started process (PID=653) to work on /home/airflow/.local/lib/python3.8/site-packages/airflow/example_dags/example_task_group.py
[2024-04-09T16:40:26.242+0000] {processor.py:830} INFO - Processing file /home/airflow/.local/lib/python3.8/site-packages/airflow/example_dags/example_task_group.py for tasks to queue
[2024-04-09T16:40:26.245+0000] {logging_mixin.py:188} INFO - [2024-04-09T16:40:26.245+0000] {dagbag.py:540} INFO - Filling up the DagBag from /home/airflow/.local/lib/python3.8/site-packages/airflow/example_dags/example_task_group.py
[2024-04-09T16:40:26.251+0000] {processor.py:840} INFO - DAG(s) 'example_task_group' retrieved from /home/airflow/.local/lib/python3.8/site-packages/airflow/example_dags/example_task_group.py
[2024-04-09T16:40:26.261+0000] {logging_mixin.py:188} INFO - [2024-04-09T16:40:26.261+0000] {dag.py:3047} INFO - Sync 1 DAGs
[2024-04-09T16:40:26.270+0000] {logging_mixin.py:188} INFO - [2024-04-09T16:40:26.270+0000] {dag.py:3834} INFO - Setting next_dagrun for example_task_group to 2024-04-08 00:00:00+00:00, run_after=2024-04-09 00:00:00+00:00
[2024-04-09T16:40:26.276+0000] {processor.py:183} INFO - Processing /home/airflow/.local/lib/python3.8/site-packages/airflow/example_dags/example_task_group.py took 0.036 seconds
[2024-04-09T16:40:56.376+0000] {processor.py:161} INFO - Started process (PID=711) to work on /home/airflow/.local/lib/python3.8/site-packages/airflow/example_dags/example_task_group.py
[2024-04-09T16:40:56.377+0000] {processor.py:830} INFO - Processing file /home/airflow/.local/lib/python3.8/site-packages/airflow/example_dags/example_task_group.py for tasks to queue
[2024-04-09T16:40:56.378+0000] {logging_mixin.py:188} INFO - [2024-04-09T16:40:56.378+0000] {dagbag.py:540} INFO - Filling up the DagBag from /home/airflow/.local/lib/python3.8/site-packages/airflow/example_dags/example_task_group.py
[2024-04-09T16:40:56.381+0000] {processor.py:840} INFO - DAG(s) 'example_task_group' retrieved from /home/airflow/.local/lib/python3.8/site-packages/airflow/example_dags/example_task_group.py
[2024-04-09T16:40:56.392+0000] {logging_mixin.py:188} INFO - [2024-04-09T16:40:56.391+0000] {dag.py:3047} INFO - Sync 1 DAGs
[2024-04-09T16:40:56.401+0000] {logging_mixin.py:188} INFO - [2024-04-09T16:40:56.401+0000] {dag.py:3834} INFO - Setting next_dagrun for example_task_group to 2024-04-08 00:00:00+00:00, run_after=2024-04-09 00:00:00+00:00
[2024-04-09T16:40:56.408+0000] {processor.py:183} INFO - Processing /home/airflow/.local/lib/python3.8/site-packages/airflow/example_dags/example_task_group.py took 0.033 seconds
[2024-04-09T16:41:26.564+0000] {processor.py:161} INFO - Started process (PID=768) to work on /home/airflow/.local/lib/python3.8/site-packages/airflow/example_dags/example_task_group.py
[2024-04-09T16:41:26.565+0000] {processor.py:830} INFO - Processing file /home/airflow/.local/lib/python3.8/site-packages/airflow/example_dags/example_task_group.py for tasks to queue
[2024-04-09T16:41:26.566+0000] {logging_mixin.py:188} INFO - [2024-04-09T16:41:26.566+0000] {dagbag.py:540} INFO - Filling up the DagBag from /home/airflow/.local/lib/python3.8/site-packages/airflow/example_dags/example_task_group.py
[2024-04-09T16:41:26.570+0000] {processor.py:840} INFO - DAG(s) 'example_task_group' retrieved from /home/airflow/.local/lib/python3.8/site-packages/airflow/example_dags/example_task_group.py
[2024-04-09T16:41:26.582+0000] {logging_mixin.py:188} INFO - [2024-04-09T16:41:26.582+0000] {dag.py:3047} INFO - Sync 1 DAGs
[2024-04-09T16:41:26.593+0000] {logging_mixin.py:188} INFO - [2024-04-09T16:41:26.593+0000] {dag.py:3834} INFO - Setting next_dagrun for example_task_group to 2024-04-08 00:00:00+00:00, run_after=2024-04-09 00:00:00+00:00
[2024-04-09T16:41:26.601+0000] {processor.py:183} INFO - Processing /home/airflow/.local/lib/python3.8/site-packages/airflow/example_dags/example_task_group.py took 0.039 seconds
[2024-04-09T16:41:56.871+0000] {processor.py:161} INFO - Started process (PID=825) to work on /home/airflow/.local/lib/python3.8/site-packages/airflow/example_dags/example_task_group.py
[2024-04-09T16:41:56.871+0000] {processor.py:830} INFO - Processing file /home/airflow/.local/lib/python3.8/site-packages/airflow/example_dags/example_task_group.py for tasks to queue
[2024-04-09T16:41:56.872+0000] {logging_mixin.py:188} INFO - [2024-04-09T16:41:56.872+0000] {dagbag.py:540} INFO - Filling up the DagBag from /home/airflow/.local/lib/python3.8/site-packages/airflow/example_dags/example_task_group.py
[2024-04-09T16:41:56.876+0000] {processor.py:840} INFO - DAG(s) 'example_task_group' retrieved from /home/airflow/.local/lib/python3.8/site-packages/airflow/example_dags/example_task_group.py
[2024-04-09T16:41:56.885+0000] {logging_mixin.py:188} INFO - [2024-04-09T16:41:56.885+0000] {dag.py:3047} INFO - Sync 1 DAGs
[2024-04-09T16:41:56.895+0000] {logging_mixin.py:188} INFO - [2024-04-09T16:41:56.894+0000] {dag.py:3834} INFO - Setting next_dagrun for example_task_group to 2024-04-08 00:00:00+00:00, run_after=2024-04-09 00:00:00+00:00
[2024-04-09T16:41:56.903+0000] {processor.py:183} INFO - Processing /home/airflow/.local/lib/python3.8/site-packages/airflow/example_dags/example_task_group.py took 0.033 seconds
[2024-04-09T16:42:27.713+0000] {processor.py:161} INFO - Started process (PID=884) to work on /home/airflow/.local/lib/python3.8/site-packages/airflow/example_dags/example_task_group.py
[2024-04-09T16:42:27.713+0000] {processor.py:830} INFO - Processing file /home/airflow/.local/lib/python3.8/site-packages/airflow/example_dags/example_task_group.py for tasks to queue
[2024-04-09T16:42:27.714+0000] {logging_mixin.py:188} INFO - [2024-04-09T16:42:27.714+0000] {dagbag.py:540} INFO - Filling up the DagBag from /home/airflow/.local/lib/python3.8/site-packages/airflow/example_dags/example_task_group.py
[2024-04-09T16:42:27.718+0000] {processor.py:840} INFO - DAG(s) 'example_task_group' retrieved from /home/airflow/.local/lib/python3.8/site-packages/airflow/example_dags/example_task_group.py
[2024-04-09T16:42:27.727+0000] {logging_mixin.py:188} INFO - [2024-04-09T16:42:27.727+0000] {dag.py:3047} INFO - Sync 1 DAGs
[2024-04-09T16:42:27.735+0000] {logging_mixin.py:188} INFO - [2024-04-09T16:42:27.735+0000] {dag.py:3834} INFO - Setting next_dagrun for example_task_group to 2024-04-08 00:00:00+00:00, run_after=2024-04-09 00:00:00+00:00
[2024-04-09T16:42:27.742+0000] {processor.py:183} INFO - Processing /home/airflow/.local/lib/python3.8/site-packages/airflow/example_dags/example_task_group.py took 0.031 seconds
[2024-04-09T16:42:58.506+0000] {processor.py:161} INFO - Started process (PID=948) to work on /home/airflow/.local/lib/python3.8/site-packages/airflow/example_dags/example_task_group.py
[2024-04-09T16:42:58.507+0000] {processor.py:830} INFO - Processing file /home/airflow/.local/lib/python3.8/site-packages/airflow/example_dags/example_task_group.py for tasks to queue
[2024-04-09T16:42:58.507+0000] {logging_mixin.py:188} INFO - [2024-04-09T16:42:58.507+0000] {dagbag.py:540} INFO - Filling up the DagBag from /home/airflow/.local/lib/python3.8/site-packages/airflow/example_dags/example_task_group.py
[2024-04-09T16:42:58.511+0000] {processor.py:840} INFO - DAG(s) 'example_task_group' retrieved from /home/airflow/.local/lib/python3.8/site-packages/airflow/example_dags/example_task_group.py
[2024-04-09T16:42:58.529+0000] {logging_mixin.py:188} INFO - [2024-04-09T16:42:58.529+0000] {dag.py:3047} INFO - Sync 1 DAGs
[2024-04-09T16:42:58.539+0000] {logging_mixin.py:188} INFO - [2024-04-09T16:42:58.539+0000] {dag.py:3834} INFO - Setting next_dagrun for example_task_group to 2024-04-08 00:00:00+00:00, run_after=2024-04-09 00:00:00+00:00
[2024-04-09T16:42:58.546+0000] {processor.py:183} INFO - Processing /home/airflow/.local/lib/python3.8/site-packages/airflow/example_dags/example_task_group.py took 0.042 seconds
[2024-04-09T16:43:29.616+0000] {processor.py:161} INFO - Started process (PID=1006) to work on /home/airflow/.local/lib/python3.8/site-packages/airflow/example_dags/example_task_group.py
[2024-04-09T16:43:29.617+0000] {processor.py:830} INFO - Processing file /home/airflow/.local/lib/python3.8/site-packages/airflow/example_dags/example_task_group.py for tasks to queue
[2024-04-09T16:43:29.618+0000] {logging_mixin.py:188} INFO - [2024-04-09T16:43:29.618+0000] {dagbag.py:540} INFO - Filling up the DagBag from /home/airflow/.local/lib/python3.8/site-packages/airflow/example_dags/example_task_group.py
[2024-04-09T16:43:29.622+0000] {processor.py:840} INFO - DAG(s) 'example_task_group' retrieved from /home/airflow/.local/lib/python3.8/site-packages/airflow/example_dags/example_task_group.py
[2024-04-09T16:43:29.632+0000] {logging_mixin.py:188} INFO - [2024-04-09T16:43:29.632+0000] {dag.py:3047} INFO - Sync 1 DAGs
[2024-04-09T16:43:29.641+0000] {logging_mixin.py:188} INFO - [2024-04-09T16:43:29.641+0000] {dag.py:3834} INFO - Setting next_dagrun for example_task_group to 2024-04-08 00:00:00+00:00, run_after=2024-04-09 00:00:00+00:00
[2024-04-09T16:43:29.648+0000] {processor.py:183} INFO - Processing /home/airflow/.local/lib/python3.8/site-packages/airflow/example_dags/example_task_group.py took 0.034 seconds
[2024-04-09T16:44:00.583+0000] {processor.py:161} INFO - Started process (PID=1064) to work on /home/airflow/.local/lib/python3.8/site-packages/airflow/example_dags/example_task_group.py
[2024-04-09T16:44:00.583+0000] {processor.py:830} INFO - Processing file /home/airflow/.local/lib/python3.8/site-packages/airflow/example_dags/example_task_group.py for tasks to queue
[2024-04-09T16:44:00.584+0000] {logging_mixin.py:188} INFO - [2024-04-09T16:44:00.584+0000] {dagbag.py:540} INFO - Filling up the DagBag from /home/airflow/.local/lib/python3.8/site-packages/airflow/example_dags/example_task_group.py
[2024-04-09T16:44:00.588+0000] {processor.py:840} INFO - DAG(s) 'example_task_group' retrieved from /home/airflow/.local/lib/python3.8/site-packages/airflow/example_dags/example_task_group.py
[2024-04-09T16:44:00.598+0000] {logging_mixin.py:188} INFO - [2024-04-09T16:44:00.597+0000] {dag.py:3047} INFO - Sync 1 DAGs
[2024-04-09T16:44:00.608+0000] {logging_mixin.py:188} INFO - [2024-04-09T16:44:00.608+0000] {dag.py:3834} INFO - Setting next_dagrun for example_task_group to 2024-04-08 00:00:00+00:00, run_after=2024-04-09 00:00:00+00:00
[2024-04-09T16:44:00.616+0000] {processor.py:183} INFO - Processing /home/airflow/.local/lib/python3.8/site-packages/airflow/example_dags/example_task_group.py took 0.035 seconds
[2024-04-09T16:44:30.756+0000] {processor.py:161} INFO - Started process (PID=1122) to work on /home/airflow/.local/lib/python3.8/site-packages/airflow/example_dags/example_task_group.py
[2024-04-09T16:44:30.756+0000] {processor.py:830} INFO - Processing file /home/airflow/.local/lib/python3.8/site-packages/airflow/example_dags/example_task_group.py for tasks to queue
[2024-04-09T16:44:30.757+0000] {logging_mixin.py:188} INFO - [2024-04-09T16:44:30.757+0000] {dagbag.py:540} INFO - Filling up the DagBag from /home/airflow/.local/lib/python3.8/site-packages/airflow/example_dags/example_task_group.py
[2024-04-09T16:44:30.761+0000] {processor.py:840} INFO - DAG(s) 'example_task_group' retrieved from /home/airflow/.local/lib/python3.8/site-packages/airflow/example_dags/example_task_group.py
[2024-04-09T16:44:30.778+0000] {logging_mixin.py:188} INFO - [2024-04-09T16:44:30.777+0000] {dag.py:3047} INFO - Sync 1 DAGs
[2024-04-09T16:44:30.787+0000] {logging_mixin.py:188} INFO - [2024-04-09T16:44:30.786+0000] {dag.py:3834} INFO - Setting next_dagrun for example_task_group to 2024-04-08 00:00:00+00:00, run_after=2024-04-09 00:00:00+00:00
[2024-04-09T16:44:30.794+0000] {processor.py:183} INFO - Processing /home/airflow/.local/lib/python3.8/site-packages/airflow/example_dags/example_task_group.py took 0.041 seconds
[2024-04-09T16:45:00.899+0000] {processor.py:161} INFO - Started process (PID=1179) to work on /home/airflow/.local/lib/python3.8/site-packages/airflow/example_dags/example_task_group.py
[2024-04-09T16:45:00.900+0000] {processor.py:830} INFO - Processing file /home/airflow/.local/lib/python3.8/site-packages/airflow/example_dags/example_task_group.py for tasks to queue
[2024-04-09T16:45:00.901+0000] {logging_mixin.py:188} INFO - [2024-04-09T16:45:00.900+0000] {dagbag.py:540} INFO - Filling up the DagBag from /home/airflow/.local/lib/python3.8/site-packages/airflow/example_dags/example_task_group.py
[2024-04-09T16:45:00.905+0000] {processor.py:840} INFO - DAG(s) 'example_task_group' retrieved from /home/airflow/.local/lib/python3.8/site-packages/airflow/example_dags/example_task_group.py
[2024-04-09T16:45:00.923+0000] {logging_mixin.py:188} INFO - [2024-04-09T16:45:00.923+0000] {dag.py:3047} INFO - Sync 1 DAGs
[2024-04-09T16:45:00.937+0000] {logging_mixin.py:188} INFO - [2024-04-09T16:45:00.937+0000] {dag.py:3834} INFO - Setting next_dagrun for example_task_group to 2024-04-08 00:00:00+00:00, run_after=2024-04-09 00:00:00+00:00
[2024-04-09T16:45:00.945+0000] {processor.py:183} INFO - Processing /home/airflow/.local/lib/python3.8/site-packages/airflow/example_dags/example_task_group.py took 0.048 seconds
[2024-04-09T16:45:31.239+0000] {processor.py:161} INFO - Started process (PID=1236) to work on /home/airflow/.local/lib/python3.8/site-packages/airflow/example_dags/example_task_group.py
[2024-04-09T16:45:31.240+0000] {processor.py:830} INFO - Processing file /home/airflow/.local/lib/python3.8/site-packages/airflow/example_dags/example_task_group.py for tasks to queue
[2024-04-09T16:45:31.241+0000] {logging_mixin.py:188} INFO - [2024-04-09T16:45:31.241+0000] {dagbag.py:540} INFO - Filling up the DagBag from /home/airflow/.local/lib/python3.8/site-packages/airflow/example_dags/example_task_group.py
[2024-04-09T16:45:31.244+0000] {processor.py:840} INFO - DAG(s) 'example_task_group' retrieved from /home/airflow/.local/lib/python3.8/site-packages/airflow/example_dags/example_task_group.py
[2024-04-09T16:45:31.253+0000] {logging_mixin.py:188} INFO - [2024-04-09T16:45:31.253+0000] {dag.py:3047} INFO - Sync 1 DAGs
[2024-04-09T16:45:31.262+0000] {logging_mixin.py:188} INFO - [2024-04-09T16:45:31.262+0000] {dag.py:3834} INFO - Setting next_dagrun for example_task_group to 2024-04-08 00:00:00+00:00, run_after=2024-04-09 00:00:00+00:00
[2024-04-09T16:45:31.269+0000] {processor.py:183} INFO - Processing /home/airflow/.local/lib/python3.8/site-packages/airflow/example_dags/example_task_group.py took 0.031 seconds
[2024-04-09T16:46:03.020+0000] {processor.py:161} INFO - Started process (PID=1301) to work on /home/airflow/.local/lib/python3.8/site-packages/airflow/example_dags/example_task_group.py
[2024-04-09T16:46:03.020+0000] {processor.py:830} INFO - Processing file /home/airflow/.local/lib/python3.8/site-packages/airflow/example_dags/example_task_group.py for tasks to queue
[2024-04-09T16:46:03.021+0000] {logging_mixin.py:188} INFO - [2024-04-09T16:46:03.021+0000] {dagbag.py:540} INFO - Filling up the DagBag from /home/airflow/.local/lib/python3.8/site-packages/airflow/example_dags/example_task_group.py
[2024-04-09T16:46:03.025+0000] {processor.py:840} INFO - DAG(s) 'example_task_group' retrieved from /home/airflow/.local/lib/python3.8/site-packages/airflow/example_dags/example_task_group.py
[2024-04-09T16:46:03.038+0000] {logging_mixin.py:188} INFO - [2024-04-09T16:46:03.037+0000] {dag.py:3047} INFO - Sync 1 DAGs
[2024-04-09T16:46:03.047+0000] {logging_mixin.py:188} INFO - [2024-04-09T16:46:03.047+0000] {dag.py:3834} INFO - Setting next_dagrun for example_task_group to 2024-04-08 00:00:00+00:00, run_after=2024-04-09 00:00:00+00:00
[2024-04-09T16:46:03.054+0000] {processor.py:183} INFO - Processing /home/airflow/.local/lib/python3.8/site-packages/airflow/example_dags/example_task_group.py took 0.036 seconds
[2024-04-09T16:46:34.037+0000] {processor.py:161} INFO - Started process (PID=1363) to work on /home/airflow/.local/lib/python3.8/site-packages/airflow/example_dags/example_task_group.py
[2024-04-09T16:46:34.041+0000] {processor.py:830} INFO - Processing file /home/airflow/.local/lib/python3.8/site-packages/airflow/example_dags/example_task_group.py for tasks to queue
[2024-04-09T16:46:34.043+0000] {logging_mixin.py:188} INFO - [2024-04-09T16:46:34.043+0000] {dagbag.py:540} INFO - Filling up the DagBag from /home/airflow/.local/lib/python3.8/site-packages/airflow/example_dags/example_task_group.py
[2024-04-09T16:46:34.064+0000] {processor.py:840} INFO - DAG(s) 'example_task_group' retrieved from /home/airflow/.local/lib/python3.8/site-packages/airflow/example_dags/example_task_group.py
[2024-04-09T16:46:34.114+0000] {logging_mixin.py:188} INFO - [2024-04-09T16:46:34.113+0000] {dag.py:3047} INFO - Sync 1 DAGs
[2024-04-09T16:46:34.184+0000] {logging_mixin.py:188} INFO - [2024-04-09T16:46:34.184+0000] {dag.py:3834} INFO - Setting next_dagrun for example_task_group to 2024-04-08 00:00:00+00:00, run_after=2024-04-09 00:00:00+00:00
[2024-04-09T16:46:34.242+0000] {processor.py:183} INFO - Processing /home/airflow/.local/lib/python3.8/site-packages/airflow/example_dags/example_task_group.py took 0.214 seconds
[2024-04-09T16:47:07.259+0000] {processor.py:161} INFO - Started process (PID=1444) to work on /home/airflow/.local/lib/python3.8/site-packages/airflow/example_dags/example_task_group.py
[2024-04-09T16:47:07.261+0000] {processor.py:830} INFO - Processing file /home/airflow/.local/lib/python3.8/site-packages/airflow/example_dags/example_task_group.py for tasks to queue
[2024-04-09T16:47:07.267+0000] {logging_mixin.py:188} INFO - [2024-04-09T16:47:07.267+0000] {dagbag.py:540} INFO - Filling up the DagBag from /home/airflow/.local/lib/python3.8/site-packages/airflow/example_dags/example_task_group.py
[2024-04-09T16:47:07.292+0000] {processor.py:840} INFO - DAG(s) 'example_task_group' retrieved from /home/airflow/.local/lib/python3.8/site-packages/airflow/example_dags/example_task_group.py
[2024-04-09T16:47:07.338+0000] {logging_mixin.py:188} INFO - [2024-04-09T16:47:07.338+0000] {dag.py:3047} INFO - Sync 1 DAGs
[2024-04-09T16:47:07.399+0000] {logging_mixin.py:188} INFO - [2024-04-09T16:47:07.399+0000] {dag.py:3834} INFO - Setting next_dagrun for example_task_group to 2024-04-08 00:00:00+00:00, run_after=2024-04-09 00:00:00+00:00
[2024-04-09T16:47:07.441+0000] {processor.py:183} INFO - Processing /home/airflow/.local/lib/python3.8/site-packages/airflow/example_dags/example_task_group.py took 0.190 seconds
[2024-04-09T16:47:43.271+0000] {processor.py:161} INFO - Started process (PID=1513) to work on /home/airflow/.local/lib/python3.8/site-packages/airflow/example_dags/example_task_group.py
[2024-04-09T16:47:43.273+0000] {processor.py:830} INFO - Processing file /home/airflow/.local/lib/python3.8/site-packages/airflow/example_dags/example_task_group.py for tasks to queue
[2024-04-09T16:47:43.276+0000] {logging_mixin.py:188} INFO - [2024-04-09T16:47:43.276+0000] {dagbag.py:540} INFO - Filling up the DagBag from /home/airflow/.local/lib/python3.8/site-packages/airflow/example_dags/example_task_group.py
[2024-04-09T16:47:43.296+0000] {processor.py:840} INFO - DAG(s) 'example_task_group' retrieved from /home/airflow/.local/lib/python3.8/site-packages/airflow/example_dags/example_task_group.py
[2024-04-09T16:47:43.385+0000] {logging_mixin.py:188} INFO - [2024-04-09T16:47:43.385+0000] {dag.py:3047} INFO - Sync 1 DAGs
[2024-04-09T16:47:43.440+0000] {logging_mixin.py:188} INFO - [2024-04-09T16:47:43.440+0000] {dag.py:3834} INFO - Setting next_dagrun for example_task_group to 2024-04-08 00:00:00+00:00, run_after=2024-04-09 00:00:00+00:00
[2024-04-09T16:47:43.492+0000] {processor.py:183} INFO - Processing /home/airflow/.local/lib/python3.8/site-packages/airflow/example_dags/example_task_group.py took 0.226 seconds
[2024-04-09T16:48:13.709+0000] {processor.py:161} INFO - Started process (PID=1570) to work on /home/airflow/.local/lib/python3.8/site-packages/airflow/example_dags/example_task_group.py
[2024-04-09T16:48:13.710+0000] {processor.py:830} INFO - Processing file /home/airflow/.local/lib/python3.8/site-packages/airflow/example_dags/example_task_group.py for tasks to queue
[2024-04-09T16:48:13.711+0000] {logging_mixin.py:188} INFO - [2024-04-09T16:48:13.711+0000] {dagbag.py:540} INFO - Filling up the DagBag from /home/airflow/.local/lib/python3.8/site-packages/airflow/example_dags/example_task_group.py
[2024-04-09T16:48:13.718+0000] {processor.py:840} INFO - DAG(s) 'example_task_group' retrieved from /home/airflow/.local/lib/python3.8/site-packages/airflow/example_dags/example_task_group.py
[2024-04-09T16:48:13.820+0000] {logging_mixin.py:188} INFO - [2024-04-09T16:48:13.819+0000] {dag.py:3047} INFO - Sync 1 DAGs
[2024-04-09T16:48:13.855+0000] {logging_mixin.py:188} INFO - [2024-04-09T16:48:13.855+0000] {dag.py:3834} INFO - Setting next_dagrun for example_task_group to 2024-04-08 00:00:00+00:00, run_after=2024-04-09 00:00:00+00:00
[2024-04-09T16:48:13.871+0000] {processor.py:183} INFO - Processing /home/airflow/.local/lib/python3.8/site-packages/airflow/example_dags/example_task_group.py took 0.165 seconds
[2024-04-09T16:48:44.105+0000] {processor.py:161} INFO - Started process (PID=1627) to work on /home/airflow/.local/lib/python3.8/site-packages/airflow/example_dags/example_task_group.py
[2024-04-09T16:48:44.106+0000] {processor.py:830} INFO - Processing file /home/airflow/.local/lib/python3.8/site-packages/airflow/example_dags/example_task_group.py for tasks to queue
[2024-04-09T16:48:44.107+0000] {logging_mixin.py:188} INFO - [2024-04-09T16:48:44.106+0000] {dagbag.py:540} INFO - Filling up the DagBag from /home/airflow/.local/lib/python3.8/site-packages/airflow/example_dags/example_task_group.py
[2024-04-09T16:48:44.110+0000] {processor.py:840} INFO - DAG(s) 'example_task_group' retrieved from /home/airflow/.local/lib/python3.8/site-packages/airflow/example_dags/example_task_group.py
[2024-04-09T16:48:44.121+0000] {logging_mixin.py:188} INFO - [2024-04-09T16:48:44.121+0000] {dag.py:3047} INFO - Sync 1 DAGs
[2024-04-09T16:48:44.131+0000] {logging_mixin.py:188} INFO - [2024-04-09T16:48:44.131+0000] {dag.py:3834} INFO - Setting next_dagrun for example_task_group to 2024-04-08 00:00:00+00:00, run_after=2024-04-09 00:00:00+00:00
[2024-04-09T16:48:44.141+0000] {processor.py:183} INFO - Processing /home/airflow/.local/lib/python3.8/site-packages/airflow/example_dags/example_task_group.py took 0.037 seconds
[2024-04-09T16:49:14.452+0000] {processor.py:161} INFO - Started process (PID=1684) to work on /home/airflow/.local/lib/python3.8/site-packages/airflow/example_dags/example_task_group.py
[2024-04-09T16:49:14.453+0000] {processor.py:830} INFO - Processing file /home/airflow/.local/lib/python3.8/site-packages/airflow/example_dags/example_task_group.py for tasks to queue
[2024-04-09T16:49:14.454+0000] {logging_mixin.py:188} INFO - [2024-04-09T16:49:14.454+0000] {dagbag.py:540} INFO - Filling up the DagBag from /home/airflow/.local/lib/python3.8/site-packages/airflow/example_dags/example_task_group.py
[2024-04-09T16:49:14.458+0000] {processor.py:840} INFO - DAG(s) 'example_task_group' retrieved from /home/airflow/.local/lib/python3.8/site-packages/airflow/example_dags/example_task_group.py
[2024-04-09T16:49:14.467+0000] {logging_mixin.py:188} INFO - [2024-04-09T16:49:14.467+0000] {dag.py:3047} INFO - Sync 1 DAGs
[2024-04-09T16:49:14.477+0000] {logging_mixin.py:188} INFO - [2024-04-09T16:49:14.477+0000] {dag.py:3834} INFO - Setting next_dagrun for example_task_group to 2024-04-08 00:00:00+00:00, run_after=2024-04-09 00:00:00+00:00
[2024-04-09T16:49:14.484+0000] {processor.py:183} INFO - Processing /home/airflow/.local/lib/python3.8/site-packages/airflow/example_dags/example_task_group.py took 0.034 seconds
[2024-04-09T16:49:45.337+0000] {processor.py:161} INFO - Started process (PID=1741) to work on /home/airflow/.local/lib/python3.8/site-packages/airflow/example_dags/example_task_group.py
[2024-04-09T16:49:45.338+0000] {processor.py:830} INFO - Processing file /home/airflow/.local/lib/python3.8/site-packages/airflow/example_dags/example_task_group.py for tasks to queue
[2024-04-09T16:49:45.339+0000] {logging_mixin.py:188} INFO - [2024-04-09T16:49:45.339+0000] {dagbag.py:540} INFO - Filling up the DagBag from /home/airflow/.local/lib/python3.8/site-packages/airflow/example_dags/example_task_group.py
[2024-04-09T16:49:45.344+0000] {processor.py:840} INFO - DAG(s) 'example_task_group' retrieved from /home/airflow/.local/lib/python3.8/site-packages/airflow/example_dags/example_task_group.py
[2024-04-09T16:49:45.355+0000] {logging_mixin.py:188} INFO - [2024-04-09T16:49:45.355+0000] {dag.py:3047} INFO - Sync 1 DAGs
[2024-04-09T16:49:45.367+0000] {logging_mixin.py:188} INFO - [2024-04-09T16:49:45.367+0000] {dag.py:3834} INFO - Setting next_dagrun for example_task_group to 2024-04-08 00:00:00+00:00, run_after=2024-04-09 00:00:00+00:00
[2024-04-09T16:49:45.377+0000] {processor.py:183} INFO - Processing /home/airflow/.local/lib/python3.8/site-packages/airflow/example_dags/example_task_group.py took 0.043 seconds
[2024-04-09T16:50:15.477+0000] {processor.py:161} INFO - Started process (PID=1798) to work on /home/airflow/.local/lib/python3.8/site-packages/airflow/example_dags/example_task_group.py
[2024-04-09T16:50:15.477+0000] {processor.py:830} INFO - Processing file /home/airflow/.local/lib/python3.8/site-packages/airflow/example_dags/example_task_group.py for tasks to queue
[2024-04-09T16:50:15.478+0000] {logging_mixin.py:188} INFO - [2024-04-09T16:50:15.478+0000] {dagbag.py:540} INFO - Filling up the DagBag from /home/airflow/.local/lib/python3.8/site-packages/airflow/example_dags/example_task_group.py
[2024-04-09T16:50:15.481+0000] {processor.py:840} INFO - DAG(s) 'example_task_group' retrieved from /home/airflow/.local/lib/python3.8/site-packages/airflow/example_dags/example_task_group.py
[2024-04-09T16:50:15.491+0000] {logging_mixin.py:188} INFO - [2024-04-09T16:50:15.491+0000] {dag.py:3047} INFO - Sync 1 DAGs
[2024-04-09T16:50:15.500+0000] {logging_mixin.py:188} INFO - [2024-04-09T16:50:15.500+0000] {dag.py:3834} INFO - Setting next_dagrun for example_task_group to 2024-04-08 00:00:00+00:00, run_after=2024-04-09 00:00:00+00:00
[2024-04-09T16:50:15.508+0000] {processor.py:183} INFO - Processing /home/airflow/.local/lib/python3.8/site-packages/airflow/example_dags/example_task_group.py took 0.033 seconds
[2024-04-09T16:50:45.602+0000] {processor.py:161} INFO - Started process (PID=1855) to work on /home/airflow/.local/lib/python3.8/site-packages/airflow/example_dags/example_task_group.py
[2024-04-09T16:50:45.603+0000] {processor.py:830} INFO - Processing file /home/airflow/.local/lib/python3.8/site-packages/airflow/example_dags/example_task_group.py for tasks to queue
[2024-04-09T16:50:45.604+0000] {logging_mixin.py:188} INFO - [2024-04-09T16:50:45.603+0000] {dagbag.py:540} INFO - Filling up the DagBag from /home/airflow/.local/lib/python3.8/site-packages/airflow/example_dags/example_task_group.py
[2024-04-09T16:50:45.607+0000] {processor.py:840} INFO - DAG(s) 'example_task_group' retrieved from /home/airflow/.local/lib/python3.8/site-packages/airflow/example_dags/example_task_group.py
[2024-04-09T16:50:45.617+0000] {logging_mixin.py:188} INFO - [2024-04-09T16:50:45.617+0000] {dag.py:3047} INFO - Sync 1 DAGs
[2024-04-09T16:50:45.626+0000] {logging_mixin.py:188} INFO - [2024-04-09T16:50:45.626+0000] {dag.py:3834} INFO - Setting next_dagrun for example_task_group to 2024-04-08 00:00:00+00:00, run_after=2024-04-09 00:00:00+00:00
[2024-04-09T16:50:45.634+0000] {processor.py:183} INFO - Processing /home/airflow/.local/lib/python3.8/site-packages/airflow/example_dags/example_task_group.py took 0.033 seconds
[2024-04-09T16:51:16.070+0000] {processor.py:161} INFO - Started process (PID=1913) to work on /home/airflow/.local/lib/python3.8/site-packages/airflow/example_dags/example_task_group.py
[2024-04-09T16:51:16.071+0000] {processor.py:830} INFO - Processing file /home/airflow/.local/lib/python3.8/site-packages/airflow/example_dags/example_task_group.py for tasks to queue
[2024-04-09T16:51:16.073+0000] {logging_mixin.py:188} INFO - [2024-04-09T16:51:16.073+0000] {dagbag.py:540} INFO - Filling up the DagBag from /home/airflow/.local/lib/python3.8/site-packages/airflow/example_dags/example_task_group.py
[2024-04-09T16:51:16.077+0000] {processor.py:840} INFO - DAG(s) 'example_task_group' retrieved from /home/airflow/.local/lib/python3.8/site-packages/airflow/example_dags/example_task_group.py
[2024-04-09T16:51:16.088+0000] {logging_mixin.py:188} INFO - [2024-04-09T16:51:16.088+0000] {dag.py:3047} INFO - Sync 1 DAGs
[2024-04-09T16:51:16.098+0000] {logging_mixin.py:188} INFO - [2024-04-09T16:51:16.098+0000] {dag.py:3834} INFO - Setting next_dagrun for example_task_group to 2024-04-08 00:00:00+00:00, run_after=2024-04-09 00:00:00+00:00
[2024-04-09T16:51:16.106+0000] {processor.py:183} INFO - Processing /home/airflow/.local/lib/python3.8/site-packages/airflow/example_dags/example_task_group.py took 0.037 seconds
[2024-04-09T16:51:46.143+0000] {processor.py:161} INFO - Started process (PID=1970) to work on /home/airflow/.local/lib/python3.8/site-packages/airflow/example_dags/example_task_group.py
[2024-04-09T16:51:46.144+0000] {processor.py:830} INFO - Processing file /home/airflow/.local/lib/python3.8/site-packages/airflow/example_dags/example_task_group.py for tasks to queue
[2024-04-09T16:51:46.145+0000] {logging_mixin.py:188} INFO - [2024-04-09T16:51:46.145+0000] {dagbag.py:540} INFO - Filling up the DagBag from /home/airflow/.local/lib/python3.8/site-packages/airflow/example_dags/example_task_group.py
[2024-04-09T16:51:46.150+0000] {processor.py:840} INFO - DAG(s) 'example_task_group' retrieved from /home/airflow/.local/lib/python3.8/site-packages/airflow/example_dags/example_task_group.py
[2024-04-09T16:51:46.161+0000] {logging_mixin.py:188} INFO - [2024-04-09T16:51:46.161+0000] {dag.py:3047} INFO - Sync 1 DAGs
[2024-04-09T16:51:46.172+0000] {logging_mixin.py:188} INFO - [2024-04-09T16:51:46.172+0000] {dag.py:3834} INFO - Setting next_dagrun for example_task_group to 2024-04-08 00:00:00+00:00, run_after=2024-04-09 00:00:00+00:00
[2024-04-09T16:51:46.179+0000] {processor.py:183} INFO - Processing /home/airflow/.local/lib/python3.8/site-packages/airflow/example_dags/example_task_group.py took 0.039 seconds
[2024-04-09T16:52:17.172+0000] {processor.py:161} INFO - Started process (PID=2029) to work on /home/airflow/.local/lib/python3.8/site-packages/airflow/example_dags/example_task_group.py
[2024-04-09T16:52:17.174+0000] {processor.py:830} INFO - Processing file /home/airflow/.local/lib/python3.8/site-packages/airflow/example_dags/example_task_group.py for tasks to queue
[2024-04-09T16:52:17.175+0000] {logging_mixin.py:188} INFO - [2024-04-09T16:52:17.175+0000] {dagbag.py:540} INFO - Filling up the DagBag from /home/airflow/.local/lib/python3.8/site-packages/airflow/example_dags/example_task_group.py
[2024-04-09T16:52:17.181+0000] {processor.py:840} INFO - DAG(s) 'example_task_group' retrieved from /home/airflow/.local/lib/python3.8/site-packages/airflow/example_dags/example_task_group.py
[2024-04-09T16:52:17.197+0000] {logging_mixin.py:188} INFO - [2024-04-09T16:52:17.197+0000] {dag.py:3047} INFO - Sync 1 DAGs
[2024-04-09T16:52:17.211+0000] {logging_mixin.py:188} INFO - [2024-04-09T16:52:17.211+0000] {dag.py:3834} INFO - Setting next_dagrun for example_task_group to 2024-04-08 00:00:00+00:00, run_after=2024-04-09 00:00:00+00:00
[2024-04-09T16:52:17.221+0000] {processor.py:183} INFO - Processing /home/airflow/.local/lib/python3.8/site-packages/airflow/example_dags/example_task_group.py took 0.052 seconds
[2024-04-09T16:52:47.418+0000] {processor.py:161} INFO - Started process (PID=2108) to work on /home/airflow/.local/lib/python3.8/site-packages/airflow/example_dags/example_task_group.py
[2024-04-09T16:52:47.420+0000] {processor.py:830} INFO - Processing file /home/airflow/.local/lib/python3.8/site-packages/airflow/example_dags/example_task_group.py for tasks to queue
[2024-04-09T16:52:47.421+0000] {logging_mixin.py:188} INFO - [2024-04-09T16:52:47.421+0000] {dagbag.py:540} INFO - Filling up the DagBag from /home/airflow/.local/lib/python3.8/site-packages/airflow/example_dags/example_task_group.py
[2024-04-09T16:52:47.425+0000] {processor.py:840} INFO - DAG(s) 'example_task_group' retrieved from /home/airflow/.local/lib/python3.8/site-packages/airflow/example_dags/example_task_group.py
[2024-04-09T16:52:47.436+0000] {logging_mixin.py:188} INFO - [2024-04-09T16:52:47.436+0000] {dag.py:3047} INFO - Sync 1 DAGs
[2024-04-09T16:52:47.454+0000] {logging_mixin.py:188} INFO - [2024-04-09T16:52:47.454+0000] {dag.py:3834} INFO - Setting next_dagrun for example_task_group to 2024-04-08 00:00:00+00:00, run_after=2024-04-09 00:00:00+00:00
[2024-04-09T16:52:47.464+0000] {processor.py:183} INFO - Processing /home/airflow/.local/lib/python3.8/site-packages/airflow/example_dags/example_task_group.py took 0.048 seconds
[2024-04-09T16:53:18.579+0000] {processor.py:161} INFO - Started process (PID=2187) to work on /home/airflow/.local/lib/python3.8/site-packages/airflow/example_dags/example_task_group.py
[2024-04-09T16:53:18.582+0000] {processor.py:830} INFO - Processing file /home/airflow/.local/lib/python3.8/site-packages/airflow/example_dags/example_task_group.py for tasks to queue
[2024-04-09T16:53:18.585+0000] {logging_mixin.py:188} INFO - [2024-04-09T16:53:18.585+0000] {dagbag.py:540} INFO - Filling up the DagBag from /home/airflow/.local/lib/python3.8/site-packages/airflow/example_dags/example_task_group.py
[2024-04-09T16:53:18.617+0000] {processor.py:840} INFO - DAG(s) 'example_task_group' retrieved from /home/airflow/.local/lib/python3.8/site-packages/airflow/example_dags/example_task_group.py
[2024-04-09T16:53:18.724+0000] {logging_mixin.py:188} INFO - [2024-04-09T16:53:18.719+0000] {dag.py:3047} INFO - Sync 1 DAGs
[2024-04-09T16:53:18.794+0000] {logging_mixin.py:188} INFO - [2024-04-09T16:53:18.794+0000] {dag.py:3834} INFO - Setting next_dagrun for example_task_group to 2024-04-08 00:00:00+00:00, run_after=2024-04-09 00:00:00+00:00
[2024-04-09T16:53:18.847+0000] {processor.py:183} INFO - Processing /home/airflow/.local/lib/python3.8/site-packages/airflow/example_dags/example_task_group.py took 0.272 seconds
[2024-04-09T16:53:50.324+0000] {processor.py:161} INFO - Started process (PID=2266) to work on /home/airflow/.local/lib/python3.8/site-packages/airflow/example_dags/example_task_group.py
[2024-04-09T16:53:50.327+0000] {processor.py:830} INFO - Processing file /home/airflow/.local/lib/python3.8/site-packages/airflow/example_dags/example_task_group.py for tasks to queue
[2024-04-09T16:53:50.331+0000] {logging_mixin.py:188} INFO - [2024-04-09T16:53:50.330+0000] {dagbag.py:540} INFO - Filling up the DagBag from /home/airflow/.local/lib/python3.8/site-packages/airflow/example_dags/example_task_group.py
[2024-04-09T16:53:50.355+0000] {processor.py:840} INFO - DAG(s) 'example_task_group' retrieved from /home/airflow/.local/lib/python3.8/site-packages/airflow/example_dags/example_task_group.py
[2024-04-09T16:53:50.459+0000] {logging_mixin.py:188} INFO - [2024-04-09T16:53:50.458+0000] {dag.py:3047} INFO - Sync 1 DAGs
[2024-04-09T16:53:50.525+0000] {logging_mixin.py:188} INFO - [2024-04-09T16:53:50.525+0000] {dag.py:3834} INFO - Setting next_dagrun for example_task_group to 2024-04-08 00:00:00+00:00, run_after=2024-04-09 00:00:00+00:00
[2024-04-09T16:53:50.580+0000] {processor.py:183} INFO - Processing /home/airflow/.local/lib/python3.8/site-packages/airflow/example_dags/example_task_group.py took 0.266 seconds
[2024-04-09T16:54:21.642+0000] {processor.py:161} INFO - Started process (PID=2336) to work on /home/airflow/.local/lib/python3.8/site-packages/airflow/example_dags/example_task_group.py
[2024-04-09T16:54:21.649+0000] {processor.py:830} INFO - Processing file /home/airflow/.local/lib/python3.8/site-packages/airflow/example_dags/example_task_group.py for tasks to queue
[2024-04-09T16:54:21.653+0000] {logging_mixin.py:188} INFO - [2024-04-09T16:54:21.652+0000] {dagbag.py:540} INFO - Filling up the DagBag from /home/airflow/.local/lib/python3.8/site-packages/airflow/example_dags/example_task_group.py
[2024-04-09T16:54:21.704+0000] {processor.py:840} INFO - DAG(s) 'example_task_group' retrieved from /home/airflow/.local/lib/python3.8/site-packages/airflow/example_dags/example_task_group.py
[2024-04-09T16:54:21.827+0000] {logging_mixin.py:188} INFO - [2024-04-09T16:54:21.826+0000] {dag.py:3047} INFO - Sync 1 DAGs
[2024-04-09T16:54:22.012+0000] {logging_mixin.py:188} INFO - [2024-04-09T16:54:22.004+0000] {dag.py:3834} INFO - Setting next_dagrun for example_task_group to 2024-04-08 00:00:00+00:00, run_after=2024-04-09 00:00:00+00:00
[2024-04-09T16:54:22.154+0000] {processor.py:183} INFO - Processing /home/airflow/.local/lib/python3.8/site-packages/airflow/example_dags/example_task_group.py took 0.534 seconds
