[2024-04-09T16:35:18.024+0000] {processor.py:161} INFO - Started process (PID=69) to work on /home/airflow/.local/lib/python3.8/site-packages/airflow/example_dags/example_branch_operator.py
[2024-04-09T16:35:18.027+0000] {processor.py:830} INFO - Processing file /home/airflow/.local/lib/python3.8/site-packages/airflow/example_dags/example_branch_operator.py for tasks to queue
[2024-04-09T16:35:18.030+0000] {logging_mixin.py:188} INFO - [2024-04-09T16:35:18.029+0000] {dagbag.py:540} INFO - Filling up the DagBag from /home/airflow/.local/lib/python3.8/site-packages/airflow/example_dags/example_branch_operator.py
[2024-04-09T16:35:18.086+0000] {processor.py:840} INFO - DAG(s) 'example_branch_operator' retrieved from /home/airflow/.local/lib/python3.8/site-packages/airflow/example_dags/example_branch_operator.py
[2024-04-09T16:35:18.115+0000] {logging_mixin.py:188} INFO - [2024-04-09T16:35:18.115+0000] {dag.py:3047} INFO - Sync 1 DAGs
[2024-04-09T16:35:18.187+0000] {logging_mixin.py:188} INFO - [2024-04-09T16:35:18.186+0000] {dag.py:3834} INFO - Setting next_dagrun for example_branch_operator to 2024-04-08 00:00:00+00:00, run_after=2024-04-09 00:00:00+00:00
[2024-04-09T16:35:18.202+0000] {processor.py:183} INFO - Processing /home/airflow/.local/lib/python3.8/site-packages/airflow/example_dags/example_branch_operator.py took 0.185 seconds
[2024-04-09T16:35:48.924+0000] {processor.py:161} INFO - Started process (PID=126) to work on /home/airflow/.local/lib/python3.8/site-packages/airflow/example_dags/example_branch_operator.py
[2024-04-09T16:35:48.924+0000] {processor.py:830} INFO - Processing file /home/airflow/.local/lib/python3.8/site-packages/airflow/example_dags/example_branch_operator.py for tasks to queue
[2024-04-09T16:35:48.925+0000] {logging_mixin.py:188} INFO - [2024-04-09T16:35:48.925+0000] {dagbag.py:540} INFO - Filling up the DagBag from /home/airflow/.local/lib/python3.8/site-packages/airflow/example_dags/example_branch_operator.py
[2024-04-09T16:35:48.933+0000] {processor.py:840} INFO - DAG(s) 'example_branch_operator' retrieved from /home/airflow/.local/lib/python3.8/site-packages/airflow/example_dags/example_branch_operator.py
[2024-04-09T16:35:48.979+0000] {logging_mixin.py:188} INFO - [2024-04-09T16:35:48.978+0000] {dag.py:3047} INFO - Sync 1 DAGs
[2024-04-09T16:35:48.987+0000] {logging_mixin.py:188} INFO - [2024-04-09T16:35:48.987+0000] {dag.py:3834} INFO - Setting next_dagrun for example_branch_operator to 2024-04-08 00:00:00+00:00, run_after=2024-04-09 00:00:00+00:00
[2024-04-09T16:35:48.994+0000] {processor.py:183} INFO - Processing /home/airflow/.local/lib/python3.8/site-packages/airflow/example_dags/example_branch_operator.py took 0.072 seconds
[2024-04-09T16:36:19.347+0000] {processor.py:161} INFO - Started process (PID=183) to work on /home/airflow/.local/lib/python3.8/site-packages/airflow/example_dags/example_branch_operator.py
[2024-04-09T16:36:19.348+0000] {processor.py:830} INFO - Processing file /home/airflow/.local/lib/python3.8/site-packages/airflow/example_dags/example_branch_operator.py for tasks to queue
[2024-04-09T16:36:19.348+0000] {logging_mixin.py:188} INFO - [2024-04-09T16:36:19.348+0000] {dagbag.py:540} INFO - Filling up the DagBag from /home/airflow/.local/lib/python3.8/site-packages/airflow/example_dags/example_branch_operator.py
[2024-04-09T16:36:19.356+0000] {processor.py:840} INFO - DAG(s) 'example_branch_operator' retrieved from /home/airflow/.local/lib/python3.8/site-packages/airflow/example_dags/example_branch_operator.py
[2024-04-09T16:36:19.368+0000] {logging_mixin.py:188} INFO - [2024-04-09T16:36:19.368+0000] {dag.py:3047} INFO - Sync 1 DAGs
[2024-04-09T16:36:19.378+0000] {logging_mixin.py:188} INFO - [2024-04-09T16:36:19.378+0000] {dag.py:3834} INFO - Setting next_dagrun for example_branch_operator to 2024-04-08 00:00:00+00:00, run_after=2024-04-09 00:00:00+00:00
[2024-04-09T16:36:19.385+0000] {processor.py:183} INFO - Processing /home/airflow/.local/lib/python3.8/site-packages/airflow/example_dags/example_branch_operator.py took 0.040 seconds
[2024-04-09T16:36:50.179+0000] {processor.py:161} INFO - Started process (PID=240) to work on /home/airflow/.local/lib/python3.8/site-packages/airflow/example_dags/example_branch_operator.py
[2024-04-09T16:36:50.179+0000] {processor.py:830} INFO - Processing file /home/airflow/.local/lib/python3.8/site-packages/airflow/example_dags/example_branch_operator.py for tasks to queue
[2024-04-09T16:36:50.180+0000] {logging_mixin.py:188} INFO - [2024-04-09T16:36:50.180+0000] {dagbag.py:540} INFO - Filling up the DagBag from /home/airflow/.local/lib/python3.8/site-packages/airflow/example_dags/example_branch_operator.py
[2024-04-09T16:36:50.189+0000] {processor.py:840} INFO - DAG(s) 'example_branch_operator' retrieved from /home/airflow/.local/lib/python3.8/site-packages/airflow/example_dags/example_branch_operator.py
[2024-04-09T16:36:50.201+0000] {logging_mixin.py:188} INFO - [2024-04-09T16:36:50.201+0000] {dag.py:3047} INFO - Sync 1 DAGs
[2024-04-09T16:36:50.210+0000] {logging_mixin.py:188} INFO - [2024-04-09T16:36:50.210+0000] {dag.py:3834} INFO - Setting next_dagrun for example_branch_operator to 2024-04-08 00:00:00+00:00, run_after=2024-04-09 00:00:00+00:00
[2024-04-09T16:36:50.218+0000] {processor.py:183} INFO - Processing /home/airflow/.local/lib/python3.8/site-packages/airflow/example_dags/example_branch_operator.py took 0.041 seconds
[2024-04-09T16:37:21.198+0000] {processor.py:161} INFO - Started process (PID=297) to work on /home/airflow/.local/lib/python3.8/site-packages/airflow/example_dags/example_branch_operator.py
[2024-04-09T16:37:21.199+0000] {processor.py:830} INFO - Processing file /home/airflow/.local/lib/python3.8/site-packages/airflow/example_dags/example_branch_operator.py for tasks to queue
[2024-04-09T16:37:21.200+0000] {logging_mixin.py:188} INFO - [2024-04-09T16:37:21.200+0000] {dagbag.py:540} INFO - Filling up the DagBag from /home/airflow/.local/lib/python3.8/site-packages/airflow/example_dags/example_branch_operator.py
[2024-04-09T16:37:21.210+0000] {processor.py:840} INFO - DAG(s) 'example_branch_operator' retrieved from /home/airflow/.local/lib/python3.8/site-packages/airflow/example_dags/example_branch_operator.py
[2024-04-09T16:37:21.223+0000] {logging_mixin.py:188} INFO - [2024-04-09T16:37:21.223+0000] {dag.py:3047} INFO - Sync 1 DAGs
[2024-04-09T16:37:21.233+0000] {logging_mixin.py:188} INFO - [2024-04-09T16:37:21.232+0000] {dag.py:3834} INFO - Setting next_dagrun for example_branch_operator to 2024-04-08 00:00:00+00:00, run_after=2024-04-09 00:00:00+00:00
[2024-04-09T16:37:21.240+0000] {processor.py:183} INFO - Processing /home/airflow/.local/lib/python3.8/site-packages/airflow/example_dags/example_branch_operator.py took 0.045 seconds
[2024-04-09T16:37:51.929+0000] {processor.py:161} INFO - Started process (PID=354) to work on /home/airflow/.local/lib/python3.8/site-packages/airflow/example_dags/example_branch_operator.py
[2024-04-09T16:37:51.929+0000] {processor.py:830} INFO - Processing file /home/airflow/.local/lib/python3.8/site-packages/airflow/example_dags/example_branch_operator.py for tasks to queue
[2024-04-09T16:37:51.930+0000] {logging_mixin.py:188} INFO - [2024-04-09T16:37:51.930+0000] {dagbag.py:540} INFO - Filling up the DagBag from /home/airflow/.local/lib/python3.8/site-packages/airflow/example_dags/example_branch_operator.py
[2024-04-09T16:37:51.938+0000] {processor.py:840} INFO - DAG(s) 'example_branch_operator' retrieved from /home/airflow/.local/lib/python3.8/site-packages/airflow/example_dags/example_branch_operator.py
[2024-04-09T16:37:51.951+0000] {logging_mixin.py:188} INFO - [2024-04-09T16:37:51.951+0000] {dag.py:3047} INFO - Sync 1 DAGs
[2024-04-09T16:37:51.960+0000] {logging_mixin.py:188} INFO - [2024-04-09T16:37:51.960+0000] {dag.py:3834} INFO - Setting next_dagrun for example_branch_operator to 2024-04-08 00:00:00+00:00, run_after=2024-04-09 00:00:00+00:00
[2024-04-09T16:37:51.967+0000] {processor.py:183} INFO - Processing /home/airflow/.local/lib/python3.8/site-packages/airflow/example_dags/example_branch_operator.py took 0.039 seconds
[2024-04-09T16:38:22.821+0000] {processor.py:161} INFO - Started process (PID=411) to work on /home/airflow/.local/lib/python3.8/site-packages/airflow/example_dags/example_branch_operator.py
[2024-04-09T16:38:22.822+0000] {processor.py:830} INFO - Processing file /home/airflow/.local/lib/python3.8/site-packages/airflow/example_dags/example_branch_operator.py for tasks to queue
[2024-04-09T16:38:22.823+0000] {logging_mixin.py:188} INFO - [2024-04-09T16:38:22.823+0000] {dagbag.py:540} INFO - Filling up the DagBag from /home/airflow/.local/lib/python3.8/site-packages/airflow/example_dags/example_branch_operator.py
[2024-04-09T16:38:22.831+0000] {processor.py:840} INFO - DAG(s) 'example_branch_operator' retrieved from /home/airflow/.local/lib/python3.8/site-packages/airflow/example_dags/example_branch_operator.py
[2024-04-09T16:38:22.847+0000] {logging_mixin.py:188} INFO - [2024-04-09T16:38:22.847+0000] {dag.py:3047} INFO - Sync 1 DAGs
[2024-04-09T16:38:22.857+0000] {logging_mixin.py:188} INFO - [2024-04-09T16:38:22.857+0000] {dag.py:3834} INFO - Setting next_dagrun for example_branch_operator to 2024-04-08 00:00:00+00:00, run_after=2024-04-09 00:00:00+00:00
[2024-04-09T16:38:22.865+0000] {processor.py:183} INFO - Processing /home/airflow/.local/lib/python3.8/site-packages/airflow/example_dags/example_branch_operator.py took 0.045 seconds
[2024-04-09T16:38:53.549+0000] {processor.py:161} INFO - Started process (PID=468) to work on /home/airflow/.local/lib/python3.8/site-packages/airflow/example_dags/example_branch_operator.py
[2024-04-09T16:38:53.550+0000] {processor.py:830} INFO - Processing file /home/airflow/.local/lib/python3.8/site-packages/airflow/example_dags/example_branch_operator.py for tasks to queue
[2024-04-09T16:38:53.550+0000] {logging_mixin.py:188} INFO - [2024-04-09T16:38:53.550+0000] {dagbag.py:540} INFO - Filling up the DagBag from /home/airflow/.local/lib/python3.8/site-packages/airflow/example_dags/example_branch_operator.py
[2024-04-09T16:38:53.559+0000] {processor.py:840} INFO - DAG(s) 'example_branch_operator' retrieved from /home/airflow/.local/lib/python3.8/site-packages/airflow/example_dags/example_branch_operator.py
[2024-04-09T16:38:53.572+0000] {logging_mixin.py:188} INFO - [2024-04-09T16:38:53.572+0000] {dag.py:3047} INFO - Sync 1 DAGs
[2024-04-09T16:38:53.583+0000] {logging_mixin.py:188} INFO - [2024-04-09T16:38:53.583+0000] {dag.py:3834} INFO - Setting next_dagrun for example_branch_operator to 2024-04-08 00:00:00+00:00, run_after=2024-04-09 00:00:00+00:00
[2024-04-09T16:38:53.591+0000] {processor.py:183} INFO - Processing /home/airflow/.local/lib/python3.8/site-packages/airflow/example_dags/example_branch_operator.py took 0.043 seconds
[2024-04-09T16:39:24.303+0000] {processor.py:161} INFO - Started process (PID=525) to work on /home/airflow/.local/lib/python3.8/site-packages/airflow/example_dags/example_branch_operator.py
[2024-04-09T16:39:24.304+0000] {processor.py:830} INFO - Processing file /home/airflow/.local/lib/python3.8/site-packages/airflow/example_dags/example_branch_operator.py for tasks to queue
[2024-04-09T16:39:24.305+0000] {logging_mixin.py:188} INFO - [2024-04-09T16:39:24.304+0000] {dagbag.py:540} INFO - Filling up the DagBag from /home/airflow/.local/lib/python3.8/site-packages/airflow/example_dags/example_branch_operator.py
[2024-04-09T16:39:24.313+0000] {processor.py:840} INFO - DAG(s) 'example_branch_operator' retrieved from /home/airflow/.local/lib/python3.8/site-packages/airflow/example_dags/example_branch_operator.py
[2024-04-09T16:39:24.325+0000] {logging_mixin.py:188} INFO - [2024-04-09T16:39:24.325+0000] {dag.py:3047} INFO - Sync 1 DAGs
[2024-04-09T16:39:24.334+0000] {logging_mixin.py:188} INFO - [2024-04-09T16:39:24.334+0000] {dag.py:3834} INFO - Setting next_dagrun for example_branch_operator to 2024-04-08 00:00:00+00:00, run_after=2024-04-09 00:00:00+00:00
[2024-04-09T16:39:24.341+0000] {processor.py:183} INFO - Processing /home/airflow/.local/lib/python3.8/site-packages/airflow/example_dags/example_branch_operator.py took 0.039 seconds
[2024-04-09T16:39:54.613+0000] {processor.py:161} INFO - Started process (PID=582) to work on /home/airflow/.local/lib/python3.8/site-packages/airflow/example_dags/example_branch_operator.py
[2024-04-09T16:39:54.614+0000] {processor.py:830} INFO - Processing file /home/airflow/.local/lib/python3.8/site-packages/airflow/example_dags/example_branch_operator.py for tasks to queue
[2024-04-09T16:39:54.615+0000] {logging_mixin.py:188} INFO - [2024-04-09T16:39:54.615+0000] {dagbag.py:540} INFO - Filling up the DagBag from /home/airflow/.local/lib/python3.8/site-packages/airflow/example_dags/example_branch_operator.py
[2024-04-09T16:39:54.624+0000] {processor.py:840} INFO - DAG(s) 'example_branch_operator' retrieved from /home/airflow/.local/lib/python3.8/site-packages/airflow/example_dags/example_branch_operator.py
[2024-04-09T16:39:54.636+0000] {logging_mixin.py:188} INFO - [2024-04-09T16:39:54.636+0000] {dag.py:3047} INFO - Sync 1 DAGs
[2024-04-09T16:39:54.647+0000] {logging_mixin.py:188} INFO - [2024-04-09T16:39:54.647+0000] {dag.py:3834} INFO - Setting next_dagrun for example_branch_operator to 2024-04-08 00:00:00+00:00, run_after=2024-04-09 00:00:00+00:00
[2024-04-09T16:39:54.655+0000] {processor.py:183} INFO - Processing /home/airflow/.local/lib/python3.8/site-packages/airflow/example_dags/example_branch_operator.py took 0.043 seconds
[2024-04-09T16:40:24.679+0000] {processor.py:161} INFO - Started process (PID=639) to work on /home/airflow/.local/lib/python3.8/site-packages/airflow/example_dags/example_branch_operator.py
[2024-04-09T16:40:24.680+0000] {processor.py:830} INFO - Processing file /home/airflow/.local/lib/python3.8/site-packages/airflow/example_dags/example_branch_operator.py for tasks to queue
[2024-04-09T16:40:24.681+0000] {logging_mixin.py:188} INFO - [2024-04-09T16:40:24.680+0000] {dagbag.py:540} INFO - Filling up the DagBag from /home/airflow/.local/lib/python3.8/site-packages/airflow/example_dags/example_branch_operator.py
[2024-04-09T16:40:24.689+0000] {processor.py:840} INFO - DAG(s) 'example_branch_operator' retrieved from /home/airflow/.local/lib/python3.8/site-packages/airflow/example_dags/example_branch_operator.py
[2024-04-09T16:40:24.701+0000] {logging_mixin.py:188} INFO - [2024-04-09T16:40:24.701+0000] {dag.py:3047} INFO - Sync 1 DAGs
[2024-04-09T16:40:24.722+0000] {logging_mixin.py:188} INFO - [2024-04-09T16:40:24.722+0000] {dag.py:3834} INFO - Setting next_dagrun for example_branch_operator to 2024-04-08 00:00:00+00:00, run_after=2024-04-09 00:00:00+00:00
[2024-04-09T16:40:24.730+0000] {processor.py:183} INFO - Processing /home/airflow/.local/lib/python3.8/site-packages/airflow/example_dags/example_branch_operator.py took 0.053 seconds
[2024-04-09T16:40:54.837+0000] {processor.py:161} INFO - Started process (PID=695) to work on /home/airflow/.local/lib/python3.8/site-packages/airflow/example_dags/example_branch_operator.py
[2024-04-09T16:40:54.837+0000] {processor.py:830} INFO - Processing file /home/airflow/.local/lib/python3.8/site-packages/airflow/example_dags/example_branch_operator.py for tasks to queue
[2024-04-09T16:40:54.838+0000] {logging_mixin.py:188} INFO - [2024-04-09T16:40:54.838+0000] {dagbag.py:540} INFO - Filling up the DagBag from /home/airflow/.local/lib/python3.8/site-packages/airflow/example_dags/example_branch_operator.py
[2024-04-09T16:40:54.846+0000] {processor.py:840} INFO - DAG(s) 'example_branch_operator' retrieved from /home/airflow/.local/lib/python3.8/site-packages/airflow/example_dags/example_branch_operator.py
[2024-04-09T16:40:54.858+0000] {logging_mixin.py:188} INFO - [2024-04-09T16:40:54.858+0000] {dag.py:3047} INFO - Sync 1 DAGs
[2024-04-09T16:40:54.867+0000] {logging_mixin.py:188} INFO - [2024-04-09T16:40:54.867+0000] {dag.py:3834} INFO - Setting next_dagrun for example_branch_operator to 2024-04-08 00:00:00+00:00, run_after=2024-04-09 00:00:00+00:00
[2024-04-09T16:40:54.874+0000] {processor.py:183} INFO - Processing /home/airflow/.local/lib/python3.8/site-packages/airflow/example_dags/example_branch_operator.py took 0.039 seconds
[2024-04-09T16:41:25.024+0000] {processor.py:161} INFO - Started process (PID=752) to work on /home/airflow/.local/lib/python3.8/site-packages/airflow/example_dags/example_branch_operator.py
[2024-04-09T16:41:25.025+0000] {processor.py:830} INFO - Processing file /home/airflow/.local/lib/python3.8/site-packages/airflow/example_dags/example_branch_operator.py for tasks to queue
[2024-04-09T16:41:25.029+0000] {logging_mixin.py:188} INFO - [2024-04-09T16:41:25.029+0000] {dagbag.py:540} INFO - Filling up the DagBag from /home/airflow/.local/lib/python3.8/site-packages/airflow/example_dags/example_branch_operator.py
[2024-04-09T16:41:25.040+0000] {processor.py:840} INFO - DAG(s) 'example_branch_operator' retrieved from /home/airflow/.local/lib/python3.8/site-packages/airflow/example_dags/example_branch_operator.py
[2024-04-09T16:41:25.058+0000] {logging_mixin.py:188} INFO - [2024-04-09T16:41:25.058+0000] {dag.py:3047} INFO - Sync 1 DAGs
[2024-04-09T16:41:25.071+0000] {logging_mixin.py:188} INFO - [2024-04-09T16:41:25.071+0000] {dag.py:3834} INFO - Setting next_dagrun for example_branch_operator to 2024-04-08 00:00:00+00:00, run_after=2024-04-09 00:00:00+00:00
[2024-04-09T16:41:25.078+0000] {processor.py:183} INFO - Processing /home/airflow/.local/lib/python3.8/site-packages/airflow/example_dags/example_branch_operator.py took 0.057 seconds
[2024-04-09T16:41:55.471+0000] {processor.py:161} INFO - Started process (PID=810) to work on /home/airflow/.local/lib/python3.8/site-packages/airflow/example_dags/example_branch_operator.py
[2024-04-09T16:41:55.471+0000] {processor.py:830} INFO - Processing file /home/airflow/.local/lib/python3.8/site-packages/airflow/example_dags/example_branch_operator.py for tasks to queue
[2024-04-09T16:41:55.472+0000] {logging_mixin.py:188} INFO - [2024-04-09T16:41:55.472+0000] {dagbag.py:540} INFO - Filling up the DagBag from /home/airflow/.local/lib/python3.8/site-packages/airflow/example_dags/example_branch_operator.py
[2024-04-09T16:41:55.480+0000] {processor.py:840} INFO - DAG(s) 'example_branch_operator' retrieved from /home/airflow/.local/lib/python3.8/site-packages/airflow/example_dags/example_branch_operator.py
[2024-04-09T16:41:55.491+0000] {logging_mixin.py:188} INFO - [2024-04-09T16:41:55.491+0000] {dag.py:3047} INFO - Sync 1 DAGs
[2024-04-09T16:41:55.500+0000] {logging_mixin.py:188} INFO - [2024-04-09T16:41:55.500+0000] {dag.py:3834} INFO - Setting next_dagrun for example_branch_operator to 2024-04-08 00:00:00+00:00, run_after=2024-04-09 00:00:00+00:00
[2024-04-09T16:41:55.508+0000] {processor.py:183} INFO - Processing /home/airflow/.local/lib/python3.8/site-packages/airflow/example_dags/example_branch_operator.py took 0.039 seconds
[2024-04-09T16:42:26.154+0000] {processor.py:161} INFO - Started process (PID=868) to work on /home/airflow/.local/lib/python3.8/site-packages/airflow/example_dags/example_branch_operator.py
[2024-04-09T16:42:26.155+0000] {processor.py:830} INFO - Processing file /home/airflow/.local/lib/python3.8/site-packages/airflow/example_dags/example_branch_operator.py for tasks to queue
[2024-04-09T16:42:26.156+0000] {logging_mixin.py:188} INFO - [2024-04-09T16:42:26.156+0000] {dagbag.py:540} INFO - Filling up the DagBag from /home/airflow/.local/lib/python3.8/site-packages/airflow/example_dags/example_branch_operator.py
[2024-04-09T16:42:26.163+0000] {processor.py:840} INFO - DAG(s) 'example_branch_operator' retrieved from /home/airflow/.local/lib/python3.8/site-packages/airflow/example_dags/example_branch_operator.py
[2024-04-09T16:42:26.175+0000] {logging_mixin.py:188} INFO - [2024-04-09T16:42:26.175+0000] {dag.py:3047} INFO - Sync 1 DAGs
[2024-04-09T16:42:26.185+0000] {logging_mixin.py:188} INFO - [2024-04-09T16:42:26.185+0000] {dag.py:3834} INFO - Setting next_dagrun for example_branch_operator to 2024-04-08 00:00:00+00:00, run_after=2024-04-09 00:00:00+00:00
[2024-04-09T16:42:26.195+0000] {processor.py:183} INFO - Processing /home/airflow/.local/lib/python3.8/site-packages/airflow/example_dags/example_branch_operator.py took 0.043 seconds
[2024-04-09T16:42:56.982+0000] {processor.py:161} INFO - Started process (PID=926) to work on /home/airflow/.local/lib/python3.8/site-packages/airflow/example_dags/example_branch_operator.py
[2024-04-09T16:42:56.983+0000] {processor.py:830} INFO - Processing file /home/airflow/.local/lib/python3.8/site-packages/airflow/example_dags/example_branch_operator.py for tasks to queue
[2024-04-09T16:42:56.984+0000] {logging_mixin.py:188} INFO - [2024-04-09T16:42:56.984+0000] {dagbag.py:540} INFO - Filling up the DagBag from /home/airflow/.local/lib/python3.8/site-packages/airflow/example_dags/example_branch_operator.py
[2024-04-09T16:42:56.992+0000] {processor.py:840} INFO - DAG(s) 'example_branch_operator' retrieved from /home/airflow/.local/lib/python3.8/site-packages/airflow/example_dags/example_branch_operator.py
[2024-04-09T16:42:57.003+0000] {logging_mixin.py:188} INFO - [2024-04-09T16:42:57.003+0000] {dag.py:3047} INFO - Sync 1 DAGs
[2024-04-09T16:42:57.014+0000] {logging_mixin.py:188} INFO - [2024-04-09T16:42:57.014+0000] {dag.py:3834} INFO - Setting next_dagrun for example_branch_operator to 2024-04-08 00:00:00+00:00, run_after=2024-04-09 00:00:00+00:00
[2024-04-09T16:42:57.023+0000] {processor.py:183} INFO - Processing /home/airflow/.local/lib/python3.8/site-packages/airflow/example_dags/example_branch_operator.py took 0.042 seconds
[2024-04-09T16:43:27.997+0000] {processor.py:161} INFO - Started process (PID=990) to work on /home/airflow/.local/lib/python3.8/site-packages/airflow/example_dags/example_branch_operator.py
[2024-04-09T16:43:27.998+0000] {processor.py:830} INFO - Processing file /home/airflow/.local/lib/python3.8/site-packages/airflow/example_dags/example_branch_operator.py for tasks to queue
[2024-04-09T16:43:28.000+0000] {logging_mixin.py:188} INFO - [2024-04-09T16:43:28.000+0000] {dagbag.py:540} INFO - Filling up the DagBag from /home/airflow/.local/lib/python3.8/site-packages/airflow/example_dags/example_branch_operator.py
[2024-04-09T16:43:28.010+0000] {processor.py:840} INFO - DAG(s) 'example_branch_operator' retrieved from /home/airflow/.local/lib/python3.8/site-packages/airflow/example_dags/example_branch_operator.py
[2024-04-09T16:43:28.023+0000] {logging_mixin.py:188} INFO - [2024-04-09T16:43:28.023+0000] {dag.py:3047} INFO - Sync 1 DAGs
[2024-04-09T16:43:28.033+0000] {logging_mixin.py:188} INFO - [2024-04-09T16:43:28.033+0000] {dag.py:3834} INFO - Setting next_dagrun for example_branch_operator to 2024-04-08 00:00:00+00:00, run_after=2024-04-09 00:00:00+00:00
[2024-04-09T16:43:28.040+0000] {processor.py:183} INFO - Processing /home/airflow/.local/lib/python3.8/site-packages/airflow/example_dags/example_branch_operator.py took 0.045 seconds
[2024-04-09T16:43:59.009+0000] {processor.py:161} INFO - Started process (PID=1048) to work on /home/airflow/.local/lib/python3.8/site-packages/airflow/example_dags/example_branch_operator.py
[2024-04-09T16:43:59.010+0000] {processor.py:830} INFO - Processing file /home/airflow/.local/lib/python3.8/site-packages/airflow/example_dags/example_branch_operator.py for tasks to queue
[2024-04-09T16:43:59.011+0000] {logging_mixin.py:188} INFO - [2024-04-09T16:43:59.011+0000] {dagbag.py:540} INFO - Filling up the DagBag from /home/airflow/.local/lib/python3.8/site-packages/airflow/example_dags/example_branch_operator.py
[2024-04-09T16:43:59.022+0000] {processor.py:840} INFO - DAG(s) 'example_branch_operator' retrieved from /home/airflow/.local/lib/python3.8/site-packages/airflow/example_dags/example_branch_operator.py
[2024-04-09T16:43:59.038+0000] {logging_mixin.py:188} INFO - [2024-04-09T16:43:59.038+0000] {dag.py:3047} INFO - Sync 1 DAGs
[2024-04-09T16:43:59.051+0000] {logging_mixin.py:188} INFO - [2024-04-09T16:43:59.050+0000] {dag.py:3834} INFO - Setting next_dagrun for example_branch_operator to 2024-04-08 00:00:00+00:00, run_after=2024-04-09 00:00:00+00:00
[2024-04-09T16:43:59.058+0000] {processor.py:183} INFO - Processing /home/airflow/.local/lib/python3.8/site-packages/airflow/example_dags/example_branch_operator.py took 0.051 seconds
[2024-04-09T16:44:29.202+0000] {processor.py:161} INFO - Started process (PID=1106) to work on /home/airflow/.local/lib/python3.8/site-packages/airflow/example_dags/example_branch_operator.py
[2024-04-09T16:44:29.203+0000] {processor.py:830} INFO - Processing file /home/airflow/.local/lib/python3.8/site-packages/airflow/example_dags/example_branch_operator.py for tasks to queue
[2024-04-09T16:44:29.204+0000] {logging_mixin.py:188} INFO - [2024-04-09T16:44:29.204+0000] {dagbag.py:540} INFO - Filling up the DagBag from /home/airflow/.local/lib/python3.8/site-packages/airflow/example_dags/example_branch_operator.py
[2024-04-09T16:44:29.212+0000] {processor.py:840} INFO - DAG(s) 'example_branch_operator' retrieved from /home/airflow/.local/lib/python3.8/site-packages/airflow/example_dags/example_branch_operator.py
[2024-04-09T16:44:29.230+0000] {logging_mixin.py:188} INFO - [2024-04-09T16:44:29.230+0000] {dag.py:3047} INFO - Sync 1 DAGs
[2024-04-09T16:44:29.241+0000] {logging_mixin.py:188} INFO - [2024-04-09T16:44:29.241+0000] {dag.py:3834} INFO - Setting next_dagrun for example_branch_operator to 2024-04-08 00:00:00+00:00, run_after=2024-04-09 00:00:00+00:00
[2024-04-09T16:44:29.248+0000] {processor.py:183} INFO - Processing /home/airflow/.local/lib/python3.8/site-packages/airflow/example_dags/example_branch_operator.py took 0.048 seconds
[2024-04-09T16:44:59.460+0000] {processor.py:161} INFO - Started process (PID=1164) to work on /home/airflow/.local/lib/python3.8/site-packages/airflow/example_dags/example_branch_operator.py
[2024-04-09T16:44:59.462+0000] {processor.py:830} INFO - Processing file /home/airflow/.local/lib/python3.8/site-packages/airflow/example_dags/example_branch_operator.py for tasks to queue
[2024-04-09T16:44:59.464+0000] {logging_mixin.py:188} INFO - [2024-04-09T16:44:59.464+0000] {dagbag.py:540} INFO - Filling up the DagBag from /home/airflow/.local/lib/python3.8/site-packages/airflow/example_dags/example_branch_operator.py
[2024-04-09T16:44:59.475+0000] {processor.py:840} INFO - DAG(s) 'example_branch_operator' retrieved from /home/airflow/.local/lib/python3.8/site-packages/airflow/example_dags/example_branch_operator.py
[2024-04-09T16:44:59.490+0000] {logging_mixin.py:188} INFO - [2024-04-09T16:44:59.490+0000] {dag.py:3047} INFO - Sync 1 DAGs
[2024-04-09T16:44:59.501+0000] {logging_mixin.py:188} INFO - [2024-04-09T16:44:59.501+0000] {dag.py:3834} INFO - Setting next_dagrun for example_branch_operator to 2024-04-08 00:00:00+00:00, run_after=2024-04-09 00:00:00+00:00
[2024-04-09T16:44:59.510+0000] {processor.py:183} INFO - Processing /home/airflow/.local/lib/python3.8/site-packages/airflow/example_dags/example_branch_operator.py took 0.052 seconds
[2024-04-09T16:45:29.881+0000] {processor.py:161} INFO - Started process (PID=1222) to work on /home/airflow/.local/lib/python3.8/site-packages/airflow/example_dags/example_branch_operator.py
[2024-04-09T16:45:29.884+0000] {processor.py:830} INFO - Processing file /home/airflow/.local/lib/python3.8/site-packages/airflow/example_dags/example_branch_operator.py for tasks to queue
[2024-04-09T16:45:29.885+0000] {logging_mixin.py:188} INFO - [2024-04-09T16:45:29.885+0000] {dagbag.py:540} INFO - Filling up the DagBag from /home/airflow/.local/lib/python3.8/site-packages/airflow/example_dags/example_branch_operator.py
[2024-04-09T16:45:29.894+0000] {processor.py:840} INFO - DAG(s) 'example_branch_operator' retrieved from /home/airflow/.local/lib/python3.8/site-packages/airflow/example_dags/example_branch_operator.py
[2024-04-09T16:45:29.908+0000] {logging_mixin.py:188} INFO - [2024-04-09T16:45:29.908+0000] {dag.py:3047} INFO - Sync 1 DAGs
[2024-04-09T16:45:29.918+0000] {logging_mixin.py:188} INFO - [2024-04-09T16:45:29.917+0000] {dag.py:3834} INFO - Setting next_dagrun for example_branch_operator to 2024-04-08 00:00:00+00:00, run_after=2024-04-09 00:00:00+00:00
[2024-04-09T16:45:29.925+0000] {processor.py:183} INFO - Processing /home/airflow/.local/lib/python3.8/site-packages/airflow/example_dags/example_branch_operator.py took 0.045 seconds
[2024-04-09T16:46:00.729+0000] {processor.py:161} INFO - Started process (PID=1285) to work on /home/airflow/.local/lib/python3.8/site-packages/airflow/example_dags/example_branch_operator.py
[2024-04-09T16:46:00.730+0000] {processor.py:830} INFO - Processing file /home/airflow/.local/lib/python3.8/site-packages/airflow/example_dags/example_branch_operator.py for tasks to queue
[2024-04-09T16:46:00.731+0000] {logging_mixin.py:188} INFO - [2024-04-09T16:46:00.731+0000] {dagbag.py:540} INFO - Filling up the DagBag from /home/airflow/.local/lib/python3.8/site-packages/airflow/example_dags/example_branch_operator.py
[2024-04-09T16:46:00.739+0000] {processor.py:840} INFO - DAG(s) 'example_branch_operator' retrieved from /home/airflow/.local/lib/python3.8/site-packages/airflow/example_dags/example_branch_operator.py
[2024-04-09T16:46:00.837+0000] {logging_mixin.py:188} INFO - [2024-04-09T16:46:00.837+0000] {dag.py:3047} INFO - Sync 1 DAGs
[2024-04-09T16:46:00.850+0000] {logging_mixin.py:188} INFO - [2024-04-09T16:46:00.850+0000] {dag.py:3834} INFO - Setting next_dagrun for example_branch_operator to 2024-04-08 00:00:00+00:00, run_after=2024-04-09 00:00:00+00:00
[2024-04-09T16:46:00.858+0000] {processor.py:183} INFO - Processing /home/airflow/.local/lib/python3.8/site-packages/airflow/example_dags/example_branch_operator.py took 0.130 seconds
[2024-04-09T16:46:31.987+0000] {processor.py:161} INFO - Started process (PID=1347) to work on /home/airflow/.local/lib/python3.8/site-packages/airflow/example_dags/example_branch_operator.py
[2024-04-09T16:46:31.992+0000] {processor.py:830} INFO - Processing file /home/airflow/.local/lib/python3.8/site-packages/airflow/example_dags/example_branch_operator.py for tasks to queue
[2024-04-09T16:46:31.993+0000] {logging_mixin.py:188} INFO - [2024-04-09T16:46:31.993+0000] {dagbag.py:540} INFO - Filling up the DagBag from /home/airflow/.local/lib/python3.8/site-packages/airflow/example_dags/example_branch_operator.py
[2024-04-09T16:46:32.011+0000] {processor.py:840} INFO - DAG(s) 'example_branch_operator' retrieved from /home/airflow/.local/lib/python3.8/site-packages/airflow/example_dags/example_branch_operator.py
[2024-04-09T16:46:32.050+0000] {logging_mixin.py:188} INFO - [2024-04-09T16:46:32.050+0000] {dag.py:3047} INFO - Sync 1 DAGs
[2024-04-09T16:46:32.084+0000] {logging_mixin.py:188} INFO - [2024-04-09T16:46:32.083+0000] {dag.py:3834} INFO - Setting next_dagrun for example_branch_operator to 2024-04-08 00:00:00+00:00, run_after=2024-04-09 00:00:00+00:00
[2024-04-09T16:46:32.100+0000] {processor.py:183} INFO - Processing /home/airflow/.local/lib/python3.8/site-packages/airflow/example_dags/example_branch_operator.py took 0.116 seconds
[2024-04-09T16:47:03.394+0000] {processor.py:161} INFO - Started process (PID=1420) to work on /home/airflow/.local/lib/python3.8/site-packages/airflow/example_dags/example_branch_operator.py
[2024-04-09T16:47:03.396+0000] {processor.py:830} INFO - Processing file /home/airflow/.local/lib/python3.8/site-packages/airflow/example_dags/example_branch_operator.py for tasks to queue
[2024-04-09T16:47:03.398+0000] {logging_mixin.py:188} INFO - [2024-04-09T16:47:03.398+0000] {dagbag.py:540} INFO - Filling up the DagBag from /home/airflow/.local/lib/python3.8/site-packages/airflow/example_dags/example_branch_operator.py
[2024-04-09T16:47:03.458+0000] {processor.py:840} INFO - DAG(s) 'example_branch_operator' retrieved from /home/airflow/.local/lib/python3.8/site-packages/airflow/example_dags/example_branch_operator.py
[2024-04-09T16:47:03.523+0000] {logging_mixin.py:188} INFO - [2024-04-09T16:47:03.523+0000] {dag.py:3047} INFO - Sync 1 DAGs
[2024-04-09T16:47:03.574+0000] {logging_mixin.py:188} INFO - [2024-04-09T16:47:03.574+0000] {dag.py:3834} INFO - Setting next_dagrun for example_branch_operator to 2024-04-08 00:00:00+00:00, run_after=2024-04-09 00:00:00+00:00
[2024-04-09T16:47:03.597+0000] {processor.py:183} INFO - Processing /home/airflow/.local/lib/python3.8/site-packages/airflow/example_dags/example_branch_operator.py took 0.207 seconds
[2024-04-09T16:47:35.672+0000] {processor.py:161} INFO - Started process (PID=1497) to work on /home/airflow/.local/lib/python3.8/site-packages/airflow/example_dags/example_branch_operator.py
[2024-04-09T16:47:35.676+0000] {processor.py:830} INFO - Processing file /home/airflow/.local/lib/python3.8/site-packages/airflow/example_dags/example_branch_operator.py for tasks to queue
[2024-04-09T16:47:35.696+0000] {logging_mixin.py:188} INFO - [2024-04-09T16:47:35.695+0000] {dagbag.py:540} INFO - Filling up the DagBag from /home/airflow/.local/lib/python3.8/site-packages/airflow/example_dags/example_branch_operator.py
[2024-04-09T16:47:35.998+0000] {processor.py:840} INFO - DAG(s) 'example_branch_operator' retrieved from /home/airflow/.local/lib/python3.8/site-packages/airflow/example_dags/example_branch_operator.py
[2024-04-09T16:47:36.132+0000] {logging_mixin.py:188} INFO - [2024-04-09T16:47:36.131+0000] {dag.py:3047} INFO - Sync 1 DAGs
[2024-04-09T16:47:36.225+0000] {logging_mixin.py:188} INFO - [2024-04-09T16:47:36.225+0000] {dag.py:3834} INFO - Setting next_dagrun for example_branch_operator to 2024-04-08 00:00:00+00:00, run_after=2024-04-09 00:00:00+00:00
[2024-04-09T16:47:36.288+0000] {processor.py:183} INFO - Processing /home/airflow/.local/lib/python3.8/site-packages/airflow/example_dags/example_branch_operator.py took 0.681 seconds
[2024-04-09T16:48:06.591+0000] {processor.py:161} INFO - Started process (PID=1554) to work on /home/airflow/.local/lib/python3.8/site-packages/airflow/example_dags/example_branch_operator.py
[2024-04-09T16:48:06.596+0000] {processor.py:830} INFO - Processing file /home/airflow/.local/lib/python3.8/site-packages/airflow/example_dags/example_branch_operator.py for tasks to queue
[2024-04-09T16:48:06.605+0000] {logging_mixin.py:188} INFO - [2024-04-09T16:48:06.604+0000] {dagbag.py:540} INFO - Filling up the DagBag from /home/airflow/.local/lib/python3.8/site-packages/airflow/example_dags/example_branch_operator.py
[2024-04-09T16:48:06.681+0000] {processor.py:840} INFO - DAG(s) 'example_branch_operator' retrieved from /home/airflow/.local/lib/python3.8/site-packages/airflow/example_dags/example_branch_operator.py
[2024-04-09T16:48:06.811+0000] {logging_mixin.py:188} INFO - [2024-04-09T16:48:06.810+0000] {dag.py:3047} INFO - Sync 1 DAGs
[2024-04-09T16:48:06.972+0000] {logging_mixin.py:188} INFO - [2024-04-09T16:48:06.971+0000] {dag.py:3834} INFO - Setting next_dagrun for example_branch_operator to 2024-04-08 00:00:00+00:00, run_after=2024-04-09 00:00:00+00:00
[2024-04-09T16:48:07.068+0000] {processor.py:183} INFO - Processing /home/airflow/.local/lib/python3.8/site-packages/airflow/example_dags/example_branch_operator.py took 0.486 seconds
[2024-04-09T16:48:37.235+0000] {processor.py:161} INFO - Started process (PID=1611) to work on /home/airflow/.local/lib/python3.8/site-packages/airflow/example_dags/example_branch_operator.py
[2024-04-09T16:48:37.236+0000] {processor.py:830} INFO - Processing file /home/airflow/.local/lib/python3.8/site-packages/airflow/example_dags/example_branch_operator.py for tasks to queue
[2024-04-09T16:48:37.237+0000] {logging_mixin.py:188} INFO - [2024-04-09T16:48:37.237+0000] {dagbag.py:540} INFO - Filling up the DagBag from /home/airflow/.local/lib/python3.8/site-packages/airflow/example_dags/example_branch_operator.py
[2024-04-09T16:48:37.247+0000] {processor.py:840} INFO - DAG(s) 'example_branch_operator' retrieved from /home/airflow/.local/lib/python3.8/site-packages/airflow/example_dags/example_branch_operator.py
[2024-04-09T16:48:37.261+0000] {logging_mixin.py:188} INFO - [2024-04-09T16:48:37.260+0000] {dag.py:3047} INFO - Sync 1 DAGs
[2024-04-09T16:48:37.270+0000] {logging_mixin.py:188} INFO - [2024-04-09T16:48:37.270+0000] {dag.py:3834} INFO - Setting next_dagrun for example_branch_operator to 2024-04-08 00:00:00+00:00, run_after=2024-04-09 00:00:00+00:00
[2024-04-09T16:48:37.280+0000] {processor.py:183} INFO - Processing /home/airflow/.local/lib/python3.8/site-packages/airflow/example_dags/example_branch_operator.py took 0.046 seconds
[2024-04-09T16:49:07.555+0000] {processor.py:161} INFO - Started process (PID=1668) to work on /home/airflow/.local/lib/python3.8/site-packages/airflow/example_dags/example_branch_operator.py
[2024-04-09T16:49:07.556+0000] {processor.py:830} INFO - Processing file /home/airflow/.local/lib/python3.8/site-packages/airflow/example_dags/example_branch_operator.py for tasks to queue
[2024-04-09T16:49:07.557+0000] {logging_mixin.py:188} INFO - [2024-04-09T16:49:07.557+0000] {dagbag.py:540} INFO - Filling up the DagBag from /home/airflow/.local/lib/python3.8/site-packages/airflow/example_dags/example_branch_operator.py
[2024-04-09T16:49:07.565+0000] {processor.py:840} INFO - DAG(s) 'example_branch_operator' retrieved from /home/airflow/.local/lib/python3.8/site-packages/airflow/example_dags/example_branch_operator.py
[2024-04-09T16:49:07.577+0000] {logging_mixin.py:188} INFO - [2024-04-09T16:49:07.576+0000] {dag.py:3047} INFO - Sync 1 DAGs
[2024-04-09T16:49:07.586+0000] {logging_mixin.py:188} INFO - [2024-04-09T16:49:07.586+0000] {dag.py:3834} INFO - Setting next_dagrun for example_branch_operator to 2024-04-08 00:00:00+00:00, run_after=2024-04-09 00:00:00+00:00
[2024-04-09T16:49:07.595+0000] {processor.py:183} INFO - Processing /home/airflow/.local/lib/python3.8/site-packages/airflow/example_dags/example_branch_operator.py took 0.042 seconds
[2024-04-09T16:49:37.707+0000] {processor.py:161} INFO - Started process (PID=1725) to work on /home/airflow/.local/lib/python3.8/site-packages/airflow/example_dags/example_branch_operator.py
[2024-04-09T16:49:37.707+0000] {processor.py:830} INFO - Processing file /home/airflow/.local/lib/python3.8/site-packages/airflow/example_dags/example_branch_operator.py for tasks to queue
[2024-04-09T16:49:37.708+0000] {logging_mixin.py:188} INFO - [2024-04-09T16:49:37.708+0000] {dagbag.py:540} INFO - Filling up the DagBag from /home/airflow/.local/lib/python3.8/site-packages/airflow/example_dags/example_branch_operator.py
[2024-04-09T16:49:37.716+0000] {processor.py:840} INFO - DAG(s) 'example_branch_operator' retrieved from /home/airflow/.local/lib/python3.8/site-packages/airflow/example_dags/example_branch_operator.py
[2024-04-09T16:49:37.728+0000] {logging_mixin.py:188} INFO - [2024-04-09T16:49:37.728+0000] {dag.py:3047} INFO - Sync 1 DAGs
[2024-04-09T16:49:37.738+0000] {logging_mixin.py:188} INFO - [2024-04-09T16:49:37.738+0000] {dag.py:3834} INFO - Setting next_dagrun for example_branch_operator to 2024-04-08 00:00:00+00:00, run_after=2024-04-09 00:00:00+00:00
[2024-04-09T16:49:37.745+0000] {processor.py:183} INFO - Processing /home/airflow/.local/lib/python3.8/site-packages/airflow/example_dags/example_branch_operator.py took 0.039 seconds
[2024-04-09T16:50:07.950+0000] {processor.py:161} INFO - Started process (PID=1782) to work on /home/airflow/.local/lib/python3.8/site-packages/airflow/example_dags/example_branch_operator.py
[2024-04-09T16:50:07.950+0000] {processor.py:830} INFO - Processing file /home/airflow/.local/lib/python3.8/site-packages/airflow/example_dags/example_branch_operator.py for tasks to queue
[2024-04-09T16:50:07.951+0000] {logging_mixin.py:188} INFO - [2024-04-09T16:50:07.951+0000] {dagbag.py:540} INFO - Filling up the DagBag from /home/airflow/.local/lib/python3.8/site-packages/airflow/example_dags/example_branch_operator.py
[2024-04-09T16:50:07.959+0000] {processor.py:840} INFO - DAG(s) 'example_branch_operator' retrieved from /home/airflow/.local/lib/python3.8/site-packages/airflow/example_dags/example_branch_operator.py
[2024-04-09T16:50:07.971+0000] {logging_mixin.py:188} INFO - [2024-04-09T16:50:07.971+0000] {dag.py:3047} INFO - Sync 1 DAGs
[2024-04-09T16:50:07.980+0000] {logging_mixin.py:188} INFO - [2024-04-09T16:50:07.980+0000] {dag.py:3834} INFO - Setting next_dagrun for example_branch_operator to 2024-04-08 00:00:00+00:00, run_after=2024-04-09 00:00:00+00:00
[2024-04-09T16:50:07.987+0000] {processor.py:183} INFO - Processing /home/airflow/.local/lib/python3.8/site-packages/airflow/example_dags/example_branch_operator.py took 0.039 seconds
[2024-04-09T16:50:38.698+0000] {processor.py:161} INFO - Started process (PID=1839) to work on /home/airflow/.local/lib/python3.8/site-packages/airflow/example_dags/example_branch_operator.py
[2024-04-09T16:50:38.699+0000] {processor.py:830} INFO - Processing file /home/airflow/.local/lib/python3.8/site-packages/airflow/example_dags/example_branch_operator.py for tasks to queue
[2024-04-09T16:50:38.700+0000] {logging_mixin.py:188} INFO - [2024-04-09T16:50:38.700+0000] {dagbag.py:540} INFO - Filling up the DagBag from /home/airflow/.local/lib/python3.8/site-packages/airflow/example_dags/example_branch_operator.py
[2024-04-09T16:50:38.708+0000] {processor.py:840} INFO - DAG(s) 'example_branch_operator' retrieved from /home/airflow/.local/lib/python3.8/site-packages/airflow/example_dags/example_branch_operator.py
[2024-04-09T16:50:38.720+0000] {logging_mixin.py:188} INFO - [2024-04-09T16:50:38.720+0000] {dag.py:3047} INFO - Sync 1 DAGs
[2024-04-09T16:50:38.730+0000] {logging_mixin.py:188} INFO - [2024-04-09T16:50:38.730+0000] {dag.py:3834} INFO - Setting next_dagrun for example_branch_operator to 2024-04-08 00:00:00+00:00, run_after=2024-04-09 00:00:00+00:00
[2024-04-09T16:50:38.738+0000] {processor.py:183} INFO - Processing /home/airflow/.local/lib/python3.8/site-packages/airflow/example_dags/example_branch_operator.py took 0.042 seconds
[2024-04-09T16:51:09.376+0000] {processor.py:161} INFO - Started process (PID=1897) to work on /home/airflow/.local/lib/python3.8/site-packages/airflow/example_dags/example_branch_operator.py
[2024-04-09T16:51:09.377+0000] {processor.py:830} INFO - Processing file /home/airflow/.local/lib/python3.8/site-packages/airflow/example_dags/example_branch_operator.py for tasks to queue
[2024-04-09T16:51:09.378+0000] {logging_mixin.py:188} INFO - [2024-04-09T16:51:09.378+0000] {dagbag.py:540} INFO - Filling up the DagBag from /home/airflow/.local/lib/python3.8/site-packages/airflow/example_dags/example_branch_operator.py
[2024-04-09T16:51:09.386+0000] {processor.py:840} INFO - DAG(s) 'example_branch_operator' retrieved from /home/airflow/.local/lib/python3.8/site-packages/airflow/example_dags/example_branch_operator.py
[2024-04-09T16:51:09.397+0000] {logging_mixin.py:188} INFO - [2024-04-09T16:51:09.397+0000] {dag.py:3047} INFO - Sync 1 DAGs
[2024-04-09T16:51:09.407+0000] {logging_mixin.py:188} INFO - [2024-04-09T16:51:09.407+0000] {dag.py:3834} INFO - Setting next_dagrun for example_branch_operator to 2024-04-08 00:00:00+00:00, run_after=2024-04-09 00:00:00+00:00
[2024-04-09T16:51:09.415+0000] {processor.py:183} INFO - Processing /home/airflow/.local/lib/python3.8/site-packages/airflow/example_dags/example_branch_operator.py took 0.040 seconds
[2024-04-09T16:51:39.672+0000] {processor.py:161} INFO - Started process (PID=1955) to work on /home/airflow/.local/lib/python3.8/site-packages/airflow/example_dags/example_branch_operator.py
[2024-04-09T16:51:39.673+0000] {processor.py:830} INFO - Processing file /home/airflow/.local/lib/python3.8/site-packages/airflow/example_dags/example_branch_operator.py for tasks to queue
[2024-04-09T16:51:39.676+0000] {logging_mixin.py:188} INFO - [2024-04-09T16:51:39.676+0000] {dagbag.py:540} INFO - Filling up the DagBag from /home/airflow/.local/lib/python3.8/site-packages/airflow/example_dags/example_branch_operator.py
[2024-04-09T16:51:39.684+0000] {processor.py:840} INFO - DAG(s) 'example_branch_operator' retrieved from /home/airflow/.local/lib/python3.8/site-packages/airflow/example_dags/example_branch_operator.py
[2024-04-09T16:51:39.697+0000] {logging_mixin.py:188} INFO - [2024-04-09T16:51:39.697+0000] {dag.py:3047} INFO - Sync 1 DAGs
[2024-04-09T16:51:39.707+0000] {logging_mixin.py:188} INFO - [2024-04-09T16:51:39.707+0000] {dag.py:3834} INFO - Setting next_dagrun for example_branch_operator to 2024-04-08 00:00:00+00:00, run_after=2024-04-09 00:00:00+00:00
[2024-04-09T16:51:39.715+0000] {processor.py:183} INFO - Processing /home/airflow/.local/lib/python3.8/site-packages/airflow/example_dags/example_branch_operator.py took 0.045 seconds
[2024-04-09T16:52:10.478+0000] {processor.py:161} INFO - Started process (PID=2013) to work on /home/airflow/.local/lib/python3.8/site-packages/airflow/example_dags/example_branch_operator.py
[2024-04-09T16:52:10.479+0000] {processor.py:830} INFO - Processing file /home/airflow/.local/lib/python3.8/site-packages/airflow/example_dags/example_branch_operator.py for tasks to queue
[2024-04-09T16:52:10.479+0000] {logging_mixin.py:188} INFO - [2024-04-09T16:52:10.479+0000] {dagbag.py:540} INFO - Filling up the DagBag from /home/airflow/.local/lib/python3.8/site-packages/airflow/example_dags/example_branch_operator.py
[2024-04-09T16:52:10.487+0000] {processor.py:840} INFO - DAG(s) 'example_branch_operator' retrieved from /home/airflow/.local/lib/python3.8/site-packages/airflow/example_dags/example_branch_operator.py
[2024-04-09T16:52:10.499+0000] {logging_mixin.py:188} INFO - [2024-04-09T16:52:10.499+0000] {dag.py:3047} INFO - Sync 1 DAGs
[2024-04-09T16:52:10.511+0000] {logging_mixin.py:188} INFO - [2024-04-09T16:52:10.511+0000] {dag.py:3834} INFO - Setting next_dagrun for example_branch_operator to 2024-04-08 00:00:00+00:00, run_after=2024-04-09 00:00:00+00:00
[2024-04-09T16:52:10.520+0000] {processor.py:183} INFO - Processing /home/airflow/.local/lib/python3.8/site-packages/airflow/example_dags/example_branch_operator.py took 0.044 seconds
[2024-04-09T16:52:40.921+0000] {processor.py:161} INFO - Started process (PID=2093) to work on /home/airflow/.local/lib/python3.8/site-packages/airflow/example_dags/example_branch_operator.py
[2024-04-09T16:52:40.924+0000] {processor.py:830} INFO - Processing file /home/airflow/.local/lib/python3.8/site-packages/airflow/example_dags/example_branch_operator.py for tasks to queue
[2024-04-09T16:52:40.926+0000] {logging_mixin.py:188} INFO - [2024-04-09T16:52:40.926+0000] {dagbag.py:540} INFO - Filling up the DagBag from /home/airflow/.local/lib/python3.8/site-packages/airflow/example_dags/example_branch_operator.py
[2024-04-09T16:52:40.934+0000] {processor.py:840} INFO - DAG(s) 'example_branch_operator' retrieved from /home/airflow/.local/lib/python3.8/site-packages/airflow/example_dags/example_branch_operator.py
[2024-04-09T16:52:40.946+0000] {logging_mixin.py:188} INFO - [2024-04-09T16:52:40.946+0000] {dag.py:3047} INFO - Sync 1 DAGs
[2024-04-09T16:52:40.955+0000] {logging_mixin.py:188} INFO - [2024-04-09T16:52:40.955+0000] {dag.py:3834} INFO - Setting next_dagrun for example_branch_operator to 2024-04-08 00:00:00+00:00, run_after=2024-04-09 00:00:00+00:00
[2024-04-09T16:52:40.962+0000] {processor.py:183} INFO - Processing /home/airflow/.local/lib/python3.8/site-packages/airflow/example_dags/example_branch_operator.py took 0.042 seconds
[2024-04-09T16:53:11.377+0000] {processor.py:161} INFO - Started process (PID=2169) to work on /home/airflow/.local/lib/python3.8/site-packages/airflow/example_dags/example_branch_operator.py
[2024-04-09T16:53:11.378+0000] {processor.py:830} INFO - Processing file /home/airflow/.local/lib/python3.8/site-packages/airflow/example_dags/example_branch_operator.py for tasks to queue
[2024-04-09T16:53:11.381+0000] {logging_mixin.py:188} INFO - [2024-04-09T16:53:11.380+0000] {dagbag.py:540} INFO - Filling up the DagBag from /home/airflow/.local/lib/python3.8/site-packages/airflow/example_dags/example_branch_operator.py
[2024-04-09T16:53:11.389+0000] {processor.py:840} INFO - DAG(s) 'example_branch_operator' retrieved from /home/airflow/.local/lib/python3.8/site-packages/airflow/example_dags/example_branch_operator.py
[2024-04-09T16:53:11.401+0000] {logging_mixin.py:188} INFO - [2024-04-09T16:53:11.401+0000] {dag.py:3047} INFO - Sync 1 DAGs
[2024-04-09T16:53:11.410+0000] {logging_mixin.py:188} INFO - [2024-04-09T16:53:11.410+0000] {dag.py:3834} INFO - Setting next_dagrun for example_branch_operator to 2024-04-08 00:00:00+00:00, run_after=2024-04-09 00:00:00+00:00
[2024-04-09T16:53:11.418+0000] {processor.py:183} INFO - Processing /home/airflow/.local/lib/python3.8/site-packages/airflow/example_dags/example_branch_operator.py took 0.042 seconds
[2024-04-09T16:53:42.767+0000] {processor.py:161} INFO - Started process (PID=2248) to work on /home/airflow/.local/lib/python3.8/site-packages/airflow/example_dags/example_branch_operator.py
[2024-04-09T16:53:42.783+0000] {processor.py:830} INFO - Processing file /home/airflow/.local/lib/python3.8/site-packages/airflow/example_dags/example_branch_operator.py for tasks to queue
[2024-04-09T16:53:42.792+0000] {logging_mixin.py:188} INFO - [2024-04-09T16:53:42.791+0000] {dagbag.py:540} INFO - Filling up the DagBag from /home/airflow/.local/lib/python3.8/site-packages/airflow/example_dags/example_branch_operator.py
[2024-04-09T16:53:42.942+0000] {processor.py:840} INFO - DAG(s) 'example_branch_operator' retrieved from /home/airflow/.local/lib/python3.8/site-packages/airflow/example_dags/example_branch_operator.py
[2024-04-09T16:53:43.053+0000] {logging_mixin.py:188} INFO - [2024-04-09T16:53:43.052+0000] {dag.py:3047} INFO - Sync 1 DAGs
[2024-04-09T16:53:43.124+0000] {logging_mixin.py:188} INFO - [2024-04-09T16:53:43.124+0000] {dag.py:3834} INFO - Setting next_dagrun for example_branch_operator to 2024-04-08 00:00:00+00:00, run_after=2024-04-09 00:00:00+00:00
[2024-04-09T16:53:43.183+0000] {processor.py:183} INFO - Processing /home/airflow/.local/lib/python3.8/site-packages/airflow/example_dags/example_branch_operator.py took 0.451 seconds
[2024-04-09T16:54:13.370+0000] {processor.py:161} INFO - Started process (PID=2322) to work on /home/airflow/.local/lib/python3.8/site-packages/airflow/example_dags/example_branch_operator.py
[2024-04-09T16:54:13.372+0000] {processor.py:830} INFO - Processing file /home/airflow/.local/lib/python3.8/site-packages/airflow/example_dags/example_branch_operator.py for tasks to queue
[2024-04-09T16:54:13.377+0000] {logging_mixin.py:188} INFO - [2024-04-09T16:54:13.377+0000] {dagbag.py:540} INFO - Filling up the DagBag from /home/airflow/.local/lib/python3.8/site-packages/airflow/example_dags/example_branch_operator.py
[2024-04-09T16:54:13.414+0000] {processor.py:840} INFO - DAG(s) 'example_branch_operator' retrieved from /home/airflow/.local/lib/python3.8/site-packages/airflow/example_dags/example_branch_operator.py
[2024-04-09T16:54:13.512+0000] {logging_mixin.py:188} INFO - [2024-04-09T16:54:13.507+0000] {dag.py:3047} INFO - Sync 1 DAGs
[2024-04-09T16:54:13.579+0000] {logging_mixin.py:188} INFO - [2024-04-09T16:54:13.579+0000] {dag.py:3834} INFO - Setting next_dagrun for example_branch_operator to 2024-04-08 00:00:00+00:00, run_after=2024-04-09 00:00:00+00:00
[2024-04-09T16:54:13.607+0000] {processor.py:183} INFO - Processing /home/airflow/.local/lib/python3.8/site-packages/airflow/example_dags/example_branch_operator.py took 0.242 seconds
