[2024-04-09T16:35:20.976+0000] {processor.py:161} INFO - Started process (PID=94) to work on /home/airflow/.local/lib/python3.8/site-packages/airflow/example_dags/example_setup_teardown.py
[2024-04-09T16:35:20.977+0000] {processor.py:830} INFO - Processing file /home/airflow/.local/lib/python3.8/site-packages/airflow/example_dags/example_setup_teardown.py for tasks to queue
[2024-04-09T16:35:20.978+0000] {logging_mixin.py:188} INFO - [2024-04-09T16:35:20.978+0000] {dagbag.py:540} INFO - Filling up the DagBag from /home/airflow/.local/lib/python3.8/site-packages/airflow/example_dags/example_setup_teardown.py
[2024-04-09T16:35:20.983+0000] {processor.py:840} INFO - DAG(s) 'example_setup_teardown' retrieved from /home/airflow/.local/lib/python3.8/site-packages/airflow/example_dags/example_setup_teardown.py
[2024-04-09T16:35:20.996+0000] {logging_mixin.py:188} INFO - [2024-04-09T16:35:20.996+0000] {dag.py:3047} INFO - Sync 1 DAGs
[2024-04-09T16:35:21.017+0000] {logging_mixin.py:188} INFO - [2024-04-09T16:35:21.016+0000] {dag.py:3834} INFO - Setting next_dagrun for example_setup_teardown to 2024-04-08 00:00:00+00:00, run_after=2024-04-09 00:00:00+00:00
[2024-04-09T16:35:21.043+0000] {processor.py:183} INFO - Processing /home/airflow/.local/lib/python3.8/site-packages/airflow/example_dags/example_setup_teardown.py took 0.070 seconds
[2024-04-09T16:35:51.130+0000] {processor.py:161} INFO - Started process (PID=151) to work on /home/airflow/.local/lib/python3.8/site-packages/airflow/example_dags/example_setup_teardown.py
[2024-04-09T16:35:51.131+0000] {processor.py:830} INFO - Processing file /home/airflow/.local/lib/python3.8/site-packages/airflow/example_dags/example_setup_teardown.py for tasks to queue
[2024-04-09T16:35:51.132+0000] {logging_mixin.py:188} INFO - [2024-04-09T16:35:51.131+0000] {dagbag.py:540} INFO - Filling up the DagBag from /home/airflow/.local/lib/python3.8/site-packages/airflow/example_dags/example_setup_teardown.py
[2024-04-09T16:35:51.137+0000] {processor.py:840} INFO - DAG(s) 'example_setup_teardown' retrieved from /home/airflow/.local/lib/python3.8/site-packages/airflow/example_dags/example_setup_teardown.py
[2024-04-09T16:35:51.181+0000] {logging_mixin.py:188} INFO - [2024-04-09T16:35:51.181+0000] {dag.py:3047} INFO - Sync 1 DAGs
[2024-04-09T16:35:51.189+0000] {logging_mixin.py:188} INFO - [2024-04-09T16:35:51.189+0000] {dag.py:3834} INFO - Setting next_dagrun for example_setup_teardown to 2024-04-08 00:00:00+00:00, run_after=2024-04-09 00:00:00+00:00
[2024-04-09T16:35:51.197+0000] {processor.py:183} INFO - Processing /home/airflow/.local/lib/python3.8/site-packages/airflow/example_dags/example_setup_teardown.py took 0.068 seconds
[2024-04-09T16:36:21.985+0000] {processor.py:161} INFO - Started process (PID=208) to work on /home/airflow/.local/lib/python3.8/site-packages/airflow/example_dags/example_setup_teardown.py
[2024-04-09T16:36:21.985+0000] {processor.py:830} INFO - Processing file /home/airflow/.local/lib/python3.8/site-packages/airflow/example_dags/example_setup_teardown.py for tasks to queue
[2024-04-09T16:36:21.987+0000] {logging_mixin.py:188} INFO - [2024-04-09T16:36:21.987+0000] {dagbag.py:540} INFO - Filling up the DagBag from /home/airflow/.local/lib/python3.8/site-packages/airflow/example_dags/example_setup_teardown.py
[2024-04-09T16:36:21.990+0000] {processor.py:840} INFO - DAG(s) 'example_setup_teardown' retrieved from /home/airflow/.local/lib/python3.8/site-packages/airflow/example_dags/example_setup_teardown.py
[2024-04-09T16:36:22.000+0000] {logging_mixin.py:188} INFO - [2024-04-09T16:36:22.000+0000] {dag.py:3047} INFO - Sync 1 DAGs
[2024-04-09T16:36:22.010+0000] {logging_mixin.py:188} INFO - [2024-04-09T16:36:22.010+0000] {dag.py:3834} INFO - Setting next_dagrun for example_setup_teardown to 2024-04-08 00:00:00+00:00, run_after=2024-04-09 00:00:00+00:00
[2024-04-09T16:36:22.019+0000] {processor.py:183} INFO - Processing /home/airflow/.local/lib/python3.8/site-packages/airflow/example_dags/example_setup_teardown.py took 0.036 seconds
[2024-04-09T16:36:52.961+0000] {processor.py:161} INFO - Started process (PID=265) to work on /home/airflow/.local/lib/python3.8/site-packages/airflow/example_dags/example_setup_teardown.py
[2024-04-09T16:36:52.961+0000] {processor.py:830} INFO - Processing file /home/airflow/.local/lib/python3.8/site-packages/airflow/example_dags/example_setup_teardown.py for tasks to queue
[2024-04-09T16:36:52.962+0000] {logging_mixin.py:188} INFO - [2024-04-09T16:36:52.962+0000] {dagbag.py:540} INFO - Filling up the DagBag from /home/airflow/.local/lib/python3.8/site-packages/airflow/example_dags/example_setup_teardown.py
[2024-04-09T16:36:52.968+0000] {processor.py:840} INFO - DAG(s) 'example_setup_teardown' retrieved from /home/airflow/.local/lib/python3.8/site-packages/airflow/example_dags/example_setup_teardown.py
[2024-04-09T16:36:52.981+0000] {logging_mixin.py:188} INFO - [2024-04-09T16:36:52.981+0000] {dag.py:3047} INFO - Sync 1 DAGs
[2024-04-09T16:36:52.990+0000] {logging_mixin.py:188} INFO - [2024-04-09T16:36:52.990+0000] {dag.py:3834} INFO - Setting next_dagrun for example_setup_teardown to 2024-04-08 00:00:00+00:00, run_after=2024-04-09 00:00:00+00:00
[2024-04-09T16:36:52.998+0000] {processor.py:183} INFO - Processing /home/airflow/.local/lib/python3.8/site-packages/airflow/example_dags/example_setup_teardown.py took 0.039 seconds
[2024-04-09T16:37:23.765+0000] {processor.py:161} INFO - Started process (PID=322) to work on /home/airflow/.local/lib/python3.8/site-packages/airflow/example_dags/example_setup_teardown.py
[2024-04-09T16:37:23.765+0000] {processor.py:830} INFO - Processing file /home/airflow/.local/lib/python3.8/site-packages/airflow/example_dags/example_setup_teardown.py for tasks to queue
[2024-04-09T16:37:23.767+0000] {logging_mixin.py:188} INFO - [2024-04-09T16:37:23.767+0000] {dagbag.py:540} INFO - Filling up the DagBag from /home/airflow/.local/lib/python3.8/site-packages/airflow/example_dags/example_setup_teardown.py
[2024-04-09T16:37:23.770+0000] {processor.py:840} INFO - DAG(s) 'example_setup_teardown' retrieved from /home/airflow/.local/lib/python3.8/site-packages/airflow/example_dags/example_setup_teardown.py
[2024-04-09T16:37:23.780+0000] {logging_mixin.py:188} INFO - [2024-04-09T16:37:23.780+0000] {dag.py:3047} INFO - Sync 1 DAGs
[2024-04-09T16:37:23.791+0000] {logging_mixin.py:188} INFO - [2024-04-09T16:37:23.791+0000] {dag.py:3834} INFO - Setting next_dagrun for example_setup_teardown to 2024-04-08 00:00:00+00:00, run_after=2024-04-09 00:00:00+00:00
[2024-04-09T16:37:23.799+0000] {processor.py:183} INFO - Processing /home/airflow/.local/lib/python3.8/site-packages/airflow/example_dags/example_setup_teardown.py took 0.036 seconds
[2024-04-09T16:37:54.660+0000] {processor.py:161} INFO - Started process (PID=379) to work on /home/airflow/.local/lib/python3.8/site-packages/airflow/example_dags/example_setup_teardown.py
[2024-04-09T16:37:54.660+0000] {processor.py:830} INFO - Processing file /home/airflow/.local/lib/python3.8/site-packages/airflow/example_dags/example_setup_teardown.py for tasks to queue
[2024-04-09T16:37:54.661+0000] {logging_mixin.py:188} INFO - [2024-04-09T16:37:54.661+0000] {dagbag.py:540} INFO - Filling up the DagBag from /home/airflow/.local/lib/python3.8/site-packages/airflow/example_dags/example_setup_teardown.py
[2024-04-09T16:37:54.664+0000] {processor.py:840} INFO - DAG(s) 'example_setup_teardown' retrieved from /home/airflow/.local/lib/python3.8/site-packages/airflow/example_dags/example_setup_teardown.py
[2024-04-09T16:37:54.675+0000] {logging_mixin.py:188} INFO - [2024-04-09T16:37:54.675+0000] {dag.py:3047} INFO - Sync 1 DAGs
[2024-04-09T16:37:54.685+0000] {logging_mixin.py:188} INFO - [2024-04-09T16:37:54.685+0000] {dag.py:3834} INFO - Setting next_dagrun for example_setup_teardown to 2024-04-08 00:00:00+00:00, run_after=2024-04-09 00:00:00+00:00
[2024-04-09T16:37:54.692+0000] {processor.py:183} INFO - Processing /home/airflow/.local/lib/python3.8/site-packages/airflow/example_dags/example_setup_teardown.py took 0.034 seconds
[2024-04-09T16:38:25.392+0000] {processor.py:161} INFO - Started process (PID=436) to work on /home/airflow/.local/lib/python3.8/site-packages/airflow/example_dags/example_setup_teardown.py
[2024-04-09T16:38:25.395+0000] {processor.py:830} INFO - Processing file /home/airflow/.local/lib/python3.8/site-packages/airflow/example_dags/example_setup_teardown.py for tasks to queue
[2024-04-09T16:38:25.396+0000] {logging_mixin.py:188} INFO - [2024-04-09T16:38:25.396+0000] {dagbag.py:540} INFO - Filling up the DagBag from /home/airflow/.local/lib/python3.8/site-packages/airflow/example_dags/example_setup_teardown.py
[2024-04-09T16:38:25.399+0000] {processor.py:840} INFO - DAG(s) 'example_setup_teardown' retrieved from /home/airflow/.local/lib/python3.8/site-packages/airflow/example_dags/example_setup_teardown.py
[2024-04-09T16:38:25.408+0000] {logging_mixin.py:188} INFO - [2024-04-09T16:38:25.408+0000] {dag.py:3047} INFO - Sync 1 DAGs
[2024-04-09T16:38:25.417+0000] {logging_mixin.py:188} INFO - [2024-04-09T16:38:25.417+0000] {dag.py:3834} INFO - Setting next_dagrun for example_setup_teardown to 2024-04-08 00:00:00+00:00, run_after=2024-04-09 00:00:00+00:00
[2024-04-09T16:38:25.424+0000] {processor.py:183} INFO - Processing /home/airflow/.local/lib/python3.8/site-packages/airflow/example_dags/example_setup_teardown.py took 0.033 seconds
[2024-04-09T16:38:56.152+0000] {processor.py:161} INFO - Started process (PID=493) to work on /home/airflow/.local/lib/python3.8/site-packages/airflow/example_dags/example_setup_teardown.py
[2024-04-09T16:38:56.153+0000] {processor.py:830} INFO - Processing file /home/airflow/.local/lib/python3.8/site-packages/airflow/example_dags/example_setup_teardown.py for tasks to queue
[2024-04-09T16:38:56.154+0000] {logging_mixin.py:188} INFO - [2024-04-09T16:38:56.154+0000] {dagbag.py:540} INFO - Filling up the DagBag from /home/airflow/.local/lib/python3.8/site-packages/airflow/example_dags/example_setup_teardown.py
[2024-04-09T16:38:56.157+0000] {processor.py:840} INFO - DAG(s) 'example_setup_teardown' retrieved from /home/airflow/.local/lib/python3.8/site-packages/airflow/example_dags/example_setup_teardown.py
[2024-04-09T16:38:56.166+0000] {logging_mixin.py:188} INFO - [2024-04-09T16:38:56.166+0000] {dag.py:3047} INFO - Sync 1 DAGs
[2024-04-09T16:38:56.176+0000] {logging_mixin.py:188} INFO - [2024-04-09T16:38:56.175+0000] {dag.py:3834} INFO - Setting next_dagrun for example_setup_teardown to 2024-04-08 00:00:00+00:00, run_after=2024-04-09 00:00:00+00:00
[2024-04-09T16:38:56.182+0000] {processor.py:183} INFO - Processing /home/airflow/.local/lib/python3.8/site-packages/airflow/example_dags/example_setup_teardown.py took 0.031 seconds
[2024-04-09T16:39:27.068+0000] {processor.py:161} INFO - Started process (PID=550) to work on /home/airflow/.local/lib/python3.8/site-packages/airflow/example_dags/example_setup_teardown.py
[2024-04-09T16:39:27.068+0000] {processor.py:830} INFO - Processing file /home/airflow/.local/lib/python3.8/site-packages/airflow/example_dags/example_setup_teardown.py for tasks to queue
[2024-04-09T16:39:27.069+0000] {logging_mixin.py:188} INFO - [2024-04-09T16:39:27.069+0000] {dagbag.py:540} INFO - Filling up the DagBag from /home/airflow/.local/lib/python3.8/site-packages/airflow/example_dags/example_setup_teardown.py
[2024-04-09T16:39:27.072+0000] {processor.py:840} INFO - DAG(s) 'example_setup_teardown' retrieved from /home/airflow/.local/lib/python3.8/site-packages/airflow/example_dags/example_setup_teardown.py
[2024-04-09T16:39:27.082+0000] {logging_mixin.py:188} INFO - [2024-04-09T16:39:27.082+0000] {dag.py:3047} INFO - Sync 1 DAGs
[2024-04-09T16:39:27.091+0000] {logging_mixin.py:188} INFO - [2024-04-09T16:39:27.090+0000] {dag.py:3834} INFO - Setting next_dagrun for example_setup_teardown to 2024-04-08 00:00:00+00:00, run_after=2024-04-09 00:00:00+00:00
[2024-04-09T16:39:27.097+0000] {processor.py:183} INFO - Processing /home/airflow/.local/lib/python3.8/site-packages/airflow/example_dags/example_setup_teardown.py took 0.031 seconds
[2024-04-09T16:39:57.466+0000] {processor.py:161} INFO - Started process (PID=612) to work on /home/airflow/.local/lib/python3.8/site-packages/airflow/example_dags/example_setup_teardown.py
[2024-04-09T16:39:57.467+0000] {processor.py:830} INFO - Processing file /home/airflow/.local/lib/python3.8/site-packages/airflow/example_dags/example_setup_teardown.py for tasks to queue
[2024-04-09T16:39:57.469+0000] {logging_mixin.py:188} INFO - [2024-04-09T16:39:57.468+0000] {dagbag.py:540} INFO - Filling up the DagBag from /home/airflow/.local/lib/python3.8/site-packages/airflow/example_dags/example_setup_teardown.py
[2024-04-09T16:39:57.472+0000] {processor.py:840} INFO - DAG(s) 'example_setup_teardown' retrieved from /home/airflow/.local/lib/python3.8/site-packages/airflow/example_dags/example_setup_teardown.py
[2024-04-09T16:39:57.481+0000] {logging_mixin.py:188} INFO - [2024-04-09T16:39:57.481+0000] {dag.py:3047} INFO - Sync 1 DAGs
[2024-04-09T16:39:57.491+0000] {logging_mixin.py:188} INFO - [2024-04-09T16:39:57.491+0000] {dag.py:3834} INFO - Setting next_dagrun for example_setup_teardown to 2024-04-08 00:00:00+00:00, run_after=2024-04-09 00:00:00+00:00
[2024-04-09T16:39:57.499+0000] {processor.py:183} INFO - Processing /home/airflow/.local/lib/python3.8/site-packages/airflow/example_dags/example_setup_teardown.py took 0.035 seconds
[2024-04-09T16:40:27.567+0000] {processor.py:161} INFO - Started process (PID=670) to work on /home/airflow/.local/lib/python3.8/site-packages/airflow/example_dags/example_setup_teardown.py
[2024-04-09T16:40:27.567+0000] {processor.py:830} INFO - Processing file /home/airflow/.local/lib/python3.8/site-packages/airflow/example_dags/example_setup_teardown.py for tasks to queue
[2024-04-09T16:40:27.568+0000] {logging_mixin.py:188} INFO - [2024-04-09T16:40:27.568+0000] {dagbag.py:540} INFO - Filling up the DagBag from /home/airflow/.local/lib/python3.8/site-packages/airflow/example_dags/example_setup_teardown.py
[2024-04-09T16:40:27.572+0000] {processor.py:840} INFO - DAG(s) 'example_setup_teardown' retrieved from /home/airflow/.local/lib/python3.8/site-packages/airflow/example_dags/example_setup_teardown.py
[2024-04-09T16:40:27.581+0000] {logging_mixin.py:188} INFO - [2024-04-09T16:40:27.581+0000] {dag.py:3047} INFO - Sync 1 DAGs
[2024-04-09T16:40:27.590+0000] {logging_mixin.py:188} INFO - [2024-04-09T16:40:27.590+0000] {dag.py:3834} INFO - Setting next_dagrun for example_setup_teardown to 2024-04-08 00:00:00+00:00, run_after=2024-04-09 00:00:00+00:00
[2024-04-09T16:40:27.598+0000] {processor.py:183} INFO - Processing /home/airflow/.local/lib/python3.8/site-packages/airflow/example_dags/example_setup_teardown.py took 0.033 seconds
[2024-04-09T16:40:57.710+0000] {processor.py:161} INFO - Started process (PID=727) to work on /home/airflow/.local/lib/python3.8/site-packages/airflow/example_dags/example_setup_teardown.py
[2024-04-09T16:40:57.710+0000] {processor.py:830} INFO - Processing file /home/airflow/.local/lib/python3.8/site-packages/airflow/example_dags/example_setup_teardown.py for tasks to queue
[2024-04-09T16:40:57.711+0000] {logging_mixin.py:188} INFO - [2024-04-09T16:40:57.711+0000] {dagbag.py:540} INFO - Filling up the DagBag from /home/airflow/.local/lib/python3.8/site-packages/airflow/example_dags/example_setup_teardown.py
[2024-04-09T16:40:57.714+0000] {processor.py:840} INFO - DAG(s) 'example_setup_teardown' retrieved from /home/airflow/.local/lib/python3.8/site-packages/airflow/example_dags/example_setup_teardown.py
[2024-04-09T16:40:57.723+0000] {logging_mixin.py:188} INFO - [2024-04-09T16:40:57.723+0000] {dag.py:3047} INFO - Sync 1 DAGs
[2024-04-09T16:40:57.732+0000] {logging_mixin.py:188} INFO - [2024-04-09T16:40:57.732+0000] {dag.py:3834} INFO - Setting next_dagrun for example_setup_teardown to 2024-04-08 00:00:00+00:00, run_after=2024-04-09 00:00:00+00:00
[2024-04-09T16:40:57.739+0000] {processor.py:183} INFO - Processing /home/airflow/.local/lib/python3.8/site-packages/airflow/example_dags/example_setup_teardown.py took 0.030 seconds
[2024-04-09T16:41:27.977+0000] {processor.py:161} INFO - Started process (PID=785) to work on /home/airflow/.local/lib/python3.8/site-packages/airflow/example_dags/example_setup_teardown.py
[2024-04-09T16:41:27.977+0000] {processor.py:830} INFO - Processing file /home/airflow/.local/lib/python3.8/site-packages/airflow/example_dags/example_setup_teardown.py for tasks to queue
[2024-04-09T16:41:27.978+0000] {logging_mixin.py:188} INFO - [2024-04-09T16:41:27.978+0000] {dagbag.py:540} INFO - Filling up the DagBag from /home/airflow/.local/lib/python3.8/site-packages/airflow/example_dags/example_setup_teardown.py
[2024-04-09T16:41:27.981+0000] {processor.py:840} INFO - DAG(s) 'example_setup_teardown' retrieved from /home/airflow/.local/lib/python3.8/site-packages/airflow/example_dags/example_setup_teardown.py
[2024-04-09T16:41:27.998+0000] {logging_mixin.py:188} INFO - [2024-04-09T16:41:27.998+0000] {dag.py:3047} INFO - Sync 1 DAGs
[2024-04-09T16:41:28.016+0000] {logging_mixin.py:188} INFO - [2024-04-09T16:41:28.015+0000] {dag.py:3834} INFO - Setting next_dagrun for example_setup_teardown to 2024-04-08 00:00:00+00:00, run_after=2024-04-09 00:00:00+00:00
[2024-04-09T16:41:28.024+0000] {processor.py:183} INFO - Processing /home/airflow/.local/lib/python3.8/site-packages/airflow/example_dags/example_setup_teardown.py took 0.049 seconds
[2024-04-09T16:41:58.172+0000] {processor.py:161} INFO - Started process (PID=843) to work on /home/airflow/.local/lib/python3.8/site-packages/airflow/example_dags/example_setup_teardown.py
[2024-04-09T16:41:58.173+0000] {processor.py:830} INFO - Processing file /home/airflow/.local/lib/python3.8/site-packages/airflow/example_dags/example_setup_teardown.py for tasks to queue
[2024-04-09T16:41:58.174+0000] {logging_mixin.py:188} INFO - [2024-04-09T16:41:58.174+0000] {dagbag.py:540} INFO - Filling up the DagBag from /home/airflow/.local/lib/python3.8/site-packages/airflow/example_dags/example_setup_teardown.py
[2024-04-09T16:41:58.177+0000] {processor.py:840} INFO - DAG(s) 'example_setup_teardown' retrieved from /home/airflow/.local/lib/python3.8/site-packages/airflow/example_dags/example_setup_teardown.py
[2024-04-09T16:41:58.185+0000] {logging_mixin.py:188} INFO - [2024-04-09T16:41:58.185+0000] {dag.py:3047} INFO - Sync 1 DAGs
[2024-04-09T16:41:58.194+0000] {logging_mixin.py:188} INFO - [2024-04-09T16:41:58.194+0000] {dag.py:3834} INFO - Setting next_dagrun for example_setup_teardown to 2024-04-08 00:00:00+00:00, run_after=2024-04-09 00:00:00+00:00
[2024-04-09T16:41:58.202+0000] {processor.py:183} INFO - Processing /home/airflow/.local/lib/python3.8/site-packages/airflow/example_dags/example_setup_teardown.py took 0.031 seconds
[2024-04-09T16:42:29.029+0000] {processor.py:161} INFO - Started process (PID=901) to work on /home/airflow/.local/lib/python3.8/site-packages/airflow/example_dags/example_setup_teardown.py
[2024-04-09T16:42:29.029+0000] {processor.py:830} INFO - Processing file /home/airflow/.local/lib/python3.8/site-packages/airflow/example_dags/example_setup_teardown.py for tasks to queue
[2024-04-09T16:42:29.030+0000] {logging_mixin.py:188} INFO - [2024-04-09T16:42:29.030+0000] {dagbag.py:540} INFO - Filling up the DagBag from /home/airflow/.local/lib/python3.8/site-packages/airflow/example_dags/example_setup_teardown.py
[2024-04-09T16:42:29.036+0000] {processor.py:840} INFO - DAG(s) 'example_setup_teardown' retrieved from /home/airflow/.local/lib/python3.8/site-packages/airflow/example_dags/example_setup_teardown.py
[2024-04-09T16:42:29.044+0000] {logging_mixin.py:188} INFO - [2024-04-09T16:42:29.044+0000] {dag.py:3047} INFO - Sync 1 DAGs
[2024-04-09T16:42:29.053+0000] {logging_mixin.py:188} INFO - [2024-04-09T16:42:29.053+0000] {dag.py:3834} INFO - Setting next_dagrun for example_setup_teardown to 2024-04-08 00:00:00+00:00, run_after=2024-04-09 00:00:00+00:00
[2024-04-09T16:42:29.060+0000] {processor.py:183} INFO - Processing /home/airflow/.local/lib/python3.8/site-packages/airflow/example_dags/example_setup_teardown.py took 0.033 seconds
[2024-04-09T16:42:59.816+0000] {processor.py:161} INFO - Started process (PID=959) to work on /home/airflow/.local/lib/python3.8/site-packages/airflow/example_dags/example_setup_teardown.py
[2024-04-09T16:42:59.817+0000] {processor.py:830} INFO - Processing file /home/airflow/.local/lib/python3.8/site-packages/airflow/example_dags/example_setup_teardown.py for tasks to queue
[2024-04-09T16:42:59.818+0000] {logging_mixin.py:188} INFO - [2024-04-09T16:42:59.818+0000] {dagbag.py:540} INFO - Filling up the DagBag from /home/airflow/.local/lib/python3.8/site-packages/airflow/example_dags/example_setup_teardown.py
[2024-04-09T16:42:59.820+0000] {processor.py:840} INFO - DAG(s) 'example_setup_teardown' retrieved from /home/airflow/.local/lib/python3.8/site-packages/airflow/example_dags/example_setup_teardown.py
[2024-04-09T16:42:59.829+0000] {logging_mixin.py:188} INFO - [2024-04-09T16:42:59.829+0000] {dag.py:3047} INFO - Sync 1 DAGs
[2024-04-09T16:42:59.838+0000] {logging_mixin.py:188} INFO - [2024-04-09T16:42:59.838+0000] {dag.py:3834} INFO - Setting next_dagrun for example_setup_teardown to 2024-04-08 00:00:00+00:00, run_after=2024-04-09 00:00:00+00:00
[2024-04-09T16:42:59.844+0000] {processor.py:183} INFO - Processing /home/airflow/.local/lib/python3.8/site-packages/airflow/example_dags/example_setup_teardown.py took 0.029 seconds
[2024-04-09T16:43:29.875+0000] {processor.py:161} INFO - Started process (PID=1017) to work on /home/airflow/.local/lib/python3.8/site-packages/airflow/example_dags/example_setup_teardown.py
[2024-04-09T16:43:29.876+0000] {processor.py:830} INFO - Processing file /home/airflow/.local/lib/python3.8/site-packages/airflow/example_dags/example_setup_teardown.py for tasks to queue
[2024-04-09T16:43:29.877+0000] {logging_mixin.py:188} INFO - [2024-04-09T16:43:29.876+0000] {dagbag.py:540} INFO - Filling up the DagBag from /home/airflow/.local/lib/python3.8/site-packages/airflow/example_dags/example_setup_teardown.py
[2024-04-09T16:43:29.879+0000] {processor.py:840} INFO - DAG(s) 'example_setup_teardown' retrieved from /home/airflow/.local/lib/python3.8/site-packages/airflow/example_dags/example_setup_teardown.py
[2024-04-09T16:43:29.888+0000] {logging_mixin.py:188} INFO - [2024-04-09T16:43:29.888+0000] {dag.py:3047} INFO - Sync 1 DAGs
[2024-04-09T16:43:29.896+0000] {logging_mixin.py:188} INFO - [2024-04-09T16:43:29.896+0000] {dag.py:3834} INFO - Setting next_dagrun for example_setup_teardown to 2024-04-08 00:00:00+00:00, run_after=2024-04-09 00:00:00+00:00
[2024-04-09T16:43:29.903+0000] {processor.py:183} INFO - Processing /home/airflow/.local/lib/python3.8/site-packages/airflow/example_dags/example_setup_teardown.py took 0.029 seconds
[2024-04-09T16:44:00.817+0000] {processor.py:161} INFO - Started process (PID=1075) to work on /home/airflow/.local/lib/python3.8/site-packages/airflow/example_dags/example_setup_teardown.py
[2024-04-09T16:44:00.817+0000] {processor.py:830} INFO - Processing file /home/airflow/.local/lib/python3.8/site-packages/airflow/example_dags/example_setup_teardown.py for tasks to queue
[2024-04-09T16:44:00.819+0000] {logging_mixin.py:188} INFO - [2024-04-09T16:44:00.818+0000] {dagbag.py:540} INFO - Filling up the DagBag from /home/airflow/.local/lib/python3.8/site-packages/airflow/example_dags/example_setup_teardown.py
[2024-04-09T16:44:00.822+0000] {processor.py:840} INFO - DAG(s) 'example_setup_teardown' retrieved from /home/airflow/.local/lib/python3.8/site-packages/airflow/example_dags/example_setup_teardown.py
[2024-04-09T16:44:00.831+0000] {logging_mixin.py:188} INFO - [2024-04-09T16:44:00.831+0000] {dag.py:3047} INFO - Sync 1 DAGs
[2024-04-09T16:44:00.840+0000] {logging_mixin.py:188} INFO - [2024-04-09T16:44:00.840+0000] {dag.py:3834} INFO - Setting next_dagrun for example_setup_teardown to 2024-04-08 00:00:00+00:00, run_after=2024-04-09 00:00:00+00:00
[2024-04-09T16:44:00.847+0000] {processor.py:183} INFO - Processing /home/airflow/.local/lib/python3.8/site-packages/airflow/example_dags/example_setup_teardown.py took 0.032 seconds
[2024-04-09T16:44:31.095+0000] {processor.py:161} INFO - Started process (PID=1133) to work on /home/airflow/.local/lib/python3.8/site-packages/airflow/example_dags/example_setup_teardown.py
[2024-04-09T16:44:31.095+0000] {processor.py:830} INFO - Processing file /home/airflow/.local/lib/python3.8/site-packages/airflow/example_dags/example_setup_teardown.py for tasks to queue
[2024-04-09T16:44:31.096+0000] {logging_mixin.py:188} INFO - [2024-04-09T16:44:31.096+0000] {dagbag.py:540} INFO - Filling up the DagBag from /home/airflow/.local/lib/python3.8/site-packages/airflow/example_dags/example_setup_teardown.py
[2024-04-09T16:44:31.099+0000] {processor.py:840} INFO - DAG(s) 'example_setup_teardown' retrieved from /home/airflow/.local/lib/python3.8/site-packages/airflow/example_dags/example_setup_teardown.py
[2024-04-09T16:44:31.108+0000] {logging_mixin.py:188} INFO - [2024-04-09T16:44:31.108+0000] {dag.py:3047} INFO - Sync 1 DAGs
[2024-04-09T16:44:31.117+0000] {logging_mixin.py:188} INFO - [2024-04-09T16:44:31.117+0000] {dag.py:3834} INFO - Setting next_dagrun for example_setup_teardown to 2024-04-08 00:00:00+00:00, run_after=2024-04-09 00:00:00+00:00
[2024-04-09T16:44:31.124+0000] {processor.py:183} INFO - Processing /home/airflow/.local/lib/python3.8/site-packages/airflow/example_dags/example_setup_teardown.py took 0.030 seconds
[2024-04-09T16:45:01.320+0000] {processor.py:161} INFO - Started process (PID=1191) to work on /home/airflow/.local/lib/python3.8/site-packages/airflow/example_dags/example_setup_teardown.py
[2024-04-09T16:45:01.321+0000] {processor.py:830} INFO - Processing file /home/airflow/.local/lib/python3.8/site-packages/airflow/example_dags/example_setup_teardown.py for tasks to queue
[2024-04-09T16:45:01.322+0000] {logging_mixin.py:188} INFO - [2024-04-09T16:45:01.322+0000] {dagbag.py:540} INFO - Filling up the DagBag from /home/airflow/.local/lib/python3.8/site-packages/airflow/example_dags/example_setup_teardown.py
[2024-04-09T16:45:01.325+0000] {processor.py:840} INFO - DAG(s) 'example_setup_teardown' retrieved from /home/airflow/.local/lib/python3.8/site-packages/airflow/example_dags/example_setup_teardown.py
[2024-04-09T16:45:01.334+0000] {logging_mixin.py:188} INFO - [2024-04-09T16:45:01.334+0000] {dag.py:3047} INFO - Sync 1 DAGs
[2024-04-09T16:45:01.346+0000] {logging_mixin.py:188} INFO - [2024-04-09T16:45:01.346+0000] {dag.py:3834} INFO - Setting next_dagrun for example_setup_teardown to 2024-04-08 00:00:00+00:00, run_after=2024-04-09 00:00:00+00:00
[2024-04-09T16:45:01.354+0000] {processor.py:183} INFO - Processing /home/airflow/.local/lib/python3.8/site-packages/airflow/example_dags/example_setup_teardown.py took 0.035 seconds
[2024-04-09T16:45:31.919+0000] {processor.py:161} INFO - Started process (PID=1249) to work on /home/airflow/.local/lib/python3.8/site-packages/airflow/example_dags/example_setup_teardown.py
[2024-04-09T16:45:31.920+0000] {processor.py:830} INFO - Processing file /home/airflow/.local/lib/python3.8/site-packages/airflow/example_dags/example_setup_teardown.py for tasks to queue
[2024-04-09T16:45:31.921+0000] {logging_mixin.py:188} INFO - [2024-04-09T16:45:31.921+0000] {dagbag.py:540} INFO - Filling up the DagBag from /home/airflow/.local/lib/python3.8/site-packages/airflow/example_dags/example_setup_teardown.py
[2024-04-09T16:45:31.925+0000] {processor.py:840} INFO - DAG(s) 'example_setup_teardown' retrieved from /home/airflow/.local/lib/python3.8/site-packages/airflow/example_dags/example_setup_teardown.py
[2024-04-09T16:45:31.936+0000] {logging_mixin.py:188} INFO - [2024-04-09T16:45:31.936+0000] {dag.py:3047} INFO - Sync 1 DAGs
[2024-04-09T16:45:31.947+0000] {logging_mixin.py:188} INFO - [2024-04-09T16:45:31.946+0000] {dag.py:3834} INFO - Setting next_dagrun for example_setup_teardown to 2024-04-08 00:00:00+00:00, run_after=2024-04-09 00:00:00+00:00
[2024-04-09T16:45:31.954+0000] {processor.py:183} INFO - Processing /home/airflow/.local/lib/python3.8/site-packages/airflow/example_dags/example_setup_teardown.py took 0.036 seconds
[2024-04-09T16:46:03.353+0000] {processor.py:161} INFO - Started process (PID=1312) to work on /home/airflow/.local/lib/python3.8/site-packages/airflow/example_dags/example_setup_teardown.py
[2024-04-09T16:46:03.354+0000] {processor.py:830} INFO - Processing file /home/airflow/.local/lib/python3.8/site-packages/airflow/example_dags/example_setup_teardown.py for tasks to queue
[2024-04-09T16:46:03.355+0000] {logging_mixin.py:188} INFO - [2024-04-09T16:46:03.355+0000] {dagbag.py:540} INFO - Filling up the DagBag from /home/airflow/.local/lib/python3.8/site-packages/airflow/example_dags/example_setup_teardown.py
[2024-04-09T16:46:03.358+0000] {processor.py:840} INFO - DAG(s) 'example_setup_teardown' retrieved from /home/airflow/.local/lib/python3.8/site-packages/airflow/example_dags/example_setup_teardown.py
[2024-04-09T16:46:03.370+0000] {logging_mixin.py:188} INFO - [2024-04-09T16:46:03.370+0000] {dag.py:3047} INFO - Sync 1 DAGs
[2024-04-09T16:46:03.378+0000] {logging_mixin.py:188} INFO - [2024-04-09T16:46:03.378+0000] {dag.py:3834} INFO - Setting next_dagrun for example_setup_teardown to 2024-04-08 00:00:00+00:00, run_after=2024-04-09 00:00:00+00:00
[2024-04-09T16:46:03.385+0000] {processor.py:183} INFO - Processing /home/airflow/.local/lib/python3.8/site-packages/airflow/example_dags/example_setup_teardown.py took 0.033 seconds
[2024-04-09T16:46:35.532+0000] {processor.py:161} INFO - Started process (PID=1374) to work on /home/airflow/.local/lib/python3.8/site-packages/airflow/example_dags/example_setup_teardown.py
[2024-04-09T16:46:35.534+0000] {processor.py:830} INFO - Processing file /home/airflow/.local/lib/python3.8/site-packages/airflow/example_dags/example_setup_teardown.py for tasks to queue
[2024-04-09T16:46:35.539+0000] {logging_mixin.py:188} INFO - [2024-04-09T16:46:35.539+0000] {dagbag.py:540} INFO - Filling up the DagBag from /home/airflow/.local/lib/python3.8/site-packages/airflow/example_dags/example_setup_teardown.py
[2024-04-09T16:46:35.579+0000] {processor.py:840} INFO - DAG(s) 'example_setup_teardown' retrieved from /home/airflow/.local/lib/python3.8/site-packages/airflow/example_dags/example_setup_teardown.py
[2024-04-09T16:46:35.732+0000] {logging_mixin.py:188} INFO - [2024-04-09T16:46:35.732+0000] {dag.py:3047} INFO - Sync 1 DAGs
[2024-04-09T16:46:35.858+0000] {logging_mixin.py:188} INFO - [2024-04-09T16:46:35.857+0000] {dag.py:3834} INFO - Setting next_dagrun for example_setup_teardown to 2024-04-08 00:00:00+00:00, run_after=2024-04-09 00:00:00+00:00
[2024-04-09T16:46:35.909+0000] {processor.py:183} INFO - Processing /home/airflow/.local/lib/python3.8/site-packages/airflow/example_dags/example_setup_teardown.py took 0.383 seconds
[2024-04-09T16:47:09.574+0000] {processor.py:161} INFO - Started process (PID=1455) to work on /home/airflow/.local/lib/python3.8/site-packages/airflow/example_dags/example_setup_teardown.py
[2024-04-09T16:47:09.582+0000] {processor.py:830} INFO - Processing file /home/airflow/.local/lib/python3.8/site-packages/airflow/example_dags/example_setup_teardown.py for tasks to queue
[2024-04-09T16:47:09.588+0000] {logging_mixin.py:188} INFO - [2024-04-09T16:47:09.586+0000] {dagbag.py:540} INFO - Filling up the DagBag from /home/airflow/.local/lib/python3.8/site-packages/airflow/example_dags/example_setup_teardown.py
[2024-04-09T16:47:09.645+0000] {processor.py:840} INFO - DAG(s) 'example_setup_teardown' retrieved from /home/airflow/.local/lib/python3.8/site-packages/airflow/example_dags/example_setup_teardown.py
[2024-04-09T16:47:09.738+0000] {logging_mixin.py:188} INFO - [2024-04-09T16:47:09.738+0000] {dag.py:3047} INFO - Sync 1 DAGs
[2024-04-09T16:47:09.789+0000] {logging_mixin.py:188} INFO - [2024-04-09T16:47:09.789+0000] {dag.py:3834} INFO - Setting next_dagrun for example_setup_teardown to 2024-04-08 00:00:00+00:00, run_after=2024-04-09 00:00:00+00:00
[2024-04-09T16:47:09.815+0000] {processor.py:183} INFO - Processing /home/airflow/.local/lib/python3.8/site-packages/airflow/example_dags/example_setup_teardown.py took 0.257 seconds
[2024-04-09T16:47:45.994+0000] {processor.py:161} INFO - Started process (PID=1524) to work on /home/airflow/.local/lib/python3.8/site-packages/airflow/example_dags/example_setup_teardown.py
[2024-04-09T16:47:46.002+0000] {processor.py:830} INFO - Processing file /home/airflow/.local/lib/python3.8/site-packages/airflow/example_dags/example_setup_teardown.py for tasks to queue
[2024-04-09T16:47:46.007+0000] {logging_mixin.py:188} INFO - [2024-04-09T16:47:46.007+0000] {dagbag.py:540} INFO - Filling up the DagBag from /home/airflow/.local/lib/python3.8/site-packages/airflow/example_dags/example_setup_teardown.py
[2024-04-09T16:47:46.028+0000] {processor.py:840} INFO - DAG(s) 'example_setup_teardown' retrieved from /home/airflow/.local/lib/python3.8/site-packages/airflow/example_dags/example_setup_teardown.py
[2024-04-09T16:47:46.127+0000] {logging_mixin.py:188} INFO - [2024-04-09T16:47:46.127+0000] {dag.py:3047} INFO - Sync 1 DAGs
[2024-04-09T16:47:46.184+0000] {logging_mixin.py:188} INFO - [2024-04-09T16:47:46.184+0000] {dag.py:3834} INFO - Setting next_dagrun for example_setup_teardown to 2024-04-08 00:00:00+00:00, run_after=2024-04-09 00:00:00+00:00
[2024-04-09T16:47:46.260+0000] {processor.py:183} INFO - Processing /home/airflow/.local/lib/python3.8/site-packages/airflow/example_dags/example_setup_teardown.py took 0.282 seconds
[2024-04-09T16:48:17.241+0000] {processor.py:161} INFO - Started process (PID=1581) to work on /home/airflow/.local/lib/python3.8/site-packages/airflow/example_dags/example_setup_teardown.py
[2024-04-09T16:48:17.242+0000] {processor.py:830} INFO - Processing file /home/airflow/.local/lib/python3.8/site-packages/airflow/example_dags/example_setup_teardown.py for tasks to queue
[2024-04-09T16:48:17.244+0000] {logging_mixin.py:188} INFO - [2024-04-09T16:48:17.244+0000] {dagbag.py:540} INFO - Filling up the DagBag from /home/airflow/.local/lib/python3.8/site-packages/airflow/example_dags/example_setup_teardown.py
[2024-04-09T16:48:17.249+0000] {processor.py:840} INFO - DAG(s) 'example_setup_teardown' retrieved from /home/airflow/.local/lib/python3.8/site-packages/airflow/example_dags/example_setup_teardown.py
[2024-04-09T16:48:17.265+0000] {logging_mixin.py:188} INFO - [2024-04-09T16:48:17.265+0000] {dag.py:3047} INFO - Sync 1 DAGs
[2024-04-09T16:48:17.275+0000] {logging_mixin.py:188} INFO - [2024-04-09T16:48:17.275+0000] {dag.py:3834} INFO - Setting next_dagrun for example_setup_teardown to 2024-04-08 00:00:00+00:00, run_after=2024-04-09 00:00:00+00:00
[2024-04-09T16:48:17.283+0000] {processor.py:183} INFO - Processing /home/airflow/.local/lib/python3.8/site-packages/airflow/example_dags/example_setup_teardown.py took 0.045 seconds
[2024-04-09T16:48:47.549+0000] {processor.py:161} INFO - Started process (PID=1639) to work on /home/airflow/.local/lib/python3.8/site-packages/airflow/example_dags/example_setup_teardown.py
[2024-04-09T16:48:47.550+0000] {processor.py:830} INFO - Processing file /home/airflow/.local/lib/python3.8/site-packages/airflow/example_dags/example_setup_teardown.py for tasks to queue
[2024-04-09T16:48:47.551+0000] {logging_mixin.py:188} INFO - [2024-04-09T16:48:47.551+0000] {dagbag.py:540} INFO - Filling up the DagBag from /home/airflow/.local/lib/python3.8/site-packages/airflow/example_dags/example_setup_teardown.py
[2024-04-09T16:48:47.556+0000] {processor.py:840} INFO - DAG(s) 'example_setup_teardown' retrieved from /home/airflow/.local/lib/python3.8/site-packages/airflow/example_dags/example_setup_teardown.py
[2024-04-09T16:48:47.566+0000] {logging_mixin.py:188} INFO - [2024-04-09T16:48:47.566+0000] {dag.py:3047} INFO - Sync 1 DAGs
[2024-04-09T16:48:47.576+0000] {logging_mixin.py:188} INFO - [2024-04-09T16:48:47.576+0000] {dag.py:3834} INFO - Setting next_dagrun for example_setup_teardown to 2024-04-08 00:00:00+00:00, run_after=2024-04-09 00:00:00+00:00
[2024-04-09T16:48:47.584+0000] {processor.py:183} INFO - Processing /home/airflow/.local/lib/python3.8/site-packages/airflow/example_dags/example_setup_teardown.py took 0.037 seconds
[2024-04-09T16:49:17.792+0000] {processor.py:161} INFO - Started process (PID=1696) to work on /home/airflow/.local/lib/python3.8/site-packages/airflow/example_dags/example_setup_teardown.py
[2024-04-09T16:49:17.792+0000] {processor.py:830} INFO - Processing file /home/airflow/.local/lib/python3.8/site-packages/airflow/example_dags/example_setup_teardown.py for tasks to queue
[2024-04-09T16:49:17.793+0000] {logging_mixin.py:188} INFO - [2024-04-09T16:49:17.793+0000] {dagbag.py:540} INFO - Filling up the DagBag from /home/airflow/.local/lib/python3.8/site-packages/airflow/example_dags/example_setup_teardown.py
[2024-04-09T16:49:17.796+0000] {processor.py:840} INFO - DAG(s) 'example_setup_teardown' retrieved from /home/airflow/.local/lib/python3.8/site-packages/airflow/example_dags/example_setup_teardown.py
[2024-04-09T16:49:17.810+0000] {logging_mixin.py:188} INFO - [2024-04-09T16:49:17.810+0000] {dag.py:3047} INFO - Sync 1 DAGs
[2024-04-09T16:49:17.825+0000] {logging_mixin.py:188} INFO - [2024-04-09T16:49:17.825+0000] {dag.py:3834} INFO - Setting next_dagrun for example_setup_teardown to 2024-04-08 00:00:00+00:00, run_after=2024-04-09 00:00:00+00:00
[2024-04-09T16:49:17.833+0000] {processor.py:183} INFO - Processing /home/airflow/.local/lib/python3.8/site-packages/airflow/example_dags/example_setup_teardown.py took 0.044 seconds
[2024-04-09T16:49:48.711+0000] {processor.py:161} INFO - Started process (PID=1753) to work on /home/airflow/.local/lib/python3.8/site-packages/airflow/example_dags/example_setup_teardown.py
[2024-04-09T16:49:48.712+0000] {processor.py:830} INFO - Processing file /home/airflow/.local/lib/python3.8/site-packages/airflow/example_dags/example_setup_teardown.py for tasks to queue
[2024-04-09T16:49:48.713+0000] {logging_mixin.py:188} INFO - [2024-04-09T16:49:48.713+0000] {dagbag.py:540} INFO - Filling up the DagBag from /home/airflow/.local/lib/python3.8/site-packages/airflow/example_dags/example_setup_teardown.py
[2024-04-09T16:49:48.717+0000] {processor.py:840} INFO - DAG(s) 'example_setup_teardown' retrieved from /home/airflow/.local/lib/python3.8/site-packages/airflow/example_dags/example_setup_teardown.py
[2024-04-09T16:49:48.749+0000] {logging_mixin.py:188} INFO - [2024-04-09T16:49:48.749+0000] {dag.py:3047} INFO - Sync 1 DAGs
[2024-04-09T16:49:48.759+0000] {logging_mixin.py:188} INFO - [2024-04-09T16:49:48.759+0000] {dag.py:3834} INFO - Setting next_dagrun for example_setup_teardown to 2024-04-08 00:00:00+00:00, run_after=2024-04-09 00:00:00+00:00
[2024-04-09T16:49:48.769+0000] {processor.py:183} INFO - Processing /home/airflow/.local/lib/python3.8/site-packages/airflow/example_dags/example_setup_teardown.py took 0.060 seconds
[2024-04-09T16:50:18.861+0000] {processor.py:161} INFO - Started process (PID=1810) to work on /home/airflow/.local/lib/python3.8/site-packages/airflow/example_dags/example_setup_teardown.py
[2024-04-09T16:50:18.861+0000] {processor.py:830} INFO - Processing file /home/airflow/.local/lib/python3.8/site-packages/airflow/example_dags/example_setup_teardown.py for tasks to queue
[2024-04-09T16:50:18.862+0000] {logging_mixin.py:188} INFO - [2024-04-09T16:50:18.862+0000] {dagbag.py:540} INFO - Filling up the DagBag from /home/airflow/.local/lib/python3.8/site-packages/airflow/example_dags/example_setup_teardown.py
[2024-04-09T16:50:18.865+0000] {processor.py:840} INFO - DAG(s) 'example_setup_teardown' retrieved from /home/airflow/.local/lib/python3.8/site-packages/airflow/example_dags/example_setup_teardown.py
[2024-04-09T16:50:18.874+0000] {logging_mixin.py:188} INFO - [2024-04-09T16:50:18.874+0000] {dag.py:3047} INFO - Sync 1 DAGs
[2024-04-09T16:50:18.883+0000] {logging_mixin.py:188} INFO - [2024-04-09T16:50:18.883+0000] {dag.py:3834} INFO - Setting next_dagrun for example_setup_teardown to 2024-04-08 00:00:00+00:00, run_after=2024-04-09 00:00:00+00:00
[2024-04-09T16:50:18.889+0000] {processor.py:183} INFO - Processing /home/airflow/.local/lib/python3.8/site-packages/airflow/example_dags/example_setup_teardown.py took 0.030 seconds
[2024-04-09T16:50:48.928+0000] {processor.py:161} INFO - Started process (PID=1867) to work on /home/airflow/.local/lib/python3.8/site-packages/airflow/example_dags/example_setup_teardown.py
[2024-04-09T16:50:48.929+0000] {processor.py:830} INFO - Processing file /home/airflow/.local/lib/python3.8/site-packages/airflow/example_dags/example_setup_teardown.py for tasks to queue
[2024-04-09T16:50:48.931+0000] {logging_mixin.py:188} INFO - [2024-04-09T16:50:48.931+0000] {dagbag.py:540} INFO - Filling up the DagBag from /home/airflow/.local/lib/python3.8/site-packages/airflow/example_dags/example_setup_teardown.py
[2024-04-09T16:50:48.937+0000] {processor.py:840} INFO - DAG(s) 'example_setup_teardown' retrieved from /home/airflow/.local/lib/python3.8/site-packages/airflow/example_dags/example_setup_teardown.py
[2024-04-09T16:50:48.949+0000] {logging_mixin.py:188} INFO - [2024-04-09T16:50:48.949+0000] {dag.py:3047} INFO - Sync 1 DAGs
[2024-04-09T16:50:48.959+0000] {logging_mixin.py:188} INFO - [2024-04-09T16:50:48.959+0000] {dag.py:3834} INFO - Setting next_dagrun for example_setup_teardown to 2024-04-08 00:00:00+00:00, run_after=2024-04-09 00:00:00+00:00
[2024-04-09T16:50:48.967+0000] {processor.py:183} INFO - Processing /home/airflow/.local/lib/python3.8/site-packages/airflow/example_dags/example_setup_teardown.py took 0.041 seconds
[2024-04-09T16:51:19.491+0000] {processor.py:161} INFO - Started process (PID=1925) to work on /home/airflow/.local/lib/python3.8/site-packages/airflow/example_dags/example_setup_teardown.py
[2024-04-09T16:51:19.491+0000] {processor.py:830} INFO - Processing file /home/airflow/.local/lib/python3.8/site-packages/airflow/example_dags/example_setup_teardown.py for tasks to queue
[2024-04-09T16:51:19.492+0000] {logging_mixin.py:188} INFO - [2024-04-09T16:51:19.492+0000] {dagbag.py:540} INFO - Filling up the DagBag from /home/airflow/.local/lib/python3.8/site-packages/airflow/example_dags/example_setup_teardown.py
[2024-04-09T16:51:19.495+0000] {processor.py:840} INFO - DAG(s) 'example_setup_teardown' retrieved from /home/airflow/.local/lib/python3.8/site-packages/airflow/example_dags/example_setup_teardown.py
[2024-04-09T16:51:19.504+0000] {logging_mixin.py:188} INFO - [2024-04-09T16:51:19.504+0000] {dag.py:3047} INFO - Sync 1 DAGs
[2024-04-09T16:51:19.513+0000] {logging_mixin.py:188} INFO - [2024-04-09T16:51:19.513+0000] {dag.py:3834} INFO - Setting next_dagrun for example_setup_teardown to 2024-04-08 00:00:00+00:00, run_after=2024-04-09 00:00:00+00:00
[2024-04-09T16:51:19.519+0000] {processor.py:183} INFO - Processing /home/airflow/.local/lib/python3.8/site-packages/airflow/example_dags/example_setup_teardown.py took 0.030 seconds
[2024-04-09T16:51:49.551+0000] {processor.py:161} INFO - Started process (PID=1983) to work on /home/airflow/.local/lib/python3.8/site-packages/airflow/example_dags/example_setup_teardown.py
[2024-04-09T16:51:49.552+0000] {processor.py:830} INFO - Processing file /home/airflow/.local/lib/python3.8/site-packages/airflow/example_dags/example_setup_teardown.py for tasks to queue
[2024-04-09T16:51:49.553+0000] {logging_mixin.py:188} INFO - [2024-04-09T16:51:49.553+0000] {dagbag.py:540} INFO - Filling up the DagBag from /home/airflow/.local/lib/python3.8/site-packages/airflow/example_dags/example_setup_teardown.py
[2024-04-09T16:51:49.556+0000] {processor.py:840} INFO - DAG(s) 'example_setup_teardown' retrieved from /home/airflow/.local/lib/python3.8/site-packages/airflow/example_dags/example_setup_teardown.py
[2024-04-09T16:51:49.566+0000] {logging_mixin.py:188} INFO - [2024-04-09T16:51:49.565+0000] {dag.py:3047} INFO - Sync 1 DAGs
[2024-04-09T16:51:49.577+0000] {logging_mixin.py:188} INFO - [2024-04-09T16:51:49.577+0000] {dag.py:3834} INFO - Setting next_dagrun for example_setup_teardown to 2024-04-08 00:00:00+00:00, run_after=2024-04-09 00:00:00+00:00
[2024-04-09T16:51:49.584+0000] {processor.py:183} INFO - Processing /home/airflow/.local/lib/python3.8/site-packages/airflow/example_dags/example_setup_teardown.py took 0.034 seconds
[2024-04-09T16:52:20.596+0000] {processor.py:161} INFO - Started process (PID=2045) to work on /home/airflow/.local/lib/python3.8/site-packages/airflow/example_dags/example_setup_teardown.py
[2024-04-09T16:52:20.596+0000] {processor.py:830} INFO - Processing file /home/airflow/.local/lib/python3.8/site-packages/airflow/example_dags/example_setup_teardown.py for tasks to queue
[2024-04-09T16:52:20.597+0000] {logging_mixin.py:188} INFO - [2024-04-09T16:52:20.597+0000] {dagbag.py:540} INFO - Filling up the DagBag from /home/airflow/.local/lib/python3.8/site-packages/airflow/example_dags/example_setup_teardown.py
[2024-04-09T16:52:20.602+0000] {processor.py:840} INFO - DAG(s) 'example_setup_teardown' retrieved from /home/airflow/.local/lib/python3.8/site-packages/airflow/example_dags/example_setup_teardown.py
[2024-04-09T16:52:20.621+0000] {logging_mixin.py:188} INFO - [2024-04-09T16:52:20.620+0000] {dag.py:3047} INFO - Sync 1 DAGs
[2024-04-09T16:52:20.638+0000] {logging_mixin.py:188} INFO - [2024-04-09T16:52:20.638+0000] {dag.py:3834} INFO - Setting next_dagrun for example_setup_teardown to 2024-04-08 00:00:00+00:00, run_after=2024-04-09 00:00:00+00:00
[2024-04-09T16:52:20.649+0000] {processor.py:183} INFO - Processing /home/airflow/.local/lib/python3.8/site-packages/airflow/example_dags/example_setup_teardown.py took 0.055 seconds
[2024-04-09T16:52:50.967+0000] {processor.py:161} INFO - Started process (PID=2121) to work on /home/airflow/.local/lib/python3.8/site-packages/airflow/example_dags/example_setup_teardown.py
[2024-04-09T16:52:50.968+0000] {processor.py:830} INFO - Processing file /home/airflow/.local/lib/python3.8/site-packages/airflow/example_dags/example_setup_teardown.py for tasks to queue
[2024-04-09T16:52:50.969+0000] {logging_mixin.py:188} INFO - [2024-04-09T16:52:50.968+0000] {dagbag.py:540} INFO - Filling up the DagBag from /home/airflow/.local/lib/python3.8/site-packages/airflow/example_dags/example_setup_teardown.py
[2024-04-09T16:52:50.972+0000] {processor.py:840} INFO - DAG(s) 'example_setup_teardown' retrieved from /home/airflow/.local/lib/python3.8/site-packages/airflow/example_dags/example_setup_teardown.py
[2024-04-09T16:52:50.983+0000] {logging_mixin.py:188} INFO - [2024-04-09T16:52:50.982+0000] {dag.py:3047} INFO - Sync 1 DAGs
[2024-04-09T16:52:50.996+0000] {logging_mixin.py:188} INFO - [2024-04-09T16:52:50.996+0000] {dag.py:3834} INFO - Setting next_dagrun for example_setup_teardown to 2024-04-08 00:00:00+00:00, run_after=2024-04-09 00:00:00+00:00
[2024-04-09T16:52:51.003+0000] {processor.py:183} INFO - Processing /home/airflow/.local/lib/python3.8/site-packages/airflow/example_dags/example_setup_teardown.py took 0.038 seconds
[2024-04-09T16:53:21.551+0000] {processor.py:161} INFO - Started process (PID=2205) to work on /home/airflow/.local/lib/python3.8/site-packages/airflow/example_dags/example_setup_teardown.py
[2024-04-09T16:53:21.556+0000] {processor.py:830} INFO - Processing file /home/airflow/.local/lib/python3.8/site-packages/airflow/example_dags/example_setup_teardown.py for tasks to queue
[2024-04-09T16:53:21.563+0000] {logging_mixin.py:188} INFO - [2024-04-09T16:53:21.562+0000] {dagbag.py:540} INFO - Filling up the DagBag from /home/airflow/.local/lib/python3.8/site-packages/airflow/example_dags/example_setup_teardown.py
[2024-04-09T16:53:21.581+0000] {processor.py:840} INFO - DAG(s) 'example_setup_teardown' retrieved from /home/airflow/.local/lib/python3.8/site-packages/airflow/example_dags/example_setup_teardown.py
[2024-04-09T16:53:21.664+0000] {logging_mixin.py:188} INFO - [2024-04-09T16:53:21.663+0000] {dag.py:3047} INFO - Sync 1 DAGs
[2024-04-09T16:53:21.723+0000] {logging_mixin.py:188} INFO - [2024-04-09T16:53:21.720+0000] {dag.py:3834} INFO - Setting next_dagrun for example_setup_teardown to 2024-04-08 00:00:00+00:00, run_after=2024-04-09 00:00:00+00:00
[2024-04-09T16:53:21.766+0000] {processor.py:183} INFO - Processing /home/airflow/.local/lib/python3.8/site-packages/airflow/example_dags/example_setup_teardown.py took 0.219 seconds
[2024-04-09T16:53:54.863+0000] {processor.py:161} INFO - Started process (PID=2280) to work on /home/airflow/.local/lib/python3.8/site-packages/airflow/example_dags/example_setup_teardown.py
[2024-04-09T16:53:54.870+0000] {processor.py:830} INFO - Processing file /home/airflow/.local/lib/python3.8/site-packages/airflow/example_dags/example_setup_teardown.py for tasks to queue
[2024-04-09T16:53:54.883+0000] {logging_mixin.py:188} INFO - [2024-04-09T16:53:54.882+0000] {dagbag.py:540} INFO - Filling up the DagBag from /home/airflow/.local/lib/python3.8/site-packages/airflow/example_dags/example_setup_teardown.py
[2024-04-09T16:53:54.934+0000] {processor.py:840} INFO - DAG(s) 'example_setup_teardown' retrieved from /home/airflow/.local/lib/python3.8/site-packages/airflow/example_dags/example_setup_teardown.py
[2024-04-09T16:53:55.120+0000] {logging_mixin.py:188} INFO - [2024-04-09T16:53:55.119+0000] {dag.py:3047} INFO - Sync 1 DAGs
[2024-04-09T16:53:55.211+0000] {logging_mixin.py:188} INFO - [2024-04-09T16:53:55.210+0000] {dag.py:3834} INFO - Setting next_dagrun for example_setup_teardown to 2024-04-08 00:00:00+00:00, run_after=2024-04-09 00:00:00+00:00
[2024-04-09T16:53:55.249+0000] {processor.py:183} INFO - Processing /home/airflow/.local/lib/python3.8/site-packages/airflow/example_dags/example_setup_teardown.py took 0.401 seconds
[2024-04-09T16:54:27.356+0000] {processor.py:161} INFO - Started process (PID=2350) to work on /home/airflow/.local/lib/python3.8/site-packages/airflow/example_dags/example_setup_teardown.py
[2024-04-09T16:54:27.360+0000] {processor.py:830} INFO - Processing file /home/airflow/.local/lib/python3.8/site-packages/airflow/example_dags/example_setup_teardown.py for tasks to queue
[2024-04-09T16:54:27.366+0000] {logging_mixin.py:188} INFO - [2024-04-09T16:54:27.366+0000] {dagbag.py:540} INFO - Filling up the DagBag from /home/airflow/.local/lib/python3.8/site-packages/airflow/example_dags/example_setup_teardown.py
[2024-04-09T16:54:27.412+0000] {processor.py:840} INFO - DAG(s) 'example_setup_teardown' retrieved from /home/airflow/.local/lib/python3.8/site-packages/airflow/example_dags/example_setup_teardown.py
[2024-04-09T16:54:27.516+0000] {logging_mixin.py:188} INFO - [2024-04-09T16:54:27.515+0000] {dag.py:3047} INFO - Sync 1 DAGs
[2024-04-09T16:54:27.588+0000] {logging_mixin.py:188} INFO - [2024-04-09T16:54:27.587+0000] {dag.py:3834} INFO - Setting next_dagrun for example_setup_teardown to 2024-04-08 00:00:00+00:00, run_after=2024-04-09 00:00:00+00:00
[2024-04-09T16:54:27.634+0000] {processor.py:183} INFO - Processing /home/airflow/.local/lib/python3.8/site-packages/airflow/example_dags/example_setup_teardown.py took 0.304 seconds
