[2024-04-09T16:35:17.520+0000] {processor.py:161} INFO - Started process (PID=64) to work on /home/airflow/.local/lib/python3.8/site-packages/airflow/example_dags/tutorial.py
[2024-04-09T16:35:17.525+0000] {processor.py:830} INFO - Processing file /home/airflow/.local/lib/python3.8/site-packages/airflow/example_dags/tutorial.py for tasks to queue
[2024-04-09T16:35:17.530+0000] {logging_mixin.py:188} INFO - [2024-04-09T16:35:17.530+0000] {dagbag.py:540} INFO - Filling up the DagBag from /home/airflow/.local/lib/python3.8/site-packages/airflow/example_dags/tutorial.py
[2024-04-09T16:35:17.545+0000] {processor.py:840} INFO - DAG(s) 'tutorial' retrieved from /home/airflow/.local/lib/python3.8/site-packages/airflow/example_dags/tutorial.py
[2024-04-09T16:35:17.574+0000] {logging_mixin.py:188} INFO - [2024-04-09T16:35:17.574+0000] {dag.py:3047} INFO - Sync 1 DAGs
[2024-04-09T16:35:17.627+0000] {logging_mixin.py:188} INFO - [2024-04-09T16:35:17.627+0000] {dag.py:3834} INFO - Setting next_dagrun for tutorial to 2024-04-08 00:00:00+00:00, run_after=2024-04-09 00:00:00+00:00
[2024-04-09T16:35:17.640+0000] {processor.py:183} INFO - Processing /home/airflow/.local/lib/python3.8/site-packages/airflow/example_dags/tutorial.py took 0.134 seconds
[2024-04-09T16:35:48.608+0000] {processor.py:161} INFO - Started process (PID=121) to work on /home/airflow/.local/lib/python3.8/site-packages/airflow/example_dags/tutorial.py
[2024-04-09T16:35:48.609+0000] {processor.py:830} INFO - Processing file /home/airflow/.local/lib/python3.8/site-packages/airflow/example_dags/tutorial.py for tasks to queue
[2024-04-09T16:35:48.611+0000] {logging_mixin.py:188} INFO - [2024-04-09T16:35:48.611+0000] {dagbag.py:540} INFO - Filling up the DagBag from /home/airflow/.local/lib/python3.8/site-packages/airflow/example_dags/tutorial.py
[2024-04-09T16:35:48.624+0000] {processor.py:840} INFO - DAG(s) 'tutorial' retrieved from /home/airflow/.local/lib/python3.8/site-packages/airflow/example_dags/tutorial.py
[2024-04-09T16:35:48.682+0000] {logging_mixin.py:188} INFO - [2024-04-09T16:35:48.682+0000] {dag.py:3047} INFO - Sync 1 DAGs
[2024-04-09T16:35:48.692+0000] {logging_mixin.py:188} INFO - [2024-04-09T16:35:48.692+0000] {dag.py:3834} INFO - Setting next_dagrun for tutorial to 2024-04-08 00:00:00+00:00, run_after=2024-04-09 00:00:00+00:00
[2024-04-09T16:35:48.701+0000] {processor.py:183} INFO - Processing /home/airflow/.local/lib/python3.8/site-packages/airflow/example_dags/tutorial.py took 0.097 seconds
[2024-04-09T16:36:19.103+0000] {processor.py:161} INFO - Started process (PID=178) to work on /home/airflow/.local/lib/python3.8/site-packages/airflow/example_dags/tutorial.py
[2024-04-09T16:36:19.103+0000] {processor.py:830} INFO - Processing file /home/airflow/.local/lib/python3.8/site-packages/airflow/example_dags/tutorial.py for tasks to queue
[2024-04-09T16:36:19.104+0000] {logging_mixin.py:188} INFO - [2024-04-09T16:36:19.104+0000] {dagbag.py:540} INFO - Filling up the DagBag from /home/airflow/.local/lib/python3.8/site-packages/airflow/example_dags/tutorial.py
[2024-04-09T16:36:19.109+0000] {processor.py:840} INFO - DAG(s) 'tutorial' retrieved from /home/airflow/.local/lib/python3.8/site-packages/airflow/example_dags/tutorial.py
[2024-04-09T16:36:19.120+0000] {logging_mixin.py:188} INFO - [2024-04-09T16:36:19.120+0000] {dag.py:3047} INFO - Sync 1 DAGs
[2024-04-09T16:36:19.131+0000] {logging_mixin.py:188} INFO - [2024-04-09T16:36:19.131+0000] {dag.py:3834} INFO - Setting next_dagrun for tutorial to 2024-04-08 00:00:00+00:00, run_after=2024-04-09 00:00:00+00:00
[2024-04-09T16:36:19.139+0000] {processor.py:183} INFO - Processing /home/airflow/.local/lib/python3.8/site-packages/airflow/example_dags/tutorial.py took 0.038 seconds
[2024-04-09T16:36:50.000+0000] {processor.py:161} INFO - Started process (PID=235) to work on /home/airflow/.local/lib/python3.8/site-packages/airflow/example_dags/tutorial.py
[2024-04-09T16:36:50.001+0000] {processor.py:830} INFO - Processing file /home/airflow/.local/lib/python3.8/site-packages/airflow/example_dags/tutorial.py for tasks to queue
[2024-04-09T16:36:50.002+0000] {logging_mixin.py:188} INFO - [2024-04-09T16:36:50.002+0000] {dagbag.py:540} INFO - Filling up the DagBag from /home/airflow/.local/lib/python3.8/site-packages/airflow/example_dags/tutorial.py
[2024-04-09T16:36:50.007+0000] {processor.py:840} INFO - DAG(s) 'tutorial' retrieved from /home/airflow/.local/lib/python3.8/site-packages/airflow/example_dags/tutorial.py
[2024-04-09T16:36:50.019+0000] {logging_mixin.py:188} INFO - [2024-04-09T16:36:50.019+0000] {dag.py:3047} INFO - Sync 1 DAGs
[2024-04-09T16:36:50.029+0000] {logging_mixin.py:188} INFO - [2024-04-09T16:36:50.029+0000] {dag.py:3834} INFO - Setting next_dagrun for tutorial to 2024-04-08 00:00:00+00:00, run_after=2024-04-09 00:00:00+00:00
[2024-04-09T16:36:50.036+0000] {processor.py:183} INFO - Processing /home/airflow/.local/lib/python3.8/site-packages/airflow/example_dags/tutorial.py took 0.038 seconds
[2024-04-09T16:37:21.009+0000] {processor.py:161} INFO - Started process (PID=292) to work on /home/airflow/.local/lib/python3.8/site-packages/airflow/example_dags/tutorial.py
[2024-04-09T16:37:21.010+0000] {processor.py:830} INFO - Processing file /home/airflow/.local/lib/python3.8/site-packages/airflow/example_dags/tutorial.py for tasks to queue
[2024-04-09T16:37:21.011+0000] {logging_mixin.py:188} INFO - [2024-04-09T16:37:21.011+0000] {dagbag.py:540} INFO - Filling up the DagBag from /home/airflow/.local/lib/python3.8/site-packages/airflow/example_dags/tutorial.py
[2024-04-09T16:37:21.015+0000] {processor.py:840} INFO - DAG(s) 'tutorial' retrieved from /home/airflow/.local/lib/python3.8/site-packages/airflow/example_dags/tutorial.py
[2024-04-09T16:37:21.025+0000] {logging_mixin.py:188} INFO - [2024-04-09T16:37:21.025+0000] {dag.py:3047} INFO - Sync 1 DAGs
[2024-04-09T16:37:21.034+0000] {logging_mixin.py:188} INFO - [2024-04-09T16:37:21.034+0000] {dag.py:3834} INFO - Setting next_dagrun for tutorial to 2024-04-08 00:00:00+00:00, run_after=2024-04-09 00:00:00+00:00
[2024-04-09T16:37:21.042+0000] {processor.py:183} INFO - Processing /home/airflow/.local/lib/python3.8/site-packages/airflow/example_dags/tutorial.py took 0.036 seconds
[2024-04-09T16:37:51.641+0000] {processor.py:161} INFO - Started process (PID=349) to work on /home/airflow/.local/lib/python3.8/site-packages/airflow/example_dags/tutorial.py
[2024-04-09T16:37:51.642+0000] {processor.py:830} INFO - Processing file /home/airflow/.local/lib/python3.8/site-packages/airflow/example_dags/tutorial.py for tasks to queue
[2024-04-09T16:37:51.643+0000] {logging_mixin.py:188} INFO - [2024-04-09T16:37:51.643+0000] {dagbag.py:540} INFO - Filling up the DagBag from /home/airflow/.local/lib/python3.8/site-packages/airflow/example_dags/tutorial.py
[2024-04-09T16:37:51.646+0000] {processor.py:840} INFO - DAG(s) 'tutorial' retrieved from /home/airflow/.local/lib/python3.8/site-packages/airflow/example_dags/tutorial.py
[2024-04-09T16:37:51.656+0000] {logging_mixin.py:188} INFO - [2024-04-09T16:37:51.656+0000] {dag.py:3047} INFO - Sync 1 DAGs
[2024-04-09T16:37:51.666+0000] {logging_mixin.py:188} INFO - [2024-04-09T16:37:51.666+0000] {dag.py:3834} INFO - Setting next_dagrun for tutorial to 2024-04-08 00:00:00+00:00, run_after=2024-04-09 00:00:00+00:00
[2024-04-09T16:37:51.673+0000] {processor.py:183} INFO - Processing /home/airflow/.local/lib/python3.8/site-packages/airflow/example_dags/tutorial.py took 0.033 seconds
[2024-04-09T16:38:22.546+0000] {processor.py:161} INFO - Started process (PID=406) to work on /home/airflow/.local/lib/python3.8/site-packages/airflow/example_dags/tutorial.py
[2024-04-09T16:38:22.546+0000] {processor.py:830} INFO - Processing file /home/airflow/.local/lib/python3.8/site-packages/airflow/example_dags/tutorial.py for tasks to queue
[2024-04-09T16:38:22.547+0000] {logging_mixin.py:188} INFO - [2024-04-09T16:38:22.547+0000] {dagbag.py:540} INFO - Filling up the DagBag from /home/airflow/.local/lib/python3.8/site-packages/airflow/example_dags/tutorial.py
[2024-04-09T16:38:22.550+0000] {processor.py:840} INFO - DAG(s) 'tutorial' retrieved from /home/airflow/.local/lib/python3.8/site-packages/airflow/example_dags/tutorial.py
[2024-04-09T16:38:22.561+0000] {logging_mixin.py:188} INFO - [2024-04-09T16:38:22.561+0000] {dag.py:3047} INFO - Sync 1 DAGs
[2024-04-09T16:38:22.571+0000] {logging_mixin.py:188} INFO - [2024-04-09T16:38:22.571+0000] {dag.py:3834} INFO - Setting next_dagrun for tutorial to 2024-04-08 00:00:00+00:00, run_after=2024-04-09 00:00:00+00:00
[2024-04-09T16:38:22.578+0000] {processor.py:183} INFO - Processing /home/airflow/.local/lib/python3.8/site-packages/airflow/example_dags/tutorial.py took 0.034 seconds
[2024-04-09T16:38:53.285+0000] {processor.py:161} INFO - Started process (PID=463) to work on /home/airflow/.local/lib/python3.8/site-packages/airflow/example_dags/tutorial.py
[2024-04-09T16:38:53.285+0000] {processor.py:830} INFO - Processing file /home/airflow/.local/lib/python3.8/site-packages/airflow/example_dags/tutorial.py for tasks to queue
[2024-04-09T16:38:53.287+0000] {logging_mixin.py:188} INFO - [2024-04-09T16:38:53.286+0000] {dagbag.py:540} INFO - Filling up the DagBag from /home/airflow/.local/lib/python3.8/site-packages/airflow/example_dags/tutorial.py
[2024-04-09T16:38:53.290+0000] {processor.py:840} INFO - DAG(s) 'tutorial' retrieved from /home/airflow/.local/lib/python3.8/site-packages/airflow/example_dags/tutorial.py
[2024-04-09T16:38:53.303+0000] {logging_mixin.py:188} INFO - [2024-04-09T16:38:53.303+0000] {dag.py:3047} INFO - Sync 1 DAGs
[2024-04-09T16:38:53.314+0000] {logging_mixin.py:188} INFO - [2024-04-09T16:38:53.313+0000] {dag.py:3834} INFO - Setting next_dagrun for tutorial to 2024-04-08 00:00:00+00:00, run_after=2024-04-09 00:00:00+00:00
[2024-04-09T16:38:53.322+0000] {processor.py:183} INFO - Processing /home/airflow/.local/lib/python3.8/site-packages/airflow/example_dags/tutorial.py took 0.039 seconds
[2024-04-09T16:39:24.018+0000] {processor.py:161} INFO - Started process (PID=520) to work on /home/airflow/.local/lib/python3.8/site-packages/airflow/example_dags/tutorial.py
[2024-04-09T16:39:24.019+0000] {processor.py:830} INFO - Processing file /home/airflow/.local/lib/python3.8/site-packages/airflow/example_dags/tutorial.py for tasks to queue
[2024-04-09T16:39:24.021+0000] {logging_mixin.py:188} INFO - [2024-04-09T16:39:24.021+0000] {dagbag.py:540} INFO - Filling up the DagBag from /home/airflow/.local/lib/python3.8/site-packages/airflow/example_dags/tutorial.py
[2024-04-09T16:39:24.025+0000] {processor.py:840} INFO - DAG(s) 'tutorial' retrieved from /home/airflow/.local/lib/python3.8/site-packages/airflow/example_dags/tutorial.py
[2024-04-09T16:39:24.036+0000] {logging_mixin.py:188} INFO - [2024-04-09T16:39:24.036+0000] {dag.py:3047} INFO - Sync 1 DAGs
[2024-04-09T16:39:24.046+0000] {logging_mixin.py:188} INFO - [2024-04-09T16:39:24.046+0000] {dag.py:3834} INFO - Setting next_dagrun for tutorial to 2024-04-08 00:00:00+00:00, run_after=2024-04-09 00:00:00+00:00
[2024-04-09T16:39:24.054+0000] {processor.py:183} INFO - Processing /home/airflow/.local/lib/python3.8/site-packages/airflow/example_dags/tutorial.py took 0.037 seconds
[2024-04-09T16:39:54.276+0000] {processor.py:161} INFO - Started process (PID=575) to work on /home/airflow/.local/lib/python3.8/site-packages/airflow/example_dags/tutorial.py
[2024-04-09T16:39:54.276+0000] {processor.py:830} INFO - Processing file /home/airflow/.local/lib/python3.8/site-packages/airflow/example_dags/tutorial.py for tasks to queue
[2024-04-09T16:39:54.277+0000] {logging_mixin.py:188} INFO - [2024-04-09T16:39:54.277+0000] {dagbag.py:540} INFO - Filling up the DagBag from /home/airflow/.local/lib/python3.8/site-packages/airflow/example_dags/tutorial.py
[2024-04-09T16:39:54.280+0000] {processor.py:840} INFO - DAG(s) 'tutorial' retrieved from /home/airflow/.local/lib/python3.8/site-packages/airflow/example_dags/tutorial.py
[2024-04-09T16:39:54.289+0000] {logging_mixin.py:188} INFO - [2024-04-09T16:39:54.289+0000] {dag.py:3047} INFO - Sync 1 DAGs
[2024-04-09T16:39:54.299+0000] {logging_mixin.py:188} INFO - [2024-04-09T16:39:54.299+0000] {dag.py:3834} INFO - Setting next_dagrun for tutorial to 2024-04-08 00:00:00+00:00, run_after=2024-04-09 00:00:00+00:00
[2024-04-09T16:39:54.306+0000] {processor.py:183} INFO - Processing /home/airflow/.local/lib/python3.8/site-packages/airflow/example_dags/tutorial.py took 0.032 seconds
[2024-04-09T16:40:24.438+0000] {processor.py:161} INFO - Started process (PID=632) to work on /home/airflow/.local/lib/python3.8/site-packages/airflow/example_dags/tutorial.py
[2024-04-09T16:40:24.439+0000] {processor.py:830} INFO - Processing file /home/airflow/.local/lib/python3.8/site-packages/airflow/example_dags/tutorial.py for tasks to queue
[2024-04-09T16:40:24.440+0000] {logging_mixin.py:188} INFO - [2024-04-09T16:40:24.440+0000] {dagbag.py:540} INFO - Filling up the DagBag from /home/airflow/.local/lib/python3.8/site-packages/airflow/example_dags/tutorial.py
[2024-04-09T16:40:24.443+0000] {processor.py:840} INFO - DAG(s) 'tutorial' retrieved from /home/airflow/.local/lib/python3.8/site-packages/airflow/example_dags/tutorial.py
[2024-04-09T16:40:24.451+0000] {logging_mixin.py:188} INFO - [2024-04-09T16:40:24.451+0000] {dag.py:3047} INFO - Sync 1 DAGs
[2024-04-09T16:40:24.459+0000] {logging_mixin.py:188} INFO - [2024-04-09T16:40:24.459+0000] {dag.py:3834} INFO - Setting next_dagrun for tutorial to 2024-04-08 00:00:00+00:00, run_after=2024-04-09 00:00:00+00:00
[2024-04-09T16:40:24.466+0000] {processor.py:183} INFO - Processing /home/airflow/.local/lib/python3.8/site-packages/airflow/example_dags/tutorial.py took 0.029 seconds
[2024-04-09T16:40:54.663+0000] {processor.py:161} INFO - Started process (PID=690) to work on /home/airflow/.local/lib/python3.8/site-packages/airflow/example_dags/tutorial.py
[2024-04-09T16:40:54.664+0000] {processor.py:830} INFO - Processing file /home/airflow/.local/lib/python3.8/site-packages/airflow/example_dags/tutorial.py for tasks to queue
[2024-04-09T16:40:54.666+0000] {logging_mixin.py:188} INFO - [2024-04-09T16:40:54.666+0000] {dagbag.py:540} INFO - Filling up the DagBag from /home/airflow/.local/lib/python3.8/site-packages/airflow/example_dags/tutorial.py
[2024-04-09T16:40:54.669+0000] {processor.py:840} INFO - DAG(s) 'tutorial' retrieved from /home/airflow/.local/lib/python3.8/site-packages/airflow/example_dags/tutorial.py
[2024-04-09T16:40:54.678+0000] {logging_mixin.py:188} INFO - [2024-04-09T16:40:54.677+0000] {dag.py:3047} INFO - Sync 1 DAGs
[2024-04-09T16:40:54.687+0000] {logging_mixin.py:188} INFO - [2024-04-09T16:40:54.687+0000] {dag.py:3834} INFO - Setting next_dagrun for tutorial to 2024-04-08 00:00:00+00:00, run_after=2024-04-09 00:00:00+00:00
[2024-04-09T16:40:54.694+0000] {processor.py:183} INFO - Processing /home/airflow/.local/lib/python3.8/site-packages/airflow/example_dags/tutorial.py took 0.033 seconds
[2024-04-09T16:41:24.851+0000] {processor.py:161} INFO - Started process (PID=747) to work on /home/airflow/.local/lib/python3.8/site-packages/airflow/example_dags/tutorial.py
[2024-04-09T16:41:24.851+0000] {processor.py:830} INFO - Processing file /home/airflow/.local/lib/python3.8/site-packages/airflow/example_dags/tutorial.py for tasks to queue
[2024-04-09T16:41:24.852+0000] {logging_mixin.py:188} INFO - [2024-04-09T16:41:24.852+0000] {dagbag.py:540} INFO - Filling up the DagBag from /home/airflow/.local/lib/python3.8/site-packages/airflow/example_dags/tutorial.py
[2024-04-09T16:41:24.855+0000] {processor.py:840} INFO - DAG(s) 'tutorial' retrieved from /home/airflow/.local/lib/python3.8/site-packages/airflow/example_dags/tutorial.py
[2024-04-09T16:41:24.866+0000] {logging_mixin.py:188} INFO - [2024-04-09T16:41:24.866+0000] {dag.py:3047} INFO - Sync 1 DAGs
[2024-04-09T16:41:24.876+0000] {logging_mixin.py:188} INFO - [2024-04-09T16:41:24.876+0000] {dag.py:3834} INFO - Setting next_dagrun for tutorial to 2024-04-08 00:00:00+00:00, run_after=2024-04-09 00:00:00+00:00
[2024-04-09T16:41:24.883+0000] {processor.py:183} INFO - Processing /home/airflow/.local/lib/python3.8/site-packages/airflow/example_dags/tutorial.py took 0.034 seconds
[2024-04-09T16:41:55.339+0000] {processor.py:161} INFO - Started process (PID=805) to work on /home/airflow/.local/lib/python3.8/site-packages/airflow/example_dags/tutorial.py
[2024-04-09T16:41:55.339+0000] {processor.py:830} INFO - Processing file /home/airflow/.local/lib/python3.8/site-packages/airflow/example_dags/tutorial.py for tasks to queue
[2024-04-09T16:41:55.340+0000] {logging_mixin.py:188} INFO - [2024-04-09T16:41:55.340+0000] {dagbag.py:540} INFO - Filling up the DagBag from /home/airflow/.local/lib/python3.8/site-packages/airflow/example_dags/tutorial.py
[2024-04-09T16:41:55.343+0000] {processor.py:840} INFO - DAG(s) 'tutorial' retrieved from /home/airflow/.local/lib/python3.8/site-packages/airflow/example_dags/tutorial.py
[2024-04-09T16:41:55.352+0000] {logging_mixin.py:188} INFO - [2024-04-09T16:41:55.351+0000] {dag.py:3047} INFO - Sync 1 DAGs
[2024-04-09T16:41:55.361+0000] {logging_mixin.py:188} INFO - [2024-04-09T16:41:55.361+0000] {dag.py:3834} INFO - Setting next_dagrun for tutorial to 2024-04-08 00:00:00+00:00, run_after=2024-04-09 00:00:00+00:00
[2024-04-09T16:41:55.367+0000] {processor.py:183} INFO - Processing /home/airflow/.local/lib/python3.8/site-packages/airflow/example_dags/tutorial.py took 0.030 seconds
[2024-04-09T16:42:26.015+0000] {processor.py:161} INFO - Started process (PID=863) to work on /home/airflow/.local/lib/python3.8/site-packages/airflow/example_dags/tutorial.py
[2024-04-09T16:42:26.016+0000] {processor.py:830} INFO - Processing file /home/airflow/.local/lib/python3.8/site-packages/airflow/example_dags/tutorial.py for tasks to queue
[2024-04-09T16:42:26.017+0000] {logging_mixin.py:188} INFO - [2024-04-09T16:42:26.017+0000] {dagbag.py:540} INFO - Filling up the DagBag from /home/airflow/.local/lib/python3.8/site-packages/airflow/example_dags/tutorial.py
[2024-04-09T16:42:26.021+0000] {processor.py:840} INFO - DAG(s) 'tutorial' retrieved from /home/airflow/.local/lib/python3.8/site-packages/airflow/example_dags/tutorial.py
[2024-04-09T16:42:26.030+0000] {logging_mixin.py:188} INFO - [2024-04-09T16:42:26.030+0000] {dag.py:3047} INFO - Sync 1 DAGs
[2024-04-09T16:42:26.040+0000] {logging_mixin.py:188} INFO - [2024-04-09T16:42:26.040+0000] {dag.py:3834} INFO - Setting next_dagrun for tutorial to 2024-04-08 00:00:00+00:00, run_after=2024-04-09 00:00:00+00:00
[2024-04-09T16:42:26.050+0000] {processor.py:183} INFO - Processing /home/airflow/.local/lib/python3.8/site-packages/airflow/example_dags/tutorial.py took 0.036 seconds
[2024-04-09T16:42:56.847+0000] {processor.py:161} INFO - Started process (PID=921) to work on /home/airflow/.local/lib/python3.8/site-packages/airflow/example_dags/tutorial.py
[2024-04-09T16:42:56.847+0000] {processor.py:830} INFO - Processing file /home/airflow/.local/lib/python3.8/site-packages/airflow/example_dags/tutorial.py for tasks to queue
[2024-04-09T16:42:56.848+0000] {logging_mixin.py:188} INFO - [2024-04-09T16:42:56.848+0000] {dagbag.py:540} INFO - Filling up the DagBag from /home/airflow/.local/lib/python3.8/site-packages/airflow/example_dags/tutorial.py
[2024-04-09T16:42:56.851+0000] {processor.py:840} INFO - DAG(s) 'tutorial' retrieved from /home/airflow/.local/lib/python3.8/site-packages/airflow/example_dags/tutorial.py
[2024-04-09T16:42:56.860+0000] {logging_mixin.py:188} INFO - [2024-04-09T16:42:56.860+0000] {dag.py:3047} INFO - Sync 1 DAGs
[2024-04-09T16:42:56.869+0000] {logging_mixin.py:188} INFO - [2024-04-09T16:42:56.869+0000] {dag.py:3834} INFO - Setting next_dagrun for tutorial to 2024-04-08 00:00:00+00:00, run_after=2024-04-09 00:00:00+00:00
[2024-04-09T16:42:56.876+0000] {processor.py:183} INFO - Processing /home/airflow/.local/lib/python3.8/site-packages/airflow/example_dags/tutorial.py took 0.031 seconds
[2024-04-09T16:43:27.709+0000] {processor.py:161} INFO - Started process (PID=979) to work on /home/airflow/.local/lib/python3.8/site-packages/airflow/example_dags/tutorial.py
[2024-04-09T16:43:27.709+0000] {processor.py:830} INFO - Processing file /home/airflow/.local/lib/python3.8/site-packages/airflow/example_dags/tutorial.py for tasks to queue
[2024-04-09T16:43:27.710+0000] {logging_mixin.py:188} INFO - [2024-04-09T16:43:27.710+0000] {dagbag.py:540} INFO - Filling up the DagBag from /home/airflow/.local/lib/python3.8/site-packages/airflow/example_dags/tutorial.py
[2024-04-09T16:43:27.714+0000] {processor.py:840} INFO - DAG(s) 'tutorial' retrieved from /home/airflow/.local/lib/python3.8/site-packages/airflow/example_dags/tutorial.py
[2024-04-09T16:43:27.727+0000] {logging_mixin.py:188} INFO - [2024-04-09T16:43:27.726+0000] {dag.py:3047} INFO - Sync 1 DAGs
[2024-04-09T16:43:27.741+0000] {logging_mixin.py:188} INFO - [2024-04-09T16:43:27.740+0000] {dag.py:3834} INFO - Setting next_dagrun for tutorial to 2024-04-08 00:00:00+00:00, run_after=2024-04-09 00:00:00+00:00
[2024-04-09T16:43:27.748+0000] {processor.py:183} INFO - Processing /home/airflow/.local/lib/python3.8/site-packages/airflow/example_dags/tutorial.py took 0.041 seconds
[2024-04-09T16:43:57.799+0000] {processor.py:161} INFO - Started process (PID=1037) to work on /home/airflow/.local/lib/python3.8/site-packages/airflow/example_dags/tutorial.py
[2024-04-09T16:43:57.799+0000] {processor.py:830} INFO - Processing file /home/airflow/.local/lib/python3.8/site-packages/airflow/example_dags/tutorial.py for tasks to queue
[2024-04-09T16:43:57.800+0000] {logging_mixin.py:188} INFO - [2024-04-09T16:43:57.800+0000] {dagbag.py:540} INFO - Filling up the DagBag from /home/airflow/.local/lib/python3.8/site-packages/airflow/example_dags/tutorial.py
[2024-04-09T16:43:57.802+0000] {processor.py:840} INFO - DAG(s) 'tutorial' retrieved from /home/airflow/.local/lib/python3.8/site-packages/airflow/example_dags/tutorial.py
[2024-04-09T16:43:57.811+0000] {logging_mixin.py:188} INFO - [2024-04-09T16:43:57.811+0000] {dag.py:3047} INFO - Sync 1 DAGs
[2024-04-09T16:43:57.819+0000] {logging_mixin.py:188} INFO - [2024-04-09T16:43:57.819+0000] {dag.py:3834} INFO - Setting next_dagrun for tutorial to 2024-04-08 00:00:00+00:00, run_after=2024-04-09 00:00:00+00:00
[2024-04-09T16:43:57.826+0000] {processor.py:183} INFO - Processing /home/airflow/.local/lib/python3.8/site-packages/airflow/example_dags/tutorial.py took 0.029 seconds
[2024-04-09T16:44:27.990+0000] {processor.py:161} INFO - Started process (PID=1095) to work on /home/airflow/.local/lib/python3.8/site-packages/airflow/example_dags/tutorial.py
[2024-04-09T16:44:27.990+0000] {processor.py:830} INFO - Processing file /home/airflow/.local/lib/python3.8/site-packages/airflow/example_dags/tutorial.py for tasks to queue
[2024-04-09T16:44:27.993+0000] {logging_mixin.py:188} INFO - [2024-04-09T16:44:27.993+0000] {dagbag.py:540} INFO - Filling up the DagBag from /home/airflow/.local/lib/python3.8/site-packages/airflow/example_dags/tutorial.py
[2024-04-09T16:44:27.998+0000] {processor.py:840} INFO - DAG(s) 'tutorial' retrieved from /home/airflow/.local/lib/python3.8/site-packages/airflow/example_dags/tutorial.py
[2024-04-09T16:44:28.015+0000] {logging_mixin.py:188} INFO - [2024-04-09T16:44:28.015+0000] {dag.py:3047} INFO - Sync 1 DAGs
[2024-04-09T16:44:28.029+0000] {logging_mixin.py:188} INFO - [2024-04-09T16:44:28.029+0000] {dag.py:3834} INFO - Setting next_dagrun for tutorial to 2024-04-08 00:00:00+00:00, run_after=2024-04-09 00:00:00+00:00
[2024-04-09T16:44:28.042+0000] {processor.py:183} INFO - Processing /home/airflow/.local/lib/python3.8/site-packages/airflow/example_dags/tutorial.py took 0.054 seconds
[2024-04-09T16:44:58.299+0000] {processor.py:161} INFO - Started process (PID=1159) to work on /home/airflow/.local/lib/python3.8/site-packages/airflow/example_dags/tutorial.py
[2024-04-09T16:44:58.301+0000] {processor.py:830} INFO - Processing file /home/airflow/.local/lib/python3.8/site-packages/airflow/example_dags/tutorial.py for tasks to queue
[2024-04-09T16:44:58.302+0000] {logging_mixin.py:188} INFO - [2024-04-09T16:44:58.302+0000] {dagbag.py:540} INFO - Filling up the DagBag from /home/airflow/.local/lib/python3.8/site-packages/airflow/example_dags/tutorial.py
[2024-04-09T16:44:58.305+0000] {processor.py:840} INFO - DAG(s) 'tutorial' retrieved from /home/airflow/.local/lib/python3.8/site-packages/airflow/example_dags/tutorial.py
[2024-04-09T16:44:58.314+0000] {logging_mixin.py:188} INFO - [2024-04-09T16:44:58.314+0000] {dag.py:3047} INFO - Sync 1 DAGs
[2024-04-09T16:44:58.323+0000] {logging_mixin.py:188} INFO - [2024-04-09T16:44:58.323+0000] {dag.py:3834} INFO - Setting next_dagrun for tutorial to 2024-04-08 00:00:00+00:00, run_after=2024-04-09 00:00:00+00:00
[2024-04-09T16:44:58.330+0000] {processor.py:183} INFO - Processing /home/airflow/.local/lib/python3.8/site-packages/airflow/example_dags/tutorial.py took 0.033 seconds
[2024-04-09T16:45:28.673+0000] {processor.py:161} INFO - Started process (PID=1217) to work on /home/airflow/.local/lib/python3.8/site-packages/airflow/example_dags/tutorial.py
[2024-04-09T16:45:28.674+0000] {processor.py:830} INFO - Processing file /home/airflow/.local/lib/python3.8/site-packages/airflow/example_dags/tutorial.py for tasks to queue
[2024-04-09T16:45:28.675+0000] {logging_mixin.py:188} INFO - [2024-04-09T16:45:28.674+0000] {dagbag.py:540} INFO - Filling up the DagBag from /home/airflow/.local/lib/python3.8/site-packages/airflow/example_dags/tutorial.py
[2024-04-09T16:45:28.677+0000] {processor.py:840} INFO - DAG(s) 'tutorial' retrieved from /home/airflow/.local/lib/python3.8/site-packages/airflow/example_dags/tutorial.py
[2024-04-09T16:45:28.687+0000] {logging_mixin.py:188} INFO - [2024-04-09T16:45:28.687+0000] {dag.py:3047} INFO - Sync 1 DAGs
[2024-04-09T16:45:28.697+0000] {logging_mixin.py:188} INFO - [2024-04-09T16:45:28.697+0000] {dag.py:3834} INFO - Setting next_dagrun for tutorial to 2024-04-08 00:00:00+00:00, run_after=2024-04-09 00:00:00+00:00
[2024-04-09T16:45:28.704+0000] {processor.py:183} INFO - Processing /home/airflow/.local/lib/python3.8/site-packages/airflow/example_dags/tutorial.py took 0.032 seconds
[2024-04-09T16:45:59.290+0000] {processor.py:161} INFO - Started process (PID=1280) to work on /home/airflow/.local/lib/python3.8/site-packages/airflow/example_dags/tutorial.py
[2024-04-09T16:45:59.291+0000] {processor.py:830} INFO - Processing file /home/airflow/.local/lib/python3.8/site-packages/airflow/example_dags/tutorial.py for tasks to queue
[2024-04-09T16:45:59.292+0000] {logging_mixin.py:188} INFO - [2024-04-09T16:45:59.291+0000] {dagbag.py:540} INFO - Filling up the DagBag from /home/airflow/.local/lib/python3.8/site-packages/airflow/example_dags/tutorial.py
[2024-04-09T16:45:59.294+0000] {processor.py:840} INFO - DAG(s) 'tutorial' retrieved from /home/airflow/.local/lib/python3.8/site-packages/airflow/example_dags/tutorial.py
[2024-04-09T16:45:59.303+0000] {logging_mixin.py:188} INFO - [2024-04-09T16:45:59.303+0000] {dag.py:3047} INFO - Sync 1 DAGs
[2024-04-09T16:45:59.313+0000] {logging_mixin.py:188} INFO - [2024-04-09T16:45:59.313+0000] {dag.py:3834} INFO - Setting next_dagrun for tutorial to 2024-04-08 00:00:00+00:00, run_after=2024-04-09 00:00:00+00:00
[2024-04-09T16:45:59.321+0000] {processor.py:183} INFO - Processing /home/airflow/.local/lib/python3.8/site-packages/airflow/example_dags/tutorial.py took 0.033 seconds
[2024-04-09T16:46:30.131+0000] {processor.py:161} INFO - Started process (PID=1342) to work on /home/airflow/.local/lib/python3.8/site-packages/airflow/example_dags/tutorial.py
[2024-04-09T16:46:30.139+0000] {processor.py:830} INFO - Processing file /home/airflow/.local/lib/python3.8/site-packages/airflow/example_dags/tutorial.py for tasks to queue
[2024-04-09T16:46:30.142+0000] {logging_mixin.py:188} INFO - [2024-04-09T16:46:30.142+0000] {dagbag.py:540} INFO - Filling up the DagBag from /home/airflow/.local/lib/python3.8/site-packages/airflow/example_dags/tutorial.py
[2024-04-09T16:46:30.154+0000] {processor.py:840} INFO - DAG(s) 'tutorial' retrieved from /home/airflow/.local/lib/python3.8/site-packages/airflow/example_dags/tutorial.py
[2024-04-09T16:46:30.193+0000] {logging_mixin.py:188} INFO - [2024-04-09T16:46:30.193+0000] {dag.py:3047} INFO - Sync 1 DAGs
[2024-04-09T16:46:30.216+0000] {logging_mixin.py:188} INFO - [2024-04-09T16:46:30.215+0000] {dag.py:3834} INFO - Setting next_dagrun for tutorial to 2024-04-08 00:00:00+00:00, run_after=2024-04-09 00:00:00+00:00
[2024-04-09T16:46:30.250+0000] {processor.py:183} INFO - Processing /home/airflow/.local/lib/python3.8/site-packages/airflow/example_dags/tutorial.py took 0.122 seconds
[2024-04-09T16:47:01.344+0000] {processor.py:161} INFO - Started process (PID=1415) to work on /home/airflow/.local/lib/python3.8/site-packages/airflow/example_dags/tutorial.py
[2024-04-09T16:47:01.347+0000] {processor.py:830} INFO - Processing file /home/airflow/.local/lib/python3.8/site-packages/airflow/example_dags/tutorial.py for tasks to queue
[2024-04-09T16:47:01.350+0000] {logging_mixin.py:188} INFO - [2024-04-09T16:47:01.350+0000] {dagbag.py:540} INFO - Filling up the DagBag from /home/airflow/.local/lib/python3.8/site-packages/airflow/example_dags/tutorial.py
[2024-04-09T16:47:01.368+0000] {processor.py:840} INFO - DAG(s) 'tutorial' retrieved from /home/airflow/.local/lib/python3.8/site-packages/airflow/example_dags/tutorial.py
[2024-04-09T16:47:01.446+0000] {logging_mixin.py:188} INFO - [2024-04-09T16:47:01.446+0000] {dag.py:3047} INFO - Sync 1 DAGs
[2024-04-09T16:47:01.514+0000] {logging_mixin.py:188} INFO - [2024-04-09T16:47:01.513+0000] {dag.py:3834} INFO - Setting next_dagrun for tutorial to 2024-04-08 00:00:00+00:00, run_after=2024-04-09 00:00:00+00:00
[2024-04-09T16:47:01.572+0000] {processor.py:183} INFO - Processing /home/airflow/.local/lib/python3.8/site-packages/airflow/example_dags/tutorial.py took 0.247 seconds
[2024-04-09T16:47:33.515+0000] {processor.py:161} INFO - Started process (PID=1492) to work on /home/airflow/.local/lib/python3.8/site-packages/airflow/example_dags/tutorial.py
[2024-04-09T16:47:33.526+0000] {processor.py:830} INFO - Processing file /home/airflow/.local/lib/python3.8/site-packages/airflow/example_dags/tutorial.py for tasks to queue
[2024-04-09T16:47:33.562+0000] {logging_mixin.py:188} INFO - [2024-04-09T16:47:33.555+0000] {dagbag.py:540} INFO - Filling up the DagBag from /home/airflow/.local/lib/python3.8/site-packages/airflow/example_dags/tutorial.py
[2024-04-09T16:47:33.604+0000] {processor.py:840} INFO - DAG(s) 'tutorial' retrieved from /home/airflow/.local/lib/python3.8/site-packages/airflow/example_dags/tutorial.py
[2024-04-09T16:47:33.698+0000] {logging_mixin.py:188} INFO - [2024-04-09T16:47:33.696+0000] {dag.py:3047} INFO - Sync 1 DAGs
[2024-04-09T16:47:33.788+0000] {logging_mixin.py:188} INFO - [2024-04-09T16:47:33.788+0000] {dag.py:3834} INFO - Setting next_dagrun for tutorial to 2024-04-08 00:00:00+00:00, run_after=2024-04-09 00:00:00+00:00
[2024-04-09T16:47:33.861+0000] {processor.py:183} INFO - Processing /home/airflow/.local/lib/python3.8/site-packages/airflow/example_dags/tutorial.py took 0.366 seconds
[2024-04-09T16:48:04.990+0000] {processor.py:161} INFO - Started process (PID=1549) to work on /home/airflow/.local/lib/python3.8/site-packages/airflow/example_dags/tutorial.py
[2024-04-09T16:48:04.995+0000] {processor.py:830} INFO - Processing file /home/airflow/.local/lib/python3.8/site-packages/airflow/example_dags/tutorial.py for tasks to queue
[2024-04-09T16:48:05.005+0000] {logging_mixin.py:188} INFO - [2024-04-09T16:48:05.003+0000] {dagbag.py:540} INFO - Filling up the DagBag from /home/airflow/.local/lib/python3.8/site-packages/airflow/example_dags/tutorial.py
[2024-04-09T16:48:05.039+0000] {processor.py:840} INFO - DAG(s) 'tutorial' retrieved from /home/airflow/.local/lib/python3.8/site-packages/airflow/example_dags/tutorial.py
[2024-04-09T16:48:05.149+0000] {logging_mixin.py:188} INFO - [2024-04-09T16:48:05.149+0000] {dag.py:3047} INFO - Sync 1 DAGs
[2024-04-09T16:48:05.236+0000] {logging_mixin.py:188} INFO - [2024-04-09T16:48:05.236+0000] {dag.py:3834} INFO - Setting next_dagrun for tutorial to 2024-04-08 00:00:00+00:00, run_after=2024-04-09 00:00:00+00:00
[2024-04-09T16:48:05.316+0000] {processor.py:183} INFO - Processing /home/airflow/.local/lib/python3.8/site-packages/airflow/example_dags/tutorial.py took 0.348 seconds
[2024-04-09T16:48:36.021+0000] {processor.py:161} INFO - Started process (PID=1606) to work on /home/airflow/.local/lib/python3.8/site-packages/airflow/example_dags/tutorial.py
[2024-04-09T16:48:36.022+0000] {processor.py:830} INFO - Processing file /home/airflow/.local/lib/python3.8/site-packages/airflow/example_dags/tutorial.py for tasks to queue
[2024-04-09T16:48:36.023+0000] {logging_mixin.py:188} INFO - [2024-04-09T16:48:36.023+0000] {dagbag.py:540} INFO - Filling up the DagBag from /home/airflow/.local/lib/python3.8/site-packages/airflow/example_dags/tutorial.py
[2024-04-09T16:48:36.027+0000] {processor.py:840} INFO - DAG(s) 'tutorial' retrieved from /home/airflow/.local/lib/python3.8/site-packages/airflow/example_dags/tutorial.py
[2024-04-09T16:48:36.047+0000] {logging_mixin.py:188} INFO - [2024-04-09T16:48:36.046+0000] {dag.py:3047} INFO - Sync 1 DAGs
[2024-04-09T16:48:36.059+0000] {logging_mixin.py:188} INFO - [2024-04-09T16:48:36.058+0000] {dag.py:3834} INFO - Setting next_dagrun for tutorial to 2024-04-08 00:00:00+00:00, run_after=2024-04-09 00:00:00+00:00
[2024-04-09T16:48:36.068+0000] {processor.py:183} INFO - Processing /home/airflow/.local/lib/python3.8/site-packages/airflow/example_dags/tutorial.py took 0.049 seconds
[2024-04-09T16:49:06.424+0000] {processor.py:161} INFO - Started process (PID=1663) to work on /home/airflow/.local/lib/python3.8/site-packages/airflow/example_dags/tutorial.py
[2024-04-09T16:49:06.426+0000] {processor.py:830} INFO - Processing file /home/airflow/.local/lib/python3.8/site-packages/airflow/example_dags/tutorial.py for tasks to queue
[2024-04-09T16:49:06.428+0000] {logging_mixin.py:188} INFO - [2024-04-09T16:49:06.428+0000] {dagbag.py:540} INFO - Filling up the DagBag from /home/airflow/.local/lib/python3.8/site-packages/airflow/example_dags/tutorial.py
[2024-04-09T16:49:06.435+0000] {processor.py:840} INFO - DAG(s) 'tutorial' retrieved from /home/airflow/.local/lib/python3.8/site-packages/airflow/example_dags/tutorial.py
[2024-04-09T16:49:06.455+0000] {logging_mixin.py:188} INFO - [2024-04-09T16:49:06.454+0000] {dag.py:3047} INFO - Sync 1 DAGs
[2024-04-09T16:49:06.467+0000] {logging_mixin.py:188} INFO - [2024-04-09T16:49:06.467+0000] {dag.py:3834} INFO - Setting next_dagrun for tutorial to 2024-04-08 00:00:00+00:00, run_after=2024-04-09 00:00:00+00:00
[2024-04-09T16:49:06.476+0000] {processor.py:183} INFO - Processing /home/airflow/.local/lib/python3.8/site-packages/airflow/example_dags/tutorial.py took 0.055 seconds
[2024-04-09T16:49:36.547+0000] {processor.py:161} INFO - Started process (PID=1720) to work on /home/airflow/.local/lib/python3.8/site-packages/airflow/example_dags/tutorial.py
[2024-04-09T16:49:36.548+0000] {processor.py:830} INFO - Processing file /home/airflow/.local/lib/python3.8/site-packages/airflow/example_dags/tutorial.py for tasks to queue
[2024-04-09T16:49:36.551+0000] {logging_mixin.py:188} INFO - [2024-04-09T16:49:36.550+0000] {dagbag.py:540} INFO - Filling up the DagBag from /home/airflow/.local/lib/python3.8/site-packages/airflow/example_dags/tutorial.py
[2024-04-09T16:49:36.558+0000] {processor.py:840} INFO - DAG(s) 'tutorial' retrieved from /home/airflow/.local/lib/python3.8/site-packages/airflow/example_dags/tutorial.py
[2024-04-09T16:49:36.576+0000] {logging_mixin.py:188} INFO - [2024-04-09T16:49:36.576+0000] {dag.py:3047} INFO - Sync 1 DAGs
[2024-04-09T16:49:36.589+0000] {logging_mixin.py:188} INFO - [2024-04-09T16:49:36.589+0000] {dag.py:3834} INFO - Setting next_dagrun for tutorial to 2024-04-08 00:00:00+00:00, run_after=2024-04-09 00:00:00+00:00
[2024-04-09T16:49:36.597+0000] {processor.py:183} INFO - Processing /home/airflow/.local/lib/python3.8/site-packages/airflow/example_dags/tutorial.py took 0.055 seconds
[2024-04-09T16:50:06.816+0000] {processor.py:161} INFO - Started process (PID=1777) to work on /home/airflow/.local/lib/python3.8/site-packages/airflow/example_dags/tutorial.py
[2024-04-09T16:50:06.818+0000] {processor.py:830} INFO - Processing file /home/airflow/.local/lib/python3.8/site-packages/airflow/example_dags/tutorial.py for tasks to queue
[2024-04-09T16:50:06.820+0000] {logging_mixin.py:188} INFO - [2024-04-09T16:50:06.819+0000] {dagbag.py:540} INFO - Filling up the DagBag from /home/airflow/.local/lib/python3.8/site-packages/airflow/example_dags/tutorial.py
[2024-04-09T16:50:06.826+0000] {processor.py:840} INFO - DAG(s) 'tutorial' retrieved from /home/airflow/.local/lib/python3.8/site-packages/airflow/example_dags/tutorial.py
[2024-04-09T16:50:06.844+0000] {logging_mixin.py:188} INFO - [2024-04-09T16:50:06.843+0000] {dag.py:3047} INFO - Sync 1 DAGs
[2024-04-09T16:50:06.856+0000] {logging_mixin.py:188} INFO - [2024-04-09T16:50:06.855+0000] {dag.py:3834} INFO - Setting next_dagrun for tutorial to 2024-04-08 00:00:00+00:00, run_after=2024-04-09 00:00:00+00:00
[2024-04-09T16:50:06.864+0000] {processor.py:183} INFO - Processing /home/airflow/.local/lib/python3.8/site-packages/airflow/example_dags/tutorial.py took 0.051 seconds
[2024-04-09T16:50:37.532+0000] {processor.py:161} INFO - Started process (PID=1834) to work on /home/airflow/.local/lib/python3.8/site-packages/airflow/example_dags/tutorial.py
[2024-04-09T16:50:37.533+0000] {processor.py:830} INFO - Processing file /home/airflow/.local/lib/python3.8/site-packages/airflow/example_dags/tutorial.py for tasks to queue
[2024-04-09T16:50:37.534+0000] {logging_mixin.py:188} INFO - [2024-04-09T16:50:37.533+0000] {dagbag.py:540} INFO - Filling up the DagBag from /home/airflow/.local/lib/python3.8/site-packages/airflow/example_dags/tutorial.py
[2024-04-09T16:50:37.537+0000] {processor.py:840} INFO - DAG(s) 'tutorial' retrieved from /home/airflow/.local/lib/python3.8/site-packages/airflow/example_dags/tutorial.py
[2024-04-09T16:50:37.546+0000] {logging_mixin.py:188} INFO - [2024-04-09T16:50:37.546+0000] {dag.py:3047} INFO - Sync 1 DAGs
[2024-04-09T16:50:37.555+0000] {logging_mixin.py:188} INFO - [2024-04-09T16:50:37.555+0000] {dag.py:3834} INFO - Setting next_dagrun for tutorial to 2024-04-08 00:00:00+00:00, run_after=2024-04-09 00:00:00+00:00
[2024-04-09T16:50:37.561+0000] {processor.py:183} INFO - Processing /home/airflow/.local/lib/python3.8/site-packages/airflow/example_dags/tutorial.py took 0.031 seconds
[2024-04-09T16:51:08.216+0000] {processor.py:161} INFO - Started process (PID=1892) to work on /home/airflow/.local/lib/python3.8/site-packages/airflow/example_dags/tutorial.py
[2024-04-09T16:51:08.218+0000] {processor.py:830} INFO - Processing file /home/airflow/.local/lib/python3.8/site-packages/airflow/example_dags/tutorial.py for tasks to queue
[2024-04-09T16:51:08.221+0000] {logging_mixin.py:188} INFO - [2024-04-09T16:51:08.221+0000] {dagbag.py:540} INFO - Filling up the DagBag from /home/airflow/.local/lib/python3.8/site-packages/airflow/example_dags/tutorial.py
[2024-04-09T16:51:08.228+0000] {processor.py:840} INFO - DAG(s) 'tutorial' retrieved from /home/airflow/.local/lib/python3.8/site-packages/airflow/example_dags/tutorial.py
[2024-04-09T16:51:08.246+0000] {logging_mixin.py:188} INFO - [2024-04-09T16:51:08.246+0000] {dag.py:3047} INFO - Sync 1 DAGs
[2024-04-09T16:51:08.259+0000] {logging_mixin.py:188} INFO - [2024-04-09T16:51:08.259+0000] {dag.py:3834} INFO - Setting next_dagrun for tutorial to 2024-04-08 00:00:00+00:00, run_after=2024-04-09 00:00:00+00:00
[2024-04-09T16:51:08.268+0000] {processor.py:183} INFO - Processing /home/airflow/.local/lib/python3.8/site-packages/airflow/example_dags/tutorial.py took 0.056 seconds
[2024-04-09T16:51:38.522+0000] {processor.py:161} INFO - Started process (PID=1950) to work on /home/airflow/.local/lib/python3.8/site-packages/airflow/example_dags/tutorial.py
[2024-04-09T16:51:38.524+0000] {processor.py:830} INFO - Processing file /home/airflow/.local/lib/python3.8/site-packages/airflow/example_dags/tutorial.py for tasks to queue
[2024-04-09T16:51:38.526+0000] {logging_mixin.py:188} INFO - [2024-04-09T16:51:38.525+0000] {dagbag.py:540} INFO - Filling up the DagBag from /home/airflow/.local/lib/python3.8/site-packages/airflow/example_dags/tutorial.py
[2024-04-09T16:51:38.532+0000] {processor.py:840} INFO - DAG(s) 'tutorial' retrieved from /home/airflow/.local/lib/python3.8/site-packages/airflow/example_dags/tutorial.py
[2024-04-09T16:51:38.548+0000] {logging_mixin.py:188} INFO - [2024-04-09T16:51:38.547+0000] {dag.py:3047} INFO - Sync 1 DAGs
[2024-04-09T16:51:38.559+0000] {logging_mixin.py:188} INFO - [2024-04-09T16:51:38.559+0000] {dag.py:3834} INFO - Setting next_dagrun for tutorial to 2024-04-08 00:00:00+00:00, run_after=2024-04-09 00:00:00+00:00
[2024-04-09T16:51:38.568+0000] {processor.py:183} INFO - Processing /home/airflow/.local/lib/python3.8/site-packages/airflow/example_dags/tutorial.py took 0.049 seconds
[2024-04-09T16:52:09.310+0000] {processor.py:161} INFO - Started process (PID=2008) to work on /home/airflow/.local/lib/python3.8/site-packages/airflow/example_dags/tutorial.py
[2024-04-09T16:52:09.311+0000] {processor.py:830} INFO - Processing file /home/airflow/.local/lib/python3.8/site-packages/airflow/example_dags/tutorial.py for tasks to queue
[2024-04-09T16:52:09.312+0000] {logging_mixin.py:188} INFO - [2024-04-09T16:52:09.312+0000] {dagbag.py:540} INFO - Filling up the DagBag from /home/airflow/.local/lib/python3.8/site-packages/airflow/example_dags/tutorial.py
[2024-04-09T16:52:09.315+0000] {processor.py:840} INFO - DAG(s) 'tutorial' retrieved from /home/airflow/.local/lib/python3.8/site-packages/airflow/example_dags/tutorial.py
[2024-04-09T16:52:09.326+0000] {logging_mixin.py:188} INFO - [2024-04-09T16:52:09.326+0000] {dag.py:3047} INFO - Sync 1 DAGs
[2024-04-09T16:52:09.336+0000] {logging_mixin.py:188} INFO - [2024-04-09T16:52:09.336+0000] {dag.py:3834} INFO - Setting next_dagrun for tutorial to 2024-04-08 00:00:00+00:00, run_after=2024-04-09 00:00:00+00:00
[2024-04-09T16:52:09.344+0000] {processor.py:183} INFO - Processing /home/airflow/.local/lib/python3.8/site-packages/airflow/example_dags/tutorial.py took 0.035 seconds
[2024-04-09T16:52:39.748+0000] {processor.py:161} INFO - Started process (PID=2088) to work on /home/airflow/.local/lib/python3.8/site-packages/airflow/example_dags/tutorial.py
[2024-04-09T16:52:39.750+0000] {processor.py:830} INFO - Processing file /home/airflow/.local/lib/python3.8/site-packages/airflow/example_dags/tutorial.py for tasks to queue
[2024-04-09T16:52:39.752+0000] {logging_mixin.py:188} INFO - [2024-04-09T16:52:39.751+0000] {dagbag.py:540} INFO - Filling up the DagBag from /home/airflow/.local/lib/python3.8/site-packages/airflow/example_dags/tutorial.py
[2024-04-09T16:52:39.759+0000] {processor.py:840} INFO - DAG(s) 'tutorial' retrieved from /home/airflow/.local/lib/python3.8/site-packages/airflow/example_dags/tutorial.py
[2024-04-09T16:52:39.778+0000] {logging_mixin.py:188} INFO - [2024-04-09T16:52:39.778+0000] {dag.py:3047} INFO - Sync 1 DAGs
[2024-04-09T16:52:39.793+0000] {logging_mixin.py:188} INFO - [2024-04-09T16:52:39.793+0000] {dag.py:3834} INFO - Setting next_dagrun for tutorial to 2024-04-08 00:00:00+00:00, run_after=2024-04-09 00:00:00+00:00
[2024-04-09T16:52:39.802+0000] {processor.py:183} INFO - Processing /home/airflow/.local/lib/python3.8/site-packages/airflow/example_dags/tutorial.py took 0.058 seconds
[2024-04-09T16:53:10.114+0000] {processor.py:161} INFO - Started process (PID=2164) to work on /home/airflow/.local/lib/python3.8/site-packages/airflow/example_dags/tutorial.py
[2024-04-09T16:53:10.115+0000] {processor.py:830} INFO - Processing file /home/airflow/.local/lib/python3.8/site-packages/airflow/example_dags/tutorial.py for tasks to queue
[2024-04-09T16:53:10.116+0000] {logging_mixin.py:188} INFO - [2024-04-09T16:53:10.116+0000] {dagbag.py:540} INFO - Filling up the DagBag from /home/airflow/.local/lib/python3.8/site-packages/airflow/example_dags/tutorial.py
[2024-04-09T16:53:10.120+0000] {processor.py:840} INFO - DAG(s) 'tutorial' retrieved from /home/airflow/.local/lib/python3.8/site-packages/airflow/example_dags/tutorial.py
[2024-04-09T16:53:10.135+0000] {logging_mixin.py:188} INFO - [2024-04-09T16:53:10.135+0000] {dag.py:3047} INFO - Sync 1 DAGs
[2024-04-09T16:53:10.149+0000] {logging_mixin.py:188} INFO - [2024-04-09T16:53:10.149+0000] {dag.py:3834} INFO - Setting next_dagrun for tutorial to 2024-04-08 00:00:00+00:00, run_after=2024-04-09 00:00:00+00:00
[2024-04-09T16:53:10.166+0000] {processor.py:183} INFO - Processing /home/airflow/.local/lib/python3.8/site-packages/airflow/example_dags/tutorial.py took 0.054 seconds
[2024-04-09T16:53:40.298+0000] {processor.py:161} INFO - Started process (PID=2243) to work on /home/airflow/.local/lib/python3.8/site-packages/airflow/example_dags/tutorial.py
[2024-04-09T16:53:40.299+0000] {processor.py:830} INFO - Processing file /home/airflow/.local/lib/python3.8/site-packages/airflow/example_dags/tutorial.py for tasks to queue
[2024-04-09T16:53:40.303+0000] {logging_mixin.py:188} INFO - [2024-04-09T16:53:40.303+0000] {dagbag.py:540} INFO - Filling up the DagBag from /home/airflow/.local/lib/python3.8/site-packages/airflow/example_dags/tutorial.py
[2024-04-09T16:53:40.319+0000] {processor.py:840} INFO - DAG(s) 'tutorial' retrieved from /home/airflow/.local/lib/python3.8/site-packages/airflow/example_dags/tutorial.py
[2024-04-09T16:53:40.365+0000] {logging_mixin.py:188} INFO - [2024-04-09T16:53:40.364+0000] {dag.py:3047} INFO - Sync 1 DAGs
[2024-04-09T16:53:40.407+0000] {logging_mixin.py:188} INFO - [2024-04-09T16:53:40.407+0000] {dag.py:3834} INFO - Setting next_dagrun for tutorial to 2024-04-08 00:00:00+00:00, run_after=2024-04-09 00:00:00+00:00
[2024-04-09T16:53:40.466+0000] {processor.py:183} INFO - Processing /home/airflow/.local/lib/python3.8/site-packages/airflow/example_dags/tutorial.py took 0.174 seconds
[2024-04-09T16:54:11.404+0000] {processor.py:161} INFO - Started process (PID=2317) to work on /home/airflow/.local/lib/python3.8/site-packages/airflow/example_dags/tutorial.py
[2024-04-09T16:54:11.411+0000] {processor.py:830} INFO - Processing file /home/airflow/.local/lib/python3.8/site-packages/airflow/example_dags/tutorial.py for tasks to queue
[2024-04-09T16:54:11.416+0000] {logging_mixin.py:188} INFO - [2024-04-09T16:54:11.416+0000] {dagbag.py:540} INFO - Filling up the DagBag from /home/airflow/.local/lib/python3.8/site-packages/airflow/example_dags/tutorial.py
[2024-04-09T16:54:11.437+0000] {processor.py:840} INFO - DAG(s) 'tutorial' retrieved from /home/airflow/.local/lib/python3.8/site-packages/airflow/example_dags/tutorial.py
[2024-04-09T16:54:11.484+0000] {logging_mixin.py:188} INFO - [2024-04-09T16:54:11.480+0000] {dag.py:3047} INFO - Sync 1 DAGs
[2024-04-09T16:54:11.514+0000] {logging_mixin.py:188} INFO - [2024-04-09T16:54:11.514+0000] {dag.py:3834} INFO - Setting next_dagrun for tutorial to 2024-04-08 00:00:00+00:00, run_after=2024-04-09 00:00:00+00:00
[2024-04-09T16:54:11.557+0000] {processor.py:183} INFO - Processing /home/airflow/.local/lib/python3.8/site-packages/airflow/example_dags/tutorial.py took 0.162 seconds
