[2024-04-09T16:35:16.503+0000] {processor.py:161} INFO - Started process (PID=50) to work on /opt/airflow/dags/ecommerce_sales_pipeline.py
[2024-04-09T16:35:16.504+0000] {processor.py:830} INFO - Processing file /opt/airflow/dags/ecommerce_sales_pipeline.py for tasks to queue
[2024-04-09T16:35:16.506+0000] {logging_mixin.py:188} INFO - [2024-04-09T16:35:16.505+0000] {dagbag.py:540} INFO - Filling up the DagBag from /opt/airflow/dags/ecommerce_sales_pipeline.py
[2024-04-09T16:35:17.217+0000] {processor.py:840} INFO - DAG(s) 'ecommerce_sales_pipeline' retrieved from /opt/airflow/dags/ecommerce_sales_pipeline.py
[2024-04-09T16:35:17.361+0000] {logging_mixin.py:188} INFO - [2024-04-09T16:35:17.360+0000] {override.py:1769} INFO - Created Permission View: can read on DAG:ecommerce_sales_pipeline
[2024-04-09T16:35:17.372+0000] {logging_mixin.py:188} INFO - [2024-04-09T16:35:17.372+0000] {override.py:1769} INFO - Created Permission View: can delete on DAG:ecommerce_sales_pipeline
[2024-04-09T16:35:17.382+0000] {logging_mixin.py:188} INFO - [2024-04-09T16:35:17.382+0000] {override.py:1769} INFO - Created Permission View: can edit on DAG:ecommerce_sales_pipeline
[2024-04-09T16:35:17.383+0000] {logging_mixin.py:188} INFO - [2024-04-09T16:35:17.382+0000] {dag.py:3047} INFO - Sync 1 DAGs
[2024-04-09T16:35:17.401+0000] {logging_mixin.py:188} INFO - [2024-04-09T16:35:17.400+0000] {dag.py:3069} INFO - Creating ORM DAG for ecommerce_sales_pipeline
[2024-04-09T16:35:17.637+0000] {logging_mixin.py:188} INFO - [2024-04-09T16:35:17.637+0000] {dag.py:3834} INFO - Setting next_dagrun for ecommerce_sales_pipeline to 2024-04-08 00:00:00+00:00, run_after=2024-04-09 00:00:00+00:00
[2024-04-09T16:35:17.657+0000] {processor.py:183} INFO - Processing /opt/airflow/dags/ecommerce_sales_pipeline.py took 1.156 seconds
[2024-04-09T16:35:48.247+0000] {processor.py:161} INFO - Started process (PID=116) to work on /opt/airflow/dags/ecommerce_sales_pipeline.py
[2024-04-09T16:35:48.248+0000] {processor.py:830} INFO - Processing file /opt/airflow/dags/ecommerce_sales_pipeline.py for tasks to queue
[2024-04-09T16:35:48.250+0000] {logging_mixin.py:188} INFO - [2024-04-09T16:35:48.250+0000] {dagbag.py:540} INFO - Filling up the DagBag from /opt/airflow/dags/ecommerce_sales_pipeline.py
[2024-04-09T16:35:48.479+0000] {processor.py:840} INFO - DAG(s) 'ecommerce_sales_pipeline' retrieved from /opt/airflow/dags/ecommerce_sales_pipeline.py
[2024-04-09T16:35:48.490+0000] {logging_mixin.py:188} INFO - [2024-04-09T16:35:48.489+0000] {dag.py:3047} INFO - Sync 1 DAGs
[2024-04-09T16:35:48.674+0000] {logging_mixin.py:188} INFO - [2024-04-09T16:35:48.674+0000] {dag.py:3834} INFO - Setting next_dagrun for ecommerce_sales_pipeline to 2024-04-08 00:00:00+00:00, run_after=2024-04-09 00:00:00+00:00
[2024-04-09T16:35:48.681+0000] {processor.py:183} INFO - Processing /opt/airflow/dags/ecommerce_sales_pipeline.py took 0.440 seconds
[2024-04-09T16:36:18.923+0000] {processor.py:161} INFO - Started process (PID=173) to work on /opt/airflow/dags/ecommerce_sales_pipeline.py
[2024-04-09T16:36:18.924+0000] {processor.py:830} INFO - Processing file /opt/airflow/dags/ecommerce_sales_pipeline.py for tasks to queue
[2024-04-09T16:36:18.926+0000] {logging_mixin.py:188} INFO - [2024-04-09T16:36:18.926+0000] {dagbag.py:540} INFO - Filling up the DagBag from /opt/airflow/dags/ecommerce_sales_pipeline.py
[2024-04-09T16:36:19.126+0000] {processor.py:840} INFO - DAG(s) 'ecommerce_sales_pipeline' retrieved from /opt/airflow/dags/ecommerce_sales_pipeline.py
[2024-04-09T16:36:19.135+0000] {logging_mixin.py:188} INFO - [2024-04-09T16:36:19.135+0000] {dag.py:3047} INFO - Sync 1 DAGs
[2024-04-09T16:36:19.271+0000] {logging_mixin.py:188} INFO - [2024-04-09T16:36:19.271+0000] {dag.py:3834} INFO - Setting next_dagrun for ecommerce_sales_pipeline to 2024-04-08 00:00:00+00:00, run_after=2024-04-09 00:00:00+00:00
[2024-04-09T16:36:19.278+0000] {processor.py:183} INFO - Processing /opt/airflow/dags/ecommerce_sales_pipeline.py took 0.359 seconds
[2024-04-09T16:36:49.726+0000] {processor.py:161} INFO - Started process (PID=230) to work on /opt/airflow/dags/ecommerce_sales_pipeline.py
[2024-04-09T16:36:49.733+0000] {processor.py:830} INFO - Processing file /opt/airflow/dags/ecommerce_sales_pipeline.py for tasks to queue
[2024-04-09T16:36:49.734+0000] {logging_mixin.py:188} INFO - [2024-04-09T16:36:49.734+0000] {dagbag.py:540} INFO - Filling up the DagBag from /opt/airflow/dags/ecommerce_sales_pipeline.py
[2024-04-09T16:36:49.949+0000] {processor.py:840} INFO - DAG(s) 'ecommerce_sales_pipeline' retrieved from /opt/airflow/dags/ecommerce_sales_pipeline.py
[2024-04-09T16:36:49.961+0000] {logging_mixin.py:188} INFO - [2024-04-09T16:36:49.960+0000] {dag.py:3047} INFO - Sync 1 DAGs
[2024-04-09T16:36:49.973+0000] {logging_mixin.py:188} INFO - [2024-04-09T16:36:49.972+0000] {dag.py:3834} INFO - Setting next_dagrun for ecommerce_sales_pipeline to 2024-04-08 00:00:00+00:00, run_after=2024-04-09 00:00:00+00:00
[2024-04-09T16:36:49.987+0000] {processor.py:183} INFO - Processing /opt/airflow/dags/ecommerce_sales_pipeline.py took 0.263 seconds
[2024-04-09T16:37:20.886+0000] {processor.py:161} INFO - Started process (PID=288) to work on /opt/airflow/dags/ecommerce_sales_pipeline.py
[2024-04-09T16:37:20.887+0000] {processor.py:830} INFO - Processing file /opt/airflow/dags/ecommerce_sales_pipeline.py for tasks to queue
[2024-04-09T16:37:20.892+0000] {logging_mixin.py:188} INFO - [2024-04-09T16:37:20.892+0000] {dagbag.py:540} INFO - Filling up the DagBag from /opt/airflow/dags/ecommerce_sales_pipeline.py
[2024-04-09T16:37:21.065+0000] {processor.py:840} INFO - DAG(s) 'ecommerce_sales_pipeline' retrieved from /opt/airflow/dags/ecommerce_sales_pipeline.py
[2024-04-09T16:37:21.073+0000] {logging_mixin.py:188} INFO - [2024-04-09T16:37:21.073+0000] {dag.py:3047} INFO - Sync 1 DAGs
[2024-04-09T16:37:21.083+0000] {logging_mixin.py:188} INFO - [2024-04-09T16:37:21.083+0000] {dag.py:3834} INFO - Setting next_dagrun for ecommerce_sales_pipeline to 2024-04-08 00:00:00+00:00, run_after=2024-04-09 00:00:00+00:00
[2024-04-09T16:37:21.090+0000] {processor.py:183} INFO - Processing /opt/airflow/dags/ecommerce_sales_pipeline.py took 0.214 seconds
[2024-04-09T16:37:51.503+0000] {processor.py:161} INFO - Started process (PID=345) to work on /opt/airflow/dags/ecommerce_sales_pipeline.py
[2024-04-09T16:37:51.504+0000] {processor.py:830} INFO - Processing file /opt/airflow/dags/ecommerce_sales_pipeline.py for tasks to queue
[2024-04-09T16:37:51.506+0000] {logging_mixin.py:188} INFO - [2024-04-09T16:37:51.506+0000] {dagbag.py:540} INFO - Filling up the DagBag from /opt/airflow/dags/ecommerce_sales_pipeline.py
[2024-04-09T16:37:51.695+0000] {processor.py:840} INFO - DAG(s) 'ecommerce_sales_pipeline' retrieved from /opt/airflow/dags/ecommerce_sales_pipeline.py
[2024-04-09T16:37:51.839+0000] {logging_mixin.py:188} INFO - [2024-04-09T16:37:51.839+0000] {dag.py:3047} INFO - Sync 1 DAGs
[2024-04-09T16:37:51.849+0000] {logging_mixin.py:188} INFO - [2024-04-09T16:37:51.849+0000] {dag.py:3834} INFO - Setting next_dagrun for ecommerce_sales_pipeline to 2024-04-08 00:00:00+00:00, run_after=2024-04-09 00:00:00+00:00
[2024-04-09T16:37:51.856+0000] {processor.py:183} INFO - Processing /opt/airflow/dags/ecommerce_sales_pipeline.py took 0.358 seconds
[2024-04-09T16:38:22.406+0000] {processor.py:161} INFO - Started process (PID=402) to work on /opt/airflow/dags/ecommerce_sales_pipeline.py
[2024-04-09T16:38:22.408+0000] {processor.py:830} INFO - Processing file /opt/airflow/dags/ecommerce_sales_pipeline.py for tasks to queue
[2024-04-09T16:38:22.416+0000] {logging_mixin.py:188} INFO - [2024-04-09T16:38:22.416+0000] {dagbag.py:540} INFO - Filling up the DagBag from /opt/airflow/dags/ecommerce_sales_pipeline.py
[2024-04-09T16:38:22.598+0000] {processor.py:840} INFO - DAG(s) 'ecommerce_sales_pipeline' retrieved from /opt/airflow/dags/ecommerce_sales_pipeline.py
[2024-04-09T16:38:22.608+0000] {logging_mixin.py:188} INFO - [2024-04-09T16:38:22.608+0000] {dag.py:3047} INFO - Sync 1 DAGs
[2024-04-09T16:38:22.757+0000] {logging_mixin.py:188} INFO - [2024-04-09T16:38:22.757+0000] {dag.py:3834} INFO - Setting next_dagrun for ecommerce_sales_pipeline to 2024-04-08 00:00:00+00:00, run_after=2024-04-09 00:00:00+00:00
[2024-04-09T16:38:22.764+0000] {processor.py:183} INFO - Processing /opt/airflow/dags/ecommerce_sales_pipeline.py took 0.363 seconds
[2024-04-09T16:38:53.115+0000] {processor.py:161} INFO - Started process (PID=459) to work on /opt/airflow/dags/ecommerce_sales_pipeline.py
[2024-04-09T16:38:53.118+0000] {processor.py:830} INFO - Processing file /opt/airflow/dags/ecommerce_sales_pipeline.py for tasks to queue
[2024-04-09T16:38:53.122+0000] {logging_mixin.py:188} INFO - [2024-04-09T16:38:53.122+0000] {dagbag.py:540} INFO - Filling up the DagBag from /opt/airflow/dags/ecommerce_sales_pipeline.py
[2024-04-09T16:38:53.326+0000] {processor.py:840} INFO - DAG(s) 'ecommerce_sales_pipeline' retrieved from /opt/airflow/dags/ecommerce_sales_pipeline.py
[2024-04-09T16:38:53.338+0000] {logging_mixin.py:188} INFO - [2024-04-09T16:38:53.338+0000] {dag.py:3047} INFO - Sync 1 DAGs
[2024-04-09T16:38:53.477+0000] {logging_mixin.py:188} INFO - [2024-04-09T16:38:53.477+0000] {dag.py:3834} INFO - Setting next_dagrun for ecommerce_sales_pipeline to 2024-04-08 00:00:00+00:00, run_after=2024-04-09 00:00:00+00:00
[2024-04-09T16:38:53.484+0000] {processor.py:183} INFO - Processing /opt/airflow/dags/ecommerce_sales_pipeline.py took 0.375 seconds
[2024-04-09T16:39:23.864+0000] {processor.py:161} INFO - Started process (PID=516) to work on /opt/airflow/dags/ecommerce_sales_pipeline.py
[2024-04-09T16:39:23.866+0000] {processor.py:830} INFO - Processing file /opt/airflow/dags/ecommerce_sales_pipeline.py for tasks to queue
[2024-04-09T16:39:23.868+0000] {logging_mixin.py:188} INFO - [2024-04-09T16:39:23.868+0000] {dagbag.py:540} INFO - Filling up the DagBag from /opt/airflow/dags/ecommerce_sales_pipeline.py
[2024-04-09T16:39:24.205+0000] {processor.py:840} INFO - DAG(s) 'ecommerce_sales_pipeline' retrieved from /opt/airflow/dags/ecommerce_sales_pipeline.py
[2024-04-09T16:39:24.214+0000] {logging_mixin.py:188} INFO - [2024-04-09T16:39:24.213+0000] {dag.py:3047} INFO - Sync 1 DAGs
[2024-04-09T16:39:24.224+0000] {logging_mixin.py:188} INFO - [2024-04-09T16:39:24.224+0000] {dag.py:3834} INFO - Setting next_dagrun for ecommerce_sales_pipeline to 2024-04-08 00:00:00+00:00, run_after=2024-04-09 00:00:00+00:00
[2024-04-09T16:39:24.231+0000] {processor.py:183} INFO - Processing /opt/airflow/dags/ecommerce_sales_pipeline.py took 0.372 seconds
[2024-04-09T16:39:54.288+0000] {processor.py:161} INFO - Started process (PID=576) to work on /opt/airflow/dags/ecommerce_sales_pipeline.py
[2024-04-09T16:39:54.288+0000] {processor.py:830} INFO - Processing file /opt/airflow/dags/ecommerce_sales_pipeline.py for tasks to queue
[2024-04-09T16:39:54.289+0000] {logging_mixin.py:188} INFO - [2024-04-09T16:39:54.289+0000] {dagbag.py:540} INFO - Filling up the DagBag from /opt/airflow/dags/ecommerce_sales_pipeline.py
[2024-04-09T16:39:54.576+0000] {processor.py:840} INFO - DAG(s) 'ecommerce_sales_pipeline' retrieved from /opt/airflow/dags/ecommerce_sales_pipeline.py
[2024-04-09T16:39:54.584+0000] {logging_mixin.py:188} INFO - [2024-04-09T16:39:54.583+0000] {dag.py:3047} INFO - Sync 1 DAGs
[2024-04-09T16:39:54.594+0000] {logging_mixin.py:188} INFO - [2024-04-09T16:39:54.594+0000] {dag.py:3834} INFO - Setting next_dagrun for ecommerce_sales_pipeline to 2024-04-08 00:00:00+00:00, run_after=2024-04-09 00:00:00+00:00
[2024-04-09T16:39:54.601+0000] {processor.py:183} INFO - Processing /opt/airflow/dags/ecommerce_sales_pipeline.py took 0.315 seconds
[2024-04-09T16:40:24.627+0000] {processor.py:161} INFO - Started process (PID=636) to work on /opt/airflow/dags/ecommerce_sales_pipeline.py
[2024-04-09T16:40:24.627+0000] {processor.py:830} INFO - Processing file /opt/airflow/dags/ecommerce_sales_pipeline.py for tasks to queue
[2024-04-09T16:40:24.628+0000] {logging_mixin.py:188} INFO - [2024-04-09T16:40:24.628+0000] {dagbag.py:540} INFO - Filling up the DagBag from /opt/airflow/dags/ecommerce_sales_pipeline.py
[2024-04-09T16:40:24.908+0000] {processor.py:840} INFO - DAG(s) 'ecommerce_sales_pipeline' retrieved from /opt/airflow/dags/ecommerce_sales_pipeline.py
[2024-04-09T16:40:24.916+0000] {logging_mixin.py:188} INFO - [2024-04-09T16:40:24.915+0000] {dag.py:3047} INFO - Sync 1 DAGs
[2024-04-09T16:40:24.927+0000] {logging_mixin.py:188} INFO - [2024-04-09T16:40:24.927+0000] {dag.py:3834} INFO - Setting next_dagrun for ecommerce_sales_pipeline to 2024-04-08 00:00:00+00:00, run_after=2024-04-09 00:00:00+00:00
[2024-04-09T16:40:24.934+0000] {processor.py:183} INFO - Processing /opt/airflow/dags/ecommerce_sales_pipeline.py took 0.309 seconds
[2024-04-09T16:40:55.936+0000] {processor.py:161} INFO - Started process (PID=699) to work on /opt/airflow/dags/ecommerce_sales_pipeline.py
[2024-04-09T16:40:55.937+0000] {processor.py:830} INFO - Processing file /opt/airflow/dags/ecommerce_sales_pipeline.py for tasks to queue
[2024-04-09T16:40:55.939+0000] {logging_mixin.py:188} INFO - [2024-04-09T16:40:55.939+0000] {dagbag.py:540} INFO - Filling up the DagBag from /opt/airflow/dags/ecommerce_sales_pipeline.py
[2024-04-09T16:40:56.256+0000] {processor.py:840} INFO - DAG(s) 'ecommerce_sales_pipeline' retrieved from /opt/airflow/dags/ecommerce_sales_pipeline.py
[2024-04-09T16:40:56.264+0000] {logging_mixin.py:188} INFO - [2024-04-09T16:40:56.263+0000] {dag.py:3047} INFO - Sync 1 DAGs
[2024-04-09T16:40:56.273+0000] {logging_mixin.py:188} INFO - [2024-04-09T16:40:56.273+0000] {dag.py:3834} INFO - Setting next_dagrun for ecommerce_sales_pipeline to 2024-04-08 00:00:00+00:00, run_after=2024-04-09 00:00:00+00:00
[2024-04-09T16:40:56.281+0000] {processor.py:183} INFO - Processing /opt/airflow/dags/ecommerce_sales_pipeline.py took 0.348 seconds
[2024-04-09T16:41:26.300+0000] {processor.py:161} INFO - Started process (PID=762) to work on /opt/airflow/dags/ecommerce_sales_pipeline.py
[2024-04-09T16:41:26.301+0000] {processor.py:830} INFO - Processing file /opt/airflow/dags/ecommerce_sales_pipeline.py for tasks to queue
[2024-04-09T16:41:26.302+0000] {logging_mixin.py:188} INFO - [2024-04-09T16:41:26.301+0000] {dagbag.py:540} INFO - Filling up the DagBag from /opt/airflow/dags/ecommerce_sales_pipeline.py
[2024-04-09T16:41:26.592+0000] {processor.py:840} INFO - DAG(s) 'ecommerce_sales_pipeline' retrieved from /opt/airflow/dags/ecommerce_sales_pipeline.py
[2024-04-09T16:41:26.599+0000] {logging_mixin.py:188} INFO - [2024-04-09T16:41:26.599+0000] {dag.py:3047} INFO - Sync 1 DAGs
[2024-04-09T16:41:26.607+0000] {logging_mixin.py:188} INFO - [2024-04-09T16:41:26.607+0000] {dag.py:3834} INFO - Setting next_dagrun for ecommerce_sales_pipeline to 2024-04-08 00:00:00+00:00, run_after=2024-04-09 00:00:00+00:00
[2024-04-09T16:41:26.613+0000] {processor.py:183} INFO - Processing /opt/airflow/dags/ecommerce_sales_pipeline.py took 0.314 seconds
[2024-04-09T16:41:56.870+0000] {processor.py:161} INFO - Started process (PID=824) to work on /opt/airflow/dags/ecommerce_sales_pipeline.py
[2024-04-09T16:41:56.870+0000] {processor.py:830} INFO - Processing file /opt/airflow/dags/ecommerce_sales_pipeline.py for tasks to queue
[2024-04-09T16:41:56.871+0000] {logging_mixin.py:188} INFO - [2024-04-09T16:41:56.871+0000] {dagbag.py:540} INFO - Filling up the DagBag from /opt/airflow/dags/ecommerce_sales_pipeline.py
[2024-04-09T16:41:57.114+0000] {processor.py:840} INFO - DAG(s) 'ecommerce_sales_pipeline' retrieved from /opt/airflow/dags/ecommerce_sales_pipeline.py
[2024-04-09T16:41:57.122+0000] {logging_mixin.py:188} INFO - [2024-04-09T16:41:57.122+0000] {dag.py:3047} INFO - Sync 1 DAGs
[2024-04-09T16:41:57.131+0000] {logging_mixin.py:188} INFO - [2024-04-09T16:41:57.131+0000] {dag.py:3834} INFO - Setting next_dagrun for ecommerce_sales_pipeline to 2024-04-08 00:00:00+00:00, run_after=2024-04-09 00:00:00+00:00
[2024-04-09T16:41:57.138+0000] {processor.py:183} INFO - Processing /opt/airflow/dags/ecommerce_sales_pipeline.py took 0.269 seconds
[2024-04-09T16:42:27.270+0000] {processor.py:161} INFO - Started process (PID=872) to work on /opt/airflow/dags/ecommerce_sales_pipeline.py
[2024-04-09T16:42:27.272+0000] {processor.py:830} INFO - Processing file /opt/airflow/dags/ecommerce_sales_pipeline.py for tasks to queue
[2024-04-09T16:42:27.274+0000] {logging_mixin.py:188} INFO - [2024-04-09T16:42:27.273+0000] {dagbag.py:540} INFO - Filling up the DagBag from /opt/airflow/dags/ecommerce_sales_pipeline.py
[2024-04-09T16:42:27.598+0000] {processor.py:840} INFO - DAG(s) 'ecommerce_sales_pipeline' retrieved from /opt/airflow/dags/ecommerce_sales_pipeline.py
[2024-04-09T16:42:27.607+0000] {logging_mixin.py:188} INFO - [2024-04-09T16:42:27.607+0000] {dag.py:3047} INFO - Sync 1 DAGs
[2024-04-09T16:42:27.616+0000] {logging_mixin.py:188} INFO - [2024-04-09T16:42:27.616+0000] {dag.py:3834} INFO - Setting next_dagrun for ecommerce_sales_pipeline to 2024-04-08 00:00:00+00:00, run_after=2024-04-09 00:00:00+00:00
[2024-04-09T16:42:27.623+0000] {processor.py:183} INFO - Processing /opt/airflow/dags/ecommerce_sales_pipeline.py took 0.357 seconds
[2024-04-09T16:42:58.089+0000] {processor.py:161} INFO - Started process (PID=936) to work on /opt/airflow/dags/ecommerce_sales_pipeline.py
[2024-04-09T16:42:58.090+0000] {processor.py:830} INFO - Processing file /opt/airflow/dags/ecommerce_sales_pipeline.py for tasks to queue
[2024-04-09T16:42:58.092+0000] {logging_mixin.py:188} INFO - [2024-04-09T16:42:58.092+0000] {dagbag.py:540} INFO - Filling up the DagBag from /opt/airflow/dags/ecommerce_sales_pipeline.py
[2024-04-09T16:42:58.389+0000] {processor.py:840} INFO - DAG(s) 'ecommerce_sales_pipeline' retrieved from /opt/airflow/dags/ecommerce_sales_pipeline.py
[2024-04-09T16:42:58.398+0000] {logging_mixin.py:188} INFO - [2024-04-09T16:42:58.398+0000] {dag.py:3047} INFO - Sync 1 DAGs
[2024-04-09T16:42:58.409+0000] {logging_mixin.py:188} INFO - [2024-04-09T16:42:58.409+0000] {dag.py:3834} INFO - Setting next_dagrun for ecommerce_sales_pipeline to 2024-04-08 00:00:00+00:00, run_after=2024-04-09 00:00:00+00:00
[2024-04-09T16:42:58.418+0000] {processor.py:183} INFO - Processing /opt/airflow/dags/ecommerce_sales_pipeline.py took 0.332 seconds
[2024-04-09T16:43:29.143+0000] {processor.py:161} INFO - Started process (PID=994) to work on /opt/airflow/dags/ecommerce_sales_pipeline.py
[2024-04-09T16:43:29.147+0000] {processor.py:830} INFO - Processing file /opt/airflow/dags/ecommerce_sales_pipeline.py for tasks to queue
[2024-04-09T16:43:29.150+0000] {logging_mixin.py:188} INFO - [2024-04-09T16:43:29.149+0000] {dagbag.py:540} INFO - Filling up the DagBag from /opt/airflow/dags/ecommerce_sales_pipeline.py
[2024-04-09T16:43:29.468+0000] {processor.py:840} INFO - DAG(s) 'ecommerce_sales_pipeline' retrieved from /opt/airflow/dags/ecommerce_sales_pipeline.py
[2024-04-09T16:43:29.476+0000] {logging_mixin.py:188} INFO - [2024-04-09T16:43:29.476+0000] {dag.py:3047} INFO - Sync 1 DAGs
[2024-04-09T16:43:29.486+0000] {logging_mixin.py:188} INFO - [2024-04-09T16:43:29.486+0000] {dag.py:3834} INFO - Setting next_dagrun for ecommerce_sales_pipeline to 2024-04-08 00:00:00+00:00, run_after=2024-04-09 00:00:00+00:00
[2024-04-09T16:43:29.493+0000] {processor.py:183} INFO - Processing /opt/airflow/dags/ecommerce_sales_pipeline.py took 0.357 seconds
[2024-04-09T16:44:00.139+0000] {processor.py:161} INFO - Started process (PID=1052) to work on /opt/airflow/dags/ecommerce_sales_pipeline.py
[2024-04-09T16:44:00.143+0000] {processor.py:830} INFO - Processing file /opt/airflow/dags/ecommerce_sales_pipeline.py for tasks to queue
[2024-04-09T16:44:00.146+0000] {logging_mixin.py:188} INFO - [2024-04-09T16:44:00.145+0000] {dagbag.py:540} INFO - Filling up the DagBag from /opt/airflow/dags/ecommerce_sales_pipeline.py
[2024-04-09T16:44:00.460+0000] {processor.py:840} INFO - DAG(s) 'ecommerce_sales_pipeline' retrieved from /opt/airflow/dags/ecommerce_sales_pipeline.py
[2024-04-09T16:44:00.471+0000] {logging_mixin.py:188} INFO - [2024-04-09T16:44:00.471+0000] {dag.py:3047} INFO - Sync 1 DAGs
[2024-04-09T16:44:00.483+0000] {logging_mixin.py:188} INFO - [2024-04-09T16:44:00.483+0000] {dag.py:3834} INFO - Setting next_dagrun for ecommerce_sales_pipeline to 2024-04-08 00:00:00+00:00, run_after=2024-04-09 00:00:00+00:00
[2024-04-09T16:44:00.490+0000] {processor.py:183} INFO - Processing /opt/airflow/dags/ecommerce_sales_pipeline.py took 0.357 seconds
[2024-04-09T16:44:30.534+0000] {processor.py:161} INFO - Started process (PID=1116) to work on /opt/airflow/dags/ecommerce_sales_pipeline.py
[2024-04-09T16:44:30.534+0000] {processor.py:830} INFO - Processing file /opt/airflow/dags/ecommerce_sales_pipeline.py for tasks to queue
[2024-04-09T16:44:30.535+0000] {logging_mixin.py:188} INFO - [2024-04-09T16:44:30.535+0000] {dagbag.py:540} INFO - Filling up the DagBag from /opt/airflow/dags/ecommerce_sales_pipeline.py
[2024-04-09T16:44:30.807+0000] {processor.py:840} INFO - DAG(s) 'ecommerce_sales_pipeline' retrieved from /opt/airflow/dags/ecommerce_sales_pipeline.py
[2024-04-09T16:44:30.817+0000] {logging_mixin.py:188} INFO - [2024-04-09T16:44:30.817+0000] {dag.py:3047} INFO - Sync 1 DAGs
[2024-04-09T16:44:30.826+0000] {logging_mixin.py:188} INFO - [2024-04-09T16:44:30.826+0000] {dag.py:3834} INFO - Setting next_dagrun for ecommerce_sales_pipeline to 2024-04-08 00:00:00+00:00, run_after=2024-04-09 00:00:00+00:00
[2024-04-09T16:44:30.833+0000] {processor.py:183} INFO - Processing /opt/airflow/dags/ecommerce_sales_pipeline.py took 0.301 seconds
[2024-04-09T16:45:00.850+0000] {processor.py:161} INFO - Started process (PID=1178) to work on /opt/airflow/dags/ecommerce_sales_pipeline.py
[2024-04-09T16:45:00.851+0000] {processor.py:830} INFO - Processing file /opt/airflow/dags/ecommerce_sales_pipeline.py for tasks to queue
[2024-04-09T16:45:00.852+0000] {logging_mixin.py:188} INFO - [2024-04-09T16:45:00.852+0000] {dagbag.py:540} INFO - Filling up the DagBag from /opt/airflow/dags/ecommerce_sales_pipeline.py
[2024-04-09T16:45:01.162+0000] {processor.py:840} INFO - DAG(s) 'ecommerce_sales_pipeline' retrieved from /opt/airflow/dags/ecommerce_sales_pipeline.py
[2024-04-09T16:45:01.171+0000] {logging_mixin.py:188} INFO - [2024-04-09T16:45:01.171+0000] {dag.py:3047} INFO - Sync 1 DAGs
[2024-04-09T16:45:01.192+0000] {logging_mixin.py:188} INFO - [2024-04-09T16:45:01.192+0000] {dag.py:3834} INFO - Setting next_dagrun for ecommerce_sales_pipeline to 2024-04-08 00:00:00+00:00, run_after=2024-04-09 00:00:00+00:00
[2024-04-09T16:45:01.199+0000] {processor.py:183} INFO - Processing /opt/airflow/dags/ecommerce_sales_pipeline.py took 0.351 seconds
[2024-04-09T16:45:31.275+0000] {processor.py:161} INFO - Started process (PID=1237) to work on /opt/airflow/dags/ecommerce_sales_pipeline.py
[2024-04-09T16:45:31.276+0000] {processor.py:830} INFO - Processing file /opt/airflow/dags/ecommerce_sales_pipeline.py for tasks to queue
[2024-04-09T16:45:31.277+0000] {logging_mixin.py:188} INFO - [2024-04-09T16:45:31.277+0000] {dagbag.py:540} INFO - Filling up the DagBag from /opt/airflow/dags/ecommerce_sales_pipeline.py
[2024-04-09T16:45:31.539+0000] {processor.py:840} INFO - DAG(s) 'ecommerce_sales_pipeline' retrieved from /opt/airflow/dags/ecommerce_sales_pipeline.py
[2024-04-09T16:45:31.551+0000] {logging_mixin.py:188} INFO - [2024-04-09T16:45:31.551+0000] {dag.py:3047} INFO - Sync 1 DAGs
[2024-04-09T16:45:31.560+0000] {logging_mixin.py:188} INFO - [2024-04-09T16:45:31.560+0000] {dag.py:3834} INFO - Setting next_dagrun for ecommerce_sales_pipeline to 2024-04-08 00:00:00+00:00, run_after=2024-04-09 00:00:00+00:00
[2024-04-09T16:45:31.567+0000] {processor.py:183} INFO - Processing /opt/airflow/dags/ecommerce_sales_pipeline.py took 0.293 seconds
[2024-04-09T16:46:01.958+0000] {processor.py:161} INFO - Started process (PID=1289) to work on /opt/airflow/dags/ecommerce_sales_pipeline.py
[2024-04-09T16:46:01.967+0000] {processor.py:830} INFO - Processing file /opt/airflow/dags/ecommerce_sales_pipeline.py for tasks to queue
[2024-04-09T16:46:01.969+0000] {logging_mixin.py:188} INFO - [2024-04-09T16:46:01.969+0000] {dagbag.py:540} INFO - Filling up the DagBag from /opt/airflow/dags/ecommerce_sales_pipeline.py
[2024-04-09T16:46:02.434+0000] {processor.py:840} INFO - DAG(s) 'ecommerce_sales_pipeline' retrieved from /opt/airflow/dags/ecommerce_sales_pipeline.py
[2024-04-09T16:46:02.499+0000] {logging_mixin.py:188} INFO - [2024-04-09T16:46:02.499+0000] {dag.py:3047} INFO - Sync 1 DAGs
[2024-04-09T16:46:02.512+0000] {logging_mixin.py:188} INFO - [2024-04-09T16:46:02.512+0000] {dag.py:3834} INFO - Setting next_dagrun for ecommerce_sales_pipeline to 2024-04-08 00:00:00+00:00, run_after=2024-04-09 00:00:00+00:00
[2024-04-09T16:46:02.521+0000] {processor.py:183} INFO - Processing /opt/airflow/dags/ecommerce_sales_pipeline.py took 0.568 seconds
[2024-04-09T16:46:32.577+0000] {processor.py:161} INFO - Started process (PID=1354) to work on /opt/airflow/dags/ecommerce_sales_pipeline.py
[2024-04-09T16:46:32.579+0000] {processor.py:830} INFO - Processing file /opt/airflow/dags/ecommerce_sales_pipeline.py for tasks to queue
[2024-04-09T16:46:32.582+0000] {logging_mixin.py:188} INFO - [2024-04-09T16:46:32.582+0000] {dagbag.py:540} INFO - Filling up the DagBag from /opt/airflow/dags/ecommerce_sales_pipeline.py
[2024-04-09T16:46:33.449+0000] {processor.py:840} INFO - DAG(s) 'ecommerce_sales_pipeline' retrieved from /opt/airflow/dags/ecommerce_sales_pipeline.py
[2024-04-09T16:46:33.476+0000] {logging_mixin.py:188} INFO - [2024-04-09T16:46:33.476+0000] {dag.py:3047} INFO - Sync 1 DAGs
[2024-04-09T16:46:33.556+0000] {logging_mixin.py:188} INFO - [2024-04-09T16:46:33.555+0000] {dag.py:3834} INFO - Setting next_dagrun for ecommerce_sales_pipeline to 2024-04-08 00:00:00+00:00, run_after=2024-04-09 00:00:00+00:00
[2024-04-09T16:46:33.579+0000] {processor.py:183} INFO - Processing /opt/airflow/dags/ecommerce_sales_pipeline.py took 1.005 seconds
[2024-04-09T16:47:04.527+0000] {processor.py:161} INFO - Started process (PID=1431) to work on /opt/airflow/dags/ecommerce_sales_pipeline.py
[2024-04-09T16:47:04.532+0000] {processor.py:830} INFO - Processing file /opt/airflow/dags/ecommerce_sales_pipeline.py for tasks to queue
[2024-04-09T16:47:04.536+0000] {logging_mixin.py:188} INFO - [2024-04-09T16:47:04.536+0000] {dagbag.py:540} INFO - Filling up the DagBag from /opt/airflow/dags/ecommerce_sales_pipeline.py
[2024-04-09T16:47:05.561+0000] {processor.py:840} INFO - DAG(s) 'ecommerce_sales_pipeline' retrieved from /opt/airflow/dags/ecommerce_sales_pipeline.py
[2024-04-09T16:47:05.595+0000] {logging_mixin.py:188} INFO - [2024-04-09T16:47:05.594+0000] {dag.py:3047} INFO - Sync 1 DAGs
[2024-04-09T16:47:05.672+0000] {logging_mixin.py:188} INFO - [2024-04-09T16:47:05.671+0000] {dag.py:3834} INFO - Setting next_dagrun for ecommerce_sales_pipeline to 2024-04-08 00:00:00+00:00, run_after=2024-04-09 00:00:00+00:00
[2024-04-09T16:47:05.731+0000] {processor.py:183} INFO - Processing /opt/airflow/dags/ecommerce_sales_pipeline.py took 1.210 seconds
[2024-04-09T16:47:36.415+0000] {processor.py:161} INFO - Started process (PID=1499) to work on /opt/airflow/dags/ecommerce_sales_pipeline.py
[2024-04-09T16:47:36.426+0000] {processor.py:830} INFO - Processing file /opt/airflow/dags/ecommerce_sales_pipeline.py for tasks to queue
[2024-04-09T16:47:36.434+0000] {logging_mixin.py:188} INFO - [2024-04-09T16:47:36.434+0000] {dagbag.py:540} INFO - Filling up the DagBag from /opt/airflow/dags/ecommerce_sales_pipeline.py
[2024-04-09T16:47:38.866+0000] {processor.py:840} INFO - DAG(s) 'ecommerce_sales_pipeline' retrieved from /opt/airflow/dags/ecommerce_sales_pipeline.py
[2024-04-09T16:47:38.985+0000] {logging_mixin.py:188} INFO - [2024-04-09T16:47:38.978+0000] {dag.py:3047} INFO - Sync 1 DAGs
[2024-04-09T16:47:39.166+0000] {logging_mixin.py:188} INFO - [2024-04-09T16:47:39.163+0000] {dag.py:3834} INFO - Setting next_dagrun for ecommerce_sales_pipeline to 2024-04-08 00:00:00+00:00, run_after=2024-04-09 00:00:00+00:00
[2024-04-09T16:47:39.234+0000] {processor.py:183} INFO - Processing /opt/airflow/dags/ecommerce_sales_pipeline.py took 2.835 seconds
[2024-04-09T16:48:09.427+0000] {processor.py:161} INFO - Started process (PID=1559) to work on /opt/airflow/dags/ecommerce_sales_pipeline.py
[2024-04-09T16:48:09.429+0000] {processor.py:830} INFO - Processing file /opt/airflow/dags/ecommerce_sales_pipeline.py for tasks to queue
[2024-04-09T16:48:09.430+0000] {logging_mixin.py:188} INFO - [2024-04-09T16:48:09.430+0000] {dagbag.py:540} INFO - Filling up the DagBag from /opt/airflow/dags/ecommerce_sales_pipeline.py
[2024-04-09T16:48:10.126+0000] {processor.py:840} INFO - DAG(s) 'ecommerce_sales_pipeline' retrieved from /opt/airflow/dags/ecommerce_sales_pipeline.py
[2024-04-09T16:48:10.169+0000] {logging_mixin.py:188} INFO - [2024-04-09T16:48:10.169+0000] {dag.py:3047} INFO - Sync 1 DAGs
[2024-04-09T16:48:10.187+0000] {logging_mixin.py:188} INFO - [2024-04-09T16:48:10.187+0000] {dag.py:3834} INFO - Setting next_dagrun for ecommerce_sales_pipeline to 2024-04-08 00:00:00+00:00, run_after=2024-04-09 00:00:00+00:00
[2024-04-09T16:48:10.207+0000] {processor.py:183} INFO - Processing /opt/airflow/dags/ecommerce_sales_pipeline.py took 0.782 seconds
[2024-04-09T16:48:40.337+0000] {processor.py:161} INFO - Started process (PID=1614) to work on /opt/airflow/dags/ecommerce_sales_pipeline.py
[2024-04-09T16:48:40.340+0000] {processor.py:830} INFO - Processing file /opt/airflow/dags/ecommerce_sales_pipeline.py for tasks to queue
[2024-04-09T16:48:40.343+0000] {logging_mixin.py:188} INFO - [2024-04-09T16:48:40.342+0000] {dagbag.py:540} INFO - Filling up the DagBag from /opt/airflow/dags/ecommerce_sales_pipeline.py
[2024-04-09T16:48:40.801+0000] {processor.py:840} INFO - DAG(s) 'ecommerce_sales_pipeline' retrieved from /opt/airflow/dags/ecommerce_sales_pipeline.py
[2024-04-09T16:48:40.812+0000] {logging_mixin.py:188} INFO - [2024-04-09T16:48:40.812+0000] {dag.py:3047} INFO - Sync 1 DAGs
[2024-04-09T16:48:40.823+0000] {logging_mixin.py:188} INFO - [2024-04-09T16:48:40.823+0000] {dag.py:3834} INFO - Setting next_dagrun for ecommerce_sales_pipeline to 2024-04-08 00:00:00+00:00, run_after=2024-04-09 00:00:00+00:00
[2024-04-09T16:48:40.830+0000] {processor.py:183} INFO - Processing /opt/airflow/dags/ecommerce_sales_pipeline.py took 0.496 seconds
[2024-04-09T16:49:11.822+0000] {processor.py:161} INFO - Started process (PID=1675) to work on /opt/airflow/dags/ecommerce_sales_pipeline.py
[2024-04-09T16:49:11.824+0000] {processor.py:830} INFO - Processing file /opt/airflow/dags/ecommerce_sales_pipeline.py for tasks to queue
[2024-04-09T16:49:11.825+0000] {logging_mixin.py:188} INFO - [2024-04-09T16:49:11.825+0000] {dagbag.py:540} INFO - Filling up the DagBag from /opt/airflow/dags/ecommerce_sales_pipeline.py
[2024-04-09T16:49:12.146+0000] {processor.py:840} INFO - DAG(s) 'ecommerce_sales_pipeline' retrieved from /opt/airflow/dags/ecommerce_sales_pipeline.py
[2024-04-09T16:49:12.157+0000] {logging_mixin.py:188} INFO - [2024-04-09T16:49:12.157+0000] {dag.py:3047} INFO - Sync 1 DAGs
[2024-04-09T16:49:12.167+0000] {logging_mixin.py:188} INFO - [2024-04-09T16:49:12.167+0000] {dag.py:3834} INFO - Setting next_dagrun for ecommerce_sales_pipeline to 2024-04-08 00:00:00+00:00, run_after=2024-04-09 00:00:00+00:00
[2024-04-09T16:49:12.174+0000] {processor.py:183} INFO - Processing /opt/airflow/dags/ecommerce_sales_pipeline.py took 0.359 seconds
[2024-04-09T16:49:42.974+0000] {processor.py:161} INFO - Started process (PID=1732) to work on /opt/airflow/dags/ecommerce_sales_pipeline.py
[2024-04-09T16:49:42.976+0000] {processor.py:830} INFO - Processing file /opt/airflow/dags/ecommerce_sales_pipeline.py for tasks to queue
[2024-04-09T16:49:42.977+0000] {logging_mixin.py:188} INFO - [2024-04-09T16:49:42.977+0000] {dagbag.py:540} INFO - Filling up the DagBag from /opt/airflow/dags/ecommerce_sales_pipeline.py
[2024-04-09T16:49:43.304+0000] {processor.py:840} INFO - DAG(s) 'ecommerce_sales_pipeline' retrieved from /opt/airflow/dags/ecommerce_sales_pipeline.py
[2024-04-09T16:49:43.313+0000] {logging_mixin.py:188} INFO - [2024-04-09T16:49:43.313+0000] {dag.py:3047} INFO - Sync 1 DAGs
[2024-04-09T16:49:43.321+0000] {logging_mixin.py:188} INFO - [2024-04-09T16:49:43.321+0000] {dag.py:3834} INFO - Setting next_dagrun for ecommerce_sales_pipeline to 2024-04-08 00:00:00+00:00, run_after=2024-04-09 00:00:00+00:00
[2024-04-09T16:49:43.327+0000] {processor.py:183} INFO - Processing /opt/airflow/dags/ecommerce_sales_pipeline.py took 0.355 seconds
[2024-04-09T16:50:14.279+0000] {processor.py:161} INFO - Started process (PID=1791) to work on /opt/airflow/dags/ecommerce_sales_pipeline.py
[2024-04-09T16:50:14.282+0000] {processor.py:830} INFO - Processing file /opt/airflow/dags/ecommerce_sales_pipeline.py for tasks to queue
[2024-04-09T16:50:14.283+0000] {logging_mixin.py:188} INFO - [2024-04-09T16:50:14.283+0000] {dagbag.py:540} INFO - Filling up the DagBag from /opt/airflow/dags/ecommerce_sales_pipeline.py
[2024-04-09T16:50:14.507+0000] {processor.py:840} INFO - DAG(s) 'ecommerce_sales_pipeline' retrieved from /opt/airflow/dags/ecommerce_sales_pipeline.py
[2024-04-09T16:50:14.515+0000] {logging_mixin.py:188} INFO - [2024-04-09T16:50:14.515+0000] {dag.py:3047} INFO - Sync 1 DAGs
[2024-04-09T16:50:14.523+0000] {logging_mixin.py:188} INFO - [2024-04-09T16:50:14.523+0000] {dag.py:3834} INFO - Setting next_dagrun for ecommerce_sales_pipeline to 2024-04-08 00:00:00+00:00, run_after=2024-04-09 00:00:00+00:00
[2024-04-09T16:50:14.529+0000] {processor.py:183} INFO - Processing /opt/airflow/dags/ecommerce_sales_pipeline.py took 0.253 seconds
[2024-04-09T16:50:45.080+0000] {processor.py:161} INFO - Started process (PID=1848) to work on /opt/airflow/dags/ecommerce_sales_pipeline.py
[2024-04-09T16:50:45.089+0000] {processor.py:830} INFO - Processing file /opt/airflow/dags/ecommerce_sales_pipeline.py for tasks to queue
[2024-04-09T16:50:45.093+0000] {logging_mixin.py:188} INFO - [2024-04-09T16:50:45.093+0000] {dagbag.py:540} INFO - Filling up the DagBag from /opt/airflow/dags/ecommerce_sales_pipeline.py
[2024-04-09T16:50:45.441+0000] {processor.py:840} INFO - DAG(s) 'ecommerce_sales_pipeline' retrieved from /opt/airflow/dags/ecommerce_sales_pipeline.py
[2024-04-09T16:50:45.459+0000] {logging_mixin.py:188} INFO - [2024-04-09T16:50:45.459+0000] {dag.py:3047} INFO - Sync 1 DAGs
[2024-04-09T16:50:45.471+0000] {logging_mixin.py:188} INFO - [2024-04-09T16:50:45.471+0000] {dag.py:3834} INFO - Setting next_dagrun for ecommerce_sales_pipeline to 2024-04-08 00:00:00+00:00, run_after=2024-04-09 00:00:00+00:00
[2024-04-09T16:50:45.479+0000] {processor.py:183} INFO - Processing /opt/airflow/dags/ecommerce_sales_pipeline.py took 0.404 seconds
[2024-04-09T16:51:15.742+0000] {processor.py:161} INFO - Started process (PID=1906) to work on /opt/airflow/dags/ecommerce_sales_pipeline.py
[2024-04-09T16:51:15.743+0000] {processor.py:830} INFO - Processing file /opt/airflow/dags/ecommerce_sales_pipeline.py for tasks to queue
[2024-04-09T16:51:15.744+0000] {logging_mixin.py:188} INFO - [2024-04-09T16:51:15.744+0000] {dagbag.py:540} INFO - Filling up the DagBag from /opt/airflow/dags/ecommerce_sales_pipeline.py
[2024-04-09T16:51:16.057+0000] {processor.py:840} INFO - DAG(s) 'ecommerce_sales_pipeline' retrieved from /opt/airflow/dags/ecommerce_sales_pipeline.py
[2024-04-09T16:51:16.065+0000] {logging_mixin.py:188} INFO - [2024-04-09T16:51:16.064+0000] {dag.py:3047} INFO - Sync 1 DAGs
[2024-04-09T16:51:16.074+0000] {logging_mixin.py:188} INFO - [2024-04-09T16:51:16.073+0000] {dag.py:3834} INFO - Setting next_dagrun for ecommerce_sales_pipeline to 2024-04-08 00:00:00+00:00, run_after=2024-04-09 00:00:00+00:00
[2024-04-09T16:51:16.080+0000] {processor.py:183} INFO - Processing /opt/airflow/dags/ecommerce_sales_pipeline.py took 0.341 seconds
[2024-04-09T16:51:46.092+0000] {processor.py:161} INFO - Started process (PID=1969) to work on /opt/airflow/dags/ecommerce_sales_pipeline.py
[2024-04-09T16:51:46.092+0000] {processor.py:830} INFO - Processing file /opt/airflow/dags/ecommerce_sales_pipeline.py for tasks to queue
[2024-04-09T16:51:46.093+0000] {logging_mixin.py:188} INFO - [2024-04-09T16:51:46.093+0000] {dagbag.py:540} INFO - Filling up the DagBag from /opt/airflow/dags/ecommerce_sales_pipeline.py
[2024-04-09T16:51:46.364+0000] {processor.py:840} INFO - DAG(s) 'ecommerce_sales_pipeline' retrieved from /opt/airflow/dags/ecommerce_sales_pipeline.py
[2024-04-09T16:51:46.371+0000] {logging_mixin.py:188} INFO - [2024-04-09T16:51:46.371+0000] {dag.py:3047} INFO - Sync 1 DAGs
[2024-04-09T16:51:46.378+0000] {logging_mixin.py:188} INFO - [2024-04-09T16:51:46.378+0000] {dag.py:3834} INFO - Setting next_dagrun for ecommerce_sales_pipeline to 2024-04-08 00:00:00+00:00, run_after=2024-04-09 00:00:00+00:00
[2024-04-09T16:51:46.384+0000] {processor.py:183} INFO - Processing /opt/airflow/dags/ecommerce_sales_pipeline.py took 0.294 seconds
[2024-04-09T16:52:16.794+0000] {processor.py:161} INFO - Started process (PID=2022) to work on /opt/airflow/dags/ecommerce_sales_pipeline.py
[2024-04-09T16:52:16.795+0000] {processor.py:830} INFO - Processing file /opt/airflow/dags/ecommerce_sales_pipeline.py for tasks to queue
[2024-04-09T16:52:16.798+0000] {logging_mixin.py:188} INFO - [2024-04-09T16:52:16.798+0000] {dagbag.py:540} INFO - Filling up the DagBag from /opt/airflow/dags/ecommerce_sales_pipeline.py
[2024-04-09T16:52:17.151+0000] {processor.py:840} INFO - DAG(s) 'ecommerce_sales_pipeline' retrieved from /opt/airflow/dags/ecommerce_sales_pipeline.py
[2024-04-09T16:52:17.165+0000] {logging_mixin.py:188} INFO - [2024-04-09T16:52:17.165+0000] {dag.py:3047} INFO - Sync 1 DAGs
[2024-04-09T16:52:17.176+0000] {logging_mixin.py:188} INFO - [2024-04-09T16:52:17.176+0000] {dag.py:3834} INFO - Setting next_dagrun for ecommerce_sales_pipeline to 2024-04-08 00:00:00+00:00, run_after=2024-04-09 00:00:00+00:00
[2024-04-09T16:52:17.189+0000] {processor.py:183} INFO - Processing /opt/airflow/dags/ecommerce_sales_pipeline.py took 0.397 seconds
[2024-04-09T16:52:47.414+0000] {processor.py:161} INFO - Started process (PID=2107) to work on /opt/airflow/dags/ecommerce_sales_pipeline.py
[2024-04-09T16:52:47.415+0000] {processor.py:830} INFO - Processing file /opt/airflow/dags/ecommerce_sales_pipeline.py for tasks to queue
[2024-04-09T16:52:47.416+0000] {logging_mixin.py:188} INFO - [2024-04-09T16:52:47.415+0000] {dagbag.py:540} INFO - Filling up the DagBag from /opt/airflow/dags/ecommerce_sales_pipeline.py
[2024-04-09T16:52:47.725+0000] {processor.py:840} INFO - DAG(s) 'ecommerce_sales_pipeline' retrieved from /opt/airflow/dags/ecommerce_sales_pipeline.py
[2024-04-09T16:52:47.736+0000] {logging_mixin.py:188} INFO - [2024-04-09T16:52:47.735+0000] {dag.py:3047} INFO - Sync 1 DAGs
[2024-04-09T16:52:47.745+0000] {logging_mixin.py:188} INFO - [2024-04-09T16:52:47.745+0000] {dag.py:3834} INFO - Setting next_dagrun for ecommerce_sales_pipeline to 2024-04-08 00:00:00+00:00, run_after=2024-04-09 00:00:00+00:00
[2024-04-09T16:52:47.752+0000] {processor.py:183} INFO - Processing /opt/airflow/dags/ecommerce_sales_pipeline.py took 0.340 seconds
[2024-04-09T16:53:19.247+0000] {processor.py:161} INFO - Started process (PID=2194) to work on /opt/airflow/dags/ecommerce_sales_pipeline.py
[2024-04-09T16:53:19.253+0000] {processor.py:830} INFO - Processing file /opt/airflow/dags/ecommerce_sales_pipeline.py for tasks to queue
[2024-04-09T16:53:19.262+0000] {logging_mixin.py:188} INFO - [2024-04-09T16:53:19.261+0000] {dagbag.py:540} INFO - Filling up the DagBag from /opt/airflow/dags/ecommerce_sales_pipeline.py
[2024-04-09T16:53:20.673+0000] {processor.py:840} INFO - DAG(s) 'ecommerce_sales_pipeline' retrieved from /opt/airflow/dags/ecommerce_sales_pipeline.py
[2024-04-09T16:53:20.723+0000] {logging_mixin.py:188} INFO - [2024-04-09T16:53:20.721+0000] {dag.py:3047} INFO - Sync 1 DAGs
[2024-04-09T16:53:20.752+0000] {logging_mixin.py:188} INFO - [2024-04-09T16:53:20.752+0000] {dag.py:3834} INFO - Setting next_dagrun for ecommerce_sales_pipeline to 2024-04-08 00:00:00+00:00, run_after=2024-04-09 00:00:00+00:00
[2024-04-09T16:53:20.785+0000] {processor.py:183} INFO - Processing /opt/airflow/dags/ecommerce_sales_pipeline.py took 1.548 seconds
[2024-04-09T16:53:52.195+0000] {processor.py:161} INFO - Started process (PID=2273) to work on /opt/airflow/dags/ecommerce_sales_pipeline.py
[2024-04-09T16:53:52.204+0000] {processor.py:830} INFO - Processing file /opt/airflow/dags/ecommerce_sales_pipeline.py for tasks to queue
[2024-04-09T16:53:52.207+0000] {logging_mixin.py:188} INFO - [2024-04-09T16:53:52.207+0000] {dagbag.py:540} INFO - Filling up the DagBag from /opt/airflow/dags/ecommerce_sales_pipeline.py
[2024-04-09T16:53:54.188+0000] {processor.py:840} INFO - DAG(s) 'ecommerce_sales_pipeline' retrieved from /opt/airflow/dags/ecommerce_sales_pipeline.py
[2024-04-09T16:53:54.255+0000] {logging_mixin.py:188} INFO - [2024-04-09T16:53:54.254+0000] {dag.py:3047} INFO - Sync 1 DAGs
[2024-04-09T16:53:54.315+0000] {logging_mixin.py:188} INFO - [2024-04-09T16:53:54.315+0000] {dag.py:3834} INFO - Setting next_dagrun for ecommerce_sales_pipeline to 2024-04-08 00:00:00+00:00, run_after=2024-04-09 00:00:00+00:00
[2024-04-09T16:53:54.359+0000] {processor.py:183} INFO - Processing /opt/airflow/dags/ecommerce_sales_pipeline.py took 2.178 seconds
[2024-04-09T16:54:25.296+0000] {processor.py:161} INFO - Started process (PID=2345) to work on /opt/airflow/dags/ecommerce_sales_pipeline.py
[2024-04-09T16:54:25.299+0000] {processor.py:830} INFO - Processing file /opt/airflow/dags/ecommerce_sales_pipeline.py for tasks to queue
[2024-04-09T16:54:25.303+0000] {logging_mixin.py:188} INFO - [2024-04-09T16:54:25.303+0000] {dagbag.py:540} INFO - Filling up the DagBag from /opt/airflow/dags/ecommerce_sales_pipeline.py
[2024-04-09T16:54:27.492+0000] {processor.py:840} INFO - DAG(s) 'ecommerce_sales_pipeline' retrieved from /opt/airflow/dags/ecommerce_sales_pipeline.py
[2024-04-09T16:54:27.574+0000] {logging_mixin.py:188} INFO - [2024-04-09T16:54:27.573+0000] {dag.py:3047} INFO - Sync 1 DAGs
[2024-04-09T16:54:27.650+0000] {logging_mixin.py:188} INFO - [2024-04-09T16:54:27.650+0000] {dag.py:3834} INFO - Setting next_dagrun for ecommerce_sales_pipeline to 2024-04-08 00:00:00+00:00, run_after=2024-04-09 00:00:00+00:00
[2024-04-09T16:54:27.723+0000] {processor.py:183} INFO - Processing /opt/airflow/dags/ecommerce_sales_pipeline.py took 2.442 seconds
