[2024-04-09T16:40:16.961+0000] {processor.py:161} INFO - Started process (PID=619) to work on /opt/airflow/dags/task_states_demo.py
[2024-04-09T16:40:16.962+0000] {processor.py:830} INFO - Processing file /opt/airflow/dags/task_states_demo.py for tasks to queue
[2024-04-09T16:40:16.965+0000] {logging_mixin.py:188} INFO - [2024-04-09T16:40:16.965+0000] {dagbag.py:540} INFO - Filling up the DagBag from /opt/airflow/dags/task_states_demo.py
[2024-04-09T16:40:16.980+0000] {logging_mixin.py:188} WARNING - /home/airflow/.local/lib/python3.8/site-packages/airflow/operators/bash.py:152 RemovedInAirflow3Warning: none_failed_or_skipped Trigger Rule is deprecated. Please use `none_failed_min_one_success`.
[2024-04-09T16:40:16.981+0000] {processor.py:840} INFO - DAG(s) 'task_states_demo' retrieved from /opt/airflow/dags/task_states_demo.py
[2024-04-09T16:40:17.046+0000] {logging_mixin.py:188} INFO - [2024-04-09T16:40:17.045+0000] {override.py:1769} INFO - Created Permission View: can read on DAG:task_states_demo
[2024-04-09T16:40:17.049+0000] {logging_mixin.py:188} INFO - [2024-04-09T16:40:17.049+0000] {override.py:1769} INFO - Created Permission View: can delete on DAG:task_states_demo
[2024-04-09T16:40:17.051+0000] {logging_mixin.py:188} INFO - [2024-04-09T16:40:17.051+0000] {override.py:1769} INFO - Created Permission View: can edit on DAG:task_states_demo
[2024-04-09T16:40:17.051+0000] {logging_mixin.py:188} INFO - [2024-04-09T16:40:17.051+0000] {dag.py:3047} INFO - Sync 1 DAGs
[2024-04-09T16:40:17.056+0000] {logging_mixin.py:188} INFO - [2024-04-09T16:40:17.056+0000] {dag.py:3069} INFO - Creating ORM DAG for task_states_demo
[2024-04-09T16:40:17.061+0000] {logging_mixin.py:188} INFO - [2024-04-09T16:40:17.061+0000] {dag.py:3834} INFO - Setting next_dagrun for task_states_demo to 2023-08-01 00:00:00+00:00, run_after=2023-08-02 00:00:00+00:00
[2024-04-09T16:40:17.067+0000] {processor.py:183} INFO - Processing /opt/airflow/dags/task_states_demo.py took 0.111 seconds
[2024-04-09T16:40:47.199+0000] {processor.py:161} INFO - Started process (PID=677) to work on /opt/airflow/dags/task_states_demo.py
[2024-04-09T16:40:47.201+0000] {processor.py:830} INFO - Processing file /opt/airflow/dags/task_states_demo.py for tasks to queue
[2024-04-09T16:40:47.204+0000] {logging_mixin.py:188} INFO - [2024-04-09T16:40:47.204+0000] {dagbag.py:540} INFO - Filling up the DagBag from /opt/airflow/dags/task_states_demo.py
[2024-04-09T16:40:47.236+0000] {logging_mixin.py:188} WARNING - /home/airflow/.local/lib/python3.8/site-packages/airflow/operators/bash.py:152 RemovedInAirflow3Warning: none_failed_or_skipped Trigger Rule is deprecated. Please use `none_failed_min_one_success`.
[2024-04-09T16:40:47.237+0000] {processor.py:840} INFO - DAG(s) 'task_states_demo' retrieved from /opt/airflow/dags/task_states_demo.py
[2024-04-09T16:40:47.255+0000] {logging_mixin.py:188} INFO - [2024-04-09T16:40:47.255+0000] {dag.py:3047} INFO - Sync 1 DAGs
[2024-04-09T16:40:47.267+0000] {logging_mixin.py:188} INFO - [2024-04-09T16:40:47.267+0000] {dag.py:3834} INFO - Setting next_dagrun for task_states_demo to 2023-08-01 00:00:00+00:00, run_after=2023-08-02 00:00:00+00:00
[2024-04-09T16:40:47.276+0000] {processor.py:183} INFO - Processing /opt/airflow/dags/task_states_demo.py took 0.086 seconds
[2024-04-09T16:41:17.390+0000] {processor.py:161} INFO - Started process (PID=734) to work on /opt/airflow/dags/task_states_demo.py
[2024-04-09T16:41:17.403+0000] {processor.py:830} INFO - Processing file /opt/airflow/dags/task_states_demo.py for tasks to queue
[2024-04-09T16:41:17.408+0000] {logging_mixin.py:188} INFO - [2024-04-09T16:41:17.407+0000] {dagbag.py:540} INFO - Filling up the DagBag from /opt/airflow/dags/task_states_demo.py
[2024-04-09T16:41:17.427+0000] {logging_mixin.py:188} WARNING - /home/airflow/.local/lib/python3.8/site-packages/airflow/operators/bash.py:152 RemovedInAirflow3Warning: none_failed_or_skipped Trigger Rule is deprecated. Please use `none_failed_min_one_success`.
[2024-04-09T16:41:17.428+0000] {processor.py:840} INFO - DAG(s) 'task_states_demo' retrieved from /opt/airflow/dags/task_states_demo.py
[2024-04-09T16:41:17.446+0000] {logging_mixin.py:188} INFO - [2024-04-09T16:41:17.446+0000] {dag.py:3047} INFO - Sync 1 DAGs
[2024-04-09T16:41:17.459+0000] {logging_mixin.py:188} INFO - [2024-04-09T16:41:17.458+0000] {dag.py:3834} INFO - Setting next_dagrun for task_states_demo to 2023-08-01 00:00:00+00:00, run_after=2023-08-02 00:00:00+00:00
[2024-04-09T16:41:17.467+0000] {processor.py:183} INFO - Processing /opt/airflow/dags/task_states_demo.py took 0.093 seconds
[2024-04-09T16:41:46.895+0000] {processor.py:161} INFO - Started process (PID=792) to work on /opt/airflow/dags/task_states_demo.py
[2024-04-09T16:41:46.897+0000] {processor.py:830} INFO - Processing file /opt/airflow/dags/task_states_demo.py for tasks to queue
[2024-04-09T16:41:46.901+0000] {logging_mixin.py:188} INFO - [2024-04-09T16:41:46.900+0000] {dagbag.py:540} INFO - Filling up the DagBag from /opt/airflow/dags/task_states_demo.py
[2024-04-09T16:41:46.923+0000] {logging_mixin.py:188} WARNING - /home/airflow/.local/lib/python3.8/site-packages/airflow/operators/bash.py:152 RemovedInAirflow3Warning: none_failed_or_skipped Trigger Rule is deprecated. Please use `none_failed_min_one_success`.
[2024-04-09T16:41:46.924+0000] {processor.py:840} INFO - DAG(s) 'task_states_demo' retrieved from /opt/airflow/dags/task_states_demo.py
[2024-04-09T16:41:46.993+0000] {logging_mixin.py:188} INFO - [2024-04-09T16:41:46.993+0000] {dag.py:3047} INFO - Sync 1 DAGs
[2024-04-09T16:41:47.003+0000] {logging_mixin.py:188} INFO - [2024-04-09T16:41:47.003+0000] {dag.py:3834} INFO - Setting next_dagrun for task_states_demo to 2023-08-01 00:00:00+00:00, run_after=2023-08-02 00:00:00+00:00
[2024-04-09T16:41:47.012+0000] {processor.py:183} INFO - Processing /opt/airflow/dags/task_states_demo.py took 0.124 seconds
[2024-04-09T16:42:17.542+0000] {processor.py:161} INFO - Started process (PID=850) to work on /opt/airflow/dags/task_states_demo.py
[2024-04-09T16:42:17.545+0000] {processor.py:830} INFO - Processing file /opt/airflow/dags/task_states_demo.py for tasks to queue
[2024-04-09T16:42:17.549+0000] {logging_mixin.py:188} INFO - [2024-04-09T16:42:17.549+0000] {dagbag.py:540} INFO - Filling up the DagBag from /opt/airflow/dags/task_states_demo.py
[2024-04-09T16:42:17.580+0000] {logging_mixin.py:188} WARNING - /home/airflow/.local/lib/python3.8/site-packages/airflow/operators/bash.py:152 RemovedInAirflow3Warning: none_failed_or_skipped Trigger Rule is deprecated. Please use `none_failed_min_one_success`.
[2024-04-09T16:42:17.581+0000] {processor.py:840} INFO - DAG(s) 'task_states_demo' retrieved from /opt/airflow/dags/task_states_demo.py
[2024-04-09T16:42:17.601+0000] {logging_mixin.py:188} INFO - [2024-04-09T16:42:17.601+0000] {dag.py:3047} INFO - Sync 1 DAGs
[2024-04-09T16:42:17.614+0000] {logging_mixin.py:188} INFO - [2024-04-09T16:42:17.614+0000] {dag.py:3834} INFO - Setting next_dagrun for task_states_demo to 2023-08-01 00:00:00+00:00, run_after=2023-08-02 00:00:00+00:00
[2024-04-09T16:42:17.622+0000] {processor.py:183} INFO - Processing /opt/airflow/dags/task_states_demo.py took 0.090 seconds
[2024-04-09T16:42:48.386+0000] {processor.py:161} INFO - Started process (PID=908) to work on /opt/airflow/dags/task_states_demo.py
[2024-04-09T16:42:48.389+0000] {processor.py:830} INFO - Processing file /opt/airflow/dags/task_states_demo.py for tasks to queue
[2024-04-09T16:42:48.399+0000] {logging_mixin.py:188} INFO - [2024-04-09T16:42:48.398+0000] {dagbag.py:540} INFO - Filling up the DagBag from /opt/airflow/dags/task_states_demo.py
[2024-04-09T16:42:48.426+0000] {logging_mixin.py:188} WARNING - /home/airflow/.local/lib/python3.8/site-packages/airflow/operators/bash.py:152 RemovedInAirflow3Warning: none_failed_or_skipped Trigger Rule is deprecated. Please use `none_failed_min_one_success`.
[2024-04-09T16:42:48.427+0000] {processor.py:840} INFO - DAG(s) 'task_states_demo' retrieved from /opt/airflow/dags/task_states_demo.py
[2024-04-09T16:42:48.446+0000] {logging_mixin.py:188} INFO - [2024-04-09T16:42:48.446+0000] {dag.py:3047} INFO - Sync 1 DAGs
[2024-04-09T16:42:48.465+0000] {logging_mixin.py:188} INFO - [2024-04-09T16:42:48.465+0000] {dag.py:3834} INFO - Setting next_dagrun for task_states_demo to 2023-08-01 00:00:00+00:00, run_after=2023-08-02 00:00:00+00:00
[2024-04-09T16:42:48.476+0000] {processor.py:183} INFO - Processing /opt/airflow/dags/task_states_demo.py took 0.100 seconds
[2024-04-09T16:43:19.131+0000] {processor.py:161} INFO - Started process (PID=966) to work on /opt/airflow/dags/task_states_demo.py
[2024-04-09T16:43:19.132+0000] {processor.py:830} INFO - Processing file /opt/airflow/dags/task_states_demo.py for tasks to queue
[2024-04-09T16:43:19.135+0000] {logging_mixin.py:188} INFO - [2024-04-09T16:43:19.135+0000] {dagbag.py:540} INFO - Filling up the DagBag from /opt/airflow/dags/task_states_demo.py
[2024-04-09T16:43:19.148+0000] {logging_mixin.py:188} WARNING - /home/airflow/.local/lib/python3.8/site-packages/airflow/operators/bash.py:152 RemovedInAirflow3Warning: none_failed_or_skipped Trigger Rule is deprecated. Please use `none_failed_min_one_success`.
[2024-04-09T16:43:19.149+0000] {processor.py:840} INFO - DAG(s) 'task_states_demo' retrieved from /opt/airflow/dags/task_states_demo.py
[2024-04-09T16:43:19.164+0000] {logging_mixin.py:188} INFO - [2024-04-09T16:43:19.164+0000] {dag.py:3047} INFO - Sync 1 DAGs
[2024-04-09T16:43:19.180+0000] {logging_mixin.py:188} INFO - [2024-04-09T16:43:19.180+0000] {dag.py:3834} INFO - Setting next_dagrun for task_states_demo to 2023-08-01 00:00:00+00:00, run_after=2023-08-02 00:00:00+00:00
[2024-04-09T16:43:19.196+0000] {processor.py:183} INFO - Processing /opt/airflow/dags/task_states_demo.py took 0.070 seconds
[2024-04-09T16:43:49.251+0000] {processor.py:161} INFO - Started process (PID=1024) to work on /opt/airflow/dags/task_states_demo.py
[2024-04-09T16:43:49.252+0000] {processor.py:830} INFO - Processing file /opt/airflow/dags/task_states_demo.py for tasks to queue
[2024-04-09T16:43:49.256+0000] {logging_mixin.py:188} INFO - [2024-04-09T16:43:49.255+0000] {dagbag.py:540} INFO - Filling up the DagBag from /opt/airflow/dags/task_states_demo.py
[2024-04-09T16:43:49.271+0000] {logging_mixin.py:188} WARNING - /home/airflow/.local/lib/python3.8/site-packages/airflow/operators/bash.py:152 RemovedInAirflow3Warning: none_failed_or_skipped Trigger Rule is deprecated. Please use `none_failed_min_one_success`.
[2024-04-09T16:43:49.272+0000] {processor.py:840} INFO - DAG(s) 'task_states_demo' retrieved from /opt/airflow/dags/task_states_demo.py
[2024-04-09T16:43:49.291+0000] {logging_mixin.py:188} INFO - [2024-04-09T16:43:49.291+0000] {dag.py:3047} INFO - Sync 1 DAGs
[2024-04-09T16:43:49.304+0000] {logging_mixin.py:188} INFO - [2024-04-09T16:43:49.303+0000] {dag.py:3834} INFO - Setting next_dagrun for task_states_demo to 2023-08-01 00:00:00+00:00, run_after=2023-08-02 00:00:00+00:00
[2024-04-09T16:43:49.315+0000] {processor.py:183} INFO - Processing /opt/airflow/dags/task_states_demo.py took 0.071 seconds
[2024-04-09T16:44:19.473+0000] {processor.py:161} INFO - Started process (PID=1082) to work on /opt/airflow/dags/task_states_demo.py
[2024-04-09T16:44:19.475+0000] {processor.py:830} INFO - Processing file /opt/airflow/dags/task_states_demo.py for tasks to queue
[2024-04-09T16:44:19.478+0000] {logging_mixin.py:188} INFO - [2024-04-09T16:44:19.478+0000] {dagbag.py:540} INFO - Filling up the DagBag from /opt/airflow/dags/task_states_demo.py
[2024-04-09T16:44:19.494+0000] {logging_mixin.py:188} WARNING - /home/airflow/.local/lib/python3.8/site-packages/airflow/operators/bash.py:152 RemovedInAirflow3Warning: none_failed_or_skipped Trigger Rule is deprecated. Please use `none_failed_min_one_success`.
[2024-04-09T16:44:19.495+0000] {processor.py:840} INFO - DAG(s) 'task_states_demo' retrieved from /opt/airflow/dags/task_states_demo.py
[2024-04-09T16:44:19.518+0000] {logging_mixin.py:188} INFO - [2024-04-09T16:44:19.518+0000] {dag.py:3047} INFO - Sync 1 DAGs
[2024-04-09T16:44:19.530+0000] {logging_mixin.py:188} INFO - [2024-04-09T16:44:19.529+0000] {dag.py:3834} INFO - Setting next_dagrun for task_states_demo to 2023-08-01 00:00:00+00:00, run_after=2023-08-02 00:00:00+00:00
[2024-04-09T16:44:19.538+0000] {processor.py:183} INFO - Processing /opt/airflow/dags/task_states_demo.py took 0.072 seconds
[2024-04-09T16:44:49.819+0000] {processor.py:161} INFO - Started process (PID=1140) to work on /opt/airflow/dags/task_states_demo.py
[2024-04-09T16:44:49.823+0000] {processor.py:830} INFO - Processing file /opt/airflow/dags/task_states_demo.py for tasks to queue
[2024-04-09T16:44:49.828+0000] {logging_mixin.py:188} INFO - [2024-04-09T16:44:49.828+0000] {dagbag.py:540} INFO - Filling up the DagBag from /opt/airflow/dags/task_states_demo.py
[2024-04-09T16:44:49.844+0000] {logging_mixin.py:188} WARNING - /home/airflow/.local/lib/python3.8/site-packages/airflow/operators/bash.py:152 RemovedInAirflow3Warning: none_failed_or_skipped Trigger Rule is deprecated. Please use `none_failed_min_one_success`.
[2024-04-09T16:44:49.845+0000] {processor.py:840} INFO - DAG(s) 'task_states_demo' retrieved from /opt/airflow/dags/task_states_demo.py
[2024-04-09T16:44:49.892+0000] {logging_mixin.py:188} INFO - [2024-04-09T16:44:49.891+0000] {dag.py:3047} INFO - Sync 1 DAGs
[2024-04-09T16:44:49.909+0000] {logging_mixin.py:188} INFO - [2024-04-09T16:44:49.909+0000] {dag.py:3834} INFO - Setting next_dagrun for task_states_demo to 2023-08-01 00:00:00+00:00, run_after=2023-08-02 00:00:00+00:00
[2024-04-09T16:44:49.921+0000] {processor.py:183} INFO - Processing /opt/airflow/dags/task_states_demo.py took 0.108 seconds
[2024-04-09T16:45:20.142+0000] {processor.py:161} INFO - Started process (PID=1198) to work on /opt/airflow/dags/task_states_demo.py
[2024-04-09T16:45:20.144+0000] {processor.py:830} INFO - Processing file /opt/airflow/dags/task_states_demo.py for tasks to queue
[2024-04-09T16:45:20.148+0000] {logging_mixin.py:188} INFO - [2024-04-09T16:45:20.148+0000] {dagbag.py:540} INFO - Filling up the DagBag from /opt/airflow/dags/task_states_demo.py
[2024-04-09T16:45:20.167+0000] {logging_mixin.py:188} INFO - [2024-04-09T16:45:20.165+0000] {dagbag.py:350} ERROR - Failed to import: /opt/airflow/dags/task_states_demo.py
Traceback (most recent call last):
  File "/home/airflow/.local/lib/python3.8/site-packages/airflow/models/dagbag.py", line 346, in parse
    loader.exec_module(new_module)
  File "<frozen importlib._bootstrap_external>", line 839, in exec_module
  File "<frozen importlib._bootstrap_external>", line 976, in get_code
  File "<frozen importlib._bootstrap_external>", line 906, in source_to_code
  File "<frozen importlib._bootstrap>", line 219, in _call_with_frames_removed
  File "/opt/airflow/dags/task_states_demo.py", line 52
    successful_task >> failed_task >> skipped_task >>
                                                     ^
SyntaxError: invalid syntax
[2024-04-09T16:45:20.167+0000] {processor.py:842} WARNING - No viable dags retrieved from /opt/airflow/dags/task_states_demo.py
[2024-04-09T16:45:20.197+0000] {processor.py:183} INFO - Processing /opt/airflow/dags/task_states_demo.py took 0.060 seconds
[2024-04-09T16:45:22.192+0000] {processor.py:161} INFO - Started process (PID=1199) to work on /opt/airflow/dags/task_states_demo.py
[2024-04-09T16:45:22.197+0000] {processor.py:830} INFO - Processing file /opt/airflow/dags/task_states_demo.py for tasks to queue
[2024-04-09T16:45:22.206+0000] {logging_mixin.py:188} INFO - [2024-04-09T16:45:22.204+0000] {dagbag.py:540} INFO - Filling up the DagBag from /opt/airflow/dags/task_states_demo.py
[2024-04-09T16:45:22.223+0000] {logging_mixin.py:188} WARNING - /home/airflow/.local/lib/python3.8/site-packages/airflow/operators/bash.py:152 RemovedInAirflow3Warning: none_failed_or_skipped Trigger Rule is deprecated. Please use `none_failed_min_one_success`.
[2024-04-09T16:45:22.225+0000] {logging_mixin.py:188} INFO - [2024-04-09T16:45:22.224+0000] {dagbag.py:447} ERROR - Failed to bag_dag: /opt/airflow/dags/task_states_demo.py
Traceback (most recent call last):
  File "/home/airflow/.local/lib/python3.8/site-packages/airflow/models/dagbag.py", line 443, in _process_modules
    self.bag_dag(dag=dag, root_dag=dag)
  File "/home/airflow/.local/lib/python3.8/site-packages/airflow/models/dagbag.py", line 462, in bag_dag
    self._bag_dag(dag=dag, root_dag=root_dag, recursive=True)
  File "/home/airflow/.local/lib/python3.8/site-packages/airflow/models/dagbag.py", line 470, in _bag_dag
    check_cycle(dag)  # throws if a task cycle is found
  File "/home/airflow/.local/lib/python3.8/site-packages/airflow/utils/dag_cycle_tester.py", line 79, in check_cycle
    child_to_check = _check_adjacent_tasks(current_task_id, task)
  File "/home/airflow/.local/lib/python3.8/site-packages/airflow/utils/dag_cycle_tester.py", line 65, in _check_adjacent_tasks
    raise AirflowDagCycleException(msg)
airflow.exceptions.AirflowDagCycleException: Cycle detected in DAG: task_states_demo. Faulty task: skipped_task
[2024-04-09T16:45:22.226+0000] {processor.py:842} WARNING - No viable dags retrieved from /opt/airflow/dags/task_states_demo.py
[2024-04-09T16:45:22.252+0000] {processor.py:183} INFO - Processing /opt/airflow/dags/task_states_demo.py took 0.067 seconds
[2024-04-09T16:45:33.024+0000] {processor.py:161} INFO - Started process (PID=1254) to work on /opt/airflow/dags/task_states_demo.py
[2024-04-09T16:45:33.025+0000] {processor.py:830} INFO - Processing file /opt/airflow/dags/task_states_demo.py for tasks to queue
[2024-04-09T16:45:33.028+0000] {logging_mixin.py:188} INFO - [2024-04-09T16:45:33.027+0000] {dagbag.py:540} INFO - Filling up the DagBag from /opt/airflow/dags/task_states_demo.py
[2024-04-09T16:45:33.048+0000] {logging_mixin.py:188} WARNING - /home/airflow/.local/lib/python3.8/site-packages/airflow/operators/bash.py:152 RemovedInAirflow3Warning: none_failed_or_skipped Trigger Rule is deprecated. Please use `none_failed_min_one_success`.
[2024-04-09T16:45:33.051+0000] {logging_mixin.py:188} INFO - [2024-04-09T16:45:33.049+0000] {dagbag.py:447} ERROR - Failed to bag_dag: /opt/airflow/dags/task_states_demo.py
Traceback (most recent call last):
  File "/home/airflow/.local/lib/python3.8/site-packages/airflow/models/dagbag.py", line 443, in _process_modules
    self.bag_dag(dag=dag, root_dag=dag)
  File "/home/airflow/.local/lib/python3.8/site-packages/airflow/models/dagbag.py", line 462, in bag_dag
    self._bag_dag(dag=dag, root_dag=root_dag, recursive=True)
  File "/home/airflow/.local/lib/python3.8/site-packages/airflow/models/dagbag.py", line 470, in _bag_dag
    check_cycle(dag)  # throws if a task cycle is found
  File "/home/airflow/.local/lib/python3.8/site-packages/airflow/utils/dag_cycle_tester.py", line 79, in check_cycle
    child_to_check = _check_adjacent_tasks(current_task_id, task)
  File "/home/airflow/.local/lib/python3.8/site-packages/airflow/utils/dag_cycle_tester.py", line 65, in _check_adjacent_tasks
    raise AirflowDagCycleException(msg)
airflow.exceptions.AirflowDagCycleException: Cycle detected in DAG: task_states_demo. Faulty task: skipped_task
[2024-04-09T16:45:33.051+0000] {processor.py:842} WARNING - No viable dags retrieved from /opt/airflow/dags/task_states_demo.py
[2024-04-09T16:45:33.067+0000] {processor.py:183} INFO - Processing /opt/airflow/dags/task_states_demo.py took 0.048 seconds
[2024-04-09T16:45:36.162+0000] {processor.py:161} INFO - Started process (PID=1255) to work on /opt/airflow/dags/task_states_demo.py
[2024-04-09T16:45:36.165+0000] {processor.py:830} INFO - Processing file /opt/airflow/dags/task_states_demo.py for tasks to queue
[2024-04-09T16:45:36.172+0000] {logging_mixin.py:188} INFO - [2024-04-09T16:45:36.171+0000] {dagbag.py:540} INFO - Filling up the DagBag from /opt/airflow/dags/task_states_demo.py
[2024-04-09T16:45:36.219+0000] {logging_mixin.py:188} WARNING - /home/airflow/.local/lib/python3.8/site-packages/airflow/operators/bash.py:152 RemovedInAirflow3Warning: none_failed_or_skipped Trigger Rule is deprecated. Please use `none_failed_min_one_success`.
[2024-04-09T16:45:36.220+0000] {logging_mixin.py:188} INFO - [2024-04-09T16:45:36.220+0000] {dagbag.py:447} ERROR - Failed to bag_dag: /opt/airflow/dags/task_states_demo.py
Traceback (most recent call last):
  File "/home/airflow/.local/lib/python3.8/site-packages/airflow/models/dagbag.py", line 443, in _process_modules
    self.bag_dag(dag=dag, root_dag=dag)
  File "/home/airflow/.local/lib/python3.8/site-packages/airflow/models/dagbag.py", line 462, in bag_dag
    self._bag_dag(dag=dag, root_dag=root_dag, recursive=True)
  File "/home/airflow/.local/lib/python3.8/site-packages/airflow/models/dagbag.py", line 470, in _bag_dag
    check_cycle(dag)  # throws if a task cycle is found
  File "/home/airflow/.local/lib/python3.8/site-packages/airflow/utils/dag_cycle_tester.py", line 79, in check_cycle
    child_to_check = _check_adjacent_tasks(current_task_id, task)
  File "/home/airflow/.local/lib/python3.8/site-packages/airflow/utils/dag_cycle_tester.py", line 65, in _check_adjacent_tasks
    raise AirflowDagCycleException(msg)
airflow.exceptions.AirflowDagCycleException: Cycle detected in DAG: task_states_demo. Faulty task: skipped_task
[2024-04-09T16:45:36.220+0000] {processor.py:842} WARNING - No viable dags retrieved from /opt/airflow/dags/task_states_demo.py
[2024-04-09T16:45:36.249+0000] {processor.py:183} INFO - Processing /opt/airflow/dags/task_states_demo.py took 0.100 seconds
[2024-04-09T16:45:38.309+0000] {processor.py:161} INFO - Started process (PID=1256) to work on /opt/airflow/dags/task_states_demo.py
[2024-04-09T16:45:38.311+0000] {processor.py:830} INFO - Processing file /opt/airflow/dags/task_states_demo.py for tasks to queue
[2024-04-09T16:45:38.314+0000] {logging_mixin.py:188} INFO - [2024-04-09T16:45:38.314+0000] {dagbag.py:540} INFO - Filling up the DagBag from /opt/airflow/dags/task_states_demo.py
[2024-04-09T16:45:38.345+0000] {logging_mixin.py:188} WARNING - /home/airflow/.local/lib/python3.8/site-packages/airflow/operators/bash.py:152 RemovedInAirflow3Warning: none_failed_or_skipped Trigger Rule is deprecated. Please use `none_failed_min_one_success`.
[2024-04-09T16:45:38.348+0000] {logging_mixin.py:188} INFO - [2024-04-09T16:45:38.346+0000] {dagbag.py:350} ERROR - Failed to import: /opt/airflow/dags/task_states_demo.py
Traceback (most recent call last):
  File "/home/airflow/.local/lib/python3.8/site-packages/airflow/models/dagbag.py", line 346, in parse
    loader.exec_module(new_module)
  File "<frozen importlib._bootstrap_external>", line 843, in exec_module
  File "<frozen importlib._bootstrap>", line 219, in _call_with_frames_removed
  File "/opt/airflow/dags/task_states_demo.py", line 52, in <module>
    successful_task >> failed_task >> skipped_task >> [successful_task,su]
NameError: name 'su' is not defined
[2024-04-09T16:45:38.348+0000] {processor.py:842} WARNING - No viable dags retrieved from /opt/airflow/dags/task_states_demo.py
[2024-04-09T16:45:38.364+0000] {processor.py:183} INFO - Processing /opt/airflow/dags/task_states_demo.py took 0.064 seconds
[2024-04-09T16:45:40.387+0000] {processor.py:161} INFO - Started process (PID=1257) to work on /opt/airflow/dags/task_states_demo.py
[2024-04-09T16:45:40.395+0000] {processor.py:830} INFO - Processing file /opt/airflow/dags/task_states_demo.py for tasks to queue
[2024-04-09T16:45:40.412+0000] {logging_mixin.py:188} INFO - [2024-04-09T16:45:40.408+0000] {dagbag.py:540} INFO - Filling up the DagBag from /opt/airflow/dags/task_states_demo.py
[2024-04-09T16:45:40.434+0000] {logging_mixin.py:188} WARNING - /home/airflow/.local/lib/python3.8/site-packages/airflow/operators/bash.py:152 RemovedInAirflow3Warning: none_failed_or_skipped Trigger Rule is deprecated. Please use `none_failed_min_one_success`.
[2024-04-09T16:45:40.437+0000] {logging_mixin.py:188} INFO - [2024-04-09T16:45:40.436+0000] {dagbag.py:447} ERROR - Failed to bag_dag: /opt/airflow/dags/task_states_demo.py
Traceback (most recent call last):
  File "/home/airflow/.local/lib/python3.8/site-packages/airflow/models/dagbag.py", line 443, in _process_modules
    self.bag_dag(dag=dag, root_dag=dag)
  File "/home/airflow/.local/lib/python3.8/site-packages/airflow/models/dagbag.py", line 462, in bag_dag
    self._bag_dag(dag=dag, root_dag=root_dag, recursive=True)
  File "/home/airflow/.local/lib/python3.8/site-packages/airflow/models/dagbag.py", line 470, in _bag_dag
    check_cycle(dag)  # throws if a task cycle is found
  File "/home/airflow/.local/lib/python3.8/site-packages/airflow/utils/dag_cycle_tester.py", line 79, in check_cycle
    child_to_check = _check_adjacent_tasks(current_task_id, task)
  File "/home/airflow/.local/lib/python3.8/site-packages/airflow/utils/dag_cycle_tester.py", line 65, in _check_adjacent_tasks
    raise AirflowDagCycleException(msg)
airflow.exceptions.AirflowDagCycleException: Cycle detected in DAG: task_states_demo. Faulty task: skipped_task
[2024-04-09T16:45:40.437+0000] {processor.py:842} WARNING - No viable dags retrieved from /opt/airflow/dags/task_states_demo.py
[2024-04-09T16:45:40.472+0000] {processor.py:183} INFO - Processing /opt/airflow/dags/task_states_demo.py took 0.096 seconds
[2024-04-09T16:45:42.543+0000] {processor.py:161} INFO - Started process (PID=1260) to work on /opt/airflow/dags/task_states_demo.py
[2024-04-09T16:45:42.545+0000] {processor.py:830} INFO - Processing file /opt/airflow/dags/task_states_demo.py for tasks to queue
[2024-04-09T16:45:42.551+0000] {logging_mixin.py:188} INFO - [2024-04-09T16:45:42.550+0000] {dagbag.py:540} INFO - Filling up the DagBag from /opt/airflow/dags/task_states_demo.py
[2024-04-09T16:45:42.564+0000] {logging_mixin.py:188} INFO - [2024-04-09T16:45:42.563+0000] {dagbag.py:350} ERROR - Failed to import: /opt/airflow/dags/task_states_demo.py
Traceback (most recent call last):
  File "/home/airflow/.local/lib/python3.8/site-packages/airflow/models/dagbag.py", line 346, in parse
    loader.exec_module(new_module)
  File "<frozen importlib._bootstrap_external>", line 839, in exec_module
  File "<frozen importlib._bootstrap_external>", line 976, in get_code
  File "<frozen importlib._bootstrap_external>", line 906, in source_to_code
  File "<frozen importlib._bootstrap>", line 219, in _call_with_frames_removed
  File "/opt/airflow/dags/task_states_demo.py", line 52
    successful_task >> failed_task >> skipped_task >> [successful_task,skipped_task] >>
                                                                                       ^
SyntaxError: invalid syntax
[2024-04-09T16:45:42.565+0000] {processor.py:842} WARNING - No viable dags retrieved from /opt/airflow/dags/task_states_demo.py
[2024-04-09T16:45:42.593+0000] {processor.py:183} INFO - Processing /opt/airflow/dags/task_states_demo.py took 0.057 seconds
[2024-04-09T16:45:44.590+0000] {processor.py:161} INFO - Started process (PID=1261) to work on /opt/airflow/dags/task_states_demo.py
[2024-04-09T16:45:44.591+0000] {processor.py:830} INFO - Processing file /opt/airflow/dags/task_states_demo.py for tasks to queue
[2024-04-09T16:45:44.593+0000] {logging_mixin.py:188} INFO - [2024-04-09T16:45:44.593+0000] {dagbag.py:540} INFO - Filling up the DagBag from /opt/airflow/dags/task_states_demo.py
[2024-04-09T16:45:44.616+0000] {logging_mixin.py:188} WARNING - /home/airflow/.local/lib/python3.8/site-packages/airflow/operators/bash.py:152 RemovedInAirflow3Warning: none_failed_or_skipped Trigger Rule is deprecated. Please use `none_failed_min_one_success`.
[2024-04-09T16:45:44.619+0000] {logging_mixin.py:188} INFO - [2024-04-09T16:45:44.618+0000] {dagbag.py:447} ERROR - Failed to bag_dag: /opt/airflow/dags/task_states_demo.py
Traceback (most recent call last):
  File "/home/airflow/.local/lib/python3.8/site-packages/airflow/models/dagbag.py", line 443, in _process_modules
    self.bag_dag(dag=dag, root_dag=dag)
  File "/home/airflow/.local/lib/python3.8/site-packages/airflow/models/dagbag.py", line 462, in bag_dag
    self._bag_dag(dag=dag, root_dag=root_dag, recursive=True)
  File "/home/airflow/.local/lib/python3.8/site-packages/airflow/models/dagbag.py", line 470, in _bag_dag
    check_cycle(dag)  # throws if a task cycle is found
  File "/home/airflow/.local/lib/python3.8/site-packages/airflow/utils/dag_cycle_tester.py", line 79, in check_cycle
    child_to_check = _check_adjacent_tasks(current_task_id, task)
  File "/home/airflow/.local/lib/python3.8/site-packages/airflow/utils/dag_cycle_tester.py", line 65, in _check_adjacent_tasks
    raise AirflowDagCycleException(msg)
airflow.exceptions.AirflowDagCycleException: Cycle detected in DAG: task_states_demo. Faulty task: successful_task
[2024-04-09T16:45:44.619+0000] {processor.py:842} WARNING - No viable dags retrieved from /opt/airflow/dags/task_states_demo.py
[2024-04-09T16:45:44.636+0000] {processor.py:183} INFO - Processing /opt/airflow/dags/task_states_demo.py took 0.051 seconds
[2024-04-09T16:46:07.615+0000] {processor.py:161} INFO - Started process (PID=1317) to work on /opt/airflow/dags/task_states_demo.py
[2024-04-09T16:46:07.617+0000] {processor.py:830} INFO - Processing file /opt/airflow/dags/task_states_demo.py for tasks to queue
[2024-04-09T16:46:07.619+0000] {logging_mixin.py:188} INFO - [2024-04-09T16:46:07.618+0000] {dagbag.py:540} INFO - Filling up the DagBag from /opt/airflow/dags/task_states_demo.py
[2024-04-09T16:46:07.637+0000] {logging_mixin.py:188} WARNING - /home/airflow/.local/lib/python3.8/site-packages/airflow/operators/bash.py:152 RemovedInAirflow3Warning: none_failed_or_skipped Trigger Rule is deprecated. Please use `none_failed_min_one_success`.
[2024-04-09T16:46:07.639+0000] {processor.py:840} INFO - DAG(s) 'task_states_demo' retrieved from /opt/airflow/dags/task_states_demo.py
[2024-04-09T16:46:07.653+0000] {logging_mixin.py:188} INFO - [2024-04-09T16:46:07.653+0000] {dag.py:3047} INFO - Sync 1 DAGs
[2024-04-09T16:46:07.669+0000] {logging_mixin.py:188} INFO - [2024-04-09T16:46:07.668+0000] {dag.py:3834} INFO - Setting next_dagrun for task_states_demo to 2023-08-01 00:00:00+00:00, run_after=2023-08-02 00:00:00+00:00
[2024-04-09T16:46:07.678+0000] {processor.py:183} INFO - Processing /opt/airflow/dags/task_states_demo.py took 0.067 seconds
[2024-04-09T16:46:38.393+0000] {processor.py:161} INFO - Started process (PID=1379) to work on /opt/airflow/dags/task_states_demo.py
[2024-04-09T16:46:38.395+0000] {processor.py:830} INFO - Processing file /opt/airflow/dags/task_states_demo.py for tasks to queue
[2024-04-09T16:46:38.398+0000] {logging_mixin.py:188} INFO - [2024-04-09T16:46:38.398+0000] {dagbag.py:540} INFO - Filling up the DagBag from /opt/airflow/dags/task_states_demo.py
[2024-04-09T16:46:38.451+0000] {logging_mixin.py:188} WARNING - /home/airflow/.local/lib/python3.8/site-packages/airflow/operators/bash.py:152 RemovedInAirflow3Warning: none_failed_or_skipped Trigger Rule is deprecated. Please use `none_failed_min_one_success`.
[2024-04-09T16:46:38.452+0000] {processor.py:840} INFO - DAG(s) 'task_states_demo' retrieved from /opt/airflow/dags/task_states_demo.py
[2024-04-09T16:46:38.498+0000] {logging_mixin.py:188} INFO - [2024-04-09T16:46:38.497+0000] {dag.py:3047} INFO - Sync 1 DAGs
[2024-04-09T16:46:38.594+0000] {processor.py:183} INFO - Processing /opt/airflow/dags/task_states_demo.py took 0.211 seconds
[2024-04-09T16:47:10.118+0000] {processor.py:161} INFO - Started process (PID=1460) to work on /opt/airflow/dags/task_states_demo.py
[2024-04-09T16:47:10.123+0000] {processor.py:830} INFO - Processing file /opt/airflow/dags/task_states_demo.py for tasks to queue
[2024-04-09T16:47:10.128+0000] {logging_mixin.py:188} INFO - [2024-04-09T16:47:10.127+0000] {dagbag.py:540} INFO - Filling up the DagBag from /opt/airflow/dags/task_states_demo.py
[2024-04-09T16:47:10.199+0000] {logging_mixin.py:188} WARNING - /home/airflow/.local/lib/python3.8/site-packages/airflow/operators/bash.py:152 RemovedInAirflow3Warning: none_failed_or_skipped Trigger Rule is deprecated. Please use `none_failed_min_one_success`.
[2024-04-09T16:47:10.201+0000] {processor.py:840} INFO - DAG(s) 'task_states_demo' retrieved from /opt/airflow/dags/task_states_demo.py
[2024-04-09T16:47:10.269+0000] {logging_mixin.py:188} INFO - [2024-04-09T16:47:10.269+0000] {dag.py:3047} INFO - Sync 1 DAGs
[2024-04-09T16:47:10.342+0000] {processor.py:183} INFO - Processing /opt/airflow/dags/task_states_demo.py took 0.230 seconds
[2024-04-09T16:47:47.051+0000] {processor.py:161} INFO - Started process (PID=1529) to work on /opt/airflow/dags/task_states_demo.py
[2024-04-09T16:47:47.055+0000] {processor.py:830} INFO - Processing file /opt/airflow/dags/task_states_demo.py for tasks to queue
[2024-04-09T16:47:47.061+0000] {logging_mixin.py:188} INFO - [2024-04-09T16:47:47.061+0000] {dagbag.py:540} INFO - Filling up the DagBag from /opt/airflow/dags/task_states_demo.py
[2024-04-09T16:47:47.104+0000] {logging_mixin.py:188} WARNING - /home/airflow/.local/lib/python3.8/site-packages/airflow/operators/bash.py:152 RemovedInAirflow3Warning: none_failed_or_skipped Trigger Rule is deprecated. Please use `none_failed_min_one_success`.
[2024-04-09T16:47:47.109+0000] {processor.py:840} INFO - DAG(s) 'task_states_demo' retrieved from /opt/airflow/dags/task_states_demo.py
[2024-04-09T16:47:47.188+0000] {logging_mixin.py:188} INFO - [2024-04-09T16:47:47.187+0000] {dag.py:3047} INFO - Sync 1 DAGs
[2024-04-09T16:47:47.293+0000] {processor.py:183} INFO - Processing /opt/airflow/dags/task_states_demo.py took 0.249 seconds
[2024-04-09T16:48:17.339+0000] {processor.py:161} INFO - Started process (PID=1586) to work on /opt/airflow/dags/task_states_demo.py
[2024-04-09T16:48:17.339+0000] {processor.py:830} INFO - Processing file /opt/airflow/dags/task_states_demo.py for tasks to queue
[2024-04-09T16:48:17.340+0000] {logging_mixin.py:188} INFO - [2024-04-09T16:48:17.340+0000] {dagbag.py:540} INFO - Filling up the DagBag from /opt/airflow/dags/task_states_demo.py
[2024-04-09T16:48:17.347+0000] {logging_mixin.py:188} WARNING - /home/airflow/.local/lib/python3.8/site-packages/airflow/operators/bash.py:152 RemovedInAirflow3Warning: none_failed_or_skipped Trigger Rule is deprecated. Please use `none_failed_min_one_success`.
[2024-04-09T16:48:17.347+0000] {processor.py:840} INFO - DAG(s) 'task_states_demo' retrieved from /opt/airflow/dags/task_states_demo.py
[2024-04-09T16:48:17.356+0000] {logging_mixin.py:188} INFO - [2024-04-09T16:48:17.355+0000] {dag.py:3047} INFO - Sync 1 DAGs
[2024-04-09T16:48:17.371+0000] {processor.py:183} INFO - Processing /opt/airflow/dags/task_states_demo.py took 0.034 seconds
[2024-04-09T16:48:47.471+0000] {processor.py:161} INFO - Started process (PID=1637) to work on /opt/airflow/dags/task_states_demo.py
[2024-04-09T16:48:47.474+0000] {processor.py:830} INFO - Processing file /opt/airflow/dags/task_states_demo.py for tasks to queue
[2024-04-09T16:48:47.476+0000] {logging_mixin.py:188} INFO - [2024-04-09T16:48:47.476+0000] {dagbag.py:540} INFO - Filling up the DagBag from /opt/airflow/dags/task_states_demo.py
[2024-04-09T16:48:47.496+0000] {logging_mixin.py:188} WARNING - /home/airflow/.local/lib/python3.8/site-packages/airflow/operators/bash.py:152 RemovedInAirflow3Warning: none_failed_or_skipped Trigger Rule is deprecated. Please use `none_failed_min_one_success`.
[2024-04-09T16:48:47.497+0000] {processor.py:840} INFO - DAG(s) 'task_states_demo' retrieved from /opt/airflow/dags/task_states_demo.py
[2024-04-09T16:48:47.515+0000] {logging_mixin.py:188} INFO - [2024-04-09T16:48:47.515+0000] {dag.py:3047} INFO - Sync 1 DAGs
[2024-04-09T16:48:47.535+0000] {processor.py:183} INFO - Processing /opt/airflow/dags/task_states_demo.py took 0.066 seconds
[2024-04-09T16:49:17.730+0000] {processor.py:161} INFO - Started process (PID=1694) to work on /opt/airflow/dags/task_states_demo.py
[2024-04-09T16:49:17.731+0000] {processor.py:830} INFO - Processing file /opt/airflow/dags/task_states_demo.py for tasks to queue
[2024-04-09T16:49:17.734+0000] {logging_mixin.py:188} INFO - [2024-04-09T16:49:17.733+0000] {dagbag.py:540} INFO - Filling up the DagBag from /opt/airflow/dags/task_states_demo.py
[2024-04-09T16:49:17.746+0000] {logging_mixin.py:188} WARNING - /home/airflow/.local/lib/python3.8/site-packages/airflow/operators/bash.py:152 RemovedInAirflow3Warning: none_failed_or_skipped Trigger Rule is deprecated. Please use `none_failed_min_one_success`.
[2024-04-09T16:49:17.747+0000] {processor.py:840} INFO - DAG(s) 'task_states_demo' retrieved from /opt/airflow/dags/task_states_demo.py
[2024-04-09T16:49:17.761+0000] {logging_mixin.py:188} INFO - [2024-04-09T16:49:17.761+0000] {dag.py:3047} INFO - Sync 1 DAGs
[2024-04-09T16:49:17.780+0000] {processor.py:183} INFO - Processing /opt/airflow/dags/task_states_demo.py took 0.053 seconds
[2024-04-09T16:49:48.657+0000] {processor.py:161} INFO - Started process (PID=1751) to work on /opt/airflow/dags/task_states_demo.py
[2024-04-09T16:49:48.658+0000] {processor.py:830} INFO - Processing file /opt/airflow/dags/task_states_demo.py for tasks to queue
[2024-04-09T16:49:48.659+0000] {logging_mixin.py:188} INFO - [2024-04-09T16:49:48.659+0000] {dagbag.py:540} INFO - Filling up the DagBag from /opt/airflow/dags/task_states_demo.py
[2024-04-09T16:49:48.667+0000] {logging_mixin.py:188} WARNING - /home/airflow/.local/lib/python3.8/site-packages/airflow/operators/bash.py:152 RemovedInAirflow3Warning: none_failed_or_skipped Trigger Rule is deprecated. Please use `none_failed_min_one_success`.
[2024-04-09T16:49:48.668+0000] {processor.py:840} INFO - DAG(s) 'task_states_demo' retrieved from /opt/airflow/dags/task_states_demo.py
[2024-04-09T16:49:48.682+0000] {logging_mixin.py:188} INFO - [2024-04-09T16:49:48.682+0000] {dag.py:3047} INFO - Sync 1 DAGs
[2024-04-09T16:49:48.701+0000] {processor.py:183} INFO - Processing /opt/airflow/dags/task_states_demo.py took 0.047 seconds
[2024-04-09T16:50:18.805+0000] {processor.py:161} INFO - Started process (PID=1808) to work on /opt/airflow/dags/task_states_demo.py
[2024-04-09T16:50:18.806+0000] {processor.py:830} INFO - Processing file /opt/airflow/dags/task_states_demo.py for tasks to queue
[2024-04-09T16:50:18.808+0000] {logging_mixin.py:188} INFO - [2024-04-09T16:50:18.808+0000] {dagbag.py:540} INFO - Filling up the DagBag from /opt/airflow/dags/task_states_demo.py
[2024-04-09T16:50:18.822+0000] {logging_mixin.py:188} WARNING - /home/airflow/.local/lib/python3.8/site-packages/airflow/operators/bash.py:152 RemovedInAirflow3Warning: none_failed_or_skipped Trigger Rule is deprecated. Please use `none_failed_min_one_success`.
[2024-04-09T16:50:18.823+0000] {processor.py:840} INFO - DAG(s) 'task_states_demo' retrieved from /opt/airflow/dags/task_states_demo.py
[2024-04-09T16:50:18.835+0000] {logging_mixin.py:188} INFO - [2024-04-09T16:50:18.835+0000] {dag.py:3047} INFO - Sync 1 DAGs
[2024-04-09T16:50:18.852+0000] {processor.py:183} INFO - Processing /opt/airflow/dags/task_states_demo.py took 0.050 seconds
[2024-04-09T16:50:48.876+0000] {processor.py:161} INFO - Started process (PID=1865) to work on /opt/airflow/dags/task_states_demo.py
[2024-04-09T16:50:48.876+0000] {processor.py:830} INFO - Processing file /opt/airflow/dags/task_states_demo.py for tasks to queue
[2024-04-09T16:50:48.878+0000] {logging_mixin.py:188} INFO - [2024-04-09T16:50:48.878+0000] {dagbag.py:540} INFO - Filling up the DagBag from /opt/airflow/dags/task_states_demo.py
[2024-04-09T16:50:48.886+0000] {logging_mixin.py:188} WARNING - /home/airflow/.local/lib/python3.8/site-packages/airflow/operators/bash.py:152 RemovedInAirflow3Warning: none_failed_or_skipped Trigger Rule is deprecated. Please use `none_failed_min_one_success`.
[2024-04-09T16:50:48.887+0000] {processor.py:840} INFO - DAG(s) 'task_states_demo' retrieved from /opt/airflow/dags/task_states_demo.py
[2024-04-09T16:50:48.897+0000] {logging_mixin.py:188} INFO - [2024-04-09T16:50:48.897+0000] {dag.py:3047} INFO - Sync 1 DAGs
[2024-04-09T16:50:48.915+0000] {processor.py:183} INFO - Processing /opt/airflow/dags/task_states_demo.py took 0.042 seconds
[2024-04-09T16:51:19.429+0000] {processor.py:161} INFO - Started process (PID=1923) to work on /opt/airflow/dags/task_states_demo.py
[2024-04-09T16:51:19.434+0000] {processor.py:830} INFO - Processing file /opt/airflow/dags/task_states_demo.py for tasks to queue
[2024-04-09T16:51:19.436+0000] {logging_mixin.py:188} INFO - [2024-04-09T16:51:19.436+0000] {dagbag.py:540} INFO - Filling up the DagBag from /opt/airflow/dags/task_states_demo.py
[2024-04-09T16:51:19.451+0000] {logging_mixin.py:188} WARNING - /home/airflow/.local/lib/python3.8/site-packages/airflow/operators/bash.py:152 RemovedInAirflow3Warning: none_failed_or_skipped Trigger Rule is deprecated. Please use `none_failed_min_one_success`.
[2024-04-09T16:51:19.451+0000] {processor.py:840} INFO - DAG(s) 'task_states_demo' retrieved from /opt/airflow/dags/task_states_demo.py
[2024-04-09T16:51:19.463+0000] {logging_mixin.py:188} INFO - [2024-04-09T16:51:19.463+0000] {dag.py:3047} INFO - Sync 1 DAGs
[2024-04-09T16:51:19.482+0000] {processor.py:183} INFO - Processing /opt/airflow/dags/task_states_demo.py took 0.058 seconds
[2024-04-09T16:51:49.527+0000] {processor.py:161} INFO - Started process (PID=1982) to work on /opt/airflow/dags/task_states_demo.py
[2024-04-09T16:51:49.527+0000] {processor.py:830} INFO - Processing file /opt/airflow/dags/task_states_demo.py for tasks to queue
[2024-04-09T16:51:49.528+0000] {logging_mixin.py:188} INFO - [2024-04-09T16:51:49.528+0000] {dagbag.py:540} INFO - Filling up the DagBag from /opt/airflow/dags/task_states_demo.py
[2024-04-09T16:51:49.534+0000] {logging_mixin.py:188} WARNING - /home/airflow/.local/lib/python3.8/site-packages/airflow/operators/bash.py:152 RemovedInAirflow3Warning: none_failed_or_skipped Trigger Rule is deprecated. Please use `none_failed_min_one_success`.
[2024-04-09T16:51:49.535+0000] {processor.py:840} INFO - DAG(s) 'task_states_demo' retrieved from /opt/airflow/dags/task_states_demo.py
[2024-04-09T16:51:49.544+0000] {logging_mixin.py:188} INFO - [2024-04-09T16:51:49.544+0000] {dag.py:3047} INFO - Sync 1 DAGs
[2024-04-09T16:51:49.561+0000] {processor.py:183} INFO - Processing /opt/airflow/dags/task_states_demo.py took 0.036 seconds
[2024-04-09T16:52:20.499+0000] {processor.py:161} INFO - Started process (PID=2043) to work on /opt/airflow/dags/task_states_demo.py
[2024-04-09T16:52:20.500+0000] {processor.py:830} INFO - Processing file /opt/airflow/dags/task_states_demo.py for tasks to queue
[2024-04-09T16:52:20.505+0000] {logging_mixin.py:188} INFO - [2024-04-09T16:52:20.504+0000] {dagbag.py:540} INFO - Filling up the DagBag from /opt/airflow/dags/task_states_demo.py
[2024-04-09T16:52:20.537+0000] {logging_mixin.py:188} WARNING - /home/airflow/.local/lib/python3.8/site-packages/airflow/operators/bash.py:152 RemovedInAirflow3Warning: none_failed_or_skipped Trigger Rule is deprecated. Please use `none_failed_min_one_success`.
[2024-04-09T16:52:20.539+0000] {processor.py:840} INFO - DAG(s) 'task_states_demo' retrieved from /opt/airflow/dags/task_states_demo.py
[2024-04-09T16:52:20.561+0000] {logging_mixin.py:188} INFO - [2024-04-09T16:52:20.560+0000] {dag.py:3047} INFO - Sync 1 DAGs
[2024-04-09T16:52:20.581+0000] {processor.py:183} INFO - Processing /opt/airflow/dags/task_states_demo.py took 0.088 seconds
[2024-04-09T16:52:50.840+0000] {processor.py:161} INFO - Started process (PID=2118) to work on /opt/airflow/dags/task_states_demo.py
[2024-04-09T16:52:50.842+0000] {processor.py:830} INFO - Processing file /opt/airflow/dags/task_states_demo.py for tasks to queue
[2024-04-09T16:52:50.845+0000] {logging_mixin.py:188} INFO - [2024-04-09T16:52:50.845+0000] {dagbag.py:540} INFO - Filling up the DagBag from /opt/airflow/dags/task_states_demo.py
[2024-04-09T16:52:50.862+0000] {logging_mixin.py:188} WARNING - /home/airflow/.local/lib/python3.8/site-packages/airflow/operators/bash.py:152 RemovedInAirflow3Warning: none_failed_or_skipped Trigger Rule is deprecated. Please use `none_failed_min_one_success`.
[2024-04-09T16:52:50.863+0000] {processor.py:840} INFO - DAG(s) 'task_states_demo' retrieved from /opt/airflow/dags/task_states_demo.py
[2024-04-09T16:52:50.878+0000] {logging_mixin.py:188} INFO - [2024-04-09T16:52:50.878+0000] {dag.py:3047} INFO - Sync 1 DAGs
[2024-04-09T16:52:50.902+0000] {processor.py:183} INFO - Processing /opt/airflow/dags/task_states_demo.py took 0.067 seconds
[2024-04-09T16:53:21.256+0000] {processor.py:161} INFO - Started process (PID=2202) to work on /opt/airflow/dags/task_states_demo.py
[2024-04-09T16:53:21.259+0000] {processor.py:830} INFO - Processing file /opt/airflow/dags/task_states_demo.py for tasks to queue
[2024-04-09T16:53:21.260+0000] {logging_mixin.py:188} INFO - [2024-04-09T16:53:21.260+0000] {dagbag.py:540} INFO - Filling up the DagBag from /opt/airflow/dags/task_states_demo.py
[2024-04-09T16:53:21.283+0000] {logging_mixin.py:188} WARNING - /home/airflow/.local/lib/python3.8/site-packages/airflow/operators/bash.py:152 RemovedInAirflow3Warning: none_failed_or_skipped Trigger Rule is deprecated. Please use `none_failed_min_one_success`.
[2024-04-09T16:53:21.289+0000] {processor.py:840} INFO - DAG(s) 'task_states_demo' retrieved from /opt/airflow/dags/task_states_demo.py
[2024-04-09T16:53:21.329+0000] {logging_mixin.py:188} INFO - [2024-04-09T16:53:21.329+0000] {dag.py:3047} INFO - Sync 1 DAGs
[2024-04-09T16:53:21.404+0000] {processor.py:183} INFO - Processing /opt/airflow/dags/task_states_demo.py took 0.152 seconds
[2024-04-09T16:53:52.171+0000] {processor.py:161} INFO - Started process (PID=2272) to work on /opt/airflow/dags/task_states_demo.py
[2024-04-09T16:53:52.180+0000] {processor.py:830} INFO - Processing file /opt/airflow/dags/task_states_demo.py for tasks to queue
[2024-04-09T16:53:52.203+0000] {logging_mixin.py:188} INFO - [2024-04-09T16:53:52.201+0000] {dagbag.py:540} INFO - Filling up the DagBag from /opt/airflow/dags/task_states_demo.py
[2024-04-09T16:53:52.275+0000] {logging_mixin.py:188} WARNING - /home/airflow/.local/lib/python3.8/site-packages/airflow/operators/bash.py:152 RemovedInAirflow3Warning: none_failed_or_skipped Trigger Rule is deprecated. Please use `none_failed_min_one_success`.
[2024-04-09T16:53:52.277+0000] {processor.py:840} INFO - DAG(s) 'task_states_demo' retrieved from /opt/airflow/dags/task_states_demo.py
[2024-04-09T16:53:52.337+0000] {logging_mixin.py:188} INFO - [2024-04-09T16:53:52.336+0000] {dag.py:3047} INFO - Sync 1 DAGs
[2024-04-09T16:53:52.508+0000] {processor.py:183} INFO - Processing /opt/airflow/dags/task_states_demo.py took 0.363 seconds
[2024-04-09T16:54:24.237+0000] {processor.py:161} INFO - Started process (PID=2342) to work on /opt/airflow/dags/task_states_demo.py
[2024-04-09T16:54:24.249+0000] {processor.py:830} INFO - Processing file /opt/airflow/dags/task_states_demo.py for tasks to queue
[2024-04-09T16:54:24.267+0000] {logging_mixin.py:188} INFO - [2024-04-09T16:54:24.267+0000] {dagbag.py:540} INFO - Filling up the DagBag from /opt/airflow/dags/task_states_demo.py
[2024-04-09T16:54:24.391+0000] {logging_mixin.py:188} WARNING - /home/airflow/.local/lib/python3.8/site-packages/airflow/operators/bash.py:152 RemovedInAirflow3Warning: none_failed_or_skipped Trigger Rule is deprecated. Please use `none_failed_min_one_success`.
[2024-04-09T16:54:24.393+0000] {processor.py:840} INFO - DAG(s) 'task_states_demo' retrieved from /opt/airflow/dags/task_states_demo.py
[2024-04-09T16:54:24.472+0000] {logging_mixin.py:188} INFO - [2024-04-09T16:54:24.471+0000] {dag.py:3047} INFO - Sync 1 DAGs
[2024-04-09T16:54:24.620+0000] {processor.py:183} INFO - Processing /opt/airflow/dags/task_states_demo.py took 0.427 seconds
